2020-07-17 06:55:00,330 - root - INFO - Hey I am loading net for you!
2020-07-17 06:55:02,159 - root - INFO - Setting hyper-parameters!
2020-07-17 06:55:02,160 - root - INFO - Starting training...
2020-07-17 06:55:02,312 - root - INFO - | Epoch: 001/100 | Train Time: 0.152s | Train Loss: 0.458025 |
2020-07-17 06:55:02,470 - root - INFO - | Epoch: 002/100 | Train Time: 0.157s | Train Loss: 0.449852 |
2020-07-17 06:55:02,626 - root - INFO - | Epoch: 003/100 | Train Time: 0.156s | Train Loss: 0.441799 |
2020-07-17 06:55:02,782 - root - INFO - | Epoch: 004/100 | Train Time: 0.156s | Train Loss: 0.433676 |
2020-07-17 06:55:02,942 - root - INFO - | Epoch: 005/100 | Train Time: 0.160s | Train Loss: 0.425494 |
2020-07-17 06:55:03,101 - root - INFO - | Epoch: 006/100 | Train Time: 0.159s | Train Loss: 0.417247 |
2020-07-17 06:55:03,260 - root - INFO - | Epoch: 007/100 | Train Time: 0.158s | Train Loss: 0.408571 |
2020-07-17 06:55:03,421 - root - INFO - | Epoch: 008/100 | Train Time: 0.161s | Train Loss: 0.400343 |
2020-07-17 06:55:03,580 - root - INFO - | Epoch: 009/100 | Train Time: 0.159s | Train Loss: 0.391573 |
2020-07-17 06:55:03,740 - root - INFO - | Epoch: 010/100 | Train Time: 0.160s | Train Loss: 0.382985 |
2020-07-17 06:55:03,901 - root - INFO - | Epoch: 011/100 | Train Time: 0.161s | Train Loss: 0.374688 |
2020-07-17 06:55:04,061 - root - INFO - | Epoch: 012/100 | Train Time: 0.160s | Train Loss: 0.365303 |
2020-07-17 06:55:04,220 - root - INFO - | Epoch: 013/100 | Train Time: 0.159s | Train Loss: 0.356801 |
2020-07-17 06:55:04,364 - root - INFO - | Epoch: 014/100 | Train Time: 0.144s | Train Loss: 0.347838 |
2020-07-17 06:55:04,482 - root - INFO - | Epoch: 015/100 | Train Time: 0.118s | Train Loss: 0.339254 |
2020-07-17 06:55:04,600 - root - INFO - | Epoch: 016/100 | Train Time: 0.117s | Train Loss: 0.330323 |
2020-07-17 06:55:04,717 - root - INFO - | Epoch: 017/100 | Train Time: 0.117s | Train Loss: 0.321418 |
2020-07-17 06:55:04,835 - root - INFO - | Epoch: 018/100 | Train Time: 0.118s | Train Loss: 0.312650 |
2020-07-17 06:55:04,952 - root - INFO - | Epoch: 019/100 | Train Time: 0.118s | Train Loss: 0.303961 |
2020-07-17 06:55:05,070 - root - INFO - | Epoch: 020/100 | Train Time: 0.118s | Train Loss: 0.295143 |
2020-07-17 06:55:05,188 - root - INFO - | Epoch: 021/100 | Train Time: 0.118s | Train Loss: 0.286473 |
2020-07-17 06:55:05,305 - root - INFO - | Epoch: 022/100 | Train Time: 0.117s | Train Loss: 0.278141 |
2020-07-17 06:55:05,420 - root - INFO - | Epoch: 023/100 | Train Time: 0.115s | Train Loss: 0.269508 |
2020-07-17 06:55:05,528 - root - INFO - | Epoch: 024/100 | Train Time: 0.108s | Train Loss: 0.261002 |
2020-07-17 06:55:05,636 - root - INFO - | Epoch: 025/100 | Train Time: 0.108s | Train Loss: 0.252800 |
2020-07-17 06:55:05,744 - root - INFO - | Epoch: 026/100 | Train Time: 0.108s | Train Loss: 0.244648 |
2020-07-17 06:55:05,853 - root - INFO - | Epoch: 027/100 | Train Time: 0.109s | Train Loss: 0.236612 |
2020-07-17 06:55:05,962 - root - INFO - | Epoch: 028/100 | Train Time: 0.109s | Train Loss: 0.228657 |
2020-07-17 06:55:06,070 - root - INFO - | Epoch: 029/100 | Train Time: 0.108s | Train Loss: 0.221179 |
2020-07-17 06:55:06,178 - root - INFO - | Epoch: 030/100 | Train Time: 0.108s | Train Loss: 0.213589 |
2020-07-17 06:55:06,287 - root - INFO - | Epoch: 031/100 | Train Time: 0.109s | Train Loss: 0.206254 |
2020-07-17 06:55:06,396 - root - INFO - | Epoch: 032/100 | Train Time: 0.109s | Train Loss: 0.198870 |
2020-07-17 06:55:06,505 - root - INFO - | Epoch: 033/100 | Train Time: 0.109s | Train Loss: 0.192098 |
2020-07-17 06:55:06,613 - root - INFO - | Epoch: 034/100 | Train Time: 0.108s | Train Loss: 0.185466 |
2020-07-17 06:55:06,722 - root - INFO - | Epoch: 035/100 | Train Time: 0.108s | Train Loss: 0.178641 |
2020-07-17 06:55:06,831 - root - INFO - | Epoch: 036/100 | Train Time: 0.109s | Train Loss: 0.172085 |
2020-07-17 06:55:06,939 - root - INFO - | Epoch: 037/100 | Train Time: 0.108s | Train Loss: 0.166184 |
2020-07-17 06:55:07,047 - root - INFO - | Epoch: 038/100 | Train Time: 0.108s | Train Loss: 0.160043 |
2020-07-17 06:55:07,155 - root - INFO - | Epoch: 039/100 | Train Time: 0.108s | Train Loss: 0.154287 |
2020-07-17 06:55:07,263 - root - INFO - | Epoch: 040/100 | Train Time: 0.108s | Train Loss: 0.148521 |
2020-07-17 06:55:07,371 - root - INFO - | Epoch: 041/100 | Train Time: 0.108s | Train Loss: 0.143069 |
2020-07-17 06:55:07,479 - root - INFO - | Epoch: 042/100 | Train Time: 0.108s | Train Loss: 0.137917 |
2020-07-17 06:55:07,587 - root - INFO - | Epoch: 043/100 | Train Time: 0.108s | Train Loss: 0.132954 |
2020-07-17 06:55:07,695 - root - INFO - | Epoch: 044/100 | Train Time: 0.108s | Train Loss: 0.128225 |
2020-07-17 06:55:07,803 - root - INFO - | Epoch: 045/100 | Train Time: 0.108s | Train Loss: 0.123391 |
2020-07-17 06:55:07,911 - root - INFO - | Epoch: 046/100 | Train Time: 0.108s | Train Loss: 0.118938 |
2020-07-17 06:55:08,020 - root - INFO - | Epoch: 047/100 | Train Time: 0.109s | Train Loss: 0.114572 |
2020-07-17 06:55:08,128 - root - INFO - | Epoch: 048/100 | Train Time: 0.108s | Train Loss: 0.110472 |
2020-07-17 06:55:08,236 - root - INFO - | Epoch: 049/100 | Train Time: 0.108s | Train Loss: 0.106505 |
2020-07-17 06:55:08,344 - root - INFO - | Epoch: 050/100 | Train Time: 0.108s | Train Loss: 0.102415 |
2020-07-17 06:55:08,344 - root - INFO -   LR scheduler: new learning rate is 1e-06
2020-07-17 06:55:08,452 - root - INFO - | Epoch: 051/100 | Train Time: 0.108s | Train Loss: 0.100275 |
2020-07-17 06:55:08,560 - root - INFO - | Epoch: 052/100 | Train Time: 0.108s | Train Loss: 0.099957 |
2020-07-17 06:55:08,668 - root - INFO - | Epoch: 053/100 | Train Time: 0.108s | Train Loss: 0.099591 |
2020-07-17 06:55:08,776 - root - INFO - | Epoch: 054/100 | Train Time: 0.108s | Train Loss: 0.099209 |
2020-07-17 06:55:08,884 - root - INFO - | Epoch: 055/100 | Train Time: 0.108s | Train Loss: 0.098828 |
2020-07-17 06:55:08,992 - root - INFO - | Epoch: 056/100 | Train Time: 0.108s | Train Loss: 0.098459 |
2020-07-17 06:55:09,099 - root - INFO - | Epoch: 057/100 | Train Time: 0.108s | Train Loss: 0.098145 |
2020-07-17 06:55:09,208 - root - INFO - | Epoch: 058/100 | Train Time: 0.109s | Train Loss: 0.097604 |
2020-07-17 06:55:09,317 - root - INFO - | Epoch: 059/100 | Train Time: 0.109s | Train Loss: 0.097339 |
2020-07-17 06:55:09,425 - root - INFO - | Epoch: 060/100 | Train Time: 0.108s | Train Loss: 0.096947 |
2020-07-17 06:55:09,533 - root - INFO - | Epoch: 061/100 | Train Time: 0.108s | Train Loss: 0.096549 |
2020-07-17 06:55:09,642 - root - INFO - | Epoch: 062/100 | Train Time: 0.108s | Train Loss: 0.096035 |
2020-07-17 06:55:09,750 - root - INFO - | Epoch: 063/100 | Train Time: 0.108s | Train Loss: 0.095820 |
2020-07-17 06:55:09,858 - root - INFO - | Epoch: 064/100 | Train Time: 0.108s | Train Loss: 0.095265 |
2020-07-17 06:55:09,968 - root - INFO - | Epoch: 065/100 | Train Time: 0.109s | Train Loss: 0.095060 |
2020-07-17 06:55:10,076 - root - INFO - | Epoch: 066/100 | Train Time: 0.109s | Train Loss: 0.094591 |
2020-07-17 06:55:10,184 - root - INFO - | Epoch: 067/100 | Train Time: 0.108s | Train Loss: 0.094272 |
2020-07-17 06:55:10,292 - root - INFO - | Epoch: 068/100 | Train Time: 0.108s | Train Loss: 0.094018 |
2020-07-17 06:55:10,400 - root - INFO - | Epoch: 069/100 | Train Time: 0.108s | Train Loss: 0.093407 |
2020-07-17 06:55:10,508 - root - INFO - | Epoch: 070/100 | Train Time: 0.107s | Train Loss: 0.093207 |
2020-07-17 06:55:10,616 - root - INFO - | Epoch: 071/100 | Train Time: 0.108s | Train Loss: 0.092802 |
2020-07-17 06:55:10,724 - root - INFO - | Epoch: 072/100 | Train Time: 0.108s | Train Loss: 0.092506 |
2020-07-17 06:55:10,832 - root - INFO - | Epoch: 073/100 | Train Time: 0.108s | Train Loss: 0.092020 |
2020-07-17 06:55:10,939 - root - INFO - | Epoch: 074/100 | Train Time: 0.108s | Train Loss: 0.091683 |
2020-07-17 06:55:11,048 - root - INFO - | Epoch: 075/100 | Train Time: 0.108s | Train Loss: 0.091202 |
2020-07-17 06:55:11,156 - root - INFO - | Epoch: 076/100 | Train Time: 0.109s | Train Loss: 0.090948 |
2020-07-17 06:55:11,265 - root - INFO - | Epoch: 077/100 | Train Time: 0.108s | Train Loss: 0.090533 |
2020-07-17 06:55:11,373 - root - INFO - | Epoch: 078/100 | Train Time: 0.108s | Train Loss: 0.090198 |
2020-07-17 06:55:11,480 - root - INFO - | Epoch: 079/100 | Train Time: 0.108s | Train Loss: 0.089910 |
2020-07-17 06:55:11,588 - root - INFO - | Epoch: 080/100 | Train Time: 0.108s | Train Loss: 0.089420 |
2020-07-17 06:55:11,696 - root - INFO - | Epoch: 081/100 | Train Time: 0.108s | Train Loss: 0.089167 |
2020-07-17 06:55:11,805 - root - INFO - | Epoch: 082/100 | Train Time: 0.109s | Train Loss: 0.088875 |
2020-07-17 06:55:11,913 - root - INFO - | Epoch: 083/100 | Train Time: 0.108s | Train Loss: 0.088497 |
2020-07-17 06:55:12,021 - root - INFO - | Epoch: 084/100 | Train Time: 0.108s | Train Loss: 0.088000 |
2020-07-17 06:55:12,129 - root - INFO - | Epoch: 085/100 | Train Time: 0.108s | Train Loss: 0.087719 |
2020-07-17 06:55:12,238 - root - INFO - | Epoch: 086/100 | Train Time: 0.108s | Train Loss: 0.087232 |
2020-07-17 06:55:12,346 - root - INFO - | Epoch: 087/100 | Train Time: 0.108s | Train Loss: 0.087063 |
2020-07-17 06:55:12,454 - root - INFO - | Epoch: 088/100 | Train Time: 0.108s | Train Loss: 0.086589 |
2020-07-17 06:55:12,562 - root - INFO - | Epoch: 089/100 | Train Time: 0.109s | Train Loss: 0.086281 |
2020-07-17 06:55:12,672 - root - INFO - | Epoch: 090/100 | Train Time: 0.109s | Train Loss: 0.085892 |
2020-07-17 06:55:12,781 - root - INFO - | Epoch: 091/100 | Train Time: 0.109s | Train Loss: 0.085530 |
2020-07-17 06:55:12,889 - root - INFO - | Epoch: 092/100 | Train Time: 0.109s | Train Loss: 0.085117 |
2020-07-17 06:55:12,998 - root - INFO - | Epoch: 093/100 | Train Time: 0.109s | Train Loss: 0.084796 |
2020-07-17 06:55:13,106 - root - INFO - | Epoch: 094/100 | Train Time: 0.108s | Train Loss: 0.084486 |
2020-07-17 06:55:13,214 - root - INFO - | Epoch: 095/100 | Train Time: 0.108s | Train Loss: 0.084088 |
2020-07-17 06:55:13,322 - root - INFO - | Epoch: 096/100 | Train Time: 0.108s | Train Loss: 0.083683 |
2020-07-17 06:55:13,430 - root - INFO - | Epoch: 097/100 | Train Time: 0.108s | Train Loss: 0.083411 |
2020-07-17 06:55:13,538 - root - INFO - | Epoch: 098/100 | Train Time: 0.108s | Train Loss: 0.083071 |
2020-07-17 06:55:13,646 - root - INFO - | Epoch: 099/100 | Train Time: 0.108s | Train Loss: 0.082772 |
2020-07-17 06:55:13,754 - root - INFO - | Epoch: 100/100 | Train Time: 0.108s | Train Loss: 0.082386 |
2020-07-17 06:55:13,754 - root - INFO - Training Time: 11.594s
2020-07-17 06:55:13,754 - root - INFO - Finished training.
2020-07-17 06:55:13,755 - root - INFO - Starting testing...
2020-07-17 06:55:13,767 - root - INFO - Test Time: 0.012s
2020-07-17 06:55:13,767 - root - INFO - Finished testing.
