2020-08-17 02:58:56,659 - root - INFO - I am pre-training for you.
2020-08-17 02:58:58,496 - root - INFO - | Epoch: 001/100 | Train Time: 0.043s | Train Loss: 1.021704 |
2020-08-17 02:58:58,539 - root - INFO - | Epoch: 002/100 | Train Time: 0.043s | Train Loss: 0.967324 |
2020-08-17 02:58:58,584 - root - INFO - | Epoch: 003/100 | Train Time: 0.045s | Train Loss: 0.929410 |
2020-08-17 02:58:58,630 - root - INFO - | Epoch: 004/100 | Train Time: 0.045s | Train Loss: 0.888066 |
2020-08-17 02:58:58,675 - root - INFO - | Epoch: 005/100 | Train Time: 0.046s | Train Loss: 0.854134 |
2020-08-17 02:58:58,722 - root - INFO - | Epoch: 006/100 | Train Time: 0.046s | Train Loss: 0.822049 |
2020-08-17 02:58:58,768 - root - INFO - | Epoch: 007/100 | Train Time: 0.046s | Train Loss: 0.799928 |
2020-08-17 02:58:58,814 - root - INFO - | Epoch: 008/100 | Train Time: 0.046s | Train Loss: 0.778213 |
2020-08-17 02:58:58,860 - root - INFO - | Epoch: 009/100 | Train Time: 0.046s | Train Loss: 0.760791 |
2020-08-17 02:58:58,908 - root - INFO - | Epoch: 010/100 | Train Time: 0.047s | Train Loss: 0.742431 |
2020-08-17 02:58:58,954 - root - INFO - | Epoch: 011/100 | Train Time: 0.046s | Train Loss: 0.726500 |
2020-08-17 02:58:59,001 - root - INFO - | Epoch: 012/100 | Train Time: 0.047s | Train Loss: 0.713273 |
2020-08-17 02:58:59,047 - root - INFO - | Epoch: 013/100 | Train Time: 0.046s | Train Loss: 0.701257 |
2020-08-17 02:58:59,093 - root - INFO - | Epoch: 014/100 | Train Time: 0.045s | Train Loss: 0.688132 |
2020-08-17 02:58:59,139 - root - INFO - | Epoch: 015/100 | Train Time: 0.046s | Train Loss: 0.680352 |
2020-08-17 02:58:59,186 - root - INFO - | Epoch: 016/100 | Train Time: 0.047s | Train Loss: 0.670637 |
2020-08-17 02:58:59,232 - root - INFO - | Epoch: 017/100 | Train Time: 0.046s | Train Loss: 0.662017 |
2020-08-17 02:58:59,278 - root - INFO - | Epoch: 018/100 | Train Time: 0.046s | Train Loss: 0.652317 |
2020-08-17 02:58:59,325 - root - INFO - | Epoch: 019/100 | Train Time: 0.046s | Train Loss: 0.644976 |
2020-08-17 02:58:59,371 - root - INFO - | Epoch: 020/100 | Train Time: 0.046s | Train Loss: 0.636720 |
2020-08-17 02:58:59,417 - root - INFO - | Epoch: 021/100 | Train Time: 0.046s | Train Loss: 0.632822 |
2020-08-17 02:58:59,463 - root - INFO - | Epoch: 022/100 | Train Time: 0.047s | Train Loss: 0.626625 |
2020-08-17 02:58:59,509 - root - INFO - | Epoch: 023/100 | Train Time: 0.046s | Train Loss: 0.621438 |
2020-08-17 02:58:59,554 - root - INFO - | Epoch: 024/100 | Train Time: 0.045s | Train Loss: 0.618230 |
2020-08-17 02:58:59,601 - root - INFO - | Epoch: 025/100 | Train Time: 0.047s | Train Loss: 0.614502 |
2020-08-17 02:58:59,647 - root - INFO - | Epoch: 026/100 | Train Time: 0.046s | Train Loss: 0.606865 |
2020-08-17 02:58:59,695 - root - INFO - | Epoch: 027/100 | Train Time: 0.047s | Train Loss: 0.605285 |
2020-08-17 02:58:59,740 - root - INFO - | Epoch: 028/100 | Train Time: 0.045s | Train Loss: 0.598881 |
2020-08-17 02:58:59,786 - root - INFO - | Epoch: 029/100 | Train Time: 0.046s | Train Loss: 0.600872 |
2020-08-17 02:58:59,833 - root - INFO - | Epoch: 030/100 | Train Time: 0.047s | Train Loss: 0.594365 |
2020-08-17 02:58:59,879 - root - INFO - | Epoch: 031/100 | Train Time: 0.046s | Train Loss: 0.591701 |
2020-08-17 02:58:59,928 - root - INFO - | Epoch: 032/100 | Train Time: 0.048s | Train Loss: 0.586315 |
2020-08-17 02:58:59,982 - root - INFO - | Epoch: 033/100 | Train Time: 0.054s | Train Loss: 0.576477 |
2020-08-17 02:59:00,030 - root - INFO - | Epoch: 034/100 | Train Time: 0.048s | Train Loss: 0.579598 |
2020-08-17 02:59:00,077 - root - INFO - | Epoch: 035/100 | Train Time: 0.047s | Train Loss: 0.575774 |
2020-08-17 02:59:00,125 - root - INFO - | Epoch: 036/100 | Train Time: 0.047s | Train Loss: 0.574040 |
2020-08-17 02:59:00,173 - root - INFO - | Epoch: 037/100 | Train Time: 0.048s | Train Loss: 0.571036 |
2020-08-17 02:59:00,221 - root - INFO - | Epoch: 038/100 | Train Time: 0.047s | Train Loss: 0.564223 |
2020-08-17 02:59:00,268 - root - INFO - | Epoch: 039/100 | Train Time: 0.047s | Train Loss: 0.558872 |
2020-08-17 02:59:00,314 - root - INFO - | Epoch: 040/100 | Train Time: 0.046s | Train Loss: 0.558920 |
2020-08-17 02:59:00,361 - root - INFO - | Epoch: 041/100 | Train Time: 0.047s | Train Loss: 0.558647 |
2020-08-17 02:59:00,409 - root - INFO - | Epoch: 042/100 | Train Time: 0.047s | Train Loss: 0.557224 |
2020-08-17 02:59:00,456 - root - INFO - | Epoch: 043/100 | Train Time: 0.047s | Train Loss: 0.553187 |
2020-08-17 02:59:00,503 - root - INFO - | Epoch: 044/100 | Train Time: 0.047s | Train Loss: 0.554458 |
2020-08-17 02:59:00,551 - root - INFO - | Epoch: 045/100 | Train Time: 0.048s | Train Loss: 0.549130 |
2020-08-17 02:59:00,598 - root - INFO - | Epoch: 046/100 | Train Time: 0.047s | Train Loss: 0.546256 |
2020-08-17 02:59:00,646 - root - INFO - | Epoch: 047/100 | Train Time: 0.047s | Train Loss: 0.545536 |
2020-08-17 02:59:00,693 - root - INFO - | Epoch: 048/100 | Train Time: 0.047s | Train Loss: 0.543274 |
2020-08-17 02:59:00,741 - root - INFO - | Epoch: 049/100 | Train Time: 0.048s | Train Loss: 0.539901 |
2020-08-17 02:59:00,789 - root - INFO - | Epoch: 050/100 | Train Time: 0.047s | Train Loss: 0.541371 |
2020-08-17 02:59:00,789 - root - INFO -   LR scheduler: new learning rate is 0.0001
2020-08-17 02:59:00,836 - root - INFO - | Epoch: 051/100 | Train Time: 0.047s | Train Loss: 0.541279 |
2020-08-17 02:59:00,883 - root - INFO - | Epoch: 052/100 | Train Time: 0.047s | Train Loss: 0.543061 |
2020-08-17 02:59:00,930 - root - INFO - | Epoch: 053/100 | Train Time: 0.047s | Train Loss: 0.542480 |
2020-08-17 02:59:00,985 - root - INFO - | Epoch: 054/100 | Train Time: 0.055s | Train Loss: 0.540557 |
2020-08-17 02:59:01,032 - root - INFO - | Epoch: 055/100 | Train Time: 0.047s | Train Loss: 0.540397 |
2020-08-17 02:59:01,079 - root - INFO - | Epoch: 056/100 | Train Time: 0.047s | Train Loss: 0.537941 |
2020-08-17 02:59:01,126 - root - INFO - | Epoch: 057/100 | Train Time: 0.047s | Train Loss: 0.541265 |
2020-08-17 02:59:01,172 - root - INFO - | Epoch: 058/100 | Train Time: 0.045s | Train Loss: 0.539521 |
2020-08-17 02:59:01,219 - root - INFO - | Epoch: 059/100 | Train Time: 0.047s | Train Loss: 0.542249 |
2020-08-17 02:59:01,267 - root - INFO - | Epoch: 060/100 | Train Time: 0.049s | Train Loss: 0.539753 |
2020-08-17 02:59:01,314 - root - INFO - | Epoch: 061/100 | Train Time: 0.046s | Train Loss: 0.539461 |
2020-08-17 02:59:01,362 - root - INFO - | Epoch: 062/100 | Train Time: 0.048s | Train Loss: 0.538783 |
2020-08-17 02:59:01,409 - root - INFO - | Epoch: 063/100 | Train Time: 0.047s | Train Loss: 0.540243 |
2020-08-17 02:59:01,457 - root - INFO - | Epoch: 064/100 | Train Time: 0.047s | Train Loss: 0.542484 |
2020-08-17 02:59:01,503 - root - INFO - | Epoch: 065/100 | Train Time: 0.047s | Train Loss: 0.539124 |
2020-08-17 02:59:01,551 - root - INFO - | Epoch: 066/100 | Train Time: 0.047s | Train Loss: 0.536892 |
2020-08-17 02:59:01,599 - root - INFO - | Epoch: 067/100 | Train Time: 0.048s | Train Loss: 0.540194 |
2020-08-17 02:59:01,646 - root - INFO - | Epoch: 068/100 | Train Time: 0.047s | Train Loss: 0.536009 |
2020-08-17 02:59:01,689 - root - INFO - | Epoch: 069/100 | Train Time: 0.043s | Train Loss: 0.535658 |
2020-08-17 02:59:01,736 - root - INFO - | Epoch: 070/100 | Train Time: 0.047s | Train Loss: 0.537701 |
2020-08-17 02:59:01,784 - root - INFO - | Epoch: 071/100 | Train Time: 0.047s | Train Loss: 0.536716 |
2020-08-17 02:59:01,831 - root - INFO - | Epoch: 072/100 | Train Time: 0.047s | Train Loss: 0.532012 |
2020-08-17 02:59:01,878 - root - INFO - | Epoch: 073/100 | Train Time: 0.047s | Train Loss: 0.537769 |
2020-08-17 02:59:01,925 - root - INFO - | Epoch: 074/100 | Train Time: 0.047s | Train Loss: 0.538679 |
2020-08-17 02:59:01,973 - root - INFO - | Epoch: 075/100 | Train Time: 0.047s | Train Loss: 0.534292 |
2020-08-17 02:59:02,019 - root - INFO - | Epoch: 076/100 | Train Time: 0.046s | Train Loss: 0.534447 |
2020-08-17 02:59:02,066 - root - INFO - | Epoch: 077/100 | Train Time: 0.047s | Train Loss: 0.538941 |
2020-08-17 02:59:02,115 - root - INFO - | Epoch: 078/100 | Train Time: 0.048s | Train Loss: 0.537702 |
2020-08-17 02:59:02,159 - root - INFO - | Epoch: 079/100 | Train Time: 0.044s | Train Loss: 0.538862 |
2020-08-17 02:59:02,204 - root - INFO - | Epoch: 080/100 | Train Time: 0.045s | Train Loss: 0.536142 |
2020-08-17 02:59:02,250 - root - INFO - | Epoch: 081/100 | Train Time: 0.046s | Train Loss: 0.538085 |
2020-08-17 02:59:02,296 - root - INFO - | Epoch: 082/100 | Train Time: 0.046s | Train Loss: 0.532628 |
2020-08-17 02:59:02,343 - root - INFO - | Epoch: 083/100 | Train Time: 0.047s | Train Loss: 0.535191 |
2020-08-17 02:59:02,390 - root - INFO - | Epoch: 084/100 | Train Time: 0.047s | Train Loss: 0.536384 |
2020-08-17 02:59:02,437 - root - INFO - | Epoch: 085/100 | Train Time: 0.047s | Train Loss: 0.533269 |
2020-08-17 02:59:02,484 - root - INFO - | Epoch: 086/100 | Train Time: 0.046s | Train Loss: 0.536847 |
2020-08-17 02:59:02,530 - root - INFO - | Epoch: 087/100 | Train Time: 0.046s | Train Loss: 0.534946 |
2020-08-17 02:59:02,576 - root - INFO - | Epoch: 088/100 | Train Time: 0.046s | Train Loss: 0.534841 |
2020-08-17 02:59:02,623 - root - INFO - | Epoch: 089/100 | Train Time: 0.047s | Train Loss: 0.534899 |
2020-08-17 02:59:02,668 - root - INFO - | Epoch: 090/100 | Train Time: 0.044s | Train Loss: 0.533795 |
2020-08-17 02:59:02,714 - root - INFO - | Epoch: 091/100 | Train Time: 0.046s | Train Loss: 0.530309 |
2020-08-17 02:59:02,762 - root - INFO - | Epoch: 092/100 | Train Time: 0.048s | Train Loss: 0.532168 |
2020-08-17 02:59:02,810 - root - INFO - | Epoch: 093/100 | Train Time: 0.048s | Train Loss: 0.534079 |
2020-08-17 02:59:02,857 - root - INFO - | Epoch: 094/100 | Train Time: 0.047s | Train Loss: 0.534292 |
2020-08-17 02:59:02,903 - root - INFO - | Epoch: 095/100 | Train Time: 0.046s | Train Loss: 0.532406 |
2020-08-17 02:59:02,950 - root - INFO - | Epoch: 096/100 | Train Time: 0.047s | Train Loss: 0.534274 |
2020-08-17 02:59:02,997 - root - INFO - | Epoch: 097/100 | Train Time: 0.046s | Train Loss: 0.535119 |
2020-08-17 02:59:03,045 - root - INFO - | Epoch: 098/100 | Train Time: 0.048s | Train Loss: 0.534425 |
2020-08-17 02:59:03,091 - root - INFO - | Epoch: 099/100 | Train Time: 0.046s | Train Loss: 0.532948 |
2020-08-17 02:59:03,143 - root - INFO - | Epoch: 100/100 | Train Time: 0.052s | Train Loss: 0.533759 |
2020-08-17 02:59:03,143 - root - INFO - Pretraining Time: 4.691s
2020-08-17 02:59:03,143 - root - INFO - Finished pretraining.
2020-08-17 02:59:03,143 - root - INFO - Testing autoencoder...
2020-08-17 02:59:03,149 - root - INFO - Test Loss: 0.585289
2020-08-17 02:59:03,149 - root - INFO - Test Time: 0.005s
2020-08-17 02:59:03,149 - root - INFO - Finished testing autoencoder.
2020-08-17 02:59:03,152 - root - INFO - Hey I am loading net for you!
2020-08-17 02:59:03,152 - root - INFO - Setting hyper-parameters!
2020-08-17 02:59:03,152 - root - INFO - Initializing center c...
2020-08-17 02:59:03,165 - root - INFO - Center c initialized.
2020-08-17 02:59:03,166 - root - INFO - Starting training...
2020-08-17 02:59:03,197 - root - INFO - | Epoch: 001/500 | Train Time: 0.031s | Train Loss: 1.189456 |
2020-08-17 02:59:03,229 - root - INFO - | Epoch: 002/500 | Train Time: 0.032s | Train Loss: 1.128665 |
2020-08-17 02:59:03,262 - root - INFO - | Epoch: 003/500 | Train Time: 0.033s | Train Loss: 1.070645 |
2020-08-17 02:59:03,296 - root - INFO - | Epoch: 004/500 | Train Time: 0.033s | Train Loss: 1.012991 |
2020-08-17 02:59:03,329 - root - INFO - | Epoch: 005/500 | Train Time: 0.034s | Train Loss: 0.962436 |
2020-08-17 02:59:03,363 - root - INFO - | Epoch: 006/500 | Train Time: 0.034s | Train Loss: 0.911536 |
2020-08-17 02:59:03,396 - root - INFO - | Epoch: 007/500 | Train Time: 0.033s | Train Loss: 0.869079 |
2020-08-17 02:59:03,430 - root - INFO - | Epoch: 008/500 | Train Time: 0.034s | Train Loss: 0.821066 |
2020-08-17 02:59:03,463 - root - INFO - | Epoch: 009/500 | Train Time: 0.033s | Train Loss: 0.780747 |
2020-08-17 02:59:03,497 - root - INFO - | Epoch: 010/500 | Train Time: 0.034s | Train Loss: 0.739707 |
2020-08-17 02:59:03,531 - root - INFO - | Epoch: 011/500 | Train Time: 0.034s | Train Loss: 0.706482 |
2020-08-17 02:59:03,565 - root - INFO - | Epoch: 012/500 | Train Time: 0.034s | Train Loss: 0.666431 |
2020-08-17 02:59:03,599 - root - INFO - | Epoch: 013/500 | Train Time: 0.034s | Train Loss: 0.635998 |
2020-08-17 02:59:03,632 - root - INFO - | Epoch: 014/500 | Train Time: 0.033s | Train Loss: 0.604881 |
2020-08-17 02:59:03,662 - root - INFO - | Epoch: 015/500 | Train Time: 0.030s | Train Loss: 0.580736 |
2020-08-17 02:59:03,694 - root - INFO - | Epoch: 016/500 | Train Time: 0.031s | Train Loss: 0.553089 |
2020-08-17 02:59:03,727 - root - INFO - | Epoch: 017/500 | Train Time: 0.033s | Train Loss: 0.524815 |
2020-08-17 02:59:03,761 - root - INFO - | Epoch: 018/500 | Train Time: 0.033s | Train Loss: 0.502482 |
2020-08-17 02:59:03,795 - root - INFO - | Epoch: 019/500 | Train Time: 0.034s | Train Loss: 0.480649 |
2020-08-17 02:59:03,828 - root - INFO - | Epoch: 020/500 | Train Time: 0.034s | Train Loss: 0.459410 |
2020-08-17 02:59:03,861 - root - INFO - | Epoch: 021/500 | Train Time: 0.033s | Train Loss: 0.435882 |
2020-08-17 02:59:03,895 - root - INFO - | Epoch: 022/500 | Train Time: 0.033s | Train Loss: 0.421783 |
2020-08-17 02:59:03,928 - root - INFO - | Epoch: 023/500 | Train Time: 0.034s | Train Loss: 0.402690 |
2020-08-17 02:59:03,962 - root - INFO - | Epoch: 024/500 | Train Time: 0.033s | Train Loss: 0.384680 |
2020-08-17 02:59:03,995 - root - INFO - | Epoch: 025/500 | Train Time: 0.033s | Train Loss: 0.367855 |
2020-08-17 02:59:04,028 - root - INFO - | Epoch: 026/500 | Train Time: 0.033s | Train Loss: 0.351702 |
2020-08-17 02:59:04,062 - root - INFO - | Epoch: 027/500 | Train Time: 0.033s | Train Loss: 0.344009 |
2020-08-17 02:59:04,095 - root - INFO - | Epoch: 028/500 | Train Time: 0.033s | Train Loss: 0.327836 |
2020-08-17 02:59:04,129 - root - INFO - | Epoch: 029/500 | Train Time: 0.034s | Train Loss: 0.313926 |
2020-08-17 02:59:04,159 - root - INFO - | Epoch: 030/500 | Train Time: 0.030s | Train Loss: 0.305749 |
2020-08-17 02:59:04,190 - root - INFO - | Epoch: 031/500 | Train Time: 0.031s | Train Loss: 0.291401 |
2020-08-17 02:59:04,223 - root - INFO - | Epoch: 032/500 | Train Time: 0.033s | Train Loss: 0.282842 |
2020-08-17 02:59:04,257 - root - INFO - | Epoch: 033/500 | Train Time: 0.033s | Train Loss: 0.272905 |
2020-08-17 02:59:04,291 - root - INFO - | Epoch: 034/500 | Train Time: 0.034s | Train Loss: 0.263559 |
2020-08-17 02:59:04,324 - root - INFO - | Epoch: 035/500 | Train Time: 0.033s | Train Loss: 0.255519 |
2020-08-17 02:59:04,358 - root - INFO - | Epoch: 036/500 | Train Time: 0.033s | Train Loss: 0.244899 |
2020-08-17 02:59:04,392 - root - INFO - | Epoch: 037/500 | Train Time: 0.034s | Train Loss: 0.236658 |
2020-08-17 02:59:04,425 - root - INFO - | Epoch: 038/500 | Train Time: 0.034s | Train Loss: 0.229415 |
2020-08-17 02:59:04,459 - root - INFO - | Epoch: 039/500 | Train Time: 0.033s | Train Loss: 0.223734 |
2020-08-17 02:59:04,492 - root - INFO - | Epoch: 040/500 | Train Time: 0.034s | Train Loss: 0.217439 |
2020-08-17 02:59:04,526 - root - INFO - | Epoch: 041/500 | Train Time: 0.034s | Train Loss: 0.208057 |
2020-08-17 02:59:04,560 - root - INFO - | Epoch: 042/500 | Train Time: 0.034s | Train Loss: 0.201383 |
2020-08-17 02:59:04,593 - root - INFO - | Epoch: 043/500 | Train Time: 0.033s | Train Loss: 0.199141 |
2020-08-17 02:59:04,627 - root - INFO - | Epoch: 044/500 | Train Time: 0.033s | Train Loss: 0.193488 |
2020-08-17 02:59:04,657 - root - INFO - | Epoch: 045/500 | Train Time: 0.030s | Train Loss: 0.183311 |
2020-08-17 02:59:04,689 - root - INFO - | Epoch: 046/500 | Train Time: 0.032s | Train Loss: 0.179924 |
2020-08-17 02:59:04,722 - root - INFO - | Epoch: 047/500 | Train Time: 0.034s | Train Loss: 0.176192 |
2020-08-17 02:59:04,756 - root - INFO - | Epoch: 048/500 | Train Time: 0.033s | Train Loss: 0.169540 |
2020-08-17 02:59:04,790 - root - INFO - | Epoch: 049/500 | Train Time: 0.033s | Train Loss: 0.164899 |
2020-08-17 02:59:04,823 - root - INFO - | Epoch: 050/500 | Train Time: 0.034s | Train Loss: 0.162500 |
2020-08-17 02:59:04,824 - root - INFO -   LR scheduler: new learning rate is 1e-06
2020-08-17 02:59:04,857 - root - INFO - | Epoch: 051/500 | Train Time: 0.034s | Train Loss: 0.160953 |
2020-08-17 02:59:04,891 - root - INFO - | Epoch: 052/500 | Train Time: 0.033s | Train Loss: 0.158964 |
2020-08-17 02:59:04,924 - root - INFO - | Epoch: 053/500 | Train Time: 0.034s | Train Loss: 0.159207 |
2020-08-17 02:59:04,958 - root - INFO - | Epoch: 054/500 | Train Time: 0.034s | Train Loss: 0.156897 |
2020-08-17 02:59:04,992 - root - INFO - | Epoch: 055/500 | Train Time: 0.034s | Train Loss: 0.158241 |
2020-08-17 02:59:05,026 - root - INFO - | Epoch: 056/500 | Train Time: 0.034s | Train Loss: 0.158494 |
2020-08-17 02:59:05,059 - root - INFO - | Epoch: 057/500 | Train Time: 0.033s | Train Loss: 0.158912 |
2020-08-17 02:59:05,092 - root - INFO - | Epoch: 058/500 | Train Time: 0.033s | Train Loss: 0.154486 |
2020-08-17 02:59:05,127 - root - INFO - | Epoch: 059/500 | Train Time: 0.035s | Train Loss: 0.155978 |
2020-08-17 02:59:05,158 - root - INFO - | Epoch: 060/500 | Train Time: 0.031s | Train Loss: 0.155064 |
2020-08-17 02:59:05,190 - root - INFO - | Epoch: 061/500 | Train Time: 0.032s | Train Loss: 0.156559 |
2020-08-17 02:59:05,224 - root - INFO - | Epoch: 062/500 | Train Time: 0.033s | Train Loss: 0.154706 |
2020-08-17 02:59:05,258 - root - INFO - | Epoch: 063/500 | Train Time: 0.034s | Train Loss: 0.152989 |
2020-08-17 02:59:05,291 - root - INFO - | Epoch: 064/500 | Train Time: 0.033s | Train Loss: 0.155292 |
2020-08-17 02:59:05,324 - root - INFO - | Epoch: 065/500 | Train Time: 0.033s | Train Loss: 0.154447 |
2020-08-17 02:59:05,353 - root - INFO - | Epoch: 066/500 | Train Time: 0.028s | Train Loss: 0.154270 |
2020-08-17 02:59:05,378 - root - INFO - | Epoch: 067/500 | Train Time: 0.025s | Train Loss: 0.150981 |
2020-08-17 02:59:05,402 - root - INFO - | Epoch: 068/500 | Train Time: 0.024s | Train Loss: 0.151173 |
2020-08-17 02:59:05,426 - root - INFO - | Epoch: 069/500 | Train Time: 0.024s | Train Loss: 0.152844 |
2020-08-17 02:59:05,451 - root - INFO - | Epoch: 070/500 | Train Time: 0.024s | Train Loss: 0.150658 |
2020-08-17 02:59:05,475 - root - INFO - | Epoch: 071/500 | Train Time: 0.024s | Train Loss: 0.150188 |
2020-08-17 02:59:05,499 - root - INFO - | Epoch: 072/500 | Train Time: 0.024s | Train Loss: 0.148953 |
2020-08-17 02:59:05,523 - root - INFO - | Epoch: 073/500 | Train Time: 0.024s | Train Loss: 0.151147 |
2020-08-17 02:59:05,548 - root - INFO - | Epoch: 074/500 | Train Time: 0.025s | Train Loss: 0.152952 |
2020-08-17 02:59:05,573 - root - INFO - | Epoch: 075/500 | Train Time: 0.025s | Train Loss: 0.151978 |
2020-08-17 02:59:05,597 - root - INFO - | Epoch: 076/500 | Train Time: 0.024s | Train Loss: 0.148336 |
2020-08-17 02:59:05,621 - root - INFO - | Epoch: 077/500 | Train Time: 0.024s | Train Loss: 0.146999 |
2020-08-17 02:59:05,645 - root - INFO - | Epoch: 078/500 | Train Time: 0.024s | Train Loss: 0.148588 |
2020-08-17 02:59:05,669 - root - INFO - | Epoch: 079/500 | Train Time: 0.024s | Train Loss: 0.147466 |
2020-08-17 02:59:05,693 - root - INFO - | Epoch: 080/500 | Train Time: 0.024s | Train Loss: 0.149519 |
2020-08-17 02:59:05,718 - root - INFO - | Epoch: 081/500 | Train Time: 0.025s | Train Loss: 0.146560 |
2020-08-17 02:59:05,742 - root - INFO - | Epoch: 082/500 | Train Time: 0.024s | Train Loss: 0.146444 |
2020-08-17 02:59:05,766 - root - INFO - | Epoch: 083/500 | Train Time: 0.024s | Train Loss: 0.145860 |
2020-08-17 02:59:05,790 - root - INFO - | Epoch: 084/500 | Train Time: 0.024s | Train Loss: 0.144853 |
2020-08-17 02:59:05,814 - root - INFO - | Epoch: 085/500 | Train Time: 0.024s | Train Loss: 0.145088 |
2020-08-17 02:59:05,838 - root - INFO - | Epoch: 086/500 | Train Time: 0.024s | Train Loss: 0.144011 |
2020-08-17 02:59:05,862 - root - INFO - | Epoch: 087/500 | Train Time: 0.024s | Train Loss: 0.145375 |
2020-08-17 02:59:05,886 - root - INFO - | Epoch: 088/500 | Train Time: 0.024s | Train Loss: 0.142477 |
2020-08-17 02:59:05,910 - root - INFO - | Epoch: 089/500 | Train Time: 0.024s | Train Loss: 0.143524 |
2020-08-17 02:59:05,934 - root - INFO - | Epoch: 090/500 | Train Time: 0.024s | Train Loss: 0.143770 |
2020-08-17 02:59:05,958 - root - INFO - | Epoch: 091/500 | Train Time: 0.024s | Train Loss: 0.145515 |
2020-08-17 02:59:05,982 - root - INFO - | Epoch: 092/500 | Train Time: 0.024s | Train Loss: 0.141436 |
2020-08-17 02:59:06,007 - root - INFO - | Epoch: 093/500 | Train Time: 0.024s | Train Loss: 0.141080 |
2020-08-17 02:59:06,031 - root - INFO - | Epoch: 094/500 | Train Time: 0.024s | Train Loss: 0.140666 |
2020-08-17 02:59:06,054 - root - INFO - | Epoch: 095/500 | Train Time: 0.024s | Train Loss: 0.139880 |
2020-08-17 02:59:06,078 - root - INFO - | Epoch: 096/500 | Train Time: 0.024s | Train Loss: 0.139689 |
2020-08-17 02:59:06,102 - root - INFO - | Epoch: 097/500 | Train Time: 0.024s | Train Loss: 0.141486 |
2020-08-17 02:59:06,126 - root - INFO - | Epoch: 098/500 | Train Time: 0.024s | Train Loss: 0.139680 |
2020-08-17 02:59:06,150 - root - INFO - | Epoch: 099/500 | Train Time: 0.024s | Train Loss: 0.138692 |
2020-08-17 02:59:06,174 - root - INFO - | Epoch: 100/500 | Train Time: 0.024s | Train Loss: 0.138956 |
2020-08-17 02:59:06,198 - root - INFO - | Epoch: 101/500 | Train Time: 0.024s | Train Loss: 0.137732 |
2020-08-17 02:59:06,222 - root - INFO - | Epoch: 102/500 | Train Time: 0.024s | Train Loss: 0.136845 |
2020-08-17 02:59:06,246 - root - INFO - | Epoch: 103/500 | Train Time: 0.024s | Train Loss: 0.136650 |
2020-08-17 02:59:06,270 - root - INFO - | Epoch: 104/500 | Train Time: 0.024s | Train Loss: 0.137533 |
2020-08-17 02:59:06,294 - root - INFO - | Epoch: 105/500 | Train Time: 0.024s | Train Loss: 0.135743 |
2020-08-17 02:59:06,318 - root - INFO - | Epoch: 106/500 | Train Time: 0.024s | Train Loss: 0.135795 |
2020-08-17 02:59:06,341 - root - INFO - | Epoch: 107/500 | Train Time: 0.024s | Train Loss: 0.135222 |
2020-08-17 02:59:06,365 - root - INFO - | Epoch: 108/500 | Train Time: 0.024s | Train Loss: 0.134713 |
2020-08-17 02:59:06,389 - root - INFO - | Epoch: 109/500 | Train Time: 0.024s | Train Loss: 0.137102 |
2020-08-17 02:59:06,413 - root - INFO - | Epoch: 110/500 | Train Time: 0.024s | Train Loss: 0.133467 |
2020-08-17 02:59:06,436 - root - INFO - | Epoch: 111/500 | Train Time: 0.023s | Train Loss: 0.134341 |
2020-08-17 02:59:06,459 - root - INFO - | Epoch: 112/500 | Train Time: 0.023s | Train Loss: 0.132538 |
2020-08-17 02:59:06,481 - root - INFO - | Epoch: 113/500 | Train Time: 0.022s | Train Loss: 0.132500 |
2020-08-17 02:59:06,503 - root - INFO - | Epoch: 114/500 | Train Time: 0.022s | Train Loss: 0.133501 |
2020-08-17 02:59:06,524 - root - INFO - | Epoch: 115/500 | Train Time: 0.021s | Train Loss: 0.130315 |
2020-08-17 02:59:06,546 - root - INFO - | Epoch: 116/500 | Train Time: 0.022s | Train Loss: 0.131061 |
2020-08-17 02:59:06,567 - root - INFO - | Epoch: 117/500 | Train Time: 0.021s | Train Loss: 0.131421 |
2020-08-17 02:59:06,589 - root - INFO - | Epoch: 118/500 | Train Time: 0.021s | Train Loss: 0.130322 |
2020-08-17 02:59:06,611 - root - INFO - | Epoch: 119/500 | Train Time: 0.022s | Train Loss: 0.130877 |
2020-08-17 02:59:06,632 - root - INFO - | Epoch: 120/500 | Train Time: 0.021s | Train Loss: 0.130071 |
2020-08-17 02:59:06,654 - root - INFO - | Epoch: 121/500 | Train Time: 0.022s | Train Loss: 0.129341 |
2020-08-17 02:59:06,675 - root - INFO - | Epoch: 122/500 | Train Time: 0.022s | Train Loss: 0.129924 |
2020-08-17 02:59:06,697 - root - INFO - | Epoch: 123/500 | Train Time: 0.021s | Train Loss: 0.128285 |
2020-08-17 02:59:06,718 - root - INFO - | Epoch: 124/500 | Train Time: 0.021s | Train Loss: 0.129933 |
2020-08-17 02:59:06,740 - root - INFO - | Epoch: 125/500 | Train Time: 0.021s | Train Loss: 0.127585 |
2020-08-17 02:59:06,762 - root - INFO - | Epoch: 126/500 | Train Time: 0.022s | Train Loss: 0.127304 |
2020-08-17 02:59:06,784 - root - INFO - | Epoch: 127/500 | Train Time: 0.021s | Train Loss: 0.127232 |
2020-08-17 02:59:06,805 - root - INFO - | Epoch: 128/500 | Train Time: 0.021s | Train Loss: 0.126603 |
2020-08-17 02:59:06,827 - root - INFO - | Epoch: 129/500 | Train Time: 0.021s | Train Loss: 0.125826 |
2020-08-17 02:59:06,848 - root - INFO - | Epoch: 130/500 | Train Time: 0.022s | Train Loss: 0.126281 |
2020-08-17 02:59:06,870 - root - INFO - | Epoch: 131/500 | Train Time: 0.021s | Train Loss: 0.125126 |
2020-08-17 02:59:06,892 - root - INFO - | Epoch: 132/500 | Train Time: 0.022s | Train Loss: 0.123634 |
2020-08-17 02:59:06,913 - root - INFO - | Epoch: 133/500 | Train Time: 0.021s | Train Loss: 0.124539 |
2020-08-17 02:59:06,935 - root - INFO - | Epoch: 134/500 | Train Time: 0.021s | Train Loss: 0.124829 |
2020-08-17 02:59:06,956 - root - INFO - | Epoch: 135/500 | Train Time: 0.021s | Train Loss: 0.124224 |
2020-08-17 02:59:06,978 - root - INFO - | Epoch: 136/500 | Train Time: 0.021s | Train Loss: 0.123502 |
2020-08-17 02:59:06,999 - root - INFO - | Epoch: 137/500 | Train Time: 0.022s | Train Loss: 0.124887 |
2020-08-17 02:59:07,021 - root - INFO - | Epoch: 138/500 | Train Time: 0.021s | Train Loss: 0.122413 |
2020-08-17 02:59:07,043 - root - INFO - | Epoch: 139/500 | Train Time: 0.022s | Train Loss: 0.124185 |
2020-08-17 02:59:07,065 - root - INFO - | Epoch: 140/500 | Train Time: 0.022s | Train Loss: 0.122632 |
2020-08-17 02:59:07,086 - root - INFO - | Epoch: 141/500 | Train Time: 0.022s | Train Loss: 0.121118 |
2020-08-17 02:59:07,108 - root - INFO - | Epoch: 142/500 | Train Time: 0.021s | Train Loss: 0.120836 |
2020-08-17 02:59:07,129 - root - INFO - | Epoch: 143/500 | Train Time: 0.022s | Train Loss: 0.119503 |
2020-08-17 02:59:07,151 - root - INFO - | Epoch: 144/500 | Train Time: 0.021s | Train Loss: 0.120235 |
2020-08-17 02:59:07,172 - root - INFO - | Epoch: 145/500 | Train Time: 0.021s | Train Loss: 0.119875 |
2020-08-17 02:59:07,194 - root - INFO - | Epoch: 146/500 | Train Time: 0.021s | Train Loss: 0.119885 |
2020-08-17 02:59:07,215 - root - INFO - | Epoch: 147/500 | Train Time: 0.021s | Train Loss: 0.118054 |
2020-08-17 02:59:07,237 - root - INFO - | Epoch: 148/500 | Train Time: 0.021s | Train Loss: 0.118234 |
2020-08-17 02:59:07,259 - root - INFO - | Epoch: 149/500 | Train Time: 0.022s | Train Loss: 0.118186 |
2020-08-17 02:59:07,280 - root - INFO - | Epoch: 150/500 | Train Time: 0.021s | Train Loss: 0.119708 |
2020-08-17 02:59:07,302 - root - INFO - | Epoch: 151/500 | Train Time: 0.022s | Train Loss: 0.116665 |
2020-08-17 02:59:07,323 - root - INFO - | Epoch: 152/500 | Train Time: 0.021s | Train Loss: 0.118945 |
2020-08-17 02:59:07,345 - root - INFO - | Epoch: 153/500 | Train Time: 0.022s | Train Loss: 0.116820 |
2020-08-17 02:59:07,366 - root - INFO - | Epoch: 154/500 | Train Time: 0.021s | Train Loss: 0.116878 |
2020-08-17 02:59:07,388 - root - INFO - | Epoch: 155/500 | Train Time: 0.021s | Train Loss: 0.116125 |
2020-08-17 02:59:07,410 - root - INFO - | Epoch: 156/500 | Train Time: 0.021s | Train Loss: 0.115707 |
2020-08-17 02:59:07,431 - root - INFO - | Epoch: 157/500 | Train Time: 0.021s | Train Loss: 0.115498 |
2020-08-17 02:59:07,453 - root - INFO - | Epoch: 158/500 | Train Time: 0.022s | Train Loss: 0.114133 |
2020-08-17 02:59:07,474 - root - INFO - | Epoch: 159/500 | Train Time: 0.022s | Train Loss: 0.115884 |
2020-08-17 02:59:07,496 - root - INFO - | Epoch: 160/500 | Train Time: 0.021s | Train Loss: 0.114323 |
2020-08-17 02:59:07,517 - root - INFO - | Epoch: 161/500 | Train Time: 0.022s | Train Loss: 0.114284 |
2020-08-17 02:59:07,539 - root - INFO - | Epoch: 162/500 | Train Time: 0.022s | Train Loss: 0.114039 |
2020-08-17 02:59:07,561 - root - INFO - | Epoch: 163/500 | Train Time: 0.021s | Train Loss: 0.112492 |
2020-08-17 02:59:07,582 - root - INFO - | Epoch: 164/500 | Train Time: 0.021s | Train Loss: 0.111780 |
2020-08-17 02:59:07,604 - root - INFO - | Epoch: 165/500 | Train Time: 0.021s | Train Loss: 0.112865 |
2020-08-17 02:59:07,625 - root - INFO - | Epoch: 166/500 | Train Time: 0.021s | Train Loss: 0.114173 |
2020-08-17 02:59:07,647 - root - INFO - | Epoch: 167/500 | Train Time: 0.021s | Train Loss: 0.110995 |
2020-08-17 02:59:07,668 - root - INFO - | Epoch: 168/500 | Train Time: 0.021s | Train Loss: 0.110029 |
2020-08-17 02:59:07,690 - root - INFO - | Epoch: 169/500 | Train Time: 0.022s | Train Loss: 0.112413 |
2020-08-17 02:59:07,711 - root - INFO - | Epoch: 170/500 | Train Time: 0.021s | Train Loss: 0.110002 |
2020-08-17 02:59:07,733 - root - INFO - | Epoch: 171/500 | Train Time: 0.021s | Train Loss: 0.110425 |
2020-08-17 02:59:07,754 - root - INFO - | Epoch: 172/500 | Train Time: 0.021s | Train Loss: 0.110889 |
2020-08-17 02:59:07,776 - root - INFO - | Epoch: 173/500 | Train Time: 0.021s | Train Loss: 0.111251 |
2020-08-17 02:59:07,797 - root - INFO - | Epoch: 174/500 | Train Time: 0.021s | Train Loss: 0.109796 |
2020-08-17 02:59:07,819 - root - INFO - | Epoch: 175/500 | Train Time: 0.021s | Train Loss: 0.108355 |
2020-08-17 02:59:07,840 - root - INFO - | Epoch: 176/500 | Train Time: 0.021s | Train Loss: 0.107982 |
2020-08-17 02:59:07,862 - root - INFO - | Epoch: 177/500 | Train Time: 0.022s | Train Loss: 0.108091 |
2020-08-17 02:59:07,884 - root - INFO - | Epoch: 178/500 | Train Time: 0.022s | Train Loss: 0.106968 |
2020-08-17 02:59:07,905 - root - INFO - | Epoch: 179/500 | Train Time: 0.021s | Train Loss: 0.106958 |
2020-08-17 02:59:07,927 - root - INFO - | Epoch: 180/500 | Train Time: 0.022s | Train Loss: 0.106213 |
2020-08-17 02:59:07,948 - root - INFO - | Epoch: 181/500 | Train Time: 0.021s | Train Loss: 0.107710 |
2020-08-17 02:59:07,970 - root - INFO - | Epoch: 182/500 | Train Time: 0.021s | Train Loss: 0.106888 |
2020-08-17 02:59:07,991 - root - INFO - | Epoch: 183/500 | Train Time: 0.021s | Train Loss: 0.107356 |
2020-08-17 02:59:08,013 - root - INFO - | Epoch: 184/500 | Train Time: 0.021s | Train Loss: 0.105977 |
2020-08-17 02:59:08,034 - root - INFO - | Epoch: 185/500 | Train Time: 0.021s | Train Loss: 0.104553 |
2020-08-17 02:59:08,056 - root - INFO - | Epoch: 186/500 | Train Time: 0.021s | Train Loss: 0.106519 |
2020-08-17 02:59:08,078 - root - INFO - | Epoch: 187/500 | Train Time: 0.022s | Train Loss: 0.105187 |
2020-08-17 02:59:08,099 - root - INFO - | Epoch: 188/500 | Train Time: 0.022s | Train Loss: 0.104211 |
2020-08-17 02:59:08,121 - root - INFO - | Epoch: 189/500 | Train Time: 0.021s | Train Loss: 0.105199 |
2020-08-17 02:59:08,142 - root - INFO - | Epoch: 190/500 | Train Time: 0.021s | Train Loss: 0.104054 |
2020-08-17 02:59:08,164 - root - INFO - | Epoch: 191/500 | Train Time: 0.021s | Train Loss: 0.105421 |
2020-08-17 02:59:08,185 - root - INFO - | Epoch: 192/500 | Train Time: 0.021s | Train Loss: 0.103358 |
2020-08-17 02:59:08,207 - root - INFO - | Epoch: 193/500 | Train Time: 0.021s | Train Loss: 0.102537 |
2020-08-17 02:59:08,228 - root - INFO - | Epoch: 194/500 | Train Time: 0.021s | Train Loss: 0.102493 |
2020-08-17 02:59:08,250 - root - INFO - | Epoch: 195/500 | Train Time: 0.021s | Train Loss: 0.100616 |
2020-08-17 02:59:08,271 - root - INFO - | Epoch: 196/500 | Train Time: 0.021s | Train Loss: 0.102264 |
2020-08-17 02:59:08,293 - root - INFO - | Epoch: 197/500 | Train Time: 0.021s | Train Loss: 0.100793 |
2020-08-17 02:59:08,314 - root - INFO - | Epoch: 198/500 | Train Time: 0.021s | Train Loss: 0.099620 |
2020-08-17 02:59:08,336 - root - INFO - | Epoch: 199/500 | Train Time: 0.022s | Train Loss: 0.101069 |
2020-08-17 02:59:08,358 - root - INFO - | Epoch: 200/500 | Train Time: 0.021s | Train Loss: 0.100203 |
2020-08-17 02:59:08,379 - root - INFO - | Epoch: 201/500 | Train Time: 0.021s | Train Loss: 0.101021 |
2020-08-17 02:59:08,401 - root - INFO - | Epoch: 202/500 | Train Time: 0.021s | Train Loss: 0.098516 |
2020-08-17 02:59:08,422 - root - INFO - | Epoch: 203/500 | Train Time: 0.021s | Train Loss: 0.100868 |
2020-08-17 02:59:08,443 - root - INFO - | Epoch: 204/500 | Train Time: 0.021s | Train Loss: 0.098883 |
2020-08-17 02:59:08,465 - root - INFO - | Epoch: 205/500 | Train Time: 0.022s | Train Loss: 0.098140 |
2020-08-17 02:59:08,487 - root - INFO - | Epoch: 206/500 | Train Time: 0.021s | Train Loss: 0.098104 |
2020-08-17 02:59:08,508 - root - INFO - | Epoch: 207/500 | Train Time: 0.022s | Train Loss: 0.097537 |
2020-08-17 02:59:08,530 - root - INFO - | Epoch: 208/500 | Train Time: 0.022s | Train Loss: 0.098428 |
2020-08-17 02:59:08,552 - root - INFO - | Epoch: 209/500 | Train Time: 0.022s | Train Loss: 0.097600 |
2020-08-17 02:59:08,574 - root - INFO - | Epoch: 210/500 | Train Time: 0.022s | Train Loss: 0.097330 |
2020-08-17 02:59:08,595 - root - INFO - | Epoch: 211/500 | Train Time: 0.022s | Train Loss: 0.097504 |
2020-08-17 02:59:08,617 - root - INFO - | Epoch: 212/500 | Train Time: 0.022s | Train Loss: 0.098342 |
2020-08-17 02:59:08,638 - root - INFO - | Epoch: 213/500 | Train Time: 0.021s | Train Loss: 0.095678 |
2020-08-17 02:59:08,660 - root - INFO - | Epoch: 214/500 | Train Time: 0.021s | Train Loss: 0.095472 |
2020-08-17 02:59:08,682 - root - INFO - | Epoch: 215/500 | Train Time: 0.022s | Train Loss: 0.095943 |
2020-08-17 02:59:08,703 - root - INFO - | Epoch: 216/500 | Train Time: 0.021s | Train Loss: 0.095776 |
2020-08-17 02:59:08,725 - root - INFO - | Epoch: 217/500 | Train Time: 0.022s | Train Loss: 0.094287 |
2020-08-17 02:59:08,746 - root - INFO - | Epoch: 218/500 | Train Time: 0.021s | Train Loss: 0.095459 |
2020-08-17 02:59:08,768 - root - INFO - | Epoch: 219/500 | Train Time: 0.021s | Train Loss: 0.093717 |
2020-08-17 02:59:08,789 - root - INFO - | Epoch: 220/500 | Train Time: 0.021s | Train Loss: 0.094842 |
2020-08-17 02:59:08,811 - root - INFO - | Epoch: 221/500 | Train Time: 0.021s | Train Loss: 0.094019 |
2020-08-17 02:59:08,832 - root - INFO - | Epoch: 222/500 | Train Time: 0.022s | Train Loss: 0.093940 |
2020-08-17 02:59:08,854 - root - INFO - | Epoch: 223/500 | Train Time: 0.022s | Train Loss: 0.093151 |
2020-08-17 02:59:08,876 - root - INFO - | Epoch: 224/500 | Train Time: 0.022s | Train Loss: 0.093797 |
2020-08-17 02:59:08,897 - root - INFO - | Epoch: 225/500 | Train Time: 0.022s | Train Loss: 0.092421 |
2020-08-17 02:59:08,919 - root - INFO - | Epoch: 226/500 | Train Time: 0.021s | Train Loss: 0.092657 |
2020-08-17 02:59:08,940 - root - INFO - | Epoch: 227/500 | Train Time: 0.021s | Train Loss: 0.091737 |
2020-08-17 02:59:08,962 - root - INFO - | Epoch: 228/500 | Train Time: 0.021s | Train Loss: 0.091775 |
2020-08-17 02:59:08,983 - root - INFO - | Epoch: 229/500 | Train Time: 0.022s | Train Loss: 0.091553 |
2020-08-17 02:59:09,005 - root - INFO - | Epoch: 230/500 | Train Time: 0.021s | Train Loss: 0.090795 |
2020-08-17 02:59:09,026 - root - INFO - | Epoch: 231/500 | Train Time: 0.021s | Train Loss: 0.090008 |
2020-08-17 02:59:09,048 - root - INFO - | Epoch: 232/500 | Train Time: 0.022s | Train Loss: 0.089970 |
2020-08-17 02:59:09,070 - root - INFO - | Epoch: 233/500 | Train Time: 0.022s | Train Loss: 0.089288 |
2020-08-17 02:59:09,092 - root - INFO - | Epoch: 234/500 | Train Time: 0.022s | Train Loss: 0.090178 |
2020-08-17 02:59:09,114 - root - INFO - | Epoch: 235/500 | Train Time: 0.021s | Train Loss: 0.089664 |
2020-08-17 02:59:09,135 - root - INFO - | Epoch: 236/500 | Train Time: 0.021s | Train Loss: 0.088744 |
2020-08-17 02:59:09,157 - root - INFO - | Epoch: 237/500 | Train Time: 0.021s | Train Loss: 0.088816 |
2020-08-17 02:59:09,178 - root - INFO - | Epoch: 238/500 | Train Time: 0.021s | Train Loss: 0.088631 |
2020-08-17 02:59:09,200 - root - INFO - | Epoch: 239/500 | Train Time: 0.022s | Train Loss: 0.087872 |
2020-08-17 02:59:09,221 - root - INFO - | Epoch: 240/500 | Train Time: 0.022s | Train Loss: 0.087554 |
2020-08-17 02:59:09,243 - root - INFO - | Epoch: 241/500 | Train Time: 0.022s | Train Loss: 0.088339 |
2020-08-17 02:59:09,265 - root - INFO - | Epoch: 242/500 | Train Time: 0.022s | Train Loss: 0.087107 |
2020-08-17 02:59:09,286 - root - INFO - | Epoch: 243/500 | Train Time: 0.022s | Train Loss: 0.087673 |
2020-08-17 02:59:09,308 - root - INFO - | Epoch: 244/500 | Train Time: 0.022s | Train Loss: 0.087979 |
2020-08-17 02:59:09,330 - root - INFO - | Epoch: 245/500 | Train Time: 0.022s | Train Loss: 0.085975 |
2020-08-17 02:59:09,351 - root - INFO - | Epoch: 246/500 | Train Time: 0.022s | Train Loss: 0.087093 |
2020-08-17 02:59:09,373 - root - INFO - | Epoch: 247/500 | Train Time: 0.021s | Train Loss: 0.086696 |
2020-08-17 02:59:09,395 - root - INFO - | Epoch: 248/500 | Train Time: 0.021s | Train Loss: 0.086245 |
2020-08-17 02:59:09,416 - root - INFO - | Epoch: 249/500 | Train Time: 0.021s | Train Loss: 0.085158 |
2020-08-17 02:59:09,438 - root - INFO - | Epoch: 250/500 | Train Time: 0.021s | Train Loss: 0.085584 |
2020-08-17 02:59:09,460 - root - INFO - | Epoch: 251/500 | Train Time: 0.022s | Train Loss: 0.086280 |
2020-08-17 02:59:09,481 - root - INFO - | Epoch: 252/500 | Train Time: 0.021s | Train Loss: 0.084915 |
2020-08-17 02:59:09,503 - root - INFO - | Epoch: 253/500 | Train Time: 0.022s | Train Loss: 0.083642 |
2020-08-17 02:59:09,524 - root - INFO - | Epoch: 254/500 | Train Time: 0.021s | Train Loss: 0.084231 |
2020-08-17 02:59:09,546 - root - INFO - | Epoch: 255/500 | Train Time: 0.022s | Train Loss: 0.083631 |
2020-08-17 02:59:09,567 - root - INFO - | Epoch: 256/500 | Train Time: 0.021s | Train Loss: 0.084140 |
2020-08-17 02:59:09,589 - root - INFO - | Epoch: 257/500 | Train Time: 0.021s | Train Loss: 0.084458 |
2020-08-17 02:59:09,611 - root - INFO - | Epoch: 258/500 | Train Time: 0.021s | Train Loss: 0.082874 |
2020-08-17 02:59:09,632 - root - INFO - | Epoch: 259/500 | Train Time: 0.021s | Train Loss: 0.082682 |
2020-08-17 02:59:09,654 - root - INFO - | Epoch: 260/500 | Train Time: 0.022s | Train Loss: 0.083038 |
2020-08-17 02:59:09,675 - root - INFO - | Epoch: 261/500 | Train Time: 0.022s | Train Loss: 0.082465 |
2020-08-17 02:59:09,697 - root - INFO - | Epoch: 262/500 | Train Time: 0.022s | Train Loss: 0.082025 |
2020-08-17 02:59:09,718 - root - INFO - | Epoch: 263/500 | Train Time: 0.022s | Train Loss: 0.082029 |
2020-08-17 02:59:09,740 - root - INFO - | Epoch: 264/500 | Train Time: 0.022s | Train Loss: 0.081213 |
2020-08-17 02:59:09,762 - root - INFO - | Epoch: 265/500 | Train Time: 0.022s | Train Loss: 0.081728 |
2020-08-17 02:59:09,783 - root - INFO - | Epoch: 266/500 | Train Time: 0.022s | Train Loss: 0.080907 |
2020-08-17 02:59:09,805 - root - INFO - | Epoch: 267/500 | Train Time: 0.021s | Train Loss: 0.081384 |
2020-08-17 02:59:09,826 - root - INFO - | Epoch: 268/500 | Train Time: 0.022s | Train Loss: 0.079206 |
2020-08-17 02:59:09,848 - root - INFO - | Epoch: 269/500 | Train Time: 0.021s | Train Loss: 0.080985 |
2020-08-17 02:59:09,870 - root - INFO - | Epoch: 270/500 | Train Time: 0.022s | Train Loss: 0.079892 |
2020-08-17 02:59:09,891 - root - INFO - | Epoch: 271/500 | Train Time: 0.021s | Train Loss: 0.079858 |
2020-08-17 02:59:09,913 - root - INFO - | Epoch: 272/500 | Train Time: 0.021s | Train Loss: 0.079316 |
2020-08-17 02:59:09,934 - root - INFO - | Epoch: 273/500 | Train Time: 0.022s | Train Loss: 0.079904 |
2020-08-17 02:59:09,956 - root - INFO - | Epoch: 274/500 | Train Time: 0.021s | Train Loss: 0.078953 |
2020-08-17 02:59:09,977 - root - INFO - | Epoch: 275/500 | Train Time: 0.022s | Train Loss: 0.079188 |
2020-08-17 02:59:09,999 - root - INFO - | Epoch: 276/500 | Train Time: 0.021s | Train Loss: 0.077937 |
2020-08-17 02:59:10,020 - root - INFO - | Epoch: 277/500 | Train Time: 0.021s | Train Loss: 0.078003 |
2020-08-17 02:59:10,042 - root - INFO - | Epoch: 278/500 | Train Time: 0.022s | Train Loss: 0.077396 |
2020-08-17 02:59:10,064 - root - INFO - | Epoch: 279/500 | Train Time: 0.022s | Train Loss: 0.077679 |
2020-08-17 02:59:10,085 - root - INFO - | Epoch: 280/500 | Train Time: 0.022s | Train Loss: 0.078194 |
2020-08-17 02:59:10,107 - root - INFO - | Epoch: 281/500 | Train Time: 0.021s | Train Loss: 0.077049 |
2020-08-17 02:59:10,128 - root - INFO - | Epoch: 282/500 | Train Time: 0.021s | Train Loss: 0.077739 |
2020-08-17 02:59:10,150 - root - INFO - | Epoch: 283/500 | Train Time: 0.021s | Train Loss: 0.077103 |
2020-08-17 02:59:10,171 - root - INFO - | Epoch: 284/500 | Train Time: 0.021s | Train Loss: 0.076780 |
2020-08-17 02:59:10,193 - root - INFO - | Epoch: 285/500 | Train Time: 0.021s | Train Loss: 0.076243 |
2020-08-17 02:59:10,214 - root - INFO - | Epoch: 286/500 | Train Time: 0.021s | Train Loss: 0.075561 |
2020-08-17 02:59:10,236 - root - INFO - | Epoch: 287/500 | Train Time: 0.021s | Train Loss: 0.075546 |
2020-08-17 02:59:10,258 - root - INFO - | Epoch: 288/500 | Train Time: 0.022s | Train Loss: 0.075579 |
2020-08-17 02:59:10,279 - root - INFO - | Epoch: 289/500 | Train Time: 0.021s | Train Loss: 0.075789 |
2020-08-17 02:59:10,301 - root - INFO - | Epoch: 290/500 | Train Time: 0.021s | Train Loss: 0.074892 |
2020-08-17 02:59:10,322 - root - INFO - | Epoch: 291/500 | Train Time: 0.021s | Train Loss: 0.075284 |
2020-08-17 02:59:10,344 - root - INFO - | Epoch: 292/500 | Train Time: 0.021s | Train Loss: 0.075586 |
2020-08-17 02:59:10,365 - root - INFO - | Epoch: 293/500 | Train Time: 0.022s | Train Loss: 0.074818 |
2020-08-17 02:59:10,387 - root - INFO - | Epoch: 294/500 | Train Time: 0.021s | Train Loss: 0.073183 |
2020-08-17 02:59:10,408 - root - INFO - | Epoch: 295/500 | Train Time: 0.021s | Train Loss: 0.073874 |
2020-08-17 02:59:10,430 - root - INFO - | Epoch: 296/500 | Train Time: 0.022s | Train Loss: 0.073582 |
2020-08-17 02:59:10,452 - root - INFO - | Epoch: 297/500 | Train Time: 0.022s | Train Loss: 0.073415 |
2020-08-17 02:59:10,473 - root - INFO - | Epoch: 298/500 | Train Time: 0.021s | Train Loss: 0.073635 |
2020-08-17 02:59:10,495 - root - INFO - | Epoch: 299/500 | Train Time: 0.021s | Train Loss: 0.073150 |
2020-08-17 02:59:10,516 - root - INFO - | Epoch: 300/500 | Train Time: 0.022s | Train Loss: 0.073729 |
2020-08-17 02:59:10,538 - root - INFO - | Epoch: 301/500 | Train Time: 0.022s | Train Loss: 0.071513 |
2020-08-17 02:59:10,560 - root - INFO - | Epoch: 302/500 | Train Time: 0.022s | Train Loss: 0.071776 |
2020-08-17 02:59:10,581 - root - INFO - | Epoch: 303/500 | Train Time: 0.021s | Train Loss: 0.071761 |
2020-08-17 02:59:10,603 - root - INFO - | Epoch: 304/500 | Train Time: 0.021s | Train Loss: 0.070874 |
2020-08-17 02:59:10,624 - root - INFO - | Epoch: 305/500 | Train Time: 0.021s | Train Loss: 0.070907 |
2020-08-17 02:59:10,646 - root - INFO - | Epoch: 306/500 | Train Time: 0.021s | Train Loss: 0.071815 |
2020-08-17 02:59:10,667 - root - INFO - | Epoch: 307/500 | Train Time: 0.022s | Train Loss: 0.071648 |
2020-08-17 02:59:10,689 - root - INFO - | Epoch: 308/500 | Train Time: 0.022s | Train Loss: 0.070556 |
2020-08-17 02:59:10,711 - root - INFO - | Epoch: 309/500 | Train Time: 0.021s | Train Loss: 0.071592 |
2020-08-17 02:59:10,732 - root - INFO - | Epoch: 310/500 | Train Time: 0.022s | Train Loss: 0.070107 |
2020-08-17 02:59:10,754 - root - INFO - | Epoch: 311/500 | Train Time: 0.022s | Train Loss: 0.070016 |
2020-08-17 02:59:10,775 - root - INFO - | Epoch: 312/500 | Train Time: 0.021s | Train Loss: 0.071137 |
2020-08-17 02:59:10,797 - root - INFO - | Epoch: 313/500 | Train Time: 0.021s | Train Loss: 0.070267 |
2020-08-17 02:59:10,818 - root - INFO - | Epoch: 314/500 | Train Time: 0.021s | Train Loss: 0.069588 |
2020-08-17 02:59:10,840 - root - INFO - | Epoch: 315/500 | Train Time: 0.021s | Train Loss: 0.068861 |
2020-08-17 02:59:10,862 - root - INFO - | Epoch: 316/500 | Train Time: 0.022s | Train Loss: 0.069458 |
2020-08-17 02:59:10,883 - root - INFO - | Epoch: 317/500 | Train Time: 0.021s | Train Loss: 0.068103 |
2020-08-17 02:59:10,905 - root - INFO - | Epoch: 318/500 | Train Time: 0.021s | Train Loss: 0.069118 |
2020-08-17 02:59:10,926 - root - INFO - | Epoch: 319/500 | Train Time: 0.022s | Train Loss: 0.068067 |
2020-08-17 02:59:10,948 - root - INFO - | Epoch: 320/500 | Train Time: 0.021s | Train Loss: 0.067938 |
2020-08-17 02:59:10,969 - root - INFO - | Epoch: 321/500 | Train Time: 0.022s | Train Loss: 0.068185 |
2020-08-17 02:59:10,991 - root - INFO - | Epoch: 322/500 | Train Time: 0.021s | Train Loss: 0.067994 |
2020-08-17 02:59:11,013 - root - INFO - | Epoch: 323/500 | Train Time: 0.022s | Train Loss: 0.067104 |
2020-08-17 02:59:11,034 - root - INFO - | Epoch: 324/500 | Train Time: 0.022s | Train Loss: 0.066846 |
2020-08-17 02:59:11,056 - root - INFO - | Epoch: 325/500 | Train Time: 0.021s | Train Loss: 0.066985 |
2020-08-17 02:59:11,077 - root - INFO - | Epoch: 326/500 | Train Time: 0.021s | Train Loss: 0.066412 |
2020-08-17 02:59:11,099 - root - INFO - | Epoch: 327/500 | Train Time: 0.021s | Train Loss: 0.067329 |
2020-08-17 02:59:11,120 - root - INFO - | Epoch: 328/500 | Train Time: 0.022s | Train Loss: 0.066279 |
2020-08-17 02:59:11,142 - root - INFO - | Epoch: 329/500 | Train Time: 0.021s | Train Loss: 0.065686 |
2020-08-17 02:59:11,163 - root - INFO - | Epoch: 330/500 | Train Time: 0.022s | Train Loss: 0.067741 |
2020-08-17 02:59:11,185 - root - INFO - | Epoch: 331/500 | Train Time: 0.022s | Train Loss: 0.065117 |
2020-08-17 02:59:11,207 - root - INFO - | Epoch: 332/500 | Train Time: 0.021s | Train Loss: 0.065008 |
2020-08-17 02:59:11,228 - root - INFO - | Epoch: 333/500 | Train Time: 0.022s | Train Loss: 0.066139 |
2020-08-17 02:59:11,250 - root - INFO - | Epoch: 334/500 | Train Time: 0.021s | Train Loss: 0.065537 |
2020-08-17 02:59:11,271 - root - INFO - | Epoch: 335/500 | Train Time: 0.022s | Train Loss: 0.064916 |
2020-08-17 02:59:11,293 - root - INFO - | Epoch: 336/500 | Train Time: 0.021s | Train Loss: 0.064679 |
2020-08-17 02:59:11,314 - root - INFO - | Epoch: 337/500 | Train Time: 0.021s | Train Loss: 0.063926 |
2020-08-17 02:59:11,336 - root - INFO - | Epoch: 338/500 | Train Time: 0.022s | Train Loss: 0.064939 |
2020-08-17 02:59:11,358 - root - INFO - | Epoch: 339/500 | Train Time: 0.022s | Train Loss: 0.064269 |
2020-08-17 02:59:11,379 - root - INFO - | Epoch: 340/500 | Train Time: 0.021s | Train Loss: 0.064405 |
2020-08-17 02:59:11,401 - root - INFO - | Epoch: 341/500 | Train Time: 0.021s | Train Loss: 0.063596 |
2020-08-17 02:59:11,422 - root - INFO - | Epoch: 342/500 | Train Time: 0.022s | Train Loss: 0.063900 |
2020-08-17 02:59:11,444 - root - INFO - | Epoch: 343/500 | Train Time: 0.022s | Train Loss: 0.063229 |
2020-08-17 02:59:11,466 - root - INFO - | Epoch: 344/500 | Train Time: 0.022s | Train Loss: 0.062721 |
2020-08-17 02:59:11,487 - root - INFO - | Epoch: 345/500 | Train Time: 0.021s | Train Loss: 0.062744 |
2020-08-17 02:59:11,509 - root - INFO - | Epoch: 346/500 | Train Time: 0.021s | Train Loss: 0.062790 |
2020-08-17 02:59:11,530 - root - INFO - | Epoch: 347/500 | Train Time: 0.022s | Train Loss: 0.062713 |
2020-08-17 02:59:11,552 - root - INFO - | Epoch: 348/500 | Train Time: 0.021s | Train Loss: 0.064091 |
2020-08-17 02:59:11,574 - root - INFO - | Epoch: 349/500 | Train Time: 0.022s | Train Loss: 0.062253 |
2020-08-17 02:59:11,595 - root - INFO - | Epoch: 350/500 | Train Time: 0.022s | Train Loss: 0.061707 |
2020-08-17 02:59:11,617 - root - INFO - | Epoch: 351/500 | Train Time: 0.021s | Train Loss: 0.061788 |
2020-08-17 02:59:11,638 - root - INFO - | Epoch: 352/500 | Train Time: 0.021s | Train Loss: 0.061983 |
2020-08-17 02:59:11,660 - root - INFO - | Epoch: 353/500 | Train Time: 0.021s | Train Loss: 0.061368 |
2020-08-17 02:59:11,681 - root - INFO - | Epoch: 354/500 | Train Time: 0.022s | Train Loss: 0.061234 |
2020-08-17 02:59:11,703 - root - INFO - | Epoch: 355/500 | Train Time: 0.021s | Train Loss: 0.060992 |
2020-08-17 02:59:11,724 - root - INFO - | Epoch: 356/500 | Train Time: 0.021s | Train Loss: 0.059713 |
2020-08-17 02:59:11,746 - root - INFO - | Epoch: 357/500 | Train Time: 0.021s | Train Loss: 0.061473 |
2020-08-17 02:59:11,767 - root - INFO - | Epoch: 358/500 | Train Time: 0.021s | Train Loss: 0.060786 |
2020-08-17 02:59:11,789 - root - INFO - | Epoch: 359/500 | Train Time: 0.021s | Train Loss: 0.060672 |
2020-08-17 02:59:11,810 - root - INFO - | Epoch: 360/500 | Train Time: 0.021s | Train Loss: 0.059535 |
2020-08-17 02:59:11,835 - root - INFO - | Epoch: 361/500 | Train Time: 0.025s | Train Loss: 0.060447 |
2020-08-17 02:59:11,863 - root - INFO - | Epoch: 362/500 | Train Time: 0.028s | Train Loss: 0.060305 |
2020-08-17 02:59:11,893 - root - INFO - | Epoch: 363/500 | Train Time: 0.029s | Train Loss: 0.059955 |
2020-08-17 02:59:11,924 - root - INFO - | Epoch: 364/500 | Train Time: 0.031s | Train Loss: 0.059123 |
2020-08-17 02:59:11,955 - root - INFO - | Epoch: 365/500 | Train Time: 0.031s | Train Loss: 0.059559 |
2020-08-17 02:59:11,987 - root - INFO - | Epoch: 366/500 | Train Time: 0.032s | Train Loss: 0.059017 |
2020-08-17 02:59:12,020 - root - INFO - | Epoch: 367/500 | Train Time: 0.032s | Train Loss: 0.058913 |
2020-08-17 02:59:12,052 - root - INFO - | Epoch: 368/500 | Train Time: 0.033s | Train Loss: 0.059122 |
2020-08-17 02:59:12,084 - root - INFO - | Epoch: 369/500 | Train Time: 0.031s | Train Loss: 0.057754 |
2020-08-17 02:59:12,116 - root - INFO - | Epoch: 370/500 | Train Time: 0.032s | Train Loss: 0.058412 |
2020-08-17 02:59:12,148 - root - INFO - | Epoch: 371/500 | Train Time: 0.032s | Train Loss: 0.058194 |
2020-08-17 02:59:12,181 - root - INFO - | Epoch: 372/500 | Train Time: 0.033s | Train Loss: 0.057578 |
2020-08-17 02:59:12,213 - root - INFO - | Epoch: 373/500 | Train Time: 0.032s | Train Loss: 0.057616 |
2020-08-17 02:59:12,245 - root - INFO - | Epoch: 374/500 | Train Time: 0.032s | Train Loss: 0.055988 |
2020-08-17 02:59:12,278 - root - INFO - | Epoch: 375/500 | Train Time: 0.033s | Train Loss: 0.056920 |
2020-08-17 02:59:12,310 - root - INFO - | Epoch: 376/500 | Train Time: 0.032s | Train Loss: 0.056739 |
2020-08-17 02:59:12,342 - root - INFO - | Epoch: 377/500 | Train Time: 0.032s | Train Loss: 0.056963 |
2020-08-17 02:59:12,374 - root - INFO - | Epoch: 378/500 | Train Time: 0.032s | Train Loss: 0.057023 |
2020-08-17 02:59:12,406 - root - INFO - | Epoch: 379/500 | Train Time: 0.032s | Train Loss: 0.057012 |
2020-08-17 02:59:12,439 - root - INFO - | Epoch: 380/500 | Train Time: 0.033s | Train Loss: 0.056211 |
2020-08-17 02:59:12,471 - root - INFO - | Epoch: 381/500 | Train Time: 0.032s | Train Loss: 0.055539 |
2020-08-17 02:59:12,503 - root - INFO - | Epoch: 382/500 | Train Time: 0.032s | Train Loss: 0.056039 |
2020-08-17 02:59:12,535 - root - INFO - | Epoch: 383/500 | Train Time: 0.032s | Train Loss: 0.056523 |
2020-08-17 02:59:12,568 - root - INFO - | Epoch: 384/500 | Train Time: 0.033s | Train Loss: 0.055538 |
2020-08-17 02:59:12,600 - root - INFO - | Epoch: 385/500 | Train Time: 0.031s | Train Loss: 0.055467 |
2020-08-17 02:59:12,632 - root - INFO - | Epoch: 386/500 | Train Time: 0.032s | Train Loss: 0.056640 |
2020-08-17 02:59:12,664 - root - INFO - | Epoch: 387/500 | Train Time: 0.032s | Train Loss: 0.054882 |
2020-08-17 02:59:12,697 - root - INFO - | Epoch: 388/500 | Train Time: 0.032s | Train Loss: 0.055573 |
2020-08-17 02:59:12,729 - root - INFO - | Epoch: 389/500 | Train Time: 0.032s | Train Loss: 0.055117 |
2020-08-17 02:59:12,761 - root - INFO - | Epoch: 390/500 | Train Time: 0.032s | Train Loss: 0.055153 |
2020-08-17 02:59:12,794 - root - INFO - | Epoch: 391/500 | Train Time: 0.032s | Train Loss: 0.054796 |
2020-08-17 02:59:12,827 - root - INFO - | Epoch: 392/500 | Train Time: 0.033s | Train Loss: 0.054565 |
2020-08-17 02:59:12,859 - root - INFO - | Epoch: 393/500 | Train Time: 0.032s | Train Loss: 0.054002 |
2020-08-17 02:59:12,892 - root - INFO - | Epoch: 394/500 | Train Time: 0.033s | Train Loss: 0.053564 |
2020-08-17 02:59:12,924 - root - INFO - | Epoch: 395/500 | Train Time: 0.032s | Train Loss: 0.053696 |
2020-08-17 02:59:12,956 - root - INFO - | Epoch: 396/500 | Train Time: 0.032s | Train Loss: 0.053271 |
2020-08-17 02:59:12,988 - root - INFO - | Epoch: 397/500 | Train Time: 0.032s | Train Loss: 0.053939 |
2020-08-17 02:59:13,021 - root - INFO - | Epoch: 398/500 | Train Time: 0.033s | Train Loss: 0.052983 |
2020-08-17 02:59:13,052 - root - INFO - | Epoch: 399/500 | Train Time: 0.032s | Train Loss: 0.052900 |
2020-08-17 02:59:13,085 - root - INFO - | Epoch: 400/500 | Train Time: 0.032s | Train Loss: 0.052409 |
2020-08-17 02:59:13,117 - root - INFO - | Epoch: 401/500 | Train Time: 0.032s | Train Loss: 0.052936 |
2020-08-17 02:59:13,149 - root - INFO - | Epoch: 402/500 | Train Time: 0.033s | Train Loss: 0.052047 |
2020-08-17 02:59:13,181 - root - INFO - | Epoch: 403/500 | Train Time: 0.032s | Train Loss: 0.052788 |
2020-08-17 02:59:13,213 - root - INFO - | Epoch: 404/500 | Train Time: 0.032s | Train Loss: 0.052476 |
2020-08-17 02:59:13,245 - root - INFO - | Epoch: 405/500 | Train Time: 0.032s | Train Loss: 0.052123 |
2020-08-17 02:59:13,278 - root - INFO - | Epoch: 406/500 | Train Time: 0.032s | Train Loss: 0.052421 |
2020-08-17 02:59:13,310 - root - INFO - | Epoch: 407/500 | Train Time: 0.032s | Train Loss: 0.050949 |
2020-08-17 02:59:13,341 - root - INFO - | Epoch: 408/500 | Train Time: 0.032s | Train Loss: 0.051753 |
2020-08-17 02:59:13,374 - root - INFO - | Epoch: 409/500 | Train Time: 0.032s | Train Loss: 0.050639 |
2020-08-17 02:59:13,406 - root - INFO - | Epoch: 410/500 | Train Time: 0.032s | Train Loss: 0.051980 |
2020-08-17 02:59:13,438 - root - INFO - | Epoch: 411/500 | Train Time: 0.032s | Train Loss: 0.051402 |
2020-08-17 02:59:13,470 - root - INFO - | Epoch: 412/500 | Train Time: 0.032s | Train Loss: 0.050728 |
2020-08-17 02:59:13,503 - root - INFO - | Epoch: 413/500 | Train Time: 0.032s | Train Loss: 0.050820 |
2020-08-17 02:59:13,535 - root - INFO - | Epoch: 414/500 | Train Time: 0.032s | Train Loss: 0.050321 |
2020-08-17 02:59:13,567 - root - INFO - | Epoch: 415/500 | Train Time: 0.032s | Train Loss: 0.051390 |
2020-08-17 02:59:13,599 - root - INFO - | Epoch: 416/500 | Train Time: 0.032s | Train Loss: 0.050901 |
2020-08-17 02:59:13,632 - root - INFO - | Epoch: 417/500 | Train Time: 0.033s | Train Loss: 0.050095 |
2020-08-17 02:59:13,665 - root - INFO - | Epoch: 418/500 | Train Time: 0.033s | Train Loss: 0.051019 |
2020-08-17 02:59:13,697 - root - INFO - | Epoch: 419/500 | Train Time: 0.032s | Train Loss: 0.050782 |
2020-08-17 02:59:13,729 - root - INFO - | Epoch: 420/500 | Train Time: 0.032s | Train Loss: 0.050612 |
2020-08-17 02:59:13,762 - root - INFO - | Epoch: 421/500 | Train Time: 0.032s | Train Loss: 0.049447 |
2020-08-17 02:59:13,794 - root - INFO - | Epoch: 422/500 | Train Time: 0.032s | Train Loss: 0.049479 |
2020-08-17 02:59:13,825 - root - INFO - | Epoch: 423/500 | Train Time: 0.032s | Train Loss: 0.048329 |
2020-08-17 02:59:13,858 - root - INFO - | Epoch: 424/500 | Train Time: 0.032s | Train Loss: 0.048797 |
2020-08-17 02:59:13,889 - root - INFO - | Epoch: 425/500 | Train Time: 0.032s | Train Loss: 0.049244 |
2020-08-17 02:59:13,921 - root - INFO - | Epoch: 426/500 | Train Time: 0.032s | Train Loss: 0.048515 |
2020-08-17 02:59:13,954 - root - INFO - | Epoch: 427/500 | Train Time: 0.032s | Train Loss: 0.048075 |
2020-08-17 02:59:13,986 - root - INFO - | Epoch: 428/500 | Train Time: 0.032s | Train Loss: 0.047800 |
2020-08-17 02:59:14,018 - root - INFO - | Epoch: 429/500 | Train Time: 0.032s | Train Loss: 0.048686 |
2020-08-17 02:59:14,050 - root - INFO - | Epoch: 430/500 | Train Time: 0.032s | Train Loss: 0.047847 |
2020-08-17 02:59:14,083 - root - INFO - | Epoch: 431/500 | Train Time: 0.032s | Train Loss: 0.048461 |
2020-08-17 02:59:14,115 - root - INFO - | Epoch: 432/500 | Train Time: 0.032s | Train Loss: 0.046841 |
2020-08-17 02:59:14,148 - root - INFO - | Epoch: 433/500 | Train Time: 0.032s | Train Loss: 0.048444 |
2020-08-17 02:59:14,180 - root - INFO - | Epoch: 434/500 | Train Time: 0.032s | Train Loss: 0.048722 |
2020-08-17 02:59:14,212 - root - INFO - | Epoch: 435/500 | Train Time: 0.033s | Train Loss: 0.046874 |
2020-08-17 02:59:14,244 - root - INFO - | Epoch: 436/500 | Train Time: 0.032s | Train Loss: 0.046326 |
2020-08-17 02:59:14,276 - root - INFO - | Epoch: 437/500 | Train Time: 0.032s | Train Loss: 0.046573 |
2020-08-17 02:59:14,309 - root - INFO - | Epoch: 438/500 | Train Time: 0.033s | Train Loss: 0.047261 |
2020-08-17 02:59:14,341 - root - INFO - | Epoch: 439/500 | Train Time: 0.032s | Train Loss: 0.046477 |
2020-08-17 02:59:14,373 - root - INFO - | Epoch: 440/500 | Train Time: 0.031s | Train Loss: 0.047059 |
2020-08-17 02:59:14,405 - root - INFO - | Epoch: 441/500 | Train Time: 0.032s | Train Loss: 0.046668 |
2020-08-17 02:59:14,438 - root - INFO - | Epoch: 442/500 | Train Time: 0.032s | Train Loss: 0.046408 |
2020-08-17 02:59:14,470 - root - INFO - | Epoch: 443/500 | Train Time: 0.032s | Train Loss: 0.045639 |
2020-08-17 02:59:14,502 - root - INFO - | Epoch: 444/500 | Train Time: 0.032s | Train Loss: 0.046563 |
2020-08-17 02:59:14,534 - root - INFO - | Epoch: 445/500 | Train Time: 0.032s | Train Loss: 0.046902 |
2020-08-17 02:59:14,566 - root - INFO - | Epoch: 446/500 | Train Time: 0.032s | Train Loss: 0.045384 |
2020-08-17 02:59:14,599 - root - INFO - | Epoch: 447/500 | Train Time: 0.033s | Train Loss: 0.045695 |
2020-08-17 02:59:14,631 - root - INFO - | Epoch: 448/500 | Train Time: 0.032s | Train Loss: 0.045858 |
2020-08-17 02:59:14,663 - root - INFO - | Epoch: 449/500 | Train Time: 0.032s | Train Loss: 0.045402 |
2020-08-17 02:59:14,695 - root - INFO - | Epoch: 450/500 | Train Time: 0.032s | Train Loss: 0.045731 |
2020-08-17 02:59:14,727 - root - INFO - | Epoch: 451/500 | Train Time: 0.032s | Train Loss: 0.045961 |
2020-08-17 02:59:14,759 - root - INFO - | Epoch: 452/500 | Train Time: 0.032s | Train Loss: 0.045320 |
2020-08-17 02:59:14,792 - root - INFO - | Epoch: 453/500 | Train Time: 0.032s | Train Loss: 0.044562 |
2020-08-17 02:59:14,823 - root - INFO - | Epoch: 454/500 | Train Time: 0.032s | Train Loss: 0.044886 |
2020-08-17 02:59:14,855 - root - INFO - | Epoch: 455/500 | Train Time: 0.032s | Train Loss: 0.045424 |
2020-08-17 02:59:14,887 - root - INFO - | Epoch: 456/500 | Train Time: 0.032s | Train Loss: 0.044177 |
2020-08-17 02:59:14,919 - root - INFO - | Epoch: 457/500 | Train Time: 0.032s | Train Loss: 0.044881 |
2020-08-17 02:59:14,951 - root - INFO - | Epoch: 458/500 | Train Time: 0.032s | Train Loss: 0.044413 |
2020-08-17 02:59:14,983 - root - INFO - | Epoch: 459/500 | Train Time: 0.032s | Train Loss: 0.043998 |
2020-08-17 02:59:15,015 - root - INFO - | Epoch: 460/500 | Train Time: 0.032s | Train Loss: 0.043722 |
2020-08-17 02:59:15,047 - root - INFO - | Epoch: 461/500 | Train Time: 0.032s | Train Loss: 0.043418 |
2020-08-17 02:59:15,080 - root - INFO - | Epoch: 462/500 | Train Time: 0.032s | Train Loss: 0.043593 |
2020-08-17 02:59:15,112 - root - INFO - | Epoch: 463/500 | Train Time: 0.032s | Train Loss: 0.043346 |
2020-08-17 02:59:15,144 - root - INFO - | Epoch: 464/500 | Train Time: 0.032s | Train Loss: 0.043236 |
2020-08-17 02:59:15,176 - root - INFO - | Epoch: 465/500 | Train Time: 0.032s | Train Loss: 0.043050 |
2020-08-17 02:59:15,208 - root - INFO - | Epoch: 466/500 | Train Time: 0.031s | Train Loss: 0.042717 |
2020-08-17 02:59:15,240 - root - INFO - | Epoch: 467/500 | Train Time: 0.032s | Train Loss: 0.042244 |
2020-08-17 02:59:15,272 - root - INFO - | Epoch: 468/500 | Train Time: 0.032s | Train Loss: 0.043363 |
2020-08-17 02:59:15,305 - root - INFO - | Epoch: 469/500 | Train Time: 0.032s | Train Loss: 0.043032 |
2020-08-17 02:59:15,336 - root - INFO - | Epoch: 470/500 | Train Time: 0.032s | Train Loss: 0.041625 |
2020-08-17 02:59:15,369 - root - INFO - | Epoch: 471/500 | Train Time: 0.032s | Train Loss: 0.042110 |
2020-08-17 02:59:15,401 - root - INFO - | Epoch: 472/500 | Train Time: 0.032s | Train Loss: 0.042827 |
2020-08-17 02:59:15,434 - root - INFO - | Epoch: 473/500 | Train Time: 0.032s | Train Loss: 0.042106 |
2020-08-17 02:59:15,465 - root - INFO - | Epoch: 474/500 | Train Time: 0.032s | Train Loss: 0.041928 |
2020-08-17 02:59:15,497 - root - INFO - | Epoch: 475/500 | Train Time: 0.032s | Train Loss: 0.042004 |
2020-08-17 02:59:15,530 - root - INFO - | Epoch: 476/500 | Train Time: 0.032s | Train Loss: 0.041544 |
2020-08-17 02:59:15,561 - root - INFO - | Epoch: 477/500 | Train Time: 0.032s | Train Loss: 0.041881 |
2020-08-17 02:59:15,594 - root - INFO - | Epoch: 478/500 | Train Time: 0.032s | Train Loss: 0.041346 |
2020-08-17 02:59:15,626 - root - INFO - | Epoch: 479/500 | Train Time: 0.032s | Train Loss: 0.041210 |
2020-08-17 02:59:15,659 - root - INFO - | Epoch: 480/500 | Train Time: 0.033s | Train Loss: 0.041696 |
2020-08-17 02:59:15,690 - root - INFO - | Epoch: 481/500 | Train Time: 0.032s | Train Loss: 0.040803 |
2020-08-17 02:59:15,723 - root - INFO - | Epoch: 482/500 | Train Time: 0.032s | Train Loss: 0.042233 |
2020-08-17 02:59:15,754 - root - INFO - | Epoch: 483/500 | Train Time: 0.031s | Train Loss: 0.041615 |
2020-08-17 02:59:15,787 - root - INFO - | Epoch: 484/500 | Train Time: 0.033s | Train Loss: 0.040990 |
2020-08-17 02:59:15,819 - root - INFO - | Epoch: 485/500 | Train Time: 0.032s | Train Loss: 0.039985 |
2020-08-17 02:59:15,851 - root - INFO - | Epoch: 486/500 | Train Time: 0.032s | Train Loss: 0.040658 |
2020-08-17 02:59:15,883 - root - INFO - | Epoch: 487/500 | Train Time: 0.032s | Train Loss: 0.040379 |
2020-08-17 02:59:15,916 - root - INFO - | Epoch: 488/500 | Train Time: 0.032s | Train Loss: 0.040809 |
2020-08-17 02:59:15,948 - root - INFO - | Epoch: 489/500 | Train Time: 0.032s | Train Loss: 0.040123 |
2020-08-17 02:59:15,981 - root - INFO - | Epoch: 490/500 | Train Time: 0.032s | Train Loss: 0.039232 |
2020-08-17 02:59:16,013 - root - INFO - | Epoch: 491/500 | Train Time: 0.032s | Train Loss: 0.039206 |
2020-08-17 02:59:16,046 - root - INFO - | Epoch: 492/500 | Train Time: 0.032s | Train Loss: 0.039743 |
2020-08-17 02:59:16,078 - root - INFO - | Epoch: 493/500 | Train Time: 0.033s | Train Loss: 0.039838 |
2020-08-17 02:59:16,110 - root - INFO - | Epoch: 494/500 | Train Time: 0.032s | Train Loss: 0.039472 |
2020-08-17 02:59:16,143 - root - INFO - | Epoch: 495/500 | Train Time: 0.032s | Train Loss: 0.038768 |
2020-08-17 02:59:16,175 - root - INFO - | Epoch: 496/500 | Train Time: 0.033s | Train Loss: 0.039298 |
2020-08-17 02:59:16,207 - root - INFO - | Epoch: 497/500 | Train Time: 0.032s | Train Loss: 0.038975 |
2020-08-17 02:59:16,240 - root - INFO - | Epoch: 498/500 | Train Time: 0.032s | Train Loss: 0.038746 |
2020-08-17 02:59:16,272 - root - INFO - | Epoch: 499/500 | Train Time: 0.032s | Train Loss: 0.038903 |
2020-08-17 02:59:16,304 - root - INFO - | Epoch: 500/500 | Train Time: 0.032s | Train Loss: 0.038821 |
2020-08-17 02:59:16,304 - root - INFO - Training Time: 13.138s
2020-08-17 02:59:16,304 - root - INFO - Finished training.
2020-08-17 02:59:16,304 - root - INFO - Starting testing...
2020-08-17 02:59:16,309 - root - INFO - Test Loss: 0.041298
2020-08-17 02:59:16,309 - root - INFO - Test Time: 0.004s
2020-08-17 02:59:16,309 - root - INFO - Finished testing.
2020-08-17 02:59:16,355 - root - INFO - Starting testing...
2020-08-17 02:59:16,361 - root - INFO - Test Loss: 0.051226
2020-08-17 02:59:16,361 - root - INFO - Test Time: 0.006s
2020-08-17 02:59:16,361 - root - INFO - Finished testing.
