2020-08-17 02:59:18,512 - root - INFO - I am pre-training for you.
2020-08-17 02:59:20,378 - root - INFO - | Epoch: 001/100 | Train Time: 0.099s | Train Loss: 0.073070 |
2020-08-17 02:59:20,480 - root - INFO - | Epoch: 002/100 | Train Time: 0.102s | Train Loss: 0.045783 |
2020-08-17 02:59:20,585 - root - INFO - | Epoch: 003/100 | Train Time: 0.105s | Train Loss: 0.029294 |
2020-08-17 02:59:20,688 - root - INFO - | Epoch: 004/100 | Train Time: 0.103s | Train Loss: 0.019365 |
2020-08-17 02:59:20,792 - root - INFO - | Epoch: 005/100 | Train Time: 0.104s | Train Loss: 0.013723 |
2020-08-17 02:59:20,896 - root - INFO - | Epoch: 006/100 | Train Time: 0.104s | Train Loss: 0.010443 |
2020-08-17 02:59:21,003 - root - INFO - | Epoch: 007/100 | Train Time: 0.106s | Train Loss: 0.008182 |
2020-08-17 02:59:21,111 - root - INFO - | Epoch: 008/100 | Train Time: 0.108s | Train Loss: 0.006662 |
2020-08-17 02:59:21,219 - root - INFO - | Epoch: 009/100 | Train Time: 0.108s | Train Loss: 0.005676 |
2020-08-17 02:59:21,327 - root - INFO - | Epoch: 010/100 | Train Time: 0.108s | Train Loss: 0.004883 |
2020-08-17 02:59:21,433 - root - INFO - | Epoch: 011/100 | Train Time: 0.106s | Train Loss: 0.004298 |
2020-08-17 02:59:21,538 - root - INFO - | Epoch: 012/100 | Train Time: 0.106s | Train Loss: 0.003741 |
2020-08-17 02:59:21,646 - root - INFO - | Epoch: 013/100 | Train Time: 0.108s | Train Loss: 0.003416 |
2020-08-17 02:59:21,752 - root - INFO - | Epoch: 014/100 | Train Time: 0.106s | Train Loss: 0.003122 |
2020-08-17 02:59:21,859 - root - INFO - | Epoch: 015/100 | Train Time: 0.106s | Train Loss: 0.002798 |
2020-08-17 02:59:21,965 - root - INFO - | Epoch: 016/100 | Train Time: 0.106s | Train Loss: 0.002637 |
2020-08-17 02:59:22,072 - root - INFO - | Epoch: 017/100 | Train Time: 0.107s | Train Loss: 0.002382 |
2020-08-17 02:59:22,179 - root - INFO - | Epoch: 018/100 | Train Time: 0.107s | Train Loss: 0.002319 |
2020-08-17 02:59:22,284 - root - INFO - | Epoch: 019/100 | Train Time: 0.105s | Train Loss: 0.002067 |
2020-08-17 02:59:22,391 - root - INFO - | Epoch: 020/100 | Train Time: 0.107s | Train Loss: 0.001958 |
2020-08-17 02:59:22,500 - root - INFO - | Epoch: 021/100 | Train Time: 0.108s | Train Loss: 0.001815 |
2020-08-17 02:59:22,604 - root - INFO - | Epoch: 022/100 | Train Time: 0.105s | Train Loss: 0.001702 |
2020-08-17 02:59:22,711 - root - INFO - | Epoch: 023/100 | Train Time: 0.106s | Train Loss: 0.001624 |
2020-08-17 02:59:22,817 - root - INFO - | Epoch: 024/100 | Train Time: 0.107s | Train Loss: 0.001524 |
2020-08-17 02:59:22,924 - root - INFO - | Epoch: 025/100 | Train Time: 0.106s | Train Loss: 0.001480 |
2020-08-17 02:59:23,031 - root - INFO - | Epoch: 026/100 | Train Time: 0.106s | Train Loss: 0.001367 |
2020-08-17 02:59:23,136 - root - INFO - | Epoch: 027/100 | Train Time: 0.105s | Train Loss: 0.001266 |
2020-08-17 02:59:23,241 - root - INFO - | Epoch: 028/100 | Train Time: 0.105s | Train Loss: 0.001290 |
2020-08-17 02:59:23,349 - root - INFO - | Epoch: 029/100 | Train Time: 0.107s | Train Loss: 0.001139 |
2020-08-17 02:59:23,456 - root - INFO - | Epoch: 030/100 | Train Time: 0.107s | Train Loss: 0.001114 |
2020-08-17 02:59:23,562 - root - INFO - | Epoch: 031/100 | Train Time: 0.106s | Train Loss: 0.001076 |
2020-08-17 02:59:23,668 - root - INFO - | Epoch: 032/100 | Train Time: 0.105s | Train Loss: 0.001044 |
2020-08-17 02:59:23,774 - root - INFO - | Epoch: 033/100 | Train Time: 0.106s | Train Loss: 0.000912 |
2020-08-17 02:59:23,880 - root - INFO - | Epoch: 034/100 | Train Time: 0.106s | Train Loss: 0.000902 |
2020-08-17 02:59:23,989 - root - INFO - | Epoch: 035/100 | Train Time: 0.109s | Train Loss: 0.000872 |
2020-08-17 02:59:24,096 - root - INFO - | Epoch: 036/100 | Train Time: 0.107s | Train Loss: 0.000863 |
2020-08-17 02:59:24,203 - root - INFO - | Epoch: 037/100 | Train Time: 0.107s | Train Loss: 0.000820 |
2020-08-17 02:59:24,310 - root - INFO - | Epoch: 038/100 | Train Time: 0.107s | Train Loss: 0.000830 |
2020-08-17 02:59:24,418 - root - INFO - | Epoch: 039/100 | Train Time: 0.108s | Train Loss: 0.000849 |
2020-08-17 02:59:24,524 - root - INFO - | Epoch: 040/100 | Train Time: 0.105s | Train Loss: 0.000795 |
2020-08-17 02:59:24,630 - root - INFO - | Epoch: 041/100 | Train Time: 0.106s | Train Loss: 0.000754 |
2020-08-17 02:59:24,736 - root - INFO - | Epoch: 042/100 | Train Time: 0.106s | Train Loss: 0.000730 |
2020-08-17 02:59:24,841 - root - INFO - | Epoch: 043/100 | Train Time: 0.105s | Train Loss: 0.000752 |
2020-08-17 02:59:24,948 - root - INFO - | Epoch: 044/100 | Train Time: 0.107s | Train Loss: 0.000712 |
2020-08-17 02:59:25,054 - root - INFO - | Epoch: 045/100 | Train Time: 0.106s | Train Loss: 0.000708 |
2020-08-17 02:59:25,160 - root - INFO - | Epoch: 046/100 | Train Time: 0.106s | Train Loss: 0.000684 |
2020-08-17 02:59:25,269 - root - INFO - | Epoch: 047/100 | Train Time: 0.108s | Train Loss: 0.000665 |
2020-08-17 02:59:25,374 - root - INFO - | Epoch: 048/100 | Train Time: 0.105s | Train Loss: 0.000719 |
2020-08-17 02:59:25,478 - root - INFO - | Epoch: 049/100 | Train Time: 0.104s | Train Loss: 0.000671 |
2020-08-17 02:59:25,584 - root - INFO - | Epoch: 050/100 | Train Time: 0.106s | Train Loss: 0.000623 |
2020-08-17 02:59:25,584 - root - INFO -   LR scheduler: new learning rate is 0.0001
2020-08-17 02:59:25,691 - root - INFO - | Epoch: 051/100 | Train Time: 0.107s | Train Loss: 0.000580 |
2020-08-17 02:59:25,796 - root - INFO - | Epoch: 052/100 | Train Time: 0.105s | Train Loss: 0.000630 |
2020-08-17 02:59:25,903 - root - INFO - | Epoch: 053/100 | Train Time: 0.107s | Train Loss: 0.000594 |
2020-08-17 02:59:26,011 - root - INFO - | Epoch: 054/100 | Train Time: 0.107s | Train Loss: 0.000578 |
2020-08-17 02:59:26,117 - root - INFO - | Epoch: 055/100 | Train Time: 0.106s | Train Loss: 0.000640 |
2020-08-17 02:59:26,222 - root - INFO - | Epoch: 056/100 | Train Time: 0.105s | Train Loss: 0.000564 |
2020-08-17 02:59:26,328 - root - INFO - | Epoch: 057/100 | Train Time: 0.105s | Train Loss: 0.000625 |
2020-08-17 02:59:26,431 - root - INFO - | Epoch: 058/100 | Train Time: 0.103s | Train Loss: 0.000584 |
2020-08-17 02:59:26,536 - root - INFO - | Epoch: 059/100 | Train Time: 0.105s | Train Loss: 0.000602 |
2020-08-17 02:59:26,641 - root - INFO - | Epoch: 060/100 | Train Time: 0.105s | Train Loss: 0.000613 |
2020-08-17 02:59:26,747 - root - INFO - | Epoch: 061/100 | Train Time: 0.106s | Train Loss: 0.000539 |
2020-08-17 02:59:26,853 - root - INFO - | Epoch: 062/100 | Train Time: 0.106s | Train Loss: 0.000536 |
2020-08-17 02:59:26,959 - root - INFO - | Epoch: 063/100 | Train Time: 0.105s | Train Loss: 0.000569 |
2020-08-17 02:59:27,065 - root - INFO - | Epoch: 064/100 | Train Time: 0.106s | Train Loss: 0.000616 |
2020-08-17 02:59:27,172 - root - INFO - | Epoch: 065/100 | Train Time: 0.107s | Train Loss: 0.000588 |
2020-08-17 02:59:27,277 - root - INFO - | Epoch: 066/100 | Train Time: 0.105s | Train Loss: 0.000599 |
2020-08-17 02:59:27,383 - root - INFO - | Epoch: 067/100 | Train Time: 0.106s | Train Loss: 0.000571 |
2020-08-17 02:59:27,488 - root - INFO - | Epoch: 068/100 | Train Time: 0.105s | Train Loss: 0.000553 |
2020-08-17 02:59:27,595 - root - INFO - | Epoch: 069/100 | Train Time: 0.107s | Train Loss: 0.000591 |
2020-08-17 02:59:27,701 - root - INFO - | Epoch: 070/100 | Train Time: 0.106s | Train Loss: 0.000573 |
2020-08-17 02:59:27,808 - root - INFO - | Epoch: 071/100 | Train Time: 0.107s | Train Loss: 0.000564 |
2020-08-17 02:59:27,915 - root - INFO - | Epoch: 072/100 | Train Time: 0.107s | Train Loss: 0.000565 |
2020-08-17 02:59:28,022 - root - INFO - | Epoch: 073/100 | Train Time: 0.107s | Train Loss: 0.000554 |
2020-08-17 02:59:28,128 - root - INFO - | Epoch: 074/100 | Train Time: 0.106s | Train Loss: 0.000606 |
2020-08-17 02:59:28,235 - root - INFO - | Epoch: 075/100 | Train Time: 0.107s | Train Loss: 0.000575 |
2020-08-17 02:59:28,342 - root - INFO - | Epoch: 076/100 | Train Time: 0.107s | Train Loss: 0.000566 |
2020-08-17 02:59:28,448 - root - INFO - | Epoch: 077/100 | Train Time: 0.106s | Train Loss: 0.000521 |
2020-08-17 02:59:28,553 - root - INFO - | Epoch: 078/100 | Train Time: 0.105s | Train Loss: 0.000534 |
2020-08-17 02:59:28,660 - root - INFO - | Epoch: 079/100 | Train Time: 0.107s | Train Loss: 0.000584 |
2020-08-17 02:59:28,765 - root - INFO - | Epoch: 080/100 | Train Time: 0.105s | Train Loss: 0.000531 |
2020-08-17 02:59:28,871 - root - INFO - | Epoch: 081/100 | Train Time: 0.105s | Train Loss: 0.000564 |
2020-08-17 02:59:28,976 - root - INFO - | Epoch: 082/100 | Train Time: 0.105s | Train Loss: 0.000575 |
2020-08-17 02:59:29,085 - root - INFO - | Epoch: 083/100 | Train Time: 0.108s | Train Loss: 0.000552 |
2020-08-17 02:59:29,191 - root - INFO - | Epoch: 084/100 | Train Time: 0.106s | Train Loss: 0.000576 |
2020-08-17 02:59:29,297 - root - INFO - | Epoch: 085/100 | Train Time: 0.106s | Train Loss: 0.000564 |
2020-08-17 02:59:29,404 - root - INFO - | Epoch: 086/100 | Train Time: 0.106s | Train Loss: 0.000527 |
2020-08-17 02:59:29,510 - root - INFO - | Epoch: 087/100 | Train Time: 0.106s | Train Loss: 0.000608 |
2020-08-17 02:59:29,617 - root - INFO - | Epoch: 088/100 | Train Time: 0.106s | Train Loss: 0.000566 |
2020-08-17 02:59:29,722 - root - INFO - | Epoch: 089/100 | Train Time: 0.106s | Train Loss: 0.000533 |
2020-08-17 02:59:29,827 - root - INFO - | Epoch: 090/100 | Train Time: 0.104s | Train Loss: 0.000549 |
2020-08-17 02:59:29,933 - root - INFO - | Epoch: 091/100 | Train Time: 0.107s | Train Loss: 0.000532 |
2020-08-17 02:59:30,041 - root - INFO - | Epoch: 092/100 | Train Time: 0.107s | Train Loss: 0.000567 |
2020-08-17 02:59:30,150 - root - INFO - | Epoch: 093/100 | Train Time: 0.109s | Train Loss: 0.000537 |
2020-08-17 02:59:30,256 - root - INFO - | Epoch: 094/100 | Train Time: 0.107s | Train Loss: 0.000538 |
2020-08-17 02:59:30,362 - root - INFO - | Epoch: 095/100 | Train Time: 0.105s | Train Loss: 0.000515 |
2020-08-17 02:59:30,469 - root - INFO - | Epoch: 096/100 | Train Time: 0.107s | Train Loss: 0.000545 |
2020-08-17 02:59:30,575 - root - INFO - | Epoch: 097/100 | Train Time: 0.106s | Train Loss: 0.000578 |
2020-08-17 02:59:30,682 - root - INFO - | Epoch: 098/100 | Train Time: 0.107s | Train Loss: 0.000533 |
2020-08-17 02:59:30,789 - root - INFO - | Epoch: 099/100 | Train Time: 0.106s | Train Loss: 0.000606 |
2020-08-17 02:59:30,895 - root - INFO - | Epoch: 100/100 | Train Time: 0.106s | Train Loss: 0.000551 |
2020-08-17 02:59:30,895 - root - INFO - Pretraining Time: 10.616s
2020-08-17 02:59:30,895 - root - INFO - Finished pretraining.
2020-08-17 02:59:30,895 - root - INFO - Testing autoencoder...
2020-08-17 02:59:30,907 - root - INFO - Test Loss: 0.000443
2020-08-17 02:59:30,907 - root - INFO - Test Time: 0.011s
2020-08-17 02:59:30,907 - root - INFO - Finished testing autoencoder.
2020-08-17 02:59:30,910 - root - INFO - Hey I am loading net for you!
2020-08-17 02:59:30,911 - root - INFO - Setting hyper-parameters!
2020-08-17 02:59:30,911 - root - INFO - Initializing center c...
2020-08-17 02:59:30,938 - root - INFO - Center c initialized.
2020-08-17 02:59:30,938 - root - INFO - Starting training...
2020-08-17 02:59:31,011 - root - INFO - | Epoch: 001/500 | Train Time: 0.072s | Train Loss: 0.527012 |
2020-08-17 02:59:31,085 - root - INFO - | Epoch: 002/500 | Train Time: 0.074s | Train Loss: 0.429861 |
2020-08-17 02:59:31,160 - root - INFO - | Epoch: 003/500 | Train Time: 0.075s | Train Loss: 0.357399 |
2020-08-17 02:59:31,234 - root - INFO - | Epoch: 004/500 | Train Time: 0.074s | Train Loss: 0.297309 |
2020-08-17 02:59:31,307 - root - INFO - | Epoch: 005/500 | Train Time: 0.072s | Train Loss: 0.256720 |
2020-08-17 02:59:31,381 - root - INFO - | Epoch: 006/500 | Train Time: 0.074s | Train Loss: 0.219715 |
2020-08-17 02:59:31,455 - root - INFO - | Epoch: 007/500 | Train Time: 0.074s | Train Loss: 0.189626 |
2020-08-17 02:59:31,530 - root - INFO - | Epoch: 008/500 | Train Time: 0.075s | Train Loss: 0.165022 |
2020-08-17 02:59:31,605 - root - INFO - | Epoch: 009/500 | Train Time: 0.075s | Train Loss: 0.145157 |
2020-08-17 02:59:31,680 - root - INFO - | Epoch: 010/500 | Train Time: 0.075s | Train Loss: 0.133322 |
2020-08-17 02:59:31,754 - root - INFO - | Epoch: 011/500 | Train Time: 0.074s | Train Loss: 0.116765 |
2020-08-17 02:59:31,829 - root - INFO - | Epoch: 012/500 | Train Time: 0.075s | Train Loss: 0.108817 |
2020-08-17 02:59:31,904 - root - INFO - | Epoch: 013/500 | Train Time: 0.075s | Train Loss: 0.099431 |
2020-08-17 02:59:31,979 - root - INFO - | Epoch: 014/500 | Train Time: 0.074s | Train Loss: 0.090588 |
2020-08-17 02:59:32,053 - root - INFO - | Epoch: 015/500 | Train Time: 0.075s | Train Loss: 0.081957 |
2020-08-17 02:59:32,129 - root - INFO - | Epoch: 016/500 | Train Time: 0.075s | Train Loss: 0.077534 |
2020-08-17 02:59:32,204 - root - INFO - | Epoch: 017/500 | Train Time: 0.075s | Train Loss: 0.069902 |
2020-08-17 02:59:32,279 - root - INFO - | Epoch: 018/500 | Train Time: 0.075s | Train Loss: 0.066302 |
2020-08-17 02:59:32,362 - root - INFO - | Epoch: 019/500 | Train Time: 0.082s | Train Loss: 0.061090 |
2020-08-17 02:59:32,438 - root - INFO - | Epoch: 020/500 | Train Time: 0.076s | Train Loss: 0.057869 |
2020-08-17 02:59:32,513 - root - INFO - | Epoch: 021/500 | Train Time: 0.076s | Train Loss: 0.053604 |
2020-08-17 02:59:32,586 - root - INFO - | Epoch: 022/500 | Train Time: 0.073s | Train Loss: 0.050953 |
2020-08-17 02:59:32,658 - root - INFO - | Epoch: 023/500 | Train Time: 0.072s | Train Loss: 0.048153 |
2020-08-17 02:59:32,731 - root - INFO - | Epoch: 024/500 | Train Time: 0.073s | Train Loss: 0.045141 |
2020-08-17 02:59:32,813 - root - INFO - | Epoch: 025/500 | Train Time: 0.082s | Train Loss: 0.042566 |
2020-08-17 02:59:32,888 - root - INFO - | Epoch: 026/500 | Train Time: 0.074s | Train Loss: 0.040037 |
2020-08-17 02:59:32,964 - root - INFO - | Epoch: 027/500 | Train Time: 0.076s | Train Loss: 0.037705 |
2020-08-17 02:59:33,039 - root - INFO - | Epoch: 028/500 | Train Time: 0.075s | Train Loss: 0.036008 |
2020-08-17 02:59:33,113 - root - INFO - | Epoch: 029/500 | Train Time: 0.075s | Train Loss: 0.035064 |
2020-08-17 02:59:33,188 - root - INFO - | Epoch: 030/500 | Train Time: 0.074s | Train Loss: 0.034805 |
2020-08-17 02:59:33,262 - root - INFO - | Epoch: 031/500 | Train Time: 0.074s | Train Loss: 0.031698 |
2020-08-17 02:59:33,337 - root - INFO - | Epoch: 032/500 | Train Time: 0.075s | Train Loss: 0.030590 |
2020-08-17 02:59:33,412 - root - INFO - | Epoch: 033/500 | Train Time: 0.075s | Train Loss: 0.028987 |
2020-08-17 02:59:33,487 - root - INFO - | Epoch: 034/500 | Train Time: 0.075s | Train Loss: 0.028499 |
2020-08-17 02:59:33,563 - root - INFO - | Epoch: 035/500 | Train Time: 0.076s | Train Loss: 0.027083 |
2020-08-17 02:59:33,638 - root - INFO - | Epoch: 036/500 | Train Time: 0.074s | Train Loss: 0.025892 |
2020-08-17 02:59:33,711 - root - INFO - | Epoch: 037/500 | Train Time: 0.073s | Train Loss: 0.025439 |
2020-08-17 02:59:33,785 - root - INFO - | Epoch: 038/500 | Train Time: 0.074s | Train Loss: 0.024012 |
2020-08-17 02:59:33,860 - root - INFO - | Epoch: 039/500 | Train Time: 0.075s | Train Loss: 0.023928 |
2020-08-17 02:59:33,934 - root - INFO - | Epoch: 040/500 | Train Time: 0.074s | Train Loss: 0.023198 |
2020-08-17 02:59:34,007 - root - INFO - | Epoch: 041/500 | Train Time: 0.073s | Train Loss: 0.021991 |
2020-08-17 02:59:34,082 - root - INFO - | Epoch: 042/500 | Train Time: 0.075s | Train Loss: 0.021864 |
2020-08-17 02:59:34,157 - root - INFO - | Epoch: 043/500 | Train Time: 0.075s | Train Loss: 0.020335 |
2020-08-17 02:59:34,232 - root - INFO - | Epoch: 044/500 | Train Time: 0.075s | Train Loss: 0.020202 |
2020-08-17 02:59:34,307 - root - INFO - | Epoch: 045/500 | Train Time: 0.075s | Train Loss: 0.019176 |
2020-08-17 02:59:34,379 - root - INFO - | Epoch: 046/500 | Train Time: 0.072s | Train Loss: 0.018817 |
2020-08-17 02:59:34,454 - root - INFO - | Epoch: 047/500 | Train Time: 0.075s | Train Loss: 0.018491 |
2020-08-17 02:59:34,529 - root - INFO - | Epoch: 048/500 | Train Time: 0.075s | Train Loss: 0.018041 |
2020-08-17 02:59:34,604 - root - INFO - | Epoch: 049/500 | Train Time: 0.075s | Train Loss: 0.017437 |
2020-08-17 02:59:34,675 - root - INFO - | Epoch: 050/500 | Train Time: 0.071s | Train Loss: 0.016894 |
2020-08-17 02:59:34,675 - root - INFO -   LR scheduler: new learning rate is 1e-06
2020-08-17 02:59:34,746 - root - INFO - | Epoch: 051/500 | Train Time: 0.071s | Train Loss: 0.016977 |
2020-08-17 02:59:34,821 - root - INFO - | Epoch: 052/500 | Train Time: 0.075s | Train Loss: 0.016862 |
2020-08-17 02:59:34,897 - root - INFO - | Epoch: 053/500 | Train Time: 0.075s | Train Loss: 0.016581 |
2020-08-17 02:59:34,972 - root - INFO - | Epoch: 054/500 | Train Time: 0.075s | Train Loss: 0.016701 |
2020-08-17 02:59:35,046 - root - INFO - | Epoch: 055/500 | Train Time: 0.075s | Train Loss: 0.016580 |
2020-08-17 02:59:35,121 - root - INFO - | Epoch: 056/500 | Train Time: 0.074s | Train Loss: 0.016416 |
2020-08-17 02:59:35,196 - root - INFO - | Epoch: 057/500 | Train Time: 0.075s | Train Loss: 0.016028 |
2020-08-17 02:59:35,271 - root - INFO - | Epoch: 058/500 | Train Time: 0.075s | Train Loss: 0.016206 |
2020-08-17 02:59:35,346 - root - INFO - | Epoch: 059/500 | Train Time: 0.076s | Train Loss: 0.017117 |
2020-08-17 02:59:35,420 - root - INFO - | Epoch: 060/500 | Train Time: 0.074s | Train Loss: 0.015859 |
2020-08-17 02:59:35,495 - root - INFO - | Epoch: 061/500 | Train Time: 0.075s | Train Loss: 0.017033 |
2020-08-17 02:59:35,569 - root - INFO - | Epoch: 062/500 | Train Time: 0.074s | Train Loss: 0.015824 |
2020-08-17 02:59:35,645 - root - INFO - | Epoch: 063/500 | Train Time: 0.075s | Train Loss: 0.016709 |
2020-08-17 02:59:35,719 - root - INFO - | Epoch: 064/500 | Train Time: 0.074s | Train Loss: 0.016059 |
2020-08-17 02:59:35,794 - root - INFO - | Epoch: 065/500 | Train Time: 0.075s | Train Loss: 0.016171 |
2020-08-17 02:59:35,868 - root - INFO - | Epoch: 066/500 | Train Time: 0.074s | Train Loss: 0.016433 |
2020-08-17 02:59:35,943 - root - INFO - | Epoch: 067/500 | Train Time: 0.075s | Train Loss: 0.016495 |
2020-08-17 02:59:36,018 - root - INFO - | Epoch: 068/500 | Train Time: 0.075s | Train Loss: 0.016287 |
2020-08-17 02:59:36,092 - root - INFO - | Epoch: 069/500 | Train Time: 0.074s | Train Loss: 0.015355 |
2020-08-17 02:59:36,167 - root - INFO - | Epoch: 070/500 | Train Time: 0.075s | Train Loss: 0.015659 |
2020-08-17 02:59:36,242 - root - INFO - | Epoch: 071/500 | Train Time: 0.074s | Train Loss: 0.015739 |
2020-08-17 02:59:36,317 - root - INFO - | Epoch: 072/500 | Train Time: 0.075s | Train Loss: 0.015557 |
2020-08-17 02:59:36,392 - root - INFO - | Epoch: 073/500 | Train Time: 0.075s | Train Loss: 0.015949 |
2020-08-17 02:59:36,467 - root - INFO - | Epoch: 074/500 | Train Time: 0.075s | Train Loss: 0.015787 |
2020-08-17 02:59:36,542 - root - INFO - | Epoch: 075/500 | Train Time: 0.075s | Train Loss: 0.015975 |
2020-08-17 02:59:36,616 - root - INFO - | Epoch: 076/500 | Train Time: 0.074s | Train Loss: 0.015120 |
2020-08-17 02:59:36,691 - root - INFO - | Epoch: 077/500 | Train Time: 0.075s | Train Loss: 0.015593 |
2020-08-17 02:59:36,767 - root - INFO - | Epoch: 078/500 | Train Time: 0.075s | Train Loss: 0.015191 |
2020-08-17 02:59:36,842 - root - INFO - | Epoch: 079/500 | Train Time: 0.075s | Train Loss: 0.015399 |
2020-08-17 02:59:36,918 - root - INFO - | Epoch: 080/500 | Train Time: 0.075s | Train Loss: 0.015173 |
2020-08-17 02:59:36,992 - root - INFO - | Epoch: 081/500 | Train Time: 0.074s | Train Loss: 0.014839 |
2020-08-17 02:59:37,067 - root - INFO - | Epoch: 082/500 | Train Time: 0.075s | Train Loss: 0.015717 |
2020-08-17 02:59:37,142 - root - INFO - | Epoch: 083/500 | Train Time: 0.075s | Train Loss: 0.015755 |
2020-08-17 02:59:37,217 - root - INFO - | Epoch: 084/500 | Train Time: 0.075s | Train Loss: 0.015412 |
2020-08-17 02:59:37,292 - root - INFO - | Epoch: 085/500 | Train Time: 0.075s | Train Loss: 0.015267 |
2020-08-17 02:59:37,367 - root - INFO - | Epoch: 086/500 | Train Time: 0.075s | Train Loss: 0.015332 |
2020-08-17 02:59:37,441 - root - INFO - | Epoch: 087/500 | Train Time: 0.074s | Train Loss: 0.015035 |
2020-08-17 02:59:37,515 - root - INFO - | Epoch: 088/500 | Train Time: 0.074s | Train Loss: 0.014986 |
2020-08-17 02:59:37,590 - root - INFO - | Epoch: 089/500 | Train Time: 0.075s | Train Loss: 0.014859 |
2020-08-17 02:59:37,664 - root - INFO - | Epoch: 090/500 | Train Time: 0.074s | Train Loss: 0.014938 |
2020-08-17 02:59:37,739 - root - INFO - | Epoch: 091/500 | Train Time: 0.074s | Train Loss: 0.014797 |
2020-08-17 02:59:37,813 - root - INFO - | Epoch: 092/500 | Train Time: 0.074s | Train Loss: 0.014579 |
2020-08-17 02:59:37,888 - root - INFO - | Epoch: 093/500 | Train Time: 0.075s | Train Loss: 0.014491 |
2020-08-17 02:59:37,964 - root - INFO - | Epoch: 094/500 | Train Time: 0.075s | Train Loss: 0.014634 |
2020-08-17 02:59:38,039 - root - INFO - | Epoch: 095/500 | Train Time: 0.075s | Train Loss: 0.014513 |
2020-08-17 02:59:38,114 - root - INFO - | Epoch: 096/500 | Train Time: 0.075s | Train Loss: 0.014706 |
2020-08-17 02:59:38,188 - root - INFO - | Epoch: 097/500 | Train Time: 0.075s | Train Loss: 0.014326 |
2020-08-17 02:59:38,264 - root - INFO - | Epoch: 098/500 | Train Time: 0.075s | Train Loss: 0.014532 |
2020-08-17 02:59:38,339 - root - INFO - | Epoch: 099/500 | Train Time: 0.075s | Train Loss: 0.014159 |
2020-08-17 02:59:38,414 - root - INFO - | Epoch: 100/500 | Train Time: 0.075s | Train Loss: 0.014600 |
2020-08-17 02:59:38,488 - root - INFO - | Epoch: 101/500 | Train Time: 0.075s | Train Loss: 0.014224 |
2020-08-17 02:59:38,563 - root - INFO - | Epoch: 102/500 | Train Time: 0.075s | Train Loss: 0.014136 |
2020-08-17 02:59:38,638 - root - INFO - | Epoch: 103/500 | Train Time: 0.075s | Train Loss: 0.014332 |
2020-08-17 02:59:38,713 - root - INFO - | Epoch: 104/500 | Train Time: 0.075s | Train Loss: 0.014585 |
2020-08-17 02:59:38,788 - root - INFO - | Epoch: 105/500 | Train Time: 0.075s | Train Loss: 0.014572 |
2020-08-17 02:59:38,864 - root - INFO - | Epoch: 106/500 | Train Time: 0.075s | Train Loss: 0.014550 |
2020-08-17 02:59:38,938 - root - INFO - | Epoch: 107/500 | Train Time: 0.074s | Train Loss: 0.013783 |
2020-08-17 02:59:39,013 - root - INFO - | Epoch: 108/500 | Train Time: 0.075s | Train Loss: 0.013810 |
2020-08-17 02:59:39,089 - root - INFO - | Epoch: 109/500 | Train Time: 0.075s | Train Loss: 0.013977 |
2020-08-17 02:59:39,163 - root - INFO - | Epoch: 110/500 | Train Time: 0.074s | Train Loss: 0.013903 |
2020-08-17 02:59:39,239 - root - INFO - | Epoch: 111/500 | Train Time: 0.075s | Train Loss: 0.013737 |
2020-08-17 02:59:39,314 - root - INFO - | Epoch: 112/500 | Train Time: 0.076s | Train Loss: 0.014089 |
2020-08-17 02:59:39,389 - root - INFO - | Epoch: 113/500 | Train Time: 0.074s | Train Loss: 0.013708 |
2020-08-17 02:59:39,464 - root - INFO - | Epoch: 114/500 | Train Time: 0.075s | Train Loss: 0.013719 |
2020-08-17 02:59:39,540 - root - INFO - | Epoch: 115/500 | Train Time: 0.076s | Train Loss: 0.013618 |
2020-08-17 02:59:39,615 - root - INFO - | Epoch: 116/500 | Train Time: 0.075s | Train Loss: 0.013386 |
2020-08-17 02:59:39,688 - root - INFO - | Epoch: 117/500 | Train Time: 0.073s | Train Loss: 0.013464 |
2020-08-17 02:59:39,759 - root - INFO - | Epoch: 118/500 | Train Time: 0.071s | Train Loss: 0.013597 |
2020-08-17 02:59:39,833 - root - INFO - | Epoch: 119/500 | Train Time: 0.074s | Train Loss: 0.013824 |
2020-08-17 02:59:39,908 - root - INFO - | Epoch: 120/500 | Train Time: 0.075s | Train Loss: 0.013233 |
2020-08-17 02:59:39,983 - root - INFO - | Epoch: 121/500 | Train Time: 0.075s | Train Loss: 0.013844 |
2020-08-17 02:59:40,058 - root - INFO - | Epoch: 122/500 | Train Time: 0.075s | Train Loss: 0.012886 |
2020-08-17 02:59:40,133 - root - INFO - | Epoch: 123/500 | Train Time: 0.075s | Train Loss: 0.013425 |
2020-08-17 02:59:40,203 - root - INFO - | Epoch: 124/500 | Train Time: 0.070s | Train Loss: 0.012967 |
2020-08-17 02:59:40,275 - root - INFO - | Epoch: 125/500 | Train Time: 0.072s | Train Loss: 0.013172 |
2020-08-17 02:59:40,350 - root - INFO - | Epoch: 126/500 | Train Time: 0.075s | Train Loss: 0.013007 |
2020-08-17 02:59:40,424 - root - INFO - | Epoch: 127/500 | Train Time: 0.074s | Train Loss: 0.012814 |
2020-08-17 02:59:40,498 - root - INFO - | Epoch: 128/500 | Train Time: 0.074s | Train Loss: 0.012881 |
2020-08-17 02:59:40,573 - root - INFO - | Epoch: 129/500 | Train Time: 0.075s | Train Loss: 0.012307 |
2020-08-17 02:59:40,649 - root - INFO - | Epoch: 130/500 | Train Time: 0.076s | Train Loss: 0.012877 |
2020-08-17 02:59:40,719 - root - INFO - | Epoch: 131/500 | Train Time: 0.070s | Train Loss: 0.012577 |
2020-08-17 02:59:40,793 - root - INFO - | Epoch: 132/500 | Train Time: 0.074s | Train Loss: 0.012673 |
2020-08-17 02:59:40,868 - root - INFO - | Epoch: 133/500 | Train Time: 0.075s | Train Loss: 0.012505 |
2020-08-17 02:59:40,943 - root - INFO - | Epoch: 134/500 | Train Time: 0.075s | Train Loss: 0.012648 |
2020-08-17 02:59:41,018 - root - INFO - | Epoch: 135/500 | Train Time: 0.075s | Train Loss: 0.012505 |
2020-08-17 02:59:41,093 - root - INFO - | Epoch: 136/500 | Train Time: 0.075s | Train Loss: 0.012537 |
2020-08-17 02:59:41,167 - root - INFO - | Epoch: 137/500 | Train Time: 0.074s | Train Loss: 0.012363 |
2020-08-17 02:59:41,237 - root - INFO - | Epoch: 138/500 | Train Time: 0.069s | Train Loss: 0.012965 |
2020-08-17 02:59:41,311 - root - INFO - | Epoch: 139/500 | Train Time: 0.074s | Train Loss: 0.012686 |
2020-08-17 02:59:41,385 - root - INFO - | Epoch: 140/500 | Train Time: 0.074s | Train Loss: 0.012152 |
2020-08-17 02:59:41,460 - root - INFO - | Epoch: 141/500 | Train Time: 0.075s | Train Loss: 0.012073 |
2020-08-17 02:59:41,536 - root - INFO - | Epoch: 142/500 | Train Time: 0.075s | Train Loss: 0.012502 |
2020-08-17 02:59:41,610 - root - INFO - | Epoch: 143/500 | Train Time: 0.075s | Train Loss: 0.012134 |
2020-08-17 02:59:41,683 - root - INFO - | Epoch: 144/500 | Train Time: 0.073s | Train Loss: 0.012244 |
2020-08-17 02:59:41,755 - root - INFO - | Epoch: 145/500 | Train Time: 0.072s | Train Loss: 0.012220 |
2020-08-17 02:59:41,830 - root - INFO - | Epoch: 146/500 | Train Time: 0.074s | Train Loss: 0.012130 |
2020-08-17 02:59:41,905 - root - INFO - | Epoch: 147/500 | Train Time: 0.075s | Train Loss: 0.011667 |
2020-08-17 02:59:41,980 - root - INFO - | Epoch: 148/500 | Train Time: 0.075s | Train Loss: 0.012207 |
2020-08-17 02:59:42,054 - root - INFO - | Epoch: 149/500 | Train Time: 0.075s | Train Loss: 0.011871 |
2020-08-17 02:59:42,129 - root - INFO - | Epoch: 150/500 | Train Time: 0.075s | Train Loss: 0.012172 |
2020-08-17 02:59:42,202 - root - INFO - | Epoch: 151/500 | Train Time: 0.072s | Train Loss: 0.011964 |
2020-08-17 02:59:42,274 - root - INFO - | Epoch: 152/500 | Train Time: 0.072s | Train Loss: 0.011370 |
2020-08-17 02:59:42,348 - root - INFO - | Epoch: 153/500 | Train Time: 0.074s | Train Loss: 0.011868 |
2020-08-17 02:59:42,423 - root - INFO - | Epoch: 154/500 | Train Time: 0.075s | Train Loss: 0.011848 |
2020-08-17 02:59:42,498 - root - INFO - | Epoch: 155/500 | Train Time: 0.075s | Train Loss: 0.011852 |
2020-08-17 02:59:42,573 - root - INFO - | Epoch: 156/500 | Train Time: 0.075s | Train Loss: 0.011695 |
2020-08-17 02:59:42,649 - root - INFO - | Epoch: 157/500 | Train Time: 0.076s | Train Loss: 0.011365 |
2020-08-17 02:59:42,718 - root - INFO - | Epoch: 158/500 | Train Time: 0.069s | Train Loss: 0.011877 |
2020-08-17 02:59:42,793 - root - INFO - | Epoch: 159/500 | Train Time: 0.074s | Train Loss: 0.011777 |
2020-08-17 02:59:42,867 - root - INFO - | Epoch: 160/500 | Train Time: 0.074s | Train Loss: 0.011504 |
2020-08-17 02:59:42,942 - root - INFO - | Epoch: 161/500 | Train Time: 0.075s | Train Loss: 0.011363 |
2020-08-17 02:59:43,016 - root - INFO - | Epoch: 162/500 | Train Time: 0.074s | Train Loss: 0.011566 |
2020-08-17 02:59:43,091 - root - INFO - | Epoch: 163/500 | Train Time: 0.074s | Train Loss: 0.011488 |
2020-08-17 02:59:43,166 - root - INFO - | Epoch: 164/500 | Train Time: 0.075s | Train Loss: 0.011611 |
2020-08-17 02:59:43,235 - root - INFO - | Epoch: 165/500 | Train Time: 0.069s | Train Loss: 0.011270 |
2020-08-17 02:59:43,310 - root - INFO - | Epoch: 166/500 | Train Time: 0.075s | Train Loss: 0.011458 |
2020-08-17 02:59:43,384 - root - INFO - | Epoch: 167/500 | Train Time: 0.075s | Train Loss: 0.011285 |
2020-08-17 02:59:43,459 - root - INFO - | Epoch: 168/500 | Train Time: 0.075s | Train Loss: 0.011076 |
2020-08-17 02:59:43,534 - root - INFO - | Epoch: 169/500 | Train Time: 0.075s | Train Loss: 0.011033 |
2020-08-17 02:59:43,609 - root - INFO - | Epoch: 170/500 | Train Time: 0.075s | Train Loss: 0.011393 |
2020-08-17 02:59:43,683 - root - INFO - | Epoch: 171/500 | Train Time: 0.074s | Train Loss: 0.011391 |
2020-08-17 02:59:43,754 - root - INFO - | Epoch: 172/500 | Train Time: 0.071s | Train Loss: 0.011384 |
2020-08-17 02:59:43,827 - root - INFO - | Epoch: 173/500 | Train Time: 0.074s | Train Loss: 0.010830 |
2020-08-17 02:59:43,902 - root - INFO - | Epoch: 174/500 | Train Time: 0.075s | Train Loss: 0.011207 |
2020-08-17 02:59:43,977 - root - INFO - | Epoch: 175/500 | Train Time: 0.075s | Train Loss: 0.010488 |
2020-08-17 02:59:44,053 - root - INFO - | Epoch: 176/500 | Train Time: 0.075s | Train Loss: 0.010798 |
2020-08-17 02:59:44,128 - root - INFO - | Epoch: 177/500 | Train Time: 0.075s | Train Loss: 0.010790 |
2020-08-17 02:59:44,200 - root - INFO - | Epoch: 178/500 | Train Time: 0.072s | Train Loss: 0.010647 |
2020-08-17 02:59:44,272 - root - INFO - | Epoch: 179/500 | Train Time: 0.072s | Train Loss: 0.010696 |
2020-08-17 02:59:44,346 - root - INFO - | Epoch: 180/500 | Train Time: 0.074s | Train Loss: 0.010828 |
2020-08-17 02:59:44,421 - root - INFO - | Epoch: 181/500 | Train Time: 0.074s | Train Loss: 0.010925 |
2020-08-17 02:59:44,496 - root - INFO - | Epoch: 182/500 | Train Time: 0.075s | Train Loss: 0.010453 |
2020-08-17 02:59:44,571 - root - INFO - | Epoch: 183/500 | Train Time: 0.075s | Train Loss: 0.010740 |
2020-08-17 02:59:44,646 - root - INFO - | Epoch: 184/500 | Train Time: 0.075s | Train Loss: 0.010780 |
2020-08-17 02:59:44,719 - root - INFO - | Epoch: 185/500 | Train Time: 0.073s | Train Loss: 0.010796 |
2020-08-17 02:59:44,793 - root - INFO - | Epoch: 186/500 | Train Time: 0.074s | Train Loss: 0.010691 |
2020-08-17 02:59:44,868 - root - INFO - | Epoch: 187/500 | Train Time: 0.075s | Train Loss: 0.010782 |
2020-08-17 02:59:44,948 - root - INFO - | Epoch: 188/500 | Train Time: 0.080s | Train Loss: 0.010406 |
2020-08-17 02:59:45,017 - root - INFO - | Epoch: 189/500 | Train Time: 0.068s | Train Loss: 0.010087 |
2020-08-17 02:59:45,090 - root - INFO - | Epoch: 190/500 | Train Time: 0.073s | Train Loss: 0.010272 |
2020-08-17 02:59:45,164 - root - INFO - | Epoch: 191/500 | Train Time: 0.074s | Train Loss: 0.010214 |
2020-08-17 02:59:45,237 - root - INFO - | Epoch: 192/500 | Train Time: 0.073s | Train Loss: 0.010344 |
2020-08-17 02:59:45,311 - root - INFO - | Epoch: 193/500 | Train Time: 0.073s | Train Loss: 0.010019 |
2020-08-17 02:59:45,384 - root - INFO - | Epoch: 194/500 | Train Time: 0.074s | Train Loss: 0.010388 |
2020-08-17 02:59:45,458 - root - INFO - | Epoch: 195/500 | Train Time: 0.074s | Train Loss: 0.010053 |
2020-08-17 02:59:45,531 - root - INFO - | Epoch: 196/500 | Train Time: 0.073s | Train Loss: 0.010147 |
2020-08-17 02:59:45,604 - root - INFO - | Epoch: 197/500 | Train Time: 0.073s | Train Loss: 0.010121 |
2020-08-17 02:59:45,677 - root - INFO - | Epoch: 198/500 | Train Time: 0.073s | Train Loss: 0.009940 |
2020-08-17 02:59:45,750 - root - INFO - | Epoch: 199/500 | Train Time: 0.074s | Train Loss: 0.010035 |
2020-08-17 02:59:45,824 - root - INFO - | Epoch: 200/500 | Train Time: 0.074s | Train Loss: 0.009804 |
2020-08-17 02:59:45,898 - root - INFO - | Epoch: 201/500 | Train Time: 0.073s | Train Loss: 0.010059 |
2020-08-17 02:59:45,971 - root - INFO - | Epoch: 202/500 | Train Time: 0.073s | Train Loss: 0.009998 |
2020-08-17 02:59:46,044 - root - INFO - | Epoch: 203/500 | Train Time: 0.073s | Train Loss: 0.009674 |
2020-08-17 02:59:46,117 - root - INFO - | Epoch: 204/500 | Train Time: 0.073s | Train Loss: 0.009735 |
2020-08-17 02:59:46,193 - root - INFO - | Epoch: 205/500 | Train Time: 0.076s | Train Loss: 0.009524 |
2020-08-17 02:59:46,268 - root - INFO - | Epoch: 206/500 | Train Time: 0.075s | Train Loss: 0.009950 |
2020-08-17 02:59:46,343 - root - INFO - | Epoch: 207/500 | Train Time: 0.074s | Train Loss: 0.009446 |
2020-08-17 02:59:46,418 - root - INFO - | Epoch: 208/500 | Train Time: 0.075s | Train Loss: 0.009671 |
2020-08-17 02:59:46,493 - root - INFO - | Epoch: 209/500 | Train Time: 0.075s | Train Loss: 0.009705 |
2020-08-17 02:59:46,569 - root - INFO - | Epoch: 210/500 | Train Time: 0.076s | Train Loss: 0.009511 |
2020-08-17 02:59:46,645 - root - INFO - | Epoch: 211/500 | Train Time: 0.075s | Train Loss: 0.009181 |
2020-08-17 02:59:46,721 - root - INFO - | Epoch: 212/500 | Train Time: 0.076s | Train Loss: 0.009114 |
2020-08-17 02:59:46,796 - root - INFO - | Epoch: 213/500 | Train Time: 0.075s | Train Loss: 0.008952 |
2020-08-17 02:59:46,872 - root - INFO - | Epoch: 214/500 | Train Time: 0.076s | Train Loss: 0.009345 |
2020-08-17 02:59:46,948 - root - INFO - | Epoch: 215/500 | Train Time: 0.076s | Train Loss: 0.009419 |
2020-08-17 02:59:47,024 - root - INFO - | Epoch: 216/500 | Train Time: 0.076s | Train Loss: 0.009395 |
2020-08-17 02:59:47,100 - root - INFO - | Epoch: 217/500 | Train Time: 0.076s | Train Loss: 0.009373 |
2020-08-17 02:59:47,181 - root - INFO - | Epoch: 218/500 | Train Time: 0.081s | Train Loss: 0.009509 |
2020-08-17 02:59:47,255 - root - INFO - | Epoch: 219/500 | Train Time: 0.074s | Train Loss: 0.009456 |
2020-08-17 02:59:47,331 - root - INFO - | Epoch: 220/500 | Train Time: 0.076s | Train Loss: 0.009214 |
2020-08-17 02:59:47,409 - root - INFO - | Epoch: 221/500 | Train Time: 0.078s | Train Loss: 0.009341 |
2020-08-17 02:59:47,486 - root - INFO - | Epoch: 222/500 | Train Time: 0.077s | Train Loss: 0.009086 |
2020-08-17 02:59:47,564 - root - INFO - | Epoch: 223/500 | Train Time: 0.077s | Train Loss: 0.009267 |
2020-08-17 02:59:47,642 - root - INFO - | Epoch: 224/500 | Train Time: 0.078s | Train Loss: 0.008967 |
2020-08-17 02:59:47,719 - root - INFO - | Epoch: 225/500 | Train Time: 0.077s | Train Loss: 0.008787 |
2020-08-17 02:59:47,797 - root - INFO - | Epoch: 226/500 | Train Time: 0.078s | Train Loss: 0.009267 |
2020-08-17 02:59:47,875 - root - INFO - | Epoch: 227/500 | Train Time: 0.078s | Train Loss: 0.009038 |
2020-08-17 02:59:47,953 - root - INFO - | Epoch: 228/500 | Train Time: 0.078s | Train Loss: 0.008950 |
2020-08-17 02:59:48,031 - root - INFO - | Epoch: 229/500 | Train Time: 0.078s | Train Loss: 0.009003 |
2020-08-17 02:59:48,109 - root - INFO - | Epoch: 230/500 | Train Time: 0.078s | Train Loss: 0.008917 |
2020-08-17 02:59:48,186 - root - INFO - | Epoch: 231/500 | Train Time: 0.077s | Train Loss: 0.008546 |
2020-08-17 02:59:48,264 - root - INFO - | Epoch: 232/500 | Train Time: 0.078s | Train Loss: 0.008860 |
2020-08-17 02:59:48,343 - root - INFO - | Epoch: 233/500 | Train Time: 0.079s | Train Loss: 0.008717 |
2020-08-17 02:59:48,421 - root - INFO - | Epoch: 234/500 | Train Time: 0.078s | Train Loss: 0.008717 |
2020-08-17 02:59:48,499 - root - INFO - | Epoch: 235/500 | Train Time: 0.078s | Train Loss: 0.008786 |
2020-08-17 02:59:48,577 - root - INFO - | Epoch: 236/500 | Train Time: 0.078s | Train Loss: 0.008537 |
2020-08-17 02:59:48,655 - root - INFO - | Epoch: 237/500 | Train Time: 0.078s | Train Loss: 0.008885 |
2020-08-17 02:59:48,733 - root - INFO - | Epoch: 238/500 | Train Time: 0.078s | Train Loss: 0.008557 |
2020-08-17 02:59:48,811 - root - INFO - | Epoch: 239/500 | Train Time: 0.078s | Train Loss: 0.009011 |
2020-08-17 02:59:48,889 - root - INFO - | Epoch: 240/500 | Train Time: 0.078s | Train Loss: 0.008583 |
2020-08-17 02:59:48,967 - root - INFO - | Epoch: 241/500 | Train Time: 0.078s | Train Loss: 0.008675 |
2020-08-17 02:59:49,045 - root - INFO - | Epoch: 242/500 | Train Time: 0.078s | Train Loss: 0.008552 |
2020-08-17 02:59:49,123 - root - INFO - | Epoch: 243/500 | Train Time: 0.078s | Train Loss: 0.008332 |
2020-08-17 02:59:49,206 - root - INFO - | Epoch: 244/500 | Train Time: 0.082s | Train Loss: 0.008269 |
2020-08-17 02:59:49,281 - root - INFO - | Epoch: 245/500 | Train Time: 0.075s | Train Loss: 0.008493 |
2020-08-17 02:59:49,357 - root - INFO - | Epoch: 246/500 | Train Time: 0.077s | Train Loss: 0.008176 |
2020-08-17 02:59:49,434 - root - INFO - | Epoch: 247/500 | Train Time: 0.077s | Train Loss: 0.008629 |
2020-08-17 02:59:49,511 - root - INFO - | Epoch: 248/500 | Train Time: 0.077s | Train Loss: 0.008266 |
2020-08-17 02:59:49,588 - root - INFO - | Epoch: 249/500 | Train Time: 0.077s | Train Loss: 0.008301 |
2020-08-17 02:59:49,665 - root - INFO - | Epoch: 250/500 | Train Time: 0.078s | Train Loss: 0.008371 |
2020-08-17 02:59:49,742 - root - INFO - | Epoch: 251/500 | Train Time: 0.076s | Train Loss: 0.008177 |
2020-08-17 02:59:49,820 - root - INFO - | Epoch: 252/500 | Train Time: 0.078s | Train Loss: 0.008126 |
2020-08-17 02:59:49,896 - root - INFO - | Epoch: 253/500 | Train Time: 0.077s | Train Loss: 0.008078 |
2020-08-17 02:59:49,974 - root - INFO - | Epoch: 254/500 | Train Time: 0.077s | Train Loss: 0.008413 |
2020-08-17 02:59:50,052 - root - INFO - | Epoch: 255/500 | Train Time: 0.078s | Train Loss: 0.008756 |
2020-08-17 02:59:50,130 - root - INFO - | Epoch: 256/500 | Train Time: 0.078s | Train Loss: 0.008235 |
2020-08-17 02:59:50,207 - root - INFO - | Epoch: 257/500 | Train Time: 0.077s | Train Loss: 0.008284 |
2020-08-17 02:59:50,285 - root - INFO - | Epoch: 258/500 | Train Time: 0.078s | Train Loss: 0.008048 |
2020-08-17 02:59:50,363 - root - INFO - | Epoch: 259/500 | Train Time: 0.078s | Train Loss: 0.007857 |
2020-08-17 02:59:50,441 - root - INFO - | Epoch: 260/500 | Train Time: 0.078s | Train Loss: 0.008091 |
2020-08-17 02:59:50,518 - root - INFO - | Epoch: 261/500 | Train Time: 0.077s | Train Loss: 0.008341 |
2020-08-17 02:59:50,596 - root - INFO - | Epoch: 262/500 | Train Time: 0.077s | Train Loss: 0.007733 |
2020-08-17 02:59:50,674 - root - INFO - | Epoch: 263/500 | Train Time: 0.078s | Train Loss: 0.007750 |
2020-08-17 02:59:50,752 - root - INFO - | Epoch: 264/500 | Train Time: 0.078s | Train Loss: 0.008068 |
2020-08-17 02:59:50,830 - root - INFO - | Epoch: 265/500 | Train Time: 0.078s | Train Loss: 0.008092 |
2020-08-17 02:59:50,908 - root - INFO - | Epoch: 266/500 | Train Time: 0.078s | Train Loss: 0.007726 |
2020-08-17 02:59:50,986 - root - INFO - | Epoch: 267/500 | Train Time: 0.078s | Train Loss: 0.007845 |
2020-08-17 02:59:51,063 - root - INFO - | Epoch: 268/500 | Train Time: 0.077s | Train Loss: 0.007634 |
2020-08-17 02:59:51,141 - root - INFO - | Epoch: 269/500 | Train Time: 0.078s | Train Loss: 0.007710 |
2020-08-17 02:59:51,219 - root - INFO - | Epoch: 270/500 | Train Time: 0.078s | Train Loss: 0.007661 |
2020-08-17 02:59:51,298 - root - INFO - | Epoch: 271/500 | Train Time: 0.079s | Train Loss: 0.007808 |
2020-08-17 02:59:51,375 - root - INFO - | Epoch: 272/500 | Train Time: 0.077s | Train Loss: 0.007509 |
2020-08-17 02:59:51,454 - root - INFO - | Epoch: 273/500 | Train Time: 0.078s | Train Loss: 0.007495 |
2020-08-17 02:59:51,531 - root - INFO - | Epoch: 274/500 | Train Time: 0.078s | Train Loss: 0.007592 |
2020-08-17 02:59:51,609 - root - INFO - | Epoch: 275/500 | Train Time: 0.078s | Train Loss: 0.007796 |
2020-08-17 02:59:51,687 - root - INFO - | Epoch: 276/500 | Train Time: 0.077s | Train Loss: 0.007082 |
2020-08-17 02:59:51,765 - root - INFO - | Epoch: 277/500 | Train Time: 0.078s | Train Loss: 0.007465 |
2020-08-17 02:59:51,843 - root - INFO - | Epoch: 278/500 | Train Time: 0.078s | Train Loss: 0.007354 |
2020-08-17 02:59:51,920 - root - INFO - | Epoch: 279/500 | Train Time: 0.077s | Train Loss: 0.007650 |
2020-08-17 02:59:51,998 - root - INFO - | Epoch: 280/500 | Train Time: 0.078s | Train Loss: 0.007786 |
2020-08-17 02:59:52,076 - root - INFO - | Epoch: 281/500 | Train Time: 0.078s | Train Loss: 0.007967 |
2020-08-17 02:59:52,154 - root - INFO - | Epoch: 282/500 | Train Time: 0.078s | Train Loss: 0.007658 |
2020-08-17 02:59:52,232 - root - INFO - | Epoch: 283/500 | Train Time: 0.078s | Train Loss: 0.007204 |
2020-08-17 02:59:52,310 - root - INFO - | Epoch: 284/500 | Train Time: 0.078s | Train Loss: 0.007562 |
2020-08-17 02:59:52,388 - root - INFO - | Epoch: 285/500 | Train Time: 0.078s | Train Loss: 0.007512 |
2020-08-17 02:59:52,466 - root - INFO - | Epoch: 286/500 | Train Time: 0.078s | Train Loss: 0.007575 |
2020-08-17 02:59:52,544 - root - INFO - | Epoch: 287/500 | Train Time: 0.078s | Train Loss: 0.007310 |
2020-08-17 02:59:52,622 - root - INFO - | Epoch: 288/500 | Train Time: 0.078s | Train Loss: 0.007441 |
2020-08-17 02:59:52,699 - root - INFO - | Epoch: 289/500 | Train Time: 0.077s | Train Loss: 0.007366 |
2020-08-17 02:59:52,777 - root - INFO - | Epoch: 290/500 | Train Time: 0.078s | Train Loss: 0.007068 |
2020-08-17 02:59:52,855 - root - INFO - | Epoch: 291/500 | Train Time: 0.077s | Train Loss: 0.007313 |
2020-08-17 02:59:52,932 - root - INFO - | Epoch: 292/500 | Train Time: 0.077s | Train Loss: 0.006860 |
2020-08-17 02:59:53,011 - root - INFO - | Epoch: 293/500 | Train Time: 0.079s | Train Loss: 0.006911 |
2020-08-17 02:59:53,089 - root - INFO - | Epoch: 294/500 | Train Time: 0.078s | Train Loss: 0.007393 |
2020-08-17 02:59:53,167 - root - INFO - | Epoch: 295/500 | Train Time: 0.078s | Train Loss: 0.007409 |
2020-08-17 02:59:53,243 - root - INFO - | Epoch: 296/500 | Train Time: 0.076s | Train Loss: 0.007420 |
2020-08-17 02:59:53,321 - root - INFO - | Epoch: 297/500 | Train Time: 0.077s | Train Loss: 0.007255 |
2020-08-17 02:59:53,398 - root - INFO - | Epoch: 298/500 | Train Time: 0.078s | Train Loss: 0.007083 |
2020-08-17 02:59:53,476 - root - INFO - | Epoch: 299/500 | Train Time: 0.078s | Train Loss: 0.006992 |
2020-08-17 02:59:53,555 - root - INFO - | Epoch: 300/500 | Train Time: 0.078s | Train Loss: 0.007308 |
2020-08-17 02:59:53,632 - root - INFO - | Epoch: 301/500 | Train Time: 0.078s | Train Loss: 0.006697 |
2020-08-17 02:59:53,711 - root - INFO - | Epoch: 302/500 | Train Time: 0.078s | Train Loss: 0.006709 |
2020-08-17 02:59:53,789 - root - INFO - | Epoch: 303/500 | Train Time: 0.078s | Train Loss: 0.006801 |
2020-08-17 02:59:53,866 - root - INFO - | Epoch: 304/500 | Train Time: 0.077s | Train Loss: 0.006845 |
2020-08-17 02:59:53,944 - root - INFO - | Epoch: 305/500 | Train Time: 0.078s | Train Loss: 0.006744 |
2020-08-17 02:59:54,022 - root - INFO - | Epoch: 306/500 | Train Time: 0.078s | Train Loss: 0.007018 |
2020-08-17 02:59:54,100 - root - INFO - | Epoch: 307/500 | Train Time: 0.078s | Train Loss: 0.007078 |
2020-08-17 02:59:54,178 - root - INFO - | Epoch: 308/500 | Train Time: 0.079s | Train Loss: 0.006907 |
2020-08-17 02:59:54,256 - root - INFO - | Epoch: 309/500 | Train Time: 0.078s | Train Loss: 0.006803 |
2020-08-17 02:59:54,335 - root - INFO - | Epoch: 310/500 | Train Time: 0.078s | Train Loss: 0.006875 |
2020-08-17 02:59:54,413 - root - INFO - | Epoch: 311/500 | Train Time: 0.078s | Train Loss: 0.007074 |
2020-08-17 02:59:54,491 - root - INFO - | Epoch: 312/500 | Train Time: 0.077s | Train Loss: 0.006713 |
2020-08-17 02:59:54,569 - root - INFO - | Epoch: 313/500 | Train Time: 0.079s | Train Loss: 0.006805 |
2020-08-17 02:59:54,647 - root - INFO - | Epoch: 314/500 | Train Time: 0.077s | Train Loss: 0.006943 |
2020-08-17 02:59:54,725 - root - INFO - | Epoch: 315/500 | Train Time: 0.078s | Train Loss: 0.006666 |
2020-08-17 02:59:54,803 - root - INFO - | Epoch: 316/500 | Train Time: 0.078s | Train Loss: 0.006758 |
2020-08-17 02:59:54,882 - root - INFO - | Epoch: 317/500 | Train Time: 0.078s | Train Loss: 0.006573 |
2020-08-17 02:59:54,959 - root - INFO - | Epoch: 318/500 | Train Time: 0.077s | Train Loss: 0.006550 |
2020-08-17 02:59:55,037 - root - INFO - | Epoch: 319/500 | Train Time: 0.078s | Train Loss: 0.006617 |
2020-08-17 02:59:55,115 - root - INFO - | Epoch: 320/500 | Train Time: 0.078s | Train Loss: 0.006703 |
2020-08-17 02:59:55,193 - root - INFO - | Epoch: 321/500 | Train Time: 0.078s | Train Loss: 0.006770 |
2020-08-17 02:59:55,271 - root - INFO - | Epoch: 322/500 | Train Time: 0.078s | Train Loss: 0.006425 |
2020-08-17 02:59:55,349 - root - INFO - | Epoch: 323/500 | Train Time: 0.078s | Train Loss: 0.006196 |
2020-08-17 02:59:55,429 - root - INFO - | Epoch: 324/500 | Train Time: 0.080s | Train Loss: 0.006635 |
2020-08-17 02:59:55,509 - root - INFO - | Epoch: 325/500 | Train Time: 0.079s | Train Loss: 0.006368 |
2020-08-17 02:59:55,592 - root - INFO - | Epoch: 326/500 | Train Time: 0.083s | Train Loss: 0.006543 |
2020-08-17 02:59:55,669 - root - INFO - | Epoch: 327/500 | Train Time: 0.077s | Train Loss: 0.006918 |
2020-08-17 02:59:55,748 - root - INFO - | Epoch: 328/500 | Train Time: 0.078s | Train Loss: 0.006897 |
2020-08-17 02:59:55,826 - root - INFO - | Epoch: 329/500 | Train Time: 0.078s | Train Loss: 0.006502 |
2020-08-17 02:59:55,903 - root - INFO - | Epoch: 330/500 | Train Time: 0.077s | Train Loss: 0.006114 |
2020-08-17 02:59:55,981 - root - INFO - | Epoch: 331/500 | Train Time: 0.077s | Train Loss: 0.006468 |
2020-08-17 02:59:56,058 - root - INFO - | Epoch: 332/500 | Train Time: 0.078s | Train Loss: 0.006224 |
2020-08-17 02:59:56,136 - root - INFO - | Epoch: 333/500 | Train Time: 0.077s | Train Loss: 0.006463 |
2020-08-17 02:59:56,214 - root - INFO - | Epoch: 334/500 | Train Time: 0.078s | Train Loss: 0.006328 |
2020-08-17 02:59:56,292 - root - INFO - | Epoch: 335/500 | Train Time: 0.078s | Train Loss: 0.006446 |
2020-08-17 02:59:56,370 - root - INFO - | Epoch: 336/500 | Train Time: 0.078s | Train Loss: 0.006134 |
2020-08-17 02:59:56,448 - root - INFO - | Epoch: 337/500 | Train Time: 0.078s | Train Loss: 0.006031 |
2020-08-17 02:59:56,526 - root - INFO - | Epoch: 338/500 | Train Time: 0.078s | Train Loss: 0.006216 |
2020-08-17 02:59:56,605 - root - INFO - | Epoch: 339/500 | Train Time: 0.078s | Train Loss: 0.006084 |
2020-08-17 02:59:56,682 - root - INFO - | Epoch: 340/500 | Train Time: 0.078s | Train Loss: 0.006221 |
2020-08-17 02:59:56,760 - root - INFO - | Epoch: 341/500 | Train Time: 0.077s | Train Loss: 0.006369 |
2020-08-17 02:59:56,838 - root - INFO - | Epoch: 342/500 | Train Time: 0.078s | Train Loss: 0.006525 |
2020-08-17 02:59:56,916 - root - INFO - | Epoch: 343/500 | Train Time: 0.078s | Train Loss: 0.005814 |
2020-08-17 02:59:56,998 - root - INFO - | Epoch: 344/500 | Train Time: 0.081s | Train Loss: 0.006253 |
2020-08-17 02:59:57,075 - root - INFO - | Epoch: 345/500 | Train Time: 0.077s | Train Loss: 0.005963 |
2020-08-17 02:59:57,149 - root - INFO - | Epoch: 346/500 | Train Time: 0.074s | Train Loss: 0.006007 |
2020-08-17 02:59:57,226 - root - INFO - | Epoch: 347/500 | Train Time: 0.077s | Train Loss: 0.005970 |
2020-08-17 02:59:57,311 - root - INFO - | Epoch: 348/500 | Train Time: 0.085s | Train Loss: 0.006262 |
2020-08-17 02:59:57,392 - root - INFO - | Epoch: 349/500 | Train Time: 0.081s | Train Loss: 0.006098 |
2020-08-17 02:59:57,472 - root - INFO - | Epoch: 350/500 | Train Time: 0.080s | Train Loss: 0.006033 |
2020-08-17 02:59:57,552 - root - INFO - | Epoch: 351/500 | Train Time: 0.081s | Train Loss: 0.006015 |
2020-08-17 02:59:57,632 - root - INFO - | Epoch: 352/500 | Train Time: 0.080s | Train Loss: 0.006145 |
2020-08-17 02:59:57,711 - root - INFO - | Epoch: 353/500 | Train Time: 0.079s | Train Loss: 0.005948 |
2020-08-17 02:59:57,790 - root - INFO - | Epoch: 354/500 | Train Time: 0.079s | Train Loss: 0.006029 |
2020-08-17 02:59:57,870 - root - INFO - | Epoch: 355/500 | Train Time: 0.079s | Train Loss: 0.005825 |
2020-08-17 02:59:57,949 - root - INFO - | Epoch: 356/500 | Train Time: 0.079s | Train Loss: 0.006031 |
2020-08-17 02:59:58,028 - root - INFO - | Epoch: 357/500 | Train Time: 0.079s | Train Loss: 0.006040 |
2020-08-17 02:59:58,108 - root - INFO - | Epoch: 358/500 | Train Time: 0.079s | Train Loss: 0.005736 |
2020-08-17 02:59:58,187 - root - INFO - | Epoch: 359/500 | Train Time: 0.079s | Train Loss: 0.005739 |
2020-08-17 02:59:58,266 - root - INFO - | Epoch: 360/500 | Train Time: 0.079s | Train Loss: 0.005646 |
2020-08-17 02:59:58,346 - root - INFO - | Epoch: 361/500 | Train Time: 0.079s | Train Loss: 0.005566 |
2020-08-17 02:59:58,425 - root - INFO - | Epoch: 362/500 | Train Time: 0.079s | Train Loss: 0.006121 |
2020-08-17 02:59:58,505 - root - INFO - | Epoch: 363/500 | Train Time: 0.080s | Train Loss: 0.005683 |
2020-08-17 02:59:58,585 - root - INFO - | Epoch: 364/500 | Train Time: 0.080s | Train Loss: 0.005597 |
2020-08-17 02:59:58,662 - root - INFO - | Epoch: 365/500 | Train Time: 0.077s | Train Loss: 0.005585 |
2020-08-17 02:59:58,739 - root - INFO - | Epoch: 366/500 | Train Time: 0.077s | Train Loss: 0.005875 |
2020-08-17 02:59:58,817 - root - INFO - | Epoch: 367/500 | Train Time: 0.077s | Train Loss: 0.005948 |
2020-08-17 02:59:58,895 - root - INFO - | Epoch: 368/500 | Train Time: 0.078s | Train Loss: 0.005807 |
2020-08-17 02:59:58,972 - root - INFO - | Epoch: 369/500 | Train Time: 0.078s | Train Loss: 0.005542 |
2020-08-17 02:59:59,050 - root - INFO - | Epoch: 370/500 | Train Time: 0.078s | Train Loss: 0.005704 |
2020-08-17 02:59:59,128 - root - INFO - | Epoch: 371/500 | Train Time: 0.077s | Train Loss: 0.005763 |
2020-08-17 02:59:59,205 - root - INFO - | Epoch: 372/500 | Train Time: 0.077s | Train Loss: 0.005785 |
2020-08-17 02:59:59,283 - root - INFO - | Epoch: 373/500 | Train Time: 0.078s | Train Loss: 0.005693 |
2020-08-17 02:59:59,361 - root - INFO - | Epoch: 374/500 | Train Time: 0.078s | Train Loss: 0.005799 |
2020-08-17 02:59:59,439 - root - INFO - | Epoch: 375/500 | Train Time: 0.078s | Train Loss: 0.005635 |
2020-08-17 02:59:59,517 - root - INFO - | Epoch: 376/500 | Train Time: 0.078s | Train Loss: 0.005444 |
2020-08-17 02:59:59,596 - root - INFO - | Epoch: 377/500 | Train Time: 0.078s | Train Loss: 0.005592 |
2020-08-17 02:59:59,674 - root - INFO - | Epoch: 378/500 | Train Time: 0.079s | Train Loss: 0.005619 |
2020-08-17 02:59:59,751 - root - INFO - | Epoch: 379/500 | Train Time: 0.077s | Train Loss: 0.005597 |
2020-08-17 02:59:59,829 - root - INFO - | Epoch: 380/500 | Train Time: 0.078s | Train Loss: 0.005697 |
2020-08-17 02:59:59,907 - root - INFO - | Epoch: 381/500 | Train Time: 0.078s | Train Loss: 0.005762 |
2020-08-17 02:59:59,986 - root - INFO - | Epoch: 382/500 | Train Time: 0.078s | Train Loss: 0.005544 |
2020-08-17 03:00:00,064 - root - INFO - | Epoch: 383/500 | Train Time: 0.078s | Train Loss: 0.005443 |
2020-08-17 03:00:00,141 - root - INFO - | Epoch: 384/500 | Train Time: 0.077s | Train Loss: 0.005355 |
2020-08-17 03:00:00,215 - root - INFO - | Epoch: 385/500 | Train Time: 0.074s | Train Loss: 0.005591 |
2020-08-17 03:00:00,294 - root - INFO - | Epoch: 386/500 | Train Time: 0.079s | Train Loss: 0.005347 |
2020-08-17 03:00:00,372 - root - INFO - | Epoch: 387/500 | Train Time: 0.078s | Train Loss: 0.005488 |
2020-08-17 03:00:00,450 - root - INFO - | Epoch: 388/500 | Train Time: 0.078s | Train Loss: 0.005460 |
2020-08-17 03:00:00,529 - root - INFO - | Epoch: 389/500 | Train Time: 0.079s | Train Loss: 0.005363 |
2020-08-17 03:00:00,607 - root - INFO - | Epoch: 390/500 | Train Time: 0.078s | Train Loss: 0.005339 |
2020-08-17 03:00:00,685 - root - INFO - | Epoch: 391/500 | Train Time: 0.078s | Train Loss: 0.005260 |
2020-08-17 03:00:00,763 - root - INFO - | Epoch: 392/500 | Train Time: 0.078s | Train Loss: 0.005305 |
2020-08-17 03:00:00,842 - root - INFO - | Epoch: 393/500 | Train Time: 0.078s | Train Loss: 0.005598 |
2020-08-17 03:00:00,919 - root - INFO - | Epoch: 394/500 | Train Time: 0.078s | Train Loss: 0.005251 |
2020-08-17 03:00:00,997 - root - INFO - | Epoch: 395/500 | Train Time: 0.078s | Train Loss: 0.005514 |
2020-08-17 03:00:01,075 - root - INFO - | Epoch: 396/500 | Train Time: 0.078s | Train Loss: 0.005388 |
2020-08-17 03:00:01,153 - root - INFO - | Epoch: 397/500 | Train Time: 0.078s | Train Loss: 0.004998 |
2020-08-17 03:00:01,232 - root - INFO - | Epoch: 398/500 | Train Time: 0.079s | Train Loss: 0.005014 |
2020-08-17 03:00:01,310 - root - INFO - | Epoch: 399/500 | Train Time: 0.078s | Train Loss: 0.005127 |
2020-08-17 03:00:01,388 - root - INFO - | Epoch: 400/500 | Train Time: 0.078s | Train Loss: 0.005246 |
2020-08-17 03:00:01,466 - root - INFO - | Epoch: 401/500 | Train Time: 0.078s | Train Loss: 0.005223 |
2020-08-17 03:00:01,545 - root - INFO - | Epoch: 402/500 | Train Time: 0.078s | Train Loss: 0.005222 |
2020-08-17 03:00:01,623 - root - INFO - | Epoch: 403/500 | Train Time: 0.078s | Train Loss: 0.005053 |
2020-08-17 03:00:01,696 - root - INFO - | Epoch: 404/500 | Train Time: 0.073s | Train Loss: 0.005122 |
2020-08-17 03:00:01,773 - root - INFO - | Epoch: 405/500 | Train Time: 0.076s | Train Loss: 0.004819 |
2020-08-17 03:00:01,850 - root - INFO - | Epoch: 406/500 | Train Time: 0.077s | Train Loss: 0.004973 |
2020-08-17 03:00:01,928 - root - INFO - | Epoch: 407/500 | Train Time: 0.078s | Train Loss: 0.005163 |
2020-08-17 03:00:02,007 - root - INFO - | Epoch: 408/500 | Train Time: 0.079s | Train Loss: 0.005285 |
2020-08-17 03:00:02,086 - root - INFO - | Epoch: 409/500 | Train Time: 0.078s | Train Loss: 0.005037 |
2020-08-17 03:00:02,164 - root - INFO - | Epoch: 410/500 | Train Time: 0.078s | Train Loss: 0.005085 |
2020-08-17 03:00:02,243 - root - INFO - | Epoch: 411/500 | Train Time: 0.079s | Train Loss: 0.005206 |
2020-08-17 03:00:02,321 - root - INFO - | Epoch: 412/500 | Train Time: 0.078s | Train Loss: 0.004954 |
2020-08-17 03:00:02,399 - root - INFO - | Epoch: 413/500 | Train Time: 0.078s | Train Loss: 0.004836 |
2020-08-17 03:00:02,477 - root - INFO - | Epoch: 414/500 | Train Time: 0.078s | Train Loss: 0.005101 |
2020-08-17 03:00:02,556 - root - INFO - | Epoch: 415/500 | Train Time: 0.078s | Train Loss: 0.005288 |
2020-08-17 03:00:02,632 - root - INFO - | Epoch: 416/500 | Train Time: 0.077s | Train Loss: 0.004918 |
2020-08-17 03:00:02,711 - root - INFO - | Epoch: 417/500 | Train Time: 0.078s | Train Loss: 0.005234 |
2020-08-17 03:00:02,789 - root - INFO - | Epoch: 418/500 | Train Time: 0.078s | Train Loss: 0.005166 |
2020-08-17 03:00:02,868 - root - INFO - | Epoch: 419/500 | Train Time: 0.079s | Train Loss: 0.004917 |
2020-08-17 03:00:02,946 - root - INFO - | Epoch: 420/500 | Train Time: 0.078s | Train Loss: 0.005062 |
2020-08-17 03:00:03,025 - root - INFO - | Epoch: 421/500 | Train Time: 0.079s | Train Loss: 0.004876 |
2020-08-17 03:00:03,103 - root - INFO - | Epoch: 422/500 | Train Time: 0.078s | Train Loss: 0.004807 |
2020-08-17 03:00:03,182 - root - INFO - | Epoch: 423/500 | Train Time: 0.078s | Train Loss: 0.004978 |
2020-08-17 03:00:03,260 - root - INFO - | Epoch: 424/500 | Train Time: 0.078s | Train Loss: 0.004595 |
2020-08-17 03:00:03,338 - root - INFO - | Epoch: 425/500 | Train Time: 0.078s | Train Loss: 0.004665 |
2020-08-17 03:00:03,416 - root - INFO - | Epoch: 426/500 | Train Time: 0.078s | Train Loss: 0.004812 |
2020-08-17 03:00:03,494 - root - INFO - | Epoch: 427/500 | Train Time: 0.079s | Train Loss: 0.004661 |
2020-08-17 03:00:03,572 - root - INFO - | Epoch: 428/500 | Train Time: 0.077s | Train Loss: 0.004732 |
2020-08-17 03:00:03,651 - root - INFO - | Epoch: 429/500 | Train Time: 0.079s | Train Loss: 0.004983 |
2020-08-17 03:00:03,728 - root - INFO - | Epoch: 430/500 | Train Time: 0.078s | Train Loss: 0.004964 |
2020-08-17 03:00:03,806 - root - INFO - | Epoch: 431/500 | Train Time: 0.078s | Train Loss: 0.004943 |
2020-08-17 03:00:03,885 - root - INFO - | Epoch: 432/500 | Train Time: 0.079s | Train Loss: 0.004657 |
2020-08-17 03:00:03,964 - root - INFO - | Epoch: 433/500 | Train Time: 0.079s | Train Loss: 0.004687 |
2020-08-17 03:00:04,042 - root - INFO - | Epoch: 434/500 | Train Time: 0.078s | Train Loss: 0.004578 |
2020-08-17 03:00:04,119 - root - INFO - | Epoch: 435/500 | Train Time: 0.077s | Train Loss: 0.004692 |
2020-08-17 03:00:04,197 - root - INFO - | Epoch: 436/500 | Train Time: 0.078s | Train Loss: 0.004647 |
2020-08-17 03:00:04,275 - root - INFO - | Epoch: 437/500 | Train Time: 0.078s | Train Loss: 0.004919 |
2020-08-17 03:00:04,353 - root - INFO - | Epoch: 438/500 | Train Time: 0.078s | Train Loss: 0.004856 |
2020-08-17 03:00:04,431 - root - INFO - | Epoch: 439/500 | Train Time: 0.078s | Train Loss: 0.004576 |
2020-08-17 03:00:04,510 - root - INFO - | Epoch: 440/500 | Train Time: 0.078s | Train Loss: 0.004536 |
2020-08-17 03:00:04,588 - root - INFO - | Epoch: 441/500 | Train Time: 0.078s | Train Loss: 0.004585 |
2020-08-17 03:00:04,666 - root - INFO - | Epoch: 442/500 | Train Time: 0.078s | Train Loss: 0.004804 |
2020-08-17 03:00:04,742 - root - INFO - | Epoch: 443/500 | Train Time: 0.076s | Train Loss: 0.004754 |
2020-08-17 03:00:04,820 - root - INFO - | Epoch: 444/500 | Train Time: 0.078s | Train Loss: 0.004613 |
2020-08-17 03:00:04,899 - root - INFO - | Epoch: 445/500 | Train Time: 0.078s | Train Loss: 0.004641 |
2020-08-17 03:00:04,977 - root - INFO - | Epoch: 446/500 | Train Time: 0.078s | Train Loss: 0.004644 |
2020-08-17 03:00:05,055 - root - INFO - | Epoch: 447/500 | Train Time: 0.078s | Train Loss: 0.004680 |
2020-08-17 03:00:05,134 - root - INFO - | Epoch: 448/500 | Train Time: 0.079s | Train Loss: 0.004506 |
2020-08-17 03:00:05,212 - root - INFO - | Epoch: 449/500 | Train Time: 0.078s | Train Loss: 0.004653 |
2020-08-17 03:00:05,290 - root - INFO - | Epoch: 450/500 | Train Time: 0.078s | Train Loss: 0.004410 |
2020-08-17 03:00:05,368 - root - INFO - | Epoch: 451/500 | Train Time: 0.078s | Train Loss: 0.004542 |
2020-08-17 03:00:05,446 - root - INFO - | Epoch: 452/500 | Train Time: 0.078s | Train Loss: 0.004657 |
2020-08-17 03:00:05,524 - root - INFO - | Epoch: 453/500 | Train Time: 0.078s | Train Loss: 0.004311 |
2020-08-17 03:00:05,602 - root - INFO - | Epoch: 454/500 | Train Time: 0.078s | Train Loss: 0.004717 |
2020-08-17 03:00:05,680 - root - INFO - | Epoch: 455/500 | Train Time: 0.077s | Train Loss: 0.004426 |
2020-08-17 03:00:05,758 - root - INFO - | Epoch: 456/500 | Train Time: 0.078s | Train Loss: 0.004356 |
2020-08-17 03:00:05,836 - root - INFO - | Epoch: 457/500 | Train Time: 0.078s | Train Loss: 0.004478 |
2020-08-17 03:00:05,914 - root - INFO - | Epoch: 458/500 | Train Time: 0.078s | Train Loss: 0.004395 |
2020-08-17 03:00:05,997 - root - INFO - | Epoch: 459/500 | Train Time: 0.083s | Train Loss: 0.004402 |
2020-08-17 03:00:06,078 - root - INFO - | Epoch: 460/500 | Train Time: 0.081s | Train Loss: 0.004491 |
2020-08-17 03:00:06,158 - root - INFO - | Epoch: 461/500 | Train Time: 0.080s | Train Loss: 0.004449 |
2020-08-17 03:00:06,236 - root - INFO - | Epoch: 462/500 | Train Time: 0.078s | Train Loss: 0.004377 |
2020-08-17 03:00:06,314 - root - INFO - | Epoch: 463/500 | Train Time: 0.078s | Train Loss: 0.004397 |
2020-08-17 03:00:06,393 - root - INFO - | Epoch: 464/500 | Train Time: 0.078s | Train Loss: 0.004478 |
2020-08-17 03:00:06,471 - root - INFO - | Epoch: 465/500 | Train Time: 0.079s | Train Loss: 0.004416 |
2020-08-17 03:00:06,550 - root - INFO - | Epoch: 466/500 | Train Time: 0.079s | Train Loss: 0.004375 |
2020-08-17 03:00:06,637 - root - INFO - | Epoch: 467/500 | Train Time: 0.086s | Train Loss: 0.004318 |
2020-08-17 03:00:06,715 - root - INFO - | Epoch: 468/500 | Train Time: 0.079s | Train Loss: 0.004284 |
2020-08-17 03:00:06,795 - root - INFO - | Epoch: 469/500 | Train Time: 0.079s | Train Loss: 0.004263 |
2020-08-17 03:00:06,874 - root - INFO - | Epoch: 470/500 | Train Time: 0.079s | Train Loss: 0.004281 |
2020-08-17 03:00:06,953 - root - INFO - | Epoch: 471/500 | Train Time: 0.079s | Train Loss: 0.004226 |
2020-08-17 03:00:07,034 - root - INFO - | Epoch: 472/500 | Train Time: 0.080s | Train Loss: 0.004178 |
2020-08-17 03:00:07,114 - root - INFO - | Epoch: 473/500 | Train Time: 0.080s | Train Loss: 0.004177 |
2020-08-17 03:00:07,193 - root - INFO - | Epoch: 474/500 | Train Time: 0.079s | Train Loss: 0.004563 |
2020-08-17 03:00:07,273 - root - INFO - | Epoch: 475/500 | Train Time: 0.080s | Train Loss: 0.004518 |
2020-08-17 03:00:07,351 - root - INFO - | Epoch: 476/500 | Train Time: 0.078s | Train Loss: 0.004315 |
2020-08-17 03:00:07,424 - root - INFO - | Epoch: 477/500 | Train Time: 0.073s | Train Loss: 0.004235 |
2020-08-17 03:00:07,499 - root - INFO - | Epoch: 478/500 | Train Time: 0.074s | Train Loss: 0.004091 |
2020-08-17 03:00:07,575 - root - INFO - | Epoch: 479/500 | Train Time: 0.076s | Train Loss: 0.004225 |
2020-08-17 03:00:07,659 - root - INFO - | Epoch: 480/500 | Train Time: 0.083s | Train Loss: 0.004069 |
2020-08-17 03:00:07,737 - root - INFO - | Epoch: 481/500 | Train Time: 0.078s | Train Loss: 0.004256 |
2020-08-17 03:00:07,816 - root - INFO - | Epoch: 482/500 | Train Time: 0.079s | Train Loss: 0.003951 |
2020-08-17 03:00:07,895 - root - INFO - | Epoch: 483/500 | Train Time: 0.079s | Train Loss: 0.004389 |
2020-08-17 03:00:07,974 - root - INFO - | Epoch: 484/500 | Train Time: 0.079s | Train Loss: 0.004117 |
2020-08-17 03:00:08,052 - root - INFO - | Epoch: 485/500 | Train Time: 0.079s | Train Loss: 0.004272 |
2020-08-17 03:00:08,132 - root - INFO - | Epoch: 486/500 | Train Time: 0.079s | Train Loss: 0.004355 |
2020-08-17 03:00:08,212 - root - INFO - | Epoch: 487/500 | Train Time: 0.080s | Train Loss: 0.004220 |
2020-08-17 03:00:08,291 - root - INFO - | Epoch: 488/500 | Train Time: 0.079s | Train Loss: 0.003956 |
2020-08-17 03:00:08,370 - root - INFO - | Epoch: 489/500 | Train Time: 0.079s | Train Loss: 0.004363 |
2020-08-17 03:00:08,449 - root - INFO - | Epoch: 490/500 | Train Time: 0.080s | Train Loss: 0.003990 |
2020-08-17 03:00:08,528 - root - INFO - | Epoch: 491/500 | Train Time: 0.079s | Train Loss: 0.003915 |
2020-08-17 03:00:08,607 - root - INFO - | Epoch: 492/500 | Train Time: 0.079s | Train Loss: 0.004059 |
2020-08-17 03:00:08,686 - root - INFO - | Epoch: 493/500 | Train Time: 0.079s | Train Loss: 0.004248 |
2020-08-17 03:00:08,765 - root - INFO - | Epoch: 494/500 | Train Time: 0.078s | Train Loss: 0.003949 |
2020-08-17 03:00:08,844 - root - INFO - | Epoch: 495/500 | Train Time: 0.079s | Train Loss: 0.004391 |
2020-08-17 03:00:08,923 - root - INFO - | Epoch: 496/500 | Train Time: 0.079s | Train Loss: 0.004032 |
2020-08-17 03:00:09,002 - root - INFO - | Epoch: 497/500 | Train Time: 0.079s | Train Loss: 0.004081 |
2020-08-17 03:00:09,082 - root - INFO - | Epoch: 498/500 | Train Time: 0.079s | Train Loss: 0.003955 |
2020-08-17 03:00:09,161 - root - INFO - | Epoch: 499/500 | Train Time: 0.079s | Train Loss: 0.004237 |
2020-08-17 03:00:09,240 - root - INFO - | Epoch: 500/500 | Train Time: 0.078s | Train Loss: 0.003993 |
2020-08-17 03:00:09,240 - root - INFO - Training Time: 38.302s
2020-08-17 03:00:09,240 - root - INFO - Finished training.
2020-08-17 03:00:09,240 - root - INFO - Starting testing...
2020-08-17 03:00:09,250 - root - INFO - Test Loss: 0.003355
2020-08-17 03:00:09,250 - root - INFO - Test Time: 0.009s
2020-08-17 03:00:09,250 - root - INFO - Finished testing.
2020-08-17 03:00:09,308 - root - INFO - Starting testing...
2020-08-17 03:00:09,320 - root - INFO - Test Loss: 0.004776
2020-08-17 03:00:09,320 - root - INFO - Test Time: 0.011s
2020-08-17 03:00:09,320 - root - INFO - Finished testing.
