2020-07-15 19:10:32,202 - root - INFO - Hey I am loading net for you!
2020-07-15 19:10:34,001 - root - INFO - Setting hyper-parameters!
2020-07-15 19:10:34,001 - root - INFO - Starting training...
2020-07-15 19:10:34,186 - root - INFO - | Epoch: 001/100 | Train Time: 0.184s | Train Loss: 0.478704 |
2020-07-15 19:10:34,377 - root - INFO - | Epoch: 002/100 | Train Time: 0.192s | Train Loss: 0.475156 |
2020-07-15 19:10:34,568 - root - INFO - | Epoch: 003/100 | Train Time: 0.190s | Train Loss: 0.472218 |
2020-07-15 19:10:34,758 - root - INFO - | Epoch: 004/100 | Train Time: 0.190s | Train Loss: 0.467353 |
2020-07-15 19:10:34,947 - root - INFO - | Epoch: 005/100 | Train Time: 0.189s | Train Loss: 0.464277 |
2020-07-15 19:10:35,138 - root - INFO - | Epoch: 006/100 | Train Time: 0.191s | Train Loss: 0.460927 |
2020-07-15 19:10:35,327 - root - INFO - | Epoch: 007/100 | Train Time: 0.189s | Train Loss: 0.457934 |
2020-07-15 19:10:35,529 - root - INFO - | Epoch: 008/100 | Train Time: 0.202s | Train Loss: 0.455601 |
2020-07-15 19:10:35,724 - root - INFO - | Epoch: 009/100 | Train Time: 0.194s | Train Loss: 0.451766 |
2020-07-15 19:10:35,916 - root - INFO - | Epoch: 010/100 | Train Time: 0.192s | Train Loss: 0.449263 |
2020-07-15 19:10:36,113 - root - INFO - | Epoch: 011/100 | Train Time: 0.197s | Train Loss: 0.446263 |
2020-07-15 19:10:36,303 - root - INFO - | Epoch: 012/100 | Train Time: 0.190s | Train Loss: 0.443986 |
2020-07-15 19:10:36,494 - root - INFO - | Epoch: 013/100 | Train Time: 0.190s | Train Loss: 0.441006 |
2020-07-15 19:10:36,687 - root - INFO - | Epoch: 014/100 | Train Time: 0.193s | Train Loss: 0.438554 |
2020-07-15 19:10:36,881 - root - INFO - | Epoch: 015/100 | Train Time: 0.194s | Train Loss: 0.436199 |
2020-07-15 19:10:37,073 - root - INFO - | Epoch: 016/100 | Train Time: 0.192s | Train Loss: 0.433329 |
2020-07-15 19:10:37,264 - root - INFO - | Epoch: 017/100 | Train Time: 0.190s | Train Loss: 0.429079 |
2020-07-15 19:10:37,459 - root - INFO - | Epoch: 018/100 | Train Time: 0.195s | Train Loss: 0.429105 |
2020-07-15 19:10:37,650 - root - INFO - | Epoch: 019/100 | Train Time: 0.191s | Train Loss: 0.426988 |
2020-07-15 19:10:37,846 - root - INFO - | Epoch: 020/100 | Train Time: 0.196s | Train Loss: 0.425159 |
2020-07-15 19:10:38,044 - root - INFO - | Epoch: 021/100 | Train Time: 0.198s | Train Loss: 0.423311 |
2020-07-15 19:10:38,240 - root - INFO - | Epoch: 022/100 | Train Time: 0.196s | Train Loss: 0.419727 |
2020-07-15 19:10:38,436 - root - INFO - | Epoch: 023/100 | Train Time: 0.196s | Train Loss: 0.420040 |
2020-07-15 19:10:38,633 - root - INFO - | Epoch: 024/100 | Train Time: 0.197s | Train Loss: 0.418090 |
2020-07-15 19:10:38,828 - root - INFO - | Epoch: 025/100 | Train Time: 0.195s | Train Loss: 0.415022 |
2020-07-15 19:10:39,025 - root - INFO - | Epoch: 026/100 | Train Time: 0.196s | Train Loss: 0.413993 |
2020-07-15 19:10:39,223 - root - INFO - | Epoch: 027/100 | Train Time: 0.198s | Train Loss: 0.412847 |
2020-07-15 19:10:39,421 - root - INFO - | Epoch: 028/100 | Train Time: 0.198s | Train Loss: 0.411452 |
2020-07-15 19:10:39,617 - root - INFO - | Epoch: 029/100 | Train Time: 0.196s | Train Loss: 0.407905 |
2020-07-15 19:10:39,813 - root - INFO - | Epoch: 030/100 | Train Time: 0.197s | Train Loss: 0.407591 |
2020-07-15 19:10:40,009 - root - INFO - | Epoch: 031/100 | Train Time: 0.195s | Train Loss: 0.407299 |
2020-07-15 19:10:40,204 - root - INFO - | Epoch: 032/100 | Train Time: 0.195s | Train Loss: 0.404408 |
2020-07-15 19:10:40,401 - root - INFO - | Epoch: 033/100 | Train Time: 0.198s | Train Loss: 0.404861 |
2020-07-15 19:10:40,598 - root - INFO - | Epoch: 034/100 | Train Time: 0.197s | Train Loss: 0.403591 |
2020-07-15 19:10:40,795 - root - INFO - | Epoch: 035/100 | Train Time: 0.196s | Train Loss: 0.402072 |
2020-07-15 19:10:40,992 - root - INFO - | Epoch: 036/100 | Train Time: 0.197s | Train Loss: 0.399850 |
2020-07-15 19:10:41,188 - root - INFO - | Epoch: 037/100 | Train Time: 0.195s | Train Loss: 0.398737 |
2020-07-15 19:10:41,383 - root - INFO - | Epoch: 038/100 | Train Time: 0.195s | Train Loss: 0.398351 |
2020-07-15 19:10:41,585 - root - INFO - | Epoch: 039/100 | Train Time: 0.202s | Train Loss: 0.396411 |
2020-07-15 19:10:41,781 - root - INFO - | Epoch: 040/100 | Train Time: 0.196s | Train Loss: 0.395624 |
2020-07-15 19:10:41,979 - root - INFO - | Epoch: 041/100 | Train Time: 0.198s | Train Loss: 0.393613 |
2020-07-15 19:10:42,175 - root - INFO - | Epoch: 042/100 | Train Time: 0.196s | Train Loss: 0.394124 |
2020-07-15 19:10:42,371 - root - INFO - | Epoch: 043/100 | Train Time: 0.195s | Train Loss: 0.391651 |
2020-07-15 19:10:42,565 - root - INFO - | Epoch: 044/100 | Train Time: 0.195s | Train Loss: 0.391323 |
2020-07-15 19:10:42,761 - root - INFO - | Epoch: 045/100 | Train Time: 0.196s | Train Loss: 0.391422 |
2020-07-15 19:10:42,959 - root - INFO - | Epoch: 046/100 | Train Time: 0.197s | Train Loss: 0.389572 |
2020-07-15 19:10:43,153 - root - INFO - | Epoch: 047/100 | Train Time: 0.194s | Train Loss: 0.388667 |
2020-07-15 19:10:43,349 - root - INFO - | Epoch: 048/100 | Train Time: 0.196s | Train Loss: 0.387981 |
2020-07-15 19:10:43,543 - root - INFO - | Epoch: 049/100 | Train Time: 0.194s | Train Loss: 0.387005 |
2020-07-15 19:10:43,737 - root - INFO - | Epoch: 050/100 | Train Time: 0.193s | Train Loss: 0.384964 |
2020-07-15 19:10:43,737 - root - INFO -   LR scheduler: new learning rate is 1e-06
2020-07-15 19:10:43,929 - root - INFO - | Epoch: 051/100 | Train Time: 0.192s | Train Loss: 0.385557 |
2020-07-15 19:10:44,120 - root - INFO - | Epoch: 052/100 | Train Time: 0.192s | Train Loss: 0.384120 |
2020-07-15 19:10:44,313 - root - INFO - | Epoch: 053/100 | Train Time: 0.193s | Train Loss: 0.384168 |
2020-07-15 19:10:44,504 - root - INFO - | Epoch: 054/100 | Train Time: 0.191s | Train Loss: 0.384757 |
2020-07-15 19:10:44,697 - root - INFO - | Epoch: 055/100 | Train Time: 0.192s | Train Loss: 0.383005 |
2020-07-15 19:10:44,890 - root - INFO - | Epoch: 056/100 | Train Time: 0.193s | Train Loss: 0.385087 |
2020-07-15 19:10:45,082 - root - INFO - | Epoch: 057/100 | Train Time: 0.192s | Train Loss: 0.385424 |
2020-07-15 19:10:45,275 - root - INFO - | Epoch: 058/100 | Train Time: 0.193s | Train Loss: 0.382630 |
2020-07-15 19:10:45,466 - root - INFO - | Epoch: 059/100 | Train Time: 0.191s | Train Loss: 0.385238 |
2020-07-15 19:10:45,659 - root - INFO - | Epoch: 060/100 | Train Time: 0.192s | Train Loss: 0.383412 |
2020-07-15 19:10:45,851 - root - INFO - | Epoch: 061/100 | Train Time: 0.193s | Train Loss: 0.383856 |
2020-07-15 19:10:46,046 - root - INFO - | Epoch: 062/100 | Train Time: 0.194s | Train Loss: 0.383139 |
2020-07-15 19:10:46,241 - root - INFO - | Epoch: 063/100 | Train Time: 0.195s | Train Loss: 0.382800 |
2020-07-15 19:10:46,433 - root - INFO - | Epoch: 064/100 | Train Time: 0.192s | Train Loss: 0.384149 |
2020-07-15 19:10:46,623 - root - INFO - | Epoch: 065/100 | Train Time: 0.190s | Train Loss: 0.384723 |
2020-07-15 19:10:46,814 - root - INFO - | Epoch: 066/100 | Train Time: 0.191s | Train Loss: 0.383206 |
2020-07-15 19:10:47,003 - root - INFO - | Epoch: 067/100 | Train Time: 0.188s | Train Loss: 0.383928 |
2020-07-15 19:10:47,193 - root - INFO - | Epoch: 068/100 | Train Time: 0.190s | Train Loss: 0.382938 |
2020-07-15 19:10:47,389 - root - INFO - | Epoch: 069/100 | Train Time: 0.195s | Train Loss: 0.383062 |
2020-07-15 19:10:47,586 - root - INFO - | Epoch: 070/100 | Train Time: 0.197s | Train Loss: 0.383171 |
2020-07-15 19:10:47,784 - root - INFO - | Epoch: 071/100 | Train Time: 0.198s | Train Loss: 0.383408 |
2020-07-15 19:10:47,979 - root - INFO - | Epoch: 072/100 | Train Time: 0.195s | Train Loss: 0.381450 |
2020-07-15 19:10:48,181 - root - INFO - | Epoch: 073/100 | Train Time: 0.201s | Train Loss: 0.383476 |
2020-07-15 19:10:48,372 - root - INFO - | Epoch: 074/100 | Train Time: 0.191s | Train Loss: 0.383465 |
2020-07-15 19:10:48,565 - root - INFO - | Epoch: 075/100 | Train Time: 0.193s | Train Loss: 0.382999 |
2020-07-15 19:10:48,754 - root - INFO - | Epoch: 076/100 | Train Time: 0.189s | Train Loss: 0.383554 |
2020-07-15 19:10:48,947 - root - INFO - | Epoch: 077/100 | Train Time: 0.192s | Train Loss: 0.381821 |
2020-07-15 19:10:49,140 - root - INFO - | Epoch: 078/100 | Train Time: 0.194s | Train Loss: 0.381567 |
2020-07-15 19:10:49,338 - root - INFO - | Epoch: 079/100 | Train Time: 0.198s | Train Loss: 0.381729 |
2020-07-15 19:10:49,541 - root - INFO - | Epoch: 080/100 | Train Time: 0.203s | Train Loss: 0.383108 |
2020-07-15 19:10:49,739 - root - INFO - | Epoch: 081/100 | Train Time: 0.198s | Train Loss: 0.381265 |
2020-07-15 19:10:49,938 - root - INFO - | Epoch: 082/100 | Train Time: 0.199s | Train Loss: 0.382640 |
2020-07-15 19:10:50,137 - root - INFO - | Epoch: 083/100 | Train Time: 0.198s | Train Loss: 0.382433 |
2020-07-15 19:10:50,335 - root - INFO - | Epoch: 084/100 | Train Time: 0.198s | Train Loss: 0.381333 |
2020-07-15 19:10:50,530 - root - INFO - | Epoch: 085/100 | Train Time: 0.196s | Train Loss: 0.380029 |
2020-07-15 19:10:50,729 - root - INFO - | Epoch: 086/100 | Train Time: 0.199s | Train Loss: 0.381522 |
2020-07-15 19:10:50,925 - root - INFO - | Epoch: 087/100 | Train Time: 0.196s | Train Loss: 0.381653 |
2020-07-15 19:10:51,123 - root - INFO - | Epoch: 088/100 | Train Time: 0.198s | Train Loss: 0.381527 |
2020-07-15 19:10:51,323 - root - INFO - | Epoch: 089/100 | Train Time: 0.200s | Train Loss: 0.381051 |
2020-07-15 19:10:51,521 - root - INFO - | Epoch: 090/100 | Train Time: 0.197s | Train Loss: 0.379436 |
2020-07-15 19:10:51,717 - root - INFO - | Epoch: 091/100 | Train Time: 0.196s | Train Loss: 0.381119 |
2020-07-15 19:10:51,914 - root - INFO - | Epoch: 092/100 | Train Time: 0.197s | Train Loss: 0.378962 |
2020-07-15 19:10:52,110 - root - INFO - | Epoch: 093/100 | Train Time: 0.196s | Train Loss: 0.380889 |
2020-07-15 19:10:52,308 - root - INFO - | Epoch: 094/100 | Train Time: 0.197s | Train Loss: 0.379606 |
2020-07-15 19:10:52,504 - root - INFO - | Epoch: 095/100 | Train Time: 0.196s | Train Loss: 0.380116 |
2020-07-15 19:10:52,701 - root - INFO - | Epoch: 096/100 | Train Time: 0.197s | Train Loss: 0.379851 |
2020-07-15 19:10:52,895 - root - INFO - | Epoch: 097/100 | Train Time: 0.194s | Train Loss: 0.380232 |
2020-07-15 19:10:53,083 - root - INFO - | Epoch: 098/100 | Train Time: 0.187s | Train Loss: 0.379192 |
2020-07-15 19:10:53,279 - root - INFO - | Epoch: 099/100 | Train Time: 0.197s | Train Loss: 0.379193 |
2020-07-15 19:10:53,473 - root - INFO - | Epoch: 100/100 | Train Time: 0.194s | Train Loss: 0.380635 |
2020-07-15 19:10:53,474 - root - INFO - Training Time: 19.472s
2020-07-15 19:10:53,474 - root - INFO - Finished training.
2020-07-15 19:10:53,474 - root - INFO - Starting testing...
2020-07-15 19:10:53,494 - root - INFO - Test AUC: 99.75%
2020-07-15 19:10:53,494 - root - INFO - Test Time: 0.018s
2020-07-15 19:10:53,494 - root - INFO - Finished testing.
2020-07-15 19:28:43,297 - root - INFO - Hey I am loading net for you!
2020-07-15 19:28:44,914 - root - INFO - Setting hyper-parameters!
2020-07-15 19:28:44,914 - root - INFO - Starting training...
2020-07-15 19:28:45,069 - root - INFO - | Epoch: 001/100 | Train Time: 0.154s | Train Loss: 0.478704 |
2020-07-15 19:28:45,231 - root - INFO - | Epoch: 002/100 | Train Time: 0.162s | Train Loss: 0.475156 |
2020-07-15 19:28:45,394 - root - INFO - | Epoch: 003/100 | Train Time: 0.163s | Train Loss: 0.472218 |
2020-07-15 19:28:45,585 - root - INFO - | Epoch: 004/100 | Train Time: 0.191s | Train Loss: 0.467353 |
2020-07-15 19:28:45,752 - root - INFO - | Epoch: 005/100 | Train Time: 0.167s | Train Loss: 0.464277 |
2020-07-15 19:28:45,915 - root - INFO - | Epoch: 006/100 | Train Time: 0.162s | Train Loss: 0.460927 |
2020-07-15 19:28:46,077 - root - INFO - | Epoch: 007/100 | Train Time: 0.163s | Train Loss: 0.457934 |
2020-07-15 19:28:46,238 - root - INFO - | Epoch: 008/100 | Train Time: 0.161s | Train Loss: 0.455601 |
2020-07-15 19:28:46,406 - root - INFO - | Epoch: 009/100 | Train Time: 0.168s | Train Loss: 0.451766 |
2020-07-15 19:28:46,591 - root - INFO - | Epoch: 010/100 | Train Time: 0.185s | Train Loss: 0.449263 |
2020-07-15 19:28:46,757 - root - INFO - | Epoch: 011/100 | Train Time: 0.165s | Train Loss: 0.446263 |
2020-07-15 19:28:46,916 - root - INFO - | Epoch: 012/100 | Train Time: 0.159s | Train Loss: 0.443986 |
2020-07-15 19:28:47,073 - root - INFO - | Epoch: 013/100 | Train Time: 0.157s | Train Loss: 0.441006 |
2020-07-15 19:28:47,230 - root - INFO - | Epoch: 014/100 | Train Time: 0.157s | Train Loss: 0.438554 |
2020-07-15 19:28:47,386 - root - INFO - | Epoch: 015/100 | Train Time: 0.156s | Train Loss: 0.436199 |
2020-07-15 19:28:47,545 - root - INFO - | Epoch: 016/100 | Train Time: 0.159s | Train Loss: 0.433329 |
2020-07-15 19:28:47,722 - root - INFO - | Epoch: 017/100 | Train Time: 0.177s | Train Loss: 0.429079 |
2020-07-15 19:28:47,880 - root - INFO - | Epoch: 018/100 | Train Time: 0.158s | Train Loss: 0.429105 |
2020-07-15 19:28:48,060 - root - INFO - | Epoch: 019/100 | Train Time: 0.180s | Train Loss: 0.426988 |
2020-07-15 19:28:48,219 - root - INFO - | Epoch: 020/100 | Train Time: 0.159s | Train Loss: 0.425159 |
2020-07-15 19:28:48,408 - root - INFO - | Epoch: 021/100 | Train Time: 0.188s | Train Loss: 0.423311 |
2020-07-15 19:28:48,578 - root - INFO - | Epoch: 022/100 | Train Time: 0.171s | Train Loss: 0.419727 |
2020-07-15 19:28:48,750 - root - INFO - | Epoch: 023/100 | Train Time: 0.172s | Train Loss: 0.420040 |
2020-07-15 19:28:48,913 - root - INFO - | Epoch: 024/100 | Train Time: 0.162s | Train Loss: 0.418090 |
2020-07-15 19:28:49,102 - root - INFO - | Epoch: 025/100 | Train Time: 0.189s | Train Loss: 0.415022 |
2020-07-15 19:28:49,269 - root - INFO - | Epoch: 026/100 | Train Time: 0.166s | Train Loss: 0.413993 |
2020-07-15 19:28:49,442 - root - INFO - | Epoch: 027/100 | Train Time: 0.173s | Train Loss: 0.412847 |
2020-07-15 19:28:49,625 - root - INFO - | Epoch: 028/100 | Train Time: 0.183s | Train Loss: 0.411452 |
2020-07-15 19:28:49,784 - root - INFO - | Epoch: 029/100 | Train Time: 0.159s | Train Loss: 0.407905 |
2020-07-15 19:28:49,948 - root - INFO - | Epoch: 030/100 | Train Time: 0.165s | Train Loss: 0.407591 |
2020-07-15 19:28:50,144 - root - INFO - | Epoch: 031/100 | Train Time: 0.196s | Train Loss: 0.407299 |
2020-07-15 19:28:50,309 - root - INFO - | Epoch: 032/100 | Train Time: 0.164s | Train Loss: 0.404408 |
2020-07-15 19:28:50,472 - root - INFO - | Epoch: 033/100 | Train Time: 0.164s | Train Loss: 0.404861 |
2020-07-15 19:28:50,637 - root - INFO - | Epoch: 034/100 | Train Time: 0.165s | Train Loss: 0.403591 |
2020-07-15 19:28:50,798 - root - INFO - | Epoch: 035/100 | Train Time: 0.161s | Train Loss: 0.402072 |
2020-07-15 19:28:50,958 - root - INFO - | Epoch: 036/100 | Train Time: 0.160s | Train Loss: 0.399850 |
2020-07-15 19:28:51,118 - root - INFO - | Epoch: 037/100 | Train Time: 0.160s | Train Loss: 0.398737 |
2020-07-15 19:28:51,277 - root - INFO - | Epoch: 038/100 | Train Time: 0.160s | Train Loss: 0.398351 |
2020-07-15 19:28:51,439 - root - INFO - | Epoch: 039/100 | Train Time: 0.162s | Train Loss: 0.396411 |
2020-07-15 19:28:51,600 - root - INFO - | Epoch: 040/100 | Train Time: 0.161s | Train Loss: 0.395624 |
2020-07-15 19:28:51,777 - root - INFO - | Epoch: 041/100 | Train Time: 0.177s | Train Loss: 0.393613 |
2020-07-15 19:28:51,957 - root - INFO - | Epoch: 042/100 | Train Time: 0.180s | Train Loss: 0.394124 |
2020-07-15 19:28:52,120 - root - INFO - | Epoch: 043/100 | Train Time: 0.163s | Train Loss: 0.391651 |
2020-07-15 19:28:52,276 - root - INFO - | Epoch: 044/100 | Train Time: 0.156s | Train Loss: 0.391323 |
2020-07-15 19:28:52,431 - root - INFO - | Epoch: 045/100 | Train Time: 0.154s | Train Loss: 0.391422 |
2020-07-15 19:28:52,599 - root - INFO - | Epoch: 046/100 | Train Time: 0.168s | Train Loss: 0.389572 |
2020-07-15 19:28:52,763 - root - INFO - | Epoch: 047/100 | Train Time: 0.164s | Train Loss: 0.388667 |
2020-07-15 19:28:52,928 - root - INFO - | Epoch: 048/100 | Train Time: 0.165s | Train Loss: 0.387981 |
2020-07-15 19:28:53,092 - root - INFO - | Epoch: 049/100 | Train Time: 0.164s | Train Loss: 0.387005 |
2020-07-15 19:28:53,257 - root - INFO - | Epoch: 050/100 | Train Time: 0.165s | Train Loss: 0.384964 |
2020-07-15 19:28:53,257 - root - INFO -   LR scheduler: new learning rate is 1e-06
2020-07-15 19:28:53,436 - root - INFO - | Epoch: 051/100 | Train Time: 0.178s | Train Loss: 0.385557 |
2020-07-15 19:28:53,598 - root - INFO - | Epoch: 052/100 | Train Time: 0.163s | Train Loss: 0.384120 |
2020-07-15 19:28:53,751 - root - INFO - | Epoch: 053/100 | Train Time: 0.153s | Train Loss: 0.384168 |
2020-07-15 19:28:53,916 - root - INFO - | Epoch: 054/100 | Train Time: 0.165s | Train Loss: 0.384757 |
2020-07-15 19:28:54,088 - root - INFO - | Epoch: 055/100 | Train Time: 0.171s | Train Loss: 0.383005 |
2020-07-15 19:28:54,243 - root - INFO - | Epoch: 056/100 | Train Time: 0.155s | Train Loss: 0.385087 |
2020-07-15 19:28:54,408 - root - INFO - | Epoch: 057/100 | Train Time: 0.165s | Train Loss: 0.385424 |
2020-07-15 19:28:54,573 - root - INFO - | Epoch: 058/100 | Train Time: 0.164s | Train Loss: 0.382630 |
2020-07-15 19:28:54,736 - root - INFO - | Epoch: 059/100 | Train Time: 0.163s | Train Loss: 0.385238 |
2020-07-15 19:28:54,919 - root - INFO - | Epoch: 060/100 | Train Time: 0.183s | Train Loss: 0.383412 |
2020-07-15 19:28:55,085 - root - INFO - | Epoch: 061/100 | Train Time: 0.165s | Train Loss: 0.383856 |
2020-07-15 19:28:55,285 - root - INFO - | Epoch: 062/100 | Train Time: 0.200s | Train Loss: 0.383139 |
2020-07-15 19:28:55,444 - root - INFO - | Epoch: 063/100 | Train Time: 0.160s | Train Loss: 0.382800 |
2020-07-15 19:28:55,603 - root - INFO - | Epoch: 064/100 | Train Time: 0.158s | Train Loss: 0.384149 |
2020-07-15 19:28:55,765 - root - INFO - | Epoch: 065/100 | Train Time: 0.162s | Train Loss: 0.384723 |
2020-07-15 19:28:55,928 - root - INFO - | Epoch: 066/100 | Train Time: 0.163s | Train Loss: 0.383206 |
2020-07-15 19:28:56,092 - root - INFO - | Epoch: 067/100 | Train Time: 0.164s | Train Loss: 0.383928 |
2020-07-15 19:28:56,250 - root - INFO - | Epoch: 068/100 | Train Time: 0.158s | Train Loss: 0.382938 |
2020-07-15 19:28:56,406 - root - INFO - | Epoch: 069/100 | Train Time: 0.156s | Train Loss: 0.383062 |
2020-07-15 19:28:56,577 - root - INFO - | Epoch: 070/100 | Train Time: 0.170s | Train Loss: 0.383171 |
2020-07-15 19:28:56,742 - root - INFO - | Epoch: 071/100 | Train Time: 0.166s | Train Loss: 0.383408 |
2020-07-15 19:28:56,900 - root - INFO - | Epoch: 072/100 | Train Time: 0.158s | Train Loss: 0.381450 |
2020-07-15 19:28:57,058 - root - INFO - | Epoch: 073/100 | Train Time: 0.157s | Train Loss: 0.383476 |
2020-07-15 19:28:57,219 - root - INFO - | Epoch: 074/100 | Train Time: 0.161s | Train Loss: 0.383465 |
2020-07-15 19:28:57,383 - root - INFO - | Epoch: 075/100 | Train Time: 0.163s | Train Loss: 0.382999 |
2020-07-15 19:28:57,568 - root - INFO - | Epoch: 076/100 | Train Time: 0.185s | Train Loss: 0.383554 |
2020-07-15 19:28:57,762 - root - INFO - | Epoch: 077/100 | Train Time: 0.194s | Train Loss: 0.381821 |
2020-07-15 19:28:57,928 - root - INFO - | Epoch: 078/100 | Train Time: 0.165s | Train Loss: 0.381567 |
2020-07-15 19:28:58,084 - root - INFO - | Epoch: 079/100 | Train Time: 0.156s | Train Loss: 0.381729 |
2020-07-15 19:28:58,238 - root - INFO - | Epoch: 080/100 | Train Time: 0.154s | Train Loss: 0.383108 |
2020-07-15 19:28:58,393 - root - INFO - | Epoch: 081/100 | Train Time: 0.154s | Train Loss: 0.381265 |
2020-07-15 19:28:58,547 - root - INFO - | Epoch: 082/100 | Train Time: 0.154s | Train Loss: 0.382640 |
2020-07-15 19:28:58,701 - root - INFO - | Epoch: 083/100 | Train Time: 0.154s | Train Loss: 0.382433 |
2020-07-15 19:28:58,855 - root - INFO - | Epoch: 084/100 | Train Time: 0.154s | Train Loss: 0.381333 |
2020-07-15 19:28:59,011 - root - INFO - | Epoch: 085/100 | Train Time: 0.156s | Train Loss: 0.380029 |
2020-07-15 19:28:59,173 - root - INFO - | Epoch: 086/100 | Train Time: 0.161s | Train Loss: 0.381522 |
2020-07-15 19:28:59,343 - root - INFO - | Epoch: 087/100 | Train Time: 0.171s | Train Loss: 0.381653 |
2020-07-15 19:28:59,508 - root - INFO - | Epoch: 088/100 | Train Time: 0.164s | Train Loss: 0.381527 |
2020-07-15 19:28:59,672 - root - INFO - | Epoch: 089/100 | Train Time: 0.164s | Train Loss: 0.381051 |
2020-07-15 19:28:59,838 - root - INFO - | Epoch: 090/100 | Train Time: 0.166s | Train Loss: 0.379436 |
2020-07-15 19:29:00,004 - root - INFO - | Epoch: 091/100 | Train Time: 0.166s | Train Loss: 0.381119 |
2020-07-15 19:29:00,184 - root - INFO - | Epoch: 092/100 | Train Time: 0.179s | Train Loss: 0.378962 |
2020-07-15 19:29:00,348 - root - INFO - | Epoch: 093/100 | Train Time: 0.164s | Train Loss: 0.380889 |
2020-07-15 19:29:00,532 - root - INFO - | Epoch: 094/100 | Train Time: 0.184s | Train Loss: 0.379606 |
2020-07-15 19:29:00,719 - root - INFO - | Epoch: 095/100 | Train Time: 0.186s | Train Loss: 0.380116 |
2020-07-15 19:29:00,904 - root - INFO - | Epoch: 096/100 | Train Time: 0.185s | Train Loss: 0.379851 |
2020-07-15 19:29:01,070 - root - INFO - | Epoch: 097/100 | Train Time: 0.166s | Train Loss: 0.380232 |
2020-07-15 19:29:01,235 - root - INFO - | Epoch: 098/100 | Train Time: 0.165s | Train Loss: 0.379192 |
2020-07-15 19:29:01,401 - root - INFO - | Epoch: 099/100 | Train Time: 0.166s | Train Loss: 0.379193 |
2020-07-15 19:29:01,572 - root - INFO - | Epoch: 100/100 | Train Time: 0.171s | Train Loss: 0.380635 |
2020-07-15 19:29:01,573 - root - INFO - Training Time: 16.658s
2020-07-15 19:29:01,573 - root - INFO - Finished training.
2020-07-15 19:29:01,573 - root - INFO - Starting testing...
2020-07-15 19:29:01,595 - root - INFO - Test AUC: 99.75%
2020-07-15 19:29:01,596 - root - INFO - Test Time: 0.020s
2020-07-15 19:29:01,596 - root - INFO - Finished testing.
2020-07-15 19:47:03,413 - root - INFO - Hey I am loading net for you!
2020-07-15 19:47:05,003 - root - INFO - Setting hyper-parameters!
2020-07-15 19:47:05,004 - root - INFO - Starting training...
2020-07-15 19:47:05,175 - root - INFO - | Epoch: 001/100 | Train Time: 0.171s | Train Loss: 0.478704 |
2020-07-15 19:47:05,342 - root - INFO - | Epoch: 002/100 | Train Time: 0.166s | Train Loss: 0.475156 |
2020-07-15 19:47:05,521 - root - INFO - | Epoch: 003/100 | Train Time: 0.179s | Train Loss: 0.472218 |
2020-07-15 19:47:05,692 - root - INFO - | Epoch: 004/100 | Train Time: 0.171s | Train Loss: 0.467353 |
2020-07-15 19:47:05,860 - root - INFO - | Epoch: 005/100 | Train Time: 0.167s | Train Loss: 0.464277 |
2020-07-15 19:47:06,030 - root - INFO - | Epoch: 006/100 | Train Time: 0.170s | Train Loss: 0.460927 |
2020-07-15 19:47:06,211 - root - INFO - | Epoch: 007/100 | Train Time: 0.181s | Train Loss: 0.457934 |
2020-07-15 19:47:06,379 - root - INFO - | Epoch: 008/100 | Train Time: 0.167s | Train Loss: 0.455601 |
2020-07-15 19:47:06,543 - root - INFO - | Epoch: 009/100 | Train Time: 0.164s | Train Loss: 0.451766 |
2020-07-15 19:47:06,710 - root - INFO - | Epoch: 010/100 | Train Time: 0.167s | Train Loss: 0.449263 |
2020-07-15 19:47:06,892 - root - INFO - | Epoch: 011/100 | Train Time: 0.182s | Train Loss: 0.446263 |
2020-07-15 19:47:07,057 - root - INFO - | Epoch: 012/100 | Train Time: 0.164s | Train Loss: 0.443986 |
2020-07-15 19:47:07,219 - root - INFO - | Epoch: 013/100 | Train Time: 0.163s | Train Loss: 0.441006 |
2020-07-15 19:47:07,385 - root - INFO - | Epoch: 014/100 | Train Time: 0.165s | Train Loss: 0.438554 |
2020-07-15 19:47:07,547 - root - INFO - | Epoch: 015/100 | Train Time: 0.162s | Train Loss: 0.436199 |
2020-07-15 19:47:07,714 - root - INFO - | Epoch: 016/100 | Train Time: 0.167s | Train Loss: 0.433329 |
2020-07-15 19:47:07,906 - root - INFO - | Epoch: 017/100 | Train Time: 0.191s | Train Loss: 0.429079 |
2020-07-15 19:47:08,083 - root - INFO - | Epoch: 018/100 | Train Time: 0.177s | Train Loss: 0.429105 |
2020-07-15 19:47:08,249 - root - INFO - | Epoch: 019/100 | Train Time: 0.166s | Train Loss: 0.426988 |
2020-07-15 19:47:08,421 - root - INFO - | Epoch: 020/100 | Train Time: 0.172s | Train Loss: 0.425159 |
2020-07-15 19:47:08,594 - root - INFO - | Epoch: 021/100 | Train Time: 0.172s | Train Loss: 0.423311 |
2020-07-15 19:47:08,751 - root - INFO - | Epoch: 022/100 | Train Time: 0.158s | Train Loss: 0.419727 |
2020-07-15 19:47:08,895 - root - INFO - | Epoch: 023/100 | Train Time: 0.144s | Train Loss: 0.420040 |
2020-07-15 19:47:09,037 - root - INFO - | Epoch: 024/100 | Train Time: 0.141s | Train Loss: 0.418090 |
2020-07-15 19:47:09,179 - root - INFO - | Epoch: 025/100 | Train Time: 0.143s | Train Loss: 0.415022 |
2020-07-15 19:47:09,357 - root - INFO - | Epoch: 026/100 | Train Time: 0.178s | Train Loss: 0.413993 |
2020-07-15 19:47:09,503 - root - INFO - | Epoch: 027/100 | Train Time: 0.145s | Train Loss: 0.412847 |
2020-07-15 19:47:09,646 - root - INFO - | Epoch: 028/100 | Train Time: 0.143s | Train Loss: 0.411452 |
2020-07-15 19:47:09,805 - root - INFO - | Epoch: 029/100 | Train Time: 0.159s | Train Loss: 0.407905 |
2020-07-15 19:47:09,959 - root - INFO - | Epoch: 030/100 | Train Time: 0.153s | Train Loss: 0.407591 |
2020-07-15 19:47:10,112 - root - INFO - | Epoch: 031/100 | Train Time: 0.153s | Train Loss: 0.407299 |
2020-07-15 19:47:10,283 - root - INFO - | Epoch: 032/100 | Train Time: 0.172s | Train Loss: 0.404408 |
2020-07-15 19:47:10,444 - root - INFO - | Epoch: 033/100 | Train Time: 0.161s | Train Loss: 0.404861 |
2020-07-15 19:47:10,607 - root - INFO - | Epoch: 034/100 | Train Time: 0.163s | Train Loss: 0.403591 |
2020-07-15 19:47:10,805 - root - INFO - | Epoch: 035/100 | Train Time: 0.197s | Train Loss: 0.402072 |
2020-07-15 19:47:10,999 - root - INFO - | Epoch: 036/100 | Train Time: 0.194s | Train Loss: 0.399850 |
2020-07-15 19:47:11,176 - root - INFO - | Epoch: 037/100 | Train Time: 0.177s | Train Loss: 0.398737 |
2020-07-15 19:47:11,358 - root - INFO - | Epoch: 038/100 | Train Time: 0.182s | Train Loss: 0.398351 |
2020-07-15 19:47:11,542 - root - INFO - | Epoch: 039/100 | Train Time: 0.184s | Train Loss: 0.396411 |
2020-07-15 19:47:11,697 - root - INFO - | Epoch: 040/100 | Train Time: 0.155s | Train Loss: 0.395624 |
2020-07-15 19:47:11,846 - root - INFO - | Epoch: 041/100 | Train Time: 0.149s | Train Loss: 0.393613 |
2020-07-15 19:47:11,999 - root - INFO - | Epoch: 042/100 | Train Time: 0.153s | Train Loss: 0.394124 |
2020-07-15 19:47:12,153 - root - INFO - | Epoch: 043/100 | Train Time: 0.154s | Train Loss: 0.391651 |
2020-07-15 19:47:12,304 - root - INFO - | Epoch: 044/100 | Train Time: 0.151s | Train Loss: 0.391323 |
2020-07-15 19:47:12,452 - root - INFO - | Epoch: 045/100 | Train Time: 0.148s | Train Loss: 0.391422 |
2020-07-15 19:47:12,607 - root - INFO - | Epoch: 046/100 | Train Time: 0.155s | Train Loss: 0.389572 |
2020-07-15 19:47:12,764 - root - INFO - | Epoch: 047/100 | Train Time: 0.156s | Train Loss: 0.388667 |
2020-07-15 19:47:12,922 - root - INFO - | Epoch: 048/100 | Train Time: 0.158s | Train Loss: 0.387981 |
2020-07-15 19:47:13,084 - root - INFO - | Epoch: 049/100 | Train Time: 0.161s | Train Loss: 0.387005 |
2020-07-15 19:47:13,259 - root - INFO - | Epoch: 050/100 | Train Time: 0.175s | Train Loss: 0.384964 |
2020-07-15 19:47:13,259 - root - INFO -   LR scheduler: new learning rate is 1e-06
2020-07-15 19:47:13,416 - root - INFO - | Epoch: 051/100 | Train Time: 0.157s | Train Loss: 0.385557 |
2020-07-15 19:47:13,572 - root - INFO - | Epoch: 052/100 | Train Time: 0.156s | Train Loss: 0.384120 |
2020-07-15 19:47:13,742 - root - INFO - | Epoch: 053/100 | Train Time: 0.170s | Train Loss: 0.384168 |
2020-07-15 19:47:13,900 - root - INFO - | Epoch: 054/100 | Train Time: 0.157s | Train Loss: 0.384757 |
2020-07-15 19:47:14,048 - root - INFO - | Epoch: 055/100 | Train Time: 0.149s | Train Loss: 0.383005 |
2020-07-15 19:47:14,192 - root - INFO - | Epoch: 056/100 | Train Time: 0.143s | Train Loss: 0.385087 |
2020-07-15 19:47:14,332 - root - INFO - | Epoch: 057/100 | Train Time: 0.141s | Train Loss: 0.385424 |
2020-07-15 19:47:14,479 - root - INFO - | Epoch: 058/100 | Train Time: 0.146s | Train Loss: 0.382630 |
2020-07-15 19:47:14,628 - root - INFO - | Epoch: 059/100 | Train Time: 0.149s | Train Loss: 0.385238 |
2020-07-15 19:47:14,783 - root - INFO - | Epoch: 060/100 | Train Time: 0.155s | Train Loss: 0.383412 |
2020-07-15 19:47:14,935 - root - INFO - | Epoch: 061/100 | Train Time: 0.152s | Train Loss: 0.383856 |
2020-07-15 19:47:15,083 - root - INFO - | Epoch: 062/100 | Train Time: 0.148s | Train Loss: 0.383139 |
2020-07-15 19:47:15,249 - root - INFO - | Epoch: 063/100 | Train Time: 0.166s | Train Loss: 0.382800 |
2020-07-15 19:47:15,406 - root - INFO - | Epoch: 064/100 | Train Time: 0.157s | Train Loss: 0.384149 |
2020-07-15 19:47:15,557 - root - INFO - | Epoch: 065/100 | Train Time: 0.150s | Train Loss: 0.384723 |
2020-07-15 19:47:15,706 - root - INFO - | Epoch: 066/100 | Train Time: 0.149s | Train Loss: 0.383206 |
2020-07-15 19:47:15,859 - root - INFO - | Epoch: 067/100 | Train Time: 0.153s | Train Loss: 0.383928 |
2020-07-15 19:47:16,005 - root - INFO - | Epoch: 068/100 | Train Time: 0.146s | Train Loss: 0.382938 |
2020-07-15 19:47:16,154 - root - INFO - | Epoch: 069/100 | Train Time: 0.148s | Train Loss: 0.383062 |
2020-07-15 19:47:16,298 - root - INFO - | Epoch: 070/100 | Train Time: 0.144s | Train Loss: 0.383171 |
2020-07-15 19:47:16,448 - root - INFO - | Epoch: 071/100 | Train Time: 0.149s | Train Loss: 0.383408 |
2020-07-15 19:47:16,597 - root - INFO - | Epoch: 072/100 | Train Time: 0.150s | Train Loss: 0.381450 |
2020-07-15 19:47:16,749 - root - INFO - | Epoch: 073/100 | Train Time: 0.151s | Train Loss: 0.383476 |
2020-07-15 19:47:16,899 - root - INFO - | Epoch: 074/100 | Train Time: 0.150s | Train Loss: 0.383465 |
2020-07-15 19:47:17,051 - root - INFO - | Epoch: 075/100 | Train Time: 0.152s | Train Loss: 0.382999 |
2020-07-15 19:47:17,205 - root - INFO - | Epoch: 076/100 | Train Time: 0.154s | Train Loss: 0.383554 |
2020-07-15 19:47:17,356 - root - INFO - | Epoch: 077/100 | Train Time: 0.151s | Train Loss: 0.381821 |
2020-07-15 19:47:17,505 - root - INFO - | Epoch: 078/100 | Train Time: 0.149s | Train Loss: 0.381567 |
2020-07-15 19:47:17,654 - root - INFO - | Epoch: 079/100 | Train Time: 0.148s | Train Loss: 0.381729 |
2020-07-15 19:47:17,805 - root - INFO - | Epoch: 080/100 | Train Time: 0.151s | Train Loss: 0.383108 |
2020-07-15 19:47:17,956 - root - INFO - | Epoch: 081/100 | Train Time: 0.151s | Train Loss: 0.381265 |
2020-07-15 19:47:18,106 - root - INFO - | Epoch: 082/100 | Train Time: 0.149s | Train Loss: 0.382640 |
2020-07-15 19:47:18,258 - root - INFO - | Epoch: 083/100 | Train Time: 0.152s | Train Loss: 0.382433 |
2020-07-15 19:47:18,432 - root - INFO - | Epoch: 084/100 | Train Time: 0.174s | Train Loss: 0.381333 |
2020-07-15 19:47:18,583 - root - INFO - | Epoch: 085/100 | Train Time: 0.151s | Train Loss: 0.380029 |
2020-07-15 19:47:18,735 - root - INFO - | Epoch: 086/100 | Train Time: 0.152s | Train Loss: 0.381522 |
2020-07-15 19:47:18,886 - root - INFO - | Epoch: 087/100 | Train Time: 0.151s | Train Loss: 0.381653 |
2020-07-15 19:47:19,034 - root - INFO - | Epoch: 088/100 | Train Time: 0.147s | Train Loss: 0.381527 |
2020-07-15 19:47:19,191 - root - INFO - | Epoch: 089/100 | Train Time: 0.157s | Train Loss: 0.381051 |
2020-07-15 19:47:19,351 - root - INFO - | Epoch: 090/100 | Train Time: 0.159s | Train Loss: 0.379436 |
2020-07-15 19:47:19,509 - root - INFO - | Epoch: 091/100 | Train Time: 0.158s | Train Loss: 0.381119 |
2020-07-15 19:47:19,686 - root - INFO - | Epoch: 092/100 | Train Time: 0.177s | Train Loss: 0.378962 |
2020-07-15 19:47:19,845 - root - INFO - | Epoch: 093/100 | Train Time: 0.159s | Train Loss: 0.380889 |
2020-07-15 19:47:20,005 - root - INFO - | Epoch: 094/100 | Train Time: 0.160s | Train Loss: 0.379606 |
2020-07-15 19:47:20,163 - root - INFO - | Epoch: 095/100 | Train Time: 0.158s | Train Loss: 0.380116 |
2020-07-15 19:47:20,318 - root - INFO - | Epoch: 096/100 | Train Time: 0.155s | Train Loss: 0.379851 |
2020-07-15 19:47:20,475 - root - INFO - | Epoch: 097/100 | Train Time: 0.157s | Train Loss: 0.380232 |
2020-07-15 19:47:20,655 - root - INFO - | Epoch: 098/100 | Train Time: 0.180s | Train Loss: 0.379192 |
2020-07-15 19:47:20,817 - root - INFO - | Epoch: 099/100 | Train Time: 0.162s | Train Loss: 0.379193 |
2020-07-15 19:47:20,990 - root - INFO - | Epoch: 100/100 | Train Time: 0.173s | Train Loss: 0.380635 |
2020-07-15 19:47:20,991 - root - INFO - Training Time: 15.987s
2020-07-15 19:47:20,991 - root - INFO - Finished training.
2020-07-15 19:47:20,991 - root - INFO - Starting testing...
2020-07-15 19:47:21,007 - root - INFO - Test AUC: 99.75%
2020-07-15 19:47:21,007 - root - INFO - Test Time: 0.014s
2020-07-15 19:47:21,007 - root - INFO - Finished testing.
2020-07-15 19:56:54,669 - root - INFO - Hey I am loading net for you!
2020-07-15 19:56:56,252 - root - INFO - Setting hyper-parameters!
2020-07-15 19:56:56,252 - root - INFO - Starting training...
2020-07-15 19:56:56,408 - root - INFO - | Epoch: 001/100 | Train Time: 0.155s | Train Loss: 0.478704 |
2020-07-15 19:56:56,567 - root - INFO - | Epoch: 002/100 | Train Time: 0.159s | Train Loss: 0.475156 |
2020-07-15 19:56:56,730 - root - INFO - | Epoch: 003/100 | Train Time: 0.163s | Train Loss: 0.472218 |
2020-07-15 19:56:56,889 - root - INFO - | Epoch: 004/100 | Train Time: 0.159s | Train Loss: 0.467353 |
2020-07-15 19:56:57,052 - root - INFO - | Epoch: 005/100 | Train Time: 0.163s | Train Loss: 0.464277 |
2020-07-15 19:56:57,232 - root - INFO - | Epoch: 006/100 | Train Time: 0.180s | Train Loss: 0.460927 |
2020-07-15 19:56:57,396 - root - INFO - | Epoch: 007/100 | Train Time: 0.165s | Train Loss: 0.457934 |
2020-07-15 19:56:57,557 - root - INFO - | Epoch: 008/100 | Train Time: 0.160s | Train Loss: 0.455601 |
2020-07-15 19:56:57,720 - root - INFO - | Epoch: 009/100 | Train Time: 0.163s | Train Loss: 0.451766 |
2020-07-15 19:56:57,880 - root - INFO - | Epoch: 010/100 | Train Time: 0.160s | Train Loss: 0.449263 |
2020-07-15 19:56:58,044 - root - INFO - | Epoch: 011/100 | Train Time: 0.164s | Train Loss: 0.446263 |
2020-07-15 19:56:58,203 - root - INFO - | Epoch: 012/100 | Train Time: 0.159s | Train Loss: 0.443986 |
2020-07-15 19:56:58,363 - root - INFO - | Epoch: 013/100 | Train Time: 0.159s | Train Loss: 0.441006 |
2020-07-15 19:56:58,523 - root - INFO - | Epoch: 014/100 | Train Time: 0.160s | Train Loss: 0.438554 |
2020-07-15 19:56:58,688 - root - INFO - | Epoch: 015/100 | Train Time: 0.164s | Train Loss: 0.436199 |
2020-07-15 19:56:58,850 - root - INFO - | Epoch: 016/100 | Train Time: 0.162s | Train Loss: 0.433329 |
2020-07-15 19:56:59,011 - root - INFO - | Epoch: 017/100 | Train Time: 0.161s | Train Loss: 0.429079 |
2020-07-15 19:56:59,176 - root - INFO - | Epoch: 018/100 | Train Time: 0.165s | Train Loss: 0.429105 |
2020-07-15 19:56:59,340 - root - INFO - | Epoch: 019/100 | Train Time: 0.164s | Train Loss: 0.426988 |
2020-07-15 19:56:59,504 - root - INFO - | Epoch: 020/100 | Train Time: 0.164s | Train Loss: 0.425159 |
2020-07-15 19:56:59,684 - root - INFO - | Epoch: 021/100 | Train Time: 0.180s | Train Loss: 0.423311 |
2020-07-15 19:56:59,877 - root - INFO - | Epoch: 022/100 | Train Time: 0.193s | Train Loss: 0.419727 |
2020-07-15 19:57:00,071 - root - INFO - | Epoch: 023/100 | Train Time: 0.193s | Train Loss: 0.420040 |
2020-07-15 19:57:00,238 - root - INFO - | Epoch: 024/100 | Train Time: 0.167s | Train Loss: 0.418090 |
2020-07-15 19:57:00,403 - root - INFO - | Epoch: 025/100 | Train Time: 0.165s | Train Loss: 0.415022 |
2020-07-15 19:57:00,568 - root - INFO - | Epoch: 026/100 | Train Time: 0.165s | Train Loss: 0.413993 |
2020-07-15 19:57:00,740 - root - INFO - | Epoch: 027/100 | Train Time: 0.172s | Train Loss: 0.412847 |
2020-07-15 19:57:00,920 - root - INFO - | Epoch: 028/100 | Train Time: 0.180s | Train Loss: 0.411452 |
2020-07-15 19:57:01,083 - root - INFO - | Epoch: 029/100 | Train Time: 0.162s | Train Loss: 0.407905 |
2020-07-15 19:57:01,248 - root - INFO - | Epoch: 030/100 | Train Time: 0.165s | Train Loss: 0.407591 |
2020-07-15 19:57:01,414 - root - INFO - | Epoch: 031/100 | Train Time: 0.166s | Train Loss: 0.407299 |
2020-07-15 19:57:01,595 - root - INFO - | Epoch: 032/100 | Train Time: 0.181s | Train Loss: 0.404408 |
2020-07-15 19:57:01,760 - root - INFO - | Epoch: 033/100 | Train Time: 0.165s | Train Loss: 0.404861 |
2020-07-15 19:57:01,924 - root - INFO - | Epoch: 034/100 | Train Time: 0.164s | Train Loss: 0.403591 |
2020-07-15 19:57:02,113 - root - INFO - | Epoch: 035/100 | Train Time: 0.188s | Train Loss: 0.402072 |
2020-07-15 19:57:02,284 - root - INFO - | Epoch: 036/100 | Train Time: 0.171s | Train Loss: 0.399850 |
2020-07-15 19:57:02,449 - root - INFO - | Epoch: 037/100 | Train Time: 0.165s | Train Loss: 0.398737 |
2020-07-15 19:57:02,614 - root - INFO - | Epoch: 038/100 | Train Time: 0.165s | Train Loss: 0.398351 |
2020-07-15 19:57:02,778 - root - INFO - | Epoch: 039/100 | Train Time: 0.165s | Train Loss: 0.396411 |
2020-07-15 19:57:02,943 - root - INFO - | Epoch: 040/100 | Train Time: 0.165s | Train Loss: 0.395624 |
2020-07-15 19:57:03,108 - root - INFO - | Epoch: 041/100 | Train Time: 0.164s | Train Loss: 0.393613 |
2020-07-15 19:57:03,265 - root - INFO - | Epoch: 042/100 | Train Time: 0.157s | Train Loss: 0.394124 |
2020-07-15 19:57:03,436 - root - INFO - | Epoch: 043/100 | Train Time: 0.172s | Train Loss: 0.391651 |
2020-07-15 19:57:03,596 - root - INFO - | Epoch: 044/100 | Train Time: 0.160s | Train Loss: 0.391323 |
2020-07-15 19:57:03,750 - root - INFO - | Epoch: 045/100 | Train Time: 0.153s | Train Loss: 0.391422 |
2020-07-15 19:57:03,927 - root - INFO - | Epoch: 046/100 | Train Time: 0.178s | Train Loss: 0.389572 |
2020-07-15 19:57:04,113 - root - INFO - | Epoch: 047/100 | Train Time: 0.186s | Train Loss: 0.388667 |
2020-07-15 19:57:04,270 - root - INFO - | Epoch: 048/100 | Train Time: 0.157s | Train Loss: 0.387981 |
2020-07-15 19:57:04,428 - root - INFO - | Epoch: 049/100 | Train Time: 0.157s | Train Loss: 0.387005 |
2020-07-15 19:57:04,582 - root - INFO - | Epoch: 050/100 | Train Time: 0.155s | Train Loss: 0.384964 |
2020-07-15 19:57:04,582 - root - INFO -   LR scheduler: new learning rate is 1e-06
2020-07-15 19:57:04,734 - root - INFO - | Epoch: 051/100 | Train Time: 0.151s | Train Loss: 0.385557 |
2020-07-15 19:57:04,887 - root - INFO - | Epoch: 052/100 | Train Time: 0.154s | Train Loss: 0.384120 |
2020-07-15 19:57:05,037 - root - INFO - | Epoch: 053/100 | Train Time: 0.150s | Train Loss: 0.384168 |
2020-07-15 19:57:05,181 - root - INFO - | Epoch: 054/100 | Train Time: 0.143s | Train Loss: 0.384757 |
2020-07-15 19:57:05,321 - root - INFO - | Epoch: 055/100 | Train Time: 0.140s | Train Loss: 0.383005 |
2020-07-15 19:57:05,460 - root - INFO - | Epoch: 056/100 | Train Time: 0.140s | Train Loss: 0.385087 |
2020-07-15 19:57:05,602 - root - INFO - | Epoch: 057/100 | Train Time: 0.142s | Train Loss: 0.385424 |
2020-07-15 19:57:05,748 - root - INFO - | Epoch: 058/100 | Train Time: 0.146s | Train Loss: 0.382630 |
2020-07-15 19:57:05,892 - root - INFO - | Epoch: 059/100 | Train Time: 0.143s | Train Loss: 0.385238 |
2020-07-15 19:57:06,040 - root - INFO - | Epoch: 060/100 | Train Time: 0.148s | Train Loss: 0.383412 |
2020-07-15 19:57:06,187 - root - INFO - | Epoch: 061/100 | Train Time: 0.147s | Train Loss: 0.383856 |
2020-07-15 19:57:06,360 - root - INFO - | Epoch: 062/100 | Train Time: 0.173s | Train Loss: 0.383139 |
2020-07-15 19:57:06,523 - root - INFO - | Epoch: 063/100 | Train Time: 0.163s | Train Loss: 0.382800 |
2020-07-15 19:57:06,697 - root - INFO - | Epoch: 064/100 | Train Time: 0.174s | Train Loss: 0.384149 |
2020-07-15 19:57:06,864 - root - INFO - | Epoch: 065/100 | Train Time: 0.168s | Train Loss: 0.384723 |
2020-07-15 19:57:07,029 - root - INFO - | Epoch: 066/100 | Train Time: 0.164s | Train Loss: 0.383206 |
2020-07-15 19:57:07,193 - root - INFO - | Epoch: 067/100 | Train Time: 0.164s | Train Loss: 0.383928 |
2020-07-15 19:57:07,354 - root - INFO - | Epoch: 068/100 | Train Time: 0.161s | Train Loss: 0.382938 |
2020-07-15 19:57:07,535 - root - INFO - | Epoch: 069/100 | Train Time: 0.181s | Train Loss: 0.383062 |
2020-07-15 19:57:07,721 - root - INFO - | Epoch: 070/100 | Train Time: 0.186s | Train Loss: 0.383171 |
2020-07-15 19:57:07,902 - root - INFO - | Epoch: 071/100 | Train Time: 0.181s | Train Loss: 0.383408 |
2020-07-15 19:57:08,073 - root - INFO - | Epoch: 072/100 | Train Time: 0.170s | Train Loss: 0.381450 |
2020-07-15 19:57:08,236 - root - INFO - | Epoch: 073/100 | Train Time: 0.163s | Train Loss: 0.383476 |
2020-07-15 19:57:08,413 - root - INFO - | Epoch: 074/100 | Train Time: 0.177s | Train Loss: 0.383465 |
2020-07-15 19:57:08,585 - root - INFO - | Epoch: 075/100 | Train Time: 0.171s | Train Loss: 0.382999 |
2020-07-15 19:57:08,748 - root - INFO - | Epoch: 076/100 | Train Time: 0.163s | Train Loss: 0.383554 |
2020-07-15 19:57:08,914 - root - INFO - | Epoch: 077/100 | Train Time: 0.166s | Train Loss: 0.381821 |
2020-07-15 19:57:09,079 - root - INFO - | Epoch: 078/100 | Train Time: 0.165s | Train Loss: 0.381567 |
2020-07-15 19:57:09,244 - root - INFO - | Epoch: 079/100 | Train Time: 0.165s | Train Loss: 0.381729 |
2020-07-15 19:57:09,408 - root - INFO - | Epoch: 080/100 | Train Time: 0.164s | Train Loss: 0.383108 |
2020-07-15 19:57:09,572 - root - INFO - | Epoch: 081/100 | Train Time: 0.164s | Train Loss: 0.381265 |
2020-07-15 19:57:09,736 - root - INFO - | Epoch: 082/100 | Train Time: 0.164s | Train Loss: 0.382640 |
2020-07-15 19:57:09,900 - root - INFO - | Epoch: 083/100 | Train Time: 0.164s | Train Loss: 0.382433 |
2020-07-15 19:57:10,065 - root - INFO - | Epoch: 084/100 | Train Time: 0.165s | Train Loss: 0.381333 |
2020-07-15 19:57:10,232 - root - INFO - | Epoch: 085/100 | Train Time: 0.167s | Train Loss: 0.380029 |
2020-07-15 19:57:10,396 - root - INFO - | Epoch: 086/100 | Train Time: 0.164s | Train Loss: 0.381522 |
2020-07-15 19:57:10,561 - root - INFO - | Epoch: 087/100 | Train Time: 0.164s | Train Loss: 0.381653 |
2020-07-15 19:57:10,727 - root - INFO - | Epoch: 088/100 | Train Time: 0.166s | Train Loss: 0.381527 |
2020-07-15 19:57:10,879 - root - INFO - | Epoch: 089/100 | Train Time: 0.153s | Train Loss: 0.381051 |
2020-07-15 19:57:11,028 - root - INFO - | Epoch: 090/100 | Train Time: 0.148s | Train Loss: 0.379436 |
2020-07-15 19:57:11,194 - root - INFO - | Epoch: 091/100 | Train Time: 0.166s | Train Loss: 0.381119 |
2020-07-15 19:57:11,361 - root - INFO - | Epoch: 092/100 | Train Time: 0.166s | Train Loss: 0.378962 |
2020-07-15 19:57:11,525 - root - INFO - | Epoch: 093/100 | Train Time: 0.164s | Train Loss: 0.380889 |
2020-07-15 19:57:11,676 - root - INFO - | Epoch: 094/100 | Train Time: 0.151s | Train Loss: 0.379606 |
2020-07-15 19:57:11,829 - root - INFO - | Epoch: 095/100 | Train Time: 0.153s | Train Loss: 0.380116 |
2020-07-15 19:57:11,994 - root - INFO - | Epoch: 096/100 | Train Time: 0.165s | Train Loss: 0.379851 |
2020-07-15 19:57:12,159 - root - INFO - | Epoch: 097/100 | Train Time: 0.165s | Train Loss: 0.380232 |
2020-07-15 19:57:12,321 - root - INFO - | Epoch: 098/100 | Train Time: 0.162s | Train Loss: 0.379192 |
2020-07-15 19:57:12,480 - root - INFO - | Epoch: 099/100 | Train Time: 0.159s | Train Loss: 0.379193 |
2020-07-15 19:57:12,644 - root - INFO - | Epoch: 100/100 | Train Time: 0.164s | Train Loss: 0.380635 |
2020-07-15 19:57:12,644 - root - INFO - Training Time: 16.392s
2020-07-15 19:57:12,644 - root - INFO - Finished training.
2020-07-15 19:57:12,645 - root - INFO - Starting testing...
2020-07-15 19:57:12,659 - root - INFO - Test AUC: 99.75%
2020-07-15 19:57:12,659 - root - INFO - Test Time: 0.013s
2020-07-15 19:57:12,659 - root - INFO - Finished testing.
2020-07-15 19:59:14,053 - root - INFO - Hey I am loading net for you!
2020-07-15 19:59:15,641 - root - INFO - Setting hyper-parameters!
2020-07-15 19:59:15,642 - root - INFO - Starting training...
2020-07-15 19:59:15,796 - root - INFO - | Epoch: 001/100 | Train Time: 0.154s | Train Loss: 0.478704 |
2020-07-15 19:59:15,968 - root - INFO - | Epoch: 002/100 | Train Time: 0.172s | Train Loss: 0.475156 |
2020-07-15 19:59:16,131 - root - INFO - | Epoch: 003/100 | Train Time: 0.162s | Train Loss: 0.472218 |
2020-07-15 19:59:16,285 - root - INFO - | Epoch: 004/100 | Train Time: 0.154s | Train Loss: 0.467353 |
2020-07-15 19:59:16,440 - root - INFO - | Epoch: 005/100 | Train Time: 0.155s | Train Loss: 0.464277 |
2020-07-15 19:59:16,616 - root - INFO - | Epoch: 006/100 | Train Time: 0.175s | Train Loss: 0.460927 |
2020-07-15 19:59:16,775 - root - INFO - | Epoch: 007/100 | Train Time: 0.159s | Train Loss: 0.457934 |
2020-07-15 19:59:16,931 - root - INFO - | Epoch: 008/100 | Train Time: 0.156s | Train Loss: 0.455601 |
2020-07-15 19:59:17,086 - root - INFO - | Epoch: 009/100 | Train Time: 0.154s | Train Loss: 0.451766 |
2020-07-15 19:59:17,241 - root - INFO - | Epoch: 010/100 | Train Time: 0.155s | Train Loss: 0.449263 |
2020-07-15 19:59:17,425 - root - INFO - | Epoch: 011/100 | Train Time: 0.184s | Train Loss: 0.446263 |
2020-07-15 19:59:17,608 - root - INFO - | Epoch: 012/100 | Train Time: 0.183s | Train Loss: 0.443986 |
2020-07-15 19:59:17,772 - root - INFO - | Epoch: 013/100 | Train Time: 0.164s | Train Loss: 0.441006 |
2020-07-15 19:59:17,937 - root - INFO - | Epoch: 014/100 | Train Time: 0.164s | Train Loss: 0.438554 |
2020-07-15 19:59:18,100 - root - INFO - | Epoch: 015/100 | Train Time: 0.163s | Train Loss: 0.436199 |
2020-07-15 19:59:18,286 - root - INFO - | Epoch: 016/100 | Train Time: 0.187s | Train Loss: 0.433329 |
2020-07-15 19:59:18,454 - root - INFO - | Epoch: 017/100 | Train Time: 0.167s | Train Loss: 0.429079 |
2020-07-15 19:59:18,643 - root - INFO - | Epoch: 018/100 | Train Time: 0.189s | Train Loss: 0.429105 |
2020-07-15 19:59:18,809 - root - INFO - | Epoch: 019/100 | Train Time: 0.165s | Train Loss: 0.426988 |
2020-07-15 19:59:18,976 - root - INFO - | Epoch: 020/100 | Train Time: 0.167s | Train Loss: 0.425159 |
2020-07-15 19:59:19,141 - root - INFO - | Epoch: 021/100 | Train Time: 0.164s | Train Loss: 0.423311 |
2020-07-15 19:59:19,304 - root - INFO - | Epoch: 022/100 | Train Time: 0.163s | Train Loss: 0.419727 |
2020-07-15 19:59:19,487 - root - INFO - | Epoch: 023/100 | Train Time: 0.183s | Train Loss: 0.420040 |
2020-07-15 19:59:19,692 - root - INFO - | Epoch: 024/100 | Train Time: 0.205s | Train Loss: 0.418090 |
2020-07-15 19:59:19,859 - root - INFO - | Epoch: 025/100 | Train Time: 0.167s | Train Loss: 0.415022 |
2020-07-15 19:59:20,026 - root - INFO - | Epoch: 026/100 | Train Time: 0.166s | Train Loss: 0.413993 |
2020-07-15 19:59:20,188 - root - INFO - | Epoch: 027/100 | Train Time: 0.162s | Train Loss: 0.412847 |
2020-07-15 19:59:20,354 - root - INFO - | Epoch: 028/100 | Train Time: 0.166s | Train Loss: 0.411452 |
2020-07-15 19:59:20,517 - root - INFO - | Epoch: 029/100 | Train Time: 0.163s | Train Loss: 0.407905 |
2020-07-15 19:59:20,682 - root - INFO - | Epoch: 030/100 | Train Time: 0.166s | Train Loss: 0.407591 |
2020-07-15 19:59:20,864 - root - INFO - | Epoch: 031/100 | Train Time: 0.181s | Train Loss: 0.407299 |
2020-07-15 19:59:21,029 - root - INFO - | Epoch: 032/100 | Train Time: 0.165s | Train Loss: 0.404408 |
2020-07-15 19:59:21,181 - root - INFO - | Epoch: 033/100 | Train Time: 0.152s | Train Loss: 0.404861 |
2020-07-15 19:59:21,330 - root - INFO - | Epoch: 034/100 | Train Time: 0.149s | Train Loss: 0.403591 |
2020-07-15 19:59:21,480 - root - INFO - | Epoch: 035/100 | Train Time: 0.149s | Train Loss: 0.402072 |
2020-07-15 19:59:21,627 - root - INFO - | Epoch: 036/100 | Train Time: 0.147s | Train Loss: 0.399850 |
2020-07-15 19:59:21,778 - root - INFO - | Epoch: 037/100 | Train Time: 0.151s | Train Loss: 0.398737 |
2020-07-15 19:59:21,929 - root - INFO - | Epoch: 038/100 | Train Time: 0.151s | Train Loss: 0.398351 |
2020-07-15 19:59:22,081 - root - INFO - | Epoch: 039/100 | Train Time: 0.152s | Train Loss: 0.396411 |
2020-07-15 19:59:22,233 - root - INFO - | Epoch: 040/100 | Train Time: 0.152s | Train Loss: 0.395624 |
2020-07-15 19:59:22,378 - root - INFO - | Epoch: 041/100 | Train Time: 0.145s | Train Loss: 0.393613 |
2020-07-15 19:59:22,543 - root - INFO - | Epoch: 042/100 | Train Time: 0.164s | Train Loss: 0.394124 |
2020-07-15 19:59:22,685 - root - INFO - | Epoch: 043/100 | Train Time: 0.142s | Train Loss: 0.391651 |
2020-07-15 19:59:22,827 - root - INFO - | Epoch: 044/100 | Train Time: 0.142s | Train Loss: 0.391323 |
2020-07-15 19:59:22,986 - root - INFO - | Epoch: 045/100 | Train Time: 0.159s | Train Loss: 0.391422 |
2020-07-15 19:59:23,163 - root - INFO - | Epoch: 046/100 | Train Time: 0.177s | Train Loss: 0.389572 |
2020-07-15 19:59:23,335 - root - INFO - | Epoch: 047/100 | Train Time: 0.172s | Train Loss: 0.388667 |
2020-07-15 19:59:23,482 - root - INFO - | Epoch: 048/100 | Train Time: 0.146s | Train Loss: 0.387981 |
2020-07-15 19:59:23,635 - root - INFO - | Epoch: 049/100 | Train Time: 0.154s | Train Loss: 0.387005 |
2020-07-15 19:59:23,806 - root - INFO - | Epoch: 050/100 | Train Time: 0.170s | Train Loss: 0.384964 |
2020-07-15 19:59:23,806 - root - INFO -   LR scheduler: new learning rate is 1e-06
2020-07-15 19:59:23,966 - root - INFO - | Epoch: 051/100 | Train Time: 0.160s | Train Loss: 0.385557 |
2020-07-15 19:59:24,119 - root - INFO - | Epoch: 052/100 | Train Time: 0.153s | Train Loss: 0.384120 |
2020-07-15 19:59:24,286 - root - INFO - | Epoch: 053/100 | Train Time: 0.167s | Train Loss: 0.384168 |
2020-07-15 19:59:24,477 - root - INFO - | Epoch: 054/100 | Train Time: 0.190s | Train Loss: 0.384757 |
2020-07-15 19:59:24,619 - root - INFO - | Epoch: 055/100 | Train Time: 0.142s | Train Loss: 0.383005 |
2020-07-15 19:59:24,774 - root - INFO - | Epoch: 056/100 | Train Time: 0.155s | Train Loss: 0.385087 |
2020-07-15 19:59:24,923 - root - INFO - | Epoch: 057/100 | Train Time: 0.148s | Train Loss: 0.385424 |
2020-07-15 19:59:25,066 - root - INFO - | Epoch: 058/100 | Train Time: 0.143s | Train Loss: 0.382630 |
2020-07-15 19:59:25,222 - root - INFO - | Epoch: 059/100 | Train Time: 0.156s | Train Loss: 0.385238 |
2020-07-15 19:59:25,400 - root - INFO - | Epoch: 060/100 | Train Time: 0.178s | Train Loss: 0.383412 |
2020-07-15 19:59:25,565 - root - INFO - | Epoch: 061/100 | Train Time: 0.164s | Train Loss: 0.383856 |
2020-07-15 19:59:25,727 - root - INFO - | Epoch: 062/100 | Train Time: 0.163s | Train Loss: 0.383139 |
2020-07-15 19:59:25,892 - root - INFO - | Epoch: 063/100 | Train Time: 0.164s | Train Loss: 0.382800 |
2020-07-15 19:59:26,056 - root - INFO - | Epoch: 064/100 | Train Time: 0.165s | Train Loss: 0.384149 |
2020-07-15 19:59:26,224 - root - INFO - | Epoch: 065/100 | Train Time: 0.168s | Train Loss: 0.384723 |
2020-07-15 19:59:26,404 - root - INFO - | Epoch: 066/100 | Train Time: 0.180s | Train Loss: 0.383206 |
2020-07-15 19:59:26,569 - root - INFO - | Epoch: 067/100 | Train Time: 0.164s | Train Loss: 0.383928 |
2020-07-15 19:59:26,756 - root - INFO - | Epoch: 068/100 | Train Time: 0.187s | Train Loss: 0.382938 |
2020-07-15 19:59:26,959 - root - INFO - | Epoch: 069/100 | Train Time: 0.202s | Train Loss: 0.383062 |
2020-07-15 19:59:27,144 - root - INFO - | Epoch: 070/100 | Train Time: 0.185s | Train Loss: 0.383171 |
2020-07-15 19:59:27,308 - root - INFO - | Epoch: 071/100 | Train Time: 0.164s | Train Loss: 0.383408 |
2020-07-15 19:59:27,466 - root - INFO - | Epoch: 072/100 | Train Time: 0.158s | Train Loss: 0.381450 |
2020-07-15 19:59:27,630 - root - INFO - | Epoch: 073/100 | Train Time: 0.163s | Train Loss: 0.383476 |
2020-07-15 19:59:27,790 - root - INFO - | Epoch: 074/100 | Train Time: 0.160s | Train Loss: 0.383465 |
2020-07-15 19:59:27,952 - root - INFO - | Epoch: 075/100 | Train Time: 0.162s | Train Loss: 0.382999 |
2020-07-15 19:59:28,117 - root - INFO - | Epoch: 076/100 | Train Time: 0.165s | Train Loss: 0.383554 |
2020-07-15 19:59:28,275 - root - INFO - | Epoch: 077/100 | Train Time: 0.158s | Train Loss: 0.381821 |
2020-07-15 19:59:28,436 - root - INFO - | Epoch: 078/100 | Train Time: 0.161s | Train Loss: 0.381567 |
2020-07-15 19:59:28,601 - root - INFO - | Epoch: 079/100 | Train Time: 0.165s | Train Loss: 0.381729 |
2020-07-15 19:59:28,766 - root - INFO - | Epoch: 080/100 | Train Time: 0.165s | Train Loss: 0.383108 |
2020-07-15 19:59:28,932 - root - INFO - | Epoch: 081/100 | Train Time: 0.166s | Train Loss: 0.381265 |
2020-07-15 19:59:29,096 - root - INFO - | Epoch: 082/100 | Train Time: 0.163s | Train Loss: 0.382640 |
2020-07-15 19:59:29,248 - root - INFO - | Epoch: 083/100 | Train Time: 0.152s | Train Loss: 0.382433 |
2020-07-15 19:59:29,409 - root - INFO - | Epoch: 084/100 | Train Time: 0.161s | Train Loss: 0.381333 |
2020-07-15 19:59:29,576 - root - INFO - | Epoch: 085/100 | Train Time: 0.166s | Train Loss: 0.380029 |
2020-07-15 19:59:29,742 - root - INFO - | Epoch: 086/100 | Train Time: 0.166s | Train Loss: 0.381522 |
2020-07-15 19:59:29,960 - root - INFO - | Epoch: 087/100 | Train Time: 0.218s | Train Loss: 0.381653 |
2020-07-15 19:59:30,131 - root - INFO - | Epoch: 088/100 | Train Time: 0.170s | Train Loss: 0.381527 |
2020-07-15 19:59:30,297 - root - INFO - | Epoch: 089/100 | Train Time: 0.166s | Train Loss: 0.381051 |
2020-07-15 19:59:30,460 - root - INFO - | Epoch: 090/100 | Train Time: 0.163s | Train Loss: 0.379436 |
2020-07-15 19:59:30,624 - root - INFO - | Epoch: 091/100 | Train Time: 0.164s | Train Loss: 0.381119 |
2020-07-15 19:59:30,802 - root - INFO - | Epoch: 092/100 | Train Time: 0.178s | Train Loss: 0.378962 |
2020-07-15 19:59:30,969 - root - INFO - | Epoch: 093/100 | Train Time: 0.167s | Train Loss: 0.380889 |
2020-07-15 19:59:31,154 - root - INFO - | Epoch: 094/100 | Train Time: 0.185s | Train Loss: 0.379606 |
2020-07-15 19:59:31,319 - root - INFO - | Epoch: 095/100 | Train Time: 0.165s | Train Loss: 0.380116 |
2020-07-15 19:59:31,485 - root - INFO - | Epoch: 096/100 | Train Time: 0.166s | Train Loss: 0.379851 |
2020-07-15 19:59:31,662 - root - INFO - | Epoch: 097/100 | Train Time: 0.177s | Train Loss: 0.380232 |
2020-07-15 19:59:31,829 - root - INFO - | Epoch: 098/100 | Train Time: 0.167s | Train Loss: 0.379192 |
2020-07-15 19:59:31,992 - root - INFO - | Epoch: 099/100 | Train Time: 0.163s | Train Loss: 0.379193 |
2020-07-15 19:59:32,157 - root - INFO - | Epoch: 100/100 | Train Time: 0.164s | Train Loss: 0.380635 |
2020-07-15 19:59:32,157 - root - INFO - Training Time: 16.515s
2020-07-15 19:59:32,157 - root - INFO - Finished training.
2020-07-15 19:59:32,157 - root - INFO - Starting testing...
2020-07-15 19:59:32,173 - root - INFO - Test AUC: 99.75%
2020-07-15 19:59:32,173 - root - INFO - Test Time: 0.014s
2020-07-15 19:59:32,173 - root - INFO - Finished testing.
