2020-08-10 08:10:04,481 - root - INFO - I am pre-training for you.
2020-08-10 08:10:06,418 - root - INFO - | Epoch: 001/100 | Train Time: 0.145s | Train Loss: 0.103019 |
2020-08-10 08:10:06,567 - root - INFO - | Epoch: 002/100 | Train Time: 0.149s | Train Loss: 0.043488 |
2020-08-10 08:10:06,717 - root - INFO - | Epoch: 003/100 | Train Time: 0.150s | Train Loss: 0.020835 |
2020-08-10 08:10:06,867 - root - INFO - | Epoch: 004/100 | Train Time: 0.150s | Train Loss: 0.018671 |
2020-08-10 08:10:07,017 - root - INFO - | Epoch: 005/100 | Train Time: 0.150s | Train Loss: 0.018368 |
2020-08-10 08:10:07,166 - root - INFO - | Epoch: 006/100 | Train Time: 0.149s | Train Loss: 0.018138 |
2020-08-10 08:10:07,316 - root - INFO - | Epoch: 007/100 | Train Time: 0.149s | Train Loss: 0.017910 |
2020-08-10 08:10:07,466 - root - INFO - | Epoch: 008/100 | Train Time: 0.150s | Train Loss: 0.017711 |
2020-08-10 08:10:07,617 - root - INFO - | Epoch: 009/100 | Train Time: 0.150s | Train Loss: 0.017544 |
2020-08-10 08:10:07,767 - root - INFO - | Epoch: 010/100 | Train Time: 0.151s | Train Loss: 0.017368 |
2020-08-10 08:10:07,918 - root - INFO - | Epoch: 011/100 | Train Time: 0.151s | Train Loss: 0.017236 |
2020-08-10 08:10:08,068 - root - INFO - | Epoch: 012/100 | Train Time: 0.149s | Train Loss: 0.017020 |
2020-08-10 08:10:08,220 - root - INFO - | Epoch: 013/100 | Train Time: 0.152s | Train Loss: 0.016901 |
2020-08-10 08:10:08,370 - root - INFO - | Epoch: 014/100 | Train Time: 0.150s | Train Loss: 0.016732 |
2020-08-10 08:10:08,531 - root - INFO - | Epoch: 015/100 | Train Time: 0.161s | Train Loss: 0.016542 |
2020-08-10 08:10:08,686 - root - INFO - | Epoch: 016/100 | Train Time: 0.155s | Train Loss: 0.016356 |
2020-08-10 08:10:08,840 - root - INFO - | Epoch: 017/100 | Train Time: 0.154s | Train Loss: 0.016189 |
2020-08-10 08:10:09,003 - root - INFO - | Epoch: 018/100 | Train Time: 0.163s | Train Loss: 0.016005 |
2020-08-10 08:10:09,156 - root - INFO - | Epoch: 019/100 | Train Time: 0.153s | Train Loss: 0.015773 |
2020-08-10 08:10:09,310 - root - INFO - | Epoch: 020/100 | Train Time: 0.154s | Train Loss: 0.015621 |
2020-08-10 08:10:09,466 - root - INFO - | Epoch: 021/100 | Train Time: 0.155s | Train Loss: 0.015368 |
2020-08-10 08:10:09,621 - root - INFO - | Epoch: 022/100 | Train Time: 0.155s | Train Loss: 0.015145 |
2020-08-10 08:10:09,776 - root - INFO - | Epoch: 023/100 | Train Time: 0.155s | Train Loss: 0.014908 |
2020-08-10 08:10:09,932 - root - INFO - | Epoch: 024/100 | Train Time: 0.155s | Train Loss: 0.014684 |
2020-08-10 08:10:10,085 - root - INFO - | Epoch: 025/100 | Train Time: 0.153s | Train Loss: 0.014433 |
2020-08-10 08:10:10,238 - root - INFO - | Epoch: 026/100 | Train Time: 0.153s | Train Loss: 0.014167 |
2020-08-10 08:10:10,392 - root - INFO - | Epoch: 027/100 | Train Time: 0.154s | Train Loss: 0.013882 |
2020-08-10 08:10:10,544 - root - INFO - | Epoch: 028/100 | Train Time: 0.152s | Train Loss: 0.013584 |
2020-08-10 08:10:10,697 - root - INFO - | Epoch: 029/100 | Train Time: 0.153s | Train Loss: 0.013339 |
2020-08-10 08:10:10,851 - root - INFO - | Epoch: 030/100 | Train Time: 0.153s | Train Loss: 0.013001 |
2020-08-10 08:10:11,002 - root - INFO - | Epoch: 031/100 | Train Time: 0.151s | Train Loss: 0.012755 |
2020-08-10 08:10:11,154 - root - INFO - | Epoch: 032/100 | Train Time: 0.152s | Train Loss: 0.012481 |
2020-08-10 08:10:11,306 - root - INFO - | Epoch: 033/100 | Train Time: 0.152s | Train Loss: 0.012281 |
2020-08-10 08:10:11,458 - root - INFO - | Epoch: 034/100 | Train Time: 0.152s | Train Loss: 0.012010 |
2020-08-10 08:10:11,610 - root - INFO - | Epoch: 035/100 | Train Time: 0.152s | Train Loss: 0.011832 |
2020-08-10 08:10:11,762 - root - INFO - | Epoch: 036/100 | Train Time: 0.152s | Train Loss: 0.011656 |
2020-08-10 08:10:11,916 - root - INFO - | Epoch: 037/100 | Train Time: 0.153s | Train Loss: 0.011500 |
2020-08-10 08:10:12,066 - root - INFO - | Epoch: 038/100 | Train Time: 0.151s | Train Loss: 0.011341 |
2020-08-10 08:10:12,219 - root - INFO - | Epoch: 039/100 | Train Time: 0.152s | Train Loss: 0.011212 |
2020-08-10 08:10:12,373 - root - INFO - | Epoch: 040/100 | Train Time: 0.153s | Train Loss: 0.011159 |
2020-08-10 08:10:12,523 - root - INFO - | Epoch: 041/100 | Train Time: 0.151s | Train Loss: 0.011115 |
2020-08-10 08:10:12,676 - root - INFO - | Epoch: 042/100 | Train Time: 0.153s | Train Loss: 0.010993 |
2020-08-10 08:10:12,828 - root - INFO - | Epoch: 043/100 | Train Time: 0.151s | Train Loss: 0.010908 |
2020-08-10 08:10:12,980 - root - INFO - | Epoch: 044/100 | Train Time: 0.152s | Train Loss: 0.010863 |
2020-08-10 08:10:13,131 - root - INFO - | Epoch: 045/100 | Train Time: 0.151s | Train Loss: 0.010712 |
2020-08-10 08:10:13,282 - root - INFO - | Epoch: 046/100 | Train Time: 0.151s | Train Loss: 0.010646 |
2020-08-10 08:10:13,433 - root - INFO - | Epoch: 047/100 | Train Time: 0.151s | Train Loss: 0.010575 |
2020-08-10 08:10:13,586 - root - INFO - | Epoch: 048/100 | Train Time: 0.153s | Train Loss: 0.010394 |
2020-08-10 08:10:13,738 - root - INFO - | Epoch: 049/100 | Train Time: 0.152s | Train Loss: 0.010258 |
2020-08-10 08:10:13,890 - root - INFO - | Epoch: 050/100 | Train Time: 0.152s | Train Loss: 0.010119 |
2020-08-10 08:10:13,891 - root - INFO -   LR scheduler: new learning rate is 0.0001
2020-08-10 08:10:14,042 - root - INFO - | Epoch: 051/100 | Train Time: 0.151s | Train Loss: 0.010066 |
2020-08-10 08:10:14,194 - root - INFO - | Epoch: 052/100 | Train Time: 0.152s | Train Loss: 0.010044 |
2020-08-10 08:10:14,347 - root - INFO - | Epoch: 053/100 | Train Time: 0.152s | Train Loss: 0.010039 |
2020-08-10 08:10:14,498 - root - INFO - | Epoch: 054/100 | Train Time: 0.152s | Train Loss: 0.010033 |
2020-08-10 08:10:14,651 - root - INFO - | Epoch: 055/100 | Train Time: 0.152s | Train Loss: 0.009984 |
2020-08-10 08:10:14,804 - root - INFO - | Epoch: 056/100 | Train Time: 0.153s | Train Loss: 0.009972 |
2020-08-10 08:10:14,956 - root - INFO - | Epoch: 057/100 | Train Time: 0.151s | Train Loss: 0.009953 |
2020-08-10 08:10:15,107 - root - INFO - | Epoch: 058/100 | Train Time: 0.151s | Train Loss: 0.009930 |
2020-08-10 08:10:15,259 - root - INFO - | Epoch: 059/100 | Train Time: 0.152s | Train Loss: 0.009869 |
2020-08-10 08:10:15,413 - root - INFO - | Epoch: 060/100 | Train Time: 0.153s | Train Loss: 0.009835 |
2020-08-10 08:10:15,566 - root - INFO - | Epoch: 061/100 | Train Time: 0.153s | Train Loss: 0.009844 |
2020-08-10 08:10:15,718 - root - INFO - | Epoch: 062/100 | Train Time: 0.152s | Train Loss: 0.009831 |
2020-08-10 08:10:15,869 - root - INFO - | Epoch: 063/100 | Train Time: 0.151s | Train Loss: 0.009777 |
2020-08-10 08:10:16,021 - root - INFO - | Epoch: 064/100 | Train Time: 0.151s | Train Loss: 0.009763 |
2020-08-10 08:10:16,174 - root - INFO - | Epoch: 065/100 | Train Time: 0.153s | Train Loss: 0.009699 |
2020-08-10 08:10:16,326 - root - INFO - | Epoch: 066/100 | Train Time: 0.152s | Train Loss: 0.009668 |
2020-08-10 08:10:16,478 - root - INFO - | Epoch: 067/100 | Train Time: 0.152s | Train Loss: 0.009657 |
2020-08-10 08:10:16,631 - root - INFO - | Epoch: 068/100 | Train Time: 0.153s | Train Loss: 0.009618 |
2020-08-10 08:10:16,784 - root - INFO - | Epoch: 069/100 | Train Time: 0.153s | Train Loss: 0.009554 |
2020-08-10 08:10:16,937 - root - INFO - | Epoch: 070/100 | Train Time: 0.152s | Train Loss: 0.009544 |
2020-08-10 08:10:17,089 - root - INFO - | Epoch: 071/100 | Train Time: 0.152s | Train Loss: 0.009524 |
2020-08-10 08:10:17,242 - root - INFO - | Epoch: 072/100 | Train Time: 0.152s | Train Loss: 0.009459 |
2020-08-10 08:10:17,394 - root - INFO - | Epoch: 073/100 | Train Time: 0.152s | Train Loss: 0.009433 |
2020-08-10 08:10:17,545 - root - INFO - | Epoch: 074/100 | Train Time: 0.152s | Train Loss: 0.009392 |
2020-08-10 08:10:17,697 - root - INFO - | Epoch: 075/100 | Train Time: 0.152s | Train Loss: 0.009332 |
2020-08-10 08:10:17,850 - root - INFO - | Epoch: 076/100 | Train Time: 0.153s | Train Loss: 0.009298 |
2020-08-10 08:10:18,003 - root - INFO - | Epoch: 077/100 | Train Time: 0.152s | Train Loss: 0.009258 |
2020-08-10 08:10:18,156 - root - INFO - | Epoch: 078/100 | Train Time: 0.154s | Train Loss: 0.009238 |
2020-08-10 08:10:18,308 - root - INFO - | Epoch: 079/100 | Train Time: 0.151s | Train Loss: 0.009156 |
2020-08-10 08:10:18,461 - root - INFO - | Epoch: 080/100 | Train Time: 0.153s | Train Loss: 0.009143 |
2020-08-10 08:10:18,614 - root - INFO - | Epoch: 081/100 | Train Time: 0.153s | Train Loss: 0.009075 |
2020-08-10 08:10:18,767 - root - INFO - | Epoch: 082/100 | Train Time: 0.153s | Train Loss: 0.008995 |
2020-08-10 08:10:18,922 - root - INFO - | Epoch: 083/100 | Train Time: 0.155s | Train Loss: 0.008982 |
2020-08-10 08:10:19,076 - root - INFO - | Epoch: 084/100 | Train Time: 0.153s | Train Loss: 0.008902 |
2020-08-10 08:10:19,230 - root - INFO - | Epoch: 085/100 | Train Time: 0.154s | Train Loss: 0.008851 |
2020-08-10 08:10:19,382 - root - INFO - | Epoch: 086/100 | Train Time: 0.152s | Train Loss: 0.008777 |
2020-08-10 08:10:19,534 - root - INFO - | Epoch: 087/100 | Train Time: 0.152s | Train Loss: 0.008747 |
2020-08-10 08:10:19,688 - root - INFO - | Epoch: 088/100 | Train Time: 0.153s | Train Loss: 0.008663 |
2020-08-10 08:10:19,841 - root - INFO - | Epoch: 089/100 | Train Time: 0.153s | Train Loss: 0.008655 |
2020-08-10 08:10:19,989 - root - INFO - | Epoch: 090/100 | Train Time: 0.148s | Train Loss: 0.008584 |
2020-08-10 08:10:20,135 - root - INFO - | Epoch: 091/100 | Train Time: 0.146s | Train Loss: 0.008521 |
2020-08-10 08:10:20,283 - root - INFO - | Epoch: 092/100 | Train Time: 0.147s | Train Loss: 0.008487 |
2020-08-10 08:10:20,433 - root - INFO - | Epoch: 093/100 | Train Time: 0.150s | Train Loss: 0.008408 |
2020-08-10 08:10:20,586 - root - INFO - | Epoch: 094/100 | Train Time: 0.153s | Train Loss: 0.008322 |
2020-08-10 08:10:20,739 - root - INFO - | Epoch: 095/100 | Train Time: 0.153s | Train Loss: 0.008291 |
2020-08-10 08:10:20,891 - root - INFO - | Epoch: 096/100 | Train Time: 0.152s | Train Loss: 0.008229 |
2020-08-10 08:10:21,043 - root - INFO - | Epoch: 097/100 | Train Time: 0.151s | Train Loss: 0.008177 |
2020-08-10 08:10:21,194 - root - INFO - | Epoch: 098/100 | Train Time: 0.151s | Train Loss: 0.008102 |
2020-08-10 08:10:21,345 - root - INFO - | Epoch: 099/100 | Train Time: 0.151s | Train Loss: 0.008017 |
2020-08-10 08:10:21,497 - root - INFO - | Epoch: 100/100 | Train Time: 0.151s | Train Loss: 0.007977 |
2020-08-10 08:10:21,497 - root - INFO - Pretraining Time: 15.225s
2020-08-10 08:10:21,497 - root - INFO - Finished pretraining.
2020-08-10 08:10:21,497 - root - INFO - Testing autoencoder...
2020-08-10 08:10:21,512 - root - INFO - Test Loss: 0.007490
2020-08-10 08:10:21,512 - root - INFO - Test Time: 0.014s
2020-08-10 08:10:21,512 - root - INFO - Finished testing autoencoder.
2020-08-10 08:10:21,514 - root - INFO - Hey I am loading net for you!
2020-08-10 08:10:21,515 - root - INFO - Setting hyper-parameters!
2020-08-10 08:10:21,515 - root - INFO - Initializing center c...
2020-08-10 08:10:21,554 - root - INFO - Center c initialized.
2020-08-10 08:10:21,554 - root - INFO - Starting training...
2020-08-10 08:10:21,663 - root - INFO - | Epoch: 001/100 | Train Time: 0.109s | Train Loss: 0.005253 |
2020-08-10 08:10:21,773 - root - INFO - | Epoch: 002/100 | Train Time: 0.110s | Train Loss: 0.004984 |
2020-08-10 08:10:21,883 - root - INFO - | Epoch: 003/100 | Train Time: 0.110s | Train Loss: 0.004713 |
2020-08-10 08:10:21,995 - root - INFO - | Epoch: 004/100 | Train Time: 0.111s | Train Loss: 0.004417 |
2020-08-10 08:10:22,106 - root - INFO - | Epoch: 005/100 | Train Time: 0.111s | Train Loss: 0.004129 |
2020-08-10 08:10:22,217 - root - INFO - | Epoch: 006/100 | Train Time: 0.111s | Train Loss: 0.003845 |
2020-08-10 08:10:22,328 - root - INFO - | Epoch: 007/100 | Train Time: 0.111s | Train Loss: 0.003557 |
2020-08-10 08:10:22,439 - root - INFO - | Epoch: 008/100 | Train Time: 0.111s | Train Loss: 0.003289 |
2020-08-10 08:10:22,551 - root - INFO - | Epoch: 009/100 | Train Time: 0.111s | Train Loss: 0.003019 |
2020-08-10 08:10:22,662 - root - INFO - | Epoch: 010/100 | Train Time: 0.112s | Train Loss: 0.002768 |
2020-08-10 08:10:22,774 - root - INFO - | Epoch: 011/100 | Train Time: 0.111s | Train Loss: 0.002540 |
2020-08-10 08:10:22,886 - root - INFO - | Epoch: 012/100 | Train Time: 0.112s | Train Loss: 0.002333 |
2020-08-10 08:10:22,997 - root - INFO - | Epoch: 013/100 | Train Time: 0.111s | Train Loss: 0.002141 |
2020-08-10 08:10:23,108 - root - INFO - | Epoch: 014/100 | Train Time: 0.111s | Train Loss: 0.001969 |
2020-08-10 08:10:23,220 - root - INFO - | Epoch: 015/100 | Train Time: 0.112s | Train Loss: 0.001809 |
2020-08-10 08:10:23,332 - root - INFO - | Epoch: 016/100 | Train Time: 0.112s | Train Loss: 0.001673 |
2020-08-10 08:10:23,444 - root - INFO - | Epoch: 017/100 | Train Time: 0.112s | Train Loss: 0.001554 |
2020-08-10 08:10:23,555 - root - INFO - | Epoch: 018/100 | Train Time: 0.111s | Train Loss: 0.001457 |
2020-08-10 08:10:23,666 - root - INFO - | Epoch: 019/100 | Train Time: 0.111s | Train Loss: 0.001370 |
2020-08-10 08:10:23,778 - root - INFO - | Epoch: 020/100 | Train Time: 0.112s | Train Loss: 0.001292 |
2020-08-10 08:10:23,890 - root - INFO - | Epoch: 021/100 | Train Time: 0.111s | Train Loss: 0.001223 |
2020-08-10 08:10:24,002 - root - INFO - | Epoch: 022/100 | Train Time: 0.112s | Train Loss: 0.001158 |
2020-08-10 08:10:24,113 - root - INFO - | Epoch: 023/100 | Train Time: 0.111s | Train Loss: 0.001102 |
2020-08-10 08:10:24,224 - root - INFO - | Epoch: 024/100 | Train Time: 0.111s | Train Loss: 0.001054 |
2020-08-10 08:10:24,336 - root - INFO - | Epoch: 025/100 | Train Time: 0.111s | Train Loss: 0.001004 |
2020-08-10 08:10:24,447 - root - INFO - | Epoch: 026/100 | Train Time: 0.111s | Train Loss: 0.000964 |
2020-08-10 08:10:24,558 - root - INFO - | Epoch: 027/100 | Train Time: 0.110s | Train Loss: 0.000924 |
2020-08-10 08:10:24,669 - root - INFO - | Epoch: 028/100 | Train Time: 0.111s | Train Loss: 0.000891 |
2020-08-10 08:10:24,780 - root - INFO - | Epoch: 029/100 | Train Time: 0.111s | Train Loss: 0.000858 |
2020-08-10 08:10:24,891 - root - INFO - | Epoch: 030/100 | Train Time: 0.111s | Train Loss: 0.000832 |
2020-08-10 08:10:25,003 - root - INFO - | Epoch: 031/100 | Train Time: 0.112s | Train Loss: 0.000805 |
2020-08-10 08:10:25,115 - root - INFO - | Epoch: 032/100 | Train Time: 0.112s | Train Loss: 0.000776 |
2020-08-10 08:10:25,226 - root - INFO - | Epoch: 033/100 | Train Time: 0.111s | Train Loss: 0.000755 |
2020-08-10 08:10:25,338 - root - INFO - | Epoch: 034/100 | Train Time: 0.112s | Train Loss: 0.000732 |
2020-08-10 08:10:25,449 - root - INFO - | Epoch: 035/100 | Train Time: 0.111s | Train Loss: 0.000707 |
2020-08-10 08:10:25,561 - root - INFO - | Epoch: 036/100 | Train Time: 0.112s | Train Loss: 0.000685 |
2020-08-10 08:10:25,673 - root - INFO - | Epoch: 037/100 | Train Time: 0.112s | Train Loss: 0.000665 |
2020-08-10 08:10:25,785 - root - INFO - | Epoch: 038/100 | Train Time: 0.111s | Train Loss: 0.000648 |
2020-08-10 08:10:25,896 - root - INFO - | Epoch: 039/100 | Train Time: 0.112s | Train Loss: 0.000631 |
2020-08-10 08:10:26,008 - root - INFO - | Epoch: 040/100 | Train Time: 0.111s | Train Loss: 0.000615 |
2020-08-10 08:10:26,119 - root - INFO - | Epoch: 041/100 | Train Time: 0.112s | Train Loss: 0.000596 |
2020-08-10 08:10:26,230 - root - INFO - | Epoch: 042/100 | Train Time: 0.111s | Train Loss: 0.000581 |
2020-08-10 08:10:26,341 - root - INFO - | Epoch: 043/100 | Train Time: 0.111s | Train Loss: 0.000566 |
2020-08-10 08:10:26,454 - root - INFO - | Epoch: 044/100 | Train Time: 0.112s | Train Loss: 0.000553 |
2020-08-10 08:10:26,565 - root - INFO - | Epoch: 045/100 | Train Time: 0.112s | Train Loss: 0.000537 |
2020-08-10 08:10:26,677 - root - INFO - | Epoch: 046/100 | Train Time: 0.111s | Train Loss: 0.000525 |
2020-08-10 08:10:26,789 - root - INFO - | Epoch: 047/100 | Train Time: 0.112s | Train Loss: 0.000512 |
2020-08-10 08:10:26,902 - root - INFO - | Epoch: 048/100 | Train Time: 0.113s | Train Loss: 0.000498 |
2020-08-10 08:10:27,013 - root - INFO - | Epoch: 049/100 | Train Time: 0.111s | Train Loss: 0.000487 |
2020-08-10 08:10:27,126 - root - INFO - | Epoch: 050/100 | Train Time: 0.113s | Train Loss: 0.000473 |
2020-08-10 08:10:27,126 - root - INFO -   LR scheduler: new learning rate is 1e-06
2020-08-10 08:10:27,239 - root - INFO - | Epoch: 051/100 | Train Time: 0.112s | Train Loss: 0.000467 |
2020-08-10 08:10:27,351 - root - INFO - | Epoch: 052/100 | Train Time: 0.113s | Train Loss: 0.000465 |
2020-08-10 08:10:27,465 - root - INFO - | Epoch: 053/100 | Train Time: 0.113s | Train Loss: 0.000465 |
2020-08-10 08:10:27,578 - root - INFO - | Epoch: 054/100 | Train Time: 0.114s | Train Loss: 0.000464 |
2020-08-10 08:10:27,692 - root - INFO - | Epoch: 055/100 | Train Time: 0.113s | Train Loss: 0.000465 |
2020-08-10 08:10:27,804 - root - INFO - | Epoch: 056/100 | Train Time: 0.112s | Train Loss: 0.000461 |
2020-08-10 08:10:27,917 - root - INFO - | Epoch: 057/100 | Train Time: 0.113s | Train Loss: 0.000461 |
2020-08-10 08:10:28,029 - root - INFO - | Epoch: 058/100 | Train Time: 0.112s | Train Loss: 0.000460 |
2020-08-10 08:10:28,142 - root - INFO - | Epoch: 059/100 | Train Time: 0.112s | Train Loss: 0.000458 |
2020-08-10 08:10:28,256 - root - INFO - | Epoch: 060/100 | Train Time: 0.114s | Train Loss: 0.000458 |
2020-08-10 08:10:28,368 - root - INFO - | Epoch: 061/100 | Train Time: 0.112s | Train Loss: 0.000454 |
2020-08-10 08:10:28,479 - root - INFO - | Epoch: 062/100 | Train Time: 0.111s | Train Loss: 0.000454 |
2020-08-10 08:10:28,591 - root - INFO - | Epoch: 063/100 | Train Time: 0.112s | Train Loss: 0.000455 |
2020-08-10 08:10:28,703 - root - INFO - | Epoch: 064/100 | Train Time: 0.112s | Train Loss: 0.000452 |
2020-08-10 08:10:28,815 - root - INFO - | Epoch: 065/100 | Train Time: 0.112s | Train Loss: 0.000452 |
2020-08-10 08:10:28,927 - root - INFO - | Epoch: 066/100 | Train Time: 0.112s | Train Loss: 0.000451 |
2020-08-10 08:10:29,039 - root - INFO - | Epoch: 067/100 | Train Time: 0.112s | Train Loss: 0.000449 |
2020-08-10 08:10:29,151 - root - INFO - | Epoch: 068/100 | Train Time: 0.112s | Train Loss: 0.000447 |
2020-08-10 08:10:29,263 - root - INFO - | Epoch: 069/100 | Train Time: 0.112s | Train Loss: 0.000447 |
2020-08-10 08:10:29,374 - root - INFO - | Epoch: 070/100 | Train Time: 0.111s | Train Loss: 0.000444 |
2020-08-10 08:10:29,490 - root - INFO - | Epoch: 071/100 | Train Time: 0.116s | Train Loss: 0.000444 |
2020-08-10 08:10:29,596 - root - INFO - | Epoch: 072/100 | Train Time: 0.105s | Train Loss: 0.000443 |
2020-08-10 08:10:29,702 - root - INFO - | Epoch: 073/100 | Train Time: 0.106s | Train Loss: 0.000442 |
2020-08-10 08:10:29,807 - root - INFO - | Epoch: 074/100 | Train Time: 0.105s | Train Loss: 0.000440 |
2020-08-10 08:10:29,911 - root - INFO - | Epoch: 075/100 | Train Time: 0.103s | Train Loss: 0.000439 |
2020-08-10 08:10:30,021 - root - INFO - | Epoch: 076/100 | Train Time: 0.110s | Train Loss: 0.000438 |
2020-08-10 08:10:30,134 - root - INFO - | Epoch: 077/100 | Train Time: 0.112s | Train Loss: 0.000436 |
2020-08-10 08:10:30,244 - root - INFO - | Epoch: 078/100 | Train Time: 0.111s | Train Loss: 0.000435 |
2020-08-10 08:10:30,357 - root - INFO - | Epoch: 079/100 | Train Time: 0.112s | Train Loss: 0.000434 |
2020-08-10 08:10:30,468 - root - INFO - | Epoch: 080/100 | Train Time: 0.111s | Train Loss: 0.000433 |
2020-08-10 08:10:30,580 - root - INFO - | Epoch: 081/100 | Train Time: 0.113s | Train Loss: 0.000430 |
2020-08-10 08:10:30,693 - root - INFO - | Epoch: 082/100 | Train Time: 0.113s | Train Loss: 0.000429 |
2020-08-10 08:10:30,806 - root - INFO - | Epoch: 083/100 | Train Time: 0.112s | Train Loss: 0.000428 |
2020-08-10 08:10:30,920 - root - INFO - | Epoch: 084/100 | Train Time: 0.114s | Train Loss: 0.000427 |
2020-08-10 08:10:31,032 - root - INFO - | Epoch: 085/100 | Train Time: 0.113s | Train Loss: 0.000426 |
2020-08-10 08:10:31,146 - root - INFO - | Epoch: 086/100 | Train Time: 0.113s | Train Loss: 0.000424 |
2020-08-10 08:10:31,258 - root - INFO - | Epoch: 087/100 | Train Time: 0.112s | Train Loss: 0.000422 |
2020-08-10 08:10:31,367 - root - INFO - | Epoch: 088/100 | Train Time: 0.109s | Train Loss: 0.000421 |
2020-08-10 08:10:31,479 - root - INFO - | Epoch: 089/100 | Train Time: 0.112s | Train Loss: 0.000420 |
2020-08-10 08:10:31,593 - root - INFO - | Epoch: 090/100 | Train Time: 0.114s | Train Loss: 0.000420 |
2020-08-10 08:10:31,706 - root - INFO - | Epoch: 091/100 | Train Time: 0.113s | Train Loss: 0.000419 |
2020-08-10 08:10:31,820 - root - INFO - | Epoch: 092/100 | Train Time: 0.113s | Train Loss: 0.000416 |
2020-08-10 08:10:31,934 - root - INFO - | Epoch: 093/100 | Train Time: 0.114s | Train Loss: 0.000414 |
2020-08-10 08:10:32,046 - root - INFO - | Epoch: 094/100 | Train Time: 0.112s | Train Loss: 0.000413 |
2020-08-10 08:10:32,160 - root - INFO - | Epoch: 095/100 | Train Time: 0.113s | Train Loss: 0.000411 |
2020-08-10 08:10:32,272 - root - INFO - | Epoch: 096/100 | Train Time: 0.112s | Train Loss: 0.000410 |
2020-08-10 08:10:32,385 - root - INFO - | Epoch: 097/100 | Train Time: 0.113s | Train Loss: 0.000410 |
2020-08-10 08:10:32,499 - root - INFO - | Epoch: 098/100 | Train Time: 0.114s | Train Loss: 0.000408 |
2020-08-10 08:10:32,613 - root - INFO - | Epoch: 099/100 | Train Time: 0.114s | Train Loss: 0.000407 |
2020-08-10 08:10:32,728 - root - INFO - | Epoch: 100/100 | Train Time: 0.115s | Train Loss: 0.000404 |
2020-08-10 08:10:32,729 - root - INFO - Training Time: 11.174s
2020-08-10 08:10:32,729 - root - INFO - Finished training.
2020-08-10 08:10:32,729 - root - INFO - Starting testing...
2020-08-10 08:10:32,743 - root - INFO - Test Loss: 0.000393
2020-08-10 08:10:32,743 - root - INFO - Test Time: 0.013s
2020-08-10 08:10:32,743 - root - INFO - Finished testing.
2020-08-10 08:10:32,800 - root - INFO - Starting testing...
2020-08-10 08:10:32,815 - root - INFO - Test Loss: 0.001084
2020-08-10 08:10:32,815 - root - INFO - Test Time: 0.014s
2020-08-10 08:10:32,815 - root - INFO - Finished testing.
