2020-08-10 08:07:11,789 - root - INFO - I am pre-training for you.
2020-08-10 08:07:13,729 - root - INFO - | Epoch: 001/100 | Train Time: 0.144s | Train Loss: 0.103019 |
2020-08-10 08:07:13,877 - root - INFO - | Epoch: 002/100 | Train Time: 0.148s | Train Loss: 0.043488 |
2020-08-10 08:07:14,026 - root - INFO - | Epoch: 003/100 | Train Time: 0.148s | Train Loss: 0.020835 |
2020-08-10 08:07:14,174 - root - INFO - | Epoch: 004/100 | Train Time: 0.148s | Train Loss: 0.018671 |
2020-08-10 08:07:14,322 - root - INFO - | Epoch: 005/100 | Train Time: 0.148s | Train Loss: 0.018368 |
2020-08-10 08:07:14,471 - root - INFO - | Epoch: 006/100 | Train Time: 0.149s | Train Loss: 0.018138 |
2020-08-10 08:07:14,620 - root - INFO - | Epoch: 007/100 | Train Time: 0.149s | Train Loss: 0.017910 |
2020-08-10 08:07:14,768 - root - INFO - | Epoch: 008/100 | Train Time: 0.148s | Train Loss: 0.017711 |
2020-08-10 08:07:14,917 - root - INFO - | Epoch: 009/100 | Train Time: 0.149s | Train Loss: 0.017544 |
2020-08-10 08:07:15,065 - root - INFO - | Epoch: 010/100 | Train Time: 0.148s | Train Loss: 0.017368 |
2020-08-10 08:07:15,214 - root - INFO - | Epoch: 011/100 | Train Time: 0.148s | Train Loss: 0.017236 |
2020-08-10 08:07:15,363 - root - INFO - | Epoch: 012/100 | Train Time: 0.149s | Train Loss: 0.017020 |
2020-08-10 08:07:15,511 - root - INFO - | Epoch: 013/100 | Train Time: 0.148s | Train Loss: 0.016901 |
2020-08-10 08:07:15,659 - root - INFO - | Epoch: 014/100 | Train Time: 0.148s | Train Loss: 0.016732 |
2020-08-10 08:07:15,806 - root - INFO - | Epoch: 015/100 | Train Time: 0.147s | Train Loss: 0.016542 |
2020-08-10 08:07:15,954 - root - INFO - | Epoch: 016/100 | Train Time: 0.148s | Train Loss: 0.016356 |
2020-08-10 08:07:16,103 - root - INFO - | Epoch: 017/100 | Train Time: 0.148s | Train Loss: 0.016189 |
2020-08-10 08:07:16,252 - root - INFO - | Epoch: 018/100 | Train Time: 0.149s | Train Loss: 0.016005 |
2020-08-10 08:07:16,410 - root - INFO - | Epoch: 019/100 | Train Time: 0.157s | Train Loss: 0.015773 |
2020-08-10 08:07:16,560 - root - INFO - | Epoch: 020/100 | Train Time: 0.151s | Train Loss: 0.015621 |
2020-08-10 08:07:16,711 - root - INFO - | Epoch: 021/100 | Train Time: 0.151s | Train Loss: 0.015368 |
2020-08-10 08:07:16,863 - root - INFO - | Epoch: 022/100 | Train Time: 0.152s | Train Loss: 0.015145 |
2020-08-10 08:07:17,015 - root - INFO - | Epoch: 023/100 | Train Time: 0.152s | Train Loss: 0.014908 |
2020-08-10 08:07:17,167 - root - INFO - | Epoch: 024/100 | Train Time: 0.152s | Train Loss: 0.014684 |
2020-08-10 08:07:17,318 - root - INFO - | Epoch: 025/100 | Train Time: 0.150s | Train Loss: 0.014433 |
2020-08-10 08:07:17,469 - root - INFO - | Epoch: 026/100 | Train Time: 0.151s | Train Loss: 0.014167 |
2020-08-10 08:07:17,620 - root - INFO - | Epoch: 027/100 | Train Time: 0.151s | Train Loss: 0.013882 |
2020-08-10 08:07:17,772 - root - INFO - | Epoch: 028/100 | Train Time: 0.152s | Train Loss: 0.013584 |
2020-08-10 08:07:17,923 - root - INFO - | Epoch: 029/100 | Train Time: 0.151s | Train Loss: 0.013339 |
2020-08-10 08:07:18,075 - root - INFO - | Epoch: 030/100 | Train Time: 0.151s | Train Loss: 0.013001 |
2020-08-10 08:07:18,224 - root - INFO - | Epoch: 031/100 | Train Time: 0.149s | Train Loss: 0.012755 |
2020-08-10 08:07:18,374 - root - INFO - | Epoch: 032/100 | Train Time: 0.150s | Train Loss: 0.012481 |
2020-08-10 08:07:18,524 - root - INFO - | Epoch: 033/100 | Train Time: 0.150s | Train Loss: 0.012281 |
2020-08-10 08:07:18,675 - root - INFO - | Epoch: 034/100 | Train Time: 0.151s | Train Loss: 0.012010 |
2020-08-10 08:07:18,824 - root - INFO - | Epoch: 035/100 | Train Time: 0.150s | Train Loss: 0.011832 |
2020-08-10 08:07:18,974 - root - INFO - | Epoch: 036/100 | Train Time: 0.149s | Train Loss: 0.011656 |
2020-08-10 08:07:19,124 - root - INFO - | Epoch: 037/100 | Train Time: 0.150s | Train Loss: 0.011500 |
2020-08-10 08:07:19,271 - root - INFO - | Epoch: 038/100 | Train Time: 0.148s | Train Loss: 0.011341 |
2020-08-10 08:07:19,422 - root - INFO - | Epoch: 039/100 | Train Time: 0.150s | Train Loss: 0.011212 |
2020-08-10 08:07:19,571 - root - INFO - | Epoch: 040/100 | Train Time: 0.149s | Train Loss: 0.011159 |
2020-08-10 08:07:19,720 - root - INFO - | Epoch: 041/100 | Train Time: 0.149s | Train Loss: 0.011115 |
2020-08-10 08:07:19,871 - root - INFO - | Epoch: 042/100 | Train Time: 0.151s | Train Loss: 0.010993 |
2020-08-10 08:07:20,024 - root - INFO - | Epoch: 043/100 | Train Time: 0.153s | Train Loss: 0.010908 |
2020-08-10 08:07:20,176 - root - INFO - | Epoch: 044/100 | Train Time: 0.152s | Train Loss: 0.010863 |
2020-08-10 08:07:20,330 - root - INFO - | Epoch: 045/100 | Train Time: 0.153s | Train Loss: 0.010712 |
2020-08-10 08:07:20,482 - root - INFO - | Epoch: 046/100 | Train Time: 0.152s | Train Loss: 0.010646 |
2020-08-10 08:07:20,636 - root - INFO - | Epoch: 047/100 | Train Time: 0.154s | Train Loss: 0.010575 |
2020-08-10 08:07:20,787 - root - INFO - | Epoch: 048/100 | Train Time: 0.151s | Train Loss: 0.010394 |
2020-08-10 08:07:20,940 - root - INFO - | Epoch: 049/100 | Train Time: 0.153s | Train Loss: 0.010258 |
2020-08-10 08:07:21,094 - root - INFO - | Epoch: 050/100 | Train Time: 0.153s | Train Loss: 0.010119 |
2020-08-10 08:07:21,094 - root - INFO -   LR scheduler: new learning rate is 0.0001
2020-08-10 08:07:21,246 - root - INFO - | Epoch: 051/100 | Train Time: 0.151s | Train Loss: 0.010066 |
2020-08-10 08:07:21,400 - root - INFO - | Epoch: 052/100 | Train Time: 0.154s | Train Loss: 0.010044 |
2020-08-10 08:07:21,553 - root - INFO - | Epoch: 053/100 | Train Time: 0.153s | Train Loss: 0.010039 |
2020-08-10 08:07:21,708 - root - INFO - | Epoch: 054/100 | Train Time: 0.154s | Train Loss: 0.010033 |
2020-08-10 08:07:21,860 - root - INFO - | Epoch: 055/100 | Train Time: 0.153s | Train Loss: 0.009984 |
2020-08-10 08:07:22,014 - root - INFO - | Epoch: 056/100 | Train Time: 0.153s | Train Loss: 0.009972 |
2020-08-10 08:07:22,166 - root - INFO - | Epoch: 057/100 | Train Time: 0.152s | Train Loss: 0.009953 |
2020-08-10 08:07:22,320 - root - INFO - | Epoch: 058/100 | Train Time: 0.154s | Train Loss: 0.009930 |
2020-08-10 08:07:22,475 - root - INFO - | Epoch: 059/100 | Train Time: 0.155s | Train Loss: 0.009869 |
2020-08-10 08:07:22,628 - root - INFO - | Epoch: 060/100 | Train Time: 0.153s | Train Loss: 0.009835 |
2020-08-10 08:07:22,778 - root - INFO - | Epoch: 061/100 | Train Time: 0.149s | Train Loss: 0.009844 |
2020-08-10 08:07:22,930 - root - INFO - | Epoch: 062/100 | Train Time: 0.152s | Train Loss: 0.009831 |
2020-08-10 08:07:23,085 - root - INFO - | Epoch: 063/100 | Train Time: 0.155s | Train Loss: 0.009777 |
2020-08-10 08:07:23,240 - root - INFO - | Epoch: 064/100 | Train Time: 0.155s | Train Loss: 0.009763 |
2020-08-10 08:07:23,392 - root - INFO - | Epoch: 065/100 | Train Time: 0.152s | Train Loss: 0.009699 |
2020-08-10 08:07:23,545 - root - INFO - | Epoch: 066/100 | Train Time: 0.152s | Train Loss: 0.009668 |
2020-08-10 08:07:23,698 - root - INFO - | Epoch: 067/100 | Train Time: 0.153s | Train Loss: 0.009657 |
2020-08-10 08:07:23,851 - root - INFO - | Epoch: 068/100 | Train Time: 0.153s | Train Loss: 0.009618 |
2020-08-10 08:07:24,004 - root - INFO - | Epoch: 069/100 | Train Time: 0.152s | Train Loss: 0.009554 |
2020-08-10 08:07:24,155 - root - INFO - | Epoch: 070/100 | Train Time: 0.151s | Train Loss: 0.009544 |
2020-08-10 08:07:24,306 - root - INFO - | Epoch: 071/100 | Train Time: 0.151s | Train Loss: 0.009524 |
2020-08-10 08:07:24,460 - root - INFO - | Epoch: 072/100 | Train Time: 0.153s | Train Loss: 0.009459 |
2020-08-10 08:07:24,613 - root - INFO - | Epoch: 073/100 | Train Time: 0.153s | Train Loss: 0.009433 |
2020-08-10 08:07:24,766 - root - INFO - | Epoch: 074/100 | Train Time: 0.152s | Train Loss: 0.009392 |
2020-08-10 08:07:24,917 - root - INFO - | Epoch: 075/100 | Train Time: 0.152s | Train Loss: 0.009332 |
2020-08-10 08:07:25,068 - root - INFO - | Epoch: 076/100 | Train Time: 0.150s | Train Loss: 0.009298 |
2020-08-10 08:07:25,218 - root - INFO - | Epoch: 077/100 | Train Time: 0.150s | Train Loss: 0.009258 |
2020-08-10 08:07:25,369 - root - INFO - | Epoch: 078/100 | Train Time: 0.151s | Train Loss: 0.009238 |
2020-08-10 08:07:25,521 - root - INFO - | Epoch: 079/100 | Train Time: 0.152s | Train Loss: 0.009156 |
2020-08-10 08:07:25,673 - root - INFO - | Epoch: 080/100 | Train Time: 0.151s | Train Loss: 0.009143 |
2020-08-10 08:07:25,824 - root - INFO - | Epoch: 081/100 | Train Time: 0.151s | Train Loss: 0.009075 |
2020-08-10 08:07:25,975 - root - INFO - | Epoch: 082/100 | Train Time: 0.150s | Train Loss: 0.008995 |
2020-08-10 08:07:26,126 - root - INFO - | Epoch: 083/100 | Train Time: 0.151s | Train Loss: 0.008982 |
2020-08-10 08:07:26,277 - root - INFO - | Epoch: 084/100 | Train Time: 0.151s | Train Loss: 0.008902 |
2020-08-10 08:07:26,427 - root - INFO - | Epoch: 085/100 | Train Time: 0.151s | Train Loss: 0.008851 |
2020-08-10 08:07:26,578 - root - INFO - | Epoch: 086/100 | Train Time: 0.150s | Train Loss: 0.008777 |
2020-08-10 08:07:26,728 - root - INFO - | Epoch: 087/100 | Train Time: 0.150s | Train Loss: 0.008747 |
2020-08-10 08:07:26,880 - root - INFO - | Epoch: 088/100 | Train Time: 0.152s | Train Loss: 0.008663 |
2020-08-10 08:07:27,031 - root - INFO - | Epoch: 089/100 | Train Time: 0.150s | Train Loss: 0.008655 |
2020-08-10 08:07:27,180 - root - INFO - | Epoch: 090/100 | Train Time: 0.150s | Train Loss: 0.008584 |
2020-08-10 08:07:27,330 - root - INFO - | Epoch: 091/100 | Train Time: 0.149s | Train Loss: 0.008521 |
2020-08-10 08:07:27,480 - root - INFO - | Epoch: 092/100 | Train Time: 0.150s | Train Loss: 0.008487 |
2020-08-10 08:07:27,631 - root - INFO - | Epoch: 093/100 | Train Time: 0.151s | Train Loss: 0.008408 |
2020-08-10 08:07:27,783 - root - INFO - | Epoch: 094/100 | Train Time: 0.151s | Train Loss: 0.008322 |
2020-08-10 08:07:27,933 - root - INFO - | Epoch: 095/100 | Train Time: 0.151s | Train Loss: 0.008291 |
2020-08-10 08:07:28,086 - root - INFO - | Epoch: 096/100 | Train Time: 0.152s | Train Loss: 0.008229 |
2020-08-10 08:07:28,236 - root - INFO - | Epoch: 097/100 | Train Time: 0.151s | Train Loss: 0.008177 |
2020-08-10 08:07:28,388 - root - INFO - | Epoch: 098/100 | Train Time: 0.151s | Train Loss: 0.008102 |
2020-08-10 08:07:28,538 - root - INFO - | Epoch: 099/100 | Train Time: 0.151s | Train Loss: 0.008017 |
2020-08-10 08:07:28,690 - root - INFO - | Epoch: 100/100 | Train Time: 0.152s | Train Loss: 0.007977 |
2020-08-10 08:07:28,690 - root - INFO - Pretraining Time: 15.107s
2020-08-10 08:07:28,690 - root - INFO - Finished pretraining.
2020-08-10 08:07:28,691 - root - INFO - Testing autoencoder...
2020-08-10 08:07:28,705 - root - INFO - Test Loss: 0.007490
2020-08-10 08:07:28,705 - root - INFO - Test Time: 0.014s
2020-08-10 08:07:28,705 - root - INFO - Finished testing autoencoder.
2020-08-10 08:07:28,708 - root - INFO - Hey I am loading net for you!
2020-08-10 08:07:28,708 - root - INFO - Setting hyper-parameters!
2020-08-10 08:07:28,708 - root - INFO - Initializing center c...
2020-08-10 08:07:28,746 - root - INFO - Center c initialized.
2020-08-10 08:07:28,746 - root - INFO - Starting training...
2020-08-10 08:07:28,854 - root - INFO - | Epoch: 001/100 | Train Time: 0.108s | Train Loss: 0.005253 |
2020-08-10 08:07:28,965 - root - INFO - | Epoch: 002/100 | Train Time: 0.110s | Train Loss: 0.004984 |
2020-08-10 08:07:29,076 - root - INFO - | Epoch: 003/100 | Train Time: 0.111s | Train Loss: 0.004713 |
2020-08-10 08:07:29,186 - root - INFO - | Epoch: 004/100 | Train Time: 0.110s | Train Loss: 0.004417 |
2020-08-10 08:07:29,296 - root - INFO - | Epoch: 005/100 | Train Time: 0.110s | Train Loss: 0.004129 |
2020-08-10 08:07:29,406 - root - INFO - | Epoch: 006/100 | Train Time: 0.110s | Train Loss: 0.003845 |
2020-08-10 08:07:29,517 - root - INFO - | Epoch: 007/100 | Train Time: 0.110s | Train Loss: 0.003557 |
2020-08-10 08:07:29,627 - root - INFO - | Epoch: 008/100 | Train Time: 0.110s | Train Loss: 0.003289 |
2020-08-10 08:07:29,737 - root - INFO - | Epoch: 009/100 | Train Time: 0.110s | Train Loss: 0.003019 |
2020-08-10 08:07:29,847 - root - INFO - | Epoch: 010/100 | Train Time: 0.110s | Train Loss: 0.002768 |
2020-08-10 08:07:29,959 - root - INFO - | Epoch: 011/100 | Train Time: 0.112s | Train Loss: 0.002540 |
2020-08-10 08:07:30,070 - root - INFO - | Epoch: 012/100 | Train Time: 0.111s | Train Loss: 0.002333 |
2020-08-10 08:07:30,182 - root - INFO - | Epoch: 013/100 | Train Time: 0.111s | Train Loss: 0.002141 |
2020-08-10 08:07:30,291 - root - INFO - | Epoch: 014/100 | Train Time: 0.109s | Train Loss: 0.001969 |
2020-08-10 08:07:30,402 - root - INFO - | Epoch: 015/100 | Train Time: 0.110s | Train Loss: 0.001809 |
2020-08-10 08:07:30,513 - root - INFO - | Epoch: 016/100 | Train Time: 0.111s | Train Loss: 0.001673 |
2020-08-10 08:07:30,624 - root - INFO - | Epoch: 017/100 | Train Time: 0.111s | Train Loss: 0.001554 |
2020-08-10 08:07:30,737 - root - INFO - | Epoch: 018/100 | Train Time: 0.112s | Train Loss: 0.001457 |
2020-08-10 08:07:30,850 - root - INFO - | Epoch: 019/100 | Train Time: 0.113s | Train Loss: 0.001370 |
2020-08-10 08:07:30,962 - root - INFO - | Epoch: 020/100 | Train Time: 0.113s | Train Loss: 0.001292 |
2020-08-10 08:07:31,074 - root - INFO - | Epoch: 021/100 | Train Time: 0.111s | Train Loss: 0.001223 |
2020-08-10 08:07:31,187 - root - INFO - | Epoch: 022/100 | Train Time: 0.113s | Train Loss: 0.001158 |
2020-08-10 08:07:31,298 - root - INFO - | Epoch: 023/100 | Train Time: 0.112s | Train Loss: 0.001102 |
2020-08-10 08:07:31,409 - root - INFO - | Epoch: 024/100 | Train Time: 0.111s | Train Loss: 0.001054 |
2020-08-10 08:07:31,521 - root - INFO - | Epoch: 025/100 | Train Time: 0.111s | Train Loss: 0.001004 |
2020-08-10 08:07:31,632 - root - INFO - | Epoch: 026/100 | Train Time: 0.111s | Train Loss: 0.000964 |
2020-08-10 08:07:31,743 - root - INFO - | Epoch: 027/100 | Train Time: 0.111s | Train Loss: 0.000924 |
2020-08-10 08:07:31,855 - root - INFO - | Epoch: 028/100 | Train Time: 0.112s | Train Loss: 0.000891 |
2020-08-10 08:07:31,971 - root - INFO - | Epoch: 029/100 | Train Time: 0.115s | Train Loss: 0.000858 |
2020-08-10 08:07:32,082 - root - INFO - | Epoch: 030/100 | Train Time: 0.112s | Train Loss: 0.000832 |
2020-08-10 08:07:32,196 - root - INFO - | Epoch: 031/100 | Train Time: 0.114s | Train Loss: 0.000805 |
2020-08-10 08:07:32,314 - root - INFO - | Epoch: 032/100 | Train Time: 0.118s | Train Loss: 0.000776 |
2020-08-10 08:07:32,428 - root - INFO - | Epoch: 033/100 | Train Time: 0.114s | Train Loss: 0.000755 |
2020-08-10 08:07:32,542 - root - INFO - | Epoch: 034/100 | Train Time: 0.114s | Train Loss: 0.000732 |
2020-08-10 08:07:32,656 - root - INFO - | Epoch: 035/100 | Train Time: 0.113s | Train Loss: 0.000707 |
2020-08-10 08:07:32,769 - root - INFO - | Epoch: 036/100 | Train Time: 0.113s | Train Loss: 0.000685 |
2020-08-10 08:07:32,882 - root - INFO - | Epoch: 037/100 | Train Time: 0.112s | Train Loss: 0.000665 |
2020-08-10 08:07:32,995 - root - INFO - | Epoch: 038/100 | Train Time: 0.113s | Train Loss: 0.000648 |
2020-08-10 08:07:33,109 - root - INFO - | Epoch: 039/100 | Train Time: 0.114s | Train Loss: 0.000631 |
2020-08-10 08:07:33,222 - root - INFO - | Epoch: 040/100 | Train Time: 0.113s | Train Loss: 0.000615 |
2020-08-10 08:07:33,334 - root - INFO - | Epoch: 041/100 | Train Time: 0.112s | Train Loss: 0.000596 |
2020-08-10 08:07:33,448 - root - INFO - | Epoch: 042/100 | Train Time: 0.114s | Train Loss: 0.000581 |
2020-08-10 08:07:33,561 - root - INFO - | Epoch: 043/100 | Train Time: 0.112s | Train Loss: 0.000566 |
2020-08-10 08:07:33,675 - root - INFO - | Epoch: 044/100 | Train Time: 0.114s | Train Loss: 0.000553 |
2020-08-10 08:07:33,788 - root - INFO - | Epoch: 045/100 | Train Time: 0.113s | Train Loss: 0.000537 |
2020-08-10 08:07:33,902 - root - INFO - | Epoch: 046/100 | Train Time: 0.114s | Train Loss: 0.000525 |
2020-08-10 08:07:34,015 - root - INFO - | Epoch: 047/100 | Train Time: 0.113s | Train Loss: 0.000512 |
2020-08-10 08:07:34,128 - root - INFO - | Epoch: 048/100 | Train Time: 0.113s | Train Loss: 0.000498 |
2020-08-10 08:07:34,249 - root - INFO - | Epoch: 049/100 | Train Time: 0.121s | Train Loss: 0.000487 |
2020-08-10 08:07:34,365 - root - INFO - | Epoch: 050/100 | Train Time: 0.116s | Train Loss: 0.000473 |
2020-08-10 08:07:34,365 - root - INFO -   LR scheduler: new learning rate is 1e-06
2020-08-10 08:07:34,481 - root - INFO - | Epoch: 051/100 | Train Time: 0.116s | Train Loss: 0.000467 |
2020-08-10 08:07:34,596 - root - INFO - | Epoch: 052/100 | Train Time: 0.115s | Train Loss: 0.000465 |
2020-08-10 08:07:34,711 - root - INFO - | Epoch: 053/100 | Train Time: 0.115s | Train Loss: 0.000465 |
2020-08-10 08:07:34,826 - root - INFO - | Epoch: 054/100 | Train Time: 0.114s | Train Loss: 0.000464 |
2020-08-10 08:07:34,940 - root - INFO - | Epoch: 055/100 | Train Time: 0.114s | Train Loss: 0.000465 |
2020-08-10 08:07:35,056 - root - INFO - | Epoch: 056/100 | Train Time: 0.115s | Train Loss: 0.000461 |
2020-08-10 08:07:35,171 - root - INFO - | Epoch: 057/100 | Train Time: 0.115s | Train Loss: 0.000461 |
2020-08-10 08:07:35,287 - root - INFO - | Epoch: 058/100 | Train Time: 0.116s | Train Loss: 0.000460 |
2020-08-10 08:07:35,401 - root - INFO - | Epoch: 059/100 | Train Time: 0.114s | Train Loss: 0.000458 |
2020-08-10 08:07:35,516 - root - INFO - | Epoch: 060/100 | Train Time: 0.115s | Train Loss: 0.000458 |
2020-08-10 08:07:35,632 - root - INFO - | Epoch: 061/100 | Train Time: 0.115s | Train Loss: 0.000454 |
2020-08-10 08:07:35,747 - root - INFO - | Epoch: 062/100 | Train Time: 0.115s | Train Loss: 0.000454 |
2020-08-10 08:07:35,862 - root - INFO - | Epoch: 063/100 | Train Time: 0.115s | Train Loss: 0.000455 |
2020-08-10 08:07:35,977 - root - INFO - | Epoch: 064/100 | Train Time: 0.115s | Train Loss: 0.000452 |
2020-08-10 08:07:36,093 - root - INFO - | Epoch: 065/100 | Train Time: 0.116s | Train Loss: 0.000452 |
2020-08-10 08:07:36,209 - root - INFO - | Epoch: 066/100 | Train Time: 0.116s | Train Loss: 0.000451 |
2020-08-10 08:07:36,324 - root - INFO - | Epoch: 067/100 | Train Time: 0.115s | Train Loss: 0.000449 |
2020-08-10 08:07:36,440 - root - INFO - | Epoch: 068/100 | Train Time: 0.115s | Train Loss: 0.000447 |
2020-08-10 08:07:36,555 - root - INFO - | Epoch: 069/100 | Train Time: 0.115s | Train Loss: 0.000447 |
2020-08-10 08:07:36,671 - root - INFO - | Epoch: 070/100 | Train Time: 0.116s | Train Loss: 0.000444 |
2020-08-10 08:07:36,786 - root - INFO - | Epoch: 071/100 | Train Time: 0.115s | Train Loss: 0.000444 |
2020-08-10 08:07:36,903 - root - INFO - | Epoch: 072/100 | Train Time: 0.117s | Train Loss: 0.000443 |
2020-08-10 08:07:37,016 - root - INFO - | Epoch: 073/100 | Train Time: 0.113s | Train Loss: 0.000442 |
2020-08-10 08:07:37,131 - root - INFO - | Epoch: 074/100 | Train Time: 0.115s | Train Loss: 0.000440 |
2020-08-10 08:07:37,246 - root - INFO - | Epoch: 075/100 | Train Time: 0.114s | Train Loss: 0.000439 |
2020-08-10 08:07:37,361 - root - INFO - | Epoch: 076/100 | Train Time: 0.115s | Train Loss: 0.000438 |
2020-08-10 08:07:37,477 - root - INFO - | Epoch: 077/100 | Train Time: 0.115s | Train Loss: 0.000436 |
2020-08-10 08:07:37,591 - root - INFO - | Epoch: 078/100 | Train Time: 0.114s | Train Loss: 0.000435 |
2020-08-10 08:07:37,705 - root - INFO - | Epoch: 079/100 | Train Time: 0.114s | Train Loss: 0.000434 |
2020-08-10 08:07:37,820 - root - INFO - | Epoch: 080/100 | Train Time: 0.115s | Train Loss: 0.000433 |
2020-08-10 08:07:37,936 - root - INFO - | Epoch: 081/100 | Train Time: 0.116s | Train Loss: 0.000430 |
2020-08-10 08:07:38,052 - root - INFO - | Epoch: 082/100 | Train Time: 0.115s | Train Loss: 0.000429 |
2020-08-10 08:07:38,167 - root - INFO - | Epoch: 083/100 | Train Time: 0.116s | Train Loss: 0.000428 |
2020-08-10 08:07:38,282 - root - INFO - | Epoch: 084/100 | Train Time: 0.114s | Train Loss: 0.000427 |
2020-08-10 08:07:38,398 - root - INFO - | Epoch: 085/100 | Train Time: 0.116s | Train Loss: 0.000426 |
2020-08-10 08:07:38,513 - root - INFO - | Epoch: 086/100 | Train Time: 0.115s | Train Loss: 0.000424 |
2020-08-10 08:07:38,628 - root - INFO - | Epoch: 087/100 | Train Time: 0.116s | Train Loss: 0.000422 |
2020-08-10 08:07:38,744 - root - INFO - | Epoch: 088/100 | Train Time: 0.115s | Train Loss: 0.000421 |
2020-08-10 08:07:38,859 - root - INFO - | Epoch: 089/100 | Train Time: 0.115s | Train Loss: 0.000420 |
2020-08-10 08:07:38,975 - root - INFO - | Epoch: 090/100 | Train Time: 0.115s | Train Loss: 0.000420 |
2020-08-10 08:07:39,090 - root - INFO - | Epoch: 091/100 | Train Time: 0.115s | Train Loss: 0.000419 |
2020-08-10 08:07:39,205 - root - INFO - | Epoch: 092/100 | Train Time: 0.115s | Train Loss: 0.000416 |
2020-08-10 08:07:39,320 - root - INFO - | Epoch: 093/100 | Train Time: 0.116s | Train Loss: 0.000414 |
2020-08-10 08:07:39,436 - root - INFO - | Epoch: 094/100 | Train Time: 0.115s | Train Loss: 0.000413 |
2020-08-10 08:07:39,551 - root - INFO - | Epoch: 095/100 | Train Time: 0.115s | Train Loss: 0.000411 |
2020-08-10 08:07:39,666 - root - INFO - | Epoch: 096/100 | Train Time: 0.115s | Train Loss: 0.000410 |
2020-08-10 08:07:39,781 - root - INFO - | Epoch: 097/100 | Train Time: 0.114s | Train Loss: 0.000410 |
2020-08-10 08:07:39,897 - root - INFO - | Epoch: 098/100 | Train Time: 0.116s | Train Loss: 0.000408 |
2020-08-10 08:07:40,018 - root - INFO - | Epoch: 099/100 | Train Time: 0.121s | Train Loss: 0.000407 |
2020-08-10 08:07:40,134 - root - INFO - | Epoch: 100/100 | Train Time: 0.115s | Train Loss: 0.000404 |
2020-08-10 08:07:40,134 - root - INFO - Training Time: 11.387s
2020-08-10 08:07:40,134 - root - INFO - Finished training.
2020-08-10 08:07:40,134 - root - INFO - Starting testing...
2020-08-10 08:07:40,147 - root - INFO - Test Loss: 0.000393
2020-08-10 08:07:40,147 - root - INFO - Test Time: 0.013s
2020-08-10 08:07:40,147 - root - INFO - Finished testing.
2020-08-10 08:07:40,201 - root - INFO - Starting testing...
2020-08-10 08:07:40,215 - root - INFO - Test Loss: 0.000575
2020-08-10 08:07:40,215 - root - INFO - Test Time: 0.014s
2020-08-10 08:07:40,215 - root - INFO - Finished testing.
