2020-08-10 08:09:06,829 - root - INFO - I am pre-training for you.
2020-08-10 08:09:08,753 - root - INFO - | Epoch: 001/100 | Train Time: 0.142s | Train Loss: 0.103019 |
2020-08-10 08:09:08,900 - root - INFO - | Epoch: 002/100 | Train Time: 0.146s | Train Loss: 0.043488 |
2020-08-10 08:09:09,049 - root - INFO - | Epoch: 003/100 | Train Time: 0.149s | Train Loss: 0.020835 |
2020-08-10 08:09:09,198 - root - INFO - | Epoch: 004/100 | Train Time: 0.149s | Train Loss: 0.018671 |
2020-08-10 08:09:09,345 - root - INFO - | Epoch: 005/100 | Train Time: 0.148s | Train Loss: 0.018368 |
2020-08-10 08:09:09,490 - root - INFO - | Epoch: 006/100 | Train Time: 0.144s | Train Loss: 0.018138 |
2020-08-10 08:09:09,636 - root - INFO - | Epoch: 007/100 | Train Time: 0.146s | Train Loss: 0.017910 |
2020-08-10 08:09:09,780 - root - INFO - | Epoch: 008/100 | Train Time: 0.144s | Train Loss: 0.017711 |
2020-08-10 08:09:09,927 - root - INFO - | Epoch: 009/100 | Train Time: 0.147s | Train Loss: 0.017544 |
2020-08-10 08:09:10,076 - root - INFO - | Epoch: 010/100 | Train Time: 0.148s | Train Loss: 0.017368 |
2020-08-10 08:09:10,226 - root - INFO - | Epoch: 011/100 | Train Time: 0.150s | Train Loss: 0.017236 |
2020-08-10 08:09:10,374 - root - INFO - | Epoch: 012/100 | Train Time: 0.148s | Train Loss: 0.017020 |
2020-08-10 08:09:10,524 - root - INFO - | Epoch: 013/100 | Train Time: 0.150s | Train Loss: 0.016901 |
2020-08-10 08:09:10,676 - root - INFO - | Epoch: 014/100 | Train Time: 0.151s | Train Loss: 0.016732 |
2020-08-10 08:09:10,827 - root - INFO - | Epoch: 015/100 | Train Time: 0.152s | Train Loss: 0.016542 |
2020-08-10 08:09:10,981 - root - INFO - | Epoch: 016/100 | Train Time: 0.153s | Train Loss: 0.016356 |
2020-08-10 08:09:11,134 - root - INFO - | Epoch: 017/100 | Train Time: 0.153s | Train Loss: 0.016189 |
2020-08-10 08:09:11,287 - root - INFO - | Epoch: 018/100 | Train Time: 0.153s | Train Loss: 0.016005 |
2020-08-10 08:09:11,451 - root - INFO - | Epoch: 019/100 | Train Time: 0.164s | Train Loss: 0.015773 |
2020-08-10 08:09:11,611 - root - INFO - | Epoch: 020/100 | Train Time: 0.160s | Train Loss: 0.015621 |
2020-08-10 08:09:11,770 - root - INFO - | Epoch: 021/100 | Train Time: 0.160s | Train Loss: 0.015368 |
2020-08-10 08:09:11,928 - root - INFO - | Epoch: 022/100 | Train Time: 0.157s | Train Loss: 0.015145 |
2020-08-10 08:09:12,081 - root - INFO - | Epoch: 023/100 | Train Time: 0.153s | Train Loss: 0.014908 |
2020-08-10 08:09:12,235 - root - INFO - | Epoch: 024/100 | Train Time: 0.154s | Train Loss: 0.014684 |
2020-08-10 08:09:12,387 - root - INFO - | Epoch: 025/100 | Train Time: 0.152s | Train Loss: 0.014433 |
2020-08-10 08:09:12,536 - root - INFO - | Epoch: 026/100 | Train Time: 0.149s | Train Loss: 0.014167 |
2020-08-10 08:09:12,688 - root - INFO - | Epoch: 027/100 | Train Time: 0.151s | Train Loss: 0.013882 |
2020-08-10 08:09:12,835 - root - INFO - | Epoch: 028/100 | Train Time: 0.147s | Train Loss: 0.013584 |
2020-08-10 08:09:12,985 - root - INFO - | Epoch: 029/100 | Train Time: 0.150s | Train Loss: 0.013339 |
2020-08-10 08:09:13,140 - root - INFO - | Epoch: 030/100 | Train Time: 0.155s | Train Loss: 0.013001 |
2020-08-10 08:09:13,289 - root - INFO - | Epoch: 031/100 | Train Time: 0.149s | Train Loss: 0.012755 |
2020-08-10 08:09:13,439 - root - INFO - | Epoch: 032/100 | Train Time: 0.150s | Train Loss: 0.012481 |
2020-08-10 08:09:13,589 - root - INFO - | Epoch: 033/100 | Train Time: 0.150s | Train Loss: 0.012281 |
2020-08-10 08:09:13,739 - root - INFO - | Epoch: 034/100 | Train Time: 0.150s | Train Loss: 0.012010 |
2020-08-10 08:09:13,889 - root - INFO - | Epoch: 035/100 | Train Time: 0.150s | Train Loss: 0.011832 |
2020-08-10 08:09:14,039 - root - INFO - | Epoch: 036/100 | Train Time: 0.150s | Train Loss: 0.011656 |
2020-08-10 08:09:14,194 - root - INFO - | Epoch: 037/100 | Train Time: 0.155s | Train Loss: 0.011500 |
2020-08-10 08:09:14,349 - root - INFO - | Epoch: 038/100 | Train Time: 0.154s | Train Loss: 0.011341 |
2020-08-10 08:09:14,504 - root - INFO - | Epoch: 039/100 | Train Time: 0.155s | Train Loss: 0.011212 |
2020-08-10 08:09:14,659 - root - INFO - | Epoch: 040/100 | Train Time: 0.154s | Train Loss: 0.011159 |
2020-08-10 08:09:14,815 - root - INFO - | Epoch: 041/100 | Train Time: 0.156s | Train Loss: 0.011115 |
2020-08-10 08:09:14,971 - root - INFO - | Epoch: 042/100 | Train Time: 0.156s | Train Loss: 0.010993 |
2020-08-10 08:09:15,126 - root - INFO - | Epoch: 043/100 | Train Time: 0.155s | Train Loss: 0.010908 |
2020-08-10 08:09:15,282 - root - INFO - | Epoch: 044/100 | Train Time: 0.155s | Train Loss: 0.010863 |
2020-08-10 08:09:15,437 - root - INFO - | Epoch: 045/100 | Train Time: 0.155s | Train Loss: 0.010712 |
2020-08-10 08:09:15,591 - root - INFO - | Epoch: 046/100 | Train Time: 0.154s | Train Loss: 0.010646 |
2020-08-10 08:09:15,747 - root - INFO - | Epoch: 047/100 | Train Time: 0.156s | Train Loss: 0.010575 |
2020-08-10 08:09:15,901 - root - INFO - | Epoch: 048/100 | Train Time: 0.154s | Train Loss: 0.010394 |
2020-08-10 08:09:16,055 - root - INFO - | Epoch: 049/100 | Train Time: 0.153s | Train Loss: 0.010258 |
2020-08-10 08:09:16,207 - root - INFO - | Epoch: 050/100 | Train Time: 0.152s | Train Loss: 0.010119 |
2020-08-10 08:09:16,207 - root - INFO -   LR scheduler: new learning rate is 0.0001
2020-08-10 08:09:16,359 - root - INFO - | Epoch: 051/100 | Train Time: 0.152s | Train Loss: 0.010066 |
2020-08-10 08:09:16,512 - root - INFO - | Epoch: 052/100 | Train Time: 0.153s | Train Loss: 0.010044 |
2020-08-10 08:09:16,664 - root - INFO - | Epoch: 053/100 | Train Time: 0.152s | Train Loss: 0.010039 |
2020-08-10 08:09:16,818 - root - INFO - | Epoch: 054/100 | Train Time: 0.153s | Train Loss: 0.010033 |
2020-08-10 08:09:16,971 - root - INFO - | Epoch: 055/100 | Train Time: 0.153s | Train Loss: 0.009984 |
2020-08-10 08:09:17,119 - root - INFO - | Epoch: 056/100 | Train Time: 0.147s | Train Loss: 0.009972 |
2020-08-10 08:09:17,272 - root - INFO - | Epoch: 057/100 | Train Time: 0.153s | Train Loss: 0.009953 |
2020-08-10 08:09:17,425 - root - INFO - | Epoch: 058/100 | Train Time: 0.153s | Train Loss: 0.009930 |
2020-08-10 08:09:17,578 - root - INFO - | Epoch: 059/100 | Train Time: 0.153s | Train Loss: 0.009869 |
2020-08-10 08:09:17,729 - root - INFO - | Epoch: 060/100 | Train Time: 0.151s | Train Loss: 0.009835 |
2020-08-10 08:09:17,883 - root - INFO - | Epoch: 061/100 | Train Time: 0.154s | Train Loss: 0.009844 |
2020-08-10 08:09:18,035 - root - INFO - | Epoch: 062/100 | Train Time: 0.152s | Train Loss: 0.009831 |
2020-08-10 08:09:18,189 - root - INFO - | Epoch: 063/100 | Train Time: 0.153s | Train Loss: 0.009777 |
2020-08-10 08:09:18,342 - root - INFO - | Epoch: 064/100 | Train Time: 0.153s | Train Loss: 0.009763 |
2020-08-10 08:09:18,494 - root - INFO - | Epoch: 065/100 | Train Time: 0.152s | Train Loss: 0.009699 |
2020-08-10 08:09:18,640 - root - INFO - | Epoch: 066/100 | Train Time: 0.146s | Train Loss: 0.009668 |
2020-08-10 08:09:18,787 - root - INFO - | Epoch: 067/100 | Train Time: 0.147s | Train Loss: 0.009657 |
2020-08-10 08:09:18,936 - root - INFO - | Epoch: 068/100 | Train Time: 0.149s | Train Loss: 0.009618 |
2020-08-10 08:09:19,086 - root - INFO - | Epoch: 069/100 | Train Time: 0.150s | Train Loss: 0.009554 |
2020-08-10 08:09:19,236 - root - INFO - | Epoch: 070/100 | Train Time: 0.150s | Train Loss: 0.009544 |
2020-08-10 08:09:19,387 - root - INFO - | Epoch: 071/100 | Train Time: 0.151s | Train Loss: 0.009524 |
2020-08-10 08:09:19,538 - root - INFO - | Epoch: 072/100 | Train Time: 0.151s | Train Loss: 0.009459 |
2020-08-10 08:09:19,689 - root - INFO - | Epoch: 073/100 | Train Time: 0.150s | Train Loss: 0.009433 |
2020-08-10 08:09:19,847 - root - INFO - | Epoch: 074/100 | Train Time: 0.158s | Train Loss: 0.009392 |
2020-08-10 08:09:20,000 - root - INFO - | Epoch: 075/100 | Train Time: 0.153s | Train Loss: 0.009332 |
2020-08-10 08:09:20,151 - root - INFO - | Epoch: 076/100 | Train Time: 0.150s | Train Loss: 0.009298 |
2020-08-10 08:09:20,301 - root - INFO - | Epoch: 077/100 | Train Time: 0.150s | Train Loss: 0.009258 |
2020-08-10 08:09:20,456 - root - INFO - | Epoch: 078/100 | Train Time: 0.155s | Train Loss: 0.009238 |
2020-08-10 08:09:20,604 - root - INFO - | Epoch: 079/100 | Train Time: 0.148s | Train Loss: 0.009156 |
2020-08-10 08:09:20,751 - root - INFO - | Epoch: 080/100 | Train Time: 0.147s | Train Loss: 0.009143 |
2020-08-10 08:09:20,897 - root - INFO - | Epoch: 081/100 | Train Time: 0.146s | Train Loss: 0.009075 |
2020-08-10 08:09:21,045 - root - INFO - | Epoch: 082/100 | Train Time: 0.148s | Train Loss: 0.008995 |
2020-08-10 08:09:21,195 - root - INFO - | Epoch: 083/100 | Train Time: 0.150s | Train Loss: 0.008982 |
2020-08-10 08:09:21,344 - root - INFO - | Epoch: 084/100 | Train Time: 0.149s | Train Loss: 0.008902 |
2020-08-10 08:09:21,490 - root - INFO - | Epoch: 085/100 | Train Time: 0.146s | Train Loss: 0.008851 |
2020-08-10 08:09:21,642 - root - INFO - | Epoch: 086/100 | Train Time: 0.152s | Train Loss: 0.008777 |
2020-08-10 08:09:21,793 - root - INFO - | Epoch: 087/100 | Train Time: 0.151s | Train Loss: 0.008747 |
2020-08-10 08:09:21,938 - root - INFO - | Epoch: 088/100 | Train Time: 0.146s | Train Loss: 0.008663 |
2020-08-10 08:09:22,089 - root - INFO - | Epoch: 089/100 | Train Time: 0.151s | Train Loss: 0.008655 |
2020-08-10 08:09:22,241 - root - INFO - | Epoch: 090/100 | Train Time: 0.151s | Train Loss: 0.008584 |
2020-08-10 08:09:22,388 - root - INFO - | Epoch: 091/100 | Train Time: 0.147s | Train Loss: 0.008521 |
2020-08-10 08:09:22,536 - root - INFO - | Epoch: 092/100 | Train Time: 0.147s | Train Loss: 0.008487 |
2020-08-10 08:09:22,684 - root - INFO - | Epoch: 093/100 | Train Time: 0.148s | Train Loss: 0.008408 |
2020-08-10 08:09:22,835 - root - INFO - | Epoch: 094/100 | Train Time: 0.151s | Train Loss: 0.008322 |
2020-08-10 08:09:22,983 - root - INFO - | Epoch: 095/100 | Train Time: 0.148s | Train Loss: 0.008291 |
2020-08-10 08:09:23,135 - root - INFO - | Epoch: 096/100 | Train Time: 0.153s | Train Loss: 0.008229 |
2020-08-10 08:09:23,287 - root - INFO - | Epoch: 097/100 | Train Time: 0.152s | Train Loss: 0.008177 |
2020-08-10 08:09:23,440 - root - INFO - | Epoch: 098/100 | Train Time: 0.153s | Train Loss: 0.008102 |
2020-08-10 08:09:23,593 - root - INFO - | Epoch: 099/100 | Train Time: 0.152s | Train Loss: 0.008017 |
2020-08-10 08:09:23,746 - root - INFO - | Epoch: 100/100 | Train Time: 0.153s | Train Loss: 0.007977 |
2020-08-10 08:09:23,746 - root - INFO - Pretraining Time: 15.136s
2020-08-10 08:09:23,746 - root - INFO - Finished pretraining.
2020-08-10 08:09:23,746 - root - INFO - Testing autoencoder...
2020-08-10 08:09:23,760 - root - INFO - Test Loss: 0.007490
2020-08-10 08:09:23,760 - root - INFO - Test Time: 0.014s
2020-08-10 08:09:23,760 - root - INFO - Finished testing autoencoder.
2020-08-10 08:09:23,763 - root - INFO - Hey I am loading net for you!
2020-08-10 08:09:23,763 - root - INFO - Setting hyper-parameters!
2020-08-10 08:09:23,764 - root - INFO - Initializing center c...
2020-08-10 08:09:23,801 - root - INFO - Center c initialized.
2020-08-10 08:09:23,801 - root - INFO - Starting training...
2020-08-10 08:09:23,908 - root - INFO - | Epoch: 001/100 | Train Time: 0.107s | Train Loss: 0.005253 |
2020-08-10 08:09:24,017 - root - INFO - | Epoch: 002/100 | Train Time: 0.108s | Train Loss: 0.004984 |
2020-08-10 08:09:24,126 - root - INFO - | Epoch: 003/100 | Train Time: 0.109s | Train Loss: 0.004713 |
2020-08-10 08:09:24,235 - root - INFO - | Epoch: 004/100 | Train Time: 0.109s | Train Loss: 0.004417 |
2020-08-10 08:09:24,344 - root - INFO - | Epoch: 005/100 | Train Time: 0.109s | Train Loss: 0.004129 |
2020-08-10 08:09:24,457 - root - INFO - | Epoch: 006/100 | Train Time: 0.113s | Train Loss: 0.003845 |
2020-08-10 08:09:24,569 - root - INFO - | Epoch: 007/100 | Train Time: 0.112s | Train Loss: 0.003557 |
2020-08-10 08:09:24,679 - root - INFO - | Epoch: 008/100 | Train Time: 0.110s | Train Loss: 0.003289 |
2020-08-10 08:09:24,790 - root - INFO - | Epoch: 009/100 | Train Time: 0.111s | Train Loss: 0.003019 |
2020-08-10 08:09:24,900 - root - INFO - | Epoch: 010/100 | Train Time: 0.110s | Train Loss: 0.002768 |
2020-08-10 08:09:25,011 - root - INFO - | Epoch: 011/100 | Train Time: 0.111s | Train Loss: 0.002540 |
2020-08-10 08:09:25,123 - root - INFO - | Epoch: 012/100 | Train Time: 0.111s | Train Loss: 0.002333 |
2020-08-10 08:09:25,234 - root - INFO - | Epoch: 013/100 | Train Time: 0.111s | Train Loss: 0.002141 |
2020-08-10 08:09:25,351 - root - INFO - | Epoch: 014/100 | Train Time: 0.116s | Train Loss: 0.001969 |
2020-08-10 08:09:25,463 - root - INFO - | Epoch: 015/100 | Train Time: 0.112s | Train Loss: 0.001809 |
2020-08-10 08:09:25,575 - root - INFO - | Epoch: 016/100 | Train Time: 0.112s | Train Loss: 0.001673 |
2020-08-10 08:09:25,689 - root - INFO - | Epoch: 017/100 | Train Time: 0.114s | Train Loss: 0.001554 |
2020-08-10 08:09:25,802 - root - INFO - | Epoch: 018/100 | Train Time: 0.113s | Train Loss: 0.001457 |
2020-08-10 08:09:25,915 - root - INFO - | Epoch: 019/100 | Train Time: 0.112s | Train Loss: 0.001370 |
2020-08-10 08:09:26,028 - root - INFO - | Epoch: 020/100 | Train Time: 0.113s | Train Loss: 0.001292 |
2020-08-10 08:09:26,146 - root - INFO - | Epoch: 021/100 | Train Time: 0.118s | Train Loss: 0.001223 |
2020-08-10 08:09:26,259 - root - INFO - | Epoch: 022/100 | Train Time: 0.113s | Train Loss: 0.001158 |
2020-08-10 08:09:26,372 - root - INFO - | Epoch: 023/100 | Train Time: 0.112s | Train Loss: 0.001102 |
2020-08-10 08:09:26,484 - root - INFO - | Epoch: 024/100 | Train Time: 0.112s | Train Loss: 0.001054 |
2020-08-10 08:09:26,597 - root - INFO - | Epoch: 025/100 | Train Time: 0.113s | Train Loss: 0.001004 |
2020-08-10 08:09:26,711 - root - INFO - | Epoch: 026/100 | Train Time: 0.113s | Train Loss: 0.000964 |
2020-08-10 08:09:26,825 - root - INFO - | Epoch: 027/100 | Train Time: 0.114s | Train Loss: 0.000924 |
2020-08-10 08:09:26,938 - root - INFO - | Epoch: 028/100 | Train Time: 0.113s | Train Loss: 0.000891 |
2020-08-10 08:09:27,051 - root - INFO - | Epoch: 029/100 | Train Time: 0.112s | Train Loss: 0.000858 |
2020-08-10 08:09:27,164 - root - INFO - | Epoch: 030/100 | Train Time: 0.113s | Train Loss: 0.000832 |
2020-08-10 08:09:27,276 - root - INFO - | Epoch: 031/100 | Train Time: 0.112s | Train Loss: 0.000805 |
2020-08-10 08:09:27,388 - root - INFO - | Epoch: 032/100 | Train Time: 0.112s | Train Loss: 0.000776 |
2020-08-10 08:09:27,501 - root - INFO - | Epoch: 033/100 | Train Time: 0.113s | Train Loss: 0.000755 |
2020-08-10 08:09:27,615 - root - INFO - | Epoch: 034/100 | Train Time: 0.114s | Train Loss: 0.000732 |
2020-08-10 08:09:27,728 - root - INFO - | Epoch: 035/100 | Train Time: 0.113s | Train Loss: 0.000707 |
2020-08-10 08:09:27,841 - root - INFO - | Epoch: 036/100 | Train Time: 0.113s | Train Loss: 0.000685 |
2020-08-10 08:09:27,954 - root - INFO - | Epoch: 037/100 | Train Time: 0.113s | Train Loss: 0.000665 |
2020-08-10 08:09:28,067 - root - INFO - | Epoch: 038/100 | Train Time: 0.114s | Train Loss: 0.000648 |
2020-08-10 08:09:28,180 - root - INFO - | Epoch: 039/100 | Train Time: 0.112s | Train Loss: 0.000631 |
2020-08-10 08:09:28,294 - root - INFO - | Epoch: 040/100 | Train Time: 0.114s | Train Loss: 0.000615 |
2020-08-10 08:09:28,406 - root - INFO - | Epoch: 041/100 | Train Time: 0.112s | Train Loss: 0.000596 |
2020-08-10 08:09:28,520 - root - INFO - | Epoch: 042/100 | Train Time: 0.114s | Train Loss: 0.000581 |
2020-08-10 08:09:28,634 - root - INFO - | Epoch: 043/100 | Train Time: 0.114s | Train Loss: 0.000566 |
2020-08-10 08:09:28,747 - root - INFO - | Epoch: 044/100 | Train Time: 0.113s | Train Loss: 0.000553 |
2020-08-10 08:09:28,861 - root - INFO - | Epoch: 045/100 | Train Time: 0.113s | Train Loss: 0.000537 |
2020-08-10 08:09:28,975 - root - INFO - | Epoch: 046/100 | Train Time: 0.114s | Train Loss: 0.000525 |
2020-08-10 08:09:29,088 - root - INFO - | Epoch: 047/100 | Train Time: 0.113s | Train Loss: 0.000512 |
2020-08-10 08:09:29,201 - root - INFO - | Epoch: 048/100 | Train Time: 0.113s | Train Loss: 0.000498 |
2020-08-10 08:09:29,315 - root - INFO - | Epoch: 049/100 | Train Time: 0.114s | Train Loss: 0.000487 |
2020-08-10 08:09:29,426 - root - INFO - | Epoch: 050/100 | Train Time: 0.111s | Train Loss: 0.000473 |
2020-08-10 08:09:29,427 - root - INFO -   LR scheduler: new learning rate is 1e-06
2020-08-10 08:09:29,538 - root - INFO - | Epoch: 051/100 | Train Time: 0.112s | Train Loss: 0.000467 |
2020-08-10 08:09:29,650 - root - INFO - | Epoch: 052/100 | Train Time: 0.112s | Train Loss: 0.000465 |
2020-08-10 08:09:29,764 - root - INFO - | Epoch: 053/100 | Train Time: 0.114s | Train Loss: 0.000465 |
2020-08-10 08:09:29,876 - root - INFO - | Epoch: 054/100 | Train Time: 0.112s | Train Loss: 0.000464 |
2020-08-10 08:09:29,988 - root - INFO - | Epoch: 055/100 | Train Time: 0.112s | Train Loss: 0.000465 |
2020-08-10 08:09:30,102 - root - INFO - | Epoch: 056/100 | Train Time: 0.114s | Train Loss: 0.000461 |
2020-08-10 08:09:30,215 - root - INFO - | Epoch: 057/100 | Train Time: 0.113s | Train Loss: 0.000461 |
2020-08-10 08:09:30,329 - root - INFO - | Epoch: 058/100 | Train Time: 0.114s | Train Loss: 0.000460 |
2020-08-10 08:09:30,441 - root - INFO - | Epoch: 059/100 | Train Time: 0.112s | Train Loss: 0.000458 |
2020-08-10 08:09:30,553 - root - INFO - | Epoch: 060/100 | Train Time: 0.112s | Train Loss: 0.000458 |
2020-08-10 08:09:30,666 - root - INFO - | Epoch: 061/100 | Train Time: 0.113s | Train Loss: 0.000454 |
2020-08-10 08:09:30,779 - root - INFO - | Epoch: 062/100 | Train Time: 0.113s | Train Loss: 0.000454 |
2020-08-10 08:09:30,892 - root - INFO - | Epoch: 063/100 | Train Time: 0.112s | Train Loss: 0.000455 |
2020-08-10 08:09:31,005 - root - INFO - | Epoch: 064/100 | Train Time: 0.113s | Train Loss: 0.000452 |
2020-08-10 08:09:31,117 - root - INFO - | Epoch: 065/100 | Train Time: 0.112s | Train Loss: 0.000452 |
2020-08-10 08:09:31,230 - root - INFO - | Epoch: 066/100 | Train Time: 0.113s | Train Loss: 0.000451 |
2020-08-10 08:09:31,345 - root - INFO - | Epoch: 067/100 | Train Time: 0.114s | Train Loss: 0.000449 |
2020-08-10 08:09:31,457 - root - INFO - | Epoch: 068/100 | Train Time: 0.113s | Train Loss: 0.000447 |
2020-08-10 08:09:31,571 - root - INFO - | Epoch: 069/100 | Train Time: 0.113s | Train Loss: 0.000447 |
2020-08-10 08:09:31,685 - root - INFO - | Epoch: 070/100 | Train Time: 0.114s | Train Loss: 0.000444 |
2020-08-10 08:09:31,798 - root - INFO - | Epoch: 071/100 | Train Time: 0.113s | Train Loss: 0.000444 |
2020-08-10 08:09:31,910 - root - INFO - | Epoch: 072/100 | Train Time: 0.112s | Train Loss: 0.000443 |
2020-08-10 08:09:32,024 - root - INFO - | Epoch: 073/100 | Train Time: 0.114s | Train Loss: 0.000442 |
2020-08-10 08:09:32,137 - root - INFO - | Epoch: 074/100 | Train Time: 0.113s | Train Loss: 0.000440 |
2020-08-10 08:09:32,251 - root - INFO - | Epoch: 075/100 | Train Time: 0.114s | Train Loss: 0.000439 |
2020-08-10 08:09:32,364 - root - INFO - | Epoch: 076/100 | Train Time: 0.113s | Train Loss: 0.000438 |
2020-08-10 08:09:32,478 - root - INFO - | Epoch: 077/100 | Train Time: 0.114s | Train Loss: 0.000436 |
2020-08-10 08:09:32,591 - root - INFO - | Epoch: 078/100 | Train Time: 0.113s | Train Loss: 0.000435 |
2020-08-10 08:09:32,705 - root - INFO - | Epoch: 079/100 | Train Time: 0.113s | Train Loss: 0.000434 |
2020-08-10 08:09:32,818 - root - INFO - | Epoch: 080/100 | Train Time: 0.113s | Train Loss: 0.000433 |
2020-08-10 08:09:32,931 - root - INFO - | Epoch: 081/100 | Train Time: 0.113s | Train Loss: 0.000430 |
2020-08-10 08:09:33,044 - root - INFO - | Epoch: 082/100 | Train Time: 0.113s | Train Loss: 0.000429 |
2020-08-10 08:09:33,158 - root - INFO - | Epoch: 083/100 | Train Time: 0.114s | Train Loss: 0.000428 |
2020-08-10 08:09:33,271 - root - INFO - | Epoch: 084/100 | Train Time: 0.113s | Train Loss: 0.000427 |
2020-08-10 08:09:33,385 - root - INFO - | Epoch: 085/100 | Train Time: 0.113s | Train Loss: 0.000426 |
2020-08-10 08:09:33,497 - root - INFO - | Epoch: 086/100 | Train Time: 0.112s | Train Loss: 0.000424 |
2020-08-10 08:09:33,610 - root - INFO - | Epoch: 087/100 | Train Time: 0.113s | Train Loss: 0.000422 |
2020-08-10 08:09:33,723 - root - INFO - | Epoch: 088/100 | Train Time: 0.113s | Train Loss: 0.000421 |
2020-08-10 08:09:33,837 - root - INFO - | Epoch: 089/100 | Train Time: 0.114s | Train Loss: 0.000420 |
2020-08-10 08:09:33,950 - root - INFO - | Epoch: 090/100 | Train Time: 0.113s | Train Loss: 0.000420 |
2020-08-10 08:09:34,063 - root - INFO - | Epoch: 091/100 | Train Time: 0.113s | Train Loss: 0.000419 |
2020-08-10 08:09:34,175 - root - INFO - | Epoch: 092/100 | Train Time: 0.112s | Train Loss: 0.000416 |
2020-08-10 08:09:34,288 - root - INFO - | Epoch: 093/100 | Train Time: 0.112s | Train Loss: 0.000414 |
2020-08-10 08:09:34,400 - root - INFO - | Epoch: 094/100 | Train Time: 0.112s | Train Loss: 0.000413 |
2020-08-10 08:09:34,513 - root - INFO - | Epoch: 095/100 | Train Time: 0.113s | Train Loss: 0.000411 |
2020-08-10 08:09:34,626 - root - INFO - | Epoch: 096/100 | Train Time: 0.112s | Train Loss: 0.000410 |
2020-08-10 08:09:34,740 - root - INFO - | Epoch: 097/100 | Train Time: 0.114s | Train Loss: 0.000410 |
2020-08-10 08:09:34,853 - root - INFO - | Epoch: 098/100 | Train Time: 0.113s | Train Loss: 0.000408 |
2020-08-10 08:09:34,967 - root - INFO - | Epoch: 099/100 | Train Time: 0.113s | Train Loss: 0.000407 |
2020-08-10 08:09:35,081 - root - INFO - | Epoch: 100/100 | Train Time: 0.114s | Train Loss: 0.000404 |
2020-08-10 08:09:35,081 - root - INFO - Training Time: 11.280s
2020-08-10 08:09:35,081 - root - INFO - Finished training.
2020-08-10 08:09:35,081 - root - INFO - Starting testing...
2020-08-10 08:09:35,094 - root - INFO - Test Loss: 0.000393
2020-08-10 08:09:35,095 - root - INFO - Test Time: 0.013s
2020-08-10 08:09:35,095 - root - INFO - Finished testing.
2020-08-10 08:09:35,148 - root - INFO - Starting testing...
2020-08-10 08:09:35,164 - root - INFO - Test Loss: 0.001055
2020-08-10 08:09:35,164 - root - INFO - Test Time: 0.015s
2020-08-10 08:09:35,164 - root - INFO - Finished testing.
