2020-08-10 08:10:38,848 - root - INFO - Hey I am loading net for you!
2020-08-10 08:10:40,595 - root - INFO - Setting hyper-parameters!
2020-08-10 08:10:40,596 - root - INFO - Starting training...
2020-08-10 08:10:40,741 - root - INFO - | Epoch: 001/100 | Train Time: 0.145s | Train Loss: 0.458025 |
2020-08-10 08:10:40,892 - root - INFO - | Epoch: 002/100 | Train Time: 0.151s | Train Loss: 0.449852 |
2020-08-10 08:10:41,044 - root - INFO - | Epoch: 003/100 | Train Time: 0.152s | Train Loss: 0.441799 |
2020-08-10 08:10:41,196 - root - INFO - | Epoch: 004/100 | Train Time: 0.152s | Train Loss: 0.433676 |
2020-08-10 08:10:41,348 - root - INFO - | Epoch: 005/100 | Train Time: 0.152s | Train Loss: 0.425494 |
2020-08-10 08:10:41,500 - root - INFO - | Epoch: 006/100 | Train Time: 0.152s | Train Loss: 0.417247 |
2020-08-10 08:10:41,653 - root - INFO - | Epoch: 007/100 | Train Time: 0.153s | Train Loss: 0.408571 |
2020-08-10 08:10:41,804 - root - INFO - | Epoch: 008/100 | Train Time: 0.151s | Train Loss: 0.400343 |
2020-08-10 08:10:41,954 - root - INFO - | Epoch: 009/100 | Train Time: 0.151s | Train Loss: 0.391573 |
2020-08-10 08:10:42,106 - root - INFO - | Epoch: 010/100 | Train Time: 0.152s | Train Loss: 0.382985 |
2020-08-10 08:10:42,258 - root - INFO - | Epoch: 011/100 | Train Time: 0.151s | Train Loss: 0.374688 |
2020-08-10 08:10:42,410 - root - INFO - | Epoch: 012/100 | Train Time: 0.152s | Train Loss: 0.365303 |
2020-08-10 08:10:42,563 - root - INFO - | Epoch: 013/100 | Train Time: 0.153s | Train Loss: 0.356801 |
2020-08-10 08:10:42,715 - root - INFO - | Epoch: 014/100 | Train Time: 0.152s | Train Loss: 0.347838 |
2020-08-10 08:10:42,868 - root - INFO - | Epoch: 015/100 | Train Time: 0.152s | Train Loss: 0.339254 |
2020-08-10 08:10:43,020 - root - INFO - | Epoch: 016/100 | Train Time: 0.152s | Train Loss: 0.330323 |
2020-08-10 08:10:43,172 - root - INFO - | Epoch: 017/100 | Train Time: 0.151s | Train Loss: 0.321418 |
2020-08-10 08:10:43,324 - root - INFO - | Epoch: 018/100 | Train Time: 0.153s | Train Loss: 0.312650 |
2020-08-10 08:10:43,477 - root - INFO - | Epoch: 019/100 | Train Time: 0.152s | Train Loss: 0.303961 |
2020-08-10 08:10:43,629 - root - INFO - | Epoch: 020/100 | Train Time: 0.152s | Train Loss: 0.295143 |
2020-08-10 08:10:43,781 - root - INFO - | Epoch: 021/100 | Train Time: 0.152s | Train Loss: 0.286473 |
2020-08-10 08:10:43,933 - root - INFO - | Epoch: 022/100 | Train Time: 0.152s | Train Loss: 0.278141 |
2020-08-10 08:10:44,084 - root - INFO - | Epoch: 023/100 | Train Time: 0.151s | Train Loss: 0.269508 |
2020-08-10 08:10:44,236 - root - INFO - | Epoch: 024/100 | Train Time: 0.152s | Train Loss: 0.261002 |
2020-08-10 08:10:44,388 - root - INFO - | Epoch: 025/100 | Train Time: 0.152s | Train Loss: 0.252800 |
2020-08-10 08:10:44,540 - root - INFO - | Epoch: 026/100 | Train Time: 0.152s | Train Loss: 0.244648 |
2020-08-10 08:10:44,693 - root - INFO - | Epoch: 027/100 | Train Time: 0.153s | Train Loss: 0.236612 |
2020-08-10 08:10:44,844 - root - INFO - | Epoch: 028/100 | Train Time: 0.151s | Train Loss: 0.228657 |
2020-08-10 08:10:44,997 - root - INFO - | Epoch: 029/100 | Train Time: 0.152s | Train Loss: 0.221179 |
2020-08-10 08:10:45,149 - root - INFO - | Epoch: 030/100 | Train Time: 0.152s | Train Loss: 0.213589 |
2020-08-10 08:10:45,301 - root - INFO - | Epoch: 031/100 | Train Time: 0.152s | Train Loss: 0.206254 |
2020-08-10 08:10:45,452 - root - INFO - | Epoch: 032/100 | Train Time: 0.151s | Train Loss: 0.198870 |
2020-08-10 08:10:45,604 - root - INFO - | Epoch: 033/100 | Train Time: 0.151s | Train Loss: 0.192098 |
2020-08-10 08:10:45,756 - root - INFO - | Epoch: 034/100 | Train Time: 0.152s | Train Loss: 0.185466 |
2020-08-10 08:10:45,910 - root - INFO - | Epoch: 035/100 | Train Time: 0.153s | Train Loss: 0.178641 |
2020-08-10 08:10:46,062 - root - INFO - | Epoch: 036/100 | Train Time: 0.152s | Train Loss: 0.172085 |
2020-08-10 08:10:46,214 - root - INFO - | Epoch: 037/100 | Train Time: 0.152s | Train Loss: 0.166184 |
2020-08-10 08:10:46,366 - root - INFO - | Epoch: 038/100 | Train Time: 0.152s | Train Loss: 0.160043 |
2020-08-10 08:10:46,493 - root - INFO - | Epoch: 039/100 | Train Time: 0.127s | Train Loss: 0.154287 |
2020-08-10 08:10:46,605 - root - INFO - | Epoch: 040/100 | Train Time: 0.111s | Train Loss: 0.148521 |
2020-08-10 08:10:46,717 - root - INFO - | Epoch: 041/100 | Train Time: 0.112s | Train Loss: 0.143069 |
2020-08-10 08:10:46,828 - root - INFO - | Epoch: 042/100 | Train Time: 0.111s | Train Loss: 0.137917 |
2020-08-10 08:10:46,939 - root - INFO - | Epoch: 043/100 | Train Time: 0.112s | Train Loss: 0.132954 |
2020-08-10 08:10:47,051 - root - INFO - | Epoch: 044/100 | Train Time: 0.112s | Train Loss: 0.128225 |
2020-08-10 08:10:47,163 - root - INFO - | Epoch: 045/100 | Train Time: 0.112s | Train Loss: 0.123391 |
2020-08-10 08:10:47,274 - root - INFO - | Epoch: 046/100 | Train Time: 0.112s | Train Loss: 0.118938 |
2020-08-10 08:10:47,386 - root - INFO - | Epoch: 047/100 | Train Time: 0.111s | Train Loss: 0.114572 |
2020-08-10 08:10:47,495 - root - INFO - | Epoch: 048/100 | Train Time: 0.109s | Train Loss: 0.110472 |
2020-08-10 08:10:47,595 - root - INFO - | Epoch: 049/100 | Train Time: 0.100s | Train Loss: 0.106505 |
2020-08-10 08:10:47,695 - root - INFO - | Epoch: 050/100 | Train Time: 0.100s | Train Loss: 0.102415 |
2020-08-10 08:10:47,695 - root - INFO -   LR scheduler: new learning rate is 1e-06
2020-08-10 08:10:47,794 - root - INFO - | Epoch: 051/100 | Train Time: 0.100s | Train Loss: 0.100275 |
2020-08-10 08:10:47,894 - root - INFO - | Epoch: 052/100 | Train Time: 0.100s | Train Loss: 0.099957 |
2020-08-10 08:10:47,995 - root - INFO - | Epoch: 053/100 | Train Time: 0.100s | Train Loss: 0.099591 |
2020-08-10 08:10:48,095 - root - INFO - | Epoch: 054/100 | Train Time: 0.100s | Train Loss: 0.099209 |
2020-08-10 08:10:48,194 - root - INFO - | Epoch: 055/100 | Train Time: 0.100s | Train Loss: 0.098828 |
2020-08-10 08:10:48,295 - root - INFO - | Epoch: 056/100 | Train Time: 0.100s | Train Loss: 0.098459 |
2020-08-10 08:10:48,394 - root - INFO - | Epoch: 057/100 | Train Time: 0.100s | Train Loss: 0.098145 |
2020-08-10 08:10:48,495 - root - INFO - | Epoch: 058/100 | Train Time: 0.101s | Train Loss: 0.097604 |
2020-08-10 08:10:48,595 - root - INFO - | Epoch: 059/100 | Train Time: 0.100s | Train Loss: 0.097339 |
2020-08-10 08:10:48,695 - root - INFO - | Epoch: 060/100 | Train Time: 0.100s | Train Loss: 0.096947 |
2020-08-10 08:10:48,795 - root - INFO - | Epoch: 061/100 | Train Time: 0.100s | Train Loss: 0.096549 |
2020-08-10 08:10:48,895 - root - INFO - | Epoch: 062/100 | Train Time: 0.100s | Train Loss: 0.096035 |
2020-08-10 08:10:48,995 - root - INFO - | Epoch: 063/100 | Train Time: 0.100s | Train Loss: 0.095820 |
2020-08-10 08:10:49,095 - root - INFO - | Epoch: 064/100 | Train Time: 0.100s | Train Loss: 0.095265 |
2020-08-10 08:10:49,195 - root - INFO - | Epoch: 065/100 | Train Time: 0.100s | Train Loss: 0.095060 |
2020-08-10 08:10:49,294 - root - INFO - | Epoch: 066/100 | Train Time: 0.100s | Train Loss: 0.094591 |
2020-08-10 08:10:49,394 - root - INFO - | Epoch: 067/100 | Train Time: 0.099s | Train Loss: 0.094272 |
2020-08-10 08:10:49,494 - root - INFO - | Epoch: 068/100 | Train Time: 0.100s | Train Loss: 0.094018 |
2020-08-10 08:10:49,594 - root - INFO - | Epoch: 069/100 | Train Time: 0.100s | Train Loss: 0.093407 |
2020-08-10 08:10:49,694 - root - INFO - | Epoch: 070/100 | Train Time: 0.100s | Train Loss: 0.093207 |
2020-08-10 08:10:49,794 - root - INFO - | Epoch: 071/100 | Train Time: 0.100s | Train Loss: 0.092802 |
2020-08-10 08:10:49,894 - root - INFO - | Epoch: 072/100 | Train Time: 0.100s | Train Loss: 0.092506 |
2020-08-10 08:10:49,994 - root - INFO - | Epoch: 073/100 | Train Time: 0.100s | Train Loss: 0.092020 |
2020-08-10 08:10:50,094 - root - INFO - | Epoch: 074/100 | Train Time: 0.100s | Train Loss: 0.091683 |
2020-08-10 08:10:50,194 - root - INFO - | Epoch: 075/100 | Train Time: 0.100s | Train Loss: 0.091202 |
2020-08-10 08:10:50,294 - root - INFO - | Epoch: 076/100 | Train Time: 0.100s | Train Loss: 0.090948 |
2020-08-10 08:10:50,393 - root - INFO - | Epoch: 077/100 | Train Time: 0.100s | Train Loss: 0.090533 |
2020-08-10 08:10:50,494 - root - INFO - | Epoch: 078/100 | Train Time: 0.101s | Train Loss: 0.090198 |
2020-08-10 08:10:50,594 - root - INFO - | Epoch: 079/100 | Train Time: 0.100s | Train Loss: 0.089910 |
2020-08-10 08:10:50,694 - root - INFO - | Epoch: 080/100 | Train Time: 0.100s | Train Loss: 0.089420 |
2020-08-10 08:10:50,794 - root - INFO - | Epoch: 081/100 | Train Time: 0.100s | Train Loss: 0.089167 |
2020-08-10 08:10:50,894 - root - INFO - | Epoch: 082/100 | Train Time: 0.100s | Train Loss: 0.088875 |
2020-08-10 08:10:50,995 - root - INFO - | Epoch: 083/100 | Train Time: 0.100s | Train Loss: 0.088497 |
2020-08-10 08:10:51,095 - root - INFO - | Epoch: 084/100 | Train Time: 0.100s | Train Loss: 0.088000 |
2020-08-10 08:10:51,194 - root - INFO - | Epoch: 085/100 | Train Time: 0.100s | Train Loss: 0.087719 |
2020-08-10 08:10:51,294 - root - INFO - | Epoch: 086/100 | Train Time: 0.100s | Train Loss: 0.087232 |
2020-08-10 08:10:51,394 - root - INFO - | Epoch: 087/100 | Train Time: 0.100s | Train Loss: 0.087063 |
2020-08-10 08:10:51,494 - root - INFO - | Epoch: 088/100 | Train Time: 0.100s | Train Loss: 0.086589 |
2020-08-10 08:10:51,594 - root - INFO - | Epoch: 089/100 | Train Time: 0.100s | Train Loss: 0.086281 |
2020-08-10 08:10:51,694 - root - INFO - | Epoch: 090/100 | Train Time: 0.100s | Train Loss: 0.085892 |
2020-08-10 08:10:51,794 - root - INFO - | Epoch: 091/100 | Train Time: 0.100s | Train Loss: 0.085530 |
2020-08-10 08:10:51,893 - root - INFO - | Epoch: 092/100 | Train Time: 0.100s | Train Loss: 0.085117 |
2020-08-10 08:10:51,994 - root - INFO - | Epoch: 093/100 | Train Time: 0.100s | Train Loss: 0.084796 |
2020-08-10 08:10:52,093 - root - INFO - | Epoch: 094/100 | Train Time: 0.100s | Train Loss: 0.084486 |
2020-08-10 08:10:52,193 - root - INFO - | Epoch: 095/100 | Train Time: 0.100s | Train Loss: 0.084088 |
2020-08-10 08:10:52,293 - root - INFO - | Epoch: 096/100 | Train Time: 0.100s | Train Loss: 0.083683 |
2020-08-10 08:10:52,392 - root - INFO - | Epoch: 097/100 | Train Time: 0.100s | Train Loss: 0.083411 |
2020-08-10 08:10:52,493 - root - INFO - | Epoch: 098/100 | Train Time: 0.101s | Train Loss: 0.083071 |
2020-08-10 08:10:52,593 - root - INFO - | Epoch: 099/100 | Train Time: 0.100s | Train Loss: 0.082772 |
2020-08-10 08:10:52,693 - root - INFO - | Epoch: 100/100 | Train Time: 0.100s | Train Loss: 0.082386 |
2020-08-10 08:10:52,693 - root - INFO - Training Time: 12.097s
2020-08-10 08:10:52,693 - root - INFO - Finished training.
2020-08-10 08:10:52,693 - root - INFO - Starting testing...
2020-08-10 08:10:52,705 - root - INFO - Test Time: 0.011s
2020-08-10 08:10:52,705 - root - INFO - Finished testing.
2020-08-10 08:10:52,756 - root - INFO - Starting testing...
2020-08-10 08:10:52,770 - root - INFO - Test Time: 0.013s
2020-08-10 08:10:52,770 - root - INFO - Finished testing.
