2020-08-17 03:10:36,300 - root - INFO - Hey I am loading net for you!
2020-08-17 03:10:38,110 - root - INFO - Setting hyper-parameters!
2020-08-17 03:10:38,111 - root - INFO - Starting training...
2020-08-17 03:10:38,229 - root - INFO - | Epoch: 001/500 | Train Time: 0.118s | Train Loss: 0.237111 |
2020-08-17 03:10:38,353 - root - INFO - | Epoch: 002/500 | Train Time: 0.124s | Train Loss: 0.221340 |
2020-08-17 03:10:38,478 - root - INFO - | Epoch: 003/500 | Train Time: 0.125s | Train Loss: 0.206665 |
2020-08-17 03:10:38,604 - root - INFO - | Epoch: 004/500 | Train Time: 0.126s | Train Loss: 0.197100 |
2020-08-17 03:10:38,730 - root - INFO - | Epoch: 005/500 | Train Time: 0.126s | Train Loss: 0.187062 |
2020-08-17 03:10:38,855 - root - INFO - | Epoch: 006/500 | Train Time: 0.125s | Train Loss: 0.183391 |
2020-08-17 03:10:38,981 - root - INFO - | Epoch: 007/500 | Train Time: 0.125s | Train Loss: 0.177794 |
2020-08-17 03:10:39,106 - root - INFO - | Epoch: 008/500 | Train Time: 0.125s | Train Loss: 0.173258 |
2020-08-17 03:10:39,233 - root - INFO - | Epoch: 009/500 | Train Time: 0.126s | Train Loss: 0.165656 |
2020-08-17 03:10:39,359 - root - INFO - | Epoch: 010/500 | Train Time: 0.126s | Train Loss: 0.162893 |
2020-08-17 03:10:39,487 - root - INFO - | Epoch: 011/500 | Train Time: 0.127s | Train Loss: 0.159557 |
2020-08-17 03:10:39,615 - root - INFO - | Epoch: 012/500 | Train Time: 0.128s | Train Loss: 0.156741 |
2020-08-17 03:10:39,743 - root - INFO - | Epoch: 013/500 | Train Time: 0.128s | Train Loss: 0.155243 |
2020-08-17 03:10:39,871 - root - INFO - | Epoch: 014/500 | Train Time: 0.128s | Train Loss: 0.149480 |
2020-08-17 03:10:40,000 - root - INFO - | Epoch: 015/500 | Train Time: 0.128s | Train Loss: 0.149298 |
2020-08-17 03:10:40,128 - root - INFO - | Epoch: 016/500 | Train Time: 0.128s | Train Loss: 0.152060 |
2020-08-17 03:10:40,256 - root - INFO - | Epoch: 017/500 | Train Time: 0.128s | Train Loss: 0.142996 |
2020-08-17 03:10:40,384 - root - INFO - | Epoch: 018/500 | Train Time: 0.128s | Train Loss: 0.141770 |
2020-08-17 03:10:40,512 - root - INFO - | Epoch: 019/500 | Train Time: 0.128s | Train Loss: 0.139064 |
2020-08-17 03:10:40,639 - root - INFO - | Epoch: 020/500 | Train Time: 0.127s | Train Loss: 0.139481 |
2020-08-17 03:10:40,768 - root - INFO - | Epoch: 021/500 | Train Time: 0.129s | Train Loss: 0.136369 |
2020-08-17 03:10:40,895 - root - INFO - | Epoch: 022/500 | Train Time: 0.127s | Train Loss: 0.134631 |
2020-08-17 03:10:41,024 - root - INFO - | Epoch: 023/500 | Train Time: 0.129s | Train Loss: 0.130987 |
2020-08-17 03:10:41,152 - root - INFO - | Epoch: 024/500 | Train Time: 0.128s | Train Loss: 0.128633 |
2020-08-17 03:10:41,281 - root - INFO - | Epoch: 025/500 | Train Time: 0.128s | Train Loss: 0.128796 |
2020-08-17 03:10:41,409 - root - INFO - | Epoch: 026/500 | Train Time: 0.128s | Train Loss: 0.126884 |
2020-08-17 03:10:41,536 - root - INFO - | Epoch: 027/500 | Train Time: 0.128s | Train Loss: 0.123219 |
2020-08-17 03:10:41,665 - root - INFO - | Epoch: 028/500 | Train Time: 0.128s | Train Loss: 0.122448 |
2020-08-17 03:10:41,793 - root - INFO - | Epoch: 029/500 | Train Time: 0.128s | Train Loss: 0.117226 |
2020-08-17 03:10:41,921 - root - INFO - | Epoch: 030/500 | Train Time: 0.127s | Train Loss: 0.118767 |
2020-08-17 03:10:42,050 - root - INFO - | Epoch: 031/500 | Train Time: 0.129s | Train Loss: 0.116451 |
2020-08-17 03:10:42,178 - root - INFO - | Epoch: 032/500 | Train Time: 0.128s | Train Loss: 0.118197 |
2020-08-17 03:10:42,305 - root - INFO - | Epoch: 033/500 | Train Time: 0.127s | Train Loss: 0.111077 |
2020-08-17 03:10:42,434 - root - INFO - | Epoch: 034/500 | Train Time: 0.129s | Train Loss: 0.115128 |
2020-08-17 03:10:42,561 - root - INFO - | Epoch: 035/500 | Train Time: 0.127s | Train Loss: 0.113789 |
2020-08-17 03:10:42,690 - root - INFO - | Epoch: 036/500 | Train Time: 0.129s | Train Loss: 0.112017 |
2020-08-17 03:10:42,817 - root - INFO - | Epoch: 037/500 | Train Time: 0.126s | Train Loss: 0.106122 |
2020-08-17 03:10:42,945 - root - INFO - | Epoch: 038/500 | Train Time: 0.128s | Train Loss: 0.106944 |
2020-08-17 03:10:43,073 - root - INFO - | Epoch: 039/500 | Train Time: 0.128s | Train Loss: 0.103323 |
2020-08-17 03:10:43,203 - root - INFO - | Epoch: 040/500 | Train Time: 0.129s | Train Loss: 0.104133 |
2020-08-17 03:10:43,329 - root - INFO - | Epoch: 041/500 | Train Time: 0.127s | Train Loss: 0.101080 |
2020-08-17 03:10:43,457 - root - INFO - | Epoch: 042/500 | Train Time: 0.128s | Train Loss: 0.101126 |
2020-08-17 03:10:43,585 - root - INFO - | Epoch: 043/500 | Train Time: 0.128s | Train Loss: 0.102948 |
2020-08-17 03:10:43,714 - root - INFO - | Epoch: 044/500 | Train Time: 0.128s | Train Loss: 0.097470 |
2020-08-17 03:10:43,842 - root - INFO - | Epoch: 045/500 | Train Time: 0.128s | Train Loss: 0.096986 |
2020-08-17 03:10:43,969 - root - INFO - | Epoch: 046/500 | Train Time: 0.127s | Train Loss: 0.092276 |
2020-08-17 03:10:44,097 - root - INFO - | Epoch: 047/500 | Train Time: 0.128s | Train Loss: 0.092025 |
2020-08-17 03:10:44,225 - root - INFO - | Epoch: 048/500 | Train Time: 0.128s | Train Loss: 0.089599 |
2020-08-17 03:10:44,353 - root - INFO - | Epoch: 049/500 | Train Time: 0.128s | Train Loss: 0.091096 |
2020-08-17 03:10:44,480 - root - INFO - | Epoch: 050/500 | Train Time: 0.127s | Train Loss: 0.088124 |
2020-08-17 03:10:44,480 - root - INFO -   LR scheduler: new learning rate is 1e-06
2020-08-17 03:10:44,608 - root - INFO - | Epoch: 051/500 | Train Time: 0.127s | Train Loss: 0.092037 |
2020-08-17 03:10:44,735 - root - INFO - | Epoch: 052/500 | Train Time: 0.128s | Train Loss: 0.088899 |
2020-08-17 03:10:44,864 - root - INFO - | Epoch: 053/500 | Train Time: 0.129s | Train Loss: 0.093399 |
2020-08-17 03:10:44,992 - root - INFO - | Epoch: 054/500 | Train Time: 0.128s | Train Loss: 0.093542 |
2020-08-17 03:10:45,121 - root - INFO - | Epoch: 055/500 | Train Time: 0.129s | Train Loss: 0.093200 |
2020-08-17 03:10:45,249 - root - INFO - | Epoch: 056/500 | Train Time: 0.128s | Train Loss: 0.091701 |
2020-08-17 03:10:45,377 - root - INFO - | Epoch: 057/500 | Train Time: 0.128s | Train Loss: 0.092035 |
2020-08-17 03:10:45,506 - root - INFO - | Epoch: 058/500 | Train Time: 0.129s | Train Loss: 0.096808 |
2020-08-17 03:10:45,634 - root - INFO - | Epoch: 059/500 | Train Time: 0.128s | Train Loss: 0.095181 |
2020-08-17 03:10:45,763 - root - INFO - | Epoch: 060/500 | Train Time: 0.128s | Train Loss: 0.088282 |
2020-08-17 03:10:45,890 - root - INFO - | Epoch: 061/500 | Train Time: 0.127s | Train Loss: 0.088985 |
2020-08-17 03:10:46,019 - root - INFO - | Epoch: 062/500 | Train Time: 0.128s | Train Loss: 0.091128 |
2020-08-17 03:10:46,147 - root - INFO - | Epoch: 063/500 | Train Time: 0.128s | Train Loss: 0.086531 |
2020-08-17 03:10:46,275 - root - INFO - | Epoch: 064/500 | Train Time: 0.128s | Train Loss: 0.093454 |
2020-08-17 03:10:46,404 - root - INFO - | Epoch: 065/500 | Train Time: 0.129s | Train Loss: 0.090894 |
2020-08-17 03:10:46,533 - root - INFO - | Epoch: 066/500 | Train Time: 0.128s | Train Loss: 0.089606 |
2020-08-17 03:10:46,661 - root - INFO - | Epoch: 067/500 | Train Time: 0.129s | Train Loss: 0.092960 |
2020-08-17 03:10:46,790 - root - INFO - | Epoch: 068/500 | Train Time: 0.129s | Train Loss: 0.088827 |
2020-08-17 03:10:46,917 - root - INFO - | Epoch: 069/500 | Train Time: 0.127s | Train Loss: 0.089445 |
2020-08-17 03:10:47,045 - root - INFO - | Epoch: 070/500 | Train Time: 0.128s | Train Loss: 0.090609 |
2020-08-17 03:10:47,174 - root - INFO - | Epoch: 071/500 | Train Time: 0.129s | Train Loss: 0.090147 |
2020-08-17 03:10:47,302 - root - INFO - | Epoch: 072/500 | Train Time: 0.128s | Train Loss: 0.085631 |
2020-08-17 03:10:47,431 - root - INFO - | Epoch: 073/500 | Train Time: 0.129s | Train Loss: 0.091678 |
2020-08-17 03:10:47,560 - root - INFO - | Epoch: 074/500 | Train Time: 0.128s | Train Loss: 0.087143 |
2020-08-17 03:10:47,687 - root - INFO - | Epoch: 075/500 | Train Time: 0.128s | Train Loss: 0.087199 |
2020-08-17 03:10:47,816 - root - INFO - | Epoch: 076/500 | Train Time: 0.129s | Train Loss: 0.089742 |
2020-08-17 03:10:47,936 - root - INFO - | Epoch: 077/500 | Train Time: 0.119s | Train Loss: 0.087818 |
2020-08-17 03:10:48,063 - root - INFO - | Epoch: 078/500 | Train Time: 0.127s | Train Loss: 0.089097 |
2020-08-17 03:10:48,191 - root - INFO - | Epoch: 079/500 | Train Time: 0.128s | Train Loss: 0.086740 |
2020-08-17 03:10:48,319 - root - INFO - | Epoch: 080/500 | Train Time: 0.128s | Train Loss: 0.089072 |
2020-08-17 03:10:48,448 - root - INFO - | Epoch: 081/500 | Train Time: 0.128s | Train Loss: 0.090952 |
2020-08-17 03:10:48,576 - root - INFO - | Epoch: 082/500 | Train Time: 0.128s | Train Loss: 0.087422 |
2020-08-17 03:10:48,705 - root - INFO - | Epoch: 083/500 | Train Time: 0.128s | Train Loss: 0.096647 |
2020-08-17 03:10:48,834 - root - INFO - | Epoch: 084/500 | Train Time: 0.129s | Train Loss: 0.089038 |
2020-08-17 03:10:48,961 - root - INFO - | Epoch: 085/500 | Train Time: 0.127s | Train Loss: 0.086786 |
2020-08-17 03:10:49,090 - root - INFO - | Epoch: 086/500 | Train Time: 0.128s | Train Loss: 0.087375 |
2020-08-17 03:10:49,217 - root - INFO - | Epoch: 087/500 | Train Time: 0.128s | Train Loss: 0.088182 |
2020-08-17 03:10:49,346 - root - INFO - | Epoch: 088/500 | Train Time: 0.129s | Train Loss: 0.089511 |
2020-08-17 03:10:49,474 - root - INFO - | Epoch: 089/500 | Train Time: 0.127s | Train Loss: 0.085757 |
2020-08-17 03:10:49,602 - root - INFO - | Epoch: 090/500 | Train Time: 0.128s | Train Loss: 0.088782 |
2020-08-17 03:10:49,731 - root - INFO - | Epoch: 091/500 | Train Time: 0.129s | Train Loss: 0.089224 |
2020-08-17 03:10:49,858 - root - INFO - | Epoch: 092/500 | Train Time: 0.127s | Train Loss: 0.090656 |
2020-08-17 03:10:49,986 - root - INFO - | Epoch: 093/500 | Train Time: 0.128s | Train Loss: 0.087755 |
2020-08-17 03:10:50,114 - root - INFO - | Epoch: 094/500 | Train Time: 0.128s | Train Loss: 0.085713 |
2020-08-17 03:10:50,243 - root - INFO - | Epoch: 095/500 | Train Time: 0.129s | Train Loss: 0.094352 |
2020-08-17 03:10:50,371 - root - INFO - | Epoch: 096/500 | Train Time: 0.128s | Train Loss: 0.088817 |
2020-08-17 03:10:50,500 - root - INFO - | Epoch: 097/500 | Train Time: 0.129s | Train Loss: 0.085341 |
2020-08-17 03:10:50,628 - root - INFO - | Epoch: 098/500 | Train Time: 0.128s | Train Loss: 0.090278 |
2020-08-17 03:10:50,756 - root - INFO - | Epoch: 099/500 | Train Time: 0.128s | Train Loss: 0.086213 |
2020-08-17 03:10:50,884 - root - INFO - | Epoch: 100/500 | Train Time: 0.128s | Train Loss: 0.088541 |
2020-08-17 03:10:51,012 - root - INFO - | Epoch: 101/500 | Train Time: 0.128s | Train Loss: 0.088745 |
2020-08-17 03:10:51,140 - root - INFO - | Epoch: 102/500 | Train Time: 0.128s | Train Loss: 0.085191 |
2020-08-17 03:10:51,268 - root - INFO - | Epoch: 103/500 | Train Time: 0.128s | Train Loss: 0.087794 |
2020-08-17 03:10:51,396 - root - INFO - | Epoch: 104/500 | Train Time: 0.128s | Train Loss: 0.088475 |
2020-08-17 03:10:51,524 - root - INFO - | Epoch: 105/500 | Train Time: 0.128s | Train Loss: 0.084545 |
2020-08-17 03:10:51,654 - root - INFO - | Epoch: 106/500 | Train Time: 0.129s | Train Loss: 0.082595 |
2020-08-17 03:10:51,782 - root - INFO - | Epoch: 107/500 | Train Time: 0.128s | Train Loss: 0.086507 |
2020-08-17 03:10:51,909 - root - INFO - | Epoch: 108/500 | Train Time: 0.127s | Train Loss: 0.084410 |
2020-08-17 03:10:52,037 - root - INFO - | Epoch: 109/500 | Train Time: 0.128s | Train Loss: 0.087187 |
2020-08-17 03:10:52,165 - root - INFO - | Epoch: 110/500 | Train Time: 0.128s | Train Loss: 0.086235 |
2020-08-17 03:10:52,294 - root - INFO - | Epoch: 111/500 | Train Time: 0.128s | Train Loss: 0.085279 |
2020-08-17 03:10:52,422 - root - INFO - | Epoch: 112/500 | Train Time: 0.128s | Train Loss: 0.087605 |
2020-08-17 03:10:52,550 - root - INFO - | Epoch: 113/500 | Train Time: 0.128s | Train Loss: 0.086574 |
2020-08-17 03:10:52,679 - root - INFO - | Epoch: 114/500 | Train Time: 0.128s | Train Loss: 0.086540 |
2020-08-17 03:10:52,807 - root - INFO - | Epoch: 115/500 | Train Time: 0.128s | Train Loss: 0.083176 |
2020-08-17 03:10:52,934 - root - INFO - | Epoch: 116/500 | Train Time: 0.127s | Train Loss: 0.085732 |
2020-08-17 03:10:53,062 - root - INFO - | Epoch: 117/500 | Train Time: 0.128s | Train Loss: 0.085232 |
2020-08-17 03:10:53,190 - root - INFO - | Epoch: 118/500 | Train Time: 0.128s | Train Loss: 0.084569 |
2020-08-17 03:10:53,318 - root - INFO - | Epoch: 119/500 | Train Time: 0.128s | Train Loss: 0.084941 |
2020-08-17 03:10:53,448 - root - INFO - | Epoch: 120/500 | Train Time: 0.129s | Train Loss: 0.083451 |
2020-08-17 03:10:53,579 - root - INFO - | Epoch: 121/500 | Train Time: 0.131s | Train Loss: 0.084599 |
2020-08-17 03:10:53,709 - root - INFO - | Epoch: 122/500 | Train Time: 0.130s | Train Loss: 0.086563 |
2020-08-17 03:10:53,840 - root - INFO - | Epoch: 123/500 | Train Time: 0.131s | Train Loss: 0.084318 |
2020-08-17 03:10:53,969 - root - INFO - | Epoch: 124/500 | Train Time: 0.129s | Train Loss: 0.083408 |
2020-08-17 03:10:54,100 - root - INFO - | Epoch: 125/500 | Train Time: 0.131s | Train Loss: 0.089733 |
2020-08-17 03:10:54,231 - root - INFO - | Epoch: 126/500 | Train Time: 0.130s | Train Loss: 0.081391 |
2020-08-17 03:10:54,361 - root - INFO - | Epoch: 127/500 | Train Time: 0.130s | Train Loss: 0.083889 |
2020-08-17 03:10:54,492 - root - INFO - | Epoch: 128/500 | Train Time: 0.131s | Train Loss: 0.086032 |
2020-08-17 03:10:54,623 - root - INFO - | Epoch: 129/500 | Train Time: 0.131s | Train Loss: 0.085766 |
2020-08-17 03:10:54,753 - root - INFO - | Epoch: 130/500 | Train Time: 0.130s | Train Loss: 0.086221 |
2020-08-17 03:10:54,883 - root - INFO - | Epoch: 131/500 | Train Time: 0.130s | Train Loss: 0.082463 |
2020-08-17 03:10:55,014 - root - INFO - | Epoch: 132/500 | Train Time: 0.131s | Train Loss: 0.084217 |
2020-08-17 03:10:55,145 - root - INFO - | Epoch: 133/500 | Train Time: 0.131s | Train Loss: 0.086663 |
2020-08-17 03:10:55,276 - root - INFO - | Epoch: 134/500 | Train Time: 0.131s | Train Loss: 0.082063 |
2020-08-17 03:10:55,407 - root - INFO - | Epoch: 135/500 | Train Time: 0.131s | Train Loss: 0.083745 |
2020-08-17 03:10:55,537 - root - INFO - | Epoch: 136/500 | Train Time: 0.129s | Train Loss: 0.084743 |
2020-08-17 03:10:55,667 - root - INFO - | Epoch: 137/500 | Train Time: 0.130s | Train Loss: 0.085943 |
2020-08-17 03:10:55,797 - root - INFO - | Epoch: 138/500 | Train Time: 0.130s | Train Loss: 0.086122 |
2020-08-17 03:10:55,928 - root - INFO - | Epoch: 139/500 | Train Time: 0.130s | Train Loss: 0.081000 |
2020-08-17 03:10:56,059 - root - INFO - | Epoch: 140/500 | Train Time: 0.131s | Train Loss: 0.082025 |
2020-08-17 03:10:56,189 - root - INFO - | Epoch: 141/500 | Train Time: 0.131s | Train Loss: 0.080476 |
2020-08-17 03:10:56,320 - root - INFO - | Epoch: 142/500 | Train Time: 0.130s | Train Loss: 0.084339 |
2020-08-17 03:10:56,451 - root - INFO - | Epoch: 143/500 | Train Time: 0.131s | Train Loss: 0.082454 |
2020-08-17 03:10:56,582 - root - INFO - | Epoch: 144/500 | Train Time: 0.131s | Train Loss: 0.087922 |
2020-08-17 03:10:56,712 - root - INFO - | Epoch: 145/500 | Train Time: 0.130s | Train Loss: 0.080869 |
2020-08-17 03:10:56,843 - root - INFO - | Epoch: 146/500 | Train Time: 0.131s | Train Loss: 0.084381 |
2020-08-17 03:10:56,973 - root - INFO - | Epoch: 147/500 | Train Time: 0.130s | Train Loss: 0.084350 |
2020-08-17 03:10:57,103 - root - INFO - | Epoch: 148/500 | Train Time: 0.130s | Train Loss: 0.081194 |
2020-08-17 03:10:57,233 - root - INFO - | Epoch: 149/500 | Train Time: 0.130s | Train Loss: 0.079834 |
2020-08-17 03:10:57,363 - root - INFO - | Epoch: 150/500 | Train Time: 0.130s | Train Loss: 0.086233 |
2020-08-17 03:10:57,493 - root - INFO - | Epoch: 151/500 | Train Time: 0.130s | Train Loss: 0.081166 |
2020-08-17 03:10:57,625 - root - INFO - | Epoch: 152/500 | Train Time: 0.131s | Train Loss: 0.082846 |
2020-08-17 03:10:57,755 - root - INFO - | Epoch: 153/500 | Train Time: 0.130s | Train Loss: 0.081961 |
2020-08-17 03:10:57,886 - root - INFO - | Epoch: 154/500 | Train Time: 0.130s | Train Loss: 0.084550 |
2020-08-17 03:10:58,017 - root - INFO - | Epoch: 155/500 | Train Time: 0.131s | Train Loss: 0.079591 |
2020-08-17 03:10:58,147 - root - INFO - | Epoch: 156/500 | Train Time: 0.130s | Train Loss: 0.079732 |
2020-08-17 03:10:58,277 - root - INFO - | Epoch: 157/500 | Train Time: 0.130s | Train Loss: 0.084292 |
2020-08-17 03:10:58,412 - root - INFO - | Epoch: 158/500 | Train Time: 0.135s | Train Loss: 0.078246 |
2020-08-17 03:10:58,543 - root - INFO - | Epoch: 159/500 | Train Time: 0.130s | Train Loss: 0.079128 |
2020-08-17 03:10:58,674 - root - INFO - | Epoch: 160/500 | Train Time: 0.131s | Train Loss: 0.077883 |
2020-08-17 03:10:58,805 - root - INFO - | Epoch: 161/500 | Train Time: 0.131s | Train Loss: 0.078653 |
2020-08-17 03:10:58,935 - root - INFO - | Epoch: 162/500 | Train Time: 0.131s | Train Loss: 0.083552 |
2020-08-17 03:10:59,067 - root - INFO - | Epoch: 163/500 | Train Time: 0.131s | Train Loss: 0.082099 |
2020-08-17 03:10:59,197 - root - INFO - | Epoch: 164/500 | Train Time: 0.130s | Train Loss: 0.083210 |
2020-08-17 03:10:59,328 - root - INFO - | Epoch: 165/500 | Train Time: 0.130s | Train Loss: 0.080408 |
2020-08-17 03:10:59,458 - root - INFO - | Epoch: 166/500 | Train Time: 0.130s | Train Loss: 0.080685 |
2020-08-17 03:10:59,589 - root - INFO - | Epoch: 167/500 | Train Time: 0.131s | Train Loss: 0.079160 |
2020-08-17 03:10:59,720 - root - INFO - | Epoch: 168/500 | Train Time: 0.130s | Train Loss: 0.082541 |
2020-08-17 03:10:59,851 - root - INFO - | Epoch: 169/500 | Train Time: 0.131s | Train Loss: 0.079906 |
2020-08-17 03:10:59,981 - root - INFO - | Epoch: 170/500 | Train Time: 0.130s | Train Loss: 0.084049 |
2020-08-17 03:11:00,112 - root - INFO - | Epoch: 171/500 | Train Time: 0.131s | Train Loss: 0.087201 |
2020-08-17 03:11:00,242 - root - INFO - | Epoch: 172/500 | Train Time: 0.130s | Train Loss: 0.085048 |
2020-08-17 03:11:00,372 - root - INFO - | Epoch: 173/500 | Train Time: 0.130s | Train Loss: 0.079913 |
2020-08-17 03:11:00,503 - root - INFO - | Epoch: 174/500 | Train Time: 0.130s | Train Loss: 0.079225 |
2020-08-17 03:11:00,633 - root - INFO - | Epoch: 175/500 | Train Time: 0.130s | Train Loss: 0.079100 |
2020-08-17 03:11:00,765 - root - INFO - | Epoch: 176/500 | Train Time: 0.131s | Train Loss: 0.078370 |
2020-08-17 03:11:00,895 - root - INFO - | Epoch: 177/500 | Train Time: 0.130s | Train Loss: 0.079190 |
2020-08-17 03:11:01,025 - root - INFO - | Epoch: 178/500 | Train Time: 0.130s | Train Loss: 0.079387 |
2020-08-17 03:11:01,156 - root - INFO - | Epoch: 179/500 | Train Time: 0.131s | Train Loss: 0.081656 |
2020-08-17 03:11:01,287 - root - INFO - | Epoch: 180/500 | Train Time: 0.130s | Train Loss: 0.081998 |
2020-08-17 03:11:01,419 - root - INFO - | Epoch: 181/500 | Train Time: 0.133s | Train Loss: 0.082342 |
2020-08-17 03:11:01,551 - root - INFO - | Epoch: 182/500 | Train Time: 0.131s | Train Loss: 0.076105 |
2020-08-17 03:11:01,681 - root - INFO - | Epoch: 183/500 | Train Time: 0.130s | Train Loss: 0.076316 |
2020-08-17 03:11:01,813 - root - INFO - | Epoch: 184/500 | Train Time: 0.132s | Train Loss: 0.077078 |
2020-08-17 03:11:01,943 - root - INFO - | Epoch: 185/500 | Train Time: 0.130s | Train Loss: 0.077809 |
2020-08-17 03:11:02,074 - root - INFO - | Epoch: 186/500 | Train Time: 0.131s | Train Loss: 0.078302 |
2020-08-17 03:11:02,205 - root - INFO - | Epoch: 187/500 | Train Time: 0.131s | Train Loss: 0.077139 |
2020-08-17 03:11:02,337 - root - INFO - | Epoch: 188/500 | Train Time: 0.132s | Train Loss: 0.078732 |
2020-08-17 03:11:02,467 - root - INFO - | Epoch: 189/500 | Train Time: 0.130s | Train Loss: 0.081712 |
2020-08-17 03:11:02,598 - root - INFO - | Epoch: 190/500 | Train Time: 0.131s | Train Loss: 0.080260 |
2020-08-17 03:11:02,729 - root - INFO - | Epoch: 191/500 | Train Time: 0.131s | Train Loss: 0.080087 |
2020-08-17 03:11:02,860 - root - INFO - | Epoch: 192/500 | Train Time: 0.131s | Train Loss: 0.080663 |
2020-08-17 03:11:02,990 - root - INFO - | Epoch: 193/500 | Train Time: 0.131s | Train Loss: 0.076177 |
2020-08-17 03:11:03,121 - root - INFO - | Epoch: 194/500 | Train Time: 0.131s | Train Loss: 0.081872 |
2020-08-17 03:11:03,251 - root - INFO - | Epoch: 195/500 | Train Time: 0.130s | Train Loss: 0.080384 |
2020-08-17 03:11:03,382 - root - INFO - | Epoch: 196/500 | Train Time: 0.130s | Train Loss: 0.080357 |
2020-08-17 03:11:03,515 - root - INFO - | Epoch: 197/500 | Train Time: 0.132s | Train Loss: 0.078774 |
2020-08-17 03:11:03,647 - root - INFO - | Epoch: 198/500 | Train Time: 0.132s | Train Loss: 0.078376 |
2020-08-17 03:11:03,779 - root - INFO - | Epoch: 199/500 | Train Time: 0.131s | Train Loss: 0.080480 |
2020-08-17 03:11:03,911 - root - INFO - | Epoch: 200/500 | Train Time: 0.132s | Train Loss: 0.076822 |
2020-08-17 03:11:04,043 - root - INFO - | Epoch: 201/500 | Train Time: 0.132s | Train Loss: 0.078068 |
2020-08-17 03:11:04,176 - root - INFO - | Epoch: 202/500 | Train Time: 0.133s | Train Loss: 0.078613 |
2020-08-17 03:11:04,308 - root - INFO - | Epoch: 203/500 | Train Time: 0.132s | Train Loss: 0.075510 |
2020-08-17 03:11:04,438 - root - INFO - | Epoch: 204/500 | Train Time: 0.130s | Train Loss: 0.081140 |
2020-08-17 03:11:04,573 - root - INFO - | Epoch: 205/500 | Train Time: 0.135s | Train Loss: 0.077089 |
2020-08-17 03:11:04,702 - root - INFO - | Epoch: 206/500 | Train Time: 0.129s | Train Loss: 0.085431 |
2020-08-17 03:11:04,832 - root - INFO - | Epoch: 207/500 | Train Time: 0.130s | Train Loss: 0.076390 |
2020-08-17 03:11:04,967 - root - INFO - | Epoch: 208/500 | Train Time: 0.134s | Train Loss: 0.073905 |
2020-08-17 03:11:05,098 - root - INFO - | Epoch: 209/500 | Train Time: 0.131s | Train Loss: 0.077349 |
2020-08-17 03:11:05,229 - root - INFO - | Epoch: 210/500 | Train Time: 0.131s | Train Loss: 0.077815 |
2020-08-17 03:11:05,361 - root - INFO - | Epoch: 211/500 | Train Time: 0.132s | Train Loss: 0.076330 |
2020-08-17 03:11:05,493 - root - INFO - | Epoch: 212/500 | Train Time: 0.132s | Train Loss: 0.076340 |
2020-08-17 03:11:05,626 - root - INFO - | Epoch: 213/500 | Train Time: 0.132s | Train Loss: 0.076384 |
2020-08-17 03:11:05,757 - root - INFO - | Epoch: 214/500 | Train Time: 0.132s | Train Loss: 0.076194 |
2020-08-17 03:11:05,888 - root - INFO - | Epoch: 215/500 | Train Time: 0.131s | Train Loss: 0.076614 |
2020-08-17 03:11:06,023 - root - INFO - | Epoch: 216/500 | Train Time: 0.135s | Train Loss: 0.076745 |
2020-08-17 03:11:06,151 - root - INFO - | Epoch: 217/500 | Train Time: 0.128s | Train Loss: 0.075488 |
2020-08-17 03:11:06,288 - root - INFO - | Epoch: 218/500 | Train Time: 0.137s | Train Loss: 0.078109 |
2020-08-17 03:11:06,425 - root - INFO - | Epoch: 219/500 | Train Time: 0.137s | Train Loss: 0.079085 |
2020-08-17 03:11:06,555 - root - INFO - | Epoch: 220/500 | Train Time: 0.130s | Train Loss: 0.074969 |
2020-08-17 03:11:06,685 - root - INFO - | Epoch: 221/500 | Train Time: 0.130s | Train Loss: 0.073544 |
2020-08-17 03:11:06,815 - root - INFO - | Epoch: 222/500 | Train Time: 0.130s | Train Loss: 0.074788 |
2020-08-17 03:11:06,951 - root - INFO - | Epoch: 223/500 | Train Time: 0.136s | Train Loss: 0.074200 |
2020-08-17 03:11:07,080 - root - INFO - | Epoch: 224/500 | Train Time: 0.128s | Train Loss: 0.075170 |
2020-08-17 03:11:07,207 - root - INFO - | Epoch: 225/500 | Train Time: 0.128s | Train Loss: 0.079120 |
2020-08-17 03:11:07,336 - root - INFO - | Epoch: 226/500 | Train Time: 0.128s | Train Loss: 0.079517 |
2020-08-17 03:11:07,468 - root - INFO - | Epoch: 227/500 | Train Time: 0.132s | Train Loss: 0.075195 |
2020-08-17 03:11:07,596 - root - INFO - | Epoch: 228/500 | Train Time: 0.128s | Train Loss: 0.078678 |
2020-08-17 03:11:07,724 - root - INFO - | Epoch: 229/500 | Train Time: 0.128s | Train Loss: 0.078507 |
2020-08-17 03:11:07,855 - root - INFO - | Epoch: 230/500 | Train Time: 0.131s | Train Loss: 0.074962 |
2020-08-17 03:11:07,984 - root - INFO - | Epoch: 231/500 | Train Time: 0.129s | Train Loss: 0.074384 |
2020-08-17 03:11:08,109 - root - INFO - | Epoch: 232/500 | Train Time: 0.125s | Train Loss: 0.074025 |
2020-08-17 03:11:08,234 - root - INFO - | Epoch: 233/500 | Train Time: 0.125s | Train Loss: 0.072553 |
2020-08-17 03:11:08,364 - root - INFO - | Epoch: 234/500 | Train Time: 0.129s | Train Loss: 0.075373 |
2020-08-17 03:11:08,490 - root - INFO - | Epoch: 235/500 | Train Time: 0.126s | Train Loss: 0.079314 |
2020-08-17 03:11:08,615 - root - INFO - | Epoch: 236/500 | Train Time: 0.124s | Train Loss: 0.074816 |
2020-08-17 03:11:08,740 - root - INFO - | Epoch: 237/500 | Train Time: 0.125s | Train Loss: 0.075903 |
2020-08-17 03:11:08,865 - root - INFO - | Epoch: 238/500 | Train Time: 0.125s | Train Loss: 0.073539 |
2020-08-17 03:11:08,991 - root - INFO - | Epoch: 239/500 | Train Time: 0.125s | Train Loss: 0.076675 |
2020-08-17 03:11:09,115 - root - INFO - | Epoch: 240/500 | Train Time: 0.123s | Train Loss: 0.077263 |
2020-08-17 03:11:09,243 - root - INFO - | Epoch: 241/500 | Train Time: 0.128s | Train Loss: 0.075458 |
2020-08-17 03:11:09,372 - root - INFO - | Epoch: 242/500 | Train Time: 0.129s | Train Loss: 0.075047 |
2020-08-17 03:11:09,500 - root - INFO - | Epoch: 243/500 | Train Time: 0.129s | Train Loss: 0.073362 |
2020-08-17 03:11:09,629 - root - INFO - | Epoch: 244/500 | Train Time: 0.129s | Train Loss: 0.075740 |
2020-08-17 03:11:09,758 - root - INFO - | Epoch: 245/500 | Train Time: 0.128s | Train Loss: 0.075590 |
2020-08-17 03:11:09,886 - root - INFO - | Epoch: 246/500 | Train Time: 0.128s | Train Loss: 0.074390 |
2020-08-17 03:11:10,014 - root - INFO - | Epoch: 247/500 | Train Time: 0.128s | Train Loss: 0.076686 |
2020-08-17 03:11:10,142 - root - INFO - | Epoch: 248/500 | Train Time: 0.128s | Train Loss: 0.074197 |
2020-08-17 03:11:10,270 - root - INFO - | Epoch: 249/500 | Train Time: 0.128s | Train Loss: 0.075662 |
2020-08-17 03:11:10,398 - root - INFO - | Epoch: 250/500 | Train Time: 0.128s | Train Loss: 0.074404 |
2020-08-17 03:11:10,527 - root - INFO - | Epoch: 251/500 | Train Time: 0.128s | Train Loss: 0.072598 |
2020-08-17 03:11:10,653 - root - INFO - | Epoch: 252/500 | Train Time: 0.126s | Train Loss: 0.073937 |
2020-08-17 03:11:10,781 - root - INFO - | Epoch: 253/500 | Train Time: 0.128s | Train Loss: 0.076063 |
2020-08-17 03:11:10,909 - root - INFO - | Epoch: 254/500 | Train Time: 0.128s | Train Loss: 0.072582 |
2020-08-17 03:11:11,038 - root - INFO - | Epoch: 255/500 | Train Time: 0.128s | Train Loss: 0.076372 |
2020-08-17 03:11:11,166 - root - INFO - | Epoch: 256/500 | Train Time: 0.128s | Train Loss: 0.072179 |
2020-08-17 03:11:11,294 - root - INFO - | Epoch: 257/500 | Train Time: 0.128s | Train Loss: 0.072140 |
2020-08-17 03:11:11,423 - root - INFO - | Epoch: 258/500 | Train Time: 0.129s | Train Loss: 0.075029 |
2020-08-17 03:11:11,551 - root - INFO - | Epoch: 259/500 | Train Time: 0.128s | Train Loss: 0.072522 |
2020-08-17 03:11:11,678 - root - INFO - | Epoch: 260/500 | Train Time: 0.127s | Train Loss: 0.072929 |
2020-08-17 03:11:11,806 - root - INFO - | Epoch: 261/500 | Train Time: 0.127s | Train Loss: 0.076159 |
2020-08-17 03:11:11,933 - root - INFO - | Epoch: 262/500 | Train Time: 0.127s | Train Loss: 0.073417 |
2020-08-17 03:11:12,062 - root - INFO - | Epoch: 263/500 | Train Time: 0.129s | Train Loss: 0.073388 |
2020-08-17 03:11:12,189 - root - INFO - | Epoch: 264/500 | Train Time: 0.127s | Train Loss: 0.073188 |
2020-08-17 03:11:12,317 - root - INFO - | Epoch: 265/500 | Train Time: 0.128s | Train Loss: 0.078259 |
2020-08-17 03:11:12,446 - root - INFO - | Epoch: 266/500 | Train Time: 0.129s | Train Loss: 0.073327 |
2020-08-17 03:11:12,574 - root - INFO - | Epoch: 267/500 | Train Time: 0.128s | Train Loss: 0.072707 |
2020-08-17 03:11:12,703 - root - INFO - | Epoch: 268/500 | Train Time: 0.128s | Train Loss: 0.075793 |
2020-08-17 03:11:12,831 - root - INFO - | Epoch: 269/500 | Train Time: 0.128s | Train Loss: 0.075091 |
2020-08-17 03:11:12,959 - root - INFO - | Epoch: 270/500 | Train Time: 0.128s | Train Loss: 0.070726 |
2020-08-17 03:11:13,087 - root - INFO - | Epoch: 271/500 | Train Time: 0.128s | Train Loss: 0.077562 |
2020-08-17 03:11:13,216 - root - INFO - | Epoch: 272/500 | Train Time: 0.128s | Train Loss: 0.072523 |
2020-08-17 03:11:13,343 - root - INFO - | Epoch: 273/500 | Train Time: 0.127s | Train Loss: 0.070514 |
2020-08-17 03:11:13,471 - root - INFO - | Epoch: 274/500 | Train Time: 0.128s | Train Loss: 0.069947 |
2020-08-17 03:11:13,599 - root - INFO - | Epoch: 275/500 | Train Time: 0.128s | Train Loss: 0.068011 |
2020-08-17 03:11:13,724 - root - INFO - | Epoch: 276/500 | Train Time: 0.125s | Train Loss: 0.070332 |
2020-08-17 03:11:13,852 - root - INFO - | Epoch: 277/500 | Train Time: 0.128s | Train Loss: 0.070845 |
2020-08-17 03:11:13,979 - root - INFO - | Epoch: 278/500 | Train Time: 0.127s | Train Loss: 0.071747 |
2020-08-17 03:11:14,106 - root - INFO - | Epoch: 279/500 | Train Time: 0.127s | Train Loss: 0.071871 |
2020-08-17 03:11:14,234 - root - INFO - | Epoch: 280/500 | Train Time: 0.128s | Train Loss: 0.071887 |
2020-08-17 03:11:14,363 - root - INFO - | Epoch: 281/500 | Train Time: 0.128s | Train Loss: 0.074703 |
2020-08-17 03:11:14,491 - root - INFO - | Epoch: 282/500 | Train Time: 0.128s | Train Loss: 0.070732 |
2020-08-17 03:11:14,620 - root - INFO - | Epoch: 283/500 | Train Time: 0.128s | Train Loss: 0.070616 |
2020-08-17 03:11:14,749 - root - INFO - | Epoch: 284/500 | Train Time: 0.129s | Train Loss: 0.074130 |
2020-08-17 03:11:14,877 - root - INFO - | Epoch: 285/500 | Train Time: 0.128s | Train Loss: 0.072029 |
2020-08-17 03:11:15,006 - root - INFO - | Epoch: 286/500 | Train Time: 0.129s | Train Loss: 0.072050 |
2020-08-17 03:11:15,135 - root - INFO - | Epoch: 287/500 | Train Time: 0.129s | Train Loss: 0.072255 |
2020-08-17 03:11:15,263 - root - INFO - | Epoch: 288/500 | Train Time: 0.128s | Train Loss: 0.070487 |
2020-08-17 03:11:15,391 - root - INFO - | Epoch: 289/500 | Train Time: 0.128s | Train Loss: 0.072603 |
2020-08-17 03:11:15,519 - root - INFO - | Epoch: 290/500 | Train Time: 0.128s | Train Loss: 0.071109 |
2020-08-17 03:11:15,647 - root - INFO - | Epoch: 291/500 | Train Time: 0.128s | Train Loss: 0.073184 |
2020-08-17 03:11:15,775 - root - INFO - | Epoch: 292/500 | Train Time: 0.128s | Train Loss: 0.074528 |
2020-08-17 03:11:15,902 - root - INFO - | Epoch: 293/500 | Train Time: 0.127s | Train Loss: 0.070709 |
2020-08-17 03:11:16,031 - root - INFO - | Epoch: 294/500 | Train Time: 0.129s | Train Loss: 0.070168 |
2020-08-17 03:11:16,159 - root - INFO - | Epoch: 295/500 | Train Time: 0.128s | Train Loss: 0.072518 |
2020-08-17 03:11:16,287 - root - INFO - | Epoch: 296/500 | Train Time: 0.128s | Train Loss: 0.068686 |
2020-08-17 03:11:16,416 - root - INFO - | Epoch: 297/500 | Train Time: 0.129s | Train Loss: 0.069418 |
2020-08-17 03:11:16,544 - root - INFO - | Epoch: 298/500 | Train Time: 0.128s | Train Loss: 0.080815 |
2020-08-17 03:11:16,674 - root - INFO - | Epoch: 299/500 | Train Time: 0.129s | Train Loss: 0.073660 |
2020-08-17 03:11:16,802 - root - INFO - | Epoch: 300/500 | Train Time: 0.128s | Train Loss: 0.072166 |
2020-08-17 03:11:16,930 - root - INFO - | Epoch: 301/500 | Train Time: 0.128s | Train Loss: 0.070304 |
2020-08-17 03:11:17,058 - root - INFO - | Epoch: 302/500 | Train Time: 0.128s | Train Loss: 0.070279 |
2020-08-17 03:11:17,186 - root - INFO - | Epoch: 303/500 | Train Time: 0.128s | Train Loss: 0.073361 |
2020-08-17 03:11:17,315 - root - INFO - | Epoch: 304/500 | Train Time: 0.128s | Train Loss: 0.067076 |
2020-08-17 03:11:17,442 - root - INFO - | Epoch: 305/500 | Train Time: 0.128s | Train Loss: 0.075873 |
2020-08-17 03:11:17,571 - root - INFO - | Epoch: 306/500 | Train Time: 0.128s | Train Loss: 0.067897 |
2020-08-17 03:11:17,699 - root - INFO - | Epoch: 307/500 | Train Time: 0.128s | Train Loss: 0.071507 |
2020-08-17 03:11:17,827 - root - INFO - | Epoch: 308/500 | Train Time: 0.128s | Train Loss: 0.069423 |
2020-08-17 03:11:17,955 - root - INFO - | Epoch: 309/500 | Train Time: 0.128s | Train Loss: 0.068134 |
2020-08-17 03:11:18,083 - root - INFO - | Epoch: 310/500 | Train Time: 0.128s | Train Loss: 0.068709 |
2020-08-17 03:11:18,209 - root - INFO - | Epoch: 311/500 | Train Time: 0.126s | Train Loss: 0.070763 |
2020-08-17 03:11:18,335 - root - INFO - | Epoch: 312/500 | Train Time: 0.125s | Train Loss: 0.071018 |
2020-08-17 03:11:18,463 - root - INFO - | Epoch: 313/500 | Train Time: 0.128s | Train Loss: 0.073553 |
2020-08-17 03:11:18,592 - root - INFO - | Epoch: 314/500 | Train Time: 0.128s | Train Loss: 0.073182 |
2020-08-17 03:11:18,720 - root - INFO - | Epoch: 315/500 | Train Time: 0.128s | Train Loss: 0.068795 |
2020-08-17 03:11:18,848 - root - INFO - | Epoch: 316/500 | Train Time: 0.128s | Train Loss: 0.069683 |
2020-08-17 03:11:18,976 - root - INFO - | Epoch: 317/500 | Train Time: 0.128s | Train Loss: 0.072662 |
2020-08-17 03:11:19,105 - root - INFO - | Epoch: 318/500 | Train Time: 0.128s | Train Loss: 0.070445 |
2020-08-17 03:11:19,232 - root - INFO - | Epoch: 319/500 | Train Time: 0.127s | Train Loss: 0.067367 |
2020-08-17 03:11:19,360 - root - INFO - | Epoch: 320/500 | Train Time: 0.127s | Train Loss: 0.071438 |
2020-08-17 03:11:19,487 - root - INFO - | Epoch: 321/500 | Train Time: 0.127s | Train Loss: 0.071481 |
2020-08-17 03:11:19,616 - root - INFO - | Epoch: 322/500 | Train Time: 0.129s | Train Loss: 0.079268 |
2020-08-17 03:11:19,744 - root - INFO - | Epoch: 323/500 | Train Time: 0.128s | Train Loss: 0.067661 |
2020-08-17 03:11:19,870 - root - INFO - | Epoch: 324/500 | Train Time: 0.126s | Train Loss: 0.069532 |
2020-08-17 03:11:20,000 - root - INFO - | Epoch: 325/500 | Train Time: 0.130s | Train Loss: 0.071205 |
2020-08-17 03:11:20,130 - root - INFO - | Epoch: 326/500 | Train Time: 0.130s | Train Loss: 0.067881 |
2020-08-17 03:11:20,260 - root - INFO - | Epoch: 327/500 | Train Time: 0.130s | Train Loss: 0.069119 |
2020-08-17 03:11:20,391 - root - INFO - | Epoch: 328/500 | Train Time: 0.130s | Train Loss: 0.073726 |
2020-08-17 03:11:20,521 - root - INFO - | Epoch: 329/500 | Train Time: 0.130s | Train Loss: 0.068191 |
2020-08-17 03:11:20,652 - root - INFO - | Epoch: 330/500 | Train Time: 0.131s | Train Loss: 0.067361 |
2020-08-17 03:11:20,781 - root - INFO - | Epoch: 331/500 | Train Time: 0.129s | Train Loss: 0.070716 |
2020-08-17 03:11:20,911 - root - INFO - | Epoch: 332/500 | Train Time: 0.129s | Train Loss: 0.068355 |
2020-08-17 03:11:21,041 - root - INFO - | Epoch: 333/500 | Train Time: 0.130s | Train Loss: 0.071481 |
2020-08-17 03:11:21,171 - root - INFO - | Epoch: 334/500 | Train Time: 0.130s | Train Loss: 0.070868 |
2020-08-17 03:11:21,297 - root - INFO - | Epoch: 335/500 | Train Time: 0.126s | Train Loss: 0.069963 |
2020-08-17 03:11:21,423 - root - INFO - | Epoch: 336/500 | Train Time: 0.125s | Train Loss: 0.069646 |
2020-08-17 03:11:21,550 - root - INFO - | Epoch: 337/500 | Train Time: 0.127s | Train Loss: 0.065299 |
2020-08-17 03:11:21,678 - root - INFO - | Epoch: 338/500 | Train Time: 0.128s | Train Loss: 0.069131 |
2020-08-17 03:11:21,806 - root - INFO - | Epoch: 339/500 | Train Time: 0.128s | Train Loss: 0.067847 |
2020-08-17 03:11:21,936 - root - INFO - | Epoch: 340/500 | Train Time: 0.130s | Train Loss: 0.072907 |
2020-08-17 03:11:22,066 - root - INFO - | Epoch: 341/500 | Train Time: 0.129s | Train Loss: 0.072034 |
2020-08-17 03:11:22,195 - root - INFO - | Epoch: 342/500 | Train Time: 0.130s | Train Loss: 0.069033 |
2020-08-17 03:11:22,326 - root - INFO - | Epoch: 343/500 | Train Time: 0.130s | Train Loss: 0.066888 |
2020-08-17 03:11:22,465 - root - INFO - | Epoch: 344/500 | Train Time: 0.139s | Train Loss: 0.069251 |
2020-08-17 03:11:22,596 - root - INFO - | Epoch: 345/500 | Train Time: 0.131s | Train Loss: 0.070965 |
2020-08-17 03:11:22,731 - root - INFO - | Epoch: 346/500 | Train Time: 0.135s | Train Loss: 0.068485 |
2020-08-17 03:11:22,863 - root - INFO - | Epoch: 347/500 | Train Time: 0.132s | Train Loss: 0.074332 |
2020-08-17 03:11:22,991 - root - INFO - | Epoch: 348/500 | Train Time: 0.128s | Train Loss: 0.069347 |
2020-08-17 03:11:23,122 - root - INFO - | Epoch: 349/500 | Train Time: 0.131s | Train Loss: 0.069907 |
2020-08-17 03:11:23,253 - root - INFO - | Epoch: 350/500 | Train Time: 0.130s | Train Loss: 0.071511 |
2020-08-17 03:11:23,383 - root - INFO - | Epoch: 351/500 | Train Time: 0.130s | Train Loss: 0.065437 |
2020-08-17 03:11:23,511 - root - INFO - | Epoch: 352/500 | Train Time: 0.128s | Train Loss: 0.067802 |
2020-08-17 03:11:23,640 - root - INFO - | Epoch: 353/500 | Train Time: 0.129s | Train Loss: 0.070198 |
2020-08-17 03:11:23,771 - root - INFO - | Epoch: 354/500 | Train Time: 0.130s | Train Loss: 0.069781 |
2020-08-17 03:11:23,900 - root - INFO - | Epoch: 355/500 | Train Time: 0.129s | Train Loss: 0.070167 |
2020-08-17 03:11:24,025 - root - INFO - | Epoch: 356/500 | Train Time: 0.125s | Train Loss: 0.070266 |
2020-08-17 03:11:24,155 - root - INFO - | Epoch: 357/500 | Train Time: 0.130s | Train Loss: 0.070035 |
2020-08-17 03:11:24,286 - root - INFO - | Epoch: 358/500 | Train Time: 0.130s | Train Loss: 0.067903 |
2020-08-17 03:11:24,413 - root - INFO - | Epoch: 359/500 | Train Time: 0.127s | Train Loss: 0.067272 |
2020-08-17 03:11:24,540 - root - INFO - | Epoch: 360/500 | Train Time: 0.128s | Train Loss: 0.070674 |
2020-08-17 03:11:24,670 - root - INFO - | Epoch: 361/500 | Train Time: 0.130s | Train Loss: 0.069774 |
2020-08-17 03:11:24,800 - root - INFO - | Epoch: 362/500 | Train Time: 0.130s | Train Loss: 0.067796 |
2020-08-17 03:11:24,928 - root - INFO - | Epoch: 363/500 | Train Time: 0.127s | Train Loss: 0.068801 |
2020-08-17 03:11:25,058 - root - INFO - | Epoch: 364/500 | Train Time: 0.130s | Train Loss: 0.066293 |
2020-08-17 03:11:25,188 - root - INFO - | Epoch: 365/500 | Train Time: 0.130s | Train Loss: 0.069369 |
2020-08-17 03:11:25,319 - root - INFO - | Epoch: 366/500 | Train Time: 0.130s | Train Loss: 0.066974 |
2020-08-17 03:11:25,445 - root - INFO - | Epoch: 367/500 | Train Time: 0.126s | Train Loss: 0.068631 |
2020-08-17 03:11:25,576 - root - INFO - | Epoch: 368/500 | Train Time: 0.130s | Train Loss: 0.064652 |
2020-08-17 03:11:25,706 - root - INFO - | Epoch: 369/500 | Train Time: 0.130s | Train Loss: 0.068158 |
2020-08-17 03:11:25,835 - root - INFO - | Epoch: 370/500 | Train Time: 0.130s | Train Loss: 0.068444 |
2020-08-17 03:11:25,961 - root - INFO - | Epoch: 371/500 | Train Time: 0.125s | Train Loss: 0.065204 |
2020-08-17 03:11:26,092 - root - INFO - | Epoch: 372/500 | Train Time: 0.131s | Train Loss: 0.067332 |
2020-08-17 03:11:26,222 - root - INFO - | Epoch: 373/500 | Train Time: 0.130s | Train Loss: 0.067672 |
2020-08-17 03:11:26,352 - root - INFO - | Epoch: 374/500 | Train Time: 0.130s | Train Loss: 0.065863 |
2020-08-17 03:11:26,479 - root - INFO - | Epoch: 375/500 | Train Time: 0.127s | Train Loss: 0.068025 |
2020-08-17 03:11:26,609 - root - INFO - | Epoch: 376/500 | Train Time: 0.130s | Train Loss: 0.065467 |
2020-08-17 03:11:26,739 - root - INFO - | Epoch: 377/500 | Train Time: 0.130s | Train Loss: 0.065998 |
2020-08-17 03:11:26,870 - root - INFO - | Epoch: 378/500 | Train Time: 0.131s | Train Loss: 0.067473 |
2020-08-17 03:11:26,997 - root - INFO - | Epoch: 379/500 | Train Time: 0.127s | Train Loss: 0.063853 |
2020-08-17 03:11:27,127 - root - INFO - | Epoch: 380/500 | Train Time: 0.130s | Train Loss: 0.065174 |
2020-08-17 03:11:27,257 - root - INFO - | Epoch: 381/500 | Train Time: 0.130s | Train Loss: 0.067616 |
2020-08-17 03:11:27,387 - root - INFO - | Epoch: 382/500 | Train Time: 0.130s | Train Loss: 0.067900 |
2020-08-17 03:11:27,513 - root - INFO - | Epoch: 383/500 | Train Time: 0.126s | Train Loss: 0.065903 |
2020-08-17 03:11:27,643 - root - INFO - | Epoch: 384/500 | Train Time: 0.130s | Train Loss: 0.068666 |
2020-08-17 03:11:27,774 - root - INFO - | Epoch: 385/500 | Train Time: 0.130s | Train Loss: 0.076513 |
2020-08-17 03:11:27,903 - root - INFO - | Epoch: 386/500 | Train Time: 0.129s | Train Loss: 0.075370 |
2020-08-17 03:11:28,032 - root - INFO - | Epoch: 387/500 | Train Time: 0.129s | Train Loss: 0.065026 |
2020-08-17 03:11:28,163 - root - INFO - | Epoch: 388/500 | Train Time: 0.131s | Train Loss: 0.068018 |
2020-08-17 03:11:28,292 - root - INFO - | Epoch: 389/500 | Train Time: 0.129s | Train Loss: 0.066843 |
2020-08-17 03:11:28,421 - root - INFO - | Epoch: 390/500 | Train Time: 0.128s | Train Loss: 0.067550 |
2020-08-17 03:11:28,551 - root - INFO - | Epoch: 391/500 | Train Time: 0.130s | Train Loss: 0.066134 |
2020-08-17 03:11:28,681 - root - INFO - | Epoch: 392/500 | Train Time: 0.130s | Train Loss: 0.067340 |
2020-08-17 03:11:28,812 - root - INFO - | Epoch: 393/500 | Train Time: 0.130s | Train Loss: 0.072157 |
2020-08-17 03:11:28,944 - root - INFO - | Epoch: 394/500 | Train Time: 0.132s | Train Loss: 0.069044 |
2020-08-17 03:11:29,075 - root - INFO - | Epoch: 395/500 | Train Time: 0.130s | Train Loss: 0.064541 |
2020-08-17 03:11:29,204 - root - INFO - | Epoch: 396/500 | Train Time: 0.129s | Train Loss: 0.065390 |
2020-08-17 03:11:29,334 - root - INFO - | Epoch: 397/500 | Train Time: 0.129s | Train Loss: 0.070054 |
2020-08-17 03:11:29,457 - root - INFO - | Epoch: 398/500 | Train Time: 0.123s | Train Loss: 0.065948 |
2020-08-17 03:11:29,582 - root - INFO - | Epoch: 399/500 | Train Time: 0.125s | Train Loss: 0.068705 |
2020-08-17 03:11:29,707 - root - INFO - | Epoch: 400/500 | Train Time: 0.125s | Train Loss: 0.067100 |
2020-08-17 03:11:29,833 - root - INFO - | Epoch: 401/500 | Train Time: 0.126s | Train Loss: 0.066833 |
2020-08-17 03:11:29,960 - root - INFO - | Epoch: 402/500 | Train Time: 0.127s | Train Loss: 0.070380 |
2020-08-17 03:11:30,088 - root - INFO - | Epoch: 403/500 | Train Time: 0.128s | Train Loss: 0.064987 |
2020-08-17 03:11:30,217 - root - INFO - | Epoch: 404/500 | Train Time: 0.129s | Train Loss: 0.065585 |
2020-08-17 03:11:30,344 - root - INFO - | Epoch: 405/500 | Train Time: 0.128s | Train Loss: 0.065223 |
2020-08-17 03:11:30,470 - root - INFO - | Epoch: 406/500 | Train Time: 0.125s | Train Loss: 0.065475 |
2020-08-17 03:11:30,598 - root - INFO - | Epoch: 407/500 | Train Time: 0.128s | Train Loss: 0.063782 |
2020-08-17 03:11:30,727 - root - INFO - | Epoch: 408/500 | Train Time: 0.128s | Train Loss: 0.067147 |
2020-08-17 03:11:30,855 - root - INFO - | Epoch: 409/500 | Train Time: 0.128s | Train Loss: 0.065913 |
2020-08-17 03:11:30,984 - root - INFO - | Epoch: 410/500 | Train Time: 0.129s | Train Loss: 0.063672 |
2020-08-17 03:11:31,113 - root - INFO - | Epoch: 411/500 | Train Time: 0.129s | Train Loss: 0.067002 |
2020-08-17 03:11:31,246 - root - INFO - | Epoch: 412/500 | Train Time: 0.133s | Train Loss: 0.068271 |
2020-08-17 03:11:31,376 - root - INFO - | Epoch: 413/500 | Train Time: 0.130s | Train Loss: 0.073332 |
2020-08-17 03:11:31,511 - root - INFO - | Epoch: 414/500 | Train Time: 0.135s | Train Loss: 0.065461 |
2020-08-17 03:11:31,642 - root - INFO - | Epoch: 415/500 | Train Time: 0.131s | Train Loss: 0.062937 |
2020-08-17 03:11:31,773 - root - INFO - | Epoch: 416/500 | Train Time: 0.131s | Train Loss: 0.066195 |
2020-08-17 03:11:31,909 - root - INFO - | Epoch: 417/500 | Train Time: 0.135s | Train Loss: 0.068013 |
2020-08-17 03:11:32,036 - root - INFO - | Epoch: 418/500 | Train Time: 0.128s | Train Loss: 0.064908 |
2020-08-17 03:11:32,166 - root - INFO - | Epoch: 419/500 | Train Time: 0.129s | Train Loss: 0.066031 |
2020-08-17 03:11:32,296 - root - INFO - | Epoch: 420/500 | Train Time: 0.130s | Train Loss: 0.065412 |
2020-08-17 03:11:32,433 - root - INFO - | Epoch: 421/500 | Train Time: 0.137s | Train Loss: 0.065297 |
2020-08-17 03:11:32,564 - root - INFO - | Epoch: 422/500 | Train Time: 0.131s | Train Loss: 0.066792 |
2020-08-17 03:11:32,695 - root - INFO - | Epoch: 423/500 | Train Time: 0.131s | Train Loss: 0.070497 |
2020-08-17 03:11:32,827 - root - INFO - | Epoch: 424/500 | Train Time: 0.132s | Train Loss: 0.067784 |
2020-08-17 03:11:32,959 - root - INFO - | Epoch: 425/500 | Train Time: 0.131s | Train Loss: 0.069913 |
2020-08-17 03:11:33,089 - root - INFO - | Epoch: 426/500 | Train Time: 0.130s | Train Loss: 0.067220 |
2020-08-17 03:11:33,219 - root - INFO - | Epoch: 427/500 | Train Time: 0.130s | Train Loss: 0.063070 |
2020-08-17 03:11:33,346 - root - INFO - | Epoch: 428/500 | Train Time: 0.126s | Train Loss: 0.065535 |
2020-08-17 03:11:33,469 - root - INFO - | Epoch: 429/500 | Train Time: 0.123s | Train Loss: 0.069925 |
2020-08-17 03:11:33,594 - root - INFO - | Epoch: 430/500 | Train Time: 0.124s | Train Loss: 0.065869 |
2020-08-17 03:11:33,720 - root - INFO - | Epoch: 431/500 | Train Time: 0.126s | Train Loss: 0.074063 |
2020-08-17 03:11:33,847 - root - INFO - | Epoch: 432/500 | Train Time: 0.127s | Train Loss: 0.065396 |
2020-08-17 03:11:33,973 - root - INFO - | Epoch: 433/500 | Train Time: 0.126s | Train Loss: 0.063042 |
2020-08-17 03:11:34,099 - root - INFO - | Epoch: 434/500 | Train Time: 0.126s | Train Loss: 0.064695 |
2020-08-17 03:11:34,226 - root - INFO - | Epoch: 435/500 | Train Time: 0.127s | Train Loss: 0.068628 |
2020-08-17 03:11:34,352 - root - INFO - | Epoch: 436/500 | Train Time: 0.126s | Train Loss: 0.064710 |
2020-08-17 03:11:34,479 - root - INFO - | Epoch: 437/500 | Train Time: 0.127s | Train Loss: 0.064861 |
2020-08-17 03:11:34,606 - root - INFO - | Epoch: 438/500 | Train Time: 0.127s | Train Loss: 0.065410 |
2020-08-17 03:11:34,734 - root - INFO - | Epoch: 439/500 | Train Time: 0.128s | Train Loss: 0.063740 |
2020-08-17 03:11:34,863 - root - INFO - | Epoch: 440/500 | Train Time: 0.129s | Train Loss: 0.063450 |
2020-08-17 03:11:34,990 - root - INFO - | Epoch: 441/500 | Train Time: 0.127s | Train Loss: 0.063228 |
2020-08-17 03:11:35,117 - root - INFO - | Epoch: 442/500 | Train Time: 0.127s | Train Loss: 0.066041 |
2020-08-17 03:11:35,244 - root - INFO - | Epoch: 443/500 | Train Time: 0.127s | Train Loss: 0.069481 |
2020-08-17 03:11:35,373 - root - INFO - | Epoch: 444/500 | Train Time: 0.129s | Train Loss: 0.066393 |
2020-08-17 03:11:35,501 - root - INFO - | Epoch: 445/500 | Train Time: 0.128s | Train Loss: 0.064977 |
2020-08-17 03:11:35,630 - root - INFO - | Epoch: 446/500 | Train Time: 0.129s | Train Loss: 0.063013 |
2020-08-17 03:11:35,758 - root - INFO - | Epoch: 447/500 | Train Time: 0.127s | Train Loss: 0.063306 |
2020-08-17 03:11:35,885 - root - INFO - | Epoch: 448/500 | Train Time: 0.127s | Train Loss: 0.070918 |
2020-08-17 03:11:36,012 - root - INFO - | Epoch: 449/500 | Train Time: 0.127s | Train Loss: 0.062476 |
2020-08-17 03:11:36,139 - root - INFO - | Epoch: 450/500 | Train Time: 0.127s | Train Loss: 0.070051 |
2020-08-17 03:11:36,265 - root - INFO - | Epoch: 451/500 | Train Time: 0.126s | Train Loss: 0.066338 |
2020-08-17 03:11:36,392 - root - INFO - | Epoch: 452/500 | Train Time: 0.126s | Train Loss: 0.062031 |
2020-08-17 03:11:36,518 - root - INFO - | Epoch: 453/500 | Train Time: 0.127s | Train Loss: 0.060805 |
2020-08-17 03:11:36,647 - root - INFO - | Epoch: 454/500 | Train Time: 0.129s | Train Loss: 0.063709 |
2020-08-17 03:11:36,777 - root - INFO - | Epoch: 455/500 | Train Time: 0.130s | Train Loss: 0.062677 |
2020-08-17 03:11:36,905 - root - INFO - | Epoch: 456/500 | Train Time: 0.128s | Train Loss: 0.062120 |
2020-08-17 03:11:37,035 - root - INFO - | Epoch: 457/500 | Train Time: 0.129s | Train Loss: 0.063555 |
2020-08-17 03:11:37,162 - root - INFO - | Epoch: 458/500 | Train Time: 0.128s | Train Loss: 0.063434 |
2020-08-17 03:11:37,291 - root - INFO - | Epoch: 459/500 | Train Time: 0.129s | Train Loss: 0.062979 |
2020-08-17 03:11:37,420 - root - INFO - | Epoch: 460/500 | Train Time: 0.128s | Train Loss: 0.061798 |
2020-08-17 03:11:37,548 - root - INFO - | Epoch: 461/500 | Train Time: 0.129s | Train Loss: 0.063242 |
2020-08-17 03:11:37,677 - root - INFO - | Epoch: 462/500 | Train Time: 0.129s | Train Loss: 0.069473 |
2020-08-17 03:11:37,807 - root - INFO - | Epoch: 463/500 | Train Time: 0.129s | Train Loss: 0.065960 |
2020-08-17 03:11:37,935 - root - INFO - | Epoch: 464/500 | Train Time: 0.128s | Train Loss: 0.066055 |
2020-08-17 03:11:38,063 - root - INFO - | Epoch: 465/500 | Train Time: 0.128s | Train Loss: 0.067872 |
2020-08-17 03:11:38,192 - root - INFO - | Epoch: 466/500 | Train Time: 0.129s | Train Loss: 0.067136 |
2020-08-17 03:11:38,320 - root - INFO - | Epoch: 467/500 | Train Time: 0.128s | Train Loss: 0.063472 |
2020-08-17 03:11:38,449 - root - INFO - | Epoch: 468/500 | Train Time: 0.129s | Train Loss: 0.064414 |
2020-08-17 03:11:38,577 - root - INFO - | Epoch: 469/500 | Train Time: 0.128s | Train Loss: 0.064483 |
2020-08-17 03:11:38,706 - root - INFO - | Epoch: 470/500 | Train Time: 0.129s | Train Loss: 0.065973 |
2020-08-17 03:11:38,835 - root - INFO - | Epoch: 471/500 | Train Time: 0.129s | Train Loss: 0.063830 |
2020-08-17 03:11:38,964 - root - INFO - | Epoch: 472/500 | Train Time: 0.129s | Train Loss: 0.063835 |
2020-08-17 03:11:39,093 - root - INFO - | Epoch: 473/500 | Train Time: 0.129s | Train Loss: 0.066213 |
2020-08-17 03:11:39,222 - root - INFO - | Epoch: 474/500 | Train Time: 0.129s | Train Loss: 0.062236 |
2020-08-17 03:11:39,351 - root - INFO - | Epoch: 475/500 | Train Time: 0.129s | Train Loss: 0.065794 |
2020-08-17 03:11:39,480 - root - INFO - | Epoch: 476/500 | Train Time: 0.129s | Train Loss: 0.065945 |
2020-08-17 03:11:39,609 - root - INFO - | Epoch: 477/500 | Train Time: 0.128s | Train Loss: 0.067002 |
2020-08-17 03:11:39,737 - root - INFO - | Epoch: 478/500 | Train Time: 0.128s | Train Loss: 0.070530 |
2020-08-17 03:11:39,866 - root - INFO - | Epoch: 479/500 | Train Time: 0.129s | Train Loss: 0.068915 |
2020-08-17 03:11:39,995 - root - INFO - | Epoch: 480/500 | Train Time: 0.129s | Train Loss: 0.065694 |
2020-08-17 03:11:40,124 - root - INFO - | Epoch: 481/500 | Train Time: 0.129s | Train Loss: 0.064127 |
2020-08-17 03:11:40,253 - root - INFO - | Epoch: 482/500 | Train Time: 0.129s | Train Loss: 0.062886 |
2020-08-17 03:11:40,383 - root - INFO - | Epoch: 483/500 | Train Time: 0.129s | Train Loss: 0.060363 |
2020-08-17 03:11:40,511 - root - INFO - | Epoch: 484/500 | Train Time: 0.128s | Train Loss: 0.062902 |
2020-08-17 03:11:40,640 - root - INFO - | Epoch: 485/500 | Train Time: 0.129s | Train Loss: 0.065259 |
2020-08-17 03:11:40,769 - root - INFO - | Epoch: 486/500 | Train Time: 0.129s | Train Loss: 0.062775 |
2020-08-17 03:11:40,899 - root - INFO - | Epoch: 487/500 | Train Time: 0.129s | Train Loss: 0.061662 |
2020-08-17 03:11:41,026 - root - INFO - | Epoch: 488/500 | Train Time: 0.127s | Train Loss: 0.061996 |
2020-08-17 03:11:41,155 - root - INFO - | Epoch: 489/500 | Train Time: 0.129s | Train Loss: 0.061399 |
2020-08-17 03:11:41,284 - root - INFO - | Epoch: 490/500 | Train Time: 0.129s | Train Loss: 0.062116 |
2020-08-17 03:11:41,413 - root - INFO - | Epoch: 491/500 | Train Time: 0.129s | Train Loss: 0.065602 |
2020-08-17 03:11:41,542 - root - INFO - | Epoch: 492/500 | Train Time: 0.129s | Train Loss: 0.063022 |
2020-08-17 03:11:41,671 - root - INFO - | Epoch: 493/500 | Train Time: 0.129s | Train Loss: 0.063143 |
2020-08-17 03:11:41,800 - root - INFO - | Epoch: 494/500 | Train Time: 0.129s | Train Loss: 0.059630 |
2020-08-17 03:11:41,929 - root - INFO - | Epoch: 495/500 | Train Time: 0.129s | Train Loss: 0.063200 |
2020-08-17 03:11:42,059 - root - INFO - | Epoch: 496/500 | Train Time: 0.129s | Train Loss: 0.063576 |
2020-08-17 03:11:42,187 - root - INFO - | Epoch: 497/500 | Train Time: 0.129s | Train Loss: 0.062378 |
2020-08-17 03:11:42,316 - root - INFO - | Epoch: 498/500 | Train Time: 0.128s | Train Loss: 0.068329 |
2020-08-17 03:11:42,445 - root - INFO - | Epoch: 499/500 | Train Time: 0.129s | Train Loss: 0.065194 |
2020-08-17 03:11:42,574 - root - INFO - | Epoch: 500/500 | Train Time: 0.129s | Train Loss: 0.063685 |
2020-08-17 03:11:42,574 - root - INFO - Training Time: 64.463s
2020-08-17 03:11:42,574 - root - INFO - Finished training.
2020-08-17 03:11:42,574 - root - INFO - Starting testing...
2020-08-17 03:11:42,589 - root - INFO - Test AUC: 99.81%
2020-08-17 03:11:42,589 - root - INFO - Test Time: 0.012s
2020-08-17 03:11:42,589 - root - INFO - Finished testing.
2020-08-17 03:11:42,642 - root - INFO - Starting testing...
2020-08-17 03:11:42,657 - root - INFO - Test AUC: 99.81%
2020-08-17 03:11:42,657 - root - INFO - Test Time: 0.013s
2020-08-17 03:11:42,657 - root - INFO - Finished testing.
