2020-08-17 00:10:51,265 - root - INFO - Hey I am loading net for you!
2020-08-17 00:10:53,103 - root - INFO - Setting hyper-parameters!
2020-08-17 00:10:53,103 - root - INFO - Starting training...
2020-08-17 00:10:53,294 - root - INFO - | Epoch: 001/500 | Train Time: 0.191s | Train Loss: 7177.845744 |
2020-08-17 00:10:53,495 - root - INFO - | Epoch: 002/500 | Train Time: 0.200s | Train Loss: 7172.523207 |
2020-08-17 00:10:53,694 - root - INFO - | Epoch: 003/500 | Train Time: 0.200s | Train Loss: 7169.690457 |
2020-08-17 00:10:53,893 - root - INFO - | Epoch: 004/500 | Train Time: 0.198s | Train Loss: 7169.808919 |
2020-08-17 00:10:54,094 - root - INFO - | Epoch: 005/500 | Train Time: 0.202s | Train Loss: 7171.591688 |
2020-08-17 00:10:54,297 - root - INFO - | Epoch: 006/500 | Train Time: 0.202s | Train Loss: 7166.184964 |
2020-08-17 00:10:54,499 - root - INFO - | Epoch: 007/500 | Train Time: 0.202s | Train Loss: 7165.878879 |
2020-08-17 00:10:54,701 - root - INFO - | Epoch: 008/500 | Train Time: 0.202s | Train Loss: 7164.396688 |
2020-08-17 00:10:54,904 - root - INFO - | Epoch: 009/500 | Train Time: 0.203s | Train Loss: 7162.770494 |
2020-08-17 00:10:55,106 - root - INFO - | Epoch: 010/500 | Train Time: 0.202s | Train Loss: 7160.230021 |
2020-08-17 00:10:55,309 - root - INFO - | Epoch: 011/500 | Train Time: 0.203s | Train Loss: 7159.940904 |
2020-08-17 00:10:55,511 - root - INFO - | Epoch: 012/500 | Train Time: 0.202s | Train Loss: 7153.309421 |
2020-08-17 00:10:55,713 - root - INFO - | Epoch: 013/500 | Train Time: 0.202s | Train Loss: 7152.210938 |
2020-08-17 00:10:55,915 - root - INFO - | Epoch: 014/500 | Train Time: 0.202s | Train Loss: 7147.578342 |
2020-08-17 00:10:56,118 - root - INFO - | Epoch: 015/500 | Train Time: 0.203s | Train Loss: 7148.600925 |
2020-08-17 00:10:56,320 - root - INFO - | Epoch: 016/500 | Train Time: 0.202s | Train Loss: 7142.060981 |
2020-08-17 00:10:56,523 - root - INFO - | Epoch: 017/500 | Train Time: 0.202s | Train Loss: 7144.958469 |
2020-08-17 00:10:56,725 - root - INFO - | Epoch: 018/500 | Train Time: 0.202s | Train Loss: 7145.059380 |
2020-08-17 00:10:56,928 - root - INFO - | Epoch: 019/500 | Train Time: 0.202s | Train Loss: 7138.127767 |
2020-08-17 00:10:57,132 - root - INFO - | Epoch: 020/500 | Train Time: 0.204s | Train Loss: 7137.395738 |
2020-08-17 00:10:57,334 - root - INFO - | Epoch: 021/500 | Train Time: 0.202s | Train Loss: 7137.830282 |
2020-08-17 00:10:57,536 - root - INFO - | Epoch: 022/500 | Train Time: 0.202s | Train Loss: 7133.221924 |
2020-08-17 00:10:57,739 - root - INFO - | Epoch: 023/500 | Train Time: 0.202s | Train Loss: 7134.402493 |
2020-08-17 00:10:57,945 - root - INFO - | Epoch: 024/500 | Train Time: 0.206s | Train Loss: 7132.094944 |
2020-08-17 00:10:58,148 - root - INFO - | Epoch: 025/500 | Train Time: 0.203s | Train Loss: 7130.184787 |
2020-08-17 00:10:58,350 - root - INFO - | Epoch: 026/500 | Train Time: 0.202s | Train Loss: 7133.813829 |
2020-08-17 00:10:58,554 - root - INFO - | Epoch: 027/500 | Train Time: 0.204s | Train Loss: 7132.118449 |
2020-08-17 00:10:58,759 - root - INFO - | Epoch: 028/500 | Train Time: 0.205s | Train Loss: 7126.579671 |
2020-08-17 00:10:58,965 - root - INFO - | Epoch: 029/500 | Train Time: 0.205s | Train Loss: 7126.448052 |
2020-08-17 00:10:59,170 - root - INFO - | Epoch: 030/500 | Train Time: 0.205s | Train Loss: 7128.615370 |
2020-08-17 00:10:59,375 - root - INFO - | Epoch: 031/500 | Train Time: 0.205s | Train Loss: 7123.568197 |
2020-08-17 00:10:59,584 - root - INFO - | Epoch: 032/500 | Train Time: 0.208s | Train Loss: 7125.424316 |
2020-08-17 00:10:59,792 - root - INFO - | Epoch: 033/500 | Train Time: 0.208s | Train Loss: 7122.244887 |
2020-08-17 00:11:00,002 - root - INFO - | Epoch: 034/500 | Train Time: 0.210s | Train Loss: 7115.448730 |
2020-08-17 00:11:00,211 - root - INFO - | Epoch: 035/500 | Train Time: 0.209s | Train Loss: 7123.706584 |
2020-08-17 00:11:00,420 - root - INFO - | Epoch: 036/500 | Train Time: 0.209s | Train Loss: 7113.675659 |
2020-08-17 00:11:00,628 - root - INFO - | Epoch: 037/500 | Train Time: 0.208s | Train Loss: 7121.381619 |
2020-08-17 00:11:00,837 - root - INFO - | Epoch: 038/500 | Train Time: 0.209s | Train Loss: 7118.065864 |
2020-08-17 00:11:01,046 - root - INFO - | Epoch: 039/500 | Train Time: 0.209s | Train Loss: 7112.512410 |
2020-08-17 00:11:01,255 - root - INFO - | Epoch: 040/500 | Train Time: 0.208s | Train Loss: 7117.324232 |
2020-08-17 00:11:01,462 - root - INFO - | Epoch: 041/500 | Train Time: 0.206s | Train Loss: 7118.367716 |
2020-08-17 00:11:01,666 - root - INFO - | Epoch: 042/500 | Train Time: 0.205s | Train Loss: 7114.575521 |
2020-08-17 00:11:01,872 - root - INFO - | Epoch: 043/500 | Train Time: 0.206s | Train Loss: 7114.950358 |
2020-08-17 00:11:02,077 - root - INFO - | Epoch: 044/500 | Train Time: 0.205s | Train Loss: 7114.977715 |
2020-08-17 00:11:02,283 - root - INFO - | Epoch: 045/500 | Train Time: 0.206s | Train Loss: 7111.757175 |
2020-08-17 00:11:02,488 - root - INFO - | Epoch: 046/500 | Train Time: 0.205s | Train Loss: 7110.352837 |
2020-08-17 00:11:02,693 - root - INFO - | Epoch: 047/500 | Train Time: 0.205s | Train Loss: 7113.250475 |
2020-08-17 00:11:02,898 - root - INFO - | Epoch: 048/500 | Train Time: 0.205s | Train Loss: 7108.172879 |
2020-08-17 00:11:03,103 - root - INFO - | Epoch: 049/500 | Train Time: 0.205s | Train Loss: 7113.915175 |
2020-08-17 00:11:03,309 - root - INFO - | Epoch: 050/500 | Train Time: 0.206s | Train Loss: 7114.199517 |
2020-08-17 00:11:03,309 - root - INFO -   LR scheduler: new learning rate is 1e-06
2020-08-17 00:11:03,513 - root - INFO - | Epoch: 051/500 | Train Time: 0.203s | Train Loss: 7107.991157 |
2020-08-17 00:11:03,715 - root - INFO - | Epoch: 052/500 | Train Time: 0.202s | Train Loss: 7111.011990 |
2020-08-17 00:11:03,917 - root - INFO - | Epoch: 053/500 | Train Time: 0.201s | Train Loss: 7110.798815 |
2020-08-17 00:11:04,120 - root - INFO - | Epoch: 054/500 | Train Time: 0.203s | Train Loss: 7112.856255 |
2020-08-17 00:11:04,322 - root - INFO - | Epoch: 055/500 | Train Time: 0.202s | Train Loss: 7111.805691 |
2020-08-17 00:11:04,525 - root - INFO - | Epoch: 056/500 | Train Time: 0.203s | Train Loss: 7115.075195 |
2020-08-17 00:11:04,728 - root - INFO - | Epoch: 057/500 | Train Time: 0.203s | Train Loss: 7110.311930 |
2020-08-17 00:11:04,930 - root - INFO - | Epoch: 058/500 | Train Time: 0.201s | Train Loss: 7110.778863 |
2020-08-17 00:11:05,133 - root - INFO - | Epoch: 059/500 | Train Time: 0.203s | Train Loss: 7114.585354 |
2020-08-17 00:11:05,335 - root - INFO - | Epoch: 060/500 | Train Time: 0.202s | Train Loss: 7107.443970 |
2020-08-17 00:11:05,537 - root - INFO - | Epoch: 061/500 | Train Time: 0.202s | Train Loss: 7111.079698 |
2020-08-17 00:11:05,739 - root - INFO - | Epoch: 062/500 | Train Time: 0.202s | Train Loss: 7112.525214 |
2020-08-17 00:11:05,941 - root - INFO - | Epoch: 063/500 | Train Time: 0.202s | Train Loss: 7110.485948 |
2020-08-17 00:11:06,143 - root - INFO - | Epoch: 064/500 | Train Time: 0.202s | Train Loss: 7111.191352 |
2020-08-17 00:11:06,344 - root - INFO - | Epoch: 065/500 | Train Time: 0.201s | Train Loss: 7106.867025 |
2020-08-17 00:11:06,546 - root - INFO - | Epoch: 066/500 | Train Time: 0.202s | Train Loss: 7109.101440 |
2020-08-17 00:11:06,749 - root - INFO - | Epoch: 067/500 | Train Time: 0.203s | Train Loss: 7107.590196 |
2020-08-17 00:11:06,951 - root - INFO - | Epoch: 068/500 | Train Time: 0.202s | Train Loss: 7114.500068 |
2020-08-17 00:11:07,155 - root - INFO - | Epoch: 069/500 | Train Time: 0.203s | Train Loss: 7117.109524 |
2020-08-17 00:11:07,357 - root - INFO - | Epoch: 070/500 | Train Time: 0.202s | Train Loss: 7114.719021 |
2020-08-17 00:11:07,559 - root - INFO - | Epoch: 071/500 | Train Time: 0.202s | Train Loss: 7111.371053 |
2020-08-17 00:11:07,762 - root - INFO - | Epoch: 072/500 | Train Time: 0.202s | Train Loss: 7108.108995 |
2020-08-17 00:11:07,964 - root - INFO - | Epoch: 073/500 | Train Time: 0.202s | Train Loss: 7112.262533 |
2020-08-17 00:11:08,166 - root - INFO - | Epoch: 074/500 | Train Time: 0.201s | Train Loss: 7108.915080 |
2020-08-17 00:11:08,368 - root - INFO - | Epoch: 075/500 | Train Time: 0.203s | Train Loss: 7112.138930 |
2020-08-17 00:11:08,571 - root - INFO - | Epoch: 076/500 | Train Time: 0.202s | Train Loss: 7107.607476 |
2020-08-17 00:11:08,773 - root - INFO - | Epoch: 077/500 | Train Time: 0.202s | Train Loss: 7106.708984 |
2020-08-17 00:11:08,975 - root - INFO - | Epoch: 078/500 | Train Time: 0.202s | Train Loss: 7109.592312 |
2020-08-17 00:11:09,176 - root - INFO - | Epoch: 079/500 | Train Time: 0.201s | Train Loss: 7111.000081 |
2020-08-17 00:11:09,379 - root - INFO - | Epoch: 080/500 | Train Time: 0.203s | Train Loss: 7107.948513 |
2020-08-17 00:11:09,581 - root - INFO - | Epoch: 081/500 | Train Time: 0.202s | Train Loss: 7114.814385 |
2020-08-17 00:11:09,782 - root - INFO - | Epoch: 082/500 | Train Time: 0.202s | Train Loss: 7107.110948 |
2020-08-17 00:11:09,985 - root - INFO - | Epoch: 083/500 | Train Time: 0.202s | Train Loss: 7111.312514 |
2020-08-17 00:11:10,187 - root - INFO - | Epoch: 084/500 | Train Time: 0.202s | Train Loss: 7108.842706 |
2020-08-17 00:11:10,391 - root - INFO - | Epoch: 085/500 | Train Time: 0.203s | Train Loss: 7111.239054 |
2020-08-17 00:11:10,593 - root - INFO - | Epoch: 086/500 | Train Time: 0.202s | Train Loss: 7110.615967 |
2020-08-17 00:11:10,795 - root - INFO - | Epoch: 087/500 | Train Time: 0.202s | Train Loss: 7110.785129 |
2020-08-17 00:11:10,997 - root - INFO - | Epoch: 088/500 | Train Time: 0.202s | Train Loss: 7110.791002 |
2020-08-17 00:11:11,201 - root - INFO - | Epoch: 089/500 | Train Time: 0.203s | Train Loss: 7107.849704 |
2020-08-17 00:11:11,403 - root - INFO - | Epoch: 090/500 | Train Time: 0.202s | Train Loss: 7106.699137 |
2020-08-17 00:11:11,605 - root - INFO - | Epoch: 091/500 | Train Time: 0.201s | Train Loss: 7108.721585 |
2020-08-17 00:11:11,808 - root - INFO - | Epoch: 092/500 | Train Time: 0.203s | Train Loss: 7112.263265 |
2020-08-17 00:11:12,013 - root - INFO - | Epoch: 093/500 | Train Time: 0.205s | Train Loss: 7107.092299 |
2020-08-17 00:11:12,219 - root - INFO - | Epoch: 094/500 | Train Time: 0.205s | Train Loss: 7109.291938 |
2020-08-17 00:11:12,424 - root - INFO - | Epoch: 095/500 | Train Time: 0.205s | Train Loss: 7108.311523 |
2020-08-17 00:11:12,628 - root - INFO - | Epoch: 096/500 | Train Time: 0.204s | Train Loss: 7107.444539 |
2020-08-17 00:11:12,834 - root - INFO - | Epoch: 097/500 | Train Time: 0.206s | Train Loss: 7104.448473 |
2020-08-17 00:11:13,040 - root - INFO - | Epoch: 098/500 | Train Time: 0.206s | Train Loss: 7109.867391 |
2020-08-17 00:11:13,246 - root - INFO - | Epoch: 099/500 | Train Time: 0.206s | Train Loss: 7104.892768 |
2020-08-17 00:11:13,451 - root - INFO - | Epoch: 100/500 | Train Time: 0.205s | Train Loss: 7104.437283 |
2020-08-17 00:11:13,656 - root - INFO - | Epoch: 101/500 | Train Time: 0.205s | Train Loss: 7110.974284 |
2020-08-17 00:11:13,861 - root - INFO - | Epoch: 102/500 | Train Time: 0.206s | Train Loss: 7106.104601 |
2020-08-17 00:11:14,066 - root - INFO - | Epoch: 103/500 | Train Time: 0.205s | Train Loss: 7107.487155 |
2020-08-17 00:11:14,270 - root - INFO - | Epoch: 104/500 | Train Time: 0.204s | Train Loss: 7109.545709 |
2020-08-17 00:11:14,471 - root - INFO - | Epoch: 105/500 | Train Time: 0.201s | Train Loss: 7110.636515 |
2020-08-17 00:11:14,673 - root - INFO - | Epoch: 106/500 | Train Time: 0.202s | Train Loss: 7109.826619 |
2020-08-17 00:11:14,875 - root - INFO - | Epoch: 107/500 | Train Time: 0.202s | Train Loss: 7105.748996 |
2020-08-17 00:11:15,079 - root - INFO - | Epoch: 108/500 | Train Time: 0.203s | Train Loss: 7108.827677 |
2020-08-17 00:11:15,281 - root - INFO - | Epoch: 109/500 | Train Time: 0.203s | Train Loss: 7112.559163 |
2020-08-17 00:11:15,484 - root - INFO - | Epoch: 110/500 | Train Time: 0.202s | Train Loss: 7111.113444 |
2020-08-17 00:11:15,685 - root - INFO - | Epoch: 111/500 | Train Time: 0.201s | Train Loss: 7111.218859 |
2020-08-17 00:11:15,887 - root - INFO - | Epoch: 112/500 | Train Time: 0.201s | Train Loss: 7106.982856 |
2020-08-17 00:11:16,089 - root - INFO - | Epoch: 113/500 | Train Time: 0.202s | Train Loss: 7108.232924 |
2020-08-17 00:11:16,290 - root - INFO - | Epoch: 114/500 | Train Time: 0.201s | Train Loss: 7106.161526 |
2020-08-17 00:11:16,493 - root - INFO - | Epoch: 115/500 | Train Time: 0.203s | Train Loss: 7100.721449 |
2020-08-17 00:11:16,695 - root - INFO - | Epoch: 116/500 | Train Time: 0.202s | Train Loss: 7105.818671 |
2020-08-17 00:11:16,897 - root - INFO - | Epoch: 117/500 | Train Time: 0.201s | Train Loss: 7106.099989 |
2020-08-17 00:11:17,099 - root - INFO - | Epoch: 118/500 | Train Time: 0.202s | Train Loss: 7113.036811 |
2020-08-17 00:11:17,301 - root - INFO - | Epoch: 119/500 | Train Time: 0.202s | Train Loss: 7109.347059 |
2020-08-17 00:11:17,503 - root - INFO - | Epoch: 120/500 | Train Time: 0.202s | Train Loss: 7105.128445 |
2020-08-17 00:11:17,706 - root - INFO - | Epoch: 121/500 | Train Time: 0.202s | Train Loss: 7109.505493 |
2020-08-17 00:11:17,907 - root - INFO - | Epoch: 122/500 | Train Time: 0.201s | Train Loss: 7106.861803 |
2020-08-17 00:11:18,109 - root - INFO - | Epoch: 123/500 | Train Time: 0.202s | Train Loss: 7109.294298 |
2020-08-17 00:11:18,313 - root - INFO - | Epoch: 124/500 | Train Time: 0.203s | Train Loss: 7108.737223 |
2020-08-17 00:11:18,513 - root - INFO - | Epoch: 125/500 | Train Time: 0.201s | Train Loss: 7107.431749 |
2020-08-17 00:11:18,716 - root - INFO - | Epoch: 126/500 | Train Time: 0.203s | Train Loss: 7108.933309 |
2020-08-17 00:11:18,917 - root - INFO - | Epoch: 127/500 | Train Time: 0.201s | Train Loss: 7101.161947 |
2020-08-17 00:11:19,119 - root - INFO - | Epoch: 128/500 | Train Time: 0.201s | Train Loss: 7108.312297 |
2020-08-17 00:11:19,320 - root - INFO - | Epoch: 129/500 | Train Time: 0.202s | Train Loss: 7107.319295 |
2020-08-17 00:11:19,521 - root - INFO - | Epoch: 130/500 | Train Time: 0.201s | Train Loss: 7111.560018 |
2020-08-17 00:11:19,724 - root - INFO - | Epoch: 131/500 | Train Time: 0.202s | Train Loss: 7101.605469 |
2020-08-17 00:11:19,926 - root - INFO - | Epoch: 132/500 | Train Time: 0.202s | Train Loss: 7102.641629 |
2020-08-17 00:11:20,129 - root - INFO - | Epoch: 133/500 | Train Time: 0.203s | Train Loss: 7107.512736 |
2020-08-17 00:11:20,330 - root - INFO - | Epoch: 134/500 | Train Time: 0.201s | Train Loss: 7105.387763 |
2020-08-17 00:11:20,533 - root - INFO - | Epoch: 135/500 | Train Time: 0.203s | Train Loss: 7109.228882 |
2020-08-17 00:11:20,734 - root - INFO - | Epoch: 136/500 | Train Time: 0.201s | Train Loss: 7111.899753 |
2020-08-17 00:11:20,937 - root - INFO - | Epoch: 137/500 | Train Time: 0.202s | Train Loss: 7103.622192 |
2020-08-17 00:11:21,140 - root - INFO - | Epoch: 138/500 | Train Time: 0.203s | Train Loss: 7099.560791 |
2020-08-17 00:11:21,342 - root - INFO - | Epoch: 139/500 | Train Time: 0.202s | Train Loss: 7102.033678 |
2020-08-17 00:11:21,543 - root - INFO - | Epoch: 140/500 | Train Time: 0.201s | Train Loss: 7107.190796 |
2020-08-17 00:11:21,745 - root - INFO - | Epoch: 141/500 | Train Time: 0.202s | Train Loss: 7114.114827 |
2020-08-17 00:11:21,947 - root - INFO - | Epoch: 142/500 | Train Time: 0.202s | Train Loss: 7104.951959 |
2020-08-17 00:11:22,149 - root - INFO - | Epoch: 143/500 | Train Time: 0.202s | Train Loss: 7102.221490 |
2020-08-17 00:11:22,353 - root - INFO - | Epoch: 144/500 | Train Time: 0.203s | Train Loss: 7112.035007 |
2020-08-17 00:11:22,554 - root - INFO - | Epoch: 145/500 | Train Time: 0.202s | Train Loss: 7105.481188 |
2020-08-17 00:11:22,757 - root - INFO - | Epoch: 146/500 | Train Time: 0.202s | Train Loss: 7099.938205 |
2020-08-17 00:11:22,959 - root - INFO - | Epoch: 147/500 | Train Time: 0.202s | Train Loss: 7110.904500 |
2020-08-17 00:11:23,164 - root - INFO - | Epoch: 148/500 | Train Time: 0.205s | Train Loss: 7103.826864 |
2020-08-17 00:11:23,369 - root - INFO - | Epoch: 149/500 | Train Time: 0.205s | Train Loss: 7107.570869 |
2020-08-17 00:11:23,573 - root - INFO - | Epoch: 150/500 | Train Time: 0.204s | Train Loss: 7105.718859 |
2020-08-17 00:11:23,778 - root - INFO - | Epoch: 151/500 | Train Time: 0.204s | Train Loss: 7104.758369 |
2020-08-17 00:11:23,981 - root - INFO - | Epoch: 152/500 | Train Time: 0.203s | Train Loss: 7105.933499 |
2020-08-17 00:11:24,183 - root - INFO - | Epoch: 153/500 | Train Time: 0.202s | Train Loss: 7107.056966 |
2020-08-17 00:11:24,385 - root - INFO - | Epoch: 154/500 | Train Time: 0.202s | Train Loss: 7105.066759 |
2020-08-17 00:11:24,588 - root - INFO - | Epoch: 155/500 | Train Time: 0.202s | Train Loss: 7104.646023 |
2020-08-17 00:11:24,789 - root - INFO - | Epoch: 156/500 | Train Time: 0.202s | Train Loss: 7106.993530 |
2020-08-17 00:11:24,991 - root - INFO - | Epoch: 157/500 | Train Time: 0.202s | Train Loss: 7109.020874 |
2020-08-17 00:11:25,194 - root - INFO - | Epoch: 158/500 | Train Time: 0.203s | Train Loss: 7107.815308 |
2020-08-17 00:11:25,398 - root - INFO - | Epoch: 159/500 | Train Time: 0.204s | Train Loss: 7106.506687 |
2020-08-17 00:11:25,598 - root - INFO - | Epoch: 160/500 | Train Time: 0.200s | Train Loss: 7110.721775 |
2020-08-17 00:11:25,798 - root - INFO - | Epoch: 161/500 | Train Time: 0.200s | Train Loss: 7112.026015 |
2020-08-17 00:11:25,999 - root - INFO - | Epoch: 162/500 | Train Time: 0.200s | Train Loss: 7105.553290 |
2020-08-17 00:11:26,200 - root - INFO - | Epoch: 163/500 | Train Time: 0.201s | Train Loss: 7102.532064 |
2020-08-17 00:11:26,398 - root - INFO - | Epoch: 164/500 | Train Time: 0.198s | Train Loss: 7098.356052 |
2020-08-17 00:11:26,598 - root - INFO - | Epoch: 165/500 | Train Time: 0.199s | Train Loss: 7107.513902 |
2020-08-17 00:11:26,797 - root - INFO - | Epoch: 166/500 | Train Time: 0.199s | Train Loss: 7105.610948 |
2020-08-17 00:11:26,997 - root - INFO - | Epoch: 167/500 | Train Time: 0.200s | Train Loss: 7105.805135 |
2020-08-17 00:11:27,197 - root - INFO - | Epoch: 168/500 | Train Time: 0.200s | Train Loss: 7105.987617 |
2020-08-17 00:11:27,397 - root - INFO - | Epoch: 169/500 | Train Time: 0.200s | Train Loss: 7107.153361 |
2020-08-17 00:11:27,597 - root - INFO - | Epoch: 170/500 | Train Time: 0.200s | Train Loss: 7102.087172 |
2020-08-17 00:11:27,796 - root - INFO - | Epoch: 171/500 | Train Time: 0.199s | Train Loss: 7103.608398 |
2020-08-17 00:11:27,996 - root - INFO - | Epoch: 172/500 | Train Time: 0.199s | Train Loss: 7112.353638 |
2020-08-17 00:11:28,196 - root - INFO - | Epoch: 173/500 | Train Time: 0.200s | Train Loss: 7106.911241 |
2020-08-17 00:11:28,401 - root - INFO - | Epoch: 174/500 | Train Time: 0.205s | Train Loss: 7108.612657 |
2020-08-17 00:11:28,603 - root - INFO - | Epoch: 175/500 | Train Time: 0.202s | Train Loss: 7108.738051 |
2020-08-17 00:11:28,807 - root - INFO - | Epoch: 176/500 | Train Time: 0.204s | Train Loss: 7106.530802 |
2020-08-17 00:11:29,010 - root - INFO - | Epoch: 177/500 | Train Time: 0.203s | Train Loss: 7100.398627 |
2020-08-17 00:11:29,214 - root - INFO - | Epoch: 178/500 | Train Time: 0.203s | Train Loss: 7100.011325 |
2020-08-17 00:11:29,415 - root - INFO - | Epoch: 179/500 | Train Time: 0.202s | Train Loss: 7104.332981 |
2020-08-17 00:11:29,617 - root - INFO - | Epoch: 180/500 | Train Time: 0.202s | Train Loss: 7106.529283 |
2020-08-17 00:11:29,817 - root - INFO - | Epoch: 181/500 | Train Time: 0.200s | Train Loss: 7102.635905 |
2020-08-17 00:11:30,017 - root - INFO - | Epoch: 182/500 | Train Time: 0.200s | Train Loss: 7108.032294 |
2020-08-17 00:11:30,217 - root - INFO - | Epoch: 183/500 | Train Time: 0.200s | Train Loss: 7108.148844 |
2020-08-17 00:11:30,417 - root - INFO - | Epoch: 184/500 | Train Time: 0.200s | Train Loss: 7105.285482 |
2020-08-17 00:11:30,617 - root - INFO - | Epoch: 185/500 | Train Time: 0.200s | Train Loss: 7098.121419 |
2020-08-17 00:11:30,817 - root - INFO - | Epoch: 186/500 | Train Time: 0.200s | Train Loss: 7107.475125 |
2020-08-17 00:11:31,017 - root - INFO - | Epoch: 187/500 | Train Time: 0.200s | Train Loss: 7110.142660 |
2020-08-17 00:11:31,218 - root - INFO - | Epoch: 188/500 | Train Time: 0.200s | Train Loss: 7104.115573 |
2020-08-17 00:11:31,420 - root - INFO - | Epoch: 189/500 | Train Time: 0.202s | Train Loss: 7105.587497 |
2020-08-17 00:11:31,622 - root - INFO - | Epoch: 190/500 | Train Time: 0.202s | Train Loss: 7101.691596 |
2020-08-17 00:11:31,824 - root - INFO - | Epoch: 191/500 | Train Time: 0.202s | Train Loss: 7108.193387 |
2020-08-17 00:11:32,026 - root - INFO - | Epoch: 192/500 | Train Time: 0.202s | Train Loss: 7106.558960 |
2020-08-17 00:11:32,229 - root - INFO - | Epoch: 193/500 | Train Time: 0.202s | Train Loss: 7104.656603 |
2020-08-17 00:11:32,432 - root - INFO - | Epoch: 194/500 | Train Time: 0.203s | Train Loss: 7103.190769 |
2020-08-17 00:11:32,634 - root - INFO - | Epoch: 195/500 | Train Time: 0.202s | Train Loss: 7106.643283 |
2020-08-17 00:11:32,836 - root - INFO - | Epoch: 196/500 | Train Time: 0.202s | Train Loss: 7110.383070 |
2020-08-17 00:11:33,038 - root - INFO - | Epoch: 197/500 | Train Time: 0.202s | Train Loss: 7108.828735 |
2020-08-17 00:11:33,241 - root - INFO - | Epoch: 198/500 | Train Time: 0.203s | Train Loss: 7101.192885 |
2020-08-17 00:11:33,443 - root - INFO - | Epoch: 199/500 | Train Time: 0.202s | Train Loss: 7105.546251 |
2020-08-17 00:11:33,645 - root - INFO - | Epoch: 200/500 | Train Time: 0.202s | Train Loss: 7106.138957 |
2020-08-17 00:11:33,848 - root - INFO - | Epoch: 201/500 | Train Time: 0.203s | Train Loss: 7106.254706 |
2020-08-17 00:11:34,050 - root - INFO - | Epoch: 202/500 | Train Time: 0.202s | Train Loss: 7102.432549 |
2020-08-17 00:11:34,253 - root - INFO - | Epoch: 203/500 | Train Time: 0.203s | Train Loss: 7104.993612 |
2020-08-17 00:11:34,457 - root - INFO - | Epoch: 204/500 | Train Time: 0.204s | Train Loss: 7102.511759 |
2020-08-17 00:11:34,659 - root - INFO - | Epoch: 205/500 | Train Time: 0.202s | Train Loss: 7102.315009 |
2020-08-17 00:11:34,863 - root - INFO - | Epoch: 206/500 | Train Time: 0.203s | Train Loss: 7104.115560 |
2020-08-17 00:11:35,065 - root - INFO - | Epoch: 207/500 | Train Time: 0.202s | Train Loss: 7101.978923 |
2020-08-17 00:11:35,267 - root - INFO - | Epoch: 208/500 | Train Time: 0.202s | Train Loss: 7099.364014 |
2020-08-17 00:11:35,470 - root - INFO - | Epoch: 209/500 | Train Time: 0.202s | Train Loss: 7104.534112 |
2020-08-17 00:11:35,674 - root - INFO - | Epoch: 210/500 | Train Time: 0.204s | Train Loss: 7102.138414 |
2020-08-17 00:11:35,876 - root - INFO - | Epoch: 211/500 | Train Time: 0.201s | Train Loss: 7104.455566 |
2020-08-17 00:11:36,077 - root - INFO - | Epoch: 212/500 | Train Time: 0.202s | Train Loss: 7105.748223 |
2020-08-17 00:11:36,280 - root - INFO - | Epoch: 213/500 | Train Time: 0.202s | Train Loss: 7103.666626 |
2020-08-17 00:11:36,481 - root - INFO - | Epoch: 214/500 | Train Time: 0.201s | Train Loss: 7100.012451 |
2020-08-17 00:11:36,684 - root - INFO - | Epoch: 215/500 | Train Time: 0.203s | Train Loss: 7105.887044 |
2020-08-17 00:11:36,886 - root - INFO - | Epoch: 216/500 | Train Time: 0.202s | Train Loss: 7106.132989 |
2020-08-17 00:11:37,088 - root - INFO - | Epoch: 217/500 | Train Time: 0.202s | Train Loss: 7105.967339 |
2020-08-17 00:11:37,290 - root - INFO - | Epoch: 218/500 | Train Time: 0.201s | Train Loss: 7109.670220 |
2020-08-17 00:11:37,493 - root - INFO - | Epoch: 219/500 | Train Time: 0.203s | Train Loss: 7109.536445 |
2020-08-17 00:11:37,693 - root - INFO - | Epoch: 220/500 | Train Time: 0.201s | Train Loss: 7099.446330 |
2020-08-17 00:11:37,896 - root - INFO - | Epoch: 221/500 | Train Time: 0.203s | Train Loss: 7108.325358 |
2020-08-17 00:11:38,098 - root - INFO - | Epoch: 222/500 | Train Time: 0.202s | Train Loss: 7106.985202 |
2020-08-17 00:11:38,301 - root - INFO - | Epoch: 223/500 | Train Time: 0.202s | Train Loss: 7102.183499 |
2020-08-17 00:11:38,503 - root - INFO - | Epoch: 224/500 | Train Time: 0.202s | Train Loss: 7108.674506 |
2020-08-17 00:11:38,705 - root - INFO - | Epoch: 225/500 | Train Time: 0.202s | Train Loss: 7103.686768 |
2020-08-17 00:11:38,908 - root - INFO - | Epoch: 226/500 | Train Time: 0.203s | Train Loss: 7104.497301 |
2020-08-17 00:11:39,110 - root - INFO - | Epoch: 227/500 | Train Time: 0.202s | Train Loss: 7102.697930 |
2020-08-17 00:11:39,313 - root - INFO - | Epoch: 228/500 | Train Time: 0.202s | Train Loss: 7098.740465 |
2020-08-17 00:11:39,515 - root - INFO - | Epoch: 229/500 | Train Time: 0.202s | Train Loss: 7103.811469 |
2020-08-17 00:11:39,717 - root - INFO - | Epoch: 230/500 | Train Time: 0.202s | Train Loss: 7105.814711 |
2020-08-17 00:11:39,919 - root - INFO - | Epoch: 231/500 | Train Time: 0.202s | Train Loss: 7100.950412 |
2020-08-17 00:11:40,122 - root - INFO - | Epoch: 232/500 | Train Time: 0.203s | Train Loss: 7100.133572 |
2020-08-17 00:11:40,324 - root - INFO - | Epoch: 233/500 | Train Time: 0.202s | Train Loss: 7104.743842 |
2020-08-17 00:11:40,526 - root - INFO - | Epoch: 234/500 | Train Time: 0.202s | Train Loss: 7099.616035 |
2020-08-17 00:11:40,729 - root - INFO - | Epoch: 235/500 | Train Time: 0.203s | Train Loss: 7099.235433 |
2020-08-17 00:11:40,931 - root - INFO - | Epoch: 236/500 | Train Time: 0.202s | Train Loss: 7100.818441 |
2020-08-17 00:11:41,133 - root - INFO - | Epoch: 237/500 | Train Time: 0.202s | Train Loss: 7108.719889 |
2020-08-17 00:11:41,335 - root - INFO - | Epoch: 238/500 | Train Time: 0.202s | Train Loss: 7102.076077 |
2020-08-17 00:11:41,538 - root - INFO - | Epoch: 239/500 | Train Time: 0.202s | Train Loss: 7101.544840 |
2020-08-17 00:11:41,740 - root - INFO - | Epoch: 240/500 | Train Time: 0.202s | Train Loss: 7102.295220 |
2020-08-17 00:11:41,943 - root - INFO - | Epoch: 241/500 | Train Time: 0.202s | Train Loss: 7100.909383 |
2020-08-17 00:11:42,144 - root - INFO - | Epoch: 242/500 | Train Time: 0.202s | Train Loss: 7104.242215 |
2020-08-17 00:11:42,347 - root - INFO - | Epoch: 243/500 | Train Time: 0.203s | Train Loss: 7103.664985 |
2020-08-17 00:11:42,549 - root - INFO - | Epoch: 244/500 | Train Time: 0.202s | Train Loss: 7099.347751 |
2020-08-17 00:11:42,752 - root - INFO - | Epoch: 245/500 | Train Time: 0.202s | Train Loss: 7106.392253 |
2020-08-17 00:11:42,954 - root - INFO - | Epoch: 246/500 | Train Time: 0.201s | Train Loss: 7102.445272 |
2020-08-17 00:11:43,156 - root - INFO - | Epoch: 247/500 | Train Time: 0.203s | Train Loss: 7100.234809 |
2020-08-17 00:11:43,359 - root - INFO - | Epoch: 248/500 | Train Time: 0.202s | Train Loss: 7104.025581 |
2020-08-17 00:11:43,561 - root - INFO - | Epoch: 249/500 | Train Time: 0.202s | Train Loss: 7105.370131 |
2020-08-17 00:11:43,763 - root - INFO - | Epoch: 250/500 | Train Time: 0.202s | Train Loss: 7104.476142 |
2020-08-17 00:11:43,965 - root - INFO - | Epoch: 251/500 | Train Time: 0.202s | Train Loss: 7099.659980 |
2020-08-17 00:11:44,167 - root - INFO - | Epoch: 252/500 | Train Time: 0.202s | Train Loss: 7102.902195 |
2020-08-17 00:11:44,370 - root - INFO - | Epoch: 253/500 | Train Time: 0.204s | Train Loss: 7103.268609 |
2020-08-17 00:11:44,573 - root - INFO - | Epoch: 254/500 | Train Time: 0.203s | Train Loss: 7100.883260 |
2020-08-17 00:11:44,776 - root - INFO - | Epoch: 255/500 | Train Time: 0.203s | Train Loss: 7103.002577 |
2020-08-17 00:11:44,979 - root - INFO - | Epoch: 256/500 | Train Time: 0.202s | Train Loss: 7101.864990 |
2020-08-17 00:11:45,181 - root - INFO - | Epoch: 257/500 | Train Time: 0.202s | Train Loss: 7102.937581 |
2020-08-17 00:11:45,384 - root - INFO - | Epoch: 258/500 | Train Time: 0.204s | Train Loss: 7104.725274 |
2020-08-17 00:11:45,587 - root - INFO - | Epoch: 259/500 | Train Time: 0.203s | Train Loss: 7097.203654 |
2020-08-17 00:11:45,790 - root - INFO - | Epoch: 260/500 | Train Time: 0.202s | Train Loss: 7100.392348 |
2020-08-17 00:11:45,993 - root - INFO - | Epoch: 261/500 | Train Time: 0.203s | Train Loss: 7100.695475 |
2020-08-17 00:11:46,195 - root - INFO - | Epoch: 262/500 | Train Time: 0.202s | Train Loss: 7105.531738 |
2020-08-17 00:11:46,397 - root - INFO - | Epoch: 263/500 | Train Time: 0.202s | Train Loss: 7102.711968 |
2020-08-17 00:11:46,598 - root - INFO - | Epoch: 264/500 | Train Time: 0.201s | Train Loss: 7103.748820 |
2020-08-17 00:11:46,800 - root - INFO - | Epoch: 265/500 | Train Time: 0.202s | Train Loss: 7104.340563 |
2020-08-17 00:11:47,003 - root - INFO - | Epoch: 266/500 | Train Time: 0.203s | Train Loss: 7101.372884 |
2020-08-17 00:11:47,206 - root - INFO - | Epoch: 267/500 | Train Time: 0.203s | Train Loss: 7103.912882 |
2020-08-17 00:11:47,374 - root - INFO - | Epoch: 268/500 | Train Time: 0.167s | Train Loss: 7104.645603 |
2020-08-17 00:11:47,517 - root - INFO - | Epoch: 269/500 | Train Time: 0.143s | Train Loss: 7101.037950 |
2020-08-17 00:11:47,660 - root - INFO - | Epoch: 270/500 | Train Time: 0.144s | Train Loss: 7103.197238 |
2020-08-17 00:11:47,803 - root - INFO - | Epoch: 271/500 | Train Time: 0.143s | Train Loss: 7102.784478 |
2020-08-17 00:11:47,945 - root - INFO - | Epoch: 272/500 | Train Time: 0.142s | Train Loss: 7097.808675 |
2020-08-17 00:11:48,087 - root - INFO - | Epoch: 273/500 | Train Time: 0.142s | Train Loss: 7098.449802 |
2020-08-17 00:11:48,229 - root - INFO - | Epoch: 274/500 | Train Time: 0.142s | Train Loss: 7104.002224 |
2020-08-17 00:11:48,371 - root - INFO - | Epoch: 275/500 | Train Time: 0.142s | Train Loss: 7102.763767 |
2020-08-17 00:11:48,512 - root - INFO - | Epoch: 276/500 | Train Time: 0.141s | Train Loss: 7103.083211 |
2020-08-17 00:11:48,654 - root - INFO - | Epoch: 277/500 | Train Time: 0.142s | Train Loss: 7107.045831 |
2020-08-17 00:11:48,796 - root - INFO - | Epoch: 278/500 | Train Time: 0.142s | Train Loss: 7104.684001 |
2020-08-17 00:11:48,938 - root - INFO - | Epoch: 279/500 | Train Time: 0.142s | Train Loss: 7102.375882 |
2020-08-17 00:11:49,080 - root - INFO - | Epoch: 280/500 | Train Time: 0.142s | Train Loss: 7097.826335 |
2020-08-17 00:11:49,222 - root - INFO - | Epoch: 281/500 | Train Time: 0.141s | Train Loss: 7100.317966 |
2020-08-17 00:11:49,364 - root - INFO - | Epoch: 282/500 | Train Time: 0.142s | Train Loss: 7100.638319 |
2020-08-17 00:11:49,506 - root - INFO - | Epoch: 283/500 | Train Time: 0.142s | Train Loss: 7099.804579 |
2020-08-17 00:11:49,648 - root - INFO - | Epoch: 284/500 | Train Time: 0.142s | Train Loss: 7105.982354 |
2020-08-17 00:11:49,789 - root - INFO - | Epoch: 285/500 | Train Time: 0.141s | Train Loss: 7106.779690 |
2020-08-17 00:11:49,932 - root - INFO - | Epoch: 286/500 | Train Time: 0.142s | Train Loss: 7101.432671 |
2020-08-17 00:11:50,073 - root - INFO - | Epoch: 287/500 | Train Time: 0.142s | Train Loss: 7103.402764 |
2020-08-17 00:11:50,216 - root - INFO - | Epoch: 288/500 | Train Time: 0.142s | Train Loss: 7099.013129 |
2020-08-17 00:11:50,357 - root - INFO - | Epoch: 289/500 | Train Time: 0.141s | Train Loss: 7100.512465 |
2020-08-17 00:11:50,499 - root - INFO - | Epoch: 290/500 | Train Time: 0.142s | Train Loss: 7104.373250 |
2020-08-17 00:11:50,641 - root - INFO - | Epoch: 291/500 | Train Time: 0.142s | Train Loss: 7097.762234 |
2020-08-17 00:11:50,783 - root - INFO - | Epoch: 292/500 | Train Time: 0.142s | Train Loss: 7101.941664 |
2020-08-17 00:11:50,925 - root - INFO - | Epoch: 293/500 | Train Time: 0.142s | Train Loss: 7103.523207 |
2020-08-17 00:11:51,067 - root - INFO - | Epoch: 294/500 | Train Time: 0.142s | Train Loss: 7098.633803 |
2020-08-17 00:11:51,209 - root - INFO - | Epoch: 295/500 | Train Time: 0.142s | Train Loss: 7101.530992 |
2020-08-17 00:11:51,352 - root - INFO - | Epoch: 296/500 | Train Time: 0.143s | Train Loss: 7106.039646 |
2020-08-17 00:11:51,493 - root - INFO - | Epoch: 297/500 | Train Time: 0.142s | Train Loss: 7104.446927 |
2020-08-17 00:11:51,635 - root - INFO - | Epoch: 298/500 | Train Time: 0.142s | Train Loss: 7106.334595 |
2020-08-17 00:11:51,777 - root - INFO - | Epoch: 299/500 | Train Time: 0.142s | Train Loss: 7105.997803 |
2020-08-17 00:11:51,919 - root - INFO - | Epoch: 300/500 | Train Time: 0.142s | Train Loss: 7097.092936 |
2020-08-17 00:11:52,061 - root - INFO - | Epoch: 301/500 | Train Time: 0.142s | Train Loss: 7107.851549 |
2020-08-17 00:11:52,203 - root - INFO - | Epoch: 302/500 | Train Time: 0.142s | Train Loss: 7095.741225 |
2020-08-17 00:11:52,345 - root - INFO - | Epoch: 303/500 | Train Time: 0.142s | Train Loss: 7100.610175 |
2020-08-17 00:11:52,488 - root - INFO - | Epoch: 304/500 | Train Time: 0.143s | Train Loss: 7094.255629 |
2020-08-17 00:11:52,629 - root - INFO - | Epoch: 305/500 | Train Time: 0.142s | Train Loss: 7104.889865 |
2020-08-17 00:11:52,772 - root - INFO - | Epoch: 306/500 | Train Time: 0.142s | Train Loss: 7101.294013 |
2020-08-17 00:11:52,913 - root - INFO - | Epoch: 307/500 | Train Time: 0.142s | Train Loss: 7099.986192 |
2020-08-17 00:11:53,056 - root - INFO - | Epoch: 308/500 | Train Time: 0.142s | Train Loss: 7099.800754 |
2020-08-17 00:11:53,197 - root - INFO - | Epoch: 309/500 | Train Time: 0.142s | Train Loss: 7101.213148 |
2020-08-17 00:11:53,339 - root - INFO - | Epoch: 310/500 | Train Time: 0.142s | Train Loss: 7101.543755 |
2020-08-17 00:11:53,481 - root - INFO - | Epoch: 311/500 | Train Time: 0.142s | Train Loss: 7101.498223 |
2020-08-17 00:11:53,623 - root - INFO - | Epoch: 312/500 | Train Time: 0.142s | Train Loss: 7100.450684 |
2020-08-17 00:11:53,765 - root - INFO - | Epoch: 313/500 | Train Time: 0.142s | Train Loss: 7101.234199 |
2020-08-17 00:11:53,907 - root - INFO - | Epoch: 314/500 | Train Time: 0.142s | Train Loss: 7103.331462 |
2020-08-17 00:11:54,049 - root - INFO - | Epoch: 315/500 | Train Time: 0.142s | Train Loss: 7095.750488 |
2020-08-17 00:11:54,191 - root - INFO - | Epoch: 316/500 | Train Time: 0.142s | Train Loss: 7098.913262 |
2020-08-17 00:11:54,333 - root - INFO - | Epoch: 317/500 | Train Time: 0.141s | Train Loss: 7099.910916 |
2020-08-17 00:11:54,475 - root - INFO - | Epoch: 318/500 | Train Time: 0.142s | Train Loss: 7101.015666 |
2020-08-17 00:11:54,617 - root - INFO - | Epoch: 319/500 | Train Time: 0.141s | Train Loss: 7099.233941 |
2020-08-17 00:11:54,759 - root - INFO - | Epoch: 320/500 | Train Time: 0.143s | Train Loss: 7102.777900 |
2020-08-17 00:11:54,901 - root - INFO - | Epoch: 321/500 | Train Time: 0.141s | Train Loss: 7102.552422 |
2020-08-17 00:11:55,043 - root - INFO - | Epoch: 322/500 | Train Time: 0.142s | Train Loss: 7102.021267 |
2020-08-17 00:11:55,185 - root - INFO - | Epoch: 323/500 | Train Time: 0.142s | Train Loss: 7101.464871 |
2020-08-17 00:11:55,327 - root - INFO - | Epoch: 324/500 | Train Time: 0.142s | Train Loss: 7101.725694 |
2020-08-17 00:11:55,469 - root - INFO - | Epoch: 325/500 | Train Time: 0.142s | Train Loss: 7099.403551 |
2020-08-17 00:11:55,612 - root - INFO - | Epoch: 326/500 | Train Time: 0.143s | Train Loss: 7103.902574 |
2020-08-17 00:11:55,754 - root - INFO - | Epoch: 327/500 | Train Time: 0.142s | Train Loss: 7105.098592 |
2020-08-17 00:11:55,897 - root - INFO - | Epoch: 328/500 | Train Time: 0.143s | Train Loss: 7104.961114 |
2020-08-17 00:11:56,040 - root - INFO - | Epoch: 329/500 | Train Time: 0.143s | Train Loss: 7103.364421 |
2020-08-17 00:11:56,182 - root - INFO - | Epoch: 330/500 | Train Time: 0.142s | Train Loss: 7104.603027 |
2020-08-17 00:11:56,325 - root - INFO - | Epoch: 331/500 | Train Time: 0.143s | Train Loss: 7104.435357 |
2020-08-17 00:11:56,468 - root - INFO - | Epoch: 332/500 | Train Time: 0.143s | Train Loss: 7102.003120 |
2020-08-17 00:11:56,610 - root - INFO - | Epoch: 333/500 | Train Time: 0.142s | Train Loss: 7101.747748 |
2020-08-17 00:11:56,752 - root - INFO - | Epoch: 334/500 | Train Time: 0.142s | Train Loss: 7097.590061 |
2020-08-17 00:11:56,895 - root - INFO - | Epoch: 335/500 | Train Time: 0.142s | Train Loss: 7103.893378 |
2020-08-17 00:11:57,036 - root - INFO - | Epoch: 336/500 | Train Time: 0.141s | Train Loss: 7100.787448 |
2020-08-17 00:11:57,179 - root - INFO - | Epoch: 337/500 | Train Time: 0.142s | Train Loss: 7103.457913 |
2020-08-17 00:11:57,321 - root - INFO - | Epoch: 338/500 | Train Time: 0.142s | Train Loss: 7098.405613 |
2020-08-17 00:11:57,463 - root - INFO - | Epoch: 339/500 | Train Time: 0.142s | Train Loss: 7102.381510 |
2020-08-17 00:11:57,604 - root - INFO - | Epoch: 340/500 | Train Time: 0.142s | Train Loss: 7105.755561 |
2020-08-17 00:11:57,746 - root - INFO - | Epoch: 341/500 | Train Time: 0.142s | Train Loss: 7099.126478 |
2020-08-17 00:11:57,888 - root - INFO - | Epoch: 342/500 | Train Time: 0.142s | Train Loss: 7100.897583 |
2020-08-17 00:11:58,030 - root - INFO - | Epoch: 343/500 | Train Time: 0.141s | Train Loss: 7101.112861 |
2020-08-17 00:11:58,171 - root - INFO - | Epoch: 344/500 | Train Time: 0.142s | Train Loss: 7097.428060 |
2020-08-17 00:11:58,312 - root - INFO - | Epoch: 345/500 | Train Time: 0.141s | Train Loss: 7102.183363 |
2020-08-17 00:11:58,453 - root - INFO - | Epoch: 346/500 | Train Time: 0.141s | Train Loss: 7097.018867 |
2020-08-17 00:11:58,596 - root - INFO - | Epoch: 347/500 | Train Time: 0.142s | Train Loss: 7101.584201 |
2020-08-17 00:11:58,738 - root - INFO - | Epoch: 348/500 | Train Time: 0.142s | Train Loss: 7100.452637 |
2020-08-17 00:11:58,880 - root - INFO - | Epoch: 349/500 | Train Time: 0.142s | Train Loss: 7097.692654 |
2020-08-17 00:11:59,021 - root - INFO - | Epoch: 350/500 | Train Time: 0.142s | Train Loss: 7097.144233 |
2020-08-17 00:11:59,164 - root - INFO - | Epoch: 351/500 | Train Time: 0.142s | Train Loss: 7097.071954 |
2020-08-17 00:11:59,305 - root - INFO - | Epoch: 352/500 | Train Time: 0.141s | Train Loss: 7097.551934 |
2020-08-17 00:11:59,448 - root - INFO - | Epoch: 353/500 | Train Time: 0.143s | Train Loss: 7101.011081 |
2020-08-17 00:11:59,590 - root - INFO - | Epoch: 354/500 | Train Time: 0.142s | Train Loss: 7096.939738 |
2020-08-17 00:11:59,732 - root - INFO - | Epoch: 355/500 | Train Time: 0.142s | Train Loss: 7097.952569 |
2020-08-17 00:11:59,874 - root - INFO - | Epoch: 356/500 | Train Time: 0.141s | Train Loss: 7101.992282 |
2020-08-17 00:12:00,016 - root - INFO - | Epoch: 357/500 | Train Time: 0.142s | Train Loss: 7096.947957 |
2020-08-17 00:12:00,158 - root - INFO - | Epoch: 358/500 | Train Time: 0.142s | Train Loss: 7100.069824 |
2020-08-17 00:12:00,300 - root - INFO - | Epoch: 359/500 | Train Time: 0.142s | Train Loss: 7107.456638 |
2020-08-17 00:12:00,442 - root - INFO - | Epoch: 360/500 | Train Time: 0.142s | Train Loss: 7097.438666 |
2020-08-17 00:12:00,584 - root - INFO - | Epoch: 361/500 | Train Time: 0.142s | Train Loss: 7105.347575 |
2020-08-17 00:12:00,725 - root - INFO - | Epoch: 362/500 | Train Time: 0.141s | Train Loss: 7099.993286 |
2020-08-17 00:12:00,868 - root - INFO - | Epoch: 363/500 | Train Time: 0.142s | Train Loss: 7107.415080 |
2020-08-17 00:12:01,010 - root - INFO - | Epoch: 364/500 | Train Time: 0.142s | Train Loss: 7099.088840 |
2020-08-17 00:12:01,152 - root - INFO - | Epoch: 365/500 | Train Time: 0.142s | Train Loss: 7099.022719 |
2020-08-17 00:12:01,293 - root - INFO - | Epoch: 366/500 | Train Time: 0.141s | Train Loss: 7099.568454 |
2020-08-17 00:12:01,435 - root - INFO - | Epoch: 367/500 | Train Time: 0.142s | Train Loss: 7098.976061 |
2020-08-17 00:12:01,577 - root - INFO - | Epoch: 368/500 | Train Time: 0.142s | Train Loss: 7106.480360 |
2020-08-17 00:12:01,719 - root - INFO - | Epoch: 369/500 | Train Time: 0.142s | Train Loss: 7093.440348 |
2020-08-17 00:12:01,862 - root - INFO - | Epoch: 370/500 | Train Time: 0.142s | Train Loss: 7101.291192 |
2020-08-17 00:12:02,004 - root - INFO - | Epoch: 371/500 | Train Time: 0.142s | Train Loss: 7101.085707 |
2020-08-17 00:12:02,146 - root - INFO - | Epoch: 372/500 | Train Time: 0.142s | Train Loss: 7097.636122 |
2020-08-17 00:12:02,288 - root - INFO - | Epoch: 373/500 | Train Time: 0.142s | Train Loss: 7096.752889 |
2020-08-17 00:12:02,429 - root - INFO - | Epoch: 374/500 | Train Time: 0.142s | Train Loss: 7100.032850 |
2020-08-17 00:12:02,572 - root - INFO - | Epoch: 375/500 | Train Time: 0.142s | Train Loss: 7101.624607 |
2020-08-17 00:12:02,714 - root - INFO - | Epoch: 376/500 | Train Time: 0.142s | Train Loss: 7098.307075 |
2020-08-17 00:12:02,856 - root - INFO - | Epoch: 377/500 | Train Time: 0.142s | Train Loss: 7101.516371 |
2020-08-17 00:12:02,997 - root - INFO - | Epoch: 378/500 | Train Time: 0.141s | Train Loss: 7097.402941 |
2020-08-17 00:12:03,167 - root - INFO - | Epoch: 379/500 | Train Time: 0.169s | Train Loss: 7100.009142 |
2020-08-17 00:12:03,367 - root - INFO - | Epoch: 380/500 | Train Time: 0.200s | Train Loss: 7095.955241 |
2020-08-17 00:12:03,570 - root - INFO - | Epoch: 381/500 | Train Time: 0.202s | Train Loss: 7097.299574 |
2020-08-17 00:12:03,772 - root - INFO - | Epoch: 382/500 | Train Time: 0.202s | Train Loss: 7097.528076 |
2020-08-17 00:12:03,975 - root - INFO - | Epoch: 383/500 | Train Time: 0.202s | Train Loss: 7095.069661 |
2020-08-17 00:12:04,177 - root - INFO - | Epoch: 384/500 | Train Time: 0.202s | Train Loss: 7099.033786 |
2020-08-17 00:12:04,378 - root - INFO - | Epoch: 385/500 | Train Time: 0.201s | Train Loss: 7097.400146 |
2020-08-17 00:12:04,581 - root - INFO - | Epoch: 386/500 | Train Time: 0.203s | Train Loss: 7097.649455 |
2020-08-17 00:12:04,783 - root - INFO - | Epoch: 387/500 | Train Time: 0.202s | Train Loss: 7099.801568 |
2020-08-17 00:12:04,984 - root - INFO - | Epoch: 388/500 | Train Time: 0.201s | Train Loss: 7100.609524 |
2020-08-17 00:12:05,188 - root - INFO - | Epoch: 389/500 | Train Time: 0.203s | Train Loss: 7103.518311 |
2020-08-17 00:12:05,391 - root - INFO - | Epoch: 390/500 | Train Time: 0.203s | Train Loss: 7096.147135 |
2020-08-17 00:12:05,595 - root - INFO - | Epoch: 391/500 | Train Time: 0.204s | Train Loss: 7098.012153 |
2020-08-17 00:12:05,797 - root - INFO - | Epoch: 392/500 | Train Time: 0.202s | Train Loss: 7102.014621 |
2020-08-17 00:12:06,000 - root - INFO - | Epoch: 393/500 | Train Time: 0.203s | Train Loss: 7096.768745 |
2020-08-17 00:12:06,205 - root - INFO - | Epoch: 394/500 | Train Time: 0.204s | Train Loss: 7100.202650 |
2020-08-17 00:12:06,407 - root - INFO - | Epoch: 395/500 | Train Time: 0.202s | Train Loss: 7102.235026 |
2020-08-17 00:12:06,611 - root - INFO - | Epoch: 396/500 | Train Time: 0.203s | Train Loss: 7100.569743 |
2020-08-17 00:12:06,812 - root - INFO - | Epoch: 397/500 | Train Time: 0.201s | Train Loss: 7095.664524 |
2020-08-17 00:12:07,015 - root - INFO - | Epoch: 398/500 | Train Time: 0.202s | Train Loss: 7101.501085 |
2020-08-17 00:12:07,218 - root - INFO - | Epoch: 399/500 | Train Time: 0.203s | Train Loss: 7096.996379 |
2020-08-17 00:12:07,419 - root - INFO - | Epoch: 400/500 | Train Time: 0.201s | Train Loss: 7099.301297 |
2020-08-17 00:12:07,622 - root - INFO - | Epoch: 401/500 | Train Time: 0.202s | Train Loss: 7102.909139 |
2020-08-17 00:12:07,824 - root - INFO - | Epoch: 402/500 | Train Time: 0.202s | Train Loss: 7099.761393 |
2020-08-17 00:12:08,026 - root - INFO - | Epoch: 403/500 | Train Time: 0.202s | Train Loss: 7099.212199 |
2020-08-17 00:12:08,229 - root - INFO - | Epoch: 404/500 | Train Time: 0.203s | Train Loss: 7097.771362 |
2020-08-17 00:12:08,432 - root - INFO - | Epoch: 405/500 | Train Time: 0.202s | Train Loss: 7097.950494 |
2020-08-17 00:12:08,634 - root - INFO - | Epoch: 406/500 | Train Time: 0.202s | Train Loss: 7101.760010 |
2020-08-17 00:12:08,835 - root - INFO - | Epoch: 407/500 | Train Time: 0.200s | Train Loss: 7099.380669 |
2020-08-17 00:12:09,035 - root - INFO - | Epoch: 408/500 | Train Time: 0.200s | Train Loss: 7101.175564 |
2020-08-17 00:12:09,235 - root - INFO - | Epoch: 409/500 | Train Time: 0.200s | Train Loss: 7100.520955 |
2020-08-17 00:12:09,435 - root - INFO - | Epoch: 410/500 | Train Time: 0.201s | Train Loss: 7096.912665 |
2020-08-17 00:12:09,636 - root - INFO - | Epoch: 411/500 | Train Time: 0.200s | Train Loss: 7092.941596 |
2020-08-17 00:12:09,838 - root - INFO - | Epoch: 412/500 | Train Time: 0.202s | Train Loss: 7097.214979 |
2020-08-17 00:12:10,040 - root - INFO - | Epoch: 413/500 | Train Time: 0.202s | Train Loss: 7106.912137 |
2020-08-17 00:12:10,242 - root - INFO - | Epoch: 414/500 | Train Time: 0.202s | Train Loss: 7102.639119 |
2020-08-17 00:12:10,445 - root - INFO - | Epoch: 415/500 | Train Time: 0.202s | Train Loss: 7097.947225 |
2020-08-17 00:12:10,649 - root - INFO - | Epoch: 416/500 | Train Time: 0.203s | Train Loss: 7097.948093 |
2020-08-17 00:12:10,851 - root - INFO - | Epoch: 417/500 | Train Time: 0.203s | Train Loss: 7101.148505 |
2020-08-17 00:12:11,053 - root - INFO - | Epoch: 418/500 | Train Time: 0.202s | Train Loss: 7100.615180 |
2020-08-17 00:12:11,257 - root - INFO - | Epoch: 419/500 | Train Time: 0.203s | Train Loss: 7095.383138 |
2020-08-17 00:12:11,459 - root - INFO - | Epoch: 420/500 | Train Time: 0.202s | Train Loss: 7100.292955 |
2020-08-17 00:12:11,662 - root - INFO - | Epoch: 421/500 | Train Time: 0.202s | Train Loss: 7101.681261 |
2020-08-17 00:12:11,863 - root - INFO - | Epoch: 422/500 | Train Time: 0.201s | Train Loss: 7102.222995 |
2020-08-17 00:12:12,066 - root - INFO - | Epoch: 423/500 | Train Time: 0.203s | Train Loss: 7101.383816 |
2020-08-17 00:12:12,269 - root - INFO - | Epoch: 424/500 | Train Time: 0.203s | Train Loss: 7095.760742 |
2020-08-17 00:12:12,481 - root - INFO - | Epoch: 425/500 | Train Time: 0.211s | Train Loss: 7094.908366 |
2020-08-17 00:12:12,687 - root - INFO - | Epoch: 426/500 | Train Time: 0.206s | Train Loss: 7098.890584 |
2020-08-17 00:12:12,894 - root - INFO - | Epoch: 427/500 | Train Time: 0.207s | Train Loss: 7098.561646 |
2020-08-17 00:12:13,100 - root - INFO - | Epoch: 428/500 | Train Time: 0.206s | Train Loss: 7094.158556 |
2020-08-17 00:12:13,308 - root - INFO - | Epoch: 429/500 | Train Time: 0.208s | Train Loss: 7096.020277 |
2020-08-17 00:12:13,509 - root - INFO - | Epoch: 430/500 | Train Time: 0.201s | Train Loss: 7102.472493 |
2020-08-17 00:12:13,715 - root - INFO - | Epoch: 431/500 | Train Time: 0.206s | Train Loss: 7100.660563 |
2020-08-17 00:12:13,878 - root - INFO - | Epoch: 432/500 | Train Time: 0.163s | Train Loss: 7105.230794 |
2020-08-17 00:12:14,021 - root - INFO - | Epoch: 433/500 | Train Time: 0.142s | Train Loss: 7094.462375 |
2020-08-17 00:12:14,163 - root - INFO - | Epoch: 434/500 | Train Time: 0.142s | Train Loss: 7094.540270 |
2020-08-17 00:12:14,305 - root - INFO - | Epoch: 435/500 | Train Time: 0.142s | Train Loss: 7095.466878 |
2020-08-17 00:12:14,448 - root - INFO - | Epoch: 436/500 | Train Time: 0.142s | Train Loss: 7099.503377 |
2020-08-17 00:12:14,589 - root - INFO - | Epoch: 437/500 | Train Time: 0.142s | Train Loss: 7099.526164 |
2020-08-17 00:12:14,732 - root - INFO - | Epoch: 438/500 | Train Time: 0.142s | Train Loss: 7104.740234 |
2020-08-17 00:12:14,874 - root - INFO - | Epoch: 439/500 | Train Time: 0.142s | Train Loss: 7099.987766 |
2020-08-17 00:12:15,017 - root - INFO - | Epoch: 440/500 | Train Time: 0.143s | Train Loss: 7099.981500 |
2020-08-17 00:12:15,159 - root - INFO - | Epoch: 441/500 | Train Time: 0.142s | Train Loss: 7102.118422 |
2020-08-17 00:12:15,301 - root - INFO - | Epoch: 442/500 | Train Time: 0.142s | Train Loss: 7106.340074 |
2020-08-17 00:12:15,443 - root - INFO - | Epoch: 443/500 | Train Time: 0.142s | Train Loss: 7097.406006 |
2020-08-17 00:12:15,585 - root - INFO - | Epoch: 444/500 | Train Time: 0.142s | Train Loss: 7099.500285 |
2020-08-17 00:12:15,727 - root - INFO - | Epoch: 445/500 | Train Time: 0.142s | Train Loss: 7100.679376 |
2020-08-17 00:12:15,869 - root - INFO - | Epoch: 446/500 | Train Time: 0.142s | Train Loss: 7098.040880 |
2020-08-17 00:12:16,012 - root - INFO - | Epoch: 447/500 | Train Time: 0.142s | Train Loss: 7100.255480 |
2020-08-17 00:12:16,153 - root - INFO - | Epoch: 448/500 | Train Time: 0.142s | Train Loss: 7102.185452 |
2020-08-17 00:12:16,296 - root - INFO - | Epoch: 449/500 | Train Time: 0.142s | Train Loss: 7103.495538 |
2020-08-17 00:12:16,467 - root - INFO - | Epoch: 450/500 | Train Time: 0.171s | Train Loss: 7101.909410 |
2020-08-17 00:12:16,668 - root - INFO - | Epoch: 451/500 | Train Time: 0.201s | Train Loss: 7102.344835 |
2020-08-17 00:12:16,867 - root - INFO - | Epoch: 452/500 | Train Time: 0.199s | Train Loss: 7096.855482 |
2020-08-17 00:12:17,061 - root - INFO - | Epoch: 453/500 | Train Time: 0.194s | Train Loss: 7101.433743 |
2020-08-17 00:12:17,261 - root - INFO - | Epoch: 454/500 | Train Time: 0.200s | Train Loss: 7099.359497 |
2020-08-17 00:12:17,457 - root - INFO - | Epoch: 455/500 | Train Time: 0.196s | Train Loss: 7096.680800 |
2020-08-17 00:12:17,658 - root - INFO - | Epoch: 456/500 | Train Time: 0.201s | Train Loss: 7103.768202 |
2020-08-17 00:12:17,859 - root - INFO - | Epoch: 457/500 | Train Time: 0.201s | Train Loss: 7099.665622 |
2020-08-17 00:12:18,054 - root - INFO - | Epoch: 458/500 | Train Time: 0.194s | Train Loss: 7097.652181 |
2020-08-17 00:12:18,253 - root - INFO - | Epoch: 459/500 | Train Time: 0.199s | Train Loss: 7095.577162 |
2020-08-17 00:12:18,452 - root - INFO - | Epoch: 460/500 | Train Time: 0.199s | Train Loss: 7099.306546 |
2020-08-17 00:12:18,653 - root - INFO - | Epoch: 461/500 | Train Time: 0.201s | Train Loss: 7099.148505 |
2020-08-17 00:12:18,856 - root - INFO - | Epoch: 462/500 | Train Time: 0.203s | Train Loss: 7093.584907 |
2020-08-17 00:12:19,056 - root - INFO - | Epoch: 463/500 | Train Time: 0.200s | Train Loss: 7097.759467 |
2020-08-17 00:12:19,259 - root - INFO - | Epoch: 464/500 | Train Time: 0.202s | Train Loss: 7103.230374 |
2020-08-17 00:12:19,459 - root - INFO - | Epoch: 465/500 | Train Time: 0.200s | Train Loss: 7103.620782 |
2020-08-17 00:12:19,661 - root - INFO - | Epoch: 466/500 | Train Time: 0.202s | Train Loss: 7095.154460 |
2020-08-17 00:12:19,865 - root - INFO - | Epoch: 467/500 | Train Time: 0.204s | Train Loss: 7103.124417 |
2020-08-17 00:12:20,063 - root - INFO - | Epoch: 468/500 | Train Time: 0.198s | Train Loss: 7095.481500 |
2020-08-17 00:12:20,263 - root - INFO - | Epoch: 469/500 | Train Time: 0.200s | Train Loss: 7101.019708 |
2020-08-17 00:12:20,463 - root - INFO - | Epoch: 470/500 | Train Time: 0.201s | Train Loss: 7103.625298 |
2020-08-17 00:12:20,669 - root - INFO - | Epoch: 471/500 | Train Time: 0.205s | Train Loss: 7095.628404 |
2020-08-17 00:12:20,877 - root - INFO - | Epoch: 472/500 | Train Time: 0.208s | Train Loss: 7097.899590 |
2020-08-17 00:12:21,080 - root - INFO - | Epoch: 473/500 | Train Time: 0.203s | Train Loss: 7100.140259 |
2020-08-17 00:12:21,287 - root - INFO - | Epoch: 474/500 | Train Time: 0.207s | Train Loss: 7104.042426 |
2020-08-17 00:12:21,490 - root - INFO - | Epoch: 475/500 | Train Time: 0.202s | Train Loss: 7097.002306 |
2020-08-17 00:12:21,695 - root - INFO - | Epoch: 476/500 | Train Time: 0.206s | Train Loss: 7096.812717 |
2020-08-17 00:12:21,901 - root - INFO - | Epoch: 477/500 | Train Time: 0.206s | Train Loss: 7092.722032 |
2020-08-17 00:12:22,106 - root - INFO - | Epoch: 478/500 | Train Time: 0.204s | Train Loss: 7098.891873 |
2020-08-17 00:12:22,311 - root - INFO - | Epoch: 479/500 | Train Time: 0.205s | Train Loss: 7100.664700 |
2020-08-17 00:12:22,514 - root - INFO - | Epoch: 480/500 | Train Time: 0.203s | Train Loss: 7099.381673 |
2020-08-17 00:12:22,721 - root - INFO - | Epoch: 481/500 | Train Time: 0.207s | Train Loss: 7099.119873 |
2020-08-17 00:12:22,926 - root - INFO - | Epoch: 482/500 | Train Time: 0.205s | Train Loss: 7096.610284 |
2020-08-17 00:12:23,131 - root - INFO - | Epoch: 483/500 | Train Time: 0.205s | Train Loss: 7099.122396 |
2020-08-17 00:12:23,337 - root - INFO - | Epoch: 484/500 | Train Time: 0.206s | Train Loss: 7095.727851 |
2020-08-17 00:12:23,544 - root - INFO - | Epoch: 485/500 | Train Time: 0.206s | Train Loss: 7099.470025 |
2020-08-17 00:12:23,749 - root - INFO - | Epoch: 486/500 | Train Time: 0.205s | Train Loss: 7097.460015 |
2020-08-17 00:12:23,955 - root - INFO - | Epoch: 487/500 | Train Time: 0.206s | Train Loss: 7098.731662 |
2020-08-17 00:12:24,161 - root - INFO - | Epoch: 488/500 | Train Time: 0.206s | Train Loss: 7095.049913 |
2020-08-17 00:12:24,368 - root - INFO - | Epoch: 489/500 | Train Time: 0.207s | Train Loss: 7097.504530 |
2020-08-17 00:12:24,575 - root - INFO - | Epoch: 490/500 | Train Time: 0.206s | Train Loss: 7099.291599 |
2020-08-17 00:12:24,781 - root - INFO - | Epoch: 491/500 | Train Time: 0.206s | Train Loss: 7101.321248 |
2020-08-17 00:12:24,988 - root - INFO - | Epoch: 492/500 | Train Time: 0.207s | Train Loss: 7095.873318 |
2020-08-17 00:12:25,195 - root - INFO - | Epoch: 493/500 | Train Time: 0.207s | Train Loss: 7098.145291 |
2020-08-17 00:12:25,401 - root - INFO - | Epoch: 494/500 | Train Time: 0.206s | Train Loss: 7096.931030 |
2020-08-17 00:12:25,607 - root - INFO - | Epoch: 495/500 | Train Time: 0.206s | Train Loss: 7098.898071 |
2020-08-17 00:12:25,814 - root - INFO - | Epoch: 496/500 | Train Time: 0.206s | Train Loss: 7097.866496 |
2020-08-17 00:12:26,019 - root - INFO - | Epoch: 497/500 | Train Time: 0.205s | Train Loss: 7100.674940 |
2020-08-17 00:12:26,225 - root - INFO - | Epoch: 498/500 | Train Time: 0.206s | Train Loss: 7095.251519 |
2020-08-17 00:12:26,430 - root - INFO - | Epoch: 499/500 | Train Time: 0.205s | Train Loss: 7098.492065 |
2020-08-17 00:12:26,637 - root - INFO - | Epoch: 500/500 | Train Time: 0.207s | Train Loss: 7096.349664 |
2020-08-17 00:12:26,637 - root - INFO - Training Time: 93.534s
2020-08-17 00:12:26,637 - root - INFO - Finished training.
2020-08-17 00:12:26,638 - root - INFO - Starting testing...
2020-08-17 00:12:26,660 - root - INFO - Test AUC: 57.09%
2020-08-17 00:12:26,661 - root - INFO - Test Time: 0.021s
2020-08-17 00:12:26,661 - root - INFO - Finished testing.
2020-08-17 00:12:26,733 - root - INFO - Starting testing...
2020-08-17 00:12:26,755 - root - INFO - Test AUC: 57.09%
2020-08-17 00:12:26,755 - root - INFO - Test Time: 0.020s
2020-08-17 00:12:26,755 - root - INFO - Finished testing.
