2020-07-16 23:34:15,347 - root - INFO - I am pre-training for you.
2020-07-16 23:34:17,052 - root - INFO - | Epoch: 001/100 | Train Time: 0.148s | Train Loss: 0.103019 |
2020-07-16 23:34:17,172 - root - INFO - | Epoch: 002/100 | Train Time: 0.119s | Train Loss: 0.043488 |
2020-07-16 23:34:17,283 - root - INFO - | Epoch: 003/100 | Train Time: 0.111s | Train Loss: 0.020835 |
2020-07-16 23:34:17,404 - root - INFO - | Epoch: 004/100 | Train Time: 0.121s | Train Loss: 0.018671 |
2020-07-16 23:34:17,526 - root - INFO - | Epoch: 005/100 | Train Time: 0.121s | Train Loss: 0.018368 |
2020-07-16 23:34:17,636 - root - INFO - | Epoch: 006/100 | Train Time: 0.110s | Train Loss: 0.018138 |
2020-07-16 23:34:17,746 - root - INFO - | Epoch: 007/100 | Train Time: 0.110s | Train Loss: 0.017910 |
2020-07-16 23:34:17,855 - root - INFO - | Epoch: 008/100 | Train Time: 0.109s | Train Loss: 0.017711 |
2020-07-16 23:34:17,965 - root - INFO - | Epoch: 009/100 | Train Time: 0.110s | Train Loss: 0.017544 |
2020-07-16 23:34:18,095 - root - INFO - | Epoch: 010/100 | Train Time: 0.130s | Train Loss: 0.017368 |
2020-07-16 23:34:18,204 - root - INFO - | Epoch: 011/100 | Train Time: 0.109s | Train Loss: 0.017236 |
2020-07-16 23:34:18,315 - root - INFO - | Epoch: 012/100 | Train Time: 0.110s | Train Loss: 0.017020 |
2020-07-16 23:34:18,444 - root - INFO - | Epoch: 013/100 | Train Time: 0.129s | Train Loss: 0.016901 |
2020-07-16 23:34:18,553 - root - INFO - | Epoch: 014/100 | Train Time: 0.109s | Train Loss: 0.016732 |
2020-07-16 23:34:18,693 - root - INFO - | Epoch: 015/100 | Train Time: 0.140s | Train Loss: 0.016542 |
2020-07-16 23:34:18,810 - root - INFO - | Epoch: 016/100 | Train Time: 0.117s | Train Loss: 0.016356 |
2020-07-16 23:34:18,920 - root - INFO - | Epoch: 017/100 | Train Time: 0.110s | Train Loss: 0.016189 |
2020-07-16 23:34:19,030 - root - INFO - | Epoch: 018/100 | Train Time: 0.110s | Train Loss: 0.016005 |
2020-07-16 23:34:19,142 - root - INFO - | Epoch: 019/100 | Train Time: 0.112s | Train Loss: 0.015773 |
2020-07-16 23:34:19,253 - root - INFO - | Epoch: 020/100 | Train Time: 0.111s | Train Loss: 0.015621 |
2020-07-16 23:34:19,392 - root - INFO - | Epoch: 021/100 | Train Time: 0.138s | Train Loss: 0.015368 |
2020-07-16 23:34:19,515 - root - INFO - | Epoch: 022/100 | Train Time: 0.123s | Train Loss: 0.015145 |
2020-07-16 23:34:19,626 - root - INFO - | Epoch: 023/100 | Train Time: 0.111s | Train Loss: 0.014908 |
2020-07-16 23:34:19,737 - root - INFO - | Epoch: 024/100 | Train Time: 0.111s | Train Loss: 0.014684 |
2020-07-16 23:34:19,848 - root - INFO - | Epoch: 025/100 | Train Time: 0.110s | Train Loss: 0.014433 |
2020-07-16 23:34:19,957 - root - INFO - | Epoch: 026/100 | Train Time: 0.109s | Train Loss: 0.014167 |
2020-07-16 23:34:20,066 - root - INFO - | Epoch: 027/100 | Train Time: 0.108s | Train Loss: 0.013882 |
2020-07-16 23:34:20,174 - root - INFO - | Epoch: 028/100 | Train Time: 0.108s | Train Loss: 0.013584 |
2020-07-16 23:34:20,303 - root - INFO - | Epoch: 029/100 | Train Time: 0.129s | Train Loss: 0.013339 |
2020-07-16 23:34:20,413 - root - INFO - | Epoch: 030/100 | Train Time: 0.110s | Train Loss: 0.013001 |
2020-07-16 23:34:20,521 - root - INFO - | Epoch: 031/100 | Train Time: 0.108s | Train Loss: 0.012755 |
2020-07-16 23:34:20,646 - root - INFO - | Epoch: 032/100 | Train Time: 0.124s | Train Loss: 0.012481 |
2020-07-16 23:34:20,760 - root - INFO - | Epoch: 033/100 | Train Time: 0.114s | Train Loss: 0.012281 |
2020-07-16 23:34:20,869 - root - INFO - | Epoch: 034/100 | Train Time: 0.109s | Train Loss: 0.012010 |
2020-07-16 23:34:20,997 - root - INFO - | Epoch: 035/100 | Train Time: 0.128s | Train Loss: 0.011832 |
2020-07-16 23:34:21,127 - root - INFO - | Epoch: 036/100 | Train Time: 0.129s | Train Loss: 0.011656 |
2020-07-16 23:34:21,228 - root - INFO - | Epoch: 037/100 | Train Time: 0.101s | Train Loss: 0.011500 |
2020-07-16 23:34:21,346 - root - INFO - | Epoch: 038/100 | Train Time: 0.118s | Train Loss: 0.011341 |
2020-07-16 23:34:21,473 - root - INFO - | Epoch: 039/100 | Train Time: 0.127s | Train Loss: 0.011212 |
2020-07-16 23:34:21,577 - root - INFO - | Epoch: 040/100 | Train Time: 0.104s | Train Loss: 0.011159 |
2020-07-16 23:34:21,679 - root - INFO - | Epoch: 041/100 | Train Time: 0.102s | Train Loss: 0.011115 |
2020-07-16 23:34:21,780 - root - INFO - | Epoch: 042/100 | Train Time: 0.101s | Train Loss: 0.010993 |
2020-07-16 23:34:21,881 - root - INFO - | Epoch: 043/100 | Train Time: 0.101s | Train Loss: 0.010908 |
2020-07-16 23:34:21,983 - root - INFO - | Epoch: 044/100 | Train Time: 0.101s | Train Loss: 0.010863 |
2020-07-16 23:34:22,084 - root - INFO - | Epoch: 045/100 | Train Time: 0.100s | Train Loss: 0.010712 |
2020-07-16 23:34:22,184 - root - INFO - | Epoch: 046/100 | Train Time: 0.101s | Train Loss: 0.010646 |
2020-07-16 23:34:22,285 - root - INFO - | Epoch: 047/100 | Train Time: 0.100s | Train Loss: 0.010575 |
2020-07-16 23:34:22,385 - root - INFO - | Epoch: 048/100 | Train Time: 0.100s | Train Loss: 0.010394 |
2020-07-16 23:34:22,486 - root - INFO - | Epoch: 049/100 | Train Time: 0.101s | Train Loss: 0.010258 |
2020-07-16 23:34:22,587 - root - INFO - | Epoch: 050/100 | Train Time: 0.101s | Train Loss: 0.010119 |
2020-07-16 23:34:22,587 - root - INFO -   LR scheduler: new learning rate is 0.0001
2020-07-16 23:34:22,688 - root - INFO - | Epoch: 051/100 | Train Time: 0.101s | Train Loss: 0.010066 |
2020-07-16 23:34:22,790 - root - INFO - | Epoch: 052/100 | Train Time: 0.102s | Train Loss: 0.010044 |
2020-07-16 23:34:22,891 - root - INFO - | Epoch: 053/100 | Train Time: 0.101s | Train Loss: 0.010039 |
2020-07-16 23:34:22,992 - root - INFO - | Epoch: 054/100 | Train Time: 0.101s | Train Loss: 0.010033 |
2020-07-16 23:34:23,093 - root - INFO - | Epoch: 055/100 | Train Time: 0.101s | Train Loss: 0.009984 |
2020-07-16 23:34:23,195 - root - INFO - | Epoch: 056/100 | Train Time: 0.101s | Train Loss: 0.009972 |
2020-07-16 23:34:23,296 - root - INFO - | Epoch: 057/100 | Train Time: 0.102s | Train Loss: 0.009953 |
2020-07-16 23:34:23,397 - root - INFO - | Epoch: 058/100 | Train Time: 0.100s | Train Loss: 0.009930 |
2020-07-16 23:34:23,498 - root - INFO - | Epoch: 059/100 | Train Time: 0.101s | Train Loss: 0.009869 |
2020-07-16 23:34:23,599 - root - INFO - | Epoch: 060/100 | Train Time: 0.101s | Train Loss: 0.009835 |
2020-07-16 23:34:23,700 - root - INFO - | Epoch: 061/100 | Train Time: 0.101s | Train Loss: 0.009844 |
2020-07-16 23:34:23,802 - root - INFO - | Epoch: 062/100 | Train Time: 0.102s | Train Loss: 0.009831 |
2020-07-16 23:34:23,903 - root - INFO - | Epoch: 063/100 | Train Time: 0.101s | Train Loss: 0.009777 |
2020-07-16 23:34:24,005 - root - INFO - | Epoch: 064/100 | Train Time: 0.102s | Train Loss: 0.009763 |
2020-07-16 23:34:24,125 - root - INFO - | Epoch: 065/100 | Train Time: 0.120s | Train Loss: 0.009699 |
2020-07-16 23:34:24,229 - root - INFO - | Epoch: 066/100 | Train Time: 0.104s | Train Loss: 0.009668 |
2020-07-16 23:34:24,331 - root - INFO - | Epoch: 067/100 | Train Time: 0.102s | Train Loss: 0.009657 |
2020-07-16 23:34:24,454 - root - INFO - | Epoch: 068/100 | Train Time: 0.122s | Train Loss: 0.009618 |
2020-07-16 23:34:24,568 - root - INFO - | Epoch: 069/100 | Train Time: 0.114s | Train Loss: 0.009554 |
2020-07-16 23:34:24,671 - root - INFO - | Epoch: 070/100 | Train Time: 0.103s | Train Loss: 0.009544 |
2020-07-16 23:34:24,772 - root - INFO - | Epoch: 071/100 | Train Time: 0.101s | Train Loss: 0.009524 |
2020-07-16 23:34:24,872 - root - INFO - | Epoch: 072/100 | Train Time: 0.100s | Train Loss: 0.009459 |
2020-07-16 23:34:24,973 - root - INFO - | Epoch: 073/100 | Train Time: 0.101s | Train Loss: 0.009433 |
2020-07-16 23:34:25,072 - root - INFO - | Epoch: 074/100 | Train Time: 0.099s | Train Loss: 0.009392 |
2020-07-16 23:34:25,173 - root - INFO - | Epoch: 075/100 | Train Time: 0.100s | Train Loss: 0.009332 |
2020-07-16 23:34:25,275 - root - INFO - | Epoch: 076/100 | Train Time: 0.102s | Train Loss: 0.009298 |
2020-07-16 23:34:25,376 - root - INFO - | Epoch: 077/100 | Train Time: 0.101s | Train Loss: 0.009258 |
2020-07-16 23:34:25,478 - root - INFO - | Epoch: 078/100 | Train Time: 0.102s | Train Loss: 0.009238 |
2020-07-16 23:34:25,580 - root - INFO - | Epoch: 079/100 | Train Time: 0.101s | Train Loss: 0.009156 |
2020-07-16 23:34:25,698 - root - INFO - | Epoch: 080/100 | Train Time: 0.118s | Train Loss: 0.009143 |
2020-07-16 23:34:25,805 - root - INFO - | Epoch: 081/100 | Train Time: 0.107s | Train Loss: 0.009075 |
2020-07-16 23:34:25,906 - root - INFO - | Epoch: 082/100 | Train Time: 0.101s | Train Loss: 0.008995 |
2020-07-16 23:34:26,008 - root - INFO - | Epoch: 083/100 | Train Time: 0.102s | Train Loss: 0.008982 |
2020-07-16 23:34:26,109 - root - INFO - | Epoch: 084/100 | Train Time: 0.101s | Train Loss: 0.008902 |
2020-07-16 23:34:26,212 - root - INFO - | Epoch: 085/100 | Train Time: 0.102s | Train Loss: 0.008851 |
2020-07-16 23:34:26,314 - root - INFO - | Epoch: 086/100 | Train Time: 0.102s | Train Loss: 0.008777 |
2020-07-16 23:34:26,415 - root - INFO - | Epoch: 087/100 | Train Time: 0.101s | Train Loss: 0.008747 |
2020-07-16 23:34:26,516 - root - INFO - | Epoch: 088/100 | Train Time: 0.101s | Train Loss: 0.008663 |
2020-07-16 23:34:26,616 - root - INFO - | Epoch: 089/100 | Train Time: 0.100s | Train Loss: 0.008655 |
2020-07-16 23:34:26,718 - root - INFO - | Epoch: 090/100 | Train Time: 0.102s | Train Loss: 0.008584 |
2020-07-16 23:34:26,821 - root - INFO - | Epoch: 091/100 | Train Time: 0.103s | Train Loss: 0.008521 |
2020-07-16 23:34:26,923 - root - INFO - | Epoch: 092/100 | Train Time: 0.102s | Train Loss: 0.008487 |
2020-07-16 23:34:27,024 - root - INFO - | Epoch: 093/100 | Train Time: 0.101s | Train Loss: 0.008408 |
2020-07-16 23:34:27,126 - root - INFO - | Epoch: 094/100 | Train Time: 0.101s | Train Loss: 0.008322 |
2020-07-16 23:34:27,226 - root - INFO - | Epoch: 095/100 | Train Time: 0.101s | Train Loss: 0.008291 |
2020-07-16 23:34:27,327 - root - INFO - | Epoch: 096/100 | Train Time: 0.100s | Train Loss: 0.008229 |
2020-07-16 23:34:27,427 - root - INFO - | Epoch: 097/100 | Train Time: 0.100s | Train Loss: 0.008177 |
2020-07-16 23:34:27,527 - root - INFO - | Epoch: 098/100 | Train Time: 0.100s | Train Loss: 0.008102 |
2020-07-16 23:34:27,628 - root - INFO - | Epoch: 099/100 | Train Time: 0.101s | Train Loss: 0.008017 |
2020-07-16 23:34:27,729 - root - INFO - | Epoch: 100/100 | Train Time: 0.100s | Train Loss: 0.007977 |
2020-07-16 23:34:27,729 - root - INFO - Pretraining Time: 10.843s
2020-07-16 23:34:27,729 - root - INFO - Finished pretraining.
2020-07-16 23:34:27,729 - root - INFO - Testing autoencoder...
2020-07-16 23:34:27,739 - root - INFO - Test Loss: 0.007490
2020-07-16 23:34:27,739 - root - INFO - Test Time: 0.010s
2020-07-16 23:34:27,739 - root - INFO - Finished testing autoencoder.
2020-07-16 23:34:27,741 - root - INFO - Hey I am loading net for you!
2020-07-16 23:34:27,741 - root - INFO - Setting hyper-parameters!
2020-07-16 23:34:27,742 - root - INFO - Initializing center c...
2020-07-16 23:34:27,767 - root - INFO - Center c initialized.
2020-07-16 23:34:27,767 - root - INFO - Starting training...
2020-07-16 23:34:27,840 - root - INFO - | Epoch: 001/100 | Train Time: 0.073s | Train Loss: 0.005253 |
2020-07-16 23:34:27,915 - root - INFO - | Epoch: 002/100 | Train Time: 0.075s | Train Loss: 0.004984 |
2020-07-16 23:34:28,003 - root - INFO - | Epoch: 003/100 | Train Time: 0.088s | Train Loss: 0.004713 |
2020-07-16 23:34:28,076 - root - INFO - | Epoch: 004/100 | Train Time: 0.074s | Train Loss: 0.004417 |
2020-07-16 23:34:28,150 - root - INFO - | Epoch: 005/100 | Train Time: 0.074s | Train Loss: 0.004129 |
2020-07-16 23:34:28,225 - root - INFO - | Epoch: 006/100 | Train Time: 0.075s | Train Loss: 0.003845 |
2020-07-16 23:34:28,299 - root - INFO - | Epoch: 007/100 | Train Time: 0.074s | Train Loss: 0.003557 |
2020-07-16 23:34:28,373 - root - INFO - | Epoch: 008/100 | Train Time: 0.074s | Train Loss: 0.003289 |
2020-07-16 23:34:28,447 - root - INFO - | Epoch: 009/100 | Train Time: 0.074s | Train Loss: 0.003019 |
2020-07-16 23:34:28,521 - root - INFO - | Epoch: 010/100 | Train Time: 0.074s | Train Loss: 0.002768 |
2020-07-16 23:34:28,595 - root - INFO - | Epoch: 011/100 | Train Time: 0.074s | Train Loss: 0.002540 |
2020-07-16 23:34:28,669 - root - INFO - | Epoch: 012/100 | Train Time: 0.074s | Train Loss: 0.002333 |
2020-07-16 23:34:28,742 - root - INFO - | Epoch: 013/100 | Train Time: 0.073s | Train Loss: 0.002141 |
2020-07-16 23:34:28,829 - root - INFO - | Epoch: 014/100 | Train Time: 0.087s | Train Loss: 0.001969 |
2020-07-16 23:34:28,903 - root - INFO - | Epoch: 015/100 | Train Time: 0.074s | Train Loss: 0.001809 |
2020-07-16 23:34:28,976 - root - INFO - | Epoch: 016/100 | Train Time: 0.074s | Train Loss: 0.001673 |
2020-07-16 23:34:29,064 - root - INFO - | Epoch: 017/100 | Train Time: 0.087s | Train Loss: 0.001554 |
2020-07-16 23:34:29,149 - root - INFO - | Epoch: 018/100 | Train Time: 0.085s | Train Loss: 0.001457 |
2020-07-16 23:34:29,226 - root - INFO - | Epoch: 019/100 | Train Time: 0.078s | Train Loss: 0.001370 |
2020-07-16 23:34:29,304 - root - INFO - | Epoch: 020/100 | Train Time: 0.078s | Train Loss: 0.001292 |
2020-07-16 23:34:29,382 - root - INFO - | Epoch: 021/100 | Train Time: 0.078s | Train Loss: 0.001223 |
2020-07-16 23:34:29,462 - root - INFO - | Epoch: 022/100 | Train Time: 0.080s | Train Loss: 0.001158 |
2020-07-16 23:34:29,540 - root - INFO - | Epoch: 023/100 | Train Time: 0.078s | Train Loss: 0.001102 |
2020-07-16 23:34:29,620 - root - INFO - | Epoch: 024/100 | Train Time: 0.079s | Train Loss: 0.001054 |
2020-07-16 23:34:29,700 - root - INFO - | Epoch: 025/100 | Train Time: 0.081s | Train Loss: 0.001004 |
2020-07-16 23:34:29,781 - root - INFO - | Epoch: 026/100 | Train Time: 0.081s | Train Loss: 0.000964 |
2020-07-16 23:34:29,882 - root - INFO - | Epoch: 027/100 | Train Time: 0.101s | Train Loss: 0.000924 |
2020-07-16 23:34:29,962 - root - INFO - | Epoch: 028/100 | Train Time: 0.081s | Train Loss: 0.000891 |
2020-07-16 23:34:30,043 - root - INFO - | Epoch: 029/100 | Train Time: 0.081s | Train Loss: 0.000858 |
2020-07-16 23:34:30,123 - root - INFO - | Epoch: 030/100 | Train Time: 0.080s | Train Loss: 0.000832 |
2020-07-16 23:34:30,202 - root - INFO - | Epoch: 031/100 | Train Time: 0.078s | Train Loss: 0.000805 |
2020-07-16 23:34:30,280 - root - INFO - | Epoch: 032/100 | Train Time: 0.078s | Train Loss: 0.000776 |
2020-07-16 23:34:30,371 - root - INFO - | Epoch: 033/100 | Train Time: 0.091s | Train Loss: 0.000755 |
2020-07-16 23:34:30,464 - root - INFO - | Epoch: 034/100 | Train Time: 0.093s | Train Loss: 0.000732 |
2020-07-16 23:34:30,544 - root - INFO - | Epoch: 035/100 | Train Time: 0.080s | Train Loss: 0.000707 |
2020-07-16 23:34:30,622 - root - INFO - | Epoch: 036/100 | Train Time: 0.078s | Train Loss: 0.000685 |
2020-07-16 23:34:30,705 - root - INFO - | Epoch: 037/100 | Train Time: 0.083s | Train Loss: 0.000665 |
2020-07-16 23:34:30,802 - root - INFO - | Epoch: 038/100 | Train Time: 0.097s | Train Loss: 0.000648 |
2020-07-16 23:34:30,882 - root - INFO - | Epoch: 039/100 | Train Time: 0.079s | Train Loss: 0.000631 |
2020-07-16 23:34:30,961 - root - INFO - | Epoch: 040/100 | Train Time: 0.079s | Train Loss: 0.000615 |
2020-07-16 23:34:31,041 - root - INFO - | Epoch: 041/100 | Train Time: 0.080s | Train Loss: 0.000596 |
2020-07-16 23:34:31,137 - root - INFO - | Epoch: 042/100 | Train Time: 0.096s | Train Loss: 0.000581 |
2020-07-16 23:34:31,236 - root - INFO - | Epoch: 043/100 | Train Time: 0.098s | Train Loss: 0.000566 |
2020-07-16 23:34:31,324 - root - INFO - | Epoch: 044/100 | Train Time: 0.088s | Train Loss: 0.000553 |
2020-07-16 23:34:31,403 - root - INFO - | Epoch: 045/100 | Train Time: 0.079s | Train Loss: 0.000537 |
2020-07-16 23:34:31,482 - root - INFO - | Epoch: 046/100 | Train Time: 0.079s | Train Loss: 0.000525 |
2020-07-16 23:34:31,561 - root - INFO - | Epoch: 047/100 | Train Time: 0.079s | Train Loss: 0.000512 |
2020-07-16 23:34:31,641 - root - INFO - | Epoch: 048/100 | Train Time: 0.080s | Train Loss: 0.000498 |
2020-07-16 23:34:31,735 - root - INFO - | Epoch: 049/100 | Train Time: 0.094s | Train Loss: 0.000487 |
2020-07-16 23:34:31,822 - root - INFO - | Epoch: 050/100 | Train Time: 0.087s | Train Loss: 0.000473 |
2020-07-16 23:34:31,822 - root - INFO -   LR scheduler: new learning rate is 1e-06
2020-07-16 23:34:31,902 - root - INFO - | Epoch: 051/100 | Train Time: 0.079s | Train Loss: 0.000467 |
2020-07-16 23:34:31,981 - root - INFO - | Epoch: 052/100 | Train Time: 0.079s | Train Loss: 0.000465 |
2020-07-16 23:34:32,061 - root - INFO - | Epoch: 053/100 | Train Time: 0.079s | Train Loss: 0.000465 |
2020-07-16 23:34:32,147 - root - INFO - | Epoch: 054/100 | Train Time: 0.086s | Train Loss: 0.000464 |
2020-07-16 23:34:32,243 - root - INFO - | Epoch: 055/100 | Train Time: 0.096s | Train Loss: 0.000465 |
2020-07-16 23:34:32,323 - root - INFO - | Epoch: 056/100 | Train Time: 0.080s | Train Loss: 0.000461 |
2020-07-16 23:34:32,402 - root - INFO - | Epoch: 057/100 | Train Time: 0.079s | Train Loss: 0.000461 |
2020-07-16 23:34:32,481 - root - INFO - | Epoch: 058/100 | Train Time: 0.079s | Train Loss: 0.000460 |
2020-07-16 23:34:32,558 - root - INFO - | Epoch: 059/100 | Train Time: 0.077s | Train Loss: 0.000458 |
2020-07-16 23:34:32,637 - root - INFO - | Epoch: 060/100 | Train Time: 0.079s | Train Loss: 0.000458 |
2020-07-16 23:34:32,716 - root - INFO - | Epoch: 061/100 | Train Time: 0.079s | Train Loss: 0.000454 |
2020-07-16 23:34:32,795 - root - INFO - | Epoch: 062/100 | Train Time: 0.079s | Train Loss: 0.000454 |
2020-07-16 23:34:32,875 - root - INFO - | Epoch: 063/100 | Train Time: 0.080s | Train Loss: 0.000455 |
2020-07-16 23:34:32,953 - root - INFO - | Epoch: 064/100 | Train Time: 0.078s | Train Loss: 0.000452 |
2020-07-16 23:34:33,033 - root - INFO - | Epoch: 065/100 | Train Time: 0.079s | Train Loss: 0.000452 |
2020-07-16 23:34:33,111 - root - INFO - | Epoch: 066/100 | Train Time: 0.079s | Train Loss: 0.000451 |
2020-07-16 23:34:33,190 - root - INFO - | Epoch: 067/100 | Train Time: 0.079s | Train Loss: 0.000449 |
2020-07-16 23:34:33,269 - root - INFO - | Epoch: 068/100 | Train Time: 0.079s | Train Loss: 0.000447 |
2020-07-16 23:34:33,349 - root - INFO - | Epoch: 069/100 | Train Time: 0.080s | Train Loss: 0.000447 |
2020-07-16 23:34:33,429 - root - INFO - | Epoch: 070/100 | Train Time: 0.080s | Train Loss: 0.000444 |
2020-07-16 23:34:33,507 - root - INFO - | Epoch: 071/100 | Train Time: 0.077s | Train Loss: 0.000444 |
2020-07-16 23:34:33,586 - root - INFO - | Epoch: 072/100 | Train Time: 0.079s | Train Loss: 0.000443 |
2020-07-16 23:34:33,664 - root - INFO - | Epoch: 073/100 | Train Time: 0.078s | Train Loss: 0.000442 |
2020-07-16 23:34:33,744 - root - INFO - | Epoch: 074/100 | Train Time: 0.080s | Train Loss: 0.000440 |
2020-07-16 23:34:33,824 - root - INFO - | Epoch: 075/100 | Train Time: 0.080s | Train Loss: 0.000439 |
2020-07-16 23:34:33,904 - root - INFO - | Epoch: 076/100 | Train Time: 0.080s | Train Loss: 0.000438 |
2020-07-16 23:34:33,984 - root - INFO - | Epoch: 077/100 | Train Time: 0.080s | Train Loss: 0.000436 |
2020-07-16 23:34:34,064 - root - INFO - | Epoch: 078/100 | Train Time: 0.080s | Train Loss: 0.000435 |
2020-07-16 23:34:34,165 - root - INFO - | Epoch: 079/100 | Train Time: 0.101s | Train Loss: 0.000434 |
2020-07-16 23:34:34,246 - root - INFO - | Epoch: 080/100 | Train Time: 0.081s | Train Loss: 0.000433 |
2020-07-16 23:34:34,325 - root - INFO - | Epoch: 081/100 | Train Time: 0.078s | Train Loss: 0.000430 |
2020-07-16 23:34:34,405 - root - INFO - | Epoch: 082/100 | Train Time: 0.080s | Train Loss: 0.000429 |
2020-07-16 23:34:34,485 - root - INFO - | Epoch: 083/100 | Train Time: 0.080s | Train Loss: 0.000428 |
2020-07-16 23:34:34,564 - root - INFO - | Epoch: 084/100 | Train Time: 0.079s | Train Loss: 0.000427 |
2020-07-16 23:34:34,644 - root - INFO - | Epoch: 085/100 | Train Time: 0.080s | Train Loss: 0.000426 |
2020-07-16 23:34:34,724 - root - INFO - | Epoch: 086/100 | Train Time: 0.079s | Train Loss: 0.000424 |
2020-07-16 23:34:34,804 - root - INFO - | Epoch: 087/100 | Train Time: 0.080s | Train Loss: 0.000422 |
2020-07-16 23:34:34,883 - root - INFO - | Epoch: 088/100 | Train Time: 0.079s | Train Loss: 0.000421 |
2020-07-16 23:34:34,986 - root - INFO - | Epoch: 089/100 | Train Time: 0.103s | Train Loss: 0.000420 |
2020-07-16 23:34:35,082 - root - INFO - | Epoch: 090/100 | Train Time: 0.096s | Train Loss: 0.000420 |
2020-07-16 23:34:35,183 - root - INFO - | Epoch: 091/100 | Train Time: 0.101s | Train Loss: 0.000419 |
2020-07-16 23:34:35,267 - root - INFO - | Epoch: 092/100 | Train Time: 0.084s | Train Loss: 0.000416 |
2020-07-16 23:34:35,350 - root - INFO - | Epoch: 093/100 | Train Time: 0.082s | Train Loss: 0.000414 |
2020-07-16 23:34:35,459 - root - INFO - | Epoch: 094/100 | Train Time: 0.109s | Train Loss: 0.000413 |
2020-07-16 23:34:35,559 - root - INFO - | Epoch: 095/100 | Train Time: 0.100s | Train Loss: 0.000411 |
2020-07-16 23:34:35,639 - root - INFO - | Epoch: 096/100 | Train Time: 0.080s | Train Loss: 0.000410 |
2020-07-16 23:34:35,719 - root - INFO - | Epoch: 097/100 | Train Time: 0.079s | Train Loss: 0.000410 |
2020-07-16 23:34:35,798 - root - INFO - | Epoch: 098/100 | Train Time: 0.080s | Train Loss: 0.000408 |
2020-07-16 23:34:35,892 - root - INFO - | Epoch: 099/100 | Train Time: 0.093s | Train Loss: 0.000407 |
2020-07-16 23:34:35,986 - root - INFO - | Epoch: 100/100 | Train Time: 0.094s | Train Loss: 0.000404 |
2020-07-16 23:34:35,986 - root - INFO - Training Time: 8.219s
2020-07-16 23:34:35,986 - root - INFO - Finished training.
2020-07-16 23:34:35,987 - root - INFO - Starting testing...
2020-07-16 23:34:35,999 - root - INFO - Test Loss: 0.000393
2020-07-16 23:34:35,999 - root - INFO - Test Time: 0.012s
2020-07-16 23:34:35,999 - root - INFO - Finished testing.
