2020-08-17 02:46:16,024 - root - INFO - I am pre-training for you.
2020-08-17 02:46:17,927 - root - INFO - | Epoch: 001/100 | Train Time: 0.102s | Train Loss: 0.073391 |
2020-08-17 02:46:18,033 - root - INFO - | Epoch: 002/100 | Train Time: 0.105s | Train Loss: 0.044774 |
2020-08-17 02:46:18,137 - root - INFO - | Epoch: 003/100 | Train Time: 0.105s | Train Loss: 0.027322 |
2020-08-17 02:46:18,241 - root - INFO - | Epoch: 004/100 | Train Time: 0.104s | Train Loss: 0.017727 |
2020-08-17 02:46:18,348 - root - INFO - | Epoch: 005/100 | Train Time: 0.107s | Train Loss: 0.012595 |
2020-08-17 02:46:18,454 - root - INFO - | Epoch: 006/100 | Train Time: 0.105s | Train Loss: 0.009658 |
2020-08-17 02:46:18,560 - root - INFO - | Epoch: 007/100 | Train Time: 0.107s | Train Loss: 0.007733 |
2020-08-17 02:46:18,668 - root - INFO - | Epoch: 008/100 | Train Time: 0.107s | Train Loss: 0.006419 |
2020-08-17 02:46:18,776 - root - INFO - | Epoch: 009/100 | Train Time: 0.107s | Train Loss: 0.005375 |
2020-08-17 02:46:18,882 - root - INFO - | Epoch: 010/100 | Train Time: 0.107s | Train Loss: 0.004674 |
2020-08-17 02:46:18,989 - root - INFO - | Epoch: 011/100 | Train Time: 0.107s | Train Loss: 0.004134 |
2020-08-17 02:46:19,095 - root - INFO - | Epoch: 012/100 | Train Time: 0.106s | Train Loss: 0.003647 |
2020-08-17 02:46:19,203 - root - INFO - | Epoch: 013/100 | Train Time: 0.107s | Train Loss: 0.003302 |
2020-08-17 02:46:19,309 - root - INFO - | Epoch: 014/100 | Train Time: 0.106s | Train Loss: 0.003000 |
2020-08-17 02:46:19,419 - root - INFO - | Epoch: 015/100 | Train Time: 0.110s | Train Loss: 0.002797 |
2020-08-17 02:46:19,526 - root - INFO - | Epoch: 016/100 | Train Time: 0.106s | Train Loss: 0.002586 |
2020-08-17 02:46:19,632 - root - INFO - | Epoch: 017/100 | Train Time: 0.107s | Train Loss: 0.002396 |
2020-08-17 02:46:19,739 - root - INFO - | Epoch: 018/100 | Train Time: 0.106s | Train Loss: 0.002177 |
2020-08-17 02:46:19,845 - root - INFO - | Epoch: 019/100 | Train Time: 0.106s | Train Loss: 0.002225 |
2020-08-17 02:46:19,953 - root - INFO - | Epoch: 020/100 | Train Time: 0.108s | Train Loss: 0.002025 |
2020-08-17 02:46:20,061 - root - INFO - | Epoch: 021/100 | Train Time: 0.107s | Train Loss: 0.001913 |
2020-08-17 02:46:20,168 - root - INFO - | Epoch: 022/100 | Train Time: 0.107s | Train Loss: 0.001799 |
2020-08-17 02:46:20,275 - root - INFO - | Epoch: 023/100 | Train Time: 0.107s | Train Loss: 0.001733 |
2020-08-17 02:46:20,385 - root - INFO - | Epoch: 024/100 | Train Time: 0.109s | Train Loss: 0.001595 |
2020-08-17 02:46:20,493 - root - INFO - | Epoch: 025/100 | Train Time: 0.108s | Train Loss: 0.001500 |
2020-08-17 02:46:20,602 - root - INFO - | Epoch: 026/100 | Train Time: 0.109s | Train Loss: 0.001475 |
2020-08-17 02:46:20,710 - root - INFO - | Epoch: 027/100 | Train Time: 0.108s | Train Loss: 0.001388 |
2020-08-17 02:46:20,818 - root - INFO - | Epoch: 028/100 | Train Time: 0.107s | Train Loss: 0.001319 |
2020-08-17 02:46:20,931 - root - INFO - | Epoch: 029/100 | Train Time: 0.113s | Train Loss: 0.001218 |
2020-08-17 02:46:21,038 - root - INFO - | Epoch: 030/100 | Train Time: 0.107s | Train Loss: 0.001176 |
2020-08-17 02:46:21,144 - root - INFO - | Epoch: 031/100 | Train Time: 0.106s | Train Loss: 0.001191 |
2020-08-17 02:46:21,253 - root - INFO - | Epoch: 032/100 | Train Time: 0.108s | Train Loss: 0.001159 |
2020-08-17 02:46:21,360 - root - INFO - | Epoch: 033/100 | Train Time: 0.107s | Train Loss: 0.001108 |
2020-08-17 02:46:21,466 - root - INFO - | Epoch: 034/100 | Train Time: 0.107s | Train Loss: 0.001086 |
2020-08-17 02:46:21,573 - root - INFO - | Epoch: 035/100 | Train Time: 0.107s | Train Loss: 0.001052 |
2020-08-17 02:46:21,681 - root - INFO - | Epoch: 036/100 | Train Time: 0.108s | Train Loss: 0.000977 |
2020-08-17 02:46:21,787 - root - INFO - | Epoch: 037/100 | Train Time: 0.106s | Train Loss: 0.000958 |
2020-08-17 02:46:21,901 - root - INFO - | Epoch: 038/100 | Train Time: 0.114s | Train Loss: 0.000887 |
2020-08-17 02:46:22,010 - root - INFO - | Epoch: 039/100 | Train Time: 0.109s | Train Loss: 0.000875 |
2020-08-17 02:46:22,118 - root - INFO - | Epoch: 040/100 | Train Time: 0.107s | Train Loss: 0.000962 |
2020-08-17 02:46:22,226 - root - INFO - | Epoch: 041/100 | Train Time: 0.108s | Train Loss: 0.000877 |
2020-08-17 02:46:22,335 - root - INFO - | Epoch: 042/100 | Train Time: 0.108s | Train Loss: 0.000832 |
2020-08-17 02:46:22,443 - root - INFO - | Epoch: 043/100 | Train Time: 0.108s | Train Loss: 0.000829 |
2020-08-17 02:46:22,552 - root - INFO - | Epoch: 044/100 | Train Time: 0.109s | Train Loss: 0.000871 |
2020-08-17 02:46:22,661 - root - INFO - | Epoch: 045/100 | Train Time: 0.109s | Train Loss: 0.000865 |
2020-08-17 02:46:22,769 - root - INFO - | Epoch: 046/100 | Train Time: 0.108s | Train Loss: 0.000821 |
2020-08-17 02:46:22,879 - root - INFO - | Epoch: 047/100 | Train Time: 0.110s | Train Loss: 0.000728 |
2020-08-17 02:46:22,987 - root - INFO - | Epoch: 048/100 | Train Time: 0.108s | Train Loss: 0.000734 |
2020-08-17 02:46:23,094 - root - INFO - | Epoch: 049/100 | Train Time: 0.107s | Train Loss: 0.000779 |
2020-08-17 02:46:23,203 - root - INFO - | Epoch: 050/100 | Train Time: 0.108s | Train Loss: 0.000725 |
2020-08-17 02:46:23,203 - root - INFO -   LR scheduler: new learning rate is 0.0001
2020-08-17 02:46:23,311 - root - INFO - | Epoch: 051/100 | Train Time: 0.108s | Train Loss: 0.000637 |
2020-08-17 02:46:23,420 - root - INFO - | Epoch: 052/100 | Train Time: 0.109s | Train Loss: 0.000706 |
2020-08-17 02:46:23,528 - root - INFO - | Epoch: 053/100 | Train Time: 0.108s | Train Loss: 0.000668 |
2020-08-17 02:46:23,637 - root - INFO - | Epoch: 054/100 | Train Time: 0.109s | Train Loss: 0.000650 |
2020-08-17 02:46:23,746 - root - INFO - | Epoch: 055/100 | Train Time: 0.109s | Train Loss: 0.000707 |
2020-08-17 02:46:23,856 - root - INFO - | Epoch: 056/100 | Train Time: 0.109s | Train Loss: 0.000666 |
2020-08-17 02:46:23,964 - root - INFO - | Epoch: 057/100 | Train Time: 0.108s | Train Loss: 0.000666 |
2020-08-17 02:46:24,073 - root - INFO - | Epoch: 058/100 | Train Time: 0.108s | Train Loss: 0.000679 |
2020-08-17 02:46:24,182 - root - INFO - | Epoch: 059/100 | Train Time: 0.109s | Train Loss: 0.000657 |
2020-08-17 02:46:24,290 - root - INFO - | Epoch: 060/100 | Train Time: 0.108s | Train Loss: 0.000648 |
2020-08-17 02:46:24,398 - root - INFO - | Epoch: 061/100 | Train Time: 0.107s | Train Loss: 0.000631 |
2020-08-17 02:46:24,507 - root - INFO - | Epoch: 062/100 | Train Time: 0.109s | Train Loss: 0.000694 |
2020-08-17 02:46:24,616 - root - INFO - | Epoch: 063/100 | Train Time: 0.108s | Train Loss: 0.000602 |
2020-08-17 02:46:24,726 - root - INFO - | Epoch: 064/100 | Train Time: 0.110s | Train Loss: 0.000638 |
2020-08-17 02:46:24,835 - root - INFO - | Epoch: 065/100 | Train Time: 0.108s | Train Loss: 0.000690 |
2020-08-17 02:46:24,943 - root - INFO - | Epoch: 066/100 | Train Time: 0.108s | Train Loss: 0.000659 |
2020-08-17 02:46:25,051 - root - INFO - | Epoch: 067/100 | Train Time: 0.108s | Train Loss: 0.000634 |
2020-08-17 02:46:25,160 - root - INFO - | Epoch: 068/100 | Train Time: 0.109s | Train Loss: 0.000626 |
2020-08-17 02:46:25,270 - root - INFO - | Epoch: 069/100 | Train Time: 0.108s | Train Loss: 0.000614 |
2020-08-17 02:46:25,377 - root - INFO - | Epoch: 070/100 | Train Time: 0.107s | Train Loss: 0.000621 |
2020-08-17 02:46:25,486 - root - INFO - | Epoch: 071/100 | Train Time: 0.109s | Train Loss: 0.000617 |
2020-08-17 02:46:25,593 - root - INFO - | Epoch: 072/100 | Train Time: 0.107s | Train Loss: 0.000651 |
2020-08-17 02:46:25,702 - root - INFO - | Epoch: 073/100 | Train Time: 0.109s | Train Loss: 0.000625 |
2020-08-17 02:46:25,810 - root - INFO - | Epoch: 074/100 | Train Time: 0.108s | Train Loss: 0.000679 |
2020-08-17 02:46:25,918 - root - INFO - | Epoch: 075/100 | Train Time: 0.109s | Train Loss: 0.000648 |
2020-08-17 02:46:26,028 - root - INFO - | Epoch: 076/100 | Train Time: 0.110s | Train Loss: 0.000658 |
2020-08-17 02:46:26,137 - root - INFO - | Epoch: 077/100 | Train Time: 0.108s | Train Loss: 0.000646 |
2020-08-17 02:46:26,245 - root - INFO - | Epoch: 078/100 | Train Time: 0.109s | Train Loss: 0.000645 |
2020-08-17 02:46:26,354 - root - INFO - | Epoch: 079/100 | Train Time: 0.109s | Train Loss: 0.000660 |
2020-08-17 02:46:26,464 - root - INFO - | Epoch: 080/100 | Train Time: 0.110s | Train Loss: 0.000632 |
2020-08-17 02:46:26,571 - root - INFO - | Epoch: 081/100 | Train Time: 0.107s | Train Loss: 0.000663 |
2020-08-17 02:46:26,680 - root - INFO - | Epoch: 082/100 | Train Time: 0.109s | Train Loss: 0.000638 |
2020-08-17 02:46:26,790 - root - INFO - | Epoch: 083/100 | Train Time: 0.109s | Train Loss: 0.000625 |
2020-08-17 02:46:26,899 - root - INFO - | Epoch: 084/100 | Train Time: 0.109s | Train Loss: 0.000629 |
2020-08-17 02:46:27,008 - root - INFO - | Epoch: 085/100 | Train Time: 0.109s | Train Loss: 0.000639 |
2020-08-17 02:46:27,116 - root - INFO - | Epoch: 086/100 | Train Time: 0.108s | Train Loss: 0.000660 |
2020-08-17 02:46:27,225 - root - INFO - | Epoch: 087/100 | Train Time: 0.109s | Train Loss: 0.000603 |
2020-08-17 02:46:27,336 - root - INFO - | Epoch: 088/100 | Train Time: 0.110s | Train Loss: 0.000622 |
2020-08-17 02:46:27,446 - root - INFO - | Epoch: 089/100 | Train Time: 0.110s | Train Loss: 0.000630 |
2020-08-17 02:46:27,555 - root - INFO - | Epoch: 090/100 | Train Time: 0.109s | Train Loss: 0.000673 |
2020-08-17 02:46:27,662 - root - INFO - | Epoch: 091/100 | Train Time: 0.107s | Train Loss: 0.000608 |
2020-08-17 02:46:27,770 - root - INFO - | Epoch: 092/100 | Train Time: 0.108s | Train Loss: 0.000627 |
2020-08-17 02:46:27,877 - root - INFO - | Epoch: 093/100 | Train Time: 0.107s | Train Loss: 0.000624 |
2020-08-17 02:46:27,982 - root - INFO - | Epoch: 094/100 | Train Time: 0.105s | Train Loss: 0.000604 |
2020-08-17 02:46:28,092 - root - INFO - | Epoch: 095/100 | Train Time: 0.110s | Train Loss: 0.000605 |
2020-08-17 02:46:28,201 - root - INFO - | Epoch: 096/100 | Train Time: 0.109s | Train Loss: 0.000619 |
2020-08-17 02:46:28,309 - root - INFO - | Epoch: 097/100 | Train Time: 0.108s | Train Loss: 0.000657 |
2020-08-17 02:46:28,417 - root - INFO - | Epoch: 098/100 | Train Time: 0.108s | Train Loss: 0.000625 |
2020-08-17 02:46:28,526 - root - INFO - | Epoch: 099/100 | Train Time: 0.108s | Train Loss: 0.000585 |
2020-08-17 02:46:28,634 - root - INFO - | Epoch: 100/100 | Train Time: 0.108s | Train Loss: 0.000647 |
2020-08-17 02:46:28,634 - root - INFO - Pretraining Time: 10.809s
2020-08-17 02:46:28,634 - root - INFO - Finished pretraining.
2020-08-17 02:46:28,634 - root - INFO - Testing autoencoder...
2020-08-17 02:46:28,647 - root - INFO - Test Loss: 0.000675
2020-08-17 02:46:28,647 - root - INFO - Test Time: 0.011s
2020-08-17 02:46:28,647 - root - INFO - Finished testing autoencoder.
2020-08-17 02:46:28,649 - root - INFO - Hey I am loading net for you!
2020-08-17 02:46:28,650 - root - INFO - Setting hyper-parameters!
2020-08-17 02:46:28,650 - root - INFO - Initializing center c...
2020-08-17 02:46:28,678 - root - INFO - Center c initialized.
2020-08-17 02:46:28,678 - root - INFO - Starting training...
2020-08-17 02:46:28,766 - root - INFO - | Epoch: 001/500 | Train Time: 0.088s | Train Loss: 0.475136 |
2020-08-17 02:46:28,858 - root - INFO - | Epoch: 002/500 | Train Time: 0.092s | Train Loss: 0.399866 |
2020-08-17 02:46:28,950 - root - INFO - | Epoch: 003/500 | Train Time: 0.091s | Train Loss: 0.333339 |
2020-08-17 02:46:29,041 - root - INFO - | Epoch: 004/500 | Train Time: 0.091s | Train Loss: 0.287027 |
2020-08-17 02:46:29,133 - root - INFO - | Epoch: 005/500 | Train Time: 0.092s | Train Loss: 0.256408 |
2020-08-17 02:46:29,223 - root - INFO - | Epoch: 006/500 | Train Time: 0.090s | Train Loss: 0.219321 |
2020-08-17 02:46:29,315 - root - INFO - | Epoch: 007/500 | Train Time: 0.092s | Train Loss: 0.193773 |
2020-08-17 02:46:29,406 - root - INFO - | Epoch: 008/500 | Train Time: 0.091s | Train Loss: 0.174375 |
2020-08-17 02:46:29,497 - root - INFO - | Epoch: 009/500 | Train Time: 0.091s | Train Loss: 0.163105 |
2020-08-17 02:46:29,589 - root - INFO - | Epoch: 010/500 | Train Time: 0.092s | Train Loss: 0.149640 |
2020-08-17 02:46:29,681 - root - INFO - | Epoch: 011/500 | Train Time: 0.092s | Train Loss: 0.137335 |
2020-08-17 02:46:29,772 - root - INFO - | Epoch: 012/500 | Train Time: 0.091s | Train Loss: 0.128774 |
2020-08-17 02:46:29,864 - root - INFO - | Epoch: 013/500 | Train Time: 0.091s | Train Loss: 0.119671 |
2020-08-17 02:46:29,956 - root - INFO - | Epoch: 014/500 | Train Time: 0.091s | Train Loss: 0.117746 |
2020-08-17 02:46:30,047 - root - INFO - | Epoch: 015/500 | Train Time: 0.091s | Train Loss: 0.115394 |
2020-08-17 02:46:30,138 - root - INFO - | Epoch: 016/500 | Train Time: 0.091s | Train Loss: 0.104622 |
2020-08-17 02:46:30,230 - root - INFO - | Epoch: 017/500 | Train Time: 0.092s | Train Loss: 0.099440 |
2020-08-17 02:46:30,322 - root - INFO - | Epoch: 018/500 | Train Time: 0.092s | Train Loss: 0.092241 |
2020-08-17 02:46:30,414 - root - INFO - | Epoch: 019/500 | Train Time: 0.092s | Train Loss: 0.092568 |
2020-08-17 02:46:30,505 - root - INFO - | Epoch: 020/500 | Train Time: 0.091s | Train Loss: 0.090567 |
2020-08-17 02:46:30,597 - root - INFO - | Epoch: 021/500 | Train Time: 0.091s | Train Loss: 0.088316 |
2020-08-17 02:46:30,688 - root - INFO - | Epoch: 022/500 | Train Time: 0.092s | Train Loss: 0.086424 |
2020-08-17 02:46:30,780 - root - INFO - | Epoch: 023/500 | Train Time: 0.092s | Train Loss: 0.080268 |
2020-08-17 02:46:30,872 - root - INFO - | Epoch: 024/500 | Train Time: 0.092s | Train Loss: 0.085388 |
2020-08-17 02:46:30,964 - root - INFO - | Epoch: 025/500 | Train Time: 0.091s | Train Loss: 0.084680 |
2020-08-17 02:46:31,055 - root - INFO - | Epoch: 026/500 | Train Time: 0.091s | Train Loss: 0.077953 |
2020-08-17 02:46:31,147 - root - INFO - | Epoch: 027/500 | Train Time: 0.092s | Train Loss: 0.079625 |
2020-08-17 02:46:31,238 - root - INFO - | Epoch: 028/500 | Train Time: 0.091s | Train Loss: 0.073694 |
2020-08-17 02:46:31,330 - root - INFO - | Epoch: 029/500 | Train Time: 0.092s | Train Loss: 0.075894 |
2020-08-17 02:46:31,421 - root - INFO - | Epoch: 030/500 | Train Time: 0.092s | Train Loss: 0.072613 |
2020-08-17 02:46:31,513 - root - INFO - | Epoch: 031/500 | Train Time: 0.092s | Train Loss: 0.071457 |
2020-08-17 02:46:31,605 - root - INFO - | Epoch: 032/500 | Train Time: 0.092s | Train Loss: 0.069876 |
2020-08-17 02:46:31,697 - root - INFO - | Epoch: 033/500 | Train Time: 0.092s | Train Loss: 0.072726 |
2020-08-17 02:46:31,789 - root - INFO - | Epoch: 034/500 | Train Time: 0.092s | Train Loss: 0.066894 |
2020-08-17 02:46:31,881 - root - INFO - | Epoch: 035/500 | Train Time: 0.092s | Train Loss: 0.071255 |
2020-08-17 02:46:31,972 - root - INFO - | Epoch: 036/500 | Train Time: 0.091s | Train Loss: 0.071274 |
2020-08-17 02:46:32,064 - root - INFO - | Epoch: 037/500 | Train Time: 0.092s | Train Loss: 0.064678 |
2020-08-17 02:46:32,157 - root - INFO - | Epoch: 038/500 | Train Time: 0.092s | Train Loss: 0.070791 |
2020-08-17 02:46:32,248 - root - INFO - | Epoch: 039/500 | Train Time: 0.091s | Train Loss: 0.063269 |
2020-08-17 02:46:32,340 - root - INFO - | Epoch: 040/500 | Train Time: 0.092s | Train Loss: 0.072084 |
2020-08-17 02:46:32,432 - root - INFO - | Epoch: 041/500 | Train Time: 0.091s | Train Loss: 0.065446 |
2020-08-17 02:46:32,523 - root - INFO - | Epoch: 042/500 | Train Time: 0.091s | Train Loss: 0.063780 |
2020-08-17 02:46:32,614 - root - INFO - | Epoch: 043/500 | Train Time: 0.091s | Train Loss: 0.067189 |
2020-08-17 02:46:32,706 - root - INFO - | Epoch: 044/500 | Train Time: 0.092s | Train Loss: 0.065679 |
2020-08-17 02:46:32,798 - root - INFO - | Epoch: 045/500 | Train Time: 0.091s | Train Loss: 0.060212 |
2020-08-17 02:46:32,889 - root - INFO - | Epoch: 046/500 | Train Time: 0.091s | Train Loss: 0.058843 |
2020-08-17 02:46:32,981 - root - INFO - | Epoch: 047/500 | Train Time: 0.092s | Train Loss: 0.058900 |
2020-08-17 02:46:33,073 - root - INFO - | Epoch: 048/500 | Train Time: 0.092s | Train Loss: 0.062906 |
2020-08-17 02:46:33,164 - root - INFO - | Epoch: 049/500 | Train Time: 0.091s | Train Loss: 0.062259 |
2020-08-17 02:46:33,255 - root - INFO - | Epoch: 050/500 | Train Time: 0.091s | Train Loss: 0.059868 |
2020-08-17 02:46:33,256 - root - INFO -   LR scheduler: new learning rate is 1e-06
2020-08-17 02:46:33,347 - root - INFO - | Epoch: 051/500 | Train Time: 0.091s | Train Loss: 0.056910 |
2020-08-17 02:46:33,438 - root - INFO - | Epoch: 052/500 | Train Time: 0.091s | Train Loss: 0.062432 |
2020-08-17 02:46:33,529 - root - INFO - | Epoch: 053/500 | Train Time: 0.090s | Train Loss: 0.059580 |
2020-08-17 02:46:33,620 - root - INFO - | Epoch: 054/500 | Train Time: 0.091s | Train Loss: 0.055681 |
2020-08-17 02:46:33,711 - root - INFO - | Epoch: 055/500 | Train Time: 0.091s | Train Loss: 0.057794 |
2020-08-17 02:46:33,803 - root - INFO - | Epoch: 056/500 | Train Time: 0.092s | Train Loss: 0.060501 |
2020-08-17 02:46:33,894 - root - INFO - | Epoch: 057/500 | Train Time: 0.091s | Train Loss: 0.059114 |
2020-08-17 02:46:33,986 - root - INFO - | Epoch: 058/500 | Train Time: 0.091s | Train Loss: 0.057173 |
2020-08-17 02:46:34,078 - root - INFO - | Epoch: 059/500 | Train Time: 0.092s | Train Loss: 0.062504 |
2020-08-17 02:46:34,169 - root - INFO - | Epoch: 060/500 | Train Time: 0.091s | Train Loss: 0.059650 |
2020-08-17 02:46:34,261 - root - INFO - | Epoch: 061/500 | Train Time: 0.092s | Train Loss: 0.060029 |
2020-08-17 02:46:34,353 - root - INFO - | Epoch: 062/500 | Train Time: 0.091s | Train Loss: 0.056588 |
2020-08-17 02:46:34,443 - root - INFO - | Epoch: 063/500 | Train Time: 0.091s | Train Loss: 0.059559 |
2020-08-17 02:46:34,534 - root - INFO - | Epoch: 064/500 | Train Time: 0.091s | Train Loss: 0.060818 |
2020-08-17 02:46:34,604 - root - INFO - | Epoch: 065/500 | Train Time: 0.070s | Train Loss: 0.060526 |
2020-08-17 02:46:34,669 - root - INFO - | Epoch: 066/500 | Train Time: 0.065s | Train Loss: 0.059996 |
2020-08-17 02:46:34,734 - root - INFO - | Epoch: 067/500 | Train Time: 0.065s | Train Loss: 0.061557 |
2020-08-17 02:46:34,798 - root - INFO - | Epoch: 068/500 | Train Time: 0.065s | Train Loss: 0.058859 |
2020-08-17 02:46:34,863 - root - INFO - | Epoch: 069/500 | Train Time: 0.065s | Train Loss: 0.058403 |
2020-08-17 02:46:34,928 - root - INFO - | Epoch: 070/500 | Train Time: 0.065s | Train Loss: 0.056846 |
2020-08-17 02:46:34,993 - root - INFO - | Epoch: 071/500 | Train Time: 0.065s | Train Loss: 0.062756 |
2020-08-17 02:46:35,058 - root - INFO - | Epoch: 072/500 | Train Time: 0.065s | Train Loss: 0.062650 |
2020-08-17 02:46:35,122 - root - INFO - | Epoch: 073/500 | Train Time: 0.065s | Train Loss: 0.060378 |
2020-08-17 02:46:35,187 - root - INFO - | Epoch: 074/500 | Train Time: 0.065s | Train Loss: 0.060879 |
2020-08-17 02:46:35,252 - root - INFO - | Epoch: 075/500 | Train Time: 0.065s | Train Loss: 0.061444 |
2020-08-17 02:46:35,317 - root - INFO - | Epoch: 076/500 | Train Time: 0.065s | Train Loss: 0.057454 |
2020-08-17 02:46:35,381 - root - INFO - | Epoch: 077/500 | Train Time: 0.065s | Train Loss: 0.058840 |
2020-08-17 02:46:35,446 - root - INFO - | Epoch: 078/500 | Train Time: 0.065s | Train Loss: 0.055091 |
2020-08-17 02:46:35,511 - root - INFO - | Epoch: 079/500 | Train Time: 0.065s | Train Loss: 0.057361 |
2020-08-17 02:46:35,576 - root - INFO - | Epoch: 080/500 | Train Time: 0.065s | Train Loss: 0.056711 |
2020-08-17 02:46:35,641 - root - INFO - | Epoch: 081/500 | Train Time: 0.065s | Train Loss: 0.057971 |
2020-08-17 02:46:35,706 - root - INFO - | Epoch: 082/500 | Train Time: 0.065s | Train Loss: 0.063198 |
2020-08-17 02:46:35,770 - root - INFO - | Epoch: 083/500 | Train Time: 0.065s | Train Loss: 0.059084 |
2020-08-17 02:46:35,835 - root - INFO - | Epoch: 084/500 | Train Time: 0.065s | Train Loss: 0.055885 |
2020-08-17 02:46:35,900 - root - INFO - | Epoch: 085/500 | Train Time: 0.065s | Train Loss: 0.057849 |
2020-08-17 02:46:35,965 - root - INFO - | Epoch: 086/500 | Train Time: 0.065s | Train Loss: 0.060103 |
2020-08-17 02:46:36,029 - root - INFO - | Epoch: 087/500 | Train Time: 0.065s | Train Loss: 0.056903 |
2020-08-17 02:46:36,094 - root - INFO - | Epoch: 088/500 | Train Time: 0.064s | Train Loss: 0.058703 |
2020-08-17 02:46:36,158 - root - INFO - | Epoch: 089/500 | Train Time: 0.064s | Train Loss: 0.058918 |
2020-08-17 02:46:36,222 - root - INFO - | Epoch: 090/500 | Train Time: 0.064s | Train Loss: 0.056984 |
2020-08-17 02:46:36,286 - root - INFO - | Epoch: 091/500 | Train Time: 0.064s | Train Loss: 0.059865 |
2020-08-17 02:46:36,350 - root - INFO - | Epoch: 092/500 | Train Time: 0.064s | Train Loss: 0.058116 |
2020-08-17 02:46:36,414 - root - INFO - | Epoch: 093/500 | Train Time: 0.064s | Train Loss: 0.061486 |
2020-08-17 02:46:36,478 - root - INFO - | Epoch: 094/500 | Train Time: 0.064s | Train Loss: 0.059144 |
2020-08-17 02:46:36,541 - root - INFO - | Epoch: 095/500 | Train Time: 0.064s | Train Loss: 0.055635 |
2020-08-17 02:46:36,605 - root - INFO - | Epoch: 096/500 | Train Time: 0.064s | Train Loss: 0.055040 |
2020-08-17 02:46:36,669 - root - INFO - | Epoch: 097/500 | Train Time: 0.064s | Train Loss: 0.053090 |
2020-08-17 02:46:36,733 - root - INFO - | Epoch: 098/500 | Train Time: 0.064s | Train Loss: 0.060948 |
2020-08-17 02:46:36,800 - root - INFO - | Epoch: 099/500 | Train Time: 0.066s | Train Loss: 0.053403 |
2020-08-17 02:46:36,889 - root - INFO - | Epoch: 100/500 | Train Time: 0.090s | Train Loss: 0.058375 |
2020-08-17 02:46:36,980 - root - INFO - | Epoch: 101/500 | Train Time: 0.090s | Train Loss: 0.057976 |
2020-08-17 02:46:37,072 - root - INFO - | Epoch: 102/500 | Train Time: 0.092s | Train Loss: 0.060148 |
2020-08-17 02:46:37,163 - root - INFO - | Epoch: 103/500 | Train Time: 0.091s | Train Loss: 0.058555 |
2020-08-17 02:46:37,256 - root - INFO - | Epoch: 104/500 | Train Time: 0.092s | Train Loss: 0.054837 |
2020-08-17 02:46:37,348 - root - INFO - | Epoch: 105/500 | Train Time: 0.092s | Train Loss: 0.058372 |
2020-08-17 02:46:37,436 - root - INFO - | Epoch: 106/500 | Train Time: 0.088s | Train Loss: 0.055757 |
2020-08-17 02:46:37,526 - root - INFO - | Epoch: 107/500 | Train Time: 0.091s | Train Loss: 0.058470 |
2020-08-17 02:46:37,619 - root - INFO - | Epoch: 108/500 | Train Time: 0.092s | Train Loss: 0.057943 |
2020-08-17 02:46:37,710 - root - INFO - | Epoch: 109/500 | Train Time: 0.091s | Train Loss: 0.058733 |
2020-08-17 02:46:37,801 - root - INFO - | Epoch: 110/500 | Train Time: 0.091s | Train Loss: 0.060264 |
2020-08-17 02:46:37,893 - root - INFO - | Epoch: 111/500 | Train Time: 0.092s | Train Loss: 0.056740 |
2020-08-17 02:46:37,984 - root - INFO - | Epoch: 112/500 | Train Time: 0.091s | Train Loss: 0.057301 |
2020-08-17 02:46:38,075 - root - INFO - | Epoch: 113/500 | Train Time: 0.091s | Train Loss: 0.052847 |
2020-08-17 02:46:38,167 - root - INFO - | Epoch: 114/500 | Train Time: 0.091s | Train Loss: 0.057538 |
2020-08-17 02:46:38,258 - root - INFO - | Epoch: 115/500 | Train Time: 0.091s | Train Loss: 0.054590 |
2020-08-17 02:46:38,349 - root - INFO - | Epoch: 116/500 | Train Time: 0.092s | Train Loss: 0.059742 |
2020-08-17 02:46:38,439 - root - INFO - | Epoch: 117/500 | Train Time: 0.089s | Train Loss: 0.056721 |
2020-08-17 02:46:38,530 - root - INFO - | Epoch: 118/500 | Train Time: 0.091s | Train Loss: 0.062181 |
2020-08-17 02:46:38,621 - root - INFO - | Epoch: 119/500 | Train Time: 0.090s | Train Loss: 0.055367 |
2020-08-17 02:46:38,712 - root - INFO - | Epoch: 120/500 | Train Time: 0.092s | Train Loss: 0.060425 |
2020-08-17 02:46:38,805 - root - INFO - | Epoch: 121/500 | Train Time: 0.092s | Train Loss: 0.063516 |
2020-08-17 02:46:38,896 - root - INFO - | Epoch: 122/500 | Train Time: 0.091s | Train Loss: 0.054725 |
2020-08-17 02:46:38,986 - root - INFO - | Epoch: 123/500 | Train Time: 0.091s | Train Loss: 0.059156 |
2020-08-17 02:46:39,078 - root - INFO - | Epoch: 124/500 | Train Time: 0.092s | Train Loss: 0.057388 |
2020-08-17 02:46:39,170 - root - INFO - | Epoch: 125/500 | Train Time: 0.091s | Train Loss: 0.055235 |
2020-08-17 02:46:39,262 - root - INFO - | Epoch: 126/500 | Train Time: 0.092s | Train Loss: 0.058676 |
2020-08-17 02:46:39,354 - root - INFO - | Epoch: 127/500 | Train Time: 0.092s | Train Loss: 0.057072 |
2020-08-17 02:46:39,445 - root - INFO - | Epoch: 128/500 | Train Time: 0.091s | Train Loss: 0.062758 |
2020-08-17 02:46:39,536 - root - INFO - | Epoch: 129/500 | Train Time: 0.091s | Train Loss: 0.055139 |
2020-08-17 02:46:39,627 - root - INFO - | Epoch: 130/500 | Train Time: 0.091s | Train Loss: 0.056301 |
2020-08-17 02:46:39,719 - root - INFO - | Epoch: 131/500 | Train Time: 0.092s | Train Loss: 0.056720 |
2020-08-17 02:46:39,810 - root - INFO - | Epoch: 132/500 | Train Time: 0.091s | Train Loss: 0.055791 |
2020-08-17 02:46:39,902 - root - INFO - | Epoch: 133/500 | Train Time: 0.092s | Train Loss: 0.054288 |
2020-08-17 02:46:39,993 - root - INFO - | Epoch: 134/500 | Train Time: 0.091s | Train Loss: 0.054655 |
2020-08-17 02:46:40,085 - root - INFO - | Epoch: 135/500 | Train Time: 0.092s | Train Loss: 0.057262 |
2020-08-17 02:46:40,176 - root - INFO - | Epoch: 136/500 | Train Time: 0.091s | Train Loss: 0.054238 |
2020-08-17 02:46:40,268 - root - INFO - | Epoch: 137/500 | Train Time: 0.092s | Train Loss: 0.056723 |
2020-08-17 02:46:40,359 - root - INFO - | Epoch: 138/500 | Train Time: 0.091s | Train Loss: 0.057634 |
2020-08-17 02:46:40,451 - root - INFO - | Epoch: 139/500 | Train Time: 0.092s | Train Loss: 0.055905 |
2020-08-17 02:46:40,542 - root - INFO - | Epoch: 140/500 | Train Time: 0.091s | Train Loss: 0.054299 |
2020-08-17 02:46:40,633 - root - INFO - | Epoch: 141/500 | Train Time: 0.091s | Train Loss: 0.055860 |
2020-08-17 02:46:40,724 - root - INFO - | Epoch: 142/500 | Train Time: 0.091s | Train Loss: 0.055014 |
2020-08-17 02:46:40,816 - root - INFO - | Epoch: 143/500 | Train Time: 0.092s | Train Loss: 0.053021 |
2020-08-17 02:46:40,908 - root - INFO - | Epoch: 144/500 | Train Time: 0.091s | Train Loss: 0.054815 |
2020-08-17 02:46:40,999 - root - INFO - | Epoch: 145/500 | Train Time: 0.091s | Train Loss: 0.057385 |
2020-08-17 02:46:41,090 - root - INFO - | Epoch: 146/500 | Train Time: 0.091s | Train Loss: 0.056785 |
2020-08-17 02:46:41,182 - root - INFO - | Epoch: 147/500 | Train Time: 0.092s | Train Loss: 0.058316 |
2020-08-17 02:46:41,274 - root - INFO - | Epoch: 148/500 | Train Time: 0.092s | Train Loss: 0.054599 |
2020-08-17 02:46:41,366 - root - INFO - | Epoch: 149/500 | Train Time: 0.092s | Train Loss: 0.054373 |
2020-08-17 02:46:41,460 - root - INFO - | Epoch: 150/500 | Train Time: 0.094s | Train Loss: 0.057093 |
2020-08-17 02:46:41,552 - root - INFO - | Epoch: 151/500 | Train Time: 0.092s | Train Loss: 0.059510 |
2020-08-17 02:46:41,646 - root - INFO - | Epoch: 152/500 | Train Time: 0.094s | Train Loss: 0.051668 |
2020-08-17 02:46:41,739 - root - INFO - | Epoch: 153/500 | Train Time: 0.093s | Train Loss: 0.054149 |
2020-08-17 02:46:41,831 - root - INFO - | Epoch: 154/500 | Train Time: 0.092s | Train Loss: 0.055305 |
2020-08-17 02:46:41,924 - root - INFO - | Epoch: 155/500 | Train Time: 0.093s | Train Loss: 0.055835 |
2020-08-17 02:46:42,017 - root - INFO - | Epoch: 156/500 | Train Time: 0.093s | Train Loss: 0.056544 |
2020-08-17 02:46:42,112 - root - INFO - | Epoch: 157/500 | Train Time: 0.095s | Train Loss: 0.051032 |
2020-08-17 02:46:42,205 - root - INFO - | Epoch: 158/500 | Train Time: 0.093s | Train Loss: 0.058567 |
2020-08-17 02:46:42,297 - root - INFO - | Epoch: 159/500 | Train Time: 0.092s | Train Loss: 0.055251 |
2020-08-17 02:46:42,391 - root - INFO - | Epoch: 160/500 | Train Time: 0.093s | Train Loss: 0.054052 |
2020-08-17 02:46:42,483 - root - INFO - | Epoch: 161/500 | Train Time: 0.093s | Train Loss: 0.053199 |
2020-08-17 02:46:42,576 - root - INFO - | Epoch: 162/500 | Train Time: 0.093s | Train Loss: 0.054109 |
2020-08-17 02:46:42,669 - root - INFO - | Epoch: 163/500 | Train Time: 0.093s | Train Loss: 0.058389 |
2020-08-17 02:46:42,762 - root - INFO - | Epoch: 164/500 | Train Time: 0.092s | Train Loss: 0.055202 |
2020-08-17 02:46:42,855 - root - INFO - | Epoch: 165/500 | Train Time: 0.093s | Train Loss: 0.057668 |
2020-08-17 02:46:42,947 - root - INFO - | Epoch: 166/500 | Train Time: 0.092s | Train Loss: 0.057279 |
2020-08-17 02:46:43,039 - root - INFO - | Epoch: 167/500 | Train Time: 0.092s | Train Loss: 0.053829 |
2020-08-17 02:46:43,133 - root - INFO - | Epoch: 168/500 | Train Time: 0.093s | Train Loss: 0.052455 |
2020-08-17 02:46:43,225 - root - INFO - | Epoch: 169/500 | Train Time: 0.092s | Train Loss: 0.051877 |
2020-08-17 02:46:43,317 - root - INFO - | Epoch: 170/500 | Train Time: 0.092s | Train Loss: 0.055702 |
2020-08-17 02:46:43,411 - root - INFO - | Epoch: 171/500 | Train Time: 0.093s | Train Loss: 0.055969 |
2020-08-17 02:46:43,503 - root - INFO - | Epoch: 172/500 | Train Time: 0.093s | Train Loss: 0.059609 |
2020-08-17 02:46:43,595 - root - INFO - | Epoch: 173/500 | Train Time: 0.092s | Train Loss: 0.053457 |
2020-08-17 02:46:43,688 - root - INFO - | Epoch: 174/500 | Train Time: 0.093s | Train Loss: 0.056688 |
2020-08-17 02:46:43,781 - root - INFO - | Epoch: 175/500 | Train Time: 0.093s | Train Loss: 0.056685 |
2020-08-17 02:46:43,874 - root - INFO - | Epoch: 176/500 | Train Time: 0.092s | Train Loss: 0.052841 |
2020-08-17 02:46:43,966 - root - INFO - | Epoch: 177/500 | Train Time: 0.092s | Train Loss: 0.053078 |
2020-08-17 02:46:44,059 - root - INFO - | Epoch: 178/500 | Train Time: 0.093s | Train Loss: 0.053903 |
2020-08-17 02:46:44,152 - root - INFO - | Epoch: 179/500 | Train Time: 0.093s | Train Loss: 0.056628 |
2020-08-17 02:46:44,245 - root - INFO - | Epoch: 180/500 | Train Time: 0.093s | Train Loss: 0.053509 |
2020-08-17 02:46:44,337 - root - INFO - | Epoch: 181/500 | Train Time: 0.092s | Train Loss: 0.054586 |
2020-08-17 02:46:44,431 - root - INFO - | Epoch: 182/500 | Train Time: 0.093s | Train Loss: 0.052005 |
2020-08-17 02:46:44,524 - root - INFO - | Epoch: 183/500 | Train Time: 0.093s | Train Loss: 0.055008 |
2020-08-17 02:46:44,617 - root - INFO - | Epoch: 184/500 | Train Time: 0.093s | Train Loss: 0.050735 |
2020-08-17 02:46:44,710 - root - INFO - | Epoch: 185/500 | Train Time: 0.093s | Train Loss: 0.057135 |
2020-08-17 02:46:44,803 - root - INFO - | Epoch: 186/500 | Train Time: 0.093s | Train Loss: 0.052764 |
2020-08-17 02:46:44,895 - root - INFO - | Epoch: 187/500 | Train Time: 0.092s | Train Loss: 0.056106 |
2020-08-17 02:46:44,988 - root - INFO - | Epoch: 188/500 | Train Time: 0.093s | Train Loss: 0.056331 |
2020-08-17 02:46:45,081 - root - INFO - | Epoch: 189/500 | Train Time: 0.093s | Train Loss: 0.052132 |
2020-08-17 02:46:45,175 - root - INFO - | Epoch: 190/500 | Train Time: 0.093s | Train Loss: 0.053866 |
2020-08-17 02:46:45,267 - root - INFO - | Epoch: 191/500 | Train Time: 0.092s | Train Loss: 0.050123 |
2020-08-17 02:46:45,361 - root - INFO - | Epoch: 192/500 | Train Time: 0.094s | Train Loss: 0.054925 |
2020-08-17 02:46:45,453 - root - INFO - | Epoch: 193/500 | Train Time: 0.092s | Train Loss: 0.058227 |
2020-08-17 02:46:45,544 - root - INFO - | Epoch: 194/500 | Train Time: 0.091s | Train Loss: 0.052788 |
2020-08-17 02:46:45,636 - root - INFO - | Epoch: 195/500 | Train Time: 0.091s | Train Loss: 0.055815 |
2020-08-17 02:46:45,728 - root - INFO - | Epoch: 196/500 | Train Time: 0.092s | Train Loss: 0.054161 |
2020-08-17 02:46:45,820 - root - INFO - | Epoch: 197/500 | Train Time: 0.092s | Train Loss: 0.052274 |
2020-08-17 02:46:45,912 - root - INFO - | Epoch: 198/500 | Train Time: 0.092s | Train Loss: 0.054368 |
2020-08-17 02:46:46,003 - root - INFO - | Epoch: 199/500 | Train Time: 0.091s | Train Loss: 0.056833 |
2020-08-17 02:46:46,094 - root - INFO - | Epoch: 200/500 | Train Time: 0.091s | Train Loss: 0.053467 |
2020-08-17 02:46:46,186 - root - INFO - | Epoch: 201/500 | Train Time: 0.092s | Train Loss: 0.059056 |
2020-08-17 02:46:46,278 - root - INFO - | Epoch: 202/500 | Train Time: 0.092s | Train Loss: 0.053009 |
2020-08-17 02:46:46,369 - root - INFO - | Epoch: 203/500 | Train Time: 0.091s | Train Loss: 0.052646 |
2020-08-17 02:46:46,461 - root - INFO - | Epoch: 204/500 | Train Time: 0.091s | Train Loss: 0.053915 |
2020-08-17 02:46:46,552 - root - INFO - | Epoch: 205/500 | Train Time: 0.092s | Train Loss: 0.050085 |
2020-08-17 02:46:46,645 - root - INFO - | Epoch: 206/500 | Train Time: 0.092s | Train Loss: 0.051346 |
2020-08-17 02:46:46,737 - root - INFO - | Epoch: 207/500 | Train Time: 0.092s | Train Loss: 0.050646 |
2020-08-17 02:46:46,828 - root - INFO - | Epoch: 208/500 | Train Time: 0.091s | Train Loss: 0.058671 |
2020-08-17 02:46:46,920 - root - INFO - | Epoch: 209/500 | Train Time: 0.091s | Train Loss: 0.053281 |
2020-08-17 02:46:47,012 - root - INFO - | Epoch: 210/500 | Train Time: 0.092s | Train Loss: 0.053740 |
2020-08-17 02:46:47,103 - root - INFO - | Epoch: 211/500 | Train Time: 0.092s | Train Loss: 0.057783 |
2020-08-17 02:46:47,195 - root - INFO - | Epoch: 212/500 | Train Time: 0.092s | Train Loss: 0.055340 |
2020-08-17 02:46:47,286 - root - INFO - | Epoch: 213/500 | Train Time: 0.090s | Train Loss: 0.052737 |
2020-08-17 02:46:47,377 - root - INFO - | Epoch: 214/500 | Train Time: 0.091s | Train Loss: 0.055942 |
2020-08-17 02:46:47,469 - root - INFO - | Epoch: 215/500 | Train Time: 0.092s | Train Loss: 0.052112 |
2020-08-17 02:46:47,560 - root - INFO - | Epoch: 216/500 | Train Time: 0.091s | Train Loss: 0.051164 |
2020-08-17 02:46:47,651 - root - INFO - | Epoch: 217/500 | Train Time: 0.091s | Train Loss: 0.052085 |
2020-08-17 02:46:47,742 - root - INFO - | Epoch: 218/500 | Train Time: 0.091s | Train Loss: 0.053981 |
2020-08-17 02:46:47,833 - root - INFO - | Epoch: 219/500 | Train Time: 0.092s | Train Loss: 0.055948 |
2020-08-17 02:46:47,925 - root - INFO - | Epoch: 220/500 | Train Time: 0.091s | Train Loss: 0.056337 |
2020-08-17 02:46:48,017 - root - INFO - | Epoch: 221/500 | Train Time: 0.092s | Train Loss: 0.055814 |
2020-08-17 02:46:48,109 - root - INFO - | Epoch: 222/500 | Train Time: 0.092s | Train Loss: 0.055490 |
2020-08-17 02:46:48,201 - root - INFO - | Epoch: 223/500 | Train Time: 0.092s | Train Loss: 0.054133 |
2020-08-17 02:46:48,297 - root - INFO - | Epoch: 224/500 | Train Time: 0.096s | Train Loss: 0.054132 |
2020-08-17 02:46:48,385 - root - INFO - | Epoch: 225/500 | Train Time: 0.087s | Train Loss: 0.052436 |
2020-08-17 02:46:48,477 - root - INFO - | Epoch: 226/500 | Train Time: 0.092s | Train Loss: 0.049767 |
2020-08-17 02:46:48,568 - root - INFO - | Epoch: 227/500 | Train Time: 0.092s | Train Loss: 0.057955 |
2020-08-17 02:46:48,661 - root - INFO - | Epoch: 228/500 | Train Time: 0.092s | Train Loss: 0.049764 |
2020-08-17 02:46:48,752 - root - INFO - | Epoch: 229/500 | Train Time: 0.091s | Train Loss: 0.054254 |
2020-08-17 02:46:48,845 - root - INFO - | Epoch: 230/500 | Train Time: 0.092s | Train Loss: 0.050192 |
2020-08-17 02:46:48,937 - root - INFO - | Epoch: 231/500 | Train Time: 0.092s | Train Loss: 0.055020 |
2020-08-17 02:46:49,030 - root - INFO - | Epoch: 232/500 | Train Time: 0.092s | Train Loss: 0.055559 |
2020-08-17 02:46:49,123 - root - INFO - | Epoch: 233/500 | Train Time: 0.093s | Train Loss: 0.053061 |
2020-08-17 02:46:49,215 - root - INFO - | Epoch: 234/500 | Train Time: 0.092s | Train Loss: 0.050742 |
2020-08-17 02:46:49,308 - root - INFO - | Epoch: 235/500 | Train Time: 0.093s | Train Loss: 0.049825 |
2020-08-17 02:46:49,401 - root - INFO - | Epoch: 236/500 | Train Time: 0.093s | Train Loss: 0.052494 |
2020-08-17 02:46:49,493 - root - INFO - | Epoch: 237/500 | Train Time: 0.092s | Train Loss: 0.051580 |
2020-08-17 02:46:49,585 - root - INFO - | Epoch: 238/500 | Train Time: 0.091s | Train Loss: 0.055087 |
2020-08-17 02:46:49,677 - root - INFO - | Epoch: 239/500 | Train Time: 0.092s | Train Loss: 0.054341 |
2020-08-17 02:46:49,769 - root - INFO - | Epoch: 240/500 | Train Time: 0.092s | Train Loss: 0.052795 |
2020-08-17 02:46:49,863 - root - INFO - | Epoch: 241/500 | Train Time: 0.093s | Train Loss: 0.050557 |
2020-08-17 02:46:49,956 - root - INFO - | Epoch: 242/500 | Train Time: 0.093s | Train Loss: 0.053052 |
2020-08-17 02:46:50,049 - root - INFO - | Epoch: 243/500 | Train Time: 0.093s | Train Loss: 0.056312 |
2020-08-17 02:46:50,142 - root - INFO - | Epoch: 244/500 | Train Time: 0.093s | Train Loss: 0.052365 |
2020-08-17 02:46:50,235 - root - INFO - | Epoch: 245/500 | Train Time: 0.093s | Train Loss: 0.050860 |
2020-08-17 02:46:50,328 - root - INFO - | Epoch: 246/500 | Train Time: 0.093s | Train Loss: 0.053929 |
2020-08-17 02:46:50,421 - root - INFO - | Epoch: 247/500 | Train Time: 0.093s | Train Loss: 0.053835 |
2020-08-17 02:46:50,513 - root - INFO - | Epoch: 248/500 | Train Time: 0.092s | Train Loss: 0.055196 |
2020-08-17 02:46:50,607 - root - INFO - | Epoch: 249/500 | Train Time: 0.093s | Train Loss: 0.055569 |
2020-08-17 02:46:50,699 - root - INFO - | Epoch: 250/500 | Train Time: 0.093s | Train Loss: 0.051592 |
2020-08-17 02:46:50,792 - root - INFO - | Epoch: 251/500 | Train Time: 0.093s | Train Loss: 0.055852 |
2020-08-17 02:46:50,885 - root - INFO - | Epoch: 252/500 | Train Time: 0.093s | Train Loss: 0.056485 |
2020-08-17 02:46:50,979 - root - INFO - | Epoch: 253/500 | Train Time: 0.093s | Train Loss: 0.052679 |
2020-08-17 02:46:51,071 - root - INFO - | Epoch: 254/500 | Train Time: 0.092s | Train Loss: 0.049073 |
2020-08-17 02:46:51,165 - root - INFO - | Epoch: 255/500 | Train Time: 0.093s | Train Loss: 0.052685 |
2020-08-17 02:46:51,257 - root - INFO - | Epoch: 256/500 | Train Time: 0.092s | Train Loss: 0.049257 |
2020-08-17 02:46:51,349 - root - INFO - | Epoch: 257/500 | Train Time: 0.092s | Train Loss: 0.051631 |
2020-08-17 02:46:51,441 - root - INFO - | Epoch: 258/500 | Train Time: 0.092s | Train Loss: 0.048557 |
2020-08-17 02:46:51,533 - root - INFO - | Epoch: 259/500 | Train Time: 0.092s | Train Loss: 0.050390 |
2020-08-17 02:46:51,626 - root - INFO - | Epoch: 260/500 | Train Time: 0.093s | Train Loss: 0.055873 |
2020-08-17 02:46:51,719 - root - INFO - | Epoch: 261/500 | Train Time: 0.093s | Train Loss: 0.052106 |
2020-08-17 02:46:51,813 - root - INFO - | Epoch: 262/500 | Train Time: 0.093s | Train Loss: 0.051444 |
2020-08-17 02:46:51,905 - root - INFO - | Epoch: 263/500 | Train Time: 0.092s | Train Loss: 0.048739 |
2020-08-17 02:46:51,997 - root - INFO - | Epoch: 264/500 | Train Time: 0.093s | Train Loss: 0.049470 |
2020-08-17 02:46:52,090 - root - INFO - | Epoch: 265/500 | Train Time: 0.093s | Train Loss: 0.053686 |
2020-08-17 02:46:52,184 - root - INFO - | Epoch: 266/500 | Train Time: 0.093s | Train Loss: 0.050125 |
2020-08-17 02:46:52,277 - root - INFO - | Epoch: 267/500 | Train Time: 0.093s | Train Loss: 0.051110 |
2020-08-17 02:46:52,369 - root - INFO - | Epoch: 268/500 | Train Time: 0.092s | Train Loss: 0.050421 |
2020-08-17 02:46:52,465 - root - INFO - | Epoch: 269/500 | Train Time: 0.097s | Train Loss: 0.053890 |
2020-08-17 02:46:52,560 - root - INFO - | Epoch: 270/500 | Train Time: 0.094s | Train Loss: 0.053633 |
2020-08-17 02:46:52,654 - root - INFO - | Epoch: 271/500 | Train Time: 0.094s | Train Loss: 0.053344 |
2020-08-17 02:46:52,749 - root - INFO - | Epoch: 272/500 | Train Time: 0.095s | Train Loss: 0.050710 |
2020-08-17 02:46:52,845 - root - INFO - | Epoch: 273/500 | Train Time: 0.096s | Train Loss: 0.048677 |
2020-08-17 02:46:52,939 - root - INFO - | Epoch: 274/500 | Train Time: 0.094s | Train Loss: 0.049887 |
2020-08-17 02:46:53,032 - root - INFO - | Epoch: 275/500 | Train Time: 0.093s | Train Loss: 0.048741 |
2020-08-17 02:46:53,125 - root - INFO - | Epoch: 276/500 | Train Time: 0.093s | Train Loss: 0.051409 |
2020-08-17 02:46:53,219 - root - INFO - | Epoch: 277/500 | Train Time: 0.093s | Train Loss: 0.051217 |
2020-08-17 02:46:53,313 - root - INFO - | Epoch: 278/500 | Train Time: 0.094s | Train Loss: 0.052070 |
2020-08-17 02:46:53,405 - root - INFO - | Epoch: 279/500 | Train Time: 0.092s | Train Loss: 0.050060 |
2020-08-17 02:46:53,499 - root - INFO - | Epoch: 280/500 | Train Time: 0.093s | Train Loss: 0.050315 |
2020-08-17 02:46:53,592 - root - INFO - | Epoch: 281/500 | Train Time: 0.093s | Train Loss: 0.055773 |
2020-08-17 02:46:53,684 - root - INFO - | Epoch: 282/500 | Train Time: 0.092s | Train Loss: 0.050881 |
2020-08-17 02:46:53,776 - root - INFO - | Epoch: 283/500 | Train Time: 0.092s | Train Loss: 0.052416 |
2020-08-17 02:46:53,869 - root - INFO - | Epoch: 284/500 | Train Time: 0.093s | Train Loss: 0.054040 |
2020-08-17 02:46:53,962 - root - INFO - | Epoch: 285/500 | Train Time: 0.092s | Train Loss: 0.049948 |
2020-08-17 02:46:54,054 - root - INFO - | Epoch: 286/500 | Train Time: 0.093s | Train Loss: 0.050209 |
2020-08-17 02:46:54,147 - root - INFO - | Epoch: 287/500 | Train Time: 0.093s | Train Loss: 0.051512 |
2020-08-17 02:46:54,239 - root - INFO - | Epoch: 288/500 | Train Time: 0.092s | Train Loss: 0.048418 |
2020-08-17 02:46:54,332 - root - INFO - | Epoch: 289/500 | Train Time: 0.092s | Train Loss: 0.052873 |
2020-08-17 02:46:54,425 - root - INFO - | Epoch: 290/500 | Train Time: 0.093s | Train Loss: 0.050556 |
2020-08-17 02:46:54,517 - root - INFO - | Epoch: 291/500 | Train Time: 0.092s | Train Loss: 0.050256 |
2020-08-17 02:46:54,609 - root - INFO - | Epoch: 292/500 | Train Time: 0.092s | Train Loss: 0.052596 |
2020-08-17 02:46:54,702 - root - INFO - | Epoch: 293/500 | Train Time: 0.092s | Train Loss: 0.052329 |
2020-08-17 02:46:54,794 - root - INFO - | Epoch: 294/500 | Train Time: 0.092s | Train Loss: 0.051908 |
2020-08-17 02:46:54,886 - root - INFO - | Epoch: 295/500 | Train Time: 0.092s | Train Loss: 0.050353 |
2020-08-17 02:46:54,978 - root - INFO - | Epoch: 296/500 | Train Time: 0.092s | Train Loss: 0.050123 |
2020-08-17 02:46:55,072 - root - INFO - | Epoch: 297/500 | Train Time: 0.094s | Train Loss: 0.053313 |
2020-08-17 02:46:55,165 - root - INFO - | Epoch: 298/500 | Train Time: 0.093s | Train Loss: 0.050393 |
2020-08-17 02:46:55,258 - root - INFO - | Epoch: 299/500 | Train Time: 0.093s | Train Loss: 0.049786 |
2020-08-17 02:46:55,351 - root - INFO - | Epoch: 300/500 | Train Time: 0.093s | Train Loss: 0.052780 |
2020-08-17 02:46:55,444 - root - INFO - | Epoch: 301/500 | Train Time: 0.092s | Train Loss: 0.050482 |
2020-08-17 02:46:55,537 - root - INFO - | Epoch: 302/500 | Train Time: 0.092s | Train Loss: 0.052506 |
2020-08-17 02:46:55,630 - root - INFO - | Epoch: 303/500 | Train Time: 0.093s | Train Loss: 0.048746 |
2020-08-17 02:46:55,723 - root - INFO - | Epoch: 304/500 | Train Time: 0.093s | Train Loss: 0.049893 |
2020-08-17 02:46:55,815 - root - INFO - | Epoch: 305/500 | Train Time: 0.093s | Train Loss: 0.050555 |
2020-08-17 02:46:55,904 - root - INFO - | Epoch: 306/500 | Train Time: 0.088s | Train Loss: 0.051350 |
2020-08-17 02:46:55,993 - root - INFO - | Epoch: 307/500 | Train Time: 0.089s | Train Loss: 0.049112 |
2020-08-17 02:46:56,085 - root - INFO - | Epoch: 308/500 | Train Time: 0.091s | Train Loss: 0.051569 |
2020-08-17 02:46:56,177 - root - INFO - | Epoch: 309/500 | Train Time: 0.092s | Train Loss: 0.048595 |
2020-08-17 02:46:56,269 - root - INFO - | Epoch: 310/500 | Train Time: 0.092s | Train Loss: 0.048176 |
2020-08-17 02:46:56,362 - root - INFO - | Epoch: 311/500 | Train Time: 0.092s | Train Loss: 0.048453 |
2020-08-17 02:46:56,460 - root - INFO - | Epoch: 312/500 | Train Time: 0.098s | Train Loss: 0.049181 |
2020-08-17 02:46:56,554 - root - INFO - | Epoch: 313/500 | Train Time: 0.094s | Train Loss: 0.045683 |
2020-08-17 02:46:56,648 - root - INFO - | Epoch: 314/500 | Train Time: 0.094s | Train Loss: 0.050441 |
2020-08-17 02:46:56,743 - root - INFO - | Epoch: 315/500 | Train Time: 0.095s | Train Loss: 0.047728 |
2020-08-17 02:46:56,837 - root - INFO - | Epoch: 316/500 | Train Time: 0.094s | Train Loss: 0.049013 |
2020-08-17 02:46:56,931 - root - INFO - | Epoch: 317/500 | Train Time: 0.094s | Train Loss: 0.050130 |
2020-08-17 02:46:57,025 - root - INFO - | Epoch: 318/500 | Train Time: 0.094s | Train Loss: 0.051838 |
2020-08-17 02:46:57,120 - root - INFO - | Epoch: 319/500 | Train Time: 0.094s | Train Loss: 0.047628 |
2020-08-17 02:46:57,213 - root - INFO - | Epoch: 320/500 | Train Time: 0.093s | Train Loss: 0.048683 |
2020-08-17 02:46:57,310 - root - INFO - | Epoch: 321/500 | Train Time: 0.097s | Train Loss: 0.048695 |
2020-08-17 02:46:57,401 - root - INFO - | Epoch: 322/500 | Train Time: 0.091s | Train Loss: 0.051033 |
2020-08-17 02:46:57,493 - root - INFO - | Epoch: 323/500 | Train Time: 0.092s | Train Loss: 0.050475 |
2020-08-17 02:46:57,586 - root - INFO - | Epoch: 324/500 | Train Time: 0.093s | Train Loss: 0.049699 |
2020-08-17 02:46:57,679 - root - INFO - | Epoch: 325/500 | Train Time: 0.093s | Train Loss: 0.053597 |
2020-08-17 02:46:57,772 - root - INFO - | Epoch: 326/500 | Train Time: 0.093s | Train Loss: 0.052705 |
2020-08-17 02:46:57,865 - root - INFO - | Epoch: 327/500 | Train Time: 0.092s | Train Loss: 0.047361 |
2020-08-17 02:46:57,957 - root - INFO - | Epoch: 328/500 | Train Time: 0.093s | Train Loss: 0.048371 |
2020-08-17 02:46:58,051 - root - INFO - | Epoch: 329/500 | Train Time: 0.093s | Train Loss: 0.050204 |
2020-08-17 02:46:58,143 - root - INFO - | Epoch: 330/500 | Train Time: 0.092s | Train Loss: 0.053818 |
2020-08-17 02:46:58,235 - root - INFO - | Epoch: 331/500 | Train Time: 0.092s | Train Loss: 0.046625 |
2020-08-17 02:46:58,328 - root - INFO - | Epoch: 332/500 | Train Time: 0.093s | Train Loss: 0.049063 |
2020-08-17 02:46:58,421 - root - INFO - | Epoch: 333/500 | Train Time: 0.093s | Train Loss: 0.047972 |
2020-08-17 02:46:58,514 - root - INFO - | Epoch: 334/500 | Train Time: 0.093s | Train Loss: 0.050966 |
2020-08-17 02:46:58,607 - root - INFO - | Epoch: 335/500 | Train Time: 0.094s | Train Loss: 0.048702 |
2020-08-17 02:46:58,700 - root - INFO - | Epoch: 336/500 | Train Time: 0.092s | Train Loss: 0.051097 |
2020-08-17 02:46:58,793 - root - INFO - | Epoch: 337/500 | Train Time: 0.093s | Train Loss: 0.050198 |
2020-08-17 02:46:58,885 - root - INFO - | Epoch: 338/500 | Train Time: 0.092s | Train Loss: 0.051096 |
2020-08-17 02:46:58,977 - root - INFO - | Epoch: 339/500 | Train Time: 0.092s | Train Loss: 0.052368 |
2020-08-17 02:46:59,070 - root - INFO - | Epoch: 340/500 | Train Time: 0.093s | Train Loss: 0.048780 |
2020-08-17 02:46:59,163 - root - INFO - | Epoch: 341/500 | Train Time: 0.093s | Train Loss: 0.049757 |
2020-08-17 02:46:59,257 - root - INFO - | Epoch: 342/500 | Train Time: 0.094s | Train Loss: 0.050463 |
2020-08-17 02:46:59,351 - root - INFO - | Epoch: 343/500 | Train Time: 0.094s | Train Loss: 0.053323 |
2020-08-17 02:46:59,444 - root - INFO - | Epoch: 344/500 | Train Time: 0.094s | Train Loss: 0.052066 |
2020-08-17 02:46:59,537 - root - INFO - | Epoch: 345/500 | Train Time: 0.092s | Train Loss: 0.047658 |
2020-08-17 02:46:59,630 - root - INFO - | Epoch: 346/500 | Train Time: 0.093s | Train Loss: 0.052888 |
2020-08-17 02:46:59,723 - root - INFO - | Epoch: 347/500 | Train Time: 0.093s | Train Loss: 0.050882 |
2020-08-17 02:46:59,817 - root - INFO - | Epoch: 348/500 | Train Time: 0.094s | Train Loss: 0.050450 |
2020-08-17 02:46:59,910 - root - INFO - | Epoch: 349/500 | Train Time: 0.093s | Train Loss: 0.046980 |
2020-08-17 02:47:00,004 - root - INFO - | Epoch: 350/500 | Train Time: 0.093s | Train Loss: 0.054145 |
2020-08-17 02:47:00,096 - root - INFO - | Epoch: 351/500 | Train Time: 0.093s | Train Loss: 0.045974 |
2020-08-17 02:47:00,191 - root - INFO - | Epoch: 352/500 | Train Time: 0.094s | Train Loss: 0.047241 |
2020-08-17 02:47:00,284 - root - INFO - | Epoch: 353/500 | Train Time: 0.093s | Train Loss: 0.052889 |
2020-08-17 02:47:00,376 - root - INFO - | Epoch: 354/500 | Train Time: 0.092s | Train Loss: 0.051040 |
2020-08-17 02:47:00,469 - root - INFO - | Epoch: 355/500 | Train Time: 0.093s | Train Loss: 0.049316 |
2020-08-17 02:47:00,562 - root - INFO - | Epoch: 356/500 | Train Time: 0.092s | Train Loss: 0.050742 |
2020-08-17 02:47:00,658 - root - INFO - | Epoch: 357/500 | Train Time: 0.096s | Train Loss: 0.047153 |
2020-08-17 02:47:00,751 - root - INFO - | Epoch: 358/500 | Train Time: 0.092s | Train Loss: 0.051651 |
2020-08-17 02:47:00,842 - root - INFO - | Epoch: 359/500 | Train Time: 0.092s | Train Loss: 0.047327 |
2020-08-17 02:47:00,935 - root - INFO - | Epoch: 360/500 | Train Time: 0.093s | Train Loss: 0.048631 |
2020-08-17 02:47:01,027 - root - INFO - | Epoch: 361/500 | Train Time: 0.092s | Train Loss: 0.051464 |
2020-08-17 02:47:01,119 - root - INFO - | Epoch: 362/500 | Train Time: 0.092s | Train Loss: 0.048886 |
2020-08-17 02:47:01,214 - root - INFO - | Epoch: 363/500 | Train Time: 0.095s | Train Loss: 0.046446 |
2020-08-17 02:47:01,308 - root - INFO - | Epoch: 364/500 | Train Time: 0.094s | Train Loss: 0.049382 |
2020-08-17 02:47:01,401 - root - INFO - | Epoch: 365/500 | Train Time: 0.093s | Train Loss: 0.049788 |
2020-08-17 02:47:01,498 - root - INFO - | Epoch: 366/500 | Train Time: 0.097s | Train Loss: 0.049591 |
2020-08-17 02:47:01,595 - root - INFO - | Epoch: 367/500 | Train Time: 0.097s | Train Loss: 0.047683 |
2020-08-17 02:47:01,691 - root - INFO - | Epoch: 368/500 | Train Time: 0.096s | Train Loss: 0.048071 |
2020-08-17 02:47:01,794 - root - INFO - | Epoch: 369/500 | Train Time: 0.103s | Train Loss: 0.055584 |
2020-08-17 02:47:01,889 - root - INFO - | Epoch: 370/500 | Train Time: 0.095s | Train Loss: 0.050417 |
2020-08-17 02:47:01,983 - root - INFO - | Epoch: 371/500 | Train Time: 0.094s | Train Loss: 0.048426 |
2020-08-17 02:47:02,077 - root - INFO - | Epoch: 372/500 | Train Time: 0.093s | Train Loss: 0.050824 |
2020-08-17 02:47:02,171 - root - INFO - | Epoch: 373/500 | Train Time: 0.094s | Train Loss: 0.049607 |
2020-08-17 02:47:02,265 - root - INFO - | Epoch: 374/500 | Train Time: 0.094s | Train Loss: 0.050879 |
2020-08-17 02:47:02,359 - root - INFO - | Epoch: 375/500 | Train Time: 0.094s | Train Loss: 0.055175 |
2020-08-17 02:47:02,453 - root - INFO - | Epoch: 376/500 | Train Time: 0.094s | Train Loss: 0.049313 |
2020-08-17 02:47:02,545 - root - INFO - | Epoch: 377/500 | Train Time: 0.092s | Train Loss: 0.052509 |
2020-08-17 02:47:02,636 - root - INFO - | Epoch: 378/500 | Train Time: 0.091s | Train Loss: 0.049707 |
2020-08-17 02:47:02,729 - root - INFO - | Epoch: 379/500 | Train Time: 0.093s | Train Loss: 0.050063 |
2020-08-17 02:47:02,821 - root - INFO - | Epoch: 380/500 | Train Time: 0.092s | Train Loss: 0.052468 |
2020-08-17 02:47:02,912 - root - INFO - | Epoch: 381/500 | Train Time: 0.091s | Train Loss: 0.053068 |
2020-08-17 02:47:03,003 - root - INFO - | Epoch: 382/500 | Train Time: 0.091s | Train Loss: 0.049392 |
2020-08-17 02:47:03,094 - root - INFO - | Epoch: 383/500 | Train Time: 0.091s | Train Loss: 0.049551 |
2020-08-17 02:47:03,185 - root - INFO - | Epoch: 384/500 | Train Time: 0.091s | Train Loss: 0.044832 |
2020-08-17 02:47:03,276 - root - INFO - | Epoch: 385/500 | Train Time: 0.091s | Train Loss: 0.052236 |
2020-08-17 02:47:03,367 - root - INFO - | Epoch: 386/500 | Train Time: 0.091s | Train Loss: 0.050060 |
2020-08-17 02:47:03,458 - root - INFO - | Epoch: 387/500 | Train Time: 0.091s | Train Loss: 0.049941 |
2020-08-17 02:47:03,550 - root - INFO - | Epoch: 388/500 | Train Time: 0.091s | Train Loss: 0.047953 |
2020-08-17 02:47:03,641 - root - INFO - | Epoch: 389/500 | Train Time: 0.091s | Train Loss: 0.047836 |
2020-08-17 02:47:03,731 - root - INFO - | Epoch: 390/500 | Train Time: 0.090s | Train Loss: 0.045300 |
2020-08-17 02:47:03,822 - root - INFO - | Epoch: 391/500 | Train Time: 0.091s | Train Loss: 0.046917 |
2020-08-17 02:47:03,913 - root - INFO - | Epoch: 392/500 | Train Time: 0.091s | Train Loss: 0.046713 |
2020-08-17 02:47:04,003 - root - INFO - | Epoch: 393/500 | Train Time: 0.090s | Train Loss: 0.047507 |
2020-08-17 02:47:04,094 - root - INFO - | Epoch: 394/500 | Train Time: 0.091s | Train Loss: 0.044690 |
2020-08-17 02:47:04,185 - root - INFO - | Epoch: 395/500 | Train Time: 0.091s | Train Loss: 0.047998 |
2020-08-17 02:47:04,277 - root - INFO - | Epoch: 396/500 | Train Time: 0.091s | Train Loss: 0.049044 |
2020-08-17 02:47:04,368 - root - INFO - | Epoch: 397/500 | Train Time: 0.091s | Train Loss: 0.051158 |
2020-08-17 02:47:04,458 - root - INFO - | Epoch: 398/500 | Train Time: 0.090s | Train Loss: 0.050881 |
2020-08-17 02:47:04,548 - root - INFO - | Epoch: 399/500 | Train Time: 0.091s | Train Loss: 0.049047 |
2020-08-17 02:47:04,639 - root - INFO - | Epoch: 400/500 | Train Time: 0.091s | Train Loss: 0.048663 |
2020-08-17 02:47:04,731 - root - INFO - | Epoch: 401/500 | Train Time: 0.091s | Train Loss: 0.052500 |
2020-08-17 02:47:04,822 - root - INFO - | Epoch: 402/500 | Train Time: 0.091s | Train Loss: 0.049843 |
2020-08-17 02:47:04,913 - root - INFO - | Epoch: 403/500 | Train Time: 0.091s | Train Loss: 0.049803 |
2020-08-17 02:47:05,003 - root - INFO - | Epoch: 404/500 | Train Time: 0.089s | Train Loss: 0.051152 |
2020-08-17 02:47:05,093 - root - INFO - | Epoch: 405/500 | Train Time: 0.090s | Train Loss: 0.047104 |
2020-08-17 02:47:05,183 - root - INFO - | Epoch: 406/500 | Train Time: 0.090s | Train Loss: 0.047294 |
2020-08-17 02:47:05,272 - root - INFO - | Epoch: 407/500 | Train Time: 0.089s | Train Loss: 0.049194 |
2020-08-17 02:47:05,361 - root - INFO - | Epoch: 408/500 | Train Time: 0.089s | Train Loss: 0.050177 |
2020-08-17 02:47:05,451 - root - INFO - | Epoch: 409/500 | Train Time: 0.090s | Train Loss: 0.049320 |
2020-08-17 02:47:05,541 - root - INFO - | Epoch: 410/500 | Train Time: 0.089s | Train Loss: 0.045921 |
2020-08-17 02:47:05,630 - root - INFO - | Epoch: 411/500 | Train Time: 0.089s | Train Loss: 0.051359 |
2020-08-17 02:47:05,719 - root - INFO - | Epoch: 412/500 | Train Time: 0.089s | Train Loss: 0.047455 |
2020-08-17 02:47:05,808 - root - INFO - | Epoch: 413/500 | Train Time: 0.089s | Train Loss: 0.048100 |
2020-08-17 02:47:05,897 - root - INFO - | Epoch: 414/500 | Train Time: 0.089s | Train Loss: 0.052885 |
2020-08-17 02:47:05,986 - root - INFO - | Epoch: 415/500 | Train Time: 0.089s | Train Loss: 0.047912 |
2020-08-17 02:47:06,075 - root - INFO - | Epoch: 416/500 | Train Time: 0.089s | Train Loss: 0.046603 |
2020-08-17 02:47:06,164 - root - INFO - | Epoch: 417/500 | Train Time: 0.089s | Train Loss: 0.046599 |
2020-08-17 02:47:06,254 - root - INFO - | Epoch: 418/500 | Train Time: 0.090s | Train Loss: 0.050769 |
2020-08-17 02:47:06,344 - root - INFO - | Epoch: 419/500 | Train Time: 0.089s | Train Loss: 0.046568 |
2020-08-17 02:47:06,433 - root - INFO - | Epoch: 420/500 | Train Time: 0.089s | Train Loss: 0.047408 |
2020-08-17 02:47:06,522 - root - INFO - | Epoch: 421/500 | Train Time: 0.088s | Train Loss: 0.047173 |
2020-08-17 02:47:06,610 - root - INFO - | Epoch: 422/500 | Train Time: 0.088s | Train Loss: 0.049331 |
2020-08-17 02:47:06,698 - root - INFO - | Epoch: 423/500 | Train Time: 0.088s | Train Loss: 0.048661 |
2020-08-17 02:47:06,786 - root - INFO - | Epoch: 424/500 | Train Time: 0.088s | Train Loss: 0.047310 |
2020-08-17 02:47:06,874 - root - INFO - | Epoch: 425/500 | Train Time: 0.087s | Train Loss: 0.048046 |
2020-08-17 02:47:06,962 - root - INFO - | Epoch: 426/500 | Train Time: 0.088s | Train Loss: 0.046655 |
2020-08-17 02:47:07,050 - root - INFO - | Epoch: 427/500 | Train Time: 0.088s | Train Loss: 0.048350 |
2020-08-17 02:47:07,139 - root - INFO - | Epoch: 428/500 | Train Time: 0.089s | Train Loss: 0.052385 |
2020-08-17 02:47:07,227 - root - INFO - | Epoch: 429/500 | Train Time: 0.088s | Train Loss: 0.045386 |
2020-08-17 02:47:07,316 - root - INFO - | Epoch: 430/500 | Train Time: 0.088s | Train Loss: 0.044523 |
2020-08-17 02:47:07,404 - root - INFO - | Epoch: 431/500 | Train Time: 0.088s | Train Loss: 0.045513 |
2020-08-17 02:47:07,492 - root - INFO - | Epoch: 432/500 | Train Time: 0.088s | Train Loss: 0.051881 |
2020-08-17 02:47:07,580 - root - INFO - | Epoch: 433/500 | Train Time: 0.088s | Train Loss: 0.055303 |
2020-08-17 02:47:07,668 - root - INFO - | Epoch: 434/500 | Train Time: 0.088s | Train Loss: 0.050108 |
2020-08-17 02:47:07,757 - root - INFO - | Epoch: 435/500 | Train Time: 0.089s | Train Loss: 0.048467 |
2020-08-17 02:47:07,846 - root - INFO - | Epoch: 436/500 | Train Time: 0.088s | Train Loss: 0.047826 |
2020-08-17 02:47:07,935 - root - INFO - | Epoch: 437/500 | Train Time: 0.089s | Train Loss: 0.045555 |
2020-08-17 02:47:08,023 - root - INFO - | Epoch: 438/500 | Train Time: 0.089s | Train Loss: 0.049163 |
2020-08-17 02:47:08,112 - root - INFO - | Epoch: 439/500 | Train Time: 0.089s | Train Loss: 0.050340 |
2020-08-17 02:47:08,201 - root - INFO - | Epoch: 440/500 | Train Time: 0.089s | Train Loss: 0.048881 |
2020-08-17 02:47:08,289 - root - INFO - | Epoch: 441/500 | Train Time: 0.088s | Train Loss: 0.047622 |
2020-08-17 02:47:08,378 - root - INFO - | Epoch: 442/500 | Train Time: 0.088s | Train Loss: 0.047183 |
2020-08-17 02:47:08,466 - root - INFO - | Epoch: 443/500 | Train Time: 0.088s | Train Loss: 0.047451 |
2020-08-17 02:47:08,555 - root - INFO - | Epoch: 444/500 | Train Time: 0.088s | Train Loss: 0.047880 |
2020-08-17 02:47:08,644 - root - INFO - | Epoch: 445/500 | Train Time: 0.089s | Train Loss: 0.047099 |
2020-08-17 02:47:08,734 - root - INFO - | Epoch: 446/500 | Train Time: 0.089s | Train Loss: 0.046717 |
2020-08-17 02:47:08,823 - root - INFO - | Epoch: 447/500 | Train Time: 0.089s | Train Loss: 0.048929 |
2020-08-17 02:47:08,913 - root - INFO - | Epoch: 448/500 | Train Time: 0.089s | Train Loss: 0.047339 |
2020-08-17 02:47:09,002 - root - INFO - | Epoch: 449/500 | Train Time: 0.090s | Train Loss: 0.051332 |
2020-08-17 02:47:09,093 - root - INFO - | Epoch: 450/500 | Train Time: 0.091s | Train Loss: 0.047572 |
2020-08-17 02:47:09,183 - root - INFO - | Epoch: 451/500 | Train Time: 0.090s | Train Loss: 0.049328 |
2020-08-17 02:47:09,272 - root - INFO - | Epoch: 452/500 | Train Time: 0.089s | Train Loss: 0.049825 |
2020-08-17 02:47:09,362 - root - INFO - | Epoch: 453/500 | Train Time: 0.089s | Train Loss: 0.048120 |
2020-08-17 02:47:09,452 - root - INFO - | Epoch: 454/500 | Train Time: 0.090s | Train Loss: 0.046118 |
2020-08-17 02:47:09,541 - root - INFO - | Epoch: 455/500 | Train Time: 0.089s | Train Loss: 0.048082 |
2020-08-17 02:47:09,631 - root - INFO - | Epoch: 456/500 | Train Time: 0.090s | Train Loss: 0.050520 |
2020-08-17 02:47:09,721 - root - INFO - | Epoch: 457/500 | Train Time: 0.090s | Train Loss: 0.046266 |
2020-08-17 02:47:09,811 - root - INFO - | Epoch: 458/500 | Train Time: 0.090s | Train Loss: 0.048009 |
2020-08-17 02:47:09,900 - root - INFO - | Epoch: 459/500 | Train Time: 0.090s | Train Loss: 0.046598 |
2020-08-17 02:47:09,990 - root - INFO - | Epoch: 460/500 | Train Time: 0.089s | Train Loss: 0.051443 |
2020-08-17 02:47:10,080 - root - INFO - | Epoch: 461/500 | Train Time: 0.090s | Train Loss: 0.047542 |
2020-08-17 02:47:10,170 - root - INFO - | Epoch: 462/500 | Train Time: 0.090s | Train Loss: 0.048569 |
2020-08-17 02:47:10,260 - root - INFO - | Epoch: 463/500 | Train Time: 0.090s | Train Loss: 0.048002 |
2020-08-17 02:47:10,350 - root - INFO - | Epoch: 464/500 | Train Time: 0.090s | Train Loss: 0.046395 |
2020-08-17 02:47:10,440 - root - INFO - | Epoch: 465/500 | Train Time: 0.090s | Train Loss: 0.045852 |
2020-08-17 02:47:10,530 - root - INFO - | Epoch: 466/500 | Train Time: 0.090s | Train Loss: 0.048971 |
2020-08-17 02:47:10,620 - root - INFO - | Epoch: 467/500 | Train Time: 0.090s | Train Loss: 0.046142 |
2020-08-17 02:47:10,709 - root - INFO - | Epoch: 468/500 | Train Time: 0.089s | Train Loss: 0.046425 |
2020-08-17 02:47:10,799 - root - INFO - | Epoch: 469/500 | Train Time: 0.089s | Train Loss: 0.047377 |
2020-08-17 02:47:10,889 - root - INFO - | Epoch: 470/500 | Train Time: 0.090s | Train Loss: 0.043733 |
2020-08-17 02:47:10,978 - root - INFO - | Epoch: 471/500 | Train Time: 0.089s | Train Loss: 0.045874 |
2020-08-17 02:47:11,067 - root - INFO - | Epoch: 472/500 | Train Time: 0.089s | Train Loss: 0.053751 |
2020-08-17 02:47:11,157 - root - INFO - | Epoch: 473/500 | Train Time: 0.090s | Train Loss: 0.045902 |
2020-08-17 02:47:11,247 - root - INFO - | Epoch: 474/500 | Train Time: 0.090s | Train Loss: 0.048984 |
2020-08-17 02:47:11,337 - root - INFO - | Epoch: 475/500 | Train Time: 0.090s | Train Loss: 0.051456 |
2020-08-17 02:47:11,428 - root - INFO - | Epoch: 476/500 | Train Time: 0.090s | Train Loss: 0.046656 |
2020-08-17 02:47:11,517 - root - INFO - | Epoch: 477/500 | Train Time: 0.089s | Train Loss: 0.044967 |
2020-08-17 02:47:11,607 - root - INFO - | Epoch: 478/500 | Train Time: 0.090s | Train Loss: 0.046423 |
2020-08-17 02:47:11,697 - root - INFO - | Epoch: 479/500 | Train Time: 0.090s | Train Loss: 0.046105 |
2020-08-17 02:47:11,786 - root - INFO - | Epoch: 480/500 | Train Time: 0.090s | Train Loss: 0.051674 |
2020-08-17 02:47:11,876 - root - INFO - | Epoch: 481/500 | Train Time: 0.090s | Train Loss: 0.048945 |
2020-08-17 02:47:11,966 - root - INFO - | Epoch: 482/500 | Train Time: 0.089s | Train Loss: 0.049504 |
2020-08-17 02:47:12,055 - root - INFO - | Epoch: 483/500 | Train Time: 0.090s | Train Loss: 0.042624 |
2020-08-17 02:47:12,145 - root - INFO - | Epoch: 484/500 | Train Time: 0.089s | Train Loss: 0.045649 |
2020-08-17 02:47:12,235 - root - INFO - | Epoch: 485/500 | Train Time: 0.090s | Train Loss: 0.047503 |
2020-08-17 02:47:12,325 - root - INFO - | Epoch: 486/500 | Train Time: 0.090s | Train Loss: 0.048768 |
2020-08-17 02:47:12,415 - root - INFO - | Epoch: 487/500 | Train Time: 0.090s | Train Loss: 0.048334 |
2020-08-17 02:47:12,503 - root - INFO - | Epoch: 488/500 | Train Time: 0.089s | Train Loss: 0.051280 |
2020-08-17 02:47:12,593 - root - INFO - | Epoch: 489/500 | Train Time: 0.090s | Train Loss: 0.044351 |
2020-08-17 02:47:12,683 - root - INFO - | Epoch: 490/500 | Train Time: 0.090s | Train Loss: 0.048594 |
2020-08-17 02:47:12,772 - root - INFO - | Epoch: 491/500 | Train Time: 0.089s | Train Loss: 0.049665 |
2020-08-17 02:47:12,862 - root - INFO - | Epoch: 492/500 | Train Time: 0.089s | Train Loss: 0.045467 |
2020-08-17 02:47:12,951 - root - INFO - | Epoch: 493/500 | Train Time: 0.089s | Train Loss: 0.046657 |
2020-08-17 02:47:13,041 - root - INFO - | Epoch: 494/500 | Train Time: 0.090s | Train Loss: 0.048205 |
2020-08-17 02:47:13,131 - root - INFO - | Epoch: 495/500 | Train Time: 0.089s | Train Loss: 0.048150 |
2020-08-17 02:47:13,220 - root - INFO - | Epoch: 496/500 | Train Time: 0.089s | Train Loss: 0.045373 |
2020-08-17 02:47:13,309 - root - INFO - | Epoch: 497/500 | Train Time: 0.090s | Train Loss: 0.049154 |
2020-08-17 02:47:13,399 - root - INFO - | Epoch: 498/500 | Train Time: 0.089s | Train Loss: 0.046848 |
2020-08-17 02:47:13,489 - root - INFO - | Epoch: 499/500 | Train Time: 0.090s | Train Loss: 0.044330 |
2020-08-17 02:47:13,578 - root - INFO - | Epoch: 500/500 | Train Time: 0.089s | Train Loss: 0.045958 |
2020-08-17 02:47:13,578 - root - INFO - Training Time: 44.901s
2020-08-17 02:47:13,578 - root - INFO - Finished training.
2020-08-17 02:47:13,579 - root - INFO - Starting testing...
2020-08-17 02:47:13,591 - root - INFO - Test Loss: 0.042595
2020-08-17 02:47:13,592 - root - INFO - Test AUC: 99.86%
2020-08-17 02:47:13,592 - root - INFO - Test Time: 0.011s
2020-08-17 02:47:13,592 - root - INFO - Finished testing.
2020-08-17 02:47:13,648 - root - INFO - Starting testing...
2020-08-17 02:47:13,661 - root - INFO - Test Loss: 0.042595
2020-08-17 02:47:13,661 - root - INFO - Test AUC: 99.86%
2020-08-17 02:47:13,661 - root - INFO - Test Time: 0.012s
2020-08-17 02:47:13,661 - root - INFO - Finished testing.
