2020-08-17 00:12:32,888 - root - INFO - I am pre-training for you.
2020-08-17 00:12:34,878 - root - INFO - | Epoch: 001/100 | Train Time: 0.161s | Train Loss: 7266.372070 |
2020-08-17 00:12:35,044 - root - INFO - | Epoch: 002/100 | Train Time: 0.165s | Train Loss: 7234.429925 |
2020-08-17 00:12:35,208 - root - INFO - | Epoch: 003/100 | Train Time: 0.165s | Train Loss: 7218.718876 |
2020-08-17 00:12:35,375 - root - INFO - | Epoch: 004/100 | Train Time: 0.167s | Train Loss: 7200.569727 |
2020-08-17 00:12:35,544 - root - INFO - | Epoch: 005/100 | Train Time: 0.168s | Train Loss: 7199.313602 |
2020-08-17 00:12:35,710 - root - INFO - | Epoch: 006/100 | Train Time: 0.166s | Train Loss: 7195.372726 |
2020-08-17 00:12:35,877 - root - INFO - | Epoch: 007/100 | Train Time: 0.167s | Train Loss: 7194.509431 |
2020-08-17 00:12:36,047 - root - INFO - | Epoch: 008/100 | Train Time: 0.169s | Train Loss: 7191.020480 |
2020-08-17 00:12:36,212 - root - INFO - | Epoch: 009/100 | Train Time: 0.165s | Train Loss: 7195.799065 |
2020-08-17 00:12:36,380 - root - INFO - | Epoch: 010/100 | Train Time: 0.168s | Train Loss: 7196.150991 |
2020-08-17 00:12:36,547 - root - INFO - | Epoch: 011/100 | Train Time: 0.167s | Train Loss: 7181.326981 |
2020-08-17 00:12:36,715 - root - INFO - | Epoch: 012/100 | Train Time: 0.168s | Train Loss: 7192.191839 |
2020-08-17 00:12:36,883 - root - INFO - | Epoch: 013/100 | Train Time: 0.167s | Train Loss: 7178.554939 |
2020-08-17 00:12:37,052 - root - INFO - | Epoch: 014/100 | Train Time: 0.169s | Train Loss: 7189.085700 |
2020-08-17 00:12:37,218 - root - INFO - | Epoch: 015/100 | Train Time: 0.166s | Train Loss: 7193.261482 |
2020-08-17 00:12:37,386 - root - INFO - | Epoch: 016/100 | Train Time: 0.167s | Train Loss: 7185.740025 |
2020-08-17 00:12:37,553 - root - INFO - | Epoch: 017/100 | Train Time: 0.167s | Train Loss: 7185.980776 |
2020-08-17 00:12:37,722 - root - INFO - | Epoch: 018/100 | Train Time: 0.169s | Train Loss: 7193.300753 |
2020-08-17 00:12:37,891 - root - INFO - | Epoch: 019/100 | Train Time: 0.170s | Train Loss: 7177.467062 |
2020-08-17 00:12:38,063 - root - INFO - | Epoch: 020/100 | Train Time: 0.172s | Train Loss: 7190.831055 |
2020-08-17 00:12:38,233 - root - INFO - | Epoch: 021/100 | Train Time: 0.170s | Train Loss: 7185.862235 |
2020-08-17 00:12:38,403 - root - INFO - | Epoch: 022/100 | Train Time: 0.170s | Train Loss: 7184.077748 |
2020-08-17 00:12:38,571 - root - INFO - | Epoch: 023/100 | Train Time: 0.168s | Train Loss: 7187.089955 |
2020-08-17 00:12:38,739 - root - INFO - | Epoch: 024/100 | Train Time: 0.168s | Train Loss: 7175.401046 |
2020-08-17 00:12:38,907 - root - INFO - | Epoch: 025/100 | Train Time: 0.168s | Train Loss: 7189.549037 |
2020-08-17 00:12:39,077 - root - INFO - | Epoch: 026/100 | Train Time: 0.169s | Train Loss: 7186.404464 |
2020-08-17 00:12:39,246 - root - INFO - | Epoch: 027/100 | Train Time: 0.169s | Train Loss: 7190.366936 |
2020-08-17 00:12:39,414 - root - INFO - | Epoch: 028/100 | Train Time: 0.168s | Train Loss: 7180.602944 |
2020-08-17 00:12:39,583 - root - INFO - | Epoch: 029/100 | Train Time: 0.168s | Train Loss: 7182.852972 |
2020-08-17 00:12:39,753 - root - INFO - | Epoch: 030/100 | Train Time: 0.170s | Train Loss: 7191.713491 |
2020-08-17 00:12:39,921 - root - INFO - | Epoch: 031/100 | Train Time: 0.167s | Train Loss: 7197.114049 |
2020-08-17 00:12:40,090 - root - INFO - | Epoch: 032/100 | Train Time: 0.169s | Train Loss: 7195.901060 |
2020-08-17 00:12:40,259 - root - INFO - | Epoch: 033/100 | Train Time: 0.169s | Train Loss: 7195.918122 |
2020-08-17 00:12:40,427 - root - INFO - | Epoch: 034/100 | Train Time: 0.168s | Train Loss: 7182.477372 |
2020-08-17 00:12:40,599 - root - INFO - | Epoch: 035/100 | Train Time: 0.171s | Train Loss: 7189.376451 |
2020-08-17 00:12:40,768 - root - INFO - | Epoch: 036/100 | Train Time: 0.169s | Train Loss: 7182.337514 |
2020-08-17 00:12:40,936 - root - INFO - | Epoch: 037/100 | Train Time: 0.168s | Train Loss: 7178.254074 |
2020-08-17 00:12:41,107 - root - INFO - | Epoch: 038/100 | Train Time: 0.171s | Train Loss: 7175.727288 |
2020-08-17 00:12:41,279 - root - INFO - | Epoch: 039/100 | Train Time: 0.172s | Train Loss: 7184.249261 |
2020-08-17 00:12:41,450 - root - INFO - | Epoch: 040/100 | Train Time: 0.171s | Train Loss: 7181.946373 |
2020-08-17 00:12:41,623 - root - INFO - | Epoch: 041/100 | Train Time: 0.172s | Train Loss: 7186.997196 |
2020-08-17 00:12:41,794 - root - INFO - | Epoch: 042/100 | Train Time: 0.171s | Train Loss: 7188.948005 |
2020-08-17 00:12:41,965 - root - INFO - | Epoch: 043/100 | Train Time: 0.171s | Train Loss: 7186.443583 |
2020-08-17 00:12:42,138 - root - INFO - | Epoch: 044/100 | Train Time: 0.172s | Train Loss: 7180.964369 |
2020-08-17 00:12:42,307 - root - INFO - | Epoch: 045/100 | Train Time: 0.169s | Train Loss: 7177.770731 |
2020-08-17 00:12:42,478 - root - INFO - | Epoch: 046/100 | Train Time: 0.171s | Train Loss: 7187.680441 |
2020-08-17 00:12:42,644 - root - INFO - | Epoch: 047/100 | Train Time: 0.167s | Train Loss: 7179.186244 |
2020-08-17 00:12:42,815 - root - INFO - | Epoch: 048/100 | Train Time: 0.170s | Train Loss: 7182.694671 |
2020-08-17 00:12:42,985 - root - INFO - | Epoch: 049/100 | Train Time: 0.170s | Train Loss: 7183.009835 |
2020-08-17 00:12:43,156 - root - INFO - | Epoch: 050/100 | Train Time: 0.171s | Train Loss: 7178.362891 |
2020-08-17 00:12:43,157 - root - INFO -   LR scheduler: new learning rate is 0.0001
2020-08-17 00:12:43,328 - root - INFO - | Epoch: 051/100 | Train Time: 0.171s | Train Loss: 7176.170075 |
2020-08-17 00:12:43,498 - root - INFO - | Epoch: 052/100 | Train Time: 0.171s | Train Loss: 7177.265737 |
2020-08-17 00:12:43,669 - root - INFO - | Epoch: 053/100 | Train Time: 0.170s | Train Loss: 7193.670354 |
2020-08-17 00:12:43,840 - root - INFO - | Epoch: 054/100 | Train Time: 0.171s | Train Loss: 7170.634152 |
2020-08-17 00:12:44,012 - root - INFO - | Epoch: 055/100 | Train Time: 0.172s | Train Loss: 7177.649079 |
2020-08-17 00:12:44,185 - root - INFO - | Epoch: 056/100 | Train Time: 0.173s | Train Loss: 7192.803488 |
2020-08-17 00:12:44,356 - root - INFO - | Epoch: 057/100 | Train Time: 0.171s | Train Loss: 7185.911579 |
2020-08-17 00:12:44,528 - root - INFO - | Epoch: 058/100 | Train Time: 0.172s | Train Loss: 7188.171150 |
2020-08-17 00:12:44,697 - root - INFO - | Epoch: 059/100 | Train Time: 0.169s | Train Loss: 7186.551088 |
2020-08-17 00:12:44,866 - root - INFO - | Epoch: 060/100 | Train Time: 0.169s | Train Loss: 7183.101869 |
2020-08-17 00:12:45,037 - root - INFO - | Epoch: 061/100 | Train Time: 0.171s | Train Loss: 7187.302930 |
2020-08-17 00:12:45,205 - root - INFO - | Epoch: 062/100 | Train Time: 0.168s | Train Loss: 7196.994713 |
2020-08-17 00:12:45,377 - root - INFO - | Epoch: 063/100 | Train Time: 0.171s | Train Loss: 7189.461007 |
2020-08-17 00:12:45,547 - root - INFO - | Epoch: 064/100 | Train Time: 0.171s | Train Loss: 7183.998884 |
2020-08-17 00:12:45,720 - root - INFO - | Epoch: 065/100 | Train Time: 0.172s | Train Loss: 7189.741811 |
2020-08-17 00:12:45,890 - root - INFO - | Epoch: 066/100 | Train Time: 0.170s | Train Loss: 7183.520452 |
2020-08-17 00:12:46,060 - root - INFO - | Epoch: 067/100 | Train Time: 0.170s | Train Loss: 7179.876981 |
2020-08-17 00:12:46,231 - root - INFO - | Epoch: 068/100 | Train Time: 0.170s | Train Loss: 7183.805539 |
2020-08-17 00:12:46,401 - root - INFO - | Epoch: 069/100 | Train Time: 0.170s | Train Loss: 7181.559473 |
2020-08-17 00:12:46,572 - root - INFO - | Epoch: 070/100 | Train Time: 0.171s | Train Loss: 7194.396387 |
2020-08-17 00:12:46,742 - root - INFO - | Epoch: 071/100 | Train Time: 0.170s | Train Loss: 7190.397001 |
2020-08-17 00:12:46,915 - root - INFO - | Epoch: 072/100 | Train Time: 0.173s | Train Loss: 7191.211286 |
2020-08-17 00:12:47,092 - root - INFO - | Epoch: 073/100 | Train Time: 0.177s | Train Loss: 7187.376521 |
2020-08-17 00:12:47,265 - root - INFO - | Epoch: 074/100 | Train Time: 0.173s | Train Loss: 7183.165485 |
2020-08-17 00:12:47,439 - root - INFO - | Epoch: 075/100 | Train Time: 0.174s | Train Loss: 7183.000502 |
2020-08-17 00:12:47,614 - root - INFO - | Epoch: 076/100 | Train Time: 0.175s | Train Loss: 7188.673814 |
2020-08-17 00:12:47,791 - root - INFO - | Epoch: 077/100 | Train Time: 0.176s | Train Loss: 7190.275516 |
2020-08-17 00:12:47,965 - root - INFO - | Epoch: 078/100 | Train Time: 0.174s | Train Loss: 7183.104157 |
2020-08-17 00:12:48,140 - root - INFO - | Epoch: 079/100 | Train Time: 0.175s | Train Loss: 7185.834054 |
2020-08-17 00:12:48,315 - root - INFO - | Epoch: 080/100 | Train Time: 0.176s | Train Loss: 7185.948717 |
2020-08-17 00:12:48,490 - root - INFO - | Epoch: 081/100 | Train Time: 0.175s | Train Loss: 7181.552985 |
2020-08-17 00:12:48,665 - root - INFO - | Epoch: 082/100 | Train Time: 0.174s | Train Loss: 7184.185477 |
2020-08-17 00:12:48,838 - root - INFO - | Epoch: 083/100 | Train Time: 0.173s | Train Loss: 7194.043708 |
2020-08-17 00:12:49,010 - root - INFO - | Epoch: 084/100 | Train Time: 0.172s | Train Loss: 7191.758901 |
2020-08-17 00:12:49,186 - root - INFO - | Epoch: 085/100 | Train Time: 0.176s | Train Loss: 7182.896401 |
2020-08-17 00:12:49,361 - root - INFO - | Epoch: 086/100 | Train Time: 0.175s | Train Loss: 7184.109445 |
2020-08-17 00:12:49,535 - root - INFO - | Epoch: 087/100 | Train Time: 0.174s | Train Loss: 7188.876465 |
2020-08-17 00:12:49,709 - root - INFO - | Epoch: 088/100 | Train Time: 0.174s | Train Loss: 7183.127079 |
2020-08-17 00:12:49,883 - root - INFO - | Epoch: 089/100 | Train Time: 0.174s | Train Loss: 7180.028153 |
2020-08-17 00:12:50,058 - root - INFO - | Epoch: 090/100 | Train Time: 0.174s | Train Loss: 7187.811914 |
2020-08-17 00:12:50,234 - root - INFO - | Epoch: 091/100 | Train Time: 0.176s | Train Loss: 7189.330580 |
2020-08-17 00:12:50,408 - root - INFO - | Epoch: 092/100 | Train Time: 0.174s | Train Loss: 7186.124121 |
2020-08-17 00:12:50,582 - root - INFO - | Epoch: 093/100 | Train Time: 0.173s | Train Loss: 7190.337877 |
2020-08-17 00:12:50,758 - root - INFO - | Epoch: 094/100 | Train Time: 0.176s | Train Loss: 7184.952916 |
2020-08-17 00:12:50,932 - root - INFO - | Epoch: 095/100 | Train Time: 0.175s | Train Loss: 7179.248758 |
2020-08-17 00:12:51,107 - root - INFO - | Epoch: 096/100 | Train Time: 0.174s | Train Loss: 7185.560589 |
2020-08-17 00:12:51,281 - root - INFO - | Epoch: 097/100 | Train Time: 0.174s | Train Loss: 7185.233943 |
2020-08-17 00:12:51,458 - root - INFO - | Epoch: 098/100 | Train Time: 0.177s | Train Loss: 7184.489090 |
2020-08-17 00:12:51,628 - root - INFO - | Epoch: 099/100 | Train Time: 0.170s | Train Loss: 7191.631320 |
2020-08-17 00:12:51,800 - root - INFO - | Epoch: 100/100 | Train Time: 0.172s | Train Loss: 7181.822838 |
2020-08-17 00:12:51,801 - root - INFO - Pretraining Time: 17.085s
2020-08-17 00:12:51,801 - root - INFO - Finished pretraining.
2020-08-17 00:12:51,801 - root - INFO - Testing autoencoder...
2020-08-17 00:12:51,819 - root - INFO - Test Loss: 7195.874891
2020-08-17 00:12:51,819 - root - INFO - Test Time: 0.017s
2020-08-17 00:12:51,819 - root - INFO - Finished testing autoencoder.
2020-08-17 00:12:51,822 - root - INFO - Hey I am loading net for you!
2020-08-17 00:12:51,822 - root - INFO - Setting hyper-parameters!
2020-08-17 00:12:51,822 - root - INFO - Initializing center c...
2020-08-17 00:12:51,865 - root - INFO - Center c initialized.
2020-08-17 00:12:51,865 - root - INFO - Starting training...
2020-08-17 00:12:51,982 - root - INFO - | Epoch: 001/500 | Train Time: 0.117s | Train Loss: 285.054485 |
2020-08-17 00:12:52,102 - root - INFO - | Epoch: 002/500 | Train Time: 0.120s | Train Loss: 282.300500 |
2020-08-17 00:12:52,221 - root - INFO - | Epoch: 003/500 | Train Time: 0.119s | Train Loss: 279.805630 |
2020-08-17 00:12:52,340 - root - INFO - | Epoch: 004/500 | Train Time: 0.119s | Train Loss: 277.491124 |
2020-08-17 00:12:52,458 - root - INFO - | Epoch: 005/500 | Train Time: 0.118s | Train Loss: 275.314226 |
2020-08-17 00:12:52,578 - root - INFO - | Epoch: 006/500 | Train Time: 0.120s | Train Loss: 273.074801 |
2020-08-17 00:12:52,697 - root - INFO - | Epoch: 007/500 | Train Time: 0.119s | Train Loss: 270.961582 |
2020-08-17 00:12:52,815 - root - INFO - | Epoch: 008/500 | Train Time: 0.118s | Train Loss: 268.850335 |
2020-08-17 00:12:52,933 - root - INFO - | Epoch: 009/500 | Train Time: 0.118s | Train Loss: 266.755451 |
2020-08-17 00:12:53,051 - root - INFO - | Epoch: 010/500 | Train Time: 0.118s | Train Loss: 264.609020 |
2020-08-17 00:12:53,171 - root - INFO - | Epoch: 011/500 | Train Time: 0.119s | Train Loss: 262.556584 |
2020-08-17 00:12:53,290 - root - INFO - | Epoch: 012/500 | Train Time: 0.119s | Train Loss: 260.562295 |
2020-08-17 00:12:53,409 - root - INFO - | Epoch: 013/500 | Train Time: 0.119s | Train Loss: 258.469589 |
2020-08-17 00:12:53,529 - root - INFO - | Epoch: 014/500 | Train Time: 0.119s | Train Loss: 256.433891 |
2020-08-17 00:12:53,649 - root - INFO - | Epoch: 015/500 | Train Time: 0.119s | Train Loss: 254.399701 |
2020-08-17 00:12:53,768 - root - INFO - | Epoch: 016/500 | Train Time: 0.120s | Train Loss: 252.399600 |
2020-08-17 00:12:53,887 - root - INFO - | Epoch: 017/500 | Train Time: 0.119s | Train Loss: 250.427851 |
2020-08-17 00:12:54,007 - root - INFO - | Epoch: 018/500 | Train Time: 0.119s | Train Loss: 248.368118 |
2020-08-17 00:12:54,126 - root - INFO - | Epoch: 019/500 | Train Time: 0.120s | Train Loss: 246.452007 |
2020-08-17 00:12:54,246 - root - INFO - | Epoch: 020/500 | Train Time: 0.120s | Train Loss: 244.565500 |
2020-08-17 00:12:54,365 - root - INFO - | Epoch: 021/500 | Train Time: 0.119s | Train Loss: 242.529003 |
2020-08-17 00:12:54,485 - root - INFO - | Epoch: 022/500 | Train Time: 0.120s | Train Loss: 240.619033 |
2020-08-17 00:12:54,604 - root - INFO - | Epoch: 023/500 | Train Time: 0.119s | Train Loss: 238.919057 |
2020-08-17 00:12:54,724 - root - INFO - | Epoch: 024/500 | Train Time: 0.120s | Train Loss: 236.848887 |
2020-08-17 00:12:54,843 - root - INFO - | Epoch: 025/500 | Train Time: 0.119s | Train Loss: 235.092807 |
2020-08-17 00:12:54,962 - root - INFO - | Epoch: 026/500 | Train Time: 0.119s | Train Loss: 233.305449 |
2020-08-17 00:12:55,081 - root - INFO - | Epoch: 027/500 | Train Time: 0.119s | Train Loss: 231.408076 |
2020-08-17 00:12:55,201 - root - INFO - | Epoch: 028/500 | Train Time: 0.120s | Train Loss: 229.522374 |
2020-08-17 00:12:55,321 - root - INFO - | Epoch: 029/500 | Train Time: 0.120s | Train Loss: 227.781933 |
2020-08-17 00:12:55,439 - root - INFO - | Epoch: 030/500 | Train Time: 0.118s | Train Loss: 225.871204 |
2020-08-17 00:12:55,557 - root - INFO - | Epoch: 031/500 | Train Time: 0.117s | Train Loss: 224.101026 |
2020-08-17 00:12:55,669 - root - INFO - | Epoch: 032/500 | Train Time: 0.112s | Train Loss: 222.437766 |
2020-08-17 00:12:55,780 - root - INFO - | Epoch: 033/500 | Train Time: 0.111s | Train Loss: 220.778462 |
2020-08-17 00:12:55,892 - root - INFO - | Epoch: 034/500 | Train Time: 0.112s | Train Loss: 218.946435 |
2020-08-17 00:12:56,008 - root - INFO - | Epoch: 035/500 | Train Time: 0.116s | Train Loss: 217.158340 |
2020-08-17 00:12:56,127 - root - INFO - | Epoch: 036/500 | Train Time: 0.119s | Train Loss: 215.383099 |
2020-08-17 00:12:56,247 - root - INFO - | Epoch: 037/500 | Train Time: 0.119s | Train Loss: 213.780310 |
2020-08-17 00:12:56,366 - root - INFO - | Epoch: 038/500 | Train Time: 0.119s | Train Loss: 212.165833 |
2020-08-17 00:12:56,486 - root - INFO - | Epoch: 039/500 | Train Time: 0.119s | Train Loss: 210.441985 |
2020-08-17 00:12:56,605 - root - INFO - | Epoch: 040/500 | Train Time: 0.119s | Train Loss: 208.736618 |
2020-08-17 00:12:56,724 - root - INFO - | Epoch: 041/500 | Train Time: 0.119s | Train Loss: 207.100193 |
2020-08-17 00:12:56,842 - root - INFO - | Epoch: 042/500 | Train Time: 0.118s | Train Loss: 205.524960 |
2020-08-17 00:12:56,961 - root - INFO - | Epoch: 043/500 | Train Time: 0.119s | Train Loss: 203.855263 |
2020-08-17 00:12:57,081 - root - INFO - | Epoch: 044/500 | Train Time: 0.120s | Train Loss: 202.262849 |
2020-08-17 00:12:57,200 - root - INFO - | Epoch: 045/500 | Train Time: 0.119s | Train Loss: 200.551244 |
2020-08-17 00:12:57,319 - root - INFO - | Epoch: 046/500 | Train Time: 0.119s | Train Loss: 199.036642 |
2020-08-17 00:12:57,438 - root - INFO - | Epoch: 047/500 | Train Time: 0.118s | Train Loss: 197.356319 |
2020-08-17 00:12:57,558 - root - INFO - | Epoch: 048/500 | Train Time: 0.119s | Train Loss: 195.774497 |
2020-08-17 00:12:57,677 - root - INFO - | Epoch: 049/500 | Train Time: 0.119s | Train Loss: 194.249225 |
2020-08-17 00:12:57,796 - root - INFO - | Epoch: 050/500 | Train Time: 0.119s | Train Loss: 192.768510 |
2020-08-17 00:12:57,796 - root - INFO -   LR scheduler: new learning rate is 1e-06
2020-08-17 00:12:57,915 - root - INFO - | Epoch: 051/500 | Train Time: 0.119s | Train Loss: 191.782722 |
2020-08-17 00:12:58,034 - root - INFO - | Epoch: 052/500 | Train Time: 0.119s | Train Loss: 191.677892 |
2020-08-17 00:12:58,153 - root - INFO - | Epoch: 053/500 | Train Time: 0.119s | Train Loss: 191.630539 |
2020-08-17 00:12:58,273 - root - INFO - | Epoch: 054/500 | Train Time: 0.119s | Train Loss: 191.539028 |
2020-08-17 00:12:58,392 - root - INFO - | Epoch: 055/500 | Train Time: 0.120s | Train Loss: 191.278776 |
2020-08-17 00:12:58,511 - root - INFO - | Epoch: 056/500 | Train Time: 0.119s | Train Loss: 191.029602 |
2020-08-17 00:12:58,630 - root - INFO - | Epoch: 057/500 | Train Time: 0.119s | Train Loss: 190.922973 |
2020-08-17 00:12:58,749 - root - INFO - | Epoch: 058/500 | Train Time: 0.119s | Train Loss: 190.722257 |
2020-08-17 00:12:58,869 - root - INFO - | Epoch: 059/500 | Train Time: 0.120s | Train Loss: 190.724714 |
2020-08-17 00:12:58,988 - root - INFO - | Epoch: 060/500 | Train Time: 0.119s | Train Loss: 190.440922 |
2020-08-17 00:12:59,108 - root - INFO - | Epoch: 061/500 | Train Time: 0.119s | Train Loss: 190.221177 |
2020-08-17 00:12:59,227 - root - INFO - | Epoch: 062/500 | Train Time: 0.119s | Train Loss: 190.017023 |
2020-08-17 00:12:59,347 - root - INFO - | Epoch: 063/500 | Train Time: 0.120s | Train Loss: 190.027751 |
2020-08-17 00:12:59,466 - root - INFO - | Epoch: 064/500 | Train Time: 0.119s | Train Loss: 189.834235 |
2020-08-17 00:12:59,585 - root - INFO - | Epoch: 065/500 | Train Time: 0.120s | Train Loss: 189.668947 |
2020-08-17 00:12:59,705 - root - INFO - | Epoch: 066/500 | Train Time: 0.119s | Train Loss: 189.588808 |
2020-08-17 00:12:59,825 - root - INFO - | Epoch: 067/500 | Train Time: 0.119s | Train Loss: 189.248247 |
2020-08-17 00:12:59,944 - root - INFO - | Epoch: 068/500 | Train Time: 0.119s | Train Loss: 189.254188 |
2020-08-17 00:13:00,064 - root - INFO - | Epoch: 069/500 | Train Time: 0.120s | Train Loss: 189.042904 |
2020-08-17 00:13:00,183 - root - INFO - | Epoch: 070/500 | Train Time: 0.119s | Train Loss: 188.848537 |
2020-08-17 00:13:00,302 - root - INFO - | Epoch: 071/500 | Train Time: 0.119s | Train Loss: 188.799858 |
2020-08-17 00:13:00,422 - root - INFO - | Epoch: 072/500 | Train Time: 0.120s | Train Loss: 188.594041 |
2020-08-17 00:13:00,542 - root - INFO - | Epoch: 073/500 | Train Time: 0.120s | Train Loss: 188.514450 |
2020-08-17 00:13:00,662 - root - INFO - | Epoch: 074/500 | Train Time: 0.120s | Train Loss: 188.218783 |
2020-08-17 00:13:00,781 - root - INFO - | Epoch: 075/500 | Train Time: 0.119s | Train Loss: 188.092967 |
2020-08-17 00:13:00,900 - root - INFO - | Epoch: 076/500 | Train Time: 0.120s | Train Loss: 188.163711 |
2020-08-17 00:13:01,014 - root - INFO - | Epoch: 077/500 | Train Time: 0.114s | Train Loss: 187.871591 |
2020-08-17 00:13:01,133 - root - INFO - | Epoch: 078/500 | Train Time: 0.119s | Train Loss: 187.720304 |
2020-08-17 00:13:01,251 - root - INFO - | Epoch: 079/500 | Train Time: 0.118s | Train Loss: 187.528994 |
2020-08-17 00:13:01,370 - root - INFO - | Epoch: 080/500 | Train Time: 0.119s | Train Loss: 187.436268 |
2020-08-17 00:13:01,484 - root - INFO - | Epoch: 081/500 | Train Time: 0.114s | Train Loss: 187.202089 |
2020-08-17 00:13:01,604 - root - INFO - | Epoch: 082/500 | Train Time: 0.120s | Train Loss: 186.945011 |
2020-08-17 00:13:01,724 - root - INFO - | Epoch: 083/500 | Train Time: 0.120s | Train Loss: 186.901723 |
2020-08-17 00:13:01,843 - root - INFO - | Epoch: 084/500 | Train Time: 0.119s | Train Loss: 186.645898 |
2020-08-17 00:13:01,964 - root - INFO - | Epoch: 085/500 | Train Time: 0.121s | Train Loss: 186.631849 |
2020-08-17 00:13:02,086 - root - INFO - | Epoch: 086/500 | Train Time: 0.121s | Train Loss: 186.475637 |
2020-08-17 00:13:02,207 - root - INFO - | Epoch: 087/500 | Train Time: 0.122s | Train Loss: 186.234401 |
2020-08-17 00:13:02,328 - root - INFO - | Epoch: 088/500 | Train Time: 0.121s | Train Loss: 186.062520 |
2020-08-17 00:13:02,449 - root - INFO - | Epoch: 089/500 | Train Time: 0.121s | Train Loss: 185.859052 |
2020-08-17 00:13:02,570 - root - INFO - | Epoch: 090/500 | Train Time: 0.121s | Train Loss: 185.750428 |
2020-08-17 00:13:02,692 - root - INFO - | Epoch: 091/500 | Train Time: 0.121s | Train Loss: 185.629370 |
2020-08-17 00:13:02,812 - root - INFO - | Epoch: 092/500 | Train Time: 0.120s | Train Loss: 185.536026 |
2020-08-17 00:13:02,933 - root - INFO - | Epoch: 093/500 | Train Time: 0.121s | Train Loss: 185.205762 |
2020-08-17 00:13:03,054 - root - INFO - | Epoch: 094/500 | Train Time: 0.121s | Train Loss: 185.194290 |
2020-08-17 00:13:03,175 - root - INFO - | Epoch: 095/500 | Train Time: 0.120s | Train Loss: 185.088949 |
2020-08-17 00:13:03,295 - root - INFO - | Epoch: 096/500 | Train Time: 0.121s | Train Loss: 184.795166 |
2020-08-17 00:13:03,417 - root - INFO - | Epoch: 097/500 | Train Time: 0.121s | Train Loss: 184.704487 |
2020-08-17 00:13:03,538 - root - INFO - | Epoch: 098/500 | Train Time: 0.121s | Train Loss: 184.351017 |
2020-08-17 00:13:03,659 - root - INFO - | Epoch: 099/500 | Train Time: 0.121s | Train Loss: 184.477714 |
2020-08-17 00:13:03,781 - root - INFO - | Epoch: 100/500 | Train Time: 0.122s | Train Loss: 184.273776 |
2020-08-17 00:13:03,902 - root - INFO - | Epoch: 101/500 | Train Time: 0.121s | Train Loss: 184.072449 |
2020-08-17 00:13:04,023 - root - INFO - | Epoch: 102/500 | Train Time: 0.121s | Train Loss: 184.026459 |
2020-08-17 00:13:04,145 - root - INFO - | Epoch: 103/500 | Train Time: 0.122s | Train Loss: 183.756609 |
2020-08-17 00:13:04,265 - root - INFO - | Epoch: 104/500 | Train Time: 0.121s | Train Loss: 183.526800 |
2020-08-17 00:13:04,387 - root - INFO - | Epoch: 105/500 | Train Time: 0.121s | Train Loss: 183.417416 |
2020-08-17 00:13:04,506 - root - INFO - | Epoch: 106/500 | Train Time: 0.120s | Train Loss: 183.173156 |
2020-08-17 00:13:04,627 - root - INFO - | Epoch: 107/500 | Train Time: 0.120s | Train Loss: 183.095107 |
2020-08-17 00:13:04,748 - root - INFO - | Epoch: 108/500 | Train Time: 0.121s | Train Loss: 182.816561 |
2020-08-17 00:13:04,869 - root - INFO - | Epoch: 109/500 | Train Time: 0.121s | Train Loss: 182.768842 |
2020-08-17 00:13:04,995 - root - INFO - | Epoch: 110/500 | Train Time: 0.127s | Train Loss: 182.734637 |
2020-08-17 00:13:05,118 - root - INFO - | Epoch: 111/500 | Train Time: 0.123s | Train Loss: 182.355066 |
2020-08-17 00:13:05,241 - root - INFO - | Epoch: 112/500 | Train Time: 0.122s | Train Loss: 182.341638 |
2020-08-17 00:13:05,371 - root - INFO - | Epoch: 113/500 | Train Time: 0.130s | Train Loss: 182.176157 |
2020-08-17 00:13:05,496 - root - INFO - | Epoch: 114/500 | Train Time: 0.125s | Train Loss: 181.993474 |
2020-08-17 00:13:05,620 - root - INFO - | Epoch: 115/500 | Train Time: 0.124s | Train Loss: 181.782871 |
2020-08-17 00:13:05,744 - root - INFO - | Epoch: 116/500 | Train Time: 0.124s | Train Loss: 181.698771 |
2020-08-17 00:13:05,869 - root - INFO - | Epoch: 117/500 | Train Time: 0.125s | Train Loss: 181.460144 |
2020-08-17 00:13:05,994 - root - INFO - | Epoch: 118/500 | Train Time: 0.124s | Train Loss: 181.461676 |
2020-08-17 00:13:06,119 - root - INFO - | Epoch: 119/500 | Train Time: 0.125s | Train Loss: 181.200459 |
2020-08-17 00:13:06,243 - root - INFO - | Epoch: 120/500 | Train Time: 0.124s | Train Loss: 181.049144 |
2020-08-17 00:13:06,369 - root - INFO - | Epoch: 121/500 | Train Time: 0.125s | Train Loss: 180.839480 |
2020-08-17 00:13:06,492 - root - INFO - | Epoch: 122/500 | Train Time: 0.123s | Train Loss: 180.704252 |
2020-08-17 00:13:06,615 - root - INFO - | Epoch: 123/500 | Train Time: 0.123s | Train Loss: 180.544664 |
2020-08-17 00:13:06,737 - root - INFO - | Epoch: 124/500 | Train Time: 0.123s | Train Loss: 180.365312 |
2020-08-17 00:13:06,860 - root - INFO - | Epoch: 125/500 | Train Time: 0.123s | Train Loss: 180.117702 |
2020-08-17 00:13:06,983 - root - INFO - | Epoch: 126/500 | Train Time: 0.123s | Train Loss: 180.080020 |
2020-08-17 00:13:07,106 - root - INFO - | Epoch: 127/500 | Train Time: 0.123s | Train Loss: 179.933051 |
2020-08-17 00:13:07,228 - root - INFO - | Epoch: 128/500 | Train Time: 0.122s | Train Loss: 179.814924 |
2020-08-17 00:13:07,351 - root - INFO - | Epoch: 129/500 | Train Time: 0.123s | Train Loss: 179.628094 |
2020-08-17 00:13:07,473 - root - INFO - | Epoch: 130/500 | Train Time: 0.122s | Train Loss: 179.465091 |
2020-08-17 00:13:07,595 - root - INFO - | Epoch: 131/500 | Train Time: 0.122s | Train Loss: 179.380308 |
2020-08-17 00:13:07,717 - root - INFO - | Epoch: 132/500 | Train Time: 0.122s | Train Loss: 179.247592 |
2020-08-17 00:13:07,839 - root - INFO - | Epoch: 133/500 | Train Time: 0.122s | Train Loss: 178.982296 |
2020-08-17 00:13:07,962 - root - INFO - | Epoch: 134/500 | Train Time: 0.122s | Train Loss: 178.885641 |
2020-08-17 00:13:08,085 - root - INFO - | Epoch: 135/500 | Train Time: 0.123s | Train Loss: 178.653137 |
2020-08-17 00:13:08,207 - root - INFO - | Epoch: 136/500 | Train Time: 0.122s | Train Loss: 178.467199 |
2020-08-17 00:13:08,329 - root - INFO - | Epoch: 137/500 | Train Time: 0.122s | Train Loss: 178.267248 |
2020-08-17 00:13:08,452 - root - INFO - | Epoch: 138/500 | Train Time: 0.123s | Train Loss: 178.253043 |
2020-08-17 00:13:08,575 - root - INFO - | Epoch: 139/500 | Train Time: 0.123s | Train Loss: 178.066118 |
2020-08-17 00:13:08,698 - root - INFO - | Epoch: 140/500 | Train Time: 0.123s | Train Loss: 178.028531 |
2020-08-17 00:13:08,820 - root - INFO - | Epoch: 141/500 | Train Time: 0.122s | Train Loss: 177.666123 |
2020-08-17 00:13:08,944 - root - INFO - | Epoch: 142/500 | Train Time: 0.123s | Train Loss: 177.680996 |
2020-08-17 00:13:09,066 - root - INFO - | Epoch: 143/500 | Train Time: 0.122s | Train Loss: 177.473010 |
2020-08-17 00:13:09,189 - root - INFO - | Epoch: 144/500 | Train Time: 0.123s | Train Loss: 177.373555 |
2020-08-17 00:13:09,311 - root - INFO - | Epoch: 145/500 | Train Time: 0.123s | Train Loss: 177.143055 |
2020-08-17 00:13:09,434 - root - INFO - | Epoch: 146/500 | Train Time: 0.122s | Train Loss: 176.911247 |
2020-08-17 00:13:09,556 - root - INFO - | Epoch: 147/500 | Train Time: 0.122s | Train Loss: 176.770095 |
2020-08-17 00:13:09,678 - root - INFO - | Epoch: 148/500 | Train Time: 0.122s | Train Loss: 176.787996 |
2020-08-17 00:13:09,801 - root - INFO - | Epoch: 149/500 | Train Time: 0.123s | Train Loss: 176.616532 |
2020-08-17 00:13:09,923 - root - INFO - | Epoch: 150/500 | Train Time: 0.122s | Train Loss: 176.434914 |
2020-08-17 00:13:10,046 - root - INFO - | Epoch: 151/500 | Train Time: 0.122s | Train Loss: 176.145247 |
2020-08-17 00:13:10,169 - root - INFO - | Epoch: 152/500 | Train Time: 0.123s | Train Loss: 176.066326 |
2020-08-17 00:13:10,291 - root - INFO - | Epoch: 153/500 | Train Time: 0.122s | Train Loss: 175.917473 |
2020-08-17 00:13:10,415 - root - INFO - | Epoch: 154/500 | Train Time: 0.123s | Train Loss: 175.712525 |
2020-08-17 00:13:10,537 - root - INFO - | Epoch: 155/500 | Train Time: 0.122s | Train Loss: 175.606838 |
2020-08-17 00:13:10,659 - root - INFO - | Epoch: 156/500 | Train Time: 0.123s | Train Loss: 175.590796 |
2020-08-17 00:13:10,781 - root - INFO - | Epoch: 157/500 | Train Time: 0.122s | Train Loss: 175.306183 |
2020-08-17 00:13:10,904 - root - INFO - | Epoch: 158/500 | Train Time: 0.122s | Train Loss: 175.246276 |
2020-08-17 00:13:11,027 - root - INFO - | Epoch: 159/500 | Train Time: 0.123s | Train Loss: 174.978824 |
2020-08-17 00:13:11,150 - root - INFO - | Epoch: 160/500 | Train Time: 0.123s | Train Loss: 175.067382 |
2020-08-17 00:13:11,273 - root - INFO - | Epoch: 161/500 | Train Time: 0.122s | Train Loss: 174.684553 |
2020-08-17 00:13:11,395 - root - INFO - | Epoch: 162/500 | Train Time: 0.122s | Train Loss: 174.723256 |
2020-08-17 00:13:11,518 - root - INFO - | Epoch: 163/500 | Train Time: 0.122s | Train Loss: 174.435403 |
2020-08-17 00:13:11,640 - root - INFO - | Epoch: 164/500 | Train Time: 0.122s | Train Loss: 174.159564 |
2020-08-17 00:13:11,764 - root - INFO - | Epoch: 165/500 | Train Time: 0.124s | Train Loss: 173.941587 |
2020-08-17 00:13:11,887 - root - INFO - | Epoch: 166/500 | Train Time: 0.123s | Train Loss: 173.859838 |
2020-08-17 00:13:12,009 - root - INFO - | Epoch: 167/500 | Train Time: 0.122s | Train Loss: 173.773393 |
2020-08-17 00:13:12,132 - root - INFO - | Epoch: 168/500 | Train Time: 0.122s | Train Loss: 173.566559 |
2020-08-17 00:13:12,256 - root - INFO - | Epoch: 169/500 | Train Time: 0.124s | Train Loss: 173.399995 |
2020-08-17 00:13:12,378 - root - INFO - | Epoch: 170/500 | Train Time: 0.122s | Train Loss: 173.455787 |
2020-08-17 00:13:12,501 - root - INFO - | Epoch: 171/500 | Train Time: 0.122s | Train Loss: 172.946935 |
2020-08-17 00:13:12,624 - root - INFO - | Epoch: 172/500 | Train Time: 0.123s | Train Loss: 172.893454 |
2020-08-17 00:13:12,747 - root - INFO - | Epoch: 173/500 | Train Time: 0.123s | Train Loss: 172.825139 |
2020-08-17 00:13:12,871 - root - INFO - | Epoch: 174/500 | Train Time: 0.124s | Train Loss: 172.781338 |
2020-08-17 00:13:12,993 - root - INFO - | Epoch: 175/500 | Train Time: 0.122s | Train Loss: 172.526654 |
2020-08-17 00:13:13,116 - root - INFO - | Epoch: 176/500 | Train Time: 0.123s | Train Loss: 172.495403 |
2020-08-17 00:13:13,239 - root - INFO - | Epoch: 177/500 | Train Time: 0.123s | Train Loss: 172.211711 |
2020-08-17 00:13:13,362 - root - INFO - | Epoch: 178/500 | Train Time: 0.122s | Train Loss: 172.205892 |
2020-08-17 00:13:13,484 - root - INFO - | Epoch: 179/500 | Train Time: 0.122s | Train Loss: 171.975442 |
2020-08-17 00:13:13,607 - root - INFO - | Epoch: 180/500 | Train Time: 0.123s | Train Loss: 171.917450 |
2020-08-17 00:13:13,729 - root - INFO - | Epoch: 181/500 | Train Time: 0.122s | Train Loss: 171.640564 |
2020-08-17 00:13:13,852 - root - INFO - | Epoch: 182/500 | Train Time: 0.123s | Train Loss: 171.672047 |
2020-08-17 00:13:13,976 - root - INFO - | Epoch: 183/500 | Train Time: 0.124s | Train Loss: 171.320010 |
2020-08-17 00:13:14,099 - root - INFO - | Epoch: 184/500 | Train Time: 0.123s | Train Loss: 171.294217 |
2020-08-17 00:13:14,221 - root - INFO - | Epoch: 185/500 | Train Time: 0.122s | Train Loss: 170.960970 |
2020-08-17 00:13:14,344 - root - INFO - | Epoch: 186/500 | Train Time: 0.123s | Train Loss: 170.905745 |
2020-08-17 00:13:14,467 - root - INFO - | Epoch: 187/500 | Train Time: 0.123s | Train Loss: 170.804112 |
2020-08-17 00:13:14,590 - root - INFO - | Epoch: 188/500 | Train Time: 0.123s | Train Loss: 170.609138 |
2020-08-17 00:13:14,712 - root - INFO - | Epoch: 189/500 | Train Time: 0.122s | Train Loss: 170.479446 |
2020-08-17 00:13:14,834 - root - INFO - | Epoch: 190/500 | Train Time: 0.122s | Train Loss: 170.115234 |
2020-08-17 00:13:14,957 - root - INFO - | Epoch: 191/500 | Train Time: 0.122s | Train Loss: 170.163749 |
2020-08-17 00:13:15,079 - root - INFO - | Epoch: 192/500 | Train Time: 0.123s | Train Loss: 169.902328 |
2020-08-17 00:13:15,202 - root - INFO - | Epoch: 193/500 | Train Time: 0.123s | Train Loss: 169.795603 |
2020-08-17 00:13:15,325 - root - INFO - | Epoch: 194/500 | Train Time: 0.123s | Train Loss: 169.842904 |
2020-08-17 00:13:15,448 - root - INFO - | Epoch: 195/500 | Train Time: 0.122s | Train Loss: 169.580842 |
2020-08-17 00:13:15,571 - root - INFO - | Epoch: 196/500 | Train Time: 0.123s | Train Loss: 169.401926 |
2020-08-17 00:13:15,694 - root - INFO - | Epoch: 197/500 | Train Time: 0.123s | Train Loss: 169.202860 |
2020-08-17 00:13:15,816 - root - INFO - | Epoch: 198/500 | Train Time: 0.122s | Train Loss: 169.106368 |
2020-08-17 00:13:15,939 - root - INFO - | Epoch: 199/500 | Train Time: 0.123s | Train Loss: 169.017593 |
2020-08-17 00:13:16,061 - root - INFO - | Epoch: 200/500 | Train Time: 0.122s | Train Loss: 168.860561 |
2020-08-17 00:13:16,184 - root - INFO - | Epoch: 201/500 | Train Time: 0.123s | Train Loss: 168.743927 |
2020-08-17 00:13:16,307 - root - INFO - | Epoch: 202/500 | Train Time: 0.123s | Train Loss: 168.451171 |
2020-08-17 00:13:16,430 - root - INFO - | Epoch: 203/500 | Train Time: 0.122s | Train Loss: 168.460086 |
2020-08-17 00:13:16,550 - root - INFO - | Epoch: 204/500 | Train Time: 0.121s | Train Loss: 168.242521 |
2020-08-17 00:13:16,673 - root - INFO - | Epoch: 205/500 | Train Time: 0.123s | Train Loss: 167.997636 |
2020-08-17 00:13:16,796 - root - INFO - | Epoch: 206/500 | Train Time: 0.122s | Train Loss: 167.933837 |
2020-08-17 00:13:16,919 - root - INFO - | Epoch: 207/500 | Train Time: 0.123s | Train Loss: 167.884736 |
2020-08-17 00:13:17,041 - root - INFO - | Epoch: 208/500 | Train Time: 0.123s | Train Loss: 167.547665 |
2020-08-17 00:13:17,172 - root - INFO - | Epoch: 209/500 | Train Time: 0.130s | Train Loss: 167.334217 |
2020-08-17 00:13:17,299 - root - INFO - | Epoch: 210/500 | Train Time: 0.127s | Train Loss: 167.455579 |
2020-08-17 00:13:17,425 - root - INFO - | Epoch: 211/500 | Train Time: 0.127s | Train Loss: 167.094635 |
2020-08-17 00:13:17,550 - root - INFO - | Epoch: 212/500 | Train Time: 0.125s | Train Loss: 167.013321 |
2020-08-17 00:13:17,675 - root - INFO - | Epoch: 213/500 | Train Time: 0.124s | Train Loss: 166.878233 |
2020-08-17 00:13:17,800 - root - INFO - | Epoch: 214/500 | Train Time: 0.125s | Train Loss: 166.590648 |
2020-08-17 00:13:17,924 - root - INFO - | Epoch: 215/500 | Train Time: 0.124s | Train Loss: 166.608134 |
2020-08-17 00:13:18,048 - root - INFO - | Epoch: 216/500 | Train Time: 0.124s | Train Loss: 166.483265 |
2020-08-17 00:13:18,174 - root - INFO - | Epoch: 217/500 | Train Time: 0.125s | Train Loss: 166.175052 |
2020-08-17 00:13:18,299 - root - INFO - | Epoch: 218/500 | Train Time: 0.125s | Train Loss: 166.113986 |
2020-08-17 00:13:18,425 - root - INFO - | Epoch: 219/500 | Train Time: 0.125s | Train Loss: 165.948809 |
2020-08-17 00:13:18,549 - root - INFO - | Epoch: 220/500 | Train Time: 0.124s | Train Loss: 165.810390 |
2020-08-17 00:13:18,673 - root - INFO - | Epoch: 221/500 | Train Time: 0.124s | Train Loss: 165.711959 |
2020-08-17 00:13:18,799 - root - INFO - | Epoch: 222/500 | Train Time: 0.125s | Train Loss: 165.416665 |
2020-08-17 00:13:18,924 - root - INFO - | Epoch: 223/500 | Train Time: 0.125s | Train Loss: 165.450279 |
2020-08-17 00:13:19,049 - root - INFO - | Epoch: 224/500 | Train Time: 0.125s | Train Loss: 165.267273 |
2020-08-17 00:13:19,175 - root - INFO - | Epoch: 225/500 | Train Time: 0.126s | Train Loss: 165.135944 |
2020-08-17 00:13:19,300 - root - INFO - | Epoch: 226/500 | Train Time: 0.125s | Train Loss: 164.869930 |
2020-08-17 00:13:19,426 - root - INFO - | Epoch: 227/500 | Train Time: 0.126s | Train Loss: 164.892707 |
2020-08-17 00:13:19,551 - root - INFO - | Epoch: 228/500 | Train Time: 0.125s | Train Loss: 164.664310 |
2020-08-17 00:13:19,676 - root - INFO - | Epoch: 229/500 | Train Time: 0.125s | Train Loss: 164.655984 |
2020-08-17 00:13:19,801 - root - INFO - | Epoch: 230/500 | Train Time: 0.125s | Train Loss: 164.334582 |
2020-08-17 00:13:19,926 - root - INFO - | Epoch: 231/500 | Train Time: 0.125s | Train Loss: 164.102071 |
2020-08-17 00:13:20,049 - root - INFO - | Epoch: 232/500 | Train Time: 0.122s | Train Loss: 163.922275 |
2020-08-17 00:13:20,171 - root - INFO - | Epoch: 233/500 | Train Time: 0.122s | Train Loss: 163.850363 |
2020-08-17 00:13:20,295 - root - INFO - | Epoch: 234/500 | Train Time: 0.123s | Train Loss: 163.767844 |
2020-08-17 00:13:20,418 - root - INFO - | Epoch: 235/500 | Train Time: 0.124s | Train Loss: 163.777305 |
2020-08-17 00:13:20,541 - root - INFO - | Epoch: 236/500 | Train Time: 0.123s | Train Loss: 163.429668 |
2020-08-17 00:13:20,665 - root - INFO - | Epoch: 237/500 | Train Time: 0.123s | Train Loss: 163.434155 |
2020-08-17 00:13:20,788 - root - INFO - | Epoch: 238/500 | Train Time: 0.123s | Train Loss: 163.165193 |
2020-08-17 00:13:20,911 - root - INFO - | Epoch: 239/500 | Train Time: 0.123s | Train Loss: 163.153381 |
2020-08-17 00:13:21,034 - root - INFO - | Epoch: 240/500 | Train Time: 0.123s | Train Loss: 162.938212 |
2020-08-17 00:13:21,156 - root - INFO - | Epoch: 241/500 | Train Time: 0.122s | Train Loss: 162.838876 |
2020-08-17 00:13:21,280 - root - INFO - | Epoch: 242/500 | Train Time: 0.124s | Train Loss: 162.478752 |
2020-08-17 00:13:21,404 - root - INFO - | Epoch: 243/500 | Train Time: 0.124s | Train Loss: 162.379537 |
2020-08-17 00:13:21,527 - root - INFO - | Epoch: 244/500 | Train Time: 0.123s | Train Loss: 162.279884 |
2020-08-17 00:13:21,650 - root - INFO - | Epoch: 245/500 | Train Time: 0.123s | Train Loss: 162.104142 |
2020-08-17 00:13:21,774 - root - INFO - | Epoch: 246/500 | Train Time: 0.123s | Train Loss: 161.965680 |
2020-08-17 00:13:21,897 - root - INFO - | Epoch: 247/500 | Train Time: 0.123s | Train Loss: 161.735364 |
2020-08-17 00:13:22,020 - root - INFO - | Epoch: 248/500 | Train Time: 0.123s | Train Loss: 161.714647 |
2020-08-17 00:13:22,143 - root - INFO - | Epoch: 249/500 | Train Time: 0.123s | Train Loss: 161.578485 |
2020-08-17 00:13:22,266 - root - INFO - | Epoch: 250/500 | Train Time: 0.123s | Train Loss: 161.412888 |
2020-08-17 00:13:22,389 - root - INFO - | Epoch: 251/500 | Train Time: 0.123s | Train Loss: 161.134051 |
2020-08-17 00:13:22,511 - root - INFO - | Epoch: 252/500 | Train Time: 0.123s | Train Loss: 161.204042 |
2020-08-17 00:13:22,634 - root - INFO - | Epoch: 253/500 | Train Time: 0.123s | Train Loss: 160.903293 |
2020-08-17 00:13:22,758 - root - INFO - | Epoch: 254/500 | Train Time: 0.123s | Train Loss: 160.855416 |
2020-08-17 00:13:22,880 - root - INFO - | Epoch: 255/500 | Train Time: 0.122s | Train Loss: 160.568133 |
2020-08-17 00:13:23,003 - root - INFO - | Epoch: 256/500 | Train Time: 0.123s | Train Loss: 160.475001 |
2020-08-17 00:13:23,126 - root - INFO - | Epoch: 257/500 | Train Time: 0.123s | Train Loss: 160.435026 |
2020-08-17 00:13:23,250 - root - INFO - | Epoch: 258/500 | Train Time: 0.124s | Train Loss: 160.329452 |
2020-08-17 00:13:23,373 - root - INFO - | Epoch: 259/500 | Train Time: 0.123s | Train Loss: 160.176079 |
2020-08-17 00:13:23,496 - root - INFO - | Epoch: 260/500 | Train Time: 0.123s | Train Loss: 160.135490 |
2020-08-17 00:13:23,620 - root - INFO - | Epoch: 261/500 | Train Time: 0.123s | Train Loss: 159.692814 |
2020-08-17 00:13:23,743 - root - INFO - | Epoch: 262/500 | Train Time: 0.123s | Train Loss: 159.803976 |
2020-08-17 00:13:23,867 - root - INFO - | Epoch: 263/500 | Train Time: 0.124s | Train Loss: 159.539672 |
2020-08-17 00:13:23,991 - root - INFO - | Epoch: 264/500 | Train Time: 0.124s | Train Loss: 159.429442 |
2020-08-17 00:13:24,114 - root - INFO - | Epoch: 265/500 | Train Time: 0.123s | Train Loss: 159.147035 |
2020-08-17 00:13:24,237 - root - INFO - | Epoch: 266/500 | Train Time: 0.123s | Train Loss: 159.250895 |
2020-08-17 00:13:24,360 - root - INFO - | Epoch: 267/500 | Train Time: 0.123s | Train Loss: 158.909233 |
2020-08-17 00:13:24,483 - root - INFO - | Epoch: 268/500 | Train Time: 0.123s | Train Loss: 158.700685 |
2020-08-17 00:13:24,606 - root - INFO - | Epoch: 269/500 | Train Time: 0.123s | Train Loss: 158.628982 |
2020-08-17 00:13:24,729 - root - INFO - | Epoch: 270/500 | Train Time: 0.123s | Train Loss: 158.518049 |
2020-08-17 00:13:24,852 - root - INFO - | Epoch: 271/500 | Train Time: 0.123s | Train Loss: 158.255658 |
2020-08-17 00:13:24,977 - root - INFO - | Epoch: 272/500 | Train Time: 0.124s | Train Loss: 158.315531 |
2020-08-17 00:13:25,100 - root - INFO - | Epoch: 273/500 | Train Time: 0.123s | Train Loss: 158.050298 |
2020-08-17 00:13:25,223 - root - INFO - | Epoch: 274/500 | Train Time: 0.123s | Train Loss: 158.070412 |
2020-08-17 00:13:25,346 - root - INFO - | Epoch: 275/500 | Train Time: 0.123s | Train Loss: 157.710262 |
2020-08-17 00:13:25,469 - root - INFO - | Epoch: 276/500 | Train Time: 0.123s | Train Loss: 157.596607 |
2020-08-17 00:13:25,592 - root - INFO - | Epoch: 277/500 | Train Time: 0.123s | Train Loss: 157.605263 |
2020-08-17 00:13:25,716 - root - INFO - | Epoch: 278/500 | Train Time: 0.123s | Train Loss: 157.419887 |
2020-08-17 00:13:25,839 - root - INFO - | Epoch: 279/500 | Train Time: 0.124s | Train Loss: 157.251829 |
2020-08-17 00:13:25,962 - root - INFO - | Epoch: 280/500 | Train Time: 0.123s | Train Loss: 157.043875 |
2020-08-17 00:13:26,085 - root - INFO - | Epoch: 281/500 | Train Time: 0.123s | Train Loss: 156.991750 |
2020-08-17 00:13:26,210 - root - INFO - | Epoch: 282/500 | Train Time: 0.124s | Train Loss: 156.854199 |
2020-08-17 00:13:26,334 - root - INFO - | Epoch: 283/500 | Train Time: 0.124s | Train Loss: 156.707792 |
2020-08-17 00:13:26,457 - root - INFO - | Epoch: 284/500 | Train Time: 0.123s | Train Loss: 156.506205 |
2020-08-17 00:13:26,580 - root - INFO - | Epoch: 285/500 | Train Time: 0.123s | Train Loss: 156.398831 |
2020-08-17 00:13:26,704 - root - INFO - | Epoch: 286/500 | Train Time: 0.123s | Train Loss: 156.274837 |
2020-08-17 00:13:26,826 - root - INFO - | Epoch: 287/500 | Train Time: 0.123s | Train Loss: 156.126651 |
2020-08-17 00:13:26,949 - root - INFO - | Epoch: 288/500 | Train Time: 0.122s | Train Loss: 155.957937 |
2020-08-17 00:13:27,075 - root - INFO - | Epoch: 289/500 | Train Time: 0.127s | Train Loss: 155.909437 |
2020-08-17 00:13:27,201 - root - INFO - | Epoch: 290/500 | Train Time: 0.126s | Train Loss: 155.629468 |
2020-08-17 00:13:27,327 - root - INFO - | Epoch: 291/500 | Train Time: 0.125s | Train Loss: 155.439471 |
2020-08-17 00:13:27,452 - root - INFO - | Epoch: 292/500 | Train Time: 0.125s | Train Loss: 155.344578 |
2020-08-17 00:13:27,576 - root - INFO - | Epoch: 293/500 | Train Time: 0.124s | Train Loss: 155.246852 |
2020-08-17 00:13:27,704 - root - INFO - | Epoch: 294/500 | Train Time: 0.128s | Train Loss: 155.068849 |
2020-08-17 00:13:27,828 - root - INFO - | Epoch: 295/500 | Train Time: 0.124s | Train Loss: 155.043787 |
2020-08-17 00:13:27,951 - root - INFO - | Epoch: 296/500 | Train Time: 0.123s | Train Loss: 154.922259 |
2020-08-17 00:13:28,075 - root - INFO - | Epoch: 297/500 | Train Time: 0.123s | Train Loss: 154.634329 |
2020-08-17 00:13:28,198 - root - INFO - | Epoch: 298/500 | Train Time: 0.123s | Train Loss: 154.532227 |
2020-08-17 00:13:28,321 - root - INFO - | Epoch: 299/500 | Train Time: 0.123s | Train Loss: 154.370542 |
2020-08-17 00:13:28,444 - root - INFO - | Epoch: 300/500 | Train Time: 0.123s | Train Loss: 154.223148 |
2020-08-17 00:13:28,567 - root - INFO - | Epoch: 301/500 | Train Time: 0.123s | Train Loss: 154.050316 |
2020-08-17 00:13:28,689 - root - INFO - | Epoch: 302/500 | Train Time: 0.122s | Train Loss: 154.084530 |
2020-08-17 00:13:28,811 - root - INFO - | Epoch: 303/500 | Train Time: 0.122s | Train Loss: 153.872854 |
2020-08-17 00:13:28,934 - root - INFO - | Epoch: 304/500 | Train Time: 0.123s | Train Loss: 153.751978 |
2020-08-17 00:13:29,058 - root - INFO - | Epoch: 305/500 | Train Time: 0.123s | Train Loss: 153.449562 |
2020-08-17 00:13:29,185 - root - INFO - | Epoch: 306/500 | Train Time: 0.127s | Train Loss: 153.469958 |
2020-08-17 00:13:29,305 - root - INFO - | Epoch: 307/500 | Train Time: 0.120s | Train Loss: 153.384349 |
2020-08-17 00:13:29,427 - root - INFO - | Epoch: 308/500 | Train Time: 0.122s | Train Loss: 153.206833 |
2020-08-17 00:13:29,548 - root - INFO - | Epoch: 309/500 | Train Time: 0.121s | Train Loss: 153.139508 |
2020-08-17 00:13:29,670 - root - INFO - | Epoch: 310/500 | Train Time: 0.122s | Train Loss: 152.967189 |
2020-08-17 00:13:29,791 - root - INFO - | Epoch: 311/500 | Train Time: 0.120s | Train Loss: 152.696400 |
2020-08-17 00:13:29,911 - root - INFO - | Epoch: 312/500 | Train Time: 0.120s | Train Loss: 152.583867 |
2020-08-17 00:13:30,014 - root - INFO - | Epoch: 313/500 | Train Time: 0.102s | Train Loss: 152.419103 |
2020-08-17 00:13:30,099 - root - INFO - | Epoch: 314/500 | Train Time: 0.086s | Train Loss: 152.295337 |
2020-08-17 00:13:30,184 - root - INFO - | Epoch: 315/500 | Train Time: 0.085s | Train Loss: 152.130983 |
2020-08-17 00:13:30,268 - root - INFO - | Epoch: 316/500 | Train Time: 0.084s | Train Loss: 151.904689 |
2020-08-17 00:13:30,346 - root - INFO - | Epoch: 317/500 | Train Time: 0.078s | Train Loss: 151.916609 |
2020-08-17 00:13:30,423 - root - INFO - | Epoch: 318/500 | Train Time: 0.077s | Train Loss: 151.730225 |
2020-08-17 00:13:30,500 - root - INFO - | Epoch: 319/500 | Train Time: 0.078s | Train Loss: 151.662434 |
2020-08-17 00:13:30,577 - root - INFO - | Epoch: 320/500 | Train Time: 0.077s | Train Loss: 151.501273 |
2020-08-17 00:13:30,654 - root - INFO - | Epoch: 321/500 | Train Time: 0.077s | Train Loss: 151.367933 |
2020-08-17 00:13:30,731 - root - INFO - | Epoch: 322/500 | Train Time: 0.077s | Train Loss: 151.402481 |
2020-08-17 00:13:30,808 - root - INFO - | Epoch: 323/500 | Train Time: 0.077s | Train Loss: 151.047688 |
2020-08-17 00:13:30,885 - root - INFO - | Epoch: 324/500 | Train Time: 0.077s | Train Loss: 150.896807 |
2020-08-17 00:13:30,963 - root - INFO - | Epoch: 325/500 | Train Time: 0.078s | Train Loss: 150.737646 |
2020-08-17 00:13:31,040 - root - INFO - | Epoch: 326/500 | Train Time: 0.078s | Train Loss: 150.565885 |
2020-08-17 00:13:31,118 - root - INFO - | Epoch: 327/500 | Train Time: 0.078s | Train Loss: 150.450456 |
2020-08-17 00:13:31,195 - root - INFO - | Epoch: 328/500 | Train Time: 0.077s | Train Loss: 150.387953 |
2020-08-17 00:13:31,273 - root - INFO - | Epoch: 329/500 | Train Time: 0.078s | Train Loss: 150.240747 |
2020-08-17 00:13:31,350 - root - INFO - | Epoch: 330/500 | Train Time: 0.077s | Train Loss: 150.185004 |
2020-08-17 00:13:31,427 - root - INFO - | Epoch: 331/500 | Train Time: 0.077s | Train Loss: 149.925656 |
2020-08-17 00:13:31,505 - root - INFO - | Epoch: 332/500 | Train Time: 0.078s | Train Loss: 149.884205 |
2020-08-17 00:13:31,583 - root - INFO - | Epoch: 333/500 | Train Time: 0.077s | Train Loss: 149.643634 |
2020-08-17 00:13:31,660 - root - INFO - | Epoch: 334/500 | Train Time: 0.077s | Train Loss: 149.606618 |
2020-08-17 00:13:31,738 - root - INFO - | Epoch: 335/500 | Train Time: 0.077s | Train Loss: 149.485670 |
2020-08-17 00:13:31,815 - root - INFO - | Epoch: 336/500 | Train Time: 0.077s | Train Loss: 149.290615 |
2020-08-17 00:13:31,892 - root - INFO - | Epoch: 337/500 | Train Time: 0.077s | Train Loss: 149.279109 |
2020-08-17 00:13:31,970 - root - INFO - | Epoch: 338/500 | Train Time: 0.078s | Train Loss: 149.063468 |
2020-08-17 00:13:32,048 - root - INFO - | Epoch: 339/500 | Train Time: 0.078s | Train Loss: 148.806793 |
2020-08-17 00:13:32,125 - root - INFO - | Epoch: 340/500 | Train Time: 0.077s | Train Loss: 148.837632 |
2020-08-17 00:13:32,203 - root - INFO - | Epoch: 341/500 | Train Time: 0.078s | Train Loss: 148.535190 |
2020-08-17 00:13:32,281 - root - INFO - | Epoch: 342/500 | Train Time: 0.078s | Train Loss: 148.514490 |
2020-08-17 00:13:32,358 - root - INFO - | Epoch: 343/500 | Train Time: 0.078s | Train Loss: 148.192507 |
2020-08-17 00:13:32,436 - root - INFO - | Epoch: 344/500 | Train Time: 0.077s | Train Loss: 148.107068 |
2020-08-17 00:13:32,514 - root - INFO - | Epoch: 345/500 | Train Time: 0.078s | Train Loss: 147.974600 |
2020-08-17 00:13:32,591 - root - INFO - | Epoch: 346/500 | Train Time: 0.077s | Train Loss: 147.836090 |
2020-08-17 00:13:32,668 - root - INFO - | Epoch: 347/500 | Train Time: 0.077s | Train Loss: 147.845687 |
2020-08-17 00:13:32,746 - root - INFO - | Epoch: 348/500 | Train Time: 0.078s | Train Loss: 147.573301 |
2020-08-17 00:13:32,823 - root - INFO - | Epoch: 349/500 | Train Time: 0.077s | Train Loss: 147.590080 |
2020-08-17 00:13:32,900 - root - INFO - | Epoch: 350/500 | Train Time: 0.077s | Train Loss: 147.188307 |
2020-08-17 00:13:32,978 - root - INFO - | Epoch: 351/500 | Train Time: 0.078s | Train Loss: 147.216392 |
2020-08-17 00:13:33,055 - root - INFO - | Epoch: 352/500 | Train Time: 0.077s | Train Loss: 147.035296 |
2020-08-17 00:13:33,132 - root - INFO - | Epoch: 353/500 | Train Time: 0.077s | Train Loss: 147.020155 |
2020-08-17 00:13:33,210 - root - INFO - | Epoch: 354/500 | Train Time: 0.077s | Train Loss: 146.869895 |
2020-08-17 00:13:33,287 - root - INFO - | Epoch: 355/500 | Train Time: 0.077s | Train Loss: 146.623631 |
2020-08-17 00:13:33,365 - root - INFO - | Epoch: 356/500 | Train Time: 0.077s | Train Loss: 146.563612 |
2020-08-17 00:13:33,442 - root - INFO - | Epoch: 357/500 | Train Time: 0.077s | Train Loss: 146.398143 |
2020-08-17 00:13:33,520 - root - INFO - | Epoch: 358/500 | Train Time: 0.078s | Train Loss: 146.292648 |
2020-08-17 00:13:33,598 - root - INFO - | Epoch: 359/500 | Train Time: 0.078s | Train Loss: 146.293778 |
2020-08-17 00:13:33,675 - root - INFO - | Epoch: 360/500 | Train Time: 0.077s | Train Loss: 146.012657 |
2020-08-17 00:13:33,753 - root - INFO - | Epoch: 361/500 | Train Time: 0.078s | Train Loss: 145.792939 |
2020-08-17 00:13:33,830 - root - INFO - | Epoch: 362/500 | Train Time: 0.078s | Train Loss: 145.840483 |
2020-08-17 00:13:33,908 - root - INFO - | Epoch: 363/500 | Train Time: 0.077s | Train Loss: 145.444631 |
2020-08-17 00:13:33,986 - root - INFO - | Epoch: 364/500 | Train Time: 0.078s | Train Loss: 145.470074 |
2020-08-17 00:13:34,063 - root - INFO - | Epoch: 365/500 | Train Time: 0.077s | Train Loss: 145.310172 |
2020-08-17 00:13:34,140 - root - INFO - | Epoch: 366/500 | Train Time: 0.077s | Train Loss: 145.006020 |
2020-08-17 00:13:34,217 - root - INFO - | Epoch: 367/500 | Train Time: 0.076s | Train Loss: 145.026285 |
2020-08-17 00:13:34,294 - root - INFO - | Epoch: 368/500 | Train Time: 0.078s | Train Loss: 145.057983 |
2020-08-17 00:13:34,372 - root - INFO - | Epoch: 369/500 | Train Time: 0.077s | Train Loss: 144.700820 |
2020-08-17 00:13:34,449 - root - INFO - | Epoch: 370/500 | Train Time: 0.077s | Train Loss: 144.662783 |
2020-08-17 00:13:34,526 - root - INFO - | Epoch: 371/500 | Train Time: 0.077s | Train Loss: 144.547576 |
2020-08-17 00:13:34,604 - root - INFO - | Epoch: 372/500 | Train Time: 0.078s | Train Loss: 144.307019 |
2020-08-17 00:13:34,681 - root - INFO - | Epoch: 373/500 | Train Time: 0.077s | Train Loss: 144.208687 |
2020-08-17 00:13:34,758 - root - INFO - | Epoch: 374/500 | Train Time: 0.077s | Train Loss: 143.931872 |
2020-08-17 00:13:34,835 - root - INFO - | Epoch: 375/500 | Train Time: 0.077s | Train Loss: 143.985521 |
2020-08-17 00:13:34,912 - root - INFO - | Epoch: 376/500 | Train Time: 0.077s | Train Loss: 143.836646 |
2020-08-17 00:13:34,991 - root - INFO - | Epoch: 377/500 | Train Time: 0.078s | Train Loss: 143.780494 |
2020-08-17 00:13:35,068 - root - INFO - | Epoch: 378/500 | Train Time: 0.078s | Train Loss: 143.545912 |
2020-08-17 00:13:35,146 - root - INFO - | Epoch: 379/500 | Train Time: 0.077s | Train Loss: 143.434152 |
2020-08-17 00:13:35,223 - root - INFO - | Epoch: 380/500 | Train Time: 0.077s | Train Loss: 143.343369 |
2020-08-17 00:13:35,301 - root - INFO - | Epoch: 381/500 | Train Time: 0.078s | Train Loss: 143.136392 |
2020-08-17 00:13:35,378 - root - INFO - | Epoch: 382/500 | Train Time: 0.077s | Train Loss: 143.035385 |
2020-08-17 00:13:35,456 - root - INFO - | Epoch: 383/500 | Train Time: 0.078s | Train Loss: 142.951028 |
2020-08-17 00:13:35,534 - root - INFO - | Epoch: 384/500 | Train Time: 0.078s | Train Loss: 142.696176 |
2020-08-17 00:13:35,612 - root - INFO - | Epoch: 385/500 | Train Time: 0.078s | Train Loss: 142.616817 |
2020-08-17 00:13:35,689 - root - INFO - | Epoch: 386/500 | Train Time: 0.077s | Train Loss: 142.472501 |
2020-08-17 00:13:35,767 - root - INFO - | Epoch: 387/500 | Train Time: 0.078s | Train Loss: 142.371063 |
2020-08-17 00:13:35,844 - root - INFO - | Epoch: 388/500 | Train Time: 0.077s | Train Loss: 142.105679 |
2020-08-17 00:13:35,922 - root - INFO - | Epoch: 389/500 | Train Time: 0.078s | Train Loss: 142.212378 |
2020-08-17 00:13:35,999 - root - INFO - | Epoch: 390/500 | Train Time: 0.078s | Train Loss: 142.009964 |
2020-08-17 00:13:36,077 - root - INFO - | Epoch: 391/500 | Train Time: 0.077s | Train Loss: 141.870267 |
2020-08-17 00:13:36,154 - root - INFO - | Epoch: 392/500 | Train Time: 0.077s | Train Loss: 141.629190 |
2020-08-17 00:13:36,232 - root - INFO - | Epoch: 393/500 | Train Time: 0.078s | Train Loss: 141.750511 |
2020-08-17 00:13:36,309 - root - INFO - | Epoch: 394/500 | Train Time: 0.077s | Train Loss: 141.448300 |
2020-08-17 00:13:36,387 - root - INFO - | Epoch: 395/500 | Train Time: 0.077s | Train Loss: 141.209641 |
2020-08-17 00:13:36,464 - root - INFO - | Epoch: 396/500 | Train Time: 0.077s | Train Loss: 141.229357 |
2020-08-17 00:13:36,542 - root - INFO - | Epoch: 397/500 | Train Time: 0.078s | Train Loss: 140.901058 |
2020-08-17 00:13:36,620 - root - INFO - | Epoch: 398/500 | Train Time: 0.078s | Train Loss: 140.951510 |
2020-08-17 00:13:36,697 - root - INFO - | Epoch: 399/500 | Train Time: 0.077s | Train Loss: 140.700754 |
2020-08-17 00:13:36,775 - root - INFO - | Epoch: 400/500 | Train Time: 0.078s | Train Loss: 140.627793 |
2020-08-17 00:13:36,853 - root - INFO - | Epoch: 401/500 | Train Time: 0.078s | Train Loss: 140.594090 |
2020-08-17 00:13:36,931 - root - INFO - | Epoch: 402/500 | Train Time: 0.078s | Train Loss: 140.451865 |
2020-08-17 00:13:37,009 - root - INFO - | Epoch: 403/500 | Train Time: 0.078s | Train Loss: 140.131363 |
2020-08-17 00:13:37,086 - root - INFO - | Epoch: 404/500 | Train Time: 0.078s | Train Loss: 140.073061 |
2020-08-17 00:13:37,164 - root - INFO - | Epoch: 405/500 | Train Time: 0.077s | Train Loss: 139.800835 |
2020-08-17 00:13:37,241 - root - INFO - | Epoch: 406/500 | Train Time: 0.077s | Train Loss: 139.819002 |
2020-08-17 00:13:37,318 - root - INFO - | Epoch: 407/500 | Train Time: 0.077s | Train Loss: 139.709989 |
2020-08-17 00:13:37,396 - root - INFO - | Epoch: 408/500 | Train Time: 0.077s | Train Loss: 139.544216 |
2020-08-17 00:13:37,474 - root - INFO - | Epoch: 409/500 | Train Time: 0.078s | Train Loss: 139.492552 |
2020-08-17 00:13:37,551 - root - INFO - | Epoch: 410/500 | Train Time: 0.077s | Train Loss: 139.379231 |
2020-08-17 00:13:37,628 - root - INFO - | Epoch: 411/500 | Train Time: 0.077s | Train Loss: 139.161972 |
2020-08-17 00:13:37,706 - root - INFO - | Epoch: 412/500 | Train Time: 0.077s | Train Loss: 139.133045 |
2020-08-17 00:13:37,783 - root - INFO - | Epoch: 413/500 | Train Time: 0.077s | Train Loss: 138.871657 |
2020-08-17 00:13:37,861 - root - INFO - | Epoch: 414/500 | Train Time: 0.077s | Train Loss: 138.901600 |
2020-08-17 00:13:37,938 - root - INFO - | Epoch: 415/500 | Train Time: 0.077s | Train Loss: 138.814332 |
2020-08-17 00:13:38,016 - root - INFO - | Epoch: 416/500 | Train Time: 0.078s | Train Loss: 138.540673 |
2020-08-17 00:13:38,094 - root - INFO - | Epoch: 417/500 | Train Time: 0.078s | Train Loss: 138.290165 |
2020-08-17 00:13:38,171 - root - INFO - | Epoch: 418/500 | Train Time: 0.077s | Train Loss: 138.283285 |
2020-08-17 00:13:38,249 - root - INFO - | Epoch: 419/500 | Train Time: 0.078s | Train Loss: 138.110661 |
2020-08-17 00:13:38,327 - root - INFO - | Epoch: 420/500 | Train Time: 0.078s | Train Loss: 137.983942 |
2020-08-17 00:13:38,404 - root - INFO - | Epoch: 421/500 | Train Time: 0.077s | Train Loss: 137.989849 |
2020-08-17 00:13:38,482 - root - INFO - | Epoch: 422/500 | Train Time: 0.078s | Train Loss: 137.973139 |
2020-08-17 00:13:38,559 - root - INFO - | Epoch: 423/500 | Train Time: 0.077s | Train Loss: 137.814184 |
2020-08-17 00:13:38,637 - root - INFO - | Epoch: 424/500 | Train Time: 0.077s | Train Loss: 137.411161 |
2020-08-17 00:13:38,714 - root - INFO - | Epoch: 425/500 | Train Time: 0.077s | Train Loss: 137.395841 |
2020-08-17 00:13:38,791 - root - INFO - | Epoch: 426/500 | Train Time: 0.077s | Train Loss: 137.162401 |
2020-08-17 00:13:38,868 - root - INFO - | Epoch: 427/500 | Train Time: 0.077s | Train Loss: 136.955540 |
2020-08-17 00:13:38,946 - root - INFO - | Epoch: 428/500 | Train Time: 0.077s | Train Loss: 137.040323 |
2020-08-17 00:13:39,024 - root - INFO - | Epoch: 429/500 | Train Time: 0.078s | Train Loss: 136.917020 |
2020-08-17 00:13:39,101 - root - INFO - | Epoch: 430/500 | Train Time: 0.077s | Train Loss: 136.703431 |
2020-08-17 00:13:39,179 - root - INFO - | Epoch: 431/500 | Train Time: 0.077s | Train Loss: 136.545469 |
2020-08-17 00:13:39,256 - root - INFO - | Epoch: 432/500 | Train Time: 0.077s | Train Loss: 136.306950 |
2020-08-17 00:13:39,333 - root - INFO - | Epoch: 433/500 | Train Time: 0.077s | Train Loss: 136.372008 |
2020-08-17 00:13:39,410 - root - INFO - | Epoch: 434/500 | Train Time: 0.077s | Train Loss: 136.248653 |
2020-08-17 00:13:39,488 - root - INFO - | Epoch: 435/500 | Train Time: 0.078s | Train Loss: 136.085493 |
2020-08-17 00:13:39,566 - root - INFO - | Epoch: 436/500 | Train Time: 0.078s | Train Loss: 135.954106 |
2020-08-17 00:13:39,643 - root - INFO - | Epoch: 437/500 | Train Time: 0.077s | Train Loss: 135.827405 |
2020-08-17 00:13:39,721 - root - INFO - | Epoch: 438/500 | Train Time: 0.077s | Train Loss: 135.660776 |
2020-08-17 00:13:39,798 - root - INFO - | Epoch: 439/500 | Train Time: 0.077s | Train Loss: 135.642817 |
2020-08-17 00:13:39,875 - root - INFO - | Epoch: 440/500 | Train Time: 0.077s | Train Loss: 135.516170 |
2020-08-17 00:13:39,953 - root - INFO - | Epoch: 441/500 | Train Time: 0.077s | Train Loss: 135.277167 |
2020-08-17 00:13:40,031 - root - INFO - | Epoch: 442/500 | Train Time: 0.078s | Train Loss: 135.048905 |
2020-08-17 00:13:40,109 - root - INFO - | Epoch: 443/500 | Train Time: 0.078s | Train Loss: 135.034748 |
2020-08-17 00:13:40,186 - root - INFO - | Epoch: 444/500 | Train Time: 0.077s | Train Loss: 134.880174 |
2020-08-17 00:13:40,264 - root - INFO - | Epoch: 445/500 | Train Time: 0.077s | Train Loss: 134.920213 |
2020-08-17 00:13:40,341 - root - INFO - | Epoch: 446/500 | Train Time: 0.077s | Train Loss: 134.731109 |
2020-08-17 00:13:40,419 - root - INFO - | Epoch: 447/500 | Train Time: 0.077s | Train Loss: 134.549197 |
2020-08-17 00:13:40,497 - root - INFO - | Epoch: 448/500 | Train Time: 0.078s | Train Loss: 134.320806 |
2020-08-17 00:13:40,575 - root - INFO - | Epoch: 449/500 | Train Time: 0.078s | Train Loss: 134.356466 |
2020-08-17 00:13:40,652 - root - INFO - | Epoch: 450/500 | Train Time: 0.077s | Train Loss: 134.199069 |
2020-08-17 00:13:40,729 - root - INFO - | Epoch: 451/500 | Train Time: 0.077s | Train Loss: 134.107409 |
2020-08-17 00:13:40,807 - root - INFO - | Epoch: 452/500 | Train Time: 0.077s | Train Loss: 134.011756 |
2020-08-17 00:13:40,884 - root - INFO - | Epoch: 453/500 | Train Time: 0.078s | Train Loss: 133.568978 |
2020-08-17 00:13:40,962 - root - INFO - | Epoch: 454/500 | Train Time: 0.078s | Train Loss: 133.571611 |
2020-08-17 00:13:41,040 - root - INFO - | Epoch: 455/500 | Train Time: 0.078s | Train Loss: 133.483663 |
2020-08-17 00:13:41,117 - root - INFO - | Epoch: 456/500 | Train Time: 0.077s | Train Loss: 133.419228 |
2020-08-17 00:13:41,195 - root - INFO - | Epoch: 457/500 | Train Time: 0.077s | Train Loss: 133.301245 |
2020-08-17 00:13:41,272 - root - INFO - | Epoch: 458/500 | Train Time: 0.077s | Train Loss: 133.007826 |
2020-08-17 00:13:41,350 - root - INFO - | Epoch: 459/500 | Train Time: 0.078s | Train Loss: 133.208817 |
2020-08-17 00:13:41,427 - root - INFO - | Epoch: 460/500 | Train Time: 0.078s | Train Loss: 132.854331 |
2020-08-17 00:13:41,506 - root - INFO - | Epoch: 461/500 | Train Time: 0.078s | Train Loss: 132.661194 |
2020-08-17 00:13:41,583 - root - INFO - | Epoch: 462/500 | Train Time: 0.077s | Train Loss: 132.575809 |
2020-08-17 00:13:41,660 - root - INFO - | Epoch: 463/500 | Train Time: 0.077s | Train Loss: 132.506113 |
2020-08-17 00:13:41,738 - root - INFO - | Epoch: 464/500 | Train Time: 0.078s | Train Loss: 132.228469 |
2020-08-17 00:13:41,815 - root - INFO - | Epoch: 465/500 | Train Time: 0.077s | Train Loss: 132.374770 |
2020-08-17 00:13:41,893 - root - INFO - | Epoch: 466/500 | Train Time: 0.078s | Train Loss: 132.200582 |
2020-08-17 00:13:41,971 - root - INFO - | Epoch: 467/500 | Train Time: 0.078s | Train Loss: 132.023644 |
2020-08-17 00:13:42,049 - root - INFO - | Epoch: 468/500 | Train Time: 0.078s | Train Loss: 131.821860 |
2020-08-17 00:13:42,126 - root - INFO - | Epoch: 469/500 | Train Time: 0.077s | Train Loss: 131.705222 |
2020-08-17 00:13:42,203 - root - INFO - | Epoch: 470/500 | Train Time: 0.077s | Train Loss: 131.561969 |
2020-08-17 00:13:42,281 - root - INFO - | Epoch: 471/500 | Train Time: 0.077s | Train Loss: 131.443295 |
2020-08-17 00:13:42,358 - root - INFO - | Epoch: 472/500 | Train Time: 0.077s | Train Loss: 131.363997 |
2020-08-17 00:13:42,435 - root - INFO - | Epoch: 473/500 | Train Time: 0.077s | Train Loss: 131.237169 |
2020-08-17 00:13:42,513 - root - INFO - | Epoch: 474/500 | Train Time: 0.078s | Train Loss: 131.129863 |
2020-08-17 00:13:42,591 - root - INFO - | Epoch: 475/500 | Train Time: 0.077s | Train Loss: 130.980570 |
2020-08-17 00:13:42,668 - root - INFO - | Epoch: 476/500 | Train Time: 0.077s | Train Loss: 130.793206 |
2020-08-17 00:13:42,746 - root - INFO - | Epoch: 477/500 | Train Time: 0.077s | Train Loss: 130.732554 |
2020-08-17 00:13:42,823 - root - INFO - | Epoch: 478/500 | Train Time: 0.077s | Train Loss: 130.597898 |
2020-08-17 00:13:42,900 - root - INFO - | Epoch: 479/500 | Train Time: 0.078s | Train Loss: 130.407435 |
2020-08-17 00:13:42,978 - root - INFO - | Epoch: 480/500 | Train Time: 0.078s | Train Loss: 130.359708 |
2020-08-17 00:13:43,056 - root - INFO - | Epoch: 481/500 | Train Time: 0.078s | Train Loss: 130.331093 |
2020-08-17 00:13:43,133 - root - INFO - | Epoch: 482/500 | Train Time: 0.077s | Train Loss: 130.083534 |
2020-08-17 00:13:43,211 - root - INFO - | Epoch: 483/500 | Train Time: 0.077s | Train Loss: 129.818525 |
2020-08-17 00:13:43,288 - root - INFO - | Epoch: 484/500 | Train Time: 0.078s | Train Loss: 129.765538 |
2020-08-17 00:13:43,367 - root - INFO - | Epoch: 485/500 | Train Time: 0.078s | Train Loss: 129.751932 |
2020-08-17 00:13:43,444 - root - INFO - | Epoch: 486/500 | Train Time: 0.077s | Train Loss: 129.632428 |
2020-08-17 00:13:43,522 - root - INFO - | Epoch: 487/500 | Train Time: 0.078s | Train Loss: 129.416199 |
2020-08-17 00:13:43,599 - root - INFO - | Epoch: 488/500 | Train Time: 0.078s | Train Loss: 129.286331 |
2020-08-17 00:13:43,680 - root - INFO - | Epoch: 489/500 | Train Time: 0.080s | Train Loss: 129.171322 |
2020-08-17 00:13:43,781 - root - INFO - | Epoch: 490/500 | Train Time: 0.101s | Train Loss: 129.180347 |
2020-08-17 00:13:43,894 - root - INFO - | Epoch: 491/500 | Train Time: 0.113s | Train Loss: 128.964283 |
2020-08-17 00:13:44,023 - root - INFO - | Epoch: 492/500 | Train Time: 0.129s | Train Loss: 128.894986 |
2020-08-17 00:13:44,140 - root - INFO - | Epoch: 493/500 | Train Time: 0.117s | Train Loss: 128.670943 |
2020-08-17 00:13:44,257 - root - INFO - | Epoch: 494/500 | Train Time: 0.116s | Train Loss: 128.453212 |
2020-08-17 00:13:44,374 - root - INFO - | Epoch: 495/500 | Train Time: 0.117s | Train Loss: 128.317083 |
2020-08-17 00:13:44,491 - root - INFO - | Epoch: 496/500 | Train Time: 0.117s | Train Loss: 128.286588 |
2020-08-17 00:13:44,608 - root - INFO - | Epoch: 497/500 | Train Time: 0.117s | Train Loss: 128.281598 |
2020-08-17 00:13:44,726 - root - INFO - | Epoch: 498/500 | Train Time: 0.118s | Train Loss: 128.160534 |
2020-08-17 00:13:44,841 - root - INFO - | Epoch: 499/500 | Train Time: 0.116s | Train Loss: 127.944582 |
2020-08-17 00:13:44,959 - root - INFO - | Epoch: 500/500 | Train Time: 0.117s | Train Loss: 127.919935 |
2020-08-17 00:13:44,959 - root - INFO - Training Time: 53.094s
2020-08-17 00:13:44,959 - root - INFO - Finished training.
2020-08-17 00:13:44,959 - root - INFO - Starting testing...
2020-08-17 00:13:44,973 - root - INFO - Test Loss: 129.190521
2020-08-17 00:13:44,973 - root - INFO - Test Time: 0.014s
2020-08-17 00:13:44,973 - root - INFO - Finished testing.
2020-08-17 00:13:45,047 - root - INFO - Starting testing...
2020-08-17 00:13:45,061 - root - INFO - Test Loss: 128.315356
2020-08-17 00:13:45,062 - root - INFO - Test Time: 0.014s
2020-08-17 00:13:45,062 - root - INFO - Finished testing.
