2020-08-17 00:15:22,036 - root - INFO - I am pre-training for you.
2020-08-17 00:15:24,057 - root - INFO - | Epoch: 001/100 | Train Time: 0.182s | Train Loss: 7325.649805 |
2020-08-17 00:15:24,248 - root - INFO - | Epoch: 002/100 | Train Time: 0.191s | Train Loss: 7297.783740 |
2020-08-17 00:15:24,432 - root - INFO - | Epoch: 003/100 | Train Time: 0.184s | Train Loss: 7288.719653 |
2020-08-17 00:15:24,622 - root - INFO - | Epoch: 004/100 | Train Time: 0.189s | Train Loss: 7276.666077 |
2020-08-17 00:15:24,803 - root - INFO - | Epoch: 005/100 | Train Time: 0.181s | Train Loss: 7276.094751 |
2020-08-17 00:15:24,991 - root - INFO - | Epoch: 006/100 | Train Time: 0.187s | Train Loss: 7265.066785 |
2020-08-17 00:15:25,185 - root - INFO - | Epoch: 007/100 | Train Time: 0.193s | Train Loss: 7260.603809 |
2020-08-17 00:15:25,369 - root - INFO - | Epoch: 008/100 | Train Time: 0.185s | Train Loss: 7260.987634 |
2020-08-17 00:15:25,559 - root - INFO - | Epoch: 009/100 | Train Time: 0.190s | Train Loss: 7262.181702 |
2020-08-17 00:15:25,749 - root - INFO - | Epoch: 010/100 | Train Time: 0.189s | Train Loss: 7258.620679 |
2020-08-17 00:15:25,935 - root - INFO - | Epoch: 011/100 | Train Time: 0.187s | Train Loss: 7260.134741 |
2020-08-17 00:15:26,125 - root - INFO - | Epoch: 012/100 | Train Time: 0.190s | Train Loss: 7258.966846 |
2020-08-17 00:15:26,307 - root - INFO - | Epoch: 013/100 | Train Time: 0.182s | Train Loss: 7257.682800 |
2020-08-17 00:15:26,493 - root - INFO - | Epoch: 014/100 | Train Time: 0.186s | Train Loss: 7255.183398 |
2020-08-17 00:15:26,684 - root - INFO - | Epoch: 015/100 | Train Time: 0.190s | Train Loss: 7253.844629 |
2020-08-17 00:15:26,867 - root - INFO - | Epoch: 016/100 | Train Time: 0.184s | Train Loss: 7255.190686 |
2020-08-17 00:15:27,052 - root - INFO - | Epoch: 017/100 | Train Time: 0.185s | Train Loss: 7261.765955 |
2020-08-17 00:15:27,241 - root - INFO - | Epoch: 018/100 | Train Time: 0.189s | Train Loss: 7255.580005 |
2020-08-17 00:15:27,428 - root - INFO - | Epoch: 019/100 | Train Time: 0.186s | Train Loss: 7253.599963 |
2020-08-17 00:15:27,621 - root - INFO - | Epoch: 020/100 | Train Time: 0.193s | Train Loss: 7257.388562 |
2020-08-17 00:15:27,807 - root - INFO - | Epoch: 021/100 | Train Time: 0.186s | Train Loss: 7252.930713 |
2020-08-17 00:15:27,993 - root - INFO - | Epoch: 022/100 | Train Time: 0.186s | Train Loss: 7255.935010 |
2020-08-17 00:15:28,188 - root - INFO - | Epoch: 023/100 | Train Time: 0.194s | Train Loss: 7253.701062 |
2020-08-17 00:15:28,372 - root - INFO - | Epoch: 024/100 | Train Time: 0.184s | Train Loss: 7259.951770 |
2020-08-17 00:15:28,560 - root - INFO - | Epoch: 025/100 | Train Time: 0.188s | Train Loss: 7256.390320 |
2020-08-17 00:15:28,750 - root - INFO - | Epoch: 026/100 | Train Time: 0.190s | Train Loss: 7255.253259 |
2020-08-17 00:15:28,936 - root - INFO - | Epoch: 027/100 | Train Time: 0.186s | Train Loss: 7255.622058 |
2020-08-17 00:15:29,128 - root - INFO - | Epoch: 028/100 | Train Time: 0.191s | Train Loss: 7256.066980 |
2020-08-17 00:15:29,314 - root - INFO - | Epoch: 029/100 | Train Time: 0.186s | Train Loss: 7257.412256 |
2020-08-17 00:15:29,500 - root - INFO - | Epoch: 030/100 | Train Time: 0.186s | Train Loss: 7256.159558 |
2020-08-17 00:15:29,694 - root - INFO - | Epoch: 031/100 | Train Time: 0.194s | Train Loss: 7256.190381 |
2020-08-17 00:15:29,880 - root - INFO - | Epoch: 032/100 | Train Time: 0.186s | Train Loss: 7254.045728 |
2020-08-17 00:15:30,069 - root - INFO - | Epoch: 033/100 | Train Time: 0.188s | Train Loss: 7253.810266 |
2020-08-17 00:15:30,254 - root - INFO - | Epoch: 034/100 | Train Time: 0.185s | Train Loss: 7255.081799 |
2020-08-17 00:15:30,438 - root - INFO - | Epoch: 035/100 | Train Time: 0.184s | Train Loss: 7257.871240 |
2020-08-17 00:15:30,629 - root - INFO - | Epoch: 036/100 | Train Time: 0.191s | Train Loss: 7251.029590 |
2020-08-17 00:15:30,815 - root - INFO - | Epoch: 037/100 | Train Time: 0.186s | Train Loss: 7253.525842 |
2020-08-17 00:15:31,001 - root - INFO - | Epoch: 038/100 | Train Time: 0.186s | Train Loss: 7252.552026 |
2020-08-17 00:15:31,189 - root - INFO - | Epoch: 039/100 | Train Time: 0.188s | Train Loss: 7256.490845 |
2020-08-17 00:15:31,374 - root - INFO - | Epoch: 040/100 | Train Time: 0.185s | Train Loss: 7251.506470 |
2020-08-17 00:15:31,563 - root - INFO - | Epoch: 041/100 | Train Time: 0.189s | Train Loss: 7256.039819 |
2020-08-17 00:15:31,754 - root - INFO - | Epoch: 042/100 | Train Time: 0.191s | Train Loss: 7256.645764 |
2020-08-17 00:15:31,941 - root - INFO - | Epoch: 043/100 | Train Time: 0.187s | Train Loss: 7254.386829 |
2020-08-17 00:15:32,122 - root - INFO - | Epoch: 044/100 | Train Time: 0.181s | Train Loss: 7255.609509 |
2020-08-17 00:15:32,259 - root - INFO - | Epoch: 045/100 | Train Time: 0.136s | Train Loss: 7254.682751 |
2020-08-17 00:15:32,395 - root - INFO - | Epoch: 046/100 | Train Time: 0.136s | Train Loss: 7257.339258 |
2020-08-17 00:15:32,531 - root - INFO - | Epoch: 047/100 | Train Time: 0.136s | Train Loss: 7254.157385 |
2020-08-17 00:15:32,667 - root - INFO - | Epoch: 048/100 | Train Time: 0.136s | Train Loss: 7255.518994 |
2020-08-17 00:15:32,804 - root - INFO - | Epoch: 049/100 | Train Time: 0.136s | Train Loss: 7252.960388 |
2020-08-17 00:15:32,940 - root - INFO - | Epoch: 050/100 | Train Time: 0.136s | Train Loss: 7256.359436 |
2020-08-17 00:15:32,940 - root - INFO -   LR scheduler: new learning rate is 0.0001
2020-08-17 00:15:33,076 - root - INFO - | Epoch: 051/100 | Train Time: 0.136s | Train Loss: 7258.515063 |
2020-08-17 00:15:33,205 - root - INFO - | Epoch: 052/100 | Train Time: 0.129s | Train Loss: 7254.319360 |
2020-08-17 00:15:33,328 - root - INFO - | Epoch: 053/100 | Train Time: 0.122s | Train Loss: 7257.490955 |
2020-08-17 00:15:33,450 - root - INFO - | Epoch: 054/100 | Train Time: 0.122s | Train Loss: 7252.980994 |
2020-08-17 00:15:33,572 - root - INFO - | Epoch: 055/100 | Train Time: 0.122s | Train Loss: 7253.550854 |
2020-08-17 00:15:33,695 - root - INFO - | Epoch: 056/100 | Train Time: 0.122s | Train Loss: 7250.870251 |
2020-08-17 00:15:33,817 - root - INFO - | Epoch: 057/100 | Train Time: 0.122s | Train Loss: 7253.312854 |
2020-08-17 00:15:33,939 - root - INFO - | Epoch: 058/100 | Train Time: 0.122s | Train Loss: 7254.036877 |
2020-08-17 00:15:34,061 - root - INFO - | Epoch: 059/100 | Train Time: 0.121s | Train Loss: 7251.559900 |
2020-08-17 00:15:34,184 - root - INFO - | Epoch: 060/100 | Train Time: 0.123s | Train Loss: 7256.566028 |
2020-08-17 00:15:34,306 - root - INFO - | Epoch: 061/100 | Train Time: 0.122s | Train Loss: 7252.792578 |
2020-08-17 00:15:34,427 - root - INFO - | Epoch: 062/100 | Train Time: 0.121s | Train Loss: 7254.820422 |
2020-08-17 00:15:34,548 - root - INFO - | Epoch: 063/100 | Train Time: 0.121s | Train Loss: 7255.713171 |
2020-08-17 00:15:34,672 - root - INFO - | Epoch: 064/100 | Train Time: 0.123s | Train Loss: 7255.206580 |
2020-08-17 00:15:34,794 - root - INFO - | Epoch: 065/100 | Train Time: 0.122s | Train Loss: 7253.435120 |
2020-08-17 00:15:34,916 - root - INFO - | Epoch: 066/100 | Train Time: 0.122s | Train Loss: 7255.150684 |
2020-08-17 00:15:35,038 - root - INFO - | Epoch: 067/100 | Train Time: 0.122s | Train Loss: 7254.503210 |
2020-08-17 00:15:35,162 - root - INFO - | Epoch: 068/100 | Train Time: 0.123s | Train Loss: 7253.306616 |
2020-08-17 00:15:35,284 - root - INFO - | Epoch: 069/100 | Train Time: 0.122s | Train Loss: 7253.433252 |
2020-08-17 00:15:35,406 - root - INFO - | Epoch: 070/100 | Train Time: 0.122s | Train Loss: 7255.882153 |
2020-08-17 00:15:35,528 - root - INFO - | Epoch: 071/100 | Train Time: 0.122s | Train Loss: 7256.866772 |
2020-08-17 00:15:35,651 - root - INFO - | Epoch: 072/100 | Train Time: 0.123s | Train Loss: 7252.777576 |
2020-08-17 00:15:35,772 - root - INFO - | Epoch: 073/100 | Train Time: 0.122s | Train Loss: 7252.906873 |
2020-08-17 00:15:35,895 - root - INFO - | Epoch: 074/100 | Train Time: 0.122s | Train Loss: 7251.780261 |
2020-08-17 00:15:36,016 - root - INFO - | Epoch: 075/100 | Train Time: 0.122s | Train Loss: 7252.508203 |
2020-08-17 00:15:36,139 - root - INFO - | Epoch: 076/100 | Train Time: 0.123s | Train Loss: 7254.867224 |
2020-08-17 00:15:36,261 - root - INFO - | Epoch: 077/100 | Train Time: 0.122s | Train Loss: 7253.194556 |
2020-08-17 00:15:36,384 - root - INFO - | Epoch: 078/100 | Train Time: 0.122s | Train Loss: 7250.813989 |
2020-08-17 00:15:36,507 - root - INFO - | Epoch: 079/100 | Train Time: 0.123s | Train Loss: 7256.310498 |
2020-08-17 00:15:36,630 - root - INFO - | Epoch: 080/100 | Train Time: 0.123s | Train Loss: 7256.360461 |
2020-08-17 00:15:36,753 - root - INFO - | Epoch: 081/100 | Train Time: 0.123s | Train Loss: 7255.356714 |
2020-08-17 00:15:36,874 - root - INFO - | Epoch: 082/100 | Train Time: 0.122s | Train Loss: 7252.069531 |
2020-08-17 00:15:36,996 - root - INFO - | Epoch: 083/100 | Train Time: 0.122s | Train Loss: 7254.813159 |
2020-08-17 00:15:37,120 - root - INFO - | Epoch: 084/100 | Train Time: 0.123s | Train Loss: 7254.282251 |
2020-08-17 00:15:37,242 - root - INFO - | Epoch: 085/100 | Train Time: 0.122s | Train Loss: 7253.351379 |
2020-08-17 00:15:37,364 - root - INFO - | Epoch: 086/100 | Train Time: 0.122s | Train Loss: 7250.082104 |
2020-08-17 00:15:37,486 - root - INFO - | Epoch: 087/100 | Train Time: 0.122s | Train Loss: 7254.230603 |
2020-08-17 00:15:37,610 - root - INFO - | Epoch: 088/100 | Train Time: 0.123s | Train Loss: 7252.280591 |
2020-08-17 00:15:37,732 - root - INFO - | Epoch: 089/100 | Train Time: 0.123s | Train Loss: 7249.901685 |
2020-08-17 00:15:37,855 - root - INFO - | Epoch: 090/100 | Train Time: 0.122s | Train Loss: 7254.196704 |
2020-08-17 00:15:37,977 - root - INFO - | Epoch: 091/100 | Train Time: 0.123s | Train Loss: 7252.692615 |
2020-08-17 00:15:38,100 - root - INFO - | Epoch: 092/100 | Train Time: 0.122s | Train Loss: 7254.706238 |
2020-08-17 00:15:38,223 - root - INFO - | Epoch: 093/100 | Train Time: 0.123s | Train Loss: 7255.523718 |
2020-08-17 00:15:38,345 - root - INFO - | Epoch: 094/100 | Train Time: 0.122s | Train Loss: 7255.121521 |
2020-08-17 00:15:38,467 - root - INFO - | Epoch: 095/100 | Train Time: 0.122s | Train Loss: 7251.848389 |
2020-08-17 00:15:38,590 - root - INFO - | Epoch: 096/100 | Train Time: 0.123s | Train Loss: 7252.048840 |
2020-08-17 00:15:38,713 - root - INFO - | Epoch: 097/100 | Train Time: 0.123s | Train Loss: 7255.883020 |
2020-08-17 00:15:38,834 - root - INFO - | Epoch: 098/100 | Train Time: 0.122s | Train Loss: 7255.721033 |
2020-08-17 00:15:38,956 - root - INFO - | Epoch: 099/100 | Train Time: 0.122s | Train Loss: 7253.094141 |
2020-08-17 00:15:39,078 - root - INFO - | Epoch: 100/100 | Train Time: 0.122s | Train Loss: 7252.490686 |
2020-08-17 00:15:39,078 - root - INFO - Pretraining Time: 15.205s
2020-08-17 00:15:39,079 - root - INFO - Finished pretraining.
2020-08-17 00:15:39,079 - root - INFO - Testing autoencoder...
2020-08-17 00:15:39,096 - root - INFO - Test Loss: 7263.215687
2020-08-17 00:15:39,096 - root - INFO - Test Time: 0.017s
2020-08-17 00:15:39,096 - root - INFO - Finished testing autoencoder.
2020-08-17 00:15:39,098 - root - INFO - Hey I am loading net for you!
2020-08-17 00:15:39,099 - root - INFO - Setting hyper-parameters!
2020-08-17 00:15:39,099 - root - INFO - Initializing center c...
2020-08-17 00:15:39,142 - root - INFO - Center c initialized.
2020-08-17 00:15:39,142 - root - INFO - Starting training...
2020-08-17 00:15:39,245 - root - INFO - | Epoch: 001/500 | Train Time: 0.103s | Train Loss: 193.865076 |
2020-08-17 00:15:39,346 - root - INFO - | Epoch: 002/500 | Train Time: 0.101s | Train Loss: 189.590790 |
2020-08-17 00:15:39,448 - root - INFO - | Epoch: 003/500 | Train Time: 0.102s | Train Loss: 186.441681 |
2020-08-17 00:15:39,560 - root - INFO - | Epoch: 004/500 | Train Time: 0.112s | Train Loss: 183.544675 |
2020-08-17 00:15:39,687 - root - INFO - | Epoch: 005/500 | Train Time: 0.127s | Train Loss: 180.688549 |
2020-08-17 00:15:39,842 - root - INFO - | Epoch: 006/500 | Train Time: 0.155s | Train Loss: 178.090469 |
2020-08-17 00:15:39,999 - root - INFO - | Epoch: 007/500 | Train Time: 0.158s | Train Loss: 176.013984 |
2020-08-17 00:15:40,157 - root - INFO - | Epoch: 008/500 | Train Time: 0.157s | Train Loss: 173.363887 |
2020-08-17 00:15:40,316 - root - INFO - | Epoch: 009/500 | Train Time: 0.159s | Train Loss: 170.895138 |
2020-08-17 00:15:40,475 - root - INFO - | Epoch: 010/500 | Train Time: 0.160s | Train Loss: 169.023101 |
2020-08-17 00:15:40,633 - root - INFO - | Epoch: 011/500 | Train Time: 0.157s | Train Loss: 166.324891 |
2020-08-17 00:15:40,792 - root - INFO - | Epoch: 012/500 | Train Time: 0.159s | Train Loss: 163.802530 |
2020-08-17 00:15:40,951 - root - INFO - | Epoch: 013/500 | Train Time: 0.159s | Train Loss: 161.567300 |
2020-08-17 00:15:41,110 - root - INFO - | Epoch: 014/500 | Train Time: 0.159s | Train Loss: 159.510071 |
2020-08-17 00:15:41,270 - root - INFO - | Epoch: 015/500 | Train Time: 0.160s | Train Loss: 157.184948 |
2020-08-17 00:15:41,430 - root - INFO - | Epoch: 016/500 | Train Time: 0.159s | Train Loss: 155.171331 |
2020-08-17 00:15:41,589 - root - INFO - | Epoch: 017/500 | Train Time: 0.159s | Train Loss: 153.320347 |
2020-08-17 00:15:41,748 - root - INFO - | Epoch: 018/500 | Train Time: 0.159s | Train Loss: 151.142041 |
2020-08-17 00:15:41,906 - root - INFO - | Epoch: 019/500 | Train Time: 0.158s | Train Loss: 149.094997 |
2020-08-17 00:15:42,065 - root - INFO - | Epoch: 020/500 | Train Time: 0.159s | Train Loss: 147.121055 |
2020-08-17 00:15:42,225 - root - INFO - | Epoch: 021/500 | Train Time: 0.160s | Train Loss: 145.505875 |
2020-08-17 00:15:42,385 - root - INFO - | Epoch: 022/500 | Train Time: 0.160s | Train Loss: 143.345863 |
2020-08-17 00:15:42,543 - root - INFO - | Epoch: 023/500 | Train Time: 0.158s | Train Loss: 141.545475 |
2020-08-17 00:15:42,702 - root - INFO - | Epoch: 024/500 | Train Time: 0.159s | Train Loss: 139.640718 |
2020-08-17 00:15:42,863 - root - INFO - | Epoch: 025/500 | Train Time: 0.160s | Train Loss: 137.599311 |
2020-08-17 00:15:43,022 - root - INFO - | Epoch: 026/500 | Train Time: 0.159s | Train Loss: 136.035947 |
2020-08-17 00:15:43,182 - root - INFO - | Epoch: 027/500 | Train Time: 0.161s | Train Loss: 134.529922 |
2020-08-17 00:15:43,341 - root - INFO - | Epoch: 028/500 | Train Time: 0.159s | Train Loss: 132.657537 |
2020-08-17 00:15:43,501 - root - INFO - | Epoch: 029/500 | Train Time: 0.160s | Train Loss: 130.903802 |
2020-08-17 00:15:43,660 - root - INFO - | Epoch: 030/500 | Train Time: 0.159s | Train Loss: 129.127358 |
2020-08-17 00:15:43,819 - root - INFO - | Epoch: 031/500 | Train Time: 0.159s | Train Loss: 127.797166 |
2020-08-17 00:15:43,977 - root - INFO - | Epoch: 032/500 | Train Time: 0.158s | Train Loss: 126.016918 |
2020-08-17 00:15:44,137 - root - INFO - | Epoch: 033/500 | Train Time: 0.160s | Train Loss: 124.718855 |
2020-08-17 00:15:44,299 - root - INFO - | Epoch: 034/500 | Train Time: 0.162s | Train Loss: 123.161066 |
2020-08-17 00:15:44,461 - root - INFO - | Epoch: 035/500 | Train Time: 0.162s | Train Loss: 121.580063 |
2020-08-17 00:15:44,624 - root - INFO - | Epoch: 036/500 | Train Time: 0.162s | Train Loss: 120.181665 |
2020-08-17 00:15:44,787 - root - INFO - | Epoch: 037/500 | Train Time: 0.163s | Train Loss: 118.747251 |
2020-08-17 00:15:44,950 - root - INFO - | Epoch: 038/500 | Train Time: 0.163s | Train Loss: 117.193267 |
2020-08-17 00:15:45,113 - root - INFO - | Epoch: 039/500 | Train Time: 0.163s | Train Loss: 116.077551 |
2020-08-17 00:15:45,275 - root - INFO - | Epoch: 040/500 | Train Time: 0.162s | Train Loss: 114.589253 |
2020-08-17 00:15:45,437 - root - INFO - | Epoch: 041/500 | Train Time: 0.162s | Train Loss: 112.992784 |
2020-08-17 00:15:45,599 - root - INFO - | Epoch: 042/500 | Train Time: 0.162s | Train Loss: 111.583421 |
2020-08-17 00:15:45,761 - root - INFO - | Epoch: 043/500 | Train Time: 0.162s | Train Loss: 110.488293 |
2020-08-17 00:15:45,924 - root - INFO - | Epoch: 044/500 | Train Time: 0.162s | Train Loss: 108.943377 |
2020-08-17 00:15:46,087 - root - INFO - | Epoch: 045/500 | Train Time: 0.163s | Train Loss: 107.595355 |
2020-08-17 00:15:46,247 - root - INFO - | Epoch: 046/500 | Train Time: 0.160s | Train Loss: 106.510588 |
2020-08-17 00:15:46,408 - root - INFO - | Epoch: 047/500 | Train Time: 0.161s | Train Loss: 105.114776 |
2020-08-17 00:15:46,571 - root - INFO - | Epoch: 048/500 | Train Time: 0.162s | Train Loss: 103.907296 |
2020-08-17 00:15:46,732 - root - INFO - | Epoch: 049/500 | Train Time: 0.161s | Train Loss: 102.414536 |
2020-08-17 00:15:46,893 - root - INFO - | Epoch: 050/500 | Train Time: 0.161s | Train Loss: 101.330971 |
2020-08-17 00:15:46,893 - root - INFO -   LR scheduler: new learning rate is 1e-06
2020-08-17 00:15:47,055 - root - INFO - | Epoch: 051/500 | Train Time: 0.162s | Train Loss: 100.711113 |
2020-08-17 00:15:47,216 - root - INFO - | Epoch: 052/500 | Train Time: 0.161s | Train Loss: 100.543924 |
2020-08-17 00:15:47,379 - root - INFO - | Epoch: 053/500 | Train Time: 0.163s | Train Loss: 100.447094 |
2020-08-17 00:15:47,541 - root - INFO - | Epoch: 054/500 | Train Time: 0.162s | Train Loss: 100.366018 |
2020-08-17 00:15:47,701 - root - INFO - | Epoch: 055/500 | Train Time: 0.160s | Train Loss: 99.891956 |
2020-08-17 00:15:47,866 - root - INFO - | Epoch: 056/500 | Train Time: 0.165s | Train Loss: 100.070972 |
2020-08-17 00:15:48,030 - root - INFO - | Epoch: 057/500 | Train Time: 0.164s | Train Loss: 100.086119 |
2020-08-17 00:15:48,194 - root - INFO - | Epoch: 058/500 | Train Time: 0.165s | Train Loss: 99.662282 |
2020-08-17 00:15:48,359 - root - INFO - | Epoch: 059/500 | Train Time: 0.164s | Train Loss: 99.656349 |
2020-08-17 00:15:48,524 - root - INFO - | Epoch: 060/500 | Train Time: 0.165s | Train Loss: 99.461095 |
2020-08-17 00:15:48,689 - root - INFO - | Epoch: 061/500 | Train Time: 0.164s | Train Loss: 99.365843 |
2020-08-17 00:15:48,853 - root - INFO - | Epoch: 062/500 | Train Time: 0.164s | Train Loss: 99.021703 |
2020-08-17 00:15:49,019 - root - INFO - | Epoch: 063/500 | Train Time: 0.166s | Train Loss: 98.867704 |
2020-08-17 00:15:49,184 - root - INFO - | Epoch: 064/500 | Train Time: 0.165s | Train Loss: 98.665092 |
2020-08-17 00:15:49,348 - root - INFO - | Epoch: 065/500 | Train Time: 0.164s | Train Loss: 99.016418 |
2020-08-17 00:15:49,513 - root - INFO - | Epoch: 066/500 | Train Time: 0.165s | Train Loss: 98.536706 |
2020-08-17 00:15:49,677 - root - INFO - | Epoch: 067/500 | Train Time: 0.164s | Train Loss: 98.459824 |
2020-08-17 00:15:49,842 - root - INFO - | Epoch: 068/500 | Train Time: 0.164s | Train Loss: 98.802143 |
2020-08-17 00:15:50,005 - root - INFO - | Epoch: 069/500 | Train Time: 0.163s | Train Loss: 98.704186 |
2020-08-17 00:15:50,171 - root - INFO - | Epoch: 070/500 | Train Time: 0.166s | Train Loss: 98.192689 |
2020-08-17 00:15:50,337 - root - INFO - | Epoch: 071/500 | Train Time: 0.166s | Train Loss: 98.065821 |
2020-08-17 00:15:50,502 - root - INFO - | Epoch: 072/500 | Train Time: 0.165s | Train Loss: 97.774089 |
2020-08-17 00:15:50,666 - root - INFO - | Epoch: 073/500 | Train Time: 0.164s | Train Loss: 97.743123 |
2020-08-17 00:15:50,828 - root - INFO - | Epoch: 074/500 | Train Time: 0.162s | Train Loss: 97.434390 |
2020-08-17 00:15:50,990 - root - INFO - | Epoch: 075/500 | Train Time: 0.162s | Train Loss: 97.567891 |
2020-08-17 00:15:51,152 - root - INFO - | Epoch: 076/500 | Train Time: 0.162s | Train Loss: 97.670947 |
2020-08-17 00:15:51,315 - root - INFO - | Epoch: 077/500 | Train Time: 0.162s | Train Loss: 97.130345 |
2020-08-17 00:15:51,477 - root - INFO - | Epoch: 078/500 | Train Time: 0.162s | Train Loss: 97.483870 |
2020-08-17 00:15:51,639 - root - INFO - | Epoch: 079/500 | Train Time: 0.162s | Train Loss: 97.205574 |
2020-08-17 00:15:51,801 - root - INFO - | Epoch: 080/500 | Train Time: 0.161s | Train Loss: 97.051624 |
2020-08-17 00:15:51,962 - root - INFO - | Epoch: 081/500 | Train Time: 0.161s | Train Loss: 96.748095 |
2020-08-17 00:15:52,121 - root - INFO - | Epoch: 082/500 | Train Time: 0.158s | Train Loss: 96.781122 |
2020-08-17 00:15:52,277 - root - INFO - | Epoch: 083/500 | Train Time: 0.157s | Train Loss: 96.638106 |
2020-08-17 00:15:52,440 - root - INFO - | Epoch: 084/500 | Train Time: 0.162s | Train Loss: 96.511062 |
2020-08-17 00:15:52,601 - root - INFO - | Epoch: 085/500 | Train Time: 0.161s | Train Loss: 96.326733 |
2020-08-17 00:15:52,763 - root - INFO - | Epoch: 086/500 | Train Time: 0.162s | Train Loss: 96.468924 |
2020-08-17 00:15:52,925 - root - INFO - | Epoch: 087/500 | Train Time: 0.162s | Train Loss: 96.030893 |
2020-08-17 00:15:53,087 - root - INFO - | Epoch: 088/500 | Train Time: 0.162s | Train Loss: 96.006657 |
2020-08-17 00:15:53,247 - root - INFO - | Epoch: 089/500 | Train Time: 0.160s | Train Loss: 95.637748 |
2020-08-17 00:15:53,411 - root - INFO - | Epoch: 090/500 | Train Time: 0.164s | Train Loss: 95.478525 |
2020-08-17 00:15:53,571 - root - INFO - | Epoch: 091/500 | Train Time: 0.161s | Train Loss: 95.444224 |
2020-08-17 00:15:53,733 - root - INFO - | Epoch: 092/500 | Train Time: 0.162s | Train Loss: 95.662211 |
2020-08-17 00:15:53,895 - root - INFO - | Epoch: 093/500 | Train Time: 0.162s | Train Loss: 95.408217 |
2020-08-17 00:15:54,057 - root - INFO - | Epoch: 094/500 | Train Time: 0.162s | Train Loss: 95.208386 |
2020-08-17 00:15:54,220 - root - INFO - | Epoch: 095/500 | Train Time: 0.163s | Train Loss: 94.931251 |
2020-08-17 00:15:54,383 - root - INFO - | Epoch: 096/500 | Train Time: 0.163s | Train Loss: 94.923166 |
2020-08-17 00:15:54,545 - root - INFO - | Epoch: 097/500 | Train Time: 0.162s | Train Loss: 94.890729 |
2020-08-17 00:15:54,706 - root - INFO - | Epoch: 098/500 | Train Time: 0.161s | Train Loss: 94.793809 |
2020-08-17 00:15:54,868 - root - INFO - | Epoch: 099/500 | Train Time: 0.162s | Train Loss: 94.555308 |
2020-08-17 00:15:55,030 - root - INFO - | Epoch: 100/500 | Train Time: 0.162s | Train Loss: 94.715419 |
2020-08-17 00:15:55,192 - root - INFO - | Epoch: 101/500 | Train Time: 0.162s | Train Loss: 94.274168 |
2020-08-17 00:15:55,354 - root - INFO - | Epoch: 102/500 | Train Time: 0.162s | Train Loss: 94.397477 |
2020-08-17 00:15:55,515 - root - INFO - | Epoch: 103/500 | Train Time: 0.161s | Train Loss: 93.980231 |
2020-08-17 00:15:55,677 - root - INFO - | Epoch: 104/500 | Train Time: 0.161s | Train Loss: 93.874635 |
2020-08-17 00:15:55,843 - root - INFO - | Epoch: 105/500 | Train Time: 0.167s | Train Loss: 93.852050 |
2020-08-17 00:15:56,009 - root - INFO - | Epoch: 106/500 | Train Time: 0.165s | Train Loss: 93.603703 |
2020-08-17 00:15:56,173 - root - INFO - | Epoch: 107/500 | Train Time: 0.164s | Train Loss: 93.511357 |
2020-08-17 00:15:56,338 - root - INFO - | Epoch: 108/500 | Train Time: 0.165s | Train Loss: 93.387416 |
2020-08-17 00:15:56,504 - root - INFO - | Epoch: 109/500 | Train Time: 0.166s | Train Loss: 93.501991 |
2020-08-17 00:15:56,666 - root - INFO - | Epoch: 110/500 | Train Time: 0.162s | Train Loss: 93.554296 |
2020-08-17 00:15:56,829 - root - INFO - | Epoch: 111/500 | Train Time: 0.163s | Train Loss: 93.139562 |
2020-08-17 00:15:56,990 - root - INFO - | Epoch: 112/500 | Train Time: 0.161s | Train Loss: 92.835211 |
2020-08-17 00:15:57,152 - root - INFO - | Epoch: 113/500 | Train Time: 0.161s | Train Loss: 92.855497 |
2020-08-17 00:15:57,313 - root - INFO - | Epoch: 114/500 | Train Time: 0.161s | Train Loss: 92.714646 |
2020-08-17 00:15:57,474 - root - INFO - | Epoch: 115/500 | Train Time: 0.161s | Train Loss: 92.493102 |
2020-08-17 00:15:57,635 - root - INFO - | Epoch: 116/500 | Train Time: 0.161s | Train Loss: 92.650153 |
2020-08-17 00:15:57,795 - root - INFO - | Epoch: 117/500 | Train Time: 0.160s | Train Loss: 92.265827 |
2020-08-17 00:15:57,958 - root - INFO - | Epoch: 118/500 | Train Time: 0.163s | Train Loss: 92.265507 |
2020-08-17 00:15:58,118 - root - INFO - | Epoch: 119/500 | Train Time: 0.159s | Train Loss: 92.243712 |
2020-08-17 00:15:58,277 - root - INFO - | Epoch: 120/500 | Train Time: 0.159s | Train Loss: 92.048100 |
2020-08-17 00:15:58,438 - root - INFO - | Epoch: 121/500 | Train Time: 0.160s | Train Loss: 91.622948 |
2020-08-17 00:15:58,598 - root - INFO - | Epoch: 122/500 | Train Time: 0.161s | Train Loss: 91.614679 |
2020-08-17 00:15:58,761 - root - INFO - | Epoch: 123/500 | Train Time: 0.163s | Train Loss: 91.589488 |
2020-08-17 00:15:58,923 - root - INFO - | Epoch: 124/500 | Train Time: 0.162s | Train Loss: 91.545018 |
2020-08-17 00:15:59,087 - root - INFO - | Epoch: 125/500 | Train Time: 0.164s | Train Loss: 91.316813 |
2020-08-17 00:15:59,249 - root - INFO - | Epoch: 126/500 | Train Time: 0.162s | Train Loss: 91.421952 |
2020-08-17 00:15:59,409 - root - INFO - | Epoch: 127/500 | Train Time: 0.161s | Train Loss: 91.029026 |
2020-08-17 00:15:59,567 - root - INFO - | Epoch: 128/500 | Train Time: 0.157s | Train Loss: 91.184182 |
2020-08-17 00:15:59,726 - root - INFO - | Epoch: 129/500 | Train Time: 0.160s | Train Loss: 91.217005 |
2020-08-17 00:15:59,888 - root - INFO - | Epoch: 130/500 | Train Time: 0.161s | Train Loss: 90.792982 |
2020-08-17 00:16:00,049 - root - INFO - | Epoch: 131/500 | Train Time: 0.161s | Train Loss: 90.841464 |
2020-08-17 00:16:00,211 - root - INFO - | Epoch: 132/500 | Train Time: 0.162s | Train Loss: 90.110893 |
2020-08-17 00:16:00,374 - root - INFO - | Epoch: 133/500 | Train Time: 0.162s | Train Loss: 90.517352 |
2020-08-17 00:16:00,536 - root - INFO - | Epoch: 134/500 | Train Time: 0.162s | Train Loss: 90.259656 |
2020-08-17 00:16:00,697 - root - INFO - | Epoch: 135/500 | Train Time: 0.161s | Train Loss: 90.065672 |
2020-08-17 00:16:00,857 - root - INFO - | Epoch: 136/500 | Train Time: 0.160s | Train Loss: 90.089450 |
2020-08-17 00:16:01,014 - root - INFO - | Epoch: 137/500 | Train Time: 0.158s | Train Loss: 90.109156 |
2020-08-17 00:16:01,171 - root - INFO - | Epoch: 138/500 | Train Time: 0.156s | Train Loss: 89.948499 |
2020-08-17 00:16:01,330 - root - INFO - | Epoch: 139/500 | Train Time: 0.160s | Train Loss: 89.644474 |
2020-08-17 00:16:01,489 - root - INFO - | Epoch: 140/500 | Train Time: 0.159s | Train Loss: 89.971230 |
2020-08-17 00:16:01,648 - root - INFO - | Epoch: 141/500 | Train Time: 0.159s | Train Loss: 89.402408 |
2020-08-17 00:16:01,808 - root - INFO - | Epoch: 142/500 | Train Time: 0.160s | Train Loss: 89.277802 |
2020-08-17 00:16:01,968 - root - INFO - | Epoch: 143/500 | Train Time: 0.159s | Train Loss: 89.219746 |
2020-08-17 00:16:02,127 - root - INFO - | Epoch: 144/500 | Train Time: 0.159s | Train Loss: 88.960126 |
2020-08-17 00:16:02,286 - root - INFO - | Epoch: 145/500 | Train Time: 0.159s | Train Loss: 89.226709 |
2020-08-17 00:16:02,448 - root - INFO - | Epoch: 146/500 | Train Time: 0.161s | Train Loss: 88.969052 |
2020-08-17 00:16:02,605 - root - INFO - | Epoch: 147/500 | Train Time: 0.157s | Train Loss: 88.958993 |
2020-08-17 00:16:02,763 - root - INFO - | Epoch: 148/500 | Train Time: 0.158s | Train Loss: 88.475942 |
2020-08-17 00:16:02,921 - root - INFO - | Epoch: 149/500 | Train Time: 0.158s | Train Loss: 88.655688 |
2020-08-17 00:16:03,080 - root - INFO - | Epoch: 150/500 | Train Time: 0.159s | Train Loss: 88.250939 |
2020-08-17 00:16:03,236 - root - INFO - | Epoch: 151/500 | Train Time: 0.156s | Train Loss: 88.344374 |
2020-08-17 00:16:03,397 - root - INFO - | Epoch: 152/500 | Train Time: 0.161s | Train Loss: 88.235209 |
2020-08-17 00:16:03,556 - root - INFO - | Epoch: 153/500 | Train Time: 0.159s | Train Loss: 87.875658 |
2020-08-17 00:16:03,716 - root - INFO - | Epoch: 154/500 | Train Time: 0.159s | Train Loss: 87.861458 |
2020-08-17 00:16:03,876 - root - INFO - | Epoch: 155/500 | Train Time: 0.160s | Train Loss: 88.026202 |
2020-08-17 00:16:04,036 - root - INFO - | Epoch: 156/500 | Train Time: 0.159s | Train Loss: 87.594137 |
2020-08-17 00:16:04,196 - root - INFO - | Epoch: 157/500 | Train Time: 0.160s | Train Loss: 87.538461 |
2020-08-17 00:16:04,355 - root - INFO - | Epoch: 158/500 | Train Time: 0.159s | Train Loss: 87.390123 |
2020-08-17 00:16:04,515 - root - INFO - | Epoch: 159/500 | Train Time: 0.159s | Train Loss: 87.091460 |
2020-08-17 00:16:04,674 - root - INFO - | Epoch: 160/500 | Train Time: 0.159s | Train Loss: 86.963279 |
2020-08-17 00:16:04,835 - root - INFO - | Epoch: 161/500 | Train Time: 0.160s | Train Loss: 86.934485 |
2020-08-17 00:16:04,993 - root - INFO - | Epoch: 162/500 | Train Time: 0.159s | Train Loss: 86.867467 |
2020-08-17 00:16:05,155 - root - INFO - | Epoch: 163/500 | Train Time: 0.161s | Train Loss: 86.814022 |
2020-08-17 00:16:05,315 - root - INFO - | Epoch: 164/500 | Train Time: 0.161s | Train Loss: 86.533644 |
2020-08-17 00:16:05,479 - root - INFO - | Epoch: 165/500 | Train Time: 0.163s | Train Loss: 86.382051 |
2020-08-17 00:16:05,637 - root - INFO - | Epoch: 166/500 | Train Time: 0.158s | Train Loss: 86.243906 |
2020-08-17 00:16:05,797 - root - INFO - | Epoch: 167/500 | Train Time: 0.160s | Train Loss: 86.415179 |
2020-08-17 00:16:05,957 - root - INFO - | Epoch: 168/500 | Train Time: 0.160s | Train Loss: 86.277604 |
2020-08-17 00:16:06,116 - root - INFO - | Epoch: 169/500 | Train Time: 0.159s | Train Loss: 86.062444 |
2020-08-17 00:16:06,276 - root - INFO - | Epoch: 170/500 | Train Time: 0.160s | Train Loss: 86.142066 |
2020-08-17 00:16:06,437 - root - INFO - | Epoch: 171/500 | Train Time: 0.161s | Train Loss: 86.075371 |
2020-08-17 00:16:06,597 - root - INFO - | Epoch: 172/500 | Train Time: 0.160s | Train Loss: 85.394699 |
2020-08-17 00:16:06,757 - root - INFO - | Epoch: 173/500 | Train Time: 0.160s | Train Loss: 85.287497 |
2020-08-17 00:16:06,917 - root - INFO - | Epoch: 174/500 | Train Time: 0.160s | Train Loss: 85.469440 |
2020-08-17 00:16:07,079 - root - INFO - | Epoch: 175/500 | Train Time: 0.162s | Train Loss: 85.392175 |
2020-08-17 00:16:07,236 - root - INFO - | Epoch: 176/500 | Train Time: 0.157s | Train Loss: 85.214786 |
2020-08-17 00:16:07,395 - root - INFO - | Epoch: 177/500 | Train Time: 0.159s | Train Loss: 85.035108 |
2020-08-17 00:16:07,555 - root - INFO - | Epoch: 178/500 | Train Time: 0.160s | Train Loss: 85.190023 |
2020-08-17 00:16:07,715 - root - INFO - | Epoch: 179/500 | Train Time: 0.159s | Train Loss: 85.212298 |
2020-08-17 00:16:07,875 - root - INFO - | Epoch: 180/500 | Train Time: 0.160s | Train Loss: 84.966754 |
2020-08-17 00:16:08,035 - root - INFO - | Epoch: 181/500 | Train Time: 0.160s | Train Loss: 84.716865 |
2020-08-17 00:16:08,195 - root - INFO - | Epoch: 182/500 | Train Time: 0.160s | Train Loss: 84.804759 |
2020-08-17 00:16:08,354 - root - INFO - | Epoch: 183/500 | Train Time: 0.160s | Train Loss: 84.414399 |
2020-08-17 00:16:08,518 - root - INFO - | Epoch: 184/500 | Train Time: 0.164s | Train Loss: 84.277165 |
2020-08-17 00:16:08,677 - root - INFO - | Epoch: 185/500 | Train Time: 0.159s | Train Loss: 84.498118 |
2020-08-17 00:16:08,837 - root - INFO - | Epoch: 186/500 | Train Time: 0.160s | Train Loss: 84.263983 |
2020-08-17 00:16:08,996 - root - INFO - | Epoch: 187/500 | Train Time: 0.159s | Train Loss: 83.996830 |
2020-08-17 00:16:09,157 - root - INFO - | Epoch: 188/500 | Train Time: 0.160s | Train Loss: 83.540865 |
2020-08-17 00:16:09,317 - root - INFO - | Epoch: 189/500 | Train Time: 0.160s | Train Loss: 83.968948 |
2020-08-17 00:16:09,477 - root - INFO - | Epoch: 190/500 | Train Time: 0.160s | Train Loss: 83.914519 |
2020-08-17 00:16:09,637 - root - INFO - | Epoch: 191/500 | Train Time: 0.160s | Train Loss: 83.800266 |
2020-08-17 00:16:09,796 - root - INFO - | Epoch: 192/500 | Train Time: 0.160s | Train Loss: 83.289335 |
2020-08-17 00:16:09,957 - root - INFO - | Epoch: 193/500 | Train Time: 0.160s | Train Loss: 83.277335 |
2020-08-17 00:16:10,119 - root - INFO - | Epoch: 194/500 | Train Time: 0.162s | Train Loss: 83.092557 |
2020-08-17 00:16:10,276 - root - INFO - | Epoch: 195/500 | Train Time: 0.158s | Train Loss: 82.769795 |
2020-08-17 00:16:10,435 - root - INFO - | Epoch: 196/500 | Train Time: 0.158s | Train Loss: 83.136273 |
2020-08-17 00:16:10,593 - root - INFO - | Epoch: 197/500 | Train Time: 0.158s | Train Loss: 82.733280 |
2020-08-17 00:16:10,752 - root - INFO - | Epoch: 198/500 | Train Time: 0.160s | Train Loss: 83.067215 |
2020-08-17 00:16:10,913 - root - INFO - | Epoch: 199/500 | Train Time: 0.160s | Train Loss: 82.612957 |
2020-08-17 00:16:11,074 - root - INFO - | Epoch: 200/500 | Train Time: 0.161s | Train Loss: 82.467576 |
2020-08-17 00:16:11,234 - root - INFO - | Epoch: 201/500 | Train Time: 0.160s | Train Loss: 82.231756 |
2020-08-17 00:16:11,395 - root - INFO - | Epoch: 202/500 | Train Time: 0.160s | Train Loss: 82.547891 |
2020-08-17 00:16:11,558 - root - INFO - | Epoch: 203/500 | Train Time: 0.163s | Train Loss: 82.234734 |
2020-08-17 00:16:11,716 - root - INFO - | Epoch: 204/500 | Train Time: 0.158s | Train Loss: 82.225461 |
2020-08-17 00:16:11,873 - root - INFO - | Epoch: 205/500 | Train Time: 0.158s | Train Loss: 82.185807 |
2020-08-17 00:16:12,033 - root - INFO - | Epoch: 206/500 | Train Time: 0.159s | Train Loss: 81.999043 |
2020-08-17 00:16:12,193 - root - INFO - | Epoch: 207/500 | Train Time: 0.160s | Train Loss: 81.619618 |
2020-08-17 00:16:12,352 - root - INFO - | Epoch: 208/500 | Train Time: 0.159s | Train Loss: 81.710795 |
2020-08-17 00:16:12,513 - root - INFO - | Epoch: 209/500 | Train Time: 0.160s | Train Loss: 81.149765 |
2020-08-17 00:16:12,678 - root - INFO - | Epoch: 210/500 | Train Time: 0.165s | Train Loss: 81.475330 |
2020-08-17 00:16:12,841 - root - INFO - | Epoch: 211/500 | Train Time: 0.163s | Train Loss: 81.404790 |
2020-08-17 00:16:13,005 - root - INFO - | Epoch: 212/500 | Train Time: 0.163s | Train Loss: 81.346708 |
2020-08-17 00:16:13,167 - root - INFO - | Epoch: 213/500 | Train Time: 0.162s | Train Loss: 81.123053 |
2020-08-17 00:16:13,329 - root - INFO - | Epoch: 214/500 | Train Time: 0.162s | Train Loss: 80.911406 |
2020-08-17 00:16:13,493 - root - INFO - | Epoch: 215/500 | Train Time: 0.164s | Train Loss: 81.163642 |
2020-08-17 00:16:13,655 - root - INFO - | Epoch: 216/500 | Train Time: 0.162s | Train Loss: 80.778166 |
2020-08-17 00:16:13,824 - root - INFO - | Epoch: 217/500 | Train Time: 0.168s | Train Loss: 80.529453 |
2020-08-17 00:16:13,991 - root - INFO - | Epoch: 218/500 | Train Time: 0.167s | Train Loss: 80.205276 |
2020-08-17 00:16:14,159 - root - INFO - | Epoch: 219/500 | Train Time: 0.168s | Train Loss: 80.274086 |
2020-08-17 00:16:14,326 - root - INFO - | Epoch: 220/500 | Train Time: 0.167s | Train Loss: 80.511742 |
2020-08-17 00:16:14,495 - root - INFO - | Epoch: 221/500 | Train Time: 0.168s | Train Loss: 80.437958 |
2020-08-17 00:16:14,660 - root - INFO - | Epoch: 222/500 | Train Time: 0.165s | Train Loss: 80.245653 |
2020-08-17 00:16:14,821 - root - INFO - | Epoch: 223/500 | Train Time: 0.161s | Train Loss: 79.764861 |
2020-08-17 00:16:14,983 - root - INFO - | Epoch: 224/500 | Train Time: 0.161s | Train Loss: 79.754647 |
2020-08-17 00:16:15,144 - root - INFO - | Epoch: 225/500 | Train Time: 0.161s | Train Loss: 79.955387 |
2020-08-17 00:16:15,304 - root - INFO - | Epoch: 226/500 | Train Time: 0.160s | Train Loss: 79.360482 |
2020-08-17 00:16:15,463 - root - INFO - | Epoch: 227/500 | Train Time: 0.159s | Train Loss: 79.417113 |
2020-08-17 00:16:15,622 - root - INFO - | Epoch: 228/500 | Train Time: 0.159s | Train Loss: 79.142103 |
2020-08-17 00:16:15,784 - root - INFO - | Epoch: 229/500 | Train Time: 0.162s | Train Loss: 79.776101 |
2020-08-17 00:16:15,948 - root - INFO - | Epoch: 230/500 | Train Time: 0.163s | Train Loss: 79.428930 |
2020-08-17 00:16:16,109 - root - INFO - | Epoch: 231/500 | Train Time: 0.161s | Train Loss: 79.080506 |
2020-08-17 00:16:16,272 - root - INFO - | Epoch: 232/500 | Train Time: 0.163s | Train Loss: 78.990620 |
2020-08-17 00:16:16,433 - root - INFO - | Epoch: 233/500 | Train Time: 0.161s | Train Loss: 79.113847 |
2020-08-17 00:16:16,596 - root - INFO - | Epoch: 234/500 | Train Time: 0.162s | Train Loss: 78.924918 |
2020-08-17 00:16:16,758 - root - INFO - | Epoch: 235/500 | Train Time: 0.162s | Train Loss: 78.708271 |
2020-08-17 00:16:16,920 - root - INFO - | Epoch: 236/500 | Train Time: 0.162s | Train Loss: 78.248614 |
2020-08-17 00:16:17,081 - root - INFO - | Epoch: 237/500 | Train Time: 0.161s | Train Loss: 78.195916 |
2020-08-17 00:16:17,243 - root - INFO - | Epoch: 238/500 | Train Time: 0.162s | Train Loss: 78.436869 |
2020-08-17 00:16:17,405 - root - INFO - | Epoch: 239/500 | Train Time: 0.162s | Train Loss: 78.338410 |
2020-08-17 00:16:17,567 - root - INFO - | Epoch: 240/500 | Train Time: 0.162s | Train Loss: 77.970197 |
2020-08-17 00:16:17,728 - root - INFO - | Epoch: 241/500 | Train Time: 0.160s | Train Loss: 77.901445 |
2020-08-17 00:16:17,891 - root - INFO - | Epoch: 242/500 | Train Time: 0.163s | Train Loss: 78.072926 |
2020-08-17 00:16:18,053 - root - INFO - | Epoch: 243/500 | Train Time: 0.162s | Train Loss: 78.000314 |
2020-08-17 00:16:18,217 - root - INFO - | Epoch: 244/500 | Train Time: 0.164s | Train Loss: 77.694153 |
2020-08-17 00:16:18,379 - root - INFO - | Epoch: 245/500 | Train Time: 0.162s | Train Loss: 77.492704 |
2020-08-17 00:16:18,542 - root - INFO - | Epoch: 246/500 | Train Time: 0.162s | Train Loss: 77.360732 |
2020-08-17 00:16:18,705 - root - INFO - | Epoch: 247/500 | Train Time: 0.163s | Train Loss: 77.420198 |
2020-08-17 00:16:18,868 - root - INFO - | Epoch: 248/500 | Train Time: 0.163s | Train Loss: 76.966125 |
2020-08-17 00:16:19,031 - root - INFO - | Epoch: 249/500 | Train Time: 0.163s | Train Loss: 77.539654 |
2020-08-17 00:16:19,196 - root - INFO - | Epoch: 250/500 | Train Time: 0.165s | Train Loss: 77.048175 |
2020-08-17 00:16:19,362 - root - INFO - | Epoch: 251/500 | Train Time: 0.166s | Train Loss: 76.942767 |
2020-08-17 00:16:19,526 - root - INFO - | Epoch: 252/500 | Train Time: 0.164s | Train Loss: 76.815256 |
2020-08-17 00:16:19,691 - root - INFO - | Epoch: 253/500 | Train Time: 0.165s | Train Loss: 76.914560 |
2020-08-17 00:16:19,856 - root - INFO - | Epoch: 254/500 | Train Time: 0.165s | Train Loss: 76.852923 |
2020-08-17 00:16:20,021 - root - INFO - | Epoch: 255/500 | Train Time: 0.165s | Train Loss: 76.788883 |
2020-08-17 00:16:20,185 - root - INFO - | Epoch: 256/500 | Train Time: 0.164s | Train Loss: 76.418784 |
2020-08-17 00:16:20,348 - root - INFO - | Epoch: 257/500 | Train Time: 0.163s | Train Loss: 76.248862 |
2020-08-17 00:16:20,510 - root - INFO - | Epoch: 258/500 | Train Time: 0.161s | Train Loss: 76.066403 |
2020-08-17 00:16:20,671 - root - INFO - | Epoch: 259/500 | Train Time: 0.161s | Train Loss: 76.045765 |
2020-08-17 00:16:20,834 - root - INFO - | Epoch: 260/500 | Train Time: 0.163s | Train Loss: 75.871819 |
2020-08-17 00:16:20,995 - root - INFO - | Epoch: 261/500 | Train Time: 0.162s | Train Loss: 75.791597 |
2020-08-17 00:16:21,157 - root - INFO - | Epoch: 262/500 | Train Time: 0.161s | Train Loss: 75.922519 |
2020-08-17 00:16:21,321 - root - INFO - | Epoch: 263/500 | Train Time: 0.164s | Train Loss: 75.734334 |
2020-08-17 00:16:21,481 - root - INFO - | Epoch: 264/500 | Train Time: 0.160s | Train Loss: 75.260993 |
2020-08-17 00:16:21,643 - root - INFO - | Epoch: 265/500 | Train Time: 0.162s | Train Loss: 75.491204 |
2020-08-17 00:16:21,805 - root - INFO - | Epoch: 266/500 | Train Time: 0.162s | Train Loss: 75.596727 |
2020-08-17 00:16:21,968 - root - INFO - | Epoch: 267/500 | Train Time: 0.163s | Train Loss: 75.320164 |
2020-08-17 00:16:22,129 - root - INFO - | Epoch: 268/500 | Train Time: 0.161s | Train Loss: 74.963022 |
2020-08-17 00:16:22,291 - root - INFO - | Epoch: 269/500 | Train Time: 0.162s | Train Loss: 75.350528 |
2020-08-17 00:16:22,453 - root - INFO - | Epoch: 270/500 | Train Time: 0.161s | Train Loss: 74.645546 |
2020-08-17 00:16:22,614 - root - INFO - | Epoch: 271/500 | Train Time: 0.162s | Train Loss: 74.615359 |
2020-08-17 00:16:22,775 - root - INFO - | Epoch: 272/500 | Train Time: 0.161s | Train Loss: 74.872077 |
2020-08-17 00:16:22,939 - root - INFO - | Epoch: 273/500 | Train Time: 0.164s | Train Loss: 74.728907 |
2020-08-17 00:16:23,105 - root - INFO - | Epoch: 274/500 | Train Time: 0.165s | Train Loss: 74.635956 |
2020-08-17 00:16:23,269 - root - INFO - | Epoch: 275/500 | Train Time: 0.164s | Train Loss: 74.346182 |
2020-08-17 00:16:23,433 - root - INFO - | Epoch: 276/500 | Train Time: 0.164s | Train Loss: 73.979451 |
2020-08-17 00:16:23,598 - root - INFO - | Epoch: 277/500 | Train Time: 0.164s | Train Loss: 74.317586 |
2020-08-17 00:16:23,760 - root - INFO - | Epoch: 278/500 | Train Time: 0.162s | Train Loss: 74.257256 |
2020-08-17 00:16:23,921 - root - INFO - | Epoch: 279/500 | Train Time: 0.162s | Train Loss: 74.168305 |
2020-08-17 00:16:24,083 - root - INFO - | Epoch: 280/500 | Train Time: 0.162s | Train Loss: 73.856029 |
2020-08-17 00:16:24,245 - root - INFO - | Epoch: 281/500 | Train Time: 0.162s | Train Loss: 73.866751 |
2020-08-17 00:16:24,405 - root - INFO - | Epoch: 282/500 | Train Time: 0.160s | Train Loss: 73.394610 |
2020-08-17 00:16:24,567 - root - INFO - | Epoch: 283/500 | Train Time: 0.162s | Train Loss: 73.684669 |
2020-08-17 00:16:24,727 - root - INFO - | Epoch: 284/500 | Train Time: 0.160s | Train Loss: 73.647631 |
2020-08-17 00:16:24,889 - root - INFO - | Epoch: 285/500 | Train Time: 0.162s | Train Loss: 73.200424 |
2020-08-17 00:16:25,050 - root - INFO - | Epoch: 286/500 | Train Time: 0.161s | Train Loss: 73.538304 |
2020-08-17 00:16:25,214 - root - INFO - | Epoch: 287/500 | Train Time: 0.164s | Train Loss: 73.285347 |
2020-08-17 00:16:25,383 - root - INFO - | Epoch: 288/500 | Train Time: 0.169s | Train Loss: 72.986564 |
2020-08-17 00:16:25,546 - root - INFO - | Epoch: 289/500 | Train Time: 0.162s | Train Loss: 72.917754 |
2020-08-17 00:16:25,709 - root - INFO - | Epoch: 290/500 | Train Time: 0.164s | Train Loss: 72.991212 |
2020-08-17 00:16:25,874 - root - INFO - | Epoch: 291/500 | Train Time: 0.164s | Train Loss: 72.964008 |
2020-08-17 00:16:26,039 - root - INFO - | Epoch: 292/500 | Train Time: 0.165s | Train Loss: 72.632702 |
2020-08-17 00:16:26,204 - root - INFO - | Epoch: 293/500 | Train Time: 0.165s | Train Loss: 72.586717 |
2020-08-17 00:16:26,369 - root - INFO - | Epoch: 294/500 | Train Time: 0.165s | Train Loss: 72.404536 |
2020-08-17 00:16:26,535 - root - INFO - | Epoch: 295/500 | Train Time: 0.165s | Train Loss: 72.530650 |
2020-08-17 00:16:26,704 - root - INFO - | Epoch: 296/500 | Train Time: 0.170s | Train Loss: 71.956753 |
2020-08-17 00:16:26,866 - root - INFO - | Epoch: 297/500 | Train Time: 0.161s | Train Loss: 72.079487 |
2020-08-17 00:16:27,027 - root - INFO - | Epoch: 298/500 | Train Time: 0.161s | Train Loss: 71.697257 |
2020-08-17 00:16:27,187 - root - INFO - | Epoch: 299/500 | Train Time: 0.160s | Train Loss: 71.940323 |
2020-08-17 00:16:27,350 - root - INFO - | Epoch: 300/500 | Train Time: 0.163s | Train Loss: 71.926885 |
2020-08-17 00:16:27,514 - root - INFO - | Epoch: 301/500 | Train Time: 0.164s | Train Loss: 71.853327 |
2020-08-17 00:16:27,677 - root - INFO - | Epoch: 302/500 | Train Time: 0.163s | Train Loss: 71.588334 |
2020-08-17 00:16:27,840 - root - INFO - | Epoch: 303/500 | Train Time: 0.163s | Train Loss: 71.389051 |
2020-08-17 00:16:28,001 - root - INFO - | Epoch: 304/500 | Train Time: 0.160s | Train Loss: 71.667626 |
2020-08-17 00:16:28,164 - root - INFO - | Epoch: 305/500 | Train Time: 0.163s | Train Loss: 71.063528 |
2020-08-17 00:16:28,325 - root - INFO - | Epoch: 306/500 | Train Time: 0.162s | Train Loss: 71.345983 |
2020-08-17 00:16:28,487 - root - INFO - | Epoch: 307/500 | Train Time: 0.162s | Train Loss: 70.990354 |
2020-08-17 00:16:28,648 - root - INFO - | Epoch: 308/500 | Train Time: 0.160s | Train Loss: 71.205060 |
2020-08-17 00:16:28,810 - root - INFO - | Epoch: 309/500 | Train Time: 0.162s | Train Loss: 70.599497 |
2020-08-17 00:16:28,972 - root - INFO - | Epoch: 310/500 | Train Time: 0.163s | Train Loss: 70.980374 |
2020-08-17 00:16:29,134 - root - INFO - | Epoch: 311/500 | Train Time: 0.161s | Train Loss: 71.146532 |
2020-08-17 00:16:29,296 - root - INFO - | Epoch: 312/500 | Train Time: 0.162s | Train Loss: 70.772137 |
2020-08-17 00:16:29,458 - root - INFO - | Epoch: 313/500 | Train Time: 0.162s | Train Loss: 70.711029 |
2020-08-17 00:16:29,619 - root - INFO - | Epoch: 314/500 | Train Time: 0.161s | Train Loss: 70.395163 |
2020-08-17 00:16:29,780 - root - INFO - | Epoch: 315/500 | Train Time: 0.161s | Train Loss: 70.311216 |
2020-08-17 00:16:29,941 - root - INFO - | Epoch: 316/500 | Train Time: 0.160s | Train Loss: 70.247494 |
2020-08-17 00:16:30,099 - root - INFO - | Epoch: 317/500 | Train Time: 0.158s | Train Loss: 70.224853 |
2020-08-17 00:16:30,260 - root - INFO - | Epoch: 318/500 | Train Time: 0.160s | Train Loss: 70.062298 |
2020-08-17 00:16:30,422 - root - INFO - | Epoch: 319/500 | Train Time: 0.162s | Train Loss: 69.885910 |
2020-08-17 00:16:30,585 - root - INFO - | Epoch: 320/500 | Train Time: 0.163s | Train Loss: 69.922969 |
2020-08-17 00:16:30,748 - root - INFO - | Epoch: 321/500 | Train Time: 0.163s | Train Loss: 69.696037 |
2020-08-17 00:16:30,915 - root - INFO - | Epoch: 322/500 | Train Time: 0.166s | Train Loss: 69.266340 |
2020-08-17 00:16:31,079 - root - INFO - | Epoch: 323/500 | Train Time: 0.165s | Train Loss: 69.234951 |
2020-08-17 00:16:31,246 - root - INFO - | Epoch: 324/500 | Train Time: 0.166s | Train Loss: 69.639544 |
2020-08-17 00:16:31,408 - root - INFO - | Epoch: 325/500 | Train Time: 0.162s | Train Loss: 69.085658 |
2020-08-17 00:16:31,565 - root - INFO - | Epoch: 326/500 | Train Time: 0.157s | Train Loss: 69.311732 |
2020-08-17 00:16:31,724 - root - INFO - | Epoch: 327/500 | Train Time: 0.159s | Train Loss: 69.162023 |
2020-08-17 00:16:31,880 - root - INFO - | Epoch: 328/500 | Train Time: 0.155s | Train Loss: 69.073597 |
2020-08-17 00:16:32,037 - root - INFO - | Epoch: 329/500 | Train Time: 0.157s | Train Loss: 69.174462 |
2020-08-17 00:16:32,194 - root - INFO - | Epoch: 330/500 | Train Time: 0.157s | Train Loss: 68.792867 |
2020-08-17 00:16:32,352 - root - INFO - | Epoch: 331/500 | Train Time: 0.159s | Train Loss: 68.946178 |
2020-08-17 00:16:32,508 - root - INFO - | Epoch: 332/500 | Train Time: 0.156s | Train Loss: 68.778402 |
2020-08-17 00:16:32,673 - root - INFO - | Epoch: 333/500 | Train Time: 0.165s | Train Loss: 68.534331 |
2020-08-17 00:16:32,835 - root - INFO - | Epoch: 334/500 | Train Time: 0.163s | Train Loss: 68.747613 |
2020-08-17 00:16:33,000 - root - INFO - | Epoch: 335/500 | Train Time: 0.164s | Train Loss: 68.215192 |
2020-08-17 00:16:33,163 - root - INFO - | Epoch: 336/500 | Train Time: 0.163s | Train Loss: 68.240220 |
2020-08-17 00:16:33,326 - root - INFO - | Epoch: 337/500 | Train Time: 0.164s | Train Loss: 68.028379 |
2020-08-17 00:16:33,491 - root - INFO - | Epoch: 338/500 | Train Time: 0.164s | Train Loss: 67.813613 |
2020-08-17 00:16:33,654 - root - INFO - | Epoch: 339/500 | Train Time: 0.164s | Train Loss: 67.992334 |
2020-08-17 00:16:33,819 - root - INFO - | Epoch: 340/500 | Train Time: 0.164s | Train Loss: 68.076744 |
2020-08-17 00:16:33,985 - root - INFO - | Epoch: 341/500 | Train Time: 0.166s | Train Loss: 67.694245 |
2020-08-17 00:16:34,151 - root - INFO - | Epoch: 342/500 | Train Time: 0.165s | Train Loss: 67.539495 |
2020-08-17 00:16:34,316 - root - INFO - | Epoch: 343/500 | Train Time: 0.165s | Train Loss: 67.808189 |
2020-08-17 00:16:34,482 - root - INFO - | Epoch: 344/500 | Train Time: 0.166s | Train Loss: 67.450517 |
2020-08-17 00:16:34,645 - root - INFO - | Epoch: 345/500 | Train Time: 0.163s | Train Loss: 67.181327 |
2020-08-17 00:16:34,808 - root - INFO - | Epoch: 346/500 | Train Time: 0.163s | Train Loss: 67.315011 |
2020-08-17 00:16:34,972 - root - INFO - | Epoch: 347/500 | Train Time: 0.164s | Train Loss: 67.326204 |
2020-08-17 00:16:35,135 - root - INFO - | Epoch: 348/500 | Train Time: 0.163s | Train Loss: 67.118937 |
2020-08-17 00:16:35,299 - root - INFO - | Epoch: 349/500 | Train Time: 0.164s | Train Loss: 67.060258 |
2020-08-17 00:16:35,462 - root - INFO - | Epoch: 350/500 | Train Time: 0.163s | Train Loss: 66.636036 |
2020-08-17 00:16:35,625 - root - INFO - | Epoch: 351/500 | Train Time: 0.163s | Train Loss: 66.879399 |
2020-08-17 00:16:35,788 - root - INFO - | Epoch: 352/500 | Train Time: 0.163s | Train Loss: 66.659965 |
2020-08-17 00:16:35,951 - root - INFO - | Epoch: 353/500 | Train Time: 0.163s | Train Loss: 66.780737 |
2020-08-17 00:16:36,114 - root - INFO - | Epoch: 354/500 | Train Time: 0.163s | Train Loss: 66.469754 |
2020-08-17 00:16:36,275 - root - INFO - | Epoch: 355/500 | Train Time: 0.162s | Train Loss: 66.539021 |
2020-08-17 00:16:36,438 - root - INFO - | Epoch: 356/500 | Train Time: 0.162s | Train Loss: 66.215148 |
2020-08-17 00:16:36,600 - root - INFO - | Epoch: 357/500 | Train Time: 0.162s | Train Loss: 66.009509 |
2020-08-17 00:16:36,762 - root - INFO - | Epoch: 358/500 | Train Time: 0.162s | Train Loss: 66.032640 |
2020-08-17 00:16:36,925 - root - INFO - | Epoch: 359/500 | Train Time: 0.163s | Train Loss: 66.160656 |
2020-08-17 00:16:37,087 - root - INFO - | Epoch: 360/500 | Train Time: 0.162s | Train Loss: 65.817462 |
2020-08-17 00:16:37,250 - root - INFO - | Epoch: 361/500 | Train Time: 0.162s | Train Loss: 65.826931 |
2020-08-17 00:16:37,412 - root - INFO - | Epoch: 362/500 | Train Time: 0.162s | Train Loss: 66.080383 |
2020-08-17 00:16:37,575 - root - INFO - | Epoch: 363/500 | Train Time: 0.163s | Train Loss: 65.624988 |
2020-08-17 00:16:37,738 - root - INFO - | Epoch: 364/500 | Train Time: 0.162s | Train Loss: 65.489454 |
2020-08-17 00:16:37,901 - root - INFO - | Epoch: 365/500 | Train Time: 0.163s | Train Loss: 65.443619 |
2020-08-17 00:16:38,064 - root - INFO - | Epoch: 366/500 | Train Time: 0.163s | Train Loss: 65.287304 |
2020-08-17 00:16:38,225 - root - INFO - | Epoch: 367/500 | Train Time: 0.160s | Train Loss: 65.393484 |
2020-08-17 00:16:38,385 - root - INFO - | Epoch: 368/500 | Train Time: 0.160s | Train Loss: 65.108285 |
2020-08-17 00:16:38,544 - root - INFO - | Epoch: 369/500 | Train Time: 0.159s | Train Loss: 65.058410 |
2020-08-17 00:16:38,704 - root - INFO - | Epoch: 370/500 | Train Time: 0.160s | Train Loss: 65.020755 |
2020-08-17 00:16:38,864 - root - INFO - | Epoch: 371/500 | Train Time: 0.159s | Train Loss: 64.699625 |
2020-08-17 00:16:39,024 - root - INFO - | Epoch: 372/500 | Train Time: 0.160s | Train Loss: 65.134378 |
2020-08-17 00:16:39,184 - root - INFO - | Epoch: 373/500 | Train Time: 0.161s | Train Loss: 64.896417 |
2020-08-17 00:16:39,345 - root - INFO - | Epoch: 374/500 | Train Time: 0.160s | Train Loss: 64.606602 |
2020-08-17 00:16:39,504 - root - INFO - | Epoch: 375/500 | Train Time: 0.159s | Train Loss: 64.407591 |
2020-08-17 00:16:39,664 - root - INFO - | Epoch: 376/500 | Train Time: 0.160s | Train Loss: 64.414201 |
2020-08-17 00:16:39,824 - root - INFO - | Epoch: 377/500 | Train Time: 0.160s | Train Loss: 64.582443 |
2020-08-17 00:16:39,985 - root - INFO - | Epoch: 378/500 | Train Time: 0.160s | Train Loss: 64.397189 |
2020-08-17 00:16:40,144 - root - INFO - | Epoch: 379/500 | Train Time: 0.159s | Train Loss: 64.167155 |
2020-08-17 00:16:40,304 - root - INFO - | Epoch: 380/500 | Train Time: 0.160s | Train Loss: 64.356428 |
2020-08-17 00:16:40,465 - root - INFO - | Epoch: 381/500 | Train Time: 0.161s | Train Loss: 64.315712 |
2020-08-17 00:16:40,625 - root - INFO - | Epoch: 382/500 | Train Time: 0.160s | Train Loss: 63.792823 |
2020-08-17 00:16:40,785 - root - INFO - | Epoch: 383/500 | Train Time: 0.160s | Train Loss: 63.750022 |
2020-08-17 00:16:40,945 - root - INFO - | Epoch: 384/500 | Train Time: 0.160s | Train Loss: 63.892067 |
2020-08-17 00:16:41,105 - root - INFO - | Epoch: 385/500 | Train Time: 0.160s | Train Loss: 63.795892 |
2020-08-17 00:16:41,265 - root - INFO - | Epoch: 386/500 | Train Time: 0.160s | Train Loss: 63.568851 |
2020-08-17 00:16:41,425 - root - INFO - | Epoch: 387/500 | Train Time: 0.160s | Train Loss: 63.652467 |
2020-08-17 00:16:41,584 - root - INFO - | Epoch: 388/500 | Train Time: 0.159s | Train Loss: 63.059039 |
2020-08-17 00:16:41,743 - root - INFO - | Epoch: 389/500 | Train Time: 0.159s | Train Loss: 63.417635 |
2020-08-17 00:16:41,904 - root - INFO - | Epoch: 390/500 | Train Time: 0.161s | Train Loss: 62.970631 |
2020-08-17 00:16:42,064 - root - INFO - | Epoch: 391/500 | Train Time: 0.160s | Train Loss: 63.150137 |
2020-08-17 00:16:42,225 - root - INFO - | Epoch: 392/500 | Train Time: 0.160s | Train Loss: 62.784086 |
2020-08-17 00:16:42,385 - root - INFO - | Epoch: 393/500 | Train Time: 0.160s | Train Loss: 63.134710 |
2020-08-17 00:16:42,545 - root - INFO - | Epoch: 394/500 | Train Time: 0.160s | Train Loss: 62.849374 |
2020-08-17 00:16:42,704 - root - INFO - | Epoch: 395/500 | Train Time: 0.159s | Train Loss: 62.971656 |
2020-08-17 00:16:42,865 - root - INFO - | Epoch: 396/500 | Train Time: 0.160s | Train Loss: 62.750703 |
2020-08-17 00:16:43,025 - root - INFO - | Epoch: 397/500 | Train Time: 0.160s | Train Loss: 62.898004 |
2020-08-17 00:16:43,184 - root - INFO - | Epoch: 398/500 | Train Time: 0.160s | Train Loss: 62.598282 |
2020-08-17 00:16:43,344 - root - INFO - | Epoch: 399/500 | Train Time: 0.160s | Train Loss: 62.568652 |
2020-08-17 00:16:43,505 - root - INFO - | Epoch: 400/500 | Train Time: 0.160s | Train Loss: 62.538881 |
2020-08-17 00:16:43,665 - root - INFO - | Epoch: 401/500 | Train Time: 0.160s | Train Loss: 62.115634 |
2020-08-17 00:16:43,825 - root - INFO - | Epoch: 402/500 | Train Time: 0.160s | Train Loss: 62.401639 |
2020-08-17 00:16:43,984 - root - INFO - | Epoch: 403/500 | Train Time: 0.159s | Train Loss: 62.244375 |
2020-08-17 00:16:44,145 - root - INFO - | Epoch: 404/500 | Train Time: 0.161s | Train Loss: 61.975238 |
2020-08-17 00:16:44,307 - root - INFO - | Epoch: 405/500 | Train Time: 0.162s | Train Loss: 62.014091 |
2020-08-17 00:16:44,469 - root - INFO - | Epoch: 406/500 | Train Time: 0.162s | Train Loss: 61.518577 |
2020-08-17 00:16:44,631 - root - INFO - | Epoch: 407/500 | Train Time: 0.162s | Train Loss: 61.535182 |
2020-08-17 00:16:44,792 - root - INFO - | Epoch: 408/500 | Train Time: 0.161s | Train Loss: 61.524613 |
2020-08-17 00:16:44,955 - root - INFO - | Epoch: 409/500 | Train Time: 0.162s | Train Loss: 61.613186 |
2020-08-17 00:16:45,117 - root - INFO - | Epoch: 410/500 | Train Time: 0.162s | Train Loss: 61.792245 |
2020-08-17 00:16:45,279 - root - INFO - | Epoch: 411/500 | Train Time: 0.162s | Train Loss: 61.550236 |
2020-08-17 00:16:45,441 - root - INFO - | Epoch: 412/500 | Train Time: 0.162s | Train Loss: 61.245609 |
2020-08-17 00:16:45,603 - root - INFO - | Epoch: 413/500 | Train Time: 0.162s | Train Loss: 61.331710 |
2020-08-17 00:16:45,766 - root - INFO - | Epoch: 414/500 | Train Time: 0.163s | Train Loss: 61.062821 |
2020-08-17 00:16:45,929 - root - INFO - | Epoch: 415/500 | Train Time: 0.163s | Train Loss: 61.220624 |
2020-08-17 00:16:46,092 - root - INFO - | Epoch: 416/500 | Train Time: 0.163s | Train Loss: 60.724733 |
2020-08-17 00:16:46,254 - root - INFO - | Epoch: 417/500 | Train Time: 0.162s | Train Loss: 60.878020 |
2020-08-17 00:16:46,417 - root - INFO - | Epoch: 418/500 | Train Time: 0.163s | Train Loss: 60.821703 |
2020-08-17 00:16:46,582 - root - INFO - | Epoch: 419/500 | Train Time: 0.164s | Train Loss: 60.604347 |
2020-08-17 00:16:46,744 - root - INFO - | Epoch: 420/500 | Train Time: 0.162s | Train Loss: 60.432430 |
2020-08-17 00:16:46,913 - root - INFO - | Epoch: 421/500 | Train Time: 0.169s | Train Loss: 60.769281 |
2020-08-17 00:16:47,078 - root - INFO - | Epoch: 422/500 | Train Time: 0.165s | Train Loss: 60.347906 |
2020-08-17 00:16:47,251 - root - INFO - | Epoch: 423/500 | Train Time: 0.173s | Train Loss: 60.524531 |
2020-08-17 00:16:47,419 - root - INFO - | Epoch: 424/500 | Train Time: 0.168s | Train Loss: 60.381642 |
2020-08-17 00:16:47,585 - root - INFO - | Epoch: 425/500 | Train Time: 0.166s | Train Loss: 60.328383 |
2020-08-17 00:16:47,750 - root - INFO - | Epoch: 426/500 | Train Time: 0.165s | Train Loss: 60.130968 |
2020-08-17 00:16:47,917 - root - INFO - | Epoch: 427/500 | Train Time: 0.167s | Train Loss: 59.941815 |
2020-08-17 00:16:48,081 - root - INFO - | Epoch: 428/500 | Train Time: 0.164s | Train Loss: 59.617347 |
2020-08-17 00:16:48,247 - root - INFO - | Epoch: 429/500 | Train Time: 0.167s | Train Loss: 59.907945 |
2020-08-17 00:16:48,413 - root - INFO - | Epoch: 430/500 | Train Time: 0.165s | Train Loss: 59.648586 |
2020-08-17 00:16:48,578 - root - INFO - | Epoch: 431/500 | Train Time: 0.165s | Train Loss: 59.633549 |
2020-08-17 00:16:48,743 - root - INFO - | Epoch: 432/500 | Train Time: 0.164s | Train Loss: 59.453716 |
2020-08-17 00:16:48,908 - root - INFO - | Epoch: 433/500 | Train Time: 0.166s | Train Loss: 59.422775 |
2020-08-17 00:16:49,073 - root - INFO - | Epoch: 434/500 | Train Time: 0.165s | Train Loss: 59.307733 |
2020-08-17 00:16:49,239 - root - INFO - | Epoch: 435/500 | Train Time: 0.166s | Train Loss: 59.382223 |
2020-08-17 00:16:49,404 - root - INFO - | Epoch: 436/500 | Train Time: 0.164s | Train Loss: 59.072757 |
2020-08-17 00:16:49,569 - root - INFO - | Epoch: 437/500 | Train Time: 0.165s | Train Loss: 59.346053 |
2020-08-17 00:16:49,734 - root - INFO - | Epoch: 438/500 | Train Time: 0.165s | Train Loss: 58.944300 |
2020-08-17 00:16:49,900 - root - INFO - | Epoch: 439/500 | Train Time: 0.166s | Train Loss: 58.892452 |
2020-08-17 00:16:50,066 - root - INFO - | Epoch: 440/500 | Train Time: 0.166s | Train Loss: 58.859034 |
2020-08-17 00:16:50,233 - root - INFO - | Epoch: 441/500 | Train Time: 0.166s | Train Loss: 58.963862 |
2020-08-17 00:16:50,398 - root - INFO - | Epoch: 442/500 | Train Time: 0.165s | Train Loss: 58.596871 |
2020-08-17 00:16:50,565 - root - INFO - | Epoch: 443/500 | Train Time: 0.167s | Train Loss: 58.681153 |
2020-08-17 00:16:50,730 - root - INFO - | Epoch: 444/500 | Train Time: 0.165s | Train Loss: 58.393470 |
2020-08-17 00:16:50,893 - root - INFO - | Epoch: 445/500 | Train Time: 0.163s | Train Loss: 58.289107 |
2020-08-17 00:16:51,055 - root - INFO - | Epoch: 446/500 | Train Time: 0.162s | Train Loss: 58.234986 |
2020-08-17 00:16:51,216 - root - INFO - | Epoch: 447/500 | Train Time: 0.162s | Train Loss: 58.604478 |
2020-08-17 00:16:51,379 - root - INFO - | Epoch: 448/500 | Train Time: 0.163s | Train Loss: 58.155905 |
2020-08-17 00:16:51,541 - root - INFO - | Epoch: 449/500 | Train Time: 0.162s | Train Loss: 58.102313 |
2020-08-17 00:16:51,703 - root - INFO - | Epoch: 450/500 | Train Time: 0.162s | Train Loss: 57.929150 |
2020-08-17 00:16:51,866 - root - INFO - | Epoch: 451/500 | Train Time: 0.163s | Train Loss: 57.695036 |
2020-08-17 00:16:52,029 - root - INFO - | Epoch: 452/500 | Train Time: 0.164s | Train Loss: 57.838580 |
2020-08-17 00:16:52,192 - root - INFO - | Epoch: 453/500 | Train Time: 0.163s | Train Loss: 57.928156 |
2020-08-17 00:16:52,355 - root - INFO - | Epoch: 454/500 | Train Time: 0.163s | Train Loss: 57.709123 |
2020-08-17 00:16:52,517 - root - INFO - | Epoch: 455/500 | Train Time: 0.162s | Train Loss: 57.620343 |
2020-08-17 00:16:52,680 - root - INFO - | Epoch: 456/500 | Train Time: 0.163s | Train Loss: 57.542808 |
2020-08-17 00:16:52,843 - root - INFO - | Epoch: 457/500 | Train Time: 0.163s | Train Loss: 57.601746 |
2020-08-17 00:16:53,005 - root - INFO - | Epoch: 458/500 | Train Time: 0.162s | Train Loss: 57.386616 |
2020-08-17 00:16:53,169 - root - INFO - | Epoch: 459/500 | Train Time: 0.163s | Train Loss: 57.367844 |
2020-08-17 00:16:53,332 - root - INFO - | Epoch: 460/500 | Train Time: 0.163s | Train Loss: 56.891168 |
2020-08-17 00:16:53,496 - root - INFO - | Epoch: 461/500 | Train Time: 0.164s | Train Loss: 56.994192 |
2020-08-17 00:16:53,659 - root - INFO - | Epoch: 462/500 | Train Time: 0.163s | Train Loss: 57.161896 |
2020-08-17 00:16:53,823 - root - INFO - | Epoch: 463/500 | Train Time: 0.164s | Train Loss: 57.210896 |
2020-08-17 00:16:53,985 - root - INFO - | Epoch: 464/500 | Train Time: 0.162s | Train Loss: 56.689261 |
2020-08-17 00:16:54,147 - root - INFO - | Epoch: 465/500 | Train Time: 0.162s | Train Loss: 56.614510 |
2020-08-17 00:16:54,309 - root - INFO - | Epoch: 466/500 | Train Time: 0.162s | Train Loss: 56.479952 |
2020-08-17 00:16:54,472 - root - INFO - | Epoch: 467/500 | Train Time: 0.163s | Train Loss: 56.101350 |
2020-08-17 00:16:54,636 - root - INFO - | Epoch: 468/500 | Train Time: 0.163s | Train Loss: 56.239670 |
2020-08-17 00:16:54,799 - root - INFO - | Epoch: 469/500 | Train Time: 0.163s | Train Loss: 56.535491 |
2020-08-17 00:16:54,961 - root - INFO - | Epoch: 470/500 | Train Time: 0.163s | Train Loss: 56.105521 |
2020-08-17 00:16:55,124 - root - INFO - | Epoch: 471/500 | Train Time: 0.162s | Train Loss: 56.394741 |
2020-08-17 00:16:55,285 - root - INFO - | Epoch: 472/500 | Train Time: 0.161s | Train Loss: 56.082189 |
2020-08-17 00:16:55,448 - root - INFO - | Epoch: 473/500 | Train Time: 0.163s | Train Loss: 56.173640 |
2020-08-17 00:16:55,611 - root - INFO - | Epoch: 474/500 | Train Time: 0.163s | Train Loss: 56.089512 |
2020-08-17 00:16:55,773 - root - INFO - | Epoch: 475/500 | Train Time: 0.162s | Train Loss: 55.822407 |
2020-08-17 00:16:55,935 - root - INFO - | Epoch: 476/500 | Train Time: 0.162s | Train Loss: 55.783993 |
2020-08-17 00:16:56,098 - root - INFO - | Epoch: 477/500 | Train Time: 0.162s | Train Loss: 55.719710 |
2020-08-17 00:16:56,260 - root - INFO - | Epoch: 478/500 | Train Time: 0.162s | Train Loss: 55.588105 |
2020-08-17 00:16:56,422 - root - INFO - | Epoch: 479/500 | Train Time: 0.162s | Train Loss: 55.625029 |
2020-08-17 00:16:56,586 - root - INFO - | Epoch: 480/500 | Train Time: 0.164s | Train Loss: 55.673022 |
2020-08-17 00:16:56,749 - root - INFO - | Epoch: 481/500 | Train Time: 0.163s | Train Loss: 55.484439 |
2020-08-17 00:16:56,911 - root - INFO - | Epoch: 482/500 | Train Time: 0.162s | Train Loss: 55.315757 |
2020-08-17 00:16:57,073 - root - INFO - | Epoch: 483/500 | Train Time: 0.162s | Train Loss: 55.523637 |
2020-08-17 00:16:57,235 - root - INFO - | Epoch: 484/500 | Train Time: 0.162s | Train Loss: 55.288981 |
2020-08-17 00:16:57,399 - root - INFO - | Epoch: 485/500 | Train Time: 0.164s | Train Loss: 55.216789 |
2020-08-17 00:16:57,562 - root - INFO - | Epoch: 486/500 | Train Time: 0.163s | Train Loss: 54.739469 |
2020-08-17 00:16:57,725 - root - INFO - | Epoch: 487/500 | Train Time: 0.163s | Train Loss: 55.096425 |
2020-08-17 00:16:57,887 - root - INFO - | Epoch: 488/500 | Train Time: 0.162s | Train Loss: 54.859622 |
2020-08-17 00:16:58,048 - root - INFO - | Epoch: 489/500 | Train Time: 0.161s | Train Loss: 54.967910 |
2020-08-17 00:16:58,204 - root - INFO - | Epoch: 490/500 | Train Time: 0.155s | Train Loss: 54.843441 |
2020-08-17 00:16:58,318 - root - INFO - | Epoch: 491/500 | Train Time: 0.114s | Train Loss: 54.846167 |
2020-08-17 00:16:58,433 - root - INFO - | Epoch: 492/500 | Train Time: 0.114s | Train Loss: 54.787702 |
2020-08-17 00:16:58,546 - root - INFO - | Epoch: 493/500 | Train Time: 0.114s | Train Loss: 54.454245 |
2020-08-17 00:16:58,660 - root - INFO - | Epoch: 494/500 | Train Time: 0.114s | Train Loss: 54.276321 |
2020-08-17 00:16:58,774 - root - INFO - | Epoch: 495/500 | Train Time: 0.114s | Train Loss: 54.349895 |
2020-08-17 00:16:58,888 - root - INFO - | Epoch: 496/500 | Train Time: 0.114s | Train Loss: 53.985789 |
2020-08-17 00:16:59,002 - root - INFO - | Epoch: 497/500 | Train Time: 0.114s | Train Loss: 54.055066 |
2020-08-17 00:16:59,115 - root - INFO - | Epoch: 498/500 | Train Time: 0.114s | Train Loss: 54.181491 |
2020-08-17 00:16:59,229 - root - INFO - | Epoch: 499/500 | Train Time: 0.114s | Train Loss: 53.914080 |
2020-08-17 00:16:59,342 - root - INFO - | Epoch: 500/500 | Train Time: 0.113s | Train Loss: 53.960481 |
2020-08-17 00:16:59,342 - root - INFO - Training Time: 80.200s
2020-08-17 00:16:59,342 - root - INFO - Finished training.
2020-08-17 00:16:59,343 - root - INFO - Starting testing...
2020-08-17 00:16:59,361 - root - INFO - Test Loss: 54.065635
2020-08-17 00:16:59,361 - root - INFO - Test AUC: 95.68%
2020-08-17 00:16:59,361 - root - INFO - Test Time: 0.017s
2020-08-17 00:16:59,361 - root - INFO - Finished testing.
2020-08-17 00:16:59,429 - root - INFO - Starting testing...
2020-08-17 00:16:59,449 - root - INFO - Test Loss: 54.065635
2020-08-17 00:16:59,449 - root - INFO - Test AUC: 95.68%
2020-08-17 00:16:59,449 - root - INFO - Test Time: 0.018s
2020-08-17 00:16:59,449 - root - INFO - Finished testing.
