2020-07-15 19:09:42,045 - root - INFO - Hey I am loading net for you!
2020-07-15 19:09:43,819 - root - INFO - Setting hyper-parameters!
2020-07-15 19:09:43,820 - root - INFO - Starting training...
2020-07-15 19:09:43,967 - root - INFO - | Epoch: 001/100 | Train Time: 0.147s | Train Loss: 0.458025 |
2020-07-15 19:09:44,122 - root - INFO - | Epoch: 002/100 | Train Time: 0.155s | Train Loss: 0.449852 |
2020-07-15 19:09:44,275 - root - INFO - | Epoch: 003/100 | Train Time: 0.152s | Train Loss: 0.441799 |
2020-07-15 19:09:44,429 - root - INFO - | Epoch: 004/100 | Train Time: 0.154s | Train Loss: 0.433676 |
2020-07-15 19:09:44,582 - root - INFO - | Epoch: 005/100 | Train Time: 0.153s | Train Loss: 0.425494 |
2020-07-15 19:09:44,736 - root - INFO - | Epoch: 006/100 | Train Time: 0.154s | Train Loss: 0.417247 |
2020-07-15 19:09:44,890 - root - INFO - | Epoch: 007/100 | Train Time: 0.154s | Train Loss: 0.408571 |
2020-07-15 19:09:45,045 - root - INFO - | Epoch: 008/100 | Train Time: 0.155s | Train Loss: 0.400343 |
2020-07-15 19:09:45,199 - root - INFO - | Epoch: 009/100 | Train Time: 0.153s | Train Loss: 0.391573 |
2020-07-15 19:09:45,322 - root - INFO - | Epoch: 010/100 | Train Time: 0.123s | Train Loss: 0.382985 |
2020-07-15 19:09:45,435 - root - INFO - | Epoch: 011/100 | Train Time: 0.113s | Train Loss: 0.374688 |
2020-07-15 19:09:45,548 - root - INFO - | Epoch: 012/100 | Train Time: 0.113s | Train Loss: 0.365303 |
2020-07-15 19:09:45,661 - root - INFO - | Epoch: 013/100 | Train Time: 0.113s | Train Loss: 0.356801 |
2020-07-15 19:09:45,790 - root - INFO - | Epoch: 014/100 | Train Time: 0.129s | Train Loss: 0.347838 |
2020-07-15 19:09:45,933 - root - INFO - | Epoch: 015/100 | Train Time: 0.144s | Train Loss: 0.339254 |
2020-07-15 19:09:46,077 - root - INFO - | Epoch: 016/100 | Train Time: 0.144s | Train Loss: 0.330323 |
2020-07-15 19:09:46,222 - root - INFO - | Epoch: 017/100 | Train Time: 0.144s | Train Loss: 0.321418 |
2020-07-15 19:09:46,370 - root - INFO - | Epoch: 018/100 | Train Time: 0.148s | Train Loss: 0.312650 |
2020-07-15 19:09:46,523 - root - INFO - | Epoch: 019/100 | Train Time: 0.152s | Train Loss: 0.303961 |
2020-07-15 19:09:46,675 - root - INFO - | Epoch: 020/100 | Train Time: 0.152s | Train Loss: 0.295143 |
2020-07-15 19:09:46,829 - root - INFO - | Epoch: 021/100 | Train Time: 0.155s | Train Loss: 0.286473 |
2020-07-15 19:09:46,985 - root - INFO - | Epoch: 022/100 | Train Time: 0.155s | Train Loss: 0.278141 |
2020-07-15 19:09:47,139 - root - INFO - | Epoch: 023/100 | Train Time: 0.154s | Train Loss: 0.269508 |
2020-07-15 19:09:47,293 - root - INFO - | Epoch: 024/100 | Train Time: 0.154s | Train Loss: 0.261002 |
2020-07-15 19:09:47,448 - root - INFO - | Epoch: 025/100 | Train Time: 0.155s | Train Loss: 0.252800 |
2020-07-15 19:09:47,603 - root - INFO - | Epoch: 026/100 | Train Time: 0.155s | Train Loss: 0.244648 |
2020-07-15 19:09:47,758 - root - INFO - | Epoch: 027/100 | Train Time: 0.155s | Train Loss: 0.236612 |
2020-07-15 19:09:47,912 - root - INFO - | Epoch: 028/100 | Train Time: 0.154s | Train Loss: 0.228657 |
2020-07-15 19:09:48,029 - root - INFO - | Epoch: 029/100 | Train Time: 0.117s | Train Loss: 0.221179 |
2020-07-15 19:09:48,142 - root - INFO - | Epoch: 030/100 | Train Time: 0.113s | Train Loss: 0.213589 |
2020-07-15 19:09:48,255 - root - INFO - | Epoch: 031/100 | Train Time: 0.113s | Train Loss: 0.206254 |
2020-07-15 19:09:48,367 - root - INFO - | Epoch: 032/100 | Train Time: 0.113s | Train Loss: 0.198870 |
2020-07-15 19:09:48,484 - root - INFO - | Epoch: 033/100 | Train Time: 0.117s | Train Loss: 0.192098 |
2020-07-15 19:09:48,636 - root - INFO - | Epoch: 034/100 | Train Time: 0.151s | Train Loss: 0.185466 |
2020-07-15 19:09:48,790 - root - INFO - | Epoch: 035/100 | Train Time: 0.155s | Train Loss: 0.178641 |
2020-07-15 19:09:48,942 - root - INFO - | Epoch: 036/100 | Train Time: 0.151s | Train Loss: 0.172085 |
2020-07-15 19:09:49,096 - root - INFO - | Epoch: 037/100 | Train Time: 0.154s | Train Loss: 0.166184 |
2020-07-15 19:09:49,249 - root - INFO - | Epoch: 038/100 | Train Time: 0.154s | Train Loss: 0.160043 |
2020-07-15 19:09:49,404 - root - INFO - | Epoch: 039/100 | Train Time: 0.155s | Train Loss: 0.154287 |
2020-07-15 19:09:49,558 - root - INFO - | Epoch: 040/100 | Train Time: 0.154s | Train Loss: 0.148521 |
2020-07-15 19:09:49,712 - root - INFO - | Epoch: 041/100 | Train Time: 0.154s | Train Loss: 0.143069 |
2020-07-15 19:09:49,874 - root - INFO - | Epoch: 042/100 | Train Time: 0.162s | Train Loss: 0.137917 |
2020-07-15 19:09:50,030 - root - INFO - | Epoch: 043/100 | Train Time: 0.156s | Train Loss: 0.132954 |
2020-07-15 19:09:50,187 - root - INFO - | Epoch: 044/100 | Train Time: 0.156s | Train Loss: 0.128225 |
2020-07-15 19:09:50,343 - root - INFO - | Epoch: 045/100 | Train Time: 0.156s | Train Loss: 0.123391 |
2020-07-15 19:09:50,498 - root - INFO - | Epoch: 046/100 | Train Time: 0.155s | Train Loss: 0.118938 |
2020-07-15 19:09:50,654 - root - INFO - | Epoch: 047/100 | Train Time: 0.156s | Train Loss: 0.114572 |
2020-07-15 19:09:50,781 - root - INFO - | Epoch: 048/100 | Train Time: 0.127s | Train Loss: 0.110472 |
2020-07-15 19:09:50,894 - root - INFO - | Epoch: 049/100 | Train Time: 0.113s | Train Loss: 0.106505 |
2020-07-15 19:09:51,007 - root - INFO - | Epoch: 050/100 | Train Time: 0.113s | Train Loss: 0.102415 |
2020-07-15 19:09:51,007 - root - INFO -   LR scheduler: new learning rate is 1e-06
2020-07-15 19:09:51,114 - root - INFO - | Epoch: 051/100 | Train Time: 0.106s | Train Loss: 0.100275 |
2020-07-15 19:09:51,218 - root - INFO - | Epoch: 052/100 | Train Time: 0.104s | Train Loss: 0.099957 |
2020-07-15 19:09:51,322 - root - INFO - | Epoch: 053/100 | Train Time: 0.104s | Train Loss: 0.099591 |
2020-07-15 19:09:51,426 - root - INFO - | Epoch: 054/100 | Train Time: 0.104s | Train Loss: 0.099209 |
2020-07-15 19:09:51,530 - root - INFO - | Epoch: 055/100 | Train Time: 0.104s | Train Loss: 0.098828 |
2020-07-15 19:09:51,633 - root - INFO - | Epoch: 056/100 | Train Time: 0.103s | Train Loss: 0.098459 |
2020-07-15 19:09:51,738 - root - INFO - | Epoch: 057/100 | Train Time: 0.104s | Train Loss: 0.098145 |
2020-07-15 19:09:51,842 - root - INFO - | Epoch: 058/100 | Train Time: 0.104s | Train Loss: 0.097604 |
2020-07-15 19:09:51,945 - root - INFO - | Epoch: 059/100 | Train Time: 0.104s | Train Loss: 0.097339 |
2020-07-15 19:09:52,049 - root - INFO - | Epoch: 060/100 | Train Time: 0.103s | Train Loss: 0.096947 |
2020-07-15 19:09:52,153 - root - INFO - | Epoch: 061/100 | Train Time: 0.104s | Train Loss: 0.096549 |
2020-07-15 19:09:52,258 - root - INFO - | Epoch: 062/100 | Train Time: 0.105s | Train Loss: 0.096035 |
2020-07-15 19:09:52,364 - root - INFO - | Epoch: 063/100 | Train Time: 0.106s | Train Loss: 0.095820 |
2020-07-15 19:09:52,469 - root - INFO - | Epoch: 064/100 | Train Time: 0.106s | Train Loss: 0.095265 |
2020-07-15 19:09:52,575 - root - INFO - | Epoch: 065/100 | Train Time: 0.106s | Train Loss: 0.095060 |
2020-07-15 19:09:52,679 - root - INFO - | Epoch: 066/100 | Train Time: 0.103s | Train Loss: 0.094591 |
2020-07-15 19:09:52,783 - root - INFO - | Epoch: 067/100 | Train Time: 0.104s | Train Loss: 0.094272 |
2020-07-15 19:09:52,887 - root - INFO - | Epoch: 068/100 | Train Time: 0.105s | Train Loss: 0.094018 |
2020-07-15 19:09:52,992 - root - INFO - | Epoch: 069/100 | Train Time: 0.104s | Train Loss: 0.093407 |
2020-07-15 19:09:53,096 - root - INFO - | Epoch: 070/100 | Train Time: 0.104s | Train Loss: 0.093207 |
2020-07-15 19:09:53,199 - root - INFO - | Epoch: 071/100 | Train Time: 0.103s | Train Loss: 0.092802 |
2020-07-15 19:09:53,303 - root - INFO - | Epoch: 072/100 | Train Time: 0.104s | Train Loss: 0.092506 |
2020-07-15 19:09:53,407 - root - INFO - | Epoch: 073/100 | Train Time: 0.104s | Train Loss: 0.092020 |
2020-07-15 19:09:53,511 - root - INFO - | Epoch: 074/100 | Train Time: 0.104s | Train Loss: 0.091683 |
2020-07-15 19:09:53,615 - root - INFO - | Epoch: 075/100 | Train Time: 0.104s | Train Loss: 0.091202 |
2020-07-15 19:09:53,719 - root - INFO - | Epoch: 076/100 | Train Time: 0.104s | Train Loss: 0.090948 |
2020-07-15 19:09:53,823 - root - INFO - | Epoch: 077/100 | Train Time: 0.104s | Train Loss: 0.090533 |
2020-07-15 19:09:53,928 - root - INFO - | Epoch: 078/100 | Train Time: 0.104s | Train Loss: 0.090198 |
2020-07-15 19:09:54,031 - root - INFO - | Epoch: 079/100 | Train Time: 0.104s | Train Loss: 0.089910 |
2020-07-15 19:09:54,135 - root - INFO - | Epoch: 080/100 | Train Time: 0.103s | Train Loss: 0.089420 |
2020-07-15 19:09:54,238 - root - INFO - | Epoch: 081/100 | Train Time: 0.103s | Train Loss: 0.089167 |
2020-07-15 19:09:54,342 - root - INFO - | Epoch: 082/100 | Train Time: 0.104s | Train Loss: 0.088875 |
2020-07-15 19:09:54,446 - root - INFO - | Epoch: 083/100 | Train Time: 0.104s | Train Loss: 0.088497 |
2020-07-15 19:09:54,550 - root - INFO - | Epoch: 084/100 | Train Time: 0.103s | Train Loss: 0.088000 |
2020-07-15 19:09:54,653 - root - INFO - | Epoch: 085/100 | Train Time: 0.104s | Train Loss: 0.087719 |
2020-07-15 19:09:54,757 - root - INFO - | Epoch: 086/100 | Train Time: 0.103s | Train Loss: 0.087232 |
2020-07-15 19:09:54,860 - root - INFO - | Epoch: 087/100 | Train Time: 0.104s | Train Loss: 0.087063 |
2020-07-15 19:09:54,964 - root - INFO - | Epoch: 088/100 | Train Time: 0.104s | Train Loss: 0.086589 |
2020-07-15 19:09:55,067 - root - INFO - | Epoch: 089/100 | Train Time: 0.103s | Train Loss: 0.086281 |
2020-07-15 19:09:55,171 - root - INFO - | Epoch: 090/100 | Train Time: 0.104s | Train Loss: 0.085892 |
2020-07-15 19:09:55,275 - root - INFO - | Epoch: 091/100 | Train Time: 0.104s | Train Loss: 0.085530 |
2020-07-15 19:09:55,379 - root - INFO - | Epoch: 092/100 | Train Time: 0.104s | Train Loss: 0.085117 |
2020-07-15 19:09:55,482 - root - INFO - | Epoch: 093/100 | Train Time: 0.104s | Train Loss: 0.084796 |
2020-07-15 19:09:55,586 - root - INFO - | Epoch: 094/100 | Train Time: 0.103s | Train Loss: 0.084486 |
2020-07-15 19:09:55,690 - root - INFO - | Epoch: 095/100 | Train Time: 0.104s | Train Loss: 0.084088 |
2020-07-15 19:09:55,794 - root - INFO - | Epoch: 096/100 | Train Time: 0.104s | Train Loss: 0.083683 |
2020-07-15 19:09:55,897 - root - INFO - | Epoch: 097/100 | Train Time: 0.103s | Train Loss: 0.083411 |
2020-07-15 19:09:56,001 - root - INFO - | Epoch: 098/100 | Train Time: 0.104s | Train Loss: 0.083071 |
2020-07-15 19:09:56,105 - root - INFO - | Epoch: 099/100 | Train Time: 0.104s | Train Loss: 0.082772 |
2020-07-15 19:09:56,209 - root - INFO - | Epoch: 100/100 | Train Time: 0.104s | Train Loss: 0.082386 |
2020-07-15 19:09:56,209 - root - INFO - Training Time: 12.389s
2020-07-15 19:09:56,209 - root - INFO - Finished training.
2020-07-15 19:09:56,209 - root - INFO - Starting testing...
2020-07-15 19:09:56,221 - root - INFO - Test Time: 0.012s
2020-07-15 19:09:56,221 - root - INFO - Finished testing.
2020-07-15 19:27:55,393 - root - INFO - Hey I am loading net for you!
2020-07-15 19:28:03,783 - root - INFO - Setting hyper-parameters!
2020-07-15 19:28:03,823 - root - INFO - Starting training...
2020-07-15 19:28:04,011 - root - INFO - | Epoch: 001/100 | Train Time: 0.187s | Train Loss: 0.458025 |
2020-07-15 19:28:04,127 - root - INFO - | Epoch: 002/100 | Train Time: 0.116s | Train Loss: 0.449852 |
2020-07-15 19:28:04,242 - root - INFO - | Epoch: 003/100 | Train Time: 0.115s | Train Loss: 0.441799 |
2020-07-15 19:28:04,358 - root - INFO - | Epoch: 004/100 | Train Time: 0.116s | Train Loss: 0.433676 |
2020-07-15 19:28:04,475 - root - INFO - | Epoch: 005/100 | Train Time: 0.116s | Train Loss: 0.425494 |
2020-07-15 19:28:04,589 - root - INFO - | Epoch: 006/100 | Train Time: 0.115s | Train Loss: 0.417247 |
2020-07-15 19:28:04,704 - root - INFO - | Epoch: 007/100 | Train Time: 0.114s | Train Loss: 0.408571 |
2020-07-15 19:28:04,818 - root - INFO - | Epoch: 008/100 | Train Time: 0.114s | Train Loss: 0.400343 |
2020-07-15 19:28:04,933 - root - INFO - | Epoch: 009/100 | Train Time: 0.115s | Train Loss: 0.391573 |
2020-07-15 19:28:05,079 - root - INFO - | Epoch: 010/100 | Train Time: 0.146s | Train Loss: 0.382985 |
2020-07-15 19:28:05,210 - root - INFO - | Epoch: 011/100 | Train Time: 0.130s | Train Loss: 0.374688 |
2020-07-15 19:28:05,325 - root - INFO - | Epoch: 012/100 | Train Time: 0.115s | Train Loss: 0.365303 |
2020-07-15 19:28:05,441 - root - INFO - | Epoch: 013/100 | Train Time: 0.115s | Train Loss: 0.356801 |
2020-07-15 19:28:05,577 - root - INFO - | Epoch: 014/100 | Train Time: 0.136s | Train Loss: 0.347838 |
2020-07-15 19:28:05,691 - root - INFO - | Epoch: 015/100 | Train Time: 0.114s | Train Loss: 0.339254 |
2020-07-15 19:28:05,822 - root - INFO - | Epoch: 016/100 | Train Time: 0.131s | Train Loss: 0.330323 |
2020-07-15 19:28:05,940 - root - INFO - | Epoch: 017/100 | Train Time: 0.118s | Train Loss: 0.321418 |
2020-07-15 19:28:06,055 - root - INFO - | Epoch: 018/100 | Train Time: 0.115s | Train Loss: 0.312650 |
2020-07-15 19:28:06,186 - root - INFO - | Epoch: 019/100 | Train Time: 0.131s | Train Loss: 0.303961 |
2020-07-15 19:28:06,310 - root - INFO - | Epoch: 020/100 | Train Time: 0.124s | Train Loss: 0.295143 |
2020-07-15 19:28:06,418 - root - INFO - | Epoch: 021/100 | Train Time: 0.108s | Train Loss: 0.286473 |
2020-07-15 19:28:06,527 - root - INFO - | Epoch: 022/100 | Train Time: 0.109s | Train Loss: 0.278141 |
2020-07-15 19:28:06,634 - root - INFO - | Epoch: 023/100 | Train Time: 0.107s | Train Loss: 0.269508 |
2020-07-15 19:28:06,737 - root - INFO - | Epoch: 024/100 | Train Time: 0.103s | Train Loss: 0.261002 |
2020-07-15 19:28:06,846 - root - INFO - | Epoch: 025/100 | Train Time: 0.109s | Train Loss: 0.252800 |
2020-07-15 19:28:06,949 - root - INFO - | Epoch: 026/100 | Train Time: 0.103s | Train Loss: 0.244648 |
2020-07-15 19:28:07,059 - root - INFO - | Epoch: 027/100 | Train Time: 0.109s | Train Loss: 0.236612 |
2020-07-15 19:28:07,167 - root - INFO - | Epoch: 028/100 | Train Time: 0.108s | Train Loss: 0.228657 |
2020-07-15 19:28:07,273 - root - INFO - | Epoch: 029/100 | Train Time: 0.106s | Train Loss: 0.221179 |
2020-07-15 19:28:07,380 - root - INFO - | Epoch: 030/100 | Train Time: 0.107s | Train Loss: 0.213589 |
2020-07-15 19:28:07,488 - root - INFO - | Epoch: 031/100 | Train Time: 0.108s | Train Loss: 0.206254 |
2020-07-15 19:28:07,601 - root - INFO - | Epoch: 032/100 | Train Time: 0.113s | Train Loss: 0.198870 |
2020-07-15 19:28:07,711 - root - INFO - | Epoch: 033/100 | Train Time: 0.110s | Train Loss: 0.192098 |
2020-07-15 19:28:07,819 - root - INFO - | Epoch: 034/100 | Train Time: 0.108s | Train Loss: 0.185466 |
2020-07-15 19:28:07,929 - root - INFO - | Epoch: 035/100 | Train Time: 0.110s | Train Loss: 0.178641 |
2020-07-15 19:28:08,039 - root - INFO - | Epoch: 036/100 | Train Time: 0.110s | Train Loss: 0.172085 |
2020-07-15 19:28:08,148 - root - INFO - | Epoch: 037/100 | Train Time: 0.108s | Train Loss: 0.166184 |
2020-07-15 19:28:08,258 - root - INFO - | Epoch: 038/100 | Train Time: 0.110s | Train Loss: 0.160043 |
2020-07-15 19:28:08,377 - root - INFO - | Epoch: 039/100 | Train Time: 0.119s | Train Loss: 0.154287 |
2020-07-15 19:28:08,485 - root - INFO - | Epoch: 040/100 | Train Time: 0.108s | Train Loss: 0.148521 |
2020-07-15 19:28:08,595 - root - INFO - | Epoch: 041/100 | Train Time: 0.110s | Train Loss: 0.143069 |
2020-07-15 19:28:08,704 - root - INFO - | Epoch: 042/100 | Train Time: 0.109s | Train Loss: 0.137917 |
2020-07-15 19:28:08,812 - root - INFO - | Epoch: 043/100 | Train Time: 0.108s | Train Loss: 0.132954 |
2020-07-15 19:28:08,917 - root - INFO - | Epoch: 044/100 | Train Time: 0.105s | Train Loss: 0.128225 |
2020-07-15 19:28:09,026 - root - INFO - | Epoch: 045/100 | Train Time: 0.109s | Train Loss: 0.123391 |
2020-07-15 19:28:09,139 - root - INFO - | Epoch: 046/100 | Train Time: 0.113s | Train Loss: 0.118938 |
2020-07-15 19:28:09,248 - root - INFO - | Epoch: 047/100 | Train Time: 0.109s | Train Loss: 0.114572 |
2020-07-15 19:28:09,354 - root - INFO - | Epoch: 048/100 | Train Time: 0.106s | Train Loss: 0.110472 |
2020-07-15 19:28:09,464 - root - INFO - | Epoch: 049/100 | Train Time: 0.110s | Train Loss: 0.106505 |
2020-07-15 19:28:09,573 - root - INFO - | Epoch: 050/100 | Train Time: 0.108s | Train Loss: 0.102415 |
2020-07-15 19:28:09,573 - root - INFO -   LR scheduler: new learning rate is 1e-06
2020-07-15 19:28:09,682 - root - INFO - | Epoch: 051/100 | Train Time: 0.109s | Train Loss: 0.100275 |
2020-07-15 19:28:09,816 - root - INFO - | Epoch: 052/100 | Train Time: 0.134s | Train Loss: 0.099957 |
2020-07-15 19:28:09,923 - root - INFO - | Epoch: 053/100 | Train Time: 0.106s | Train Loss: 0.099591 |
2020-07-15 19:28:10,027 - root - INFO - | Epoch: 054/100 | Train Time: 0.104s | Train Loss: 0.099209 |
2020-07-15 19:28:10,136 - root - INFO - | Epoch: 055/100 | Train Time: 0.109s | Train Loss: 0.098828 |
2020-07-15 19:28:10,244 - root - INFO - | Epoch: 056/100 | Train Time: 0.108s | Train Loss: 0.098459 |
2020-07-15 19:28:10,352 - root - INFO - | Epoch: 057/100 | Train Time: 0.107s | Train Loss: 0.098145 |
2020-07-15 19:28:10,458 - root - INFO - | Epoch: 058/100 | Train Time: 0.106s | Train Loss: 0.097604 |
2020-07-15 19:28:10,570 - root - INFO - | Epoch: 059/100 | Train Time: 0.112s | Train Loss: 0.097339 |
2020-07-15 19:28:10,683 - root - INFO - | Epoch: 060/100 | Train Time: 0.113s | Train Loss: 0.096947 |
2020-07-15 19:28:10,793 - root - INFO - | Epoch: 061/100 | Train Time: 0.109s | Train Loss: 0.096549 |
2020-07-15 19:28:10,903 - root - INFO - | Epoch: 062/100 | Train Time: 0.111s | Train Loss: 0.096035 |
2020-07-15 19:28:11,013 - root - INFO - | Epoch: 063/100 | Train Time: 0.110s | Train Loss: 0.095820 |
2020-07-15 19:28:11,124 - root - INFO - | Epoch: 064/100 | Train Time: 0.110s | Train Loss: 0.095265 |
2020-07-15 19:28:11,255 - root - INFO - | Epoch: 065/100 | Train Time: 0.131s | Train Loss: 0.095060 |
2020-07-15 19:28:11,360 - root - INFO - | Epoch: 066/100 | Train Time: 0.106s | Train Loss: 0.094591 |
2020-07-15 19:28:11,462 - root - INFO - | Epoch: 067/100 | Train Time: 0.101s | Train Loss: 0.094272 |
2020-07-15 19:28:11,570 - root - INFO - | Epoch: 068/100 | Train Time: 0.109s | Train Loss: 0.094018 |
2020-07-15 19:28:11,687 - root - INFO - | Epoch: 069/100 | Train Time: 0.116s | Train Loss: 0.093407 |
2020-07-15 19:28:11,803 - root - INFO - | Epoch: 070/100 | Train Time: 0.116s | Train Loss: 0.093207 |
2020-07-15 19:28:11,918 - root - INFO - | Epoch: 071/100 | Train Time: 0.115s | Train Loss: 0.092802 |
2020-07-15 19:28:12,033 - root - INFO - | Epoch: 072/100 | Train Time: 0.114s | Train Loss: 0.092506 |
2020-07-15 19:28:12,148 - root - INFO - | Epoch: 073/100 | Train Time: 0.115s | Train Loss: 0.092020 |
2020-07-15 19:28:12,266 - root - INFO - | Epoch: 074/100 | Train Time: 0.118s | Train Loss: 0.091683 |
2020-07-15 19:28:12,385 - root - INFO - | Epoch: 075/100 | Train Time: 0.119s | Train Loss: 0.091202 |
2020-07-15 19:28:12,500 - root - INFO - | Epoch: 076/100 | Train Time: 0.115s | Train Loss: 0.090948 |
2020-07-15 19:28:12,617 - root - INFO - | Epoch: 077/100 | Train Time: 0.116s | Train Loss: 0.090533 |
2020-07-15 19:28:12,725 - root - INFO - | Epoch: 078/100 | Train Time: 0.108s | Train Loss: 0.090198 |
2020-07-15 19:28:12,834 - root - INFO - | Epoch: 079/100 | Train Time: 0.109s | Train Loss: 0.089910 |
2020-07-15 19:28:12,940 - root - INFO - | Epoch: 080/100 | Train Time: 0.106s | Train Loss: 0.089420 |
2020-07-15 19:28:13,051 - root - INFO - | Epoch: 081/100 | Train Time: 0.111s | Train Loss: 0.089167 |
2020-07-15 19:28:13,167 - root - INFO - | Epoch: 082/100 | Train Time: 0.116s | Train Loss: 0.088875 |
2020-07-15 19:28:13,284 - root - INFO - | Epoch: 083/100 | Train Time: 0.117s | Train Loss: 0.088497 |
2020-07-15 19:28:13,400 - root - INFO - | Epoch: 084/100 | Train Time: 0.116s | Train Loss: 0.088000 |
2020-07-15 19:28:13,516 - root - INFO - | Epoch: 085/100 | Train Time: 0.116s | Train Loss: 0.087719 |
2020-07-15 19:28:13,632 - root - INFO - | Epoch: 086/100 | Train Time: 0.116s | Train Loss: 0.087232 |
2020-07-15 19:28:13,749 - root - INFO - | Epoch: 087/100 | Train Time: 0.116s | Train Loss: 0.087063 |
2020-07-15 19:28:13,860 - root - INFO - | Epoch: 088/100 | Train Time: 0.111s | Train Loss: 0.086589 |
2020-07-15 19:28:13,984 - root - INFO - | Epoch: 089/100 | Train Time: 0.125s | Train Loss: 0.086281 |
2020-07-15 19:28:14,125 - root - INFO - | Epoch: 090/100 | Train Time: 0.140s | Train Loss: 0.085892 |
2020-07-15 19:28:14,249 - root - INFO - | Epoch: 091/100 | Train Time: 0.124s | Train Loss: 0.085530 |
2020-07-15 19:28:14,391 - root - INFO - | Epoch: 092/100 | Train Time: 0.143s | Train Loss: 0.085117 |
2020-07-15 19:28:14,517 - root - INFO - | Epoch: 093/100 | Train Time: 0.125s | Train Loss: 0.084796 |
2020-07-15 19:28:14,637 - root - INFO - | Epoch: 094/100 | Train Time: 0.120s | Train Loss: 0.084486 |
2020-07-15 19:28:14,746 - root - INFO - | Epoch: 095/100 | Train Time: 0.109s | Train Loss: 0.084088 |
2020-07-15 19:28:14,856 - root - INFO - | Epoch: 096/100 | Train Time: 0.110s | Train Loss: 0.083683 |
2020-07-15 19:28:14,986 - root - INFO - | Epoch: 097/100 | Train Time: 0.129s | Train Loss: 0.083411 |
2020-07-15 19:28:15,099 - root - INFO - | Epoch: 098/100 | Train Time: 0.113s | Train Loss: 0.083071 |
2020-07-15 19:28:15,206 - root - INFO - | Epoch: 099/100 | Train Time: 0.107s | Train Loss: 0.082772 |
2020-07-15 19:28:15,315 - root - INFO - | Epoch: 100/100 | Train Time: 0.109s | Train Loss: 0.082386 |
2020-07-15 19:28:15,315 - root - INFO - Training Time: 11.492s
2020-07-15 19:28:15,315 - root - INFO - Finished training.
2020-07-15 19:28:15,315 - root - INFO - Starting testing...
2020-07-15 19:28:15,326 - root - INFO - Test Time: 0.010s
2020-07-15 19:28:15,326 - root - INFO - Finished testing.
2020-07-15 19:46:23,881 - root - INFO - Hey I am loading net for you!
2020-07-15 19:46:25,527 - root - INFO - Setting hyper-parameters!
2020-07-15 19:46:25,528 - root - INFO - Starting training...
2020-07-15 19:46:25,643 - root - INFO - | Epoch: 001/100 | Train Time: 0.115s | Train Loss: 0.458025 |
2020-07-15 19:46:25,777 - root - INFO - | Epoch: 002/100 | Train Time: 0.134s | Train Loss: 0.449852 |
2020-07-15 19:46:25,895 - root - INFO - | Epoch: 003/100 | Train Time: 0.118s | Train Loss: 0.441799 |
2020-07-15 19:46:26,028 - root - INFO - | Epoch: 004/100 | Train Time: 0.133s | Train Loss: 0.433676 |
2020-07-15 19:46:26,142 - root - INFO - | Epoch: 005/100 | Train Time: 0.113s | Train Loss: 0.425494 |
2020-07-15 19:46:26,268 - root - INFO - | Epoch: 006/100 | Train Time: 0.125s | Train Loss: 0.417247 |
2020-07-15 19:46:26,376 - root - INFO - | Epoch: 007/100 | Train Time: 0.108s | Train Loss: 0.408571 |
2020-07-15 19:46:26,482 - root - INFO - | Epoch: 008/100 | Train Time: 0.106s | Train Loss: 0.400343 |
2020-07-15 19:46:26,590 - root - INFO - | Epoch: 009/100 | Train Time: 0.108s | Train Loss: 0.391573 |
2020-07-15 19:46:26,697 - root - INFO - | Epoch: 010/100 | Train Time: 0.107s | Train Loss: 0.382985 |
2020-07-15 19:46:26,823 - root - INFO - | Epoch: 011/100 | Train Time: 0.125s | Train Loss: 0.374688 |
2020-07-15 19:46:26,971 - root - INFO - | Epoch: 012/100 | Train Time: 0.147s | Train Loss: 0.365303 |
2020-07-15 19:46:27,086 - root - INFO - | Epoch: 013/100 | Train Time: 0.116s | Train Loss: 0.356801 |
2020-07-15 19:46:27,223 - root - INFO - | Epoch: 014/100 | Train Time: 0.137s | Train Loss: 0.347838 |
2020-07-15 19:46:27,371 - root - INFO - | Epoch: 015/100 | Train Time: 0.148s | Train Loss: 0.339254 |
2020-07-15 19:46:27,496 - root - INFO - | Epoch: 016/100 | Train Time: 0.125s | Train Loss: 0.330323 |
2020-07-15 19:46:27,614 - root - INFO - | Epoch: 017/100 | Train Time: 0.118s | Train Loss: 0.321418 |
2020-07-15 19:46:27,731 - root - INFO - | Epoch: 018/100 | Train Time: 0.117s | Train Loss: 0.312650 |
2020-07-15 19:46:27,846 - root - INFO - | Epoch: 019/100 | Train Time: 0.115s | Train Loss: 0.303961 |
2020-07-15 19:46:27,963 - root - INFO - | Epoch: 020/100 | Train Time: 0.117s | Train Loss: 0.295143 |
2020-07-15 19:46:28,083 - root - INFO - | Epoch: 021/100 | Train Time: 0.120s | Train Loss: 0.286473 |
2020-07-15 19:46:28,215 - root - INFO - | Epoch: 022/100 | Train Time: 0.131s | Train Loss: 0.278141 |
2020-07-15 19:46:28,332 - root - INFO - | Epoch: 023/100 | Train Time: 0.117s | Train Loss: 0.269508 |
2020-07-15 19:46:28,471 - root - INFO - | Epoch: 024/100 | Train Time: 0.139s | Train Loss: 0.261002 |
2020-07-15 19:46:28,583 - root - INFO - | Epoch: 025/100 | Train Time: 0.112s | Train Loss: 0.252800 |
2020-07-15 19:46:28,692 - root - INFO - | Epoch: 026/100 | Train Time: 0.108s | Train Loss: 0.244648 |
2020-07-15 19:46:28,799 - root - INFO - | Epoch: 027/100 | Train Time: 0.107s | Train Loss: 0.236612 |
2020-07-15 19:46:28,907 - root - INFO - | Epoch: 028/100 | Train Time: 0.108s | Train Loss: 0.228657 |
2020-07-15 19:46:29,015 - root - INFO - | Epoch: 029/100 | Train Time: 0.108s | Train Loss: 0.221179 |
2020-07-15 19:46:29,122 - root - INFO - | Epoch: 030/100 | Train Time: 0.107s | Train Loss: 0.213589 |
2020-07-15 19:46:29,229 - root - INFO - | Epoch: 031/100 | Train Time: 0.107s | Train Loss: 0.206254 |
2020-07-15 19:46:29,336 - root - INFO - | Epoch: 032/100 | Train Time: 0.107s | Train Loss: 0.198870 |
2020-07-15 19:46:29,470 - root - INFO - | Epoch: 033/100 | Train Time: 0.134s | Train Loss: 0.192098 |
2020-07-15 19:46:29,589 - root - INFO - | Epoch: 034/100 | Train Time: 0.119s | Train Loss: 0.185466 |
2020-07-15 19:46:29,707 - root - INFO - | Epoch: 035/100 | Train Time: 0.118s | Train Loss: 0.178641 |
2020-07-15 19:46:29,823 - root - INFO - | Epoch: 036/100 | Train Time: 0.116s | Train Loss: 0.172085 |
2020-07-15 19:46:29,939 - root - INFO - | Epoch: 037/100 | Train Time: 0.116s | Train Loss: 0.166184 |
2020-07-15 19:46:30,054 - root - INFO - | Epoch: 038/100 | Train Time: 0.115s | Train Loss: 0.160043 |
2020-07-15 19:46:30,168 - root - INFO - | Epoch: 039/100 | Train Time: 0.114s | Train Loss: 0.154287 |
2020-07-15 19:46:30,283 - root - INFO - | Epoch: 040/100 | Train Time: 0.115s | Train Loss: 0.148521 |
2020-07-15 19:46:30,398 - root - INFO - | Epoch: 041/100 | Train Time: 0.114s | Train Loss: 0.143069 |
2020-07-15 19:46:30,534 - root - INFO - | Epoch: 042/100 | Train Time: 0.136s | Train Loss: 0.137917 |
2020-07-15 19:46:30,650 - root - INFO - | Epoch: 043/100 | Train Time: 0.116s | Train Loss: 0.132954 |
2020-07-15 19:46:30,782 - root - INFO - | Epoch: 044/100 | Train Time: 0.132s | Train Loss: 0.128225 |
2020-07-15 19:46:30,896 - root - INFO - | Epoch: 045/100 | Train Time: 0.114s | Train Loss: 0.123391 |
2020-07-15 19:46:31,011 - root - INFO - | Epoch: 046/100 | Train Time: 0.115s | Train Loss: 0.118938 |
2020-07-15 19:46:31,126 - root - INFO - | Epoch: 047/100 | Train Time: 0.115s | Train Loss: 0.114572 |
2020-07-15 19:46:31,241 - root - INFO - | Epoch: 048/100 | Train Time: 0.116s | Train Loss: 0.110472 |
2020-07-15 19:46:31,359 - root - INFO - | Epoch: 049/100 | Train Time: 0.118s | Train Loss: 0.106505 |
2020-07-15 19:46:31,476 - root - INFO - | Epoch: 050/100 | Train Time: 0.116s | Train Loss: 0.102415 |
2020-07-15 19:46:31,476 - root - INFO -   LR scheduler: new learning rate is 1e-06
2020-07-15 19:46:31,592 - root - INFO - | Epoch: 051/100 | Train Time: 0.116s | Train Loss: 0.100275 |
2020-07-15 19:46:31,710 - root - INFO - | Epoch: 052/100 | Train Time: 0.117s | Train Loss: 0.099957 |
2020-07-15 19:46:31,820 - root - INFO - | Epoch: 053/100 | Train Time: 0.110s | Train Loss: 0.099591 |
2020-07-15 19:46:31,947 - root - INFO - | Epoch: 054/100 | Train Time: 0.127s | Train Loss: 0.099209 |
2020-07-15 19:46:32,057 - root - INFO - | Epoch: 055/100 | Train Time: 0.109s | Train Loss: 0.098828 |
2020-07-15 19:46:32,167 - root - INFO - | Epoch: 056/100 | Train Time: 0.110s | Train Loss: 0.098459 |
2020-07-15 19:46:32,276 - root - INFO - | Epoch: 057/100 | Train Time: 0.109s | Train Loss: 0.098145 |
2020-07-15 19:46:32,386 - root - INFO - | Epoch: 058/100 | Train Time: 0.110s | Train Loss: 0.097604 |
2020-07-15 19:46:32,498 - root - INFO - | Epoch: 059/100 | Train Time: 0.112s | Train Loss: 0.097339 |
2020-07-15 19:46:32,613 - root - INFO - | Epoch: 060/100 | Train Time: 0.115s | Train Loss: 0.096947 |
2020-07-15 19:46:32,727 - root - INFO - | Epoch: 061/100 | Train Time: 0.113s | Train Loss: 0.096549 |
2020-07-15 19:46:32,859 - root - INFO - | Epoch: 062/100 | Train Time: 0.132s | Train Loss: 0.096035 |
2020-07-15 19:46:32,972 - root - INFO - | Epoch: 063/100 | Train Time: 0.113s | Train Loss: 0.095820 |
2020-07-15 19:46:33,084 - root - INFO - | Epoch: 064/100 | Train Time: 0.112s | Train Loss: 0.095265 |
2020-07-15 19:46:33,196 - root - INFO - | Epoch: 065/100 | Train Time: 0.112s | Train Loss: 0.095060 |
2020-07-15 19:46:33,308 - root - INFO - | Epoch: 066/100 | Train Time: 0.112s | Train Loss: 0.094591 |
2020-07-15 19:46:33,421 - root - INFO - | Epoch: 067/100 | Train Time: 0.114s | Train Loss: 0.094272 |
2020-07-15 19:46:33,565 - root - INFO - | Epoch: 068/100 | Train Time: 0.144s | Train Loss: 0.094018 |
2020-07-15 19:46:33,720 - root - INFO - | Epoch: 069/100 | Train Time: 0.155s | Train Loss: 0.093407 |
2020-07-15 19:46:33,837 - root - INFO - | Epoch: 070/100 | Train Time: 0.118s | Train Loss: 0.093207 |
2020-07-15 19:46:33,954 - root - INFO - | Epoch: 071/100 | Train Time: 0.117s | Train Loss: 0.092802 |
2020-07-15 19:46:34,070 - root - INFO - | Epoch: 072/100 | Train Time: 0.116s | Train Loss: 0.092506 |
2020-07-15 19:46:34,201 - root - INFO - | Epoch: 073/100 | Train Time: 0.131s | Train Loss: 0.092020 |
2020-07-15 19:46:34,326 - root - INFO - | Epoch: 074/100 | Train Time: 0.125s | Train Loss: 0.091683 |
2020-07-15 19:46:34,442 - root - INFO - | Epoch: 075/100 | Train Time: 0.116s | Train Loss: 0.091202 |
2020-07-15 19:46:34,558 - root - INFO - | Epoch: 076/100 | Train Time: 0.116s | Train Loss: 0.090948 |
2020-07-15 19:46:34,674 - root - INFO - | Epoch: 077/100 | Train Time: 0.116s | Train Loss: 0.090533 |
2020-07-15 19:46:34,791 - root - INFO - | Epoch: 078/100 | Train Time: 0.117s | Train Loss: 0.090198 |
2020-07-15 19:46:34,907 - root - INFO - | Epoch: 079/100 | Train Time: 0.116s | Train Loss: 0.089910 |
2020-07-15 19:46:35,023 - root - INFO - | Epoch: 080/100 | Train Time: 0.117s | Train Loss: 0.089420 |
2020-07-15 19:46:35,140 - root - INFO - | Epoch: 081/100 | Train Time: 0.117s | Train Loss: 0.089167 |
2020-07-15 19:46:35,289 - root - INFO - | Epoch: 082/100 | Train Time: 0.149s | Train Loss: 0.088875 |
2020-07-15 19:46:35,436 - root - INFO - | Epoch: 083/100 | Train Time: 0.147s | Train Loss: 0.088497 |
2020-07-15 19:46:35,578 - root - INFO - | Epoch: 084/100 | Train Time: 0.142s | Train Loss: 0.088000 |
2020-07-15 19:46:35,700 - root - INFO - | Epoch: 085/100 | Train Time: 0.122s | Train Loss: 0.087719 |
2020-07-15 19:46:35,832 - root - INFO - | Epoch: 086/100 | Train Time: 0.132s | Train Loss: 0.087232 |
2020-07-15 19:46:35,945 - root - INFO - | Epoch: 087/100 | Train Time: 0.112s | Train Loss: 0.087063 |
2020-07-15 19:46:36,078 - root - INFO - | Epoch: 088/100 | Train Time: 0.133s | Train Loss: 0.086589 |
2020-07-15 19:46:36,190 - root - INFO - | Epoch: 089/100 | Train Time: 0.112s | Train Loss: 0.086281 |
2020-07-15 19:46:36,301 - root - INFO - | Epoch: 090/100 | Train Time: 0.111s | Train Loss: 0.085892 |
2020-07-15 19:46:36,410 - root - INFO - | Epoch: 091/100 | Train Time: 0.109s | Train Loss: 0.085530 |
2020-07-15 19:46:36,518 - root - INFO - | Epoch: 092/100 | Train Time: 0.108s | Train Loss: 0.085117 |
2020-07-15 19:46:36,651 - root - INFO - | Epoch: 093/100 | Train Time: 0.133s | Train Loss: 0.084796 |
2020-07-15 19:46:36,763 - root - INFO - | Epoch: 094/100 | Train Time: 0.112s | Train Loss: 0.084486 |
2020-07-15 19:46:36,872 - root - INFO - | Epoch: 095/100 | Train Time: 0.109s | Train Loss: 0.084088 |
2020-07-15 19:46:36,981 - root - INFO - | Epoch: 096/100 | Train Time: 0.109s | Train Loss: 0.083683 |
2020-07-15 19:46:37,093 - root - INFO - | Epoch: 097/100 | Train Time: 0.112s | Train Loss: 0.083411 |
2020-07-15 19:46:37,220 - root - INFO - | Epoch: 098/100 | Train Time: 0.127s | Train Loss: 0.083071 |
2020-07-15 19:46:37,384 - root - INFO - | Epoch: 099/100 | Train Time: 0.164s | Train Loss: 0.082772 |
2020-07-15 19:46:37,511 - root - INFO - | Epoch: 100/100 | Train Time: 0.127s | Train Loss: 0.082386 |
2020-07-15 19:46:37,511 - root - INFO - Training Time: 11.983s
2020-07-15 19:46:37,511 - root - INFO - Finished training.
2020-07-15 19:46:37,511 - root - INFO - Starting testing...
2020-07-15 19:46:37,522 - root - INFO - Test Time: 0.010s
2020-07-15 19:46:37,522 - root - INFO - Finished testing.
2020-07-15 19:56:18,080 - root - INFO - Hey I am loading net for you!
2020-07-15 19:56:19,741 - root - INFO - Setting hyper-parameters!
2020-07-15 19:56:19,742 - root - INFO - Starting training...
2020-07-15 19:56:19,874 - root - INFO - | Epoch: 001/100 | Train Time: 0.132s | Train Loss: 0.458025 |
2020-07-15 19:56:20,005 - root - INFO - | Epoch: 002/100 | Train Time: 0.131s | Train Loss: 0.449852 |
2020-07-15 19:56:20,116 - root - INFO - | Epoch: 003/100 | Train Time: 0.111s | Train Loss: 0.441799 |
2020-07-15 19:56:20,227 - root - INFO - | Epoch: 004/100 | Train Time: 0.111s | Train Loss: 0.433676 |
2020-07-15 19:56:20,337 - root - INFO - | Epoch: 005/100 | Train Time: 0.110s | Train Loss: 0.425494 |
2020-07-15 19:56:20,447 - root - INFO - | Epoch: 006/100 | Train Time: 0.110s | Train Loss: 0.417247 |
2020-07-15 19:56:20,556 - root - INFO - | Epoch: 007/100 | Train Time: 0.108s | Train Loss: 0.408571 |
2020-07-15 19:56:20,665 - root - INFO - | Epoch: 008/100 | Train Time: 0.110s | Train Loss: 0.400343 |
2020-07-15 19:56:20,815 - root - INFO - | Epoch: 009/100 | Train Time: 0.149s | Train Loss: 0.391573 |
2020-07-15 19:56:20,925 - root - INFO - | Epoch: 010/100 | Train Time: 0.111s | Train Loss: 0.382985 |
2020-07-15 19:56:21,035 - root - INFO - | Epoch: 011/100 | Train Time: 0.109s | Train Loss: 0.374688 |
2020-07-15 19:56:21,143 - root - INFO - | Epoch: 012/100 | Train Time: 0.108s | Train Loss: 0.365303 |
2020-07-15 19:56:21,251 - root - INFO - | Epoch: 013/100 | Train Time: 0.108s | Train Loss: 0.356801 |
2020-07-15 19:56:21,359 - root - INFO - | Epoch: 014/100 | Train Time: 0.107s | Train Loss: 0.347838 |
2020-07-15 19:56:21,470 - root - INFO - | Epoch: 015/100 | Train Time: 0.111s | Train Loss: 0.339254 |
2020-07-15 19:56:21,597 - root - INFO - | Epoch: 016/100 | Train Time: 0.127s | Train Loss: 0.330323 |
2020-07-15 19:56:21,712 - root - INFO - | Epoch: 017/100 | Train Time: 0.115s | Train Loss: 0.321418 |
2020-07-15 19:56:21,821 - root - INFO - | Epoch: 018/100 | Train Time: 0.109s | Train Loss: 0.312650 |
2020-07-15 19:56:21,931 - root - INFO - | Epoch: 019/100 | Train Time: 0.111s | Train Loss: 0.303961 |
2020-07-15 19:56:22,041 - root - INFO - | Epoch: 020/100 | Train Time: 0.110s | Train Loss: 0.295143 |
2020-07-15 19:56:22,176 - root - INFO - | Epoch: 021/100 | Train Time: 0.135s | Train Loss: 0.286473 |
2020-07-15 19:56:22,290 - root - INFO - | Epoch: 022/100 | Train Time: 0.113s | Train Loss: 0.278141 |
2020-07-15 19:56:22,398 - root - INFO - | Epoch: 023/100 | Train Time: 0.108s | Train Loss: 0.269508 |
2020-07-15 19:56:22,507 - root - INFO - | Epoch: 024/100 | Train Time: 0.108s | Train Loss: 0.261002 |
2020-07-15 19:56:22,615 - root - INFO - | Epoch: 025/100 | Train Time: 0.108s | Train Loss: 0.252800 |
2020-07-15 19:56:22,725 - root - INFO - | Epoch: 026/100 | Train Time: 0.110s | Train Loss: 0.244648 |
2020-07-15 19:56:22,837 - root - INFO - | Epoch: 027/100 | Train Time: 0.112s | Train Loss: 0.236612 |
2020-07-15 19:56:22,946 - root - INFO - | Epoch: 028/100 | Train Time: 0.110s | Train Loss: 0.228657 |
2020-07-15 19:56:23,057 - root - INFO - | Epoch: 029/100 | Train Time: 0.110s | Train Loss: 0.221179 |
2020-07-15 19:56:23,166 - root - INFO - | Epoch: 030/100 | Train Time: 0.109s | Train Loss: 0.213589 |
2020-07-15 19:56:23,279 - root - INFO - | Epoch: 031/100 | Train Time: 0.112s | Train Loss: 0.206254 |
2020-07-15 19:56:23,429 - root - INFO - | Epoch: 032/100 | Train Time: 0.150s | Train Loss: 0.198870 |
2020-07-15 19:56:23,538 - root - INFO - | Epoch: 033/100 | Train Time: 0.109s | Train Loss: 0.192098 |
2020-07-15 19:56:23,654 - root - INFO - | Epoch: 034/100 | Train Time: 0.116s | Train Loss: 0.185466 |
2020-07-15 19:56:23,768 - root - INFO - | Epoch: 035/100 | Train Time: 0.114s | Train Loss: 0.178641 |
2020-07-15 19:56:23,881 - root - INFO - | Epoch: 036/100 | Train Time: 0.113s | Train Loss: 0.172085 |
2020-07-15 19:56:23,993 - root - INFO - | Epoch: 037/100 | Train Time: 0.111s | Train Loss: 0.166184 |
2020-07-15 19:56:24,105 - root - INFO - | Epoch: 038/100 | Train Time: 0.112s | Train Loss: 0.160043 |
2020-07-15 19:56:24,248 - root - INFO - | Epoch: 039/100 | Train Time: 0.143s | Train Loss: 0.154287 |
2020-07-15 19:56:24,373 - root - INFO - | Epoch: 040/100 | Train Time: 0.125s | Train Loss: 0.148521 |
2020-07-15 19:56:24,511 - root - INFO - | Epoch: 041/100 | Train Time: 0.138s | Train Loss: 0.143069 |
2020-07-15 19:56:24,651 - root - INFO - | Epoch: 042/100 | Train Time: 0.139s | Train Loss: 0.137917 |
2020-07-15 19:56:24,765 - root - INFO - | Epoch: 043/100 | Train Time: 0.114s | Train Loss: 0.132954 |
2020-07-15 19:56:24,879 - root - INFO - | Epoch: 044/100 | Train Time: 0.114s | Train Loss: 0.128225 |
2020-07-15 19:56:24,991 - root - INFO - | Epoch: 045/100 | Train Time: 0.112s | Train Loss: 0.123391 |
2020-07-15 19:56:25,103 - root - INFO - | Epoch: 046/100 | Train Time: 0.112s | Train Loss: 0.118938 |
2020-07-15 19:56:25,216 - root - INFO - | Epoch: 047/100 | Train Time: 0.112s | Train Loss: 0.114572 |
2020-07-15 19:56:25,328 - root - INFO - | Epoch: 048/100 | Train Time: 0.112s | Train Loss: 0.110472 |
2020-07-15 19:56:25,440 - root - INFO - | Epoch: 049/100 | Train Time: 0.112s | Train Loss: 0.106505 |
2020-07-15 19:56:25,565 - root - INFO - | Epoch: 050/100 | Train Time: 0.125s | Train Loss: 0.102415 |
2020-07-15 19:56:25,565 - root - INFO -   LR scheduler: new learning rate is 1e-06
2020-07-15 19:56:25,685 - root - INFO - | Epoch: 051/100 | Train Time: 0.120s | Train Loss: 0.100275 |
2020-07-15 19:56:25,808 - root - INFO - | Epoch: 052/100 | Train Time: 0.123s | Train Loss: 0.099957 |
2020-07-15 19:56:25,934 - root - INFO - | Epoch: 053/100 | Train Time: 0.126s | Train Loss: 0.099591 |
2020-07-15 19:56:26,062 - root - INFO - | Epoch: 054/100 | Train Time: 0.128s | Train Loss: 0.099209 |
2020-07-15 19:56:26,187 - root - INFO - | Epoch: 055/100 | Train Time: 0.124s | Train Loss: 0.098828 |
2020-07-15 19:56:26,300 - root - INFO - | Epoch: 056/100 | Train Time: 0.114s | Train Loss: 0.098459 |
2020-07-15 19:56:26,433 - root - INFO - | Epoch: 057/100 | Train Time: 0.133s | Train Loss: 0.098145 |
2020-07-15 19:56:26,549 - root - INFO - | Epoch: 058/100 | Train Time: 0.115s | Train Loss: 0.097604 |
2020-07-15 19:56:26,675 - root - INFO - | Epoch: 059/100 | Train Time: 0.127s | Train Loss: 0.097339 |
2020-07-15 19:56:26,788 - root - INFO - | Epoch: 060/100 | Train Time: 0.113s | Train Loss: 0.096947 |
2020-07-15 19:56:26,903 - root - INFO - | Epoch: 061/100 | Train Time: 0.115s | Train Loss: 0.096549 |
2020-07-15 19:56:27,037 - root - INFO - | Epoch: 062/100 | Train Time: 0.134s | Train Loss: 0.096035 |
2020-07-15 19:56:27,151 - root - INFO - | Epoch: 063/100 | Train Time: 0.113s | Train Loss: 0.095820 |
2020-07-15 19:56:27,266 - root - INFO - | Epoch: 064/100 | Train Time: 0.115s | Train Loss: 0.095265 |
2020-07-15 19:56:27,381 - root - INFO - | Epoch: 065/100 | Train Time: 0.115s | Train Loss: 0.095060 |
2020-07-15 19:56:27,499 - root - INFO - | Epoch: 066/100 | Train Time: 0.119s | Train Loss: 0.094591 |
2020-07-15 19:56:27,618 - root - INFO - | Epoch: 067/100 | Train Time: 0.119s | Train Loss: 0.094272 |
2020-07-15 19:56:27,732 - root - INFO - | Epoch: 068/100 | Train Time: 0.114s | Train Loss: 0.094018 |
2020-07-15 19:56:27,846 - root - INFO - | Epoch: 069/100 | Train Time: 0.114s | Train Loss: 0.093407 |
2020-07-15 19:56:27,960 - root - INFO - | Epoch: 070/100 | Train Time: 0.114s | Train Loss: 0.093207 |
2020-07-15 19:56:28,082 - root - INFO - | Epoch: 071/100 | Train Time: 0.122s | Train Loss: 0.092802 |
2020-07-15 19:56:28,226 - root - INFO - | Epoch: 072/100 | Train Time: 0.144s | Train Loss: 0.092506 |
2020-07-15 19:56:28,348 - root - INFO - | Epoch: 073/100 | Train Time: 0.122s | Train Loss: 0.092020 |
2020-07-15 19:56:28,464 - root - INFO - | Epoch: 074/100 | Train Time: 0.116s | Train Loss: 0.091683 |
2020-07-15 19:56:28,583 - root - INFO - | Epoch: 075/100 | Train Time: 0.119s | Train Loss: 0.091202 |
2020-07-15 19:56:28,701 - root - INFO - | Epoch: 076/100 | Train Time: 0.117s | Train Loss: 0.090948 |
2020-07-15 19:56:28,817 - root - INFO - | Epoch: 077/100 | Train Time: 0.117s | Train Loss: 0.090533 |
2020-07-15 19:56:28,957 - root - INFO - | Epoch: 078/100 | Train Time: 0.140s | Train Loss: 0.090198 |
2020-07-15 19:56:29,077 - root - INFO - | Epoch: 079/100 | Train Time: 0.120s | Train Loss: 0.089910 |
2020-07-15 19:56:29,195 - root - INFO - | Epoch: 080/100 | Train Time: 0.117s | Train Loss: 0.089420 |
2020-07-15 19:56:29,311 - root - INFO - | Epoch: 081/100 | Train Time: 0.116s | Train Loss: 0.089167 |
2020-07-15 19:56:29,427 - root - INFO - | Epoch: 082/100 | Train Time: 0.116s | Train Loss: 0.088875 |
2020-07-15 19:56:29,544 - root - INFO - | Epoch: 083/100 | Train Time: 0.117s | Train Loss: 0.088497 |
2020-07-15 19:56:29,662 - root - INFO - | Epoch: 084/100 | Train Time: 0.118s | Train Loss: 0.088000 |
2020-07-15 19:56:29,798 - root - INFO - | Epoch: 085/100 | Train Time: 0.136s | Train Loss: 0.087719 |
2020-07-15 19:56:29,933 - root - INFO - | Epoch: 086/100 | Train Time: 0.134s | Train Loss: 0.087232 |
2020-07-15 19:56:30,048 - root - INFO - | Epoch: 087/100 | Train Time: 0.115s | Train Loss: 0.087063 |
2020-07-15 19:56:30,164 - root - INFO - | Epoch: 088/100 | Train Time: 0.116s | Train Loss: 0.086589 |
2020-07-15 19:56:30,286 - root - INFO - | Epoch: 089/100 | Train Time: 0.121s | Train Loss: 0.086281 |
2020-07-15 19:56:30,411 - root - INFO - | Epoch: 090/100 | Train Time: 0.125s | Train Loss: 0.085892 |
2020-07-15 19:56:30,526 - root - INFO - | Epoch: 091/100 | Train Time: 0.115s | Train Loss: 0.085530 |
2020-07-15 19:56:30,663 - root - INFO - | Epoch: 092/100 | Train Time: 0.137s | Train Loss: 0.085117 |
2020-07-15 19:56:30,819 - root - INFO - | Epoch: 093/100 | Train Time: 0.155s | Train Loss: 0.084796 |
2020-07-15 19:56:30,939 - root - INFO - | Epoch: 094/100 | Train Time: 0.121s | Train Loss: 0.084486 |
2020-07-15 19:56:31,051 - root - INFO - | Epoch: 095/100 | Train Time: 0.112s | Train Loss: 0.084088 |
2020-07-15 19:56:31,152 - root - INFO - | Epoch: 096/100 | Train Time: 0.101s | Train Loss: 0.083683 |
2020-07-15 19:56:31,245 - root - INFO - | Epoch: 097/100 | Train Time: 0.093s | Train Loss: 0.083411 |
2020-07-15 19:56:31,339 - root - INFO - | Epoch: 098/100 | Train Time: 0.094s | Train Loss: 0.083071 |
2020-07-15 19:56:31,435 - root - INFO - | Epoch: 099/100 | Train Time: 0.096s | Train Loss: 0.082772 |
2020-07-15 19:56:31,549 - root - INFO - | Epoch: 100/100 | Train Time: 0.114s | Train Loss: 0.082386 |
2020-07-15 19:56:31,549 - root - INFO - Training Time: 11.807s
2020-07-15 19:56:31,549 - root - INFO - Finished training.
2020-07-15 19:56:31,550 - root - INFO - Starting testing...
2020-07-15 19:56:31,560 - root - INFO - Test Time: 0.010s
2020-07-15 19:56:31,560 - root - INFO - Finished testing.
2020-07-15 19:58:34,784 - root - INFO - Hey I am loading net for you!
2020-07-15 19:58:36,440 - root - INFO - Setting hyper-parameters!
2020-07-15 19:58:36,441 - root - INFO - Starting training...
2020-07-15 19:58:36,555 - root - INFO - | Epoch: 001/100 | Train Time: 0.114s | Train Loss: 0.458025 |
2020-07-15 19:58:36,671 - root - INFO - | Epoch: 002/100 | Train Time: 0.116s | Train Loss: 0.449852 |
2020-07-15 19:58:36,809 - root - INFO - | Epoch: 003/100 | Train Time: 0.138s | Train Loss: 0.441799 |
2020-07-15 19:58:36,946 - root - INFO - | Epoch: 004/100 | Train Time: 0.137s | Train Loss: 0.433676 |
2020-07-15 19:58:37,061 - root - INFO - | Epoch: 005/100 | Train Time: 0.114s | Train Loss: 0.425494 |
2020-07-15 19:58:37,173 - root - INFO - | Epoch: 006/100 | Train Time: 0.113s | Train Loss: 0.417247 |
2020-07-15 19:58:37,303 - root - INFO - | Epoch: 007/100 | Train Time: 0.129s | Train Loss: 0.408571 |
2020-07-15 19:58:37,421 - root - INFO - | Epoch: 008/100 | Train Time: 0.118s | Train Loss: 0.400343 |
2020-07-15 19:58:37,552 - root - INFO - | Epoch: 009/100 | Train Time: 0.131s | Train Loss: 0.391573 |
2020-07-15 19:58:37,681 - root - INFO - | Epoch: 010/100 | Train Time: 0.128s | Train Loss: 0.382985 |
2020-07-15 19:58:37,805 - root - INFO - | Epoch: 011/100 | Train Time: 0.124s | Train Loss: 0.374688 |
2020-07-15 19:58:37,936 - root - INFO - | Epoch: 012/100 | Train Time: 0.131s | Train Loss: 0.365303 |
2020-07-15 19:58:38,049 - root - INFO - | Epoch: 013/100 | Train Time: 0.113s | Train Loss: 0.356801 |
2020-07-15 19:58:38,161 - root - INFO - | Epoch: 014/100 | Train Time: 0.112s | Train Loss: 0.347838 |
2020-07-15 19:58:38,275 - root - INFO - | Epoch: 015/100 | Train Time: 0.114s | Train Loss: 0.339254 |
2020-07-15 19:58:38,389 - root - INFO - | Epoch: 016/100 | Train Time: 0.114s | Train Loss: 0.330323 |
2020-07-15 19:58:38,500 - root - INFO - | Epoch: 017/100 | Train Time: 0.111s | Train Loss: 0.321418 |
2020-07-15 19:58:38,608 - root - INFO - | Epoch: 018/100 | Train Time: 0.108s | Train Loss: 0.312650 |
2020-07-15 19:58:38,719 - root - INFO - | Epoch: 019/100 | Train Time: 0.111s | Train Loss: 0.303961 |
2020-07-15 19:58:38,831 - root - INFO - | Epoch: 020/100 | Train Time: 0.112s | Train Loss: 0.295143 |
2020-07-15 19:58:38,940 - root - INFO - | Epoch: 021/100 | Train Time: 0.109s | Train Loss: 0.286473 |
2020-07-15 19:58:39,049 - root - INFO - | Epoch: 022/100 | Train Time: 0.109s | Train Loss: 0.278141 |
2020-07-15 19:58:39,158 - root - INFO - | Epoch: 023/100 | Train Time: 0.109s | Train Loss: 0.269508 |
2020-07-15 19:58:39,267 - root - INFO - | Epoch: 024/100 | Train Time: 0.109s | Train Loss: 0.261002 |
2020-07-15 19:58:39,376 - root - INFO - | Epoch: 025/100 | Train Time: 0.109s | Train Loss: 0.252800 |
2020-07-15 19:58:39,486 - root - INFO - | Epoch: 026/100 | Train Time: 0.110s | Train Loss: 0.244648 |
2020-07-15 19:58:39,595 - root - INFO - | Epoch: 027/100 | Train Time: 0.109s | Train Loss: 0.236612 |
2020-07-15 19:58:39,703 - root - INFO - | Epoch: 028/100 | Train Time: 0.108s | Train Loss: 0.228657 |
2020-07-15 19:58:39,812 - root - INFO - | Epoch: 029/100 | Train Time: 0.110s | Train Loss: 0.221179 |
2020-07-15 19:58:39,945 - root - INFO - | Epoch: 030/100 | Train Time: 0.132s | Train Loss: 0.213589 |
2020-07-15 19:58:40,054 - root - INFO - | Epoch: 031/100 | Train Time: 0.109s | Train Loss: 0.206254 |
2020-07-15 19:58:40,164 - root - INFO - | Epoch: 032/100 | Train Time: 0.109s | Train Loss: 0.198870 |
2020-07-15 19:58:40,271 - root - INFO - | Epoch: 033/100 | Train Time: 0.107s | Train Loss: 0.192098 |
2020-07-15 19:58:40,378 - root - INFO - | Epoch: 034/100 | Train Time: 0.107s | Train Loss: 0.185466 |
2020-07-15 19:58:40,486 - root - INFO - | Epoch: 035/100 | Train Time: 0.108s | Train Loss: 0.178641 |
2020-07-15 19:58:40,595 - root - INFO - | Epoch: 036/100 | Train Time: 0.109s | Train Loss: 0.172085 |
2020-07-15 19:58:40,705 - root - INFO - | Epoch: 037/100 | Train Time: 0.110s | Train Loss: 0.166184 |
2020-07-15 19:58:40,813 - root - INFO - | Epoch: 038/100 | Train Time: 0.108s | Train Loss: 0.160043 |
2020-07-15 19:58:40,924 - root - INFO - | Epoch: 039/100 | Train Time: 0.111s | Train Loss: 0.154287 |
2020-07-15 19:58:41,034 - root - INFO - | Epoch: 040/100 | Train Time: 0.110s | Train Loss: 0.148521 |
2020-07-15 19:58:41,145 - root - INFO - | Epoch: 041/100 | Train Time: 0.111s | Train Loss: 0.143069 |
2020-07-15 19:58:41,254 - root - INFO - | Epoch: 042/100 | Train Time: 0.109s | Train Loss: 0.137917 |
2020-07-15 19:58:41,365 - root - INFO - | Epoch: 043/100 | Train Time: 0.111s | Train Loss: 0.132954 |
2020-07-15 19:58:41,475 - root - INFO - | Epoch: 044/100 | Train Time: 0.110s | Train Loss: 0.128225 |
2020-07-15 19:58:41,587 - root - INFO - | Epoch: 045/100 | Train Time: 0.112s | Train Loss: 0.123391 |
2020-07-15 19:58:41,698 - root - INFO - | Epoch: 046/100 | Train Time: 0.111s | Train Loss: 0.118938 |
2020-07-15 19:58:41,811 - root - INFO - | Epoch: 047/100 | Train Time: 0.113s | Train Loss: 0.114572 |
2020-07-15 19:58:41,924 - root - INFO - | Epoch: 048/100 | Train Time: 0.113s | Train Loss: 0.110472 |
2020-07-15 19:58:42,032 - root - INFO - | Epoch: 049/100 | Train Time: 0.108s | Train Loss: 0.106505 |
2020-07-15 19:58:42,142 - root - INFO - | Epoch: 050/100 | Train Time: 0.110s | Train Loss: 0.102415 |
2020-07-15 19:58:42,143 - root - INFO -   LR scheduler: new learning rate is 1e-06
2020-07-15 19:58:42,254 - root - INFO - | Epoch: 051/100 | Train Time: 0.111s | Train Loss: 0.100275 |
2020-07-15 19:58:42,363 - root - INFO - | Epoch: 052/100 | Train Time: 0.109s | Train Loss: 0.099957 |
2020-07-15 19:58:42,472 - root - INFO - | Epoch: 053/100 | Train Time: 0.109s | Train Loss: 0.099591 |
2020-07-15 19:58:42,579 - root - INFO - | Epoch: 054/100 | Train Time: 0.107s | Train Loss: 0.099209 |
2020-07-15 19:58:42,686 - root - INFO - | Epoch: 055/100 | Train Time: 0.107s | Train Loss: 0.098828 |
2020-07-15 19:58:42,817 - root - INFO - | Epoch: 056/100 | Train Time: 0.131s | Train Loss: 0.098459 |
2020-07-15 19:58:42,927 - root - INFO - | Epoch: 057/100 | Train Time: 0.110s | Train Loss: 0.098145 |
2020-07-15 19:58:43,037 - root - INFO - | Epoch: 058/100 | Train Time: 0.110s | Train Loss: 0.097604 |
2020-07-15 19:58:43,149 - root - INFO - | Epoch: 059/100 | Train Time: 0.112s | Train Loss: 0.097339 |
2020-07-15 19:58:43,262 - root - INFO - | Epoch: 060/100 | Train Time: 0.112s | Train Loss: 0.096947 |
2020-07-15 19:58:43,375 - root - INFO - | Epoch: 061/100 | Train Time: 0.113s | Train Loss: 0.096549 |
2020-07-15 19:58:43,488 - root - INFO - | Epoch: 062/100 | Train Time: 0.113s | Train Loss: 0.096035 |
2020-07-15 19:58:43,599 - root - INFO - | Epoch: 063/100 | Train Time: 0.111s | Train Loss: 0.095820 |
2020-07-15 19:58:43,711 - root - INFO - | Epoch: 064/100 | Train Time: 0.112s | Train Loss: 0.095265 |
2020-07-15 19:58:43,822 - root - INFO - | Epoch: 065/100 | Train Time: 0.110s | Train Loss: 0.095060 |
2020-07-15 19:58:43,934 - root - INFO - | Epoch: 066/100 | Train Time: 0.112s | Train Loss: 0.094591 |
2020-07-15 19:58:44,048 - root - INFO - | Epoch: 067/100 | Train Time: 0.114s | Train Loss: 0.094272 |
2020-07-15 19:58:44,162 - root - INFO - | Epoch: 068/100 | Train Time: 0.114s | Train Loss: 0.094018 |
2020-07-15 19:58:44,276 - root - INFO - | Epoch: 069/100 | Train Time: 0.114s | Train Loss: 0.093407 |
2020-07-15 19:58:44,410 - root - INFO - | Epoch: 070/100 | Train Time: 0.134s | Train Loss: 0.093207 |
2020-07-15 19:58:44,524 - root - INFO - | Epoch: 071/100 | Train Time: 0.113s | Train Loss: 0.092802 |
2020-07-15 19:58:44,638 - root - INFO - | Epoch: 072/100 | Train Time: 0.114s | Train Loss: 0.092506 |
2020-07-15 19:58:44,751 - root - INFO - | Epoch: 073/100 | Train Time: 0.113s | Train Loss: 0.092020 |
2020-07-15 19:58:44,866 - root - INFO - | Epoch: 074/100 | Train Time: 0.115s | Train Loss: 0.091683 |
2020-07-15 19:58:44,979 - root - INFO - | Epoch: 075/100 | Train Time: 0.113s | Train Loss: 0.091202 |
2020-07-15 19:58:45,091 - root - INFO - | Epoch: 076/100 | Train Time: 0.112s | Train Loss: 0.090948 |
2020-07-15 19:58:45,227 - root - INFO - | Epoch: 077/100 | Train Time: 0.135s | Train Loss: 0.090533 |
2020-07-15 19:58:45,343 - root - INFO - | Epoch: 078/100 | Train Time: 0.116s | Train Loss: 0.090198 |
2020-07-15 19:58:45,458 - root - INFO - | Epoch: 079/100 | Train Time: 0.115s | Train Loss: 0.089910 |
2020-07-15 19:58:45,571 - root - INFO - | Epoch: 080/100 | Train Time: 0.113s | Train Loss: 0.089420 |
2020-07-15 19:58:45,683 - root - INFO - | Epoch: 081/100 | Train Time: 0.112s | Train Loss: 0.089167 |
2020-07-15 19:58:45,798 - root - INFO - | Epoch: 082/100 | Train Time: 0.115s | Train Loss: 0.088875 |
2020-07-15 19:58:45,912 - root - INFO - | Epoch: 083/100 | Train Time: 0.114s | Train Loss: 0.088497 |
2020-07-15 19:58:46,025 - root - INFO - | Epoch: 084/100 | Train Time: 0.113s | Train Loss: 0.088000 |
2020-07-15 19:58:46,161 - root - INFO - | Epoch: 085/100 | Train Time: 0.136s | Train Loss: 0.087719 |
2020-07-15 19:58:46,292 - root - INFO - | Epoch: 086/100 | Train Time: 0.131s | Train Loss: 0.087232 |
2020-07-15 19:58:46,410 - root - INFO - | Epoch: 087/100 | Train Time: 0.117s | Train Loss: 0.087063 |
2020-07-15 19:58:46,524 - root - INFO - | Epoch: 088/100 | Train Time: 0.114s | Train Loss: 0.086589 |
2020-07-15 19:58:46,647 - root - INFO - | Epoch: 089/100 | Train Time: 0.123s | Train Loss: 0.086281 |
2020-07-15 19:58:46,771 - root - INFO - | Epoch: 090/100 | Train Time: 0.124s | Train Loss: 0.085892 |
2020-07-15 19:58:46,884 - root - INFO - | Epoch: 091/100 | Train Time: 0.112s | Train Loss: 0.085530 |
2020-07-15 19:58:47,014 - root - INFO - | Epoch: 092/100 | Train Time: 0.130s | Train Loss: 0.085117 |
2020-07-15 19:58:47,158 - root - INFO - | Epoch: 093/100 | Train Time: 0.144s | Train Loss: 0.084796 |
2020-07-15 19:58:47,291 - root - INFO - | Epoch: 094/100 | Train Time: 0.132s | Train Loss: 0.084486 |
2020-07-15 19:58:47,430 - root - INFO - | Epoch: 095/100 | Train Time: 0.139s | Train Loss: 0.084088 |
2020-07-15 19:58:47,544 - root - INFO - | Epoch: 096/100 | Train Time: 0.114s | Train Loss: 0.083683 |
2020-07-15 19:58:47,659 - root - INFO - | Epoch: 097/100 | Train Time: 0.114s | Train Loss: 0.083411 |
2020-07-15 19:58:47,771 - root - INFO - | Epoch: 098/100 | Train Time: 0.113s | Train Loss: 0.083071 |
2020-07-15 19:58:47,885 - root - INFO - | Epoch: 099/100 | Train Time: 0.114s | Train Loss: 0.082772 |
2020-07-15 19:58:48,000 - root - INFO - | Epoch: 100/100 | Train Time: 0.115s | Train Loss: 0.082386 |
2020-07-15 19:58:48,000 - root - INFO - Training Time: 11.559s
2020-07-15 19:58:48,000 - root - INFO - Finished training.
2020-07-15 19:58:48,000 - root - INFO - Starting testing...
2020-07-15 19:58:48,011 - root - INFO - Test Time: 0.011s
2020-07-15 19:58:48,011 - root - INFO - Finished testing.
