2020-08-17 00:09:17,937 - root - INFO - I am pre-training for you.
2020-08-17 00:09:19,956 - root - INFO - | Epoch: 001/100 | Train Time: 0.160s | Train Loss: 7267.791572 |
2020-08-17 00:09:20,124 - root - INFO - | Epoch: 002/100 | Train Time: 0.167s | Train Loss: 7242.135607 |
2020-08-17 00:09:20,292 - root - INFO - | Epoch: 003/100 | Train Time: 0.169s | Train Loss: 7230.961561 |
2020-08-17 00:09:20,462 - root - INFO - | Epoch: 004/100 | Train Time: 0.169s | Train Loss: 7218.278727 |
2020-08-17 00:09:20,631 - root - INFO - | Epoch: 005/100 | Train Time: 0.169s | Train Loss: 7211.922119 |
2020-08-17 00:09:20,800 - root - INFO - | Epoch: 006/100 | Train Time: 0.169s | Train Loss: 7208.569255 |
2020-08-17 00:09:20,969 - root - INFO - | Epoch: 007/100 | Train Time: 0.169s | Train Loss: 7203.895494 |
2020-08-17 00:09:21,138 - root - INFO - | Epoch: 008/100 | Train Time: 0.169s | Train Loss: 7199.529500 |
2020-08-17 00:09:21,308 - root - INFO - | Epoch: 009/100 | Train Time: 0.169s | Train Loss: 7197.249891 |
2020-08-17 00:09:21,475 - root - INFO - | Epoch: 010/100 | Train Time: 0.167s | Train Loss: 7196.935520 |
2020-08-17 00:09:21,645 - root - INFO - | Epoch: 011/100 | Train Time: 0.170s | Train Loss: 7196.275336 |
2020-08-17 00:09:21,815 - root - INFO - | Epoch: 012/100 | Train Time: 0.170s | Train Loss: 7194.252007 |
2020-08-17 00:09:21,983 - root - INFO - | Epoch: 013/100 | Train Time: 0.168s | Train Loss: 7196.663669 |
2020-08-17 00:09:22,152 - root - INFO - | Epoch: 014/100 | Train Time: 0.169s | Train Loss: 7195.577474 |
2020-08-17 00:09:22,321 - root - INFO - | Epoch: 015/100 | Train Time: 0.168s | Train Loss: 7199.979357 |
2020-08-17 00:09:22,490 - root - INFO - | Epoch: 016/100 | Train Time: 0.169s | Train Loss: 7195.345418 |
2020-08-17 00:09:22,658 - root - INFO - | Epoch: 017/100 | Train Time: 0.168s | Train Loss: 7190.915527 |
2020-08-17 00:09:22,828 - root - INFO - | Epoch: 018/100 | Train Time: 0.169s | Train Loss: 7194.983371 |
2020-08-17 00:09:22,998 - root - INFO - | Epoch: 019/100 | Train Time: 0.170s | Train Loss: 7193.601427 |
2020-08-17 00:09:23,167 - root - INFO - | Epoch: 020/100 | Train Time: 0.169s | Train Loss: 7190.628594 |
2020-08-17 00:09:23,338 - root - INFO - | Epoch: 021/100 | Train Time: 0.170s | Train Loss: 7187.518188 |
2020-08-17 00:09:23,508 - root - INFO - | Epoch: 022/100 | Train Time: 0.170s | Train Loss: 7195.116347 |
2020-08-17 00:09:23,681 - root - INFO - | Epoch: 023/100 | Train Time: 0.173s | Train Loss: 7192.754503 |
2020-08-17 00:09:23,853 - root - INFO - | Epoch: 024/100 | Train Time: 0.172s | Train Loss: 7192.361586 |
2020-08-17 00:09:24,023 - root - INFO - | Epoch: 025/100 | Train Time: 0.170s | Train Loss: 7192.981147 |
2020-08-17 00:09:24,196 - root - INFO - | Epoch: 026/100 | Train Time: 0.173s | Train Loss: 7192.271986 |
2020-08-17 00:09:24,370 - root - INFO - | Epoch: 027/100 | Train Time: 0.174s | Train Loss: 7190.393256 |
2020-08-17 00:09:24,541 - root - INFO - | Epoch: 028/100 | Train Time: 0.171s | Train Loss: 7195.024170 |
2020-08-17 00:09:24,716 - root - INFO - | Epoch: 029/100 | Train Time: 0.174s | Train Loss: 7195.687798 |
2020-08-17 00:09:24,886 - root - INFO - | Epoch: 030/100 | Train Time: 0.170s | Train Loss: 7189.886556 |
2020-08-17 00:09:25,052 - root - INFO - | Epoch: 031/100 | Train Time: 0.165s | Train Loss: 7192.685696 |
2020-08-17 00:09:25,226 - root - INFO - | Epoch: 032/100 | Train Time: 0.174s | Train Loss: 7191.579210 |
2020-08-17 00:09:25,392 - root - INFO - | Epoch: 033/100 | Train Time: 0.166s | Train Loss: 7188.108873 |
2020-08-17 00:09:25,560 - root - INFO - | Epoch: 034/100 | Train Time: 0.167s | Train Loss: 7193.734266 |
2020-08-17 00:09:25,731 - root - INFO - | Epoch: 035/100 | Train Time: 0.171s | Train Loss: 7190.962131 |
2020-08-17 00:09:25,896 - root - INFO - | Epoch: 036/100 | Train Time: 0.164s | Train Loss: 7191.999485 |
2020-08-17 00:09:26,062 - root - INFO - | Epoch: 037/100 | Train Time: 0.166s | Train Loss: 7197.021484 |
2020-08-17 00:09:26,228 - root - INFO - | Epoch: 038/100 | Train Time: 0.166s | Train Loss: 7189.706529 |
2020-08-17 00:09:26,392 - root - INFO - | Epoch: 039/100 | Train Time: 0.164s | Train Loss: 7190.873969 |
2020-08-17 00:09:26,564 - root - INFO - | Epoch: 040/100 | Train Time: 0.172s | Train Loss: 7195.981649 |
2020-08-17 00:09:26,736 - root - INFO - | Epoch: 041/100 | Train Time: 0.172s | Train Loss: 7193.784370 |
2020-08-17 00:09:26,905 - root - INFO - | Epoch: 042/100 | Train Time: 0.169s | Train Loss: 7191.199409 |
2020-08-17 00:09:27,074 - root - INFO - | Epoch: 043/100 | Train Time: 0.168s | Train Loss: 7194.179226 |
2020-08-17 00:09:27,244 - root - INFO - | Epoch: 044/100 | Train Time: 0.170s | Train Loss: 7195.617160 |
2020-08-17 00:09:27,413 - root - INFO - | Epoch: 045/100 | Train Time: 0.169s | Train Loss: 7187.052856 |
2020-08-17 00:09:27,583 - root - INFO - | Epoch: 046/100 | Train Time: 0.171s | Train Loss: 7190.736165 |
2020-08-17 00:09:27,757 - root - INFO - | Epoch: 047/100 | Train Time: 0.173s | Train Loss: 7193.265327 |
2020-08-17 00:09:27,929 - root - INFO - | Epoch: 048/100 | Train Time: 0.172s | Train Loss: 7194.048028 |
2020-08-17 00:09:28,105 - root - INFO - | Epoch: 049/100 | Train Time: 0.176s | Train Loss: 7197.046509 |
2020-08-17 00:09:28,280 - root - INFO - | Epoch: 050/100 | Train Time: 0.175s | Train Loss: 7192.858168 |
2020-08-17 00:09:28,280 - root - INFO -   LR scheduler: new learning rate is 0.0001
2020-08-17 00:09:28,457 - root - INFO - | Epoch: 051/100 | Train Time: 0.177s | Train Loss: 7193.303765 |
2020-08-17 00:09:28,631 - root - INFO - | Epoch: 052/100 | Train Time: 0.174s | Train Loss: 7192.292494 |
2020-08-17 00:09:28,802 - root - INFO - | Epoch: 053/100 | Train Time: 0.171s | Train Loss: 7195.051500 |
2020-08-17 00:09:28,975 - root - INFO - | Epoch: 054/100 | Train Time: 0.172s | Train Loss: 7197.030545 |
2020-08-17 00:09:29,147 - root - INFO - | Epoch: 055/100 | Train Time: 0.172s | Train Loss: 7193.713298 |
2020-08-17 00:09:29,319 - root - INFO - | Epoch: 056/100 | Train Time: 0.171s | Train Loss: 7195.680678 |
2020-08-17 00:09:29,490 - root - INFO - | Epoch: 057/100 | Train Time: 0.171s | Train Loss: 7191.189629 |
2020-08-17 00:09:29,664 - root - INFO - | Epoch: 058/100 | Train Time: 0.174s | Train Loss: 7190.059326 |
2020-08-17 00:09:29,837 - root - INFO - | Epoch: 059/100 | Train Time: 0.172s | Train Loss: 7192.840698 |
2020-08-17 00:09:30,010 - root - INFO - | Epoch: 060/100 | Train Time: 0.174s | Train Loss: 7191.110067 |
2020-08-17 00:09:30,181 - root - INFO - | Epoch: 061/100 | Train Time: 0.171s | Train Loss: 7192.800836 |
2020-08-17 00:09:30,353 - root - INFO - | Epoch: 062/100 | Train Time: 0.172s | Train Loss: 7196.311863 |
2020-08-17 00:09:30,527 - root - INFO - | Epoch: 063/100 | Train Time: 0.173s | Train Loss: 7195.614353 |
2020-08-17 00:09:30,697 - root - INFO - | Epoch: 064/100 | Train Time: 0.170s | Train Loss: 7194.319282 |
2020-08-17 00:09:30,870 - root - INFO - | Epoch: 065/100 | Train Time: 0.173s | Train Loss: 7191.301473 |
2020-08-17 00:09:31,042 - root - INFO - | Epoch: 066/100 | Train Time: 0.172s | Train Loss: 7188.001655 |
2020-08-17 00:09:31,213 - root - INFO - | Epoch: 067/100 | Train Time: 0.170s | Train Loss: 7193.463623 |
2020-08-17 00:09:31,386 - root - INFO - | Epoch: 068/100 | Train Time: 0.173s | Train Loss: 7194.354804 |
2020-08-17 00:09:31,558 - root - INFO - | Epoch: 069/100 | Train Time: 0.173s | Train Loss: 7194.510607 |
2020-08-17 00:09:31,730 - root - INFO - | Epoch: 070/100 | Train Time: 0.171s | Train Loss: 7193.152751 |
2020-08-17 00:09:31,904 - root - INFO - | Epoch: 071/100 | Train Time: 0.174s | Train Loss: 7194.406101 |
2020-08-17 00:09:32,077 - root - INFO - | Epoch: 072/100 | Train Time: 0.173s | Train Loss: 7192.486572 |
2020-08-17 00:09:32,250 - root - INFO - | Epoch: 073/100 | Train Time: 0.173s | Train Loss: 7186.858792 |
2020-08-17 00:09:32,424 - root - INFO - | Epoch: 074/100 | Train Time: 0.174s | Train Loss: 7198.364163 |
2020-08-17 00:09:32,596 - root - INFO - | Epoch: 075/100 | Train Time: 0.172s | Train Loss: 7192.279012 |
2020-08-17 00:09:32,769 - root - INFO - | Epoch: 076/100 | Train Time: 0.173s | Train Loss: 7187.100423 |
2020-08-17 00:09:32,941 - root - INFO - | Epoch: 077/100 | Train Time: 0.172s | Train Loss: 7195.103719 |
2020-08-17 00:09:33,112 - root - INFO - | Epoch: 078/100 | Train Time: 0.171s | Train Loss: 7191.768907 |
2020-08-17 00:09:33,285 - root - INFO - | Epoch: 079/100 | Train Time: 0.172s | Train Loss: 7192.709730 |
2020-08-17 00:09:33,457 - root - INFO - | Epoch: 080/100 | Train Time: 0.172s | Train Loss: 7191.932142 |
2020-08-17 00:09:33,629 - root - INFO - | Epoch: 081/100 | Train Time: 0.172s | Train Loss: 7187.716905 |
2020-08-17 00:09:33,802 - root - INFO - | Epoch: 082/100 | Train Time: 0.173s | Train Loss: 7195.796048 |
2020-08-17 00:09:33,976 - root - INFO - | Epoch: 083/100 | Train Time: 0.174s | Train Loss: 7196.604818 |
2020-08-17 00:09:34,147 - root - INFO - | Epoch: 084/100 | Train Time: 0.171s | Train Loss: 7192.755276 |
2020-08-17 00:09:34,318 - root - INFO - | Epoch: 085/100 | Train Time: 0.171s | Train Loss: 7191.421265 |
2020-08-17 00:09:34,491 - root - INFO - | Epoch: 086/100 | Train Time: 0.173s | Train Loss: 7191.749254 |
2020-08-17 00:09:34,663 - root - INFO - | Epoch: 087/100 | Train Time: 0.171s | Train Loss: 7191.661797 |
2020-08-17 00:09:34,834 - root - INFO - | Epoch: 088/100 | Train Time: 0.172s | Train Loss: 7187.781806 |
2020-08-17 00:09:35,007 - root - INFO - | Epoch: 089/100 | Train Time: 0.172s | Train Loss: 7191.184245 |
2020-08-17 00:09:35,178 - root - INFO - | Epoch: 090/100 | Train Time: 0.171s | Train Loss: 7187.410577 |
2020-08-17 00:09:35,351 - root - INFO - | Epoch: 091/100 | Train Time: 0.173s | Train Loss: 7194.183757 |
2020-08-17 00:09:35,523 - root - INFO - | Epoch: 092/100 | Train Time: 0.171s | Train Loss: 7191.484701 |
2020-08-17 00:09:35,696 - root - INFO - | Epoch: 093/100 | Train Time: 0.173s | Train Loss: 7190.322388 |
2020-08-17 00:09:35,869 - root - INFO - | Epoch: 094/100 | Train Time: 0.173s | Train Loss: 7190.246175 |
2020-08-17 00:09:36,042 - root - INFO - | Epoch: 095/100 | Train Time: 0.173s | Train Loss: 7191.716607 |
2020-08-17 00:09:36,215 - root - INFO - | Epoch: 096/100 | Train Time: 0.173s | Train Loss: 7192.374824 |
2020-08-17 00:09:36,390 - root - INFO - | Epoch: 097/100 | Train Time: 0.175s | Train Loss: 7186.198174 |
2020-08-17 00:09:36,562 - root - INFO - | Epoch: 098/100 | Train Time: 0.172s | Train Loss: 7189.671427 |
2020-08-17 00:09:36,735 - root - INFO - | Epoch: 099/100 | Train Time: 0.172s | Train Loss: 7192.057305 |
2020-08-17 00:09:36,907 - root - INFO - | Epoch: 100/100 | Train Time: 0.172s | Train Loss: 7194.355089 |
2020-08-17 00:09:36,908 - root - INFO - Pretraining Time: 17.113s
2020-08-17 00:09:36,908 - root - INFO - Finished pretraining.
2020-08-17 00:09:36,908 - root - INFO - Testing autoencoder...
2020-08-17 00:09:36,927 - root - INFO - Test Loss: 7180.547021
2020-08-17 00:09:36,927 - root - INFO - Test Time: 0.018s
2020-08-17 00:09:36,927 - root - INFO - Finished testing autoencoder.
2020-08-17 00:09:36,930 - root - INFO - Hey I am loading net for you!
2020-08-17 00:09:36,930 - root - INFO - Setting hyper-parameters!
2020-08-17 00:09:36,930 - root - INFO - Initializing center c...
2020-08-17 00:09:36,973 - root - INFO - Center c initialized.
2020-08-17 00:09:36,973 - root - INFO - Starting training...
2020-08-17 00:09:37,110 - root - INFO - | Epoch: 001/500 | Train Time: 0.137s | Train Loss: 281.724924 |
2020-08-17 00:09:37,252 - root - INFO - | Epoch: 002/500 | Train Time: 0.141s | Train Loss: 278.784170 |
2020-08-17 00:09:37,395 - root - INFO - | Epoch: 003/500 | Train Time: 0.143s | Train Loss: 276.003437 |
2020-08-17 00:09:37,537 - root - INFO - | Epoch: 004/500 | Train Time: 0.142s | Train Loss: 273.579295 |
2020-08-17 00:09:37,680 - root - INFO - | Epoch: 005/500 | Train Time: 0.143s | Train Loss: 271.300719 |
2020-08-17 00:09:37,823 - root - INFO - | Epoch: 006/500 | Train Time: 0.143s | Train Loss: 269.117966 |
2020-08-17 00:09:37,966 - root - INFO - | Epoch: 007/500 | Train Time: 0.143s | Train Loss: 266.889370 |
2020-08-17 00:09:38,109 - root - INFO - | Epoch: 008/500 | Train Time: 0.142s | Train Loss: 264.693230 |
2020-08-17 00:09:38,250 - root - INFO - | Epoch: 009/500 | Train Time: 0.142s | Train Loss: 262.589387 |
2020-08-17 00:09:38,392 - root - INFO - | Epoch: 010/500 | Train Time: 0.142s | Train Loss: 260.386223 |
2020-08-17 00:09:38,535 - root - INFO - | Epoch: 011/500 | Train Time: 0.142s | Train Loss: 258.144068 |
2020-08-17 00:09:38,678 - root - INFO - | Epoch: 012/500 | Train Time: 0.143s | Train Loss: 256.024739 |
2020-08-17 00:09:38,820 - root - INFO - | Epoch: 013/500 | Train Time: 0.142s | Train Loss: 254.003507 |
2020-08-17 00:09:38,963 - root - INFO - | Epoch: 014/500 | Train Time: 0.142s | Train Loss: 251.931974 |
2020-08-17 00:09:39,105 - root - INFO - | Epoch: 015/500 | Train Time: 0.143s | Train Loss: 249.782954 |
2020-08-17 00:09:39,248 - root - INFO - | Epoch: 016/500 | Train Time: 0.143s | Train Loss: 247.677375 |
2020-08-17 00:09:39,391 - root - INFO - | Epoch: 017/500 | Train Time: 0.143s | Train Loss: 245.796047 |
2020-08-17 00:09:39,534 - root - INFO - | Epoch: 018/500 | Train Time: 0.142s | Train Loss: 243.545932 |
2020-08-17 00:09:39,676 - root - INFO - | Epoch: 019/500 | Train Time: 0.142s | Train Loss: 241.619583 |
2020-08-17 00:09:39,819 - root - INFO - | Epoch: 020/500 | Train Time: 0.143s | Train Loss: 239.659719 |
2020-08-17 00:09:39,961 - root - INFO - | Epoch: 021/500 | Train Time: 0.142s | Train Loss: 237.755377 |
2020-08-17 00:09:40,104 - root - INFO - | Epoch: 022/500 | Train Time: 0.143s | Train Loss: 235.616841 |
2020-08-17 00:09:40,246 - root - INFO - | Epoch: 023/500 | Train Time: 0.142s | Train Loss: 233.839268 |
2020-08-17 00:09:40,391 - root - INFO - | Epoch: 024/500 | Train Time: 0.144s | Train Loss: 232.080765 |
2020-08-17 00:09:40,533 - root - INFO - | Epoch: 025/500 | Train Time: 0.142s | Train Loss: 229.900840 |
2020-08-17 00:09:40,676 - root - INFO - | Epoch: 026/500 | Train Time: 0.143s | Train Loss: 227.935644 |
2020-08-17 00:09:40,817 - root - INFO - | Epoch: 027/500 | Train Time: 0.141s | Train Loss: 226.324075 |
2020-08-17 00:09:40,961 - root - INFO - | Epoch: 028/500 | Train Time: 0.143s | Train Loss: 224.251411 |
2020-08-17 00:09:41,104 - root - INFO - | Epoch: 029/500 | Train Time: 0.143s | Train Loss: 222.527340 |
2020-08-17 00:09:41,245 - root - INFO - | Epoch: 030/500 | Train Time: 0.141s | Train Loss: 220.518332 |
2020-08-17 00:09:41,388 - root - INFO - | Epoch: 031/500 | Train Time: 0.142s | Train Loss: 218.747341 |
2020-08-17 00:09:41,530 - root - INFO - | Epoch: 032/500 | Train Time: 0.143s | Train Loss: 216.829869 |
2020-08-17 00:09:41,674 - root - INFO - | Epoch: 033/500 | Train Time: 0.143s | Train Loss: 215.184544 |
2020-08-17 00:09:41,793 - root - INFO - | Epoch: 034/500 | Train Time: 0.119s | Train Loss: 213.435151 |
2020-08-17 00:09:41,890 - root - INFO - | Epoch: 035/500 | Train Time: 0.098s | Train Loss: 211.485107 |
2020-08-17 00:09:41,982 - root - INFO - | Epoch: 036/500 | Train Time: 0.091s | Train Loss: 209.816861 |
2020-08-17 00:09:42,072 - root - INFO - | Epoch: 037/500 | Train Time: 0.091s | Train Loss: 208.103352 |
2020-08-17 00:09:42,163 - root - INFO - | Epoch: 038/500 | Train Time: 0.090s | Train Loss: 206.313683 |
2020-08-17 00:09:42,253 - root - INFO - | Epoch: 039/500 | Train Time: 0.091s | Train Loss: 204.628670 |
2020-08-17 00:09:42,344 - root - INFO - | Epoch: 040/500 | Train Time: 0.091s | Train Loss: 202.934840 |
2020-08-17 00:09:42,435 - root - INFO - | Epoch: 041/500 | Train Time: 0.091s | Train Loss: 201.296697 |
2020-08-17 00:09:42,526 - root - INFO - | Epoch: 042/500 | Train Time: 0.091s | Train Loss: 199.740799 |
2020-08-17 00:09:42,617 - root - INFO - | Epoch: 043/500 | Train Time: 0.091s | Train Loss: 198.030967 |
2020-08-17 00:09:42,707 - root - INFO - | Epoch: 044/500 | Train Time: 0.091s | Train Loss: 196.467509 |
2020-08-17 00:09:42,798 - root - INFO - | Epoch: 045/500 | Train Time: 0.091s | Train Loss: 194.628310 |
2020-08-17 00:09:42,889 - root - INFO - | Epoch: 046/500 | Train Time: 0.090s | Train Loss: 193.072747 |
2020-08-17 00:09:42,979 - root - INFO - | Epoch: 047/500 | Train Time: 0.091s | Train Loss: 191.614766 |
2020-08-17 00:09:43,070 - root - INFO - | Epoch: 048/500 | Train Time: 0.091s | Train Loss: 189.948623 |
2020-08-17 00:09:43,160 - root - INFO - | Epoch: 049/500 | Train Time: 0.091s | Train Loss: 188.320087 |
2020-08-17 00:09:43,251 - root - INFO - | Epoch: 050/500 | Train Time: 0.091s | Train Loss: 186.700025 |
2020-08-17 00:09:43,251 - root - INFO -   LR scheduler: new learning rate is 1e-06
2020-08-17 00:09:43,342 - root - INFO - | Epoch: 051/500 | Train Time: 0.091s | Train Loss: 186.098209 |
2020-08-17 00:09:43,432 - root - INFO - | Epoch: 052/500 | Train Time: 0.090s | Train Loss: 185.670322 |
2020-08-17 00:09:43,523 - root - INFO - | Epoch: 053/500 | Train Time: 0.091s | Train Loss: 185.516132 |
2020-08-17 00:09:43,644 - root - INFO - | Epoch: 054/500 | Train Time: 0.121s | Train Loss: 185.514885 |
2020-08-17 00:09:43,784 - root - INFO - | Epoch: 055/500 | Train Time: 0.140s | Train Loss: 185.156345 |
2020-08-17 00:09:43,926 - root - INFO - | Epoch: 056/500 | Train Time: 0.141s | Train Loss: 185.106327 |
2020-08-17 00:09:44,067 - root - INFO - | Epoch: 057/500 | Train Time: 0.141s | Train Loss: 184.964619 |
2020-08-17 00:09:44,208 - root - INFO - | Epoch: 058/500 | Train Time: 0.141s | Train Loss: 184.716496 |
2020-08-17 00:09:44,351 - root - INFO - | Epoch: 059/500 | Train Time: 0.142s | Train Loss: 184.659607 |
2020-08-17 00:09:44,494 - root - INFO - | Epoch: 060/500 | Train Time: 0.143s | Train Loss: 184.410038 |
2020-08-17 00:09:44,637 - root - INFO - | Epoch: 061/500 | Train Time: 0.143s | Train Loss: 184.350561 |
2020-08-17 00:09:44,780 - root - INFO - | Epoch: 062/500 | Train Time: 0.143s | Train Loss: 184.030912 |
2020-08-17 00:09:44,922 - root - INFO - | Epoch: 063/500 | Train Time: 0.142s | Train Loss: 183.968791 |
2020-08-17 00:09:45,065 - root - INFO - | Epoch: 064/500 | Train Time: 0.143s | Train Loss: 183.787679 |
2020-08-17 00:09:45,208 - root - INFO - | Epoch: 065/500 | Train Time: 0.143s | Train Loss: 183.713219 |
2020-08-17 00:09:45,348 - root - INFO - | Epoch: 066/500 | Train Time: 0.140s | Train Loss: 183.518594 |
2020-08-17 00:09:45,491 - root - INFO - | Epoch: 067/500 | Train Time: 0.143s | Train Loss: 183.298326 |
2020-08-17 00:09:45,636 - root - INFO - | Epoch: 068/500 | Train Time: 0.144s | Train Loss: 183.119676 |
2020-08-17 00:09:45,778 - root - INFO - | Epoch: 069/500 | Train Time: 0.142s | Train Loss: 183.105090 |
2020-08-17 00:09:45,921 - root - INFO - | Epoch: 070/500 | Train Time: 0.143s | Train Loss: 182.883113 |
2020-08-17 00:09:46,064 - root - INFO - | Epoch: 071/500 | Train Time: 0.143s | Train Loss: 182.684061 |
2020-08-17 00:09:46,206 - root - INFO - | Epoch: 072/500 | Train Time: 0.142s | Train Loss: 182.588149 |
2020-08-17 00:09:46,353 - root - INFO - | Epoch: 073/500 | Train Time: 0.147s | Train Loss: 182.275487 |
2020-08-17 00:09:46,498 - root - INFO - | Epoch: 074/500 | Train Time: 0.144s | Train Loss: 182.356176 |
2020-08-17 00:09:46,642 - root - INFO - | Epoch: 075/500 | Train Time: 0.144s | Train Loss: 182.046476 |
2020-08-17 00:09:46,786 - root - INFO - | Epoch: 076/500 | Train Time: 0.144s | Train Loss: 181.870474 |
2020-08-17 00:09:46,931 - root - INFO - | Epoch: 077/500 | Train Time: 0.145s | Train Loss: 181.703797 |
2020-08-17 00:09:47,076 - root - INFO - | Epoch: 078/500 | Train Time: 0.145s | Train Loss: 181.529519 |
2020-08-17 00:09:47,221 - root - INFO - | Epoch: 079/500 | Train Time: 0.144s | Train Loss: 181.479931 |
2020-08-17 00:09:47,366 - root - INFO - | Epoch: 080/500 | Train Time: 0.145s | Train Loss: 181.156171 |
2020-08-17 00:09:47,511 - root - INFO - | Epoch: 081/500 | Train Time: 0.145s | Train Loss: 181.008711 |
2020-08-17 00:09:47,654 - root - INFO - | Epoch: 082/500 | Train Time: 0.143s | Train Loss: 180.928975 |
2020-08-17 00:09:47,799 - root - INFO - | Epoch: 083/500 | Train Time: 0.144s | Train Loss: 180.721633 |
2020-08-17 00:09:47,944 - root - INFO - | Epoch: 084/500 | Train Time: 0.145s | Train Loss: 180.707908 |
2020-08-17 00:09:48,089 - root - INFO - | Epoch: 085/500 | Train Time: 0.145s | Train Loss: 180.454509 |
2020-08-17 00:09:48,234 - root - INFO - | Epoch: 086/500 | Train Time: 0.145s | Train Loss: 180.173452 |
2020-08-17 00:09:48,379 - root - INFO - | Epoch: 087/500 | Train Time: 0.145s | Train Loss: 180.202305 |
2020-08-17 00:09:48,525 - root - INFO - | Epoch: 088/500 | Train Time: 0.145s | Train Loss: 180.000363 |
2020-08-17 00:09:48,668 - root - INFO - | Epoch: 089/500 | Train Time: 0.143s | Train Loss: 179.798727 |
2020-08-17 00:09:48,813 - root - INFO - | Epoch: 090/500 | Train Time: 0.144s | Train Loss: 179.721234 |
2020-08-17 00:09:48,957 - root - INFO - | Epoch: 091/500 | Train Time: 0.145s | Train Loss: 179.597830 |
2020-08-17 00:09:49,115 - root - INFO - | Epoch: 092/500 | Train Time: 0.158s | Train Loss: 179.311173 |
2020-08-17 00:09:49,258 - root - INFO - | Epoch: 093/500 | Train Time: 0.143s | Train Loss: 179.118115 |
2020-08-17 00:09:49,401 - root - INFO - | Epoch: 094/500 | Train Time: 0.142s | Train Loss: 179.097990 |
2020-08-17 00:09:49,542 - root - INFO - | Epoch: 095/500 | Train Time: 0.141s | Train Loss: 178.857304 |
2020-08-17 00:09:49,686 - root - INFO - | Epoch: 096/500 | Train Time: 0.144s | Train Loss: 178.681277 |
2020-08-17 00:09:49,827 - root - INFO - | Epoch: 097/500 | Train Time: 0.141s | Train Loss: 178.430353 |
2020-08-17 00:09:49,969 - root - INFO - | Epoch: 098/500 | Train Time: 0.142s | Train Loss: 178.455352 |
2020-08-17 00:09:50,111 - root - INFO - | Epoch: 099/500 | Train Time: 0.141s | Train Loss: 178.182608 |
2020-08-17 00:09:50,253 - root - INFO - | Epoch: 100/500 | Train Time: 0.143s | Train Loss: 177.956038 |
2020-08-17 00:09:50,397 - root - INFO - | Epoch: 101/500 | Train Time: 0.143s | Train Loss: 178.089236 |
2020-08-17 00:09:50,539 - root - INFO - | Epoch: 102/500 | Train Time: 0.143s | Train Loss: 177.653297 |
2020-08-17 00:09:50,675 - root - INFO - | Epoch: 103/500 | Train Time: 0.135s | Train Loss: 177.648580 |
2020-08-17 00:09:50,776 - root - INFO - | Epoch: 104/500 | Train Time: 0.102s | Train Loss: 177.543183 |
2020-08-17 00:09:50,877 - root - INFO - | Epoch: 105/500 | Train Time: 0.101s | Train Loss: 177.236868 |
2020-08-17 00:09:50,979 - root - INFO - | Epoch: 106/500 | Train Time: 0.101s | Train Loss: 177.145473 |
2020-08-17 00:09:51,080 - root - INFO - | Epoch: 107/500 | Train Time: 0.101s | Train Loss: 176.911469 |
2020-08-17 00:09:51,179 - root - INFO - | Epoch: 108/500 | Train Time: 0.100s | Train Loss: 176.700741 |
2020-08-17 00:09:51,279 - root - INFO - | Epoch: 109/500 | Train Time: 0.100s | Train Loss: 176.594709 |
2020-08-17 00:09:51,379 - root - INFO - | Epoch: 110/500 | Train Time: 0.100s | Train Loss: 176.468311 |
2020-08-17 00:09:51,479 - root - INFO - | Epoch: 111/500 | Train Time: 0.100s | Train Loss: 176.356079 |
2020-08-17 00:09:51,579 - root - INFO - | Epoch: 112/500 | Train Time: 0.100s | Train Loss: 176.087194 |
2020-08-17 00:09:51,679 - root - INFO - | Epoch: 113/500 | Train Time: 0.100s | Train Loss: 175.990344 |
2020-08-17 00:09:51,778 - root - INFO - | Epoch: 114/500 | Train Time: 0.100s | Train Loss: 175.817629 |
2020-08-17 00:09:51,892 - root - INFO - | Epoch: 115/500 | Train Time: 0.114s | Train Loss: 175.828747 |
2020-08-17 00:09:52,027 - root - INFO - | Epoch: 116/500 | Train Time: 0.135s | Train Loss: 175.684745 |
2020-08-17 00:09:52,166 - root - INFO - | Epoch: 117/500 | Train Time: 0.139s | Train Loss: 175.423847 |
2020-08-17 00:09:52,308 - root - INFO - | Epoch: 118/500 | Train Time: 0.142s | Train Loss: 175.150600 |
2020-08-17 00:09:52,447 - root - INFO - | Epoch: 119/500 | Train Time: 0.138s | Train Loss: 174.951961 |
2020-08-17 00:09:52,588 - root - INFO - | Epoch: 120/500 | Train Time: 0.141s | Train Loss: 174.907825 |
2020-08-17 00:09:52,733 - root - INFO - | Epoch: 121/500 | Train Time: 0.145s | Train Loss: 174.725428 |
2020-08-17 00:09:52,877 - root - INFO - | Epoch: 122/500 | Train Time: 0.144s | Train Loss: 174.555578 |
2020-08-17 00:09:53,018 - root - INFO - | Epoch: 123/500 | Train Time: 0.141s | Train Loss: 174.373759 |
2020-08-17 00:09:53,161 - root - INFO - | Epoch: 124/500 | Train Time: 0.143s | Train Loss: 174.221357 |
2020-08-17 00:09:53,307 - root - INFO - | Epoch: 125/500 | Train Time: 0.146s | Train Loss: 174.211036 |
2020-08-17 00:09:53,448 - root - INFO - | Epoch: 126/500 | Train Time: 0.141s | Train Loss: 173.825200 |
2020-08-17 00:09:53,590 - root - INFO - | Epoch: 127/500 | Train Time: 0.142s | Train Loss: 173.794098 |
2020-08-17 00:09:53,733 - root - INFO - | Epoch: 128/500 | Train Time: 0.143s | Train Loss: 173.555215 |
2020-08-17 00:09:53,876 - root - INFO - | Epoch: 129/500 | Train Time: 0.143s | Train Loss: 173.660296 |
2020-08-17 00:09:54,017 - root - INFO - | Epoch: 130/500 | Train Time: 0.141s | Train Loss: 173.335736 |
2020-08-17 00:09:54,159 - root - INFO - | Epoch: 131/500 | Train Time: 0.142s | Train Loss: 173.099065 |
2020-08-17 00:09:54,308 - root - INFO - | Epoch: 132/500 | Train Time: 0.149s | Train Loss: 173.196980 |
2020-08-17 00:09:54,450 - root - INFO - | Epoch: 133/500 | Train Time: 0.142s | Train Loss: 172.694408 |
2020-08-17 00:09:54,593 - root - INFO - | Epoch: 134/500 | Train Time: 0.143s | Train Loss: 172.655898 |
2020-08-17 00:09:54,739 - root - INFO - | Epoch: 135/500 | Train Time: 0.146s | Train Loss: 172.617670 |
2020-08-17 00:09:54,881 - root - INFO - | Epoch: 136/500 | Train Time: 0.141s | Train Loss: 172.384207 |
2020-08-17 00:09:55,023 - root - INFO - | Epoch: 137/500 | Train Time: 0.142s | Train Loss: 172.175101 |
2020-08-17 00:09:55,165 - root - INFO - | Epoch: 138/500 | Train Time: 0.142s | Train Loss: 172.021086 |
2020-08-17 00:09:55,311 - root - INFO - | Epoch: 139/500 | Train Time: 0.145s | Train Loss: 171.831250 |
2020-08-17 00:09:55,452 - root - INFO - | Epoch: 140/500 | Train Time: 0.141s | Train Loss: 171.633194 |
2020-08-17 00:09:55,603 - root - INFO - | Epoch: 141/500 | Train Time: 0.151s | Train Loss: 171.453977 |
2020-08-17 00:09:55,750 - root - INFO - | Epoch: 142/500 | Train Time: 0.147s | Train Loss: 171.624744 |
2020-08-17 00:09:55,897 - root - INFO - | Epoch: 143/500 | Train Time: 0.147s | Train Loss: 171.244610 |
2020-08-17 00:09:56,044 - root - INFO - | Epoch: 144/500 | Train Time: 0.147s | Train Loss: 171.142915 |
2020-08-17 00:09:56,191 - root - INFO - | Epoch: 145/500 | Train Time: 0.147s | Train Loss: 171.007075 |
2020-08-17 00:09:56,337 - root - INFO - | Epoch: 146/500 | Train Time: 0.146s | Train Loss: 170.858852 |
2020-08-17 00:09:56,485 - root - INFO - | Epoch: 147/500 | Train Time: 0.148s | Train Loss: 170.547574 |
2020-08-17 00:09:56,632 - root - INFO - | Epoch: 148/500 | Train Time: 0.147s | Train Loss: 170.529430 |
2020-08-17 00:09:56,776 - root - INFO - | Epoch: 149/500 | Train Time: 0.143s | Train Loss: 170.399573 |
2020-08-17 00:09:56,920 - root - INFO - | Epoch: 150/500 | Train Time: 0.144s | Train Loss: 170.193420 |
2020-08-17 00:09:57,064 - root - INFO - | Epoch: 151/500 | Train Time: 0.144s | Train Loss: 169.998159 |
2020-08-17 00:09:57,208 - root - INFO - | Epoch: 152/500 | Train Time: 0.143s | Train Loss: 169.856118 |
2020-08-17 00:09:57,351 - root - INFO - | Epoch: 153/500 | Train Time: 0.144s | Train Loss: 169.632741 |
2020-08-17 00:09:57,493 - root - INFO - | Epoch: 154/500 | Train Time: 0.141s | Train Loss: 169.656590 |
2020-08-17 00:09:57,635 - root - INFO - | Epoch: 155/500 | Train Time: 0.142s | Train Loss: 169.376325 |
2020-08-17 00:09:57,778 - root - INFO - | Epoch: 156/500 | Train Time: 0.143s | Train Loss: 169.308445 |
2020-08-17 00:09:57,923 - root - INFO - | Epoch: 157/500 | Train Time: 0.145s | Train Loss: 169.212782 |
2020-08-17 00:09:58,066 - root - INFO - | Epoch: 158/500 | Train Time: 0.143s | Train Loss: 168.961369 |
2020-08-17 00:09:58,209 - root - INFO - | Epoch: 159/500 | Train Time: 0.142s | Train Loss: 168.698054 |
2020-08-17 00:09:58,352 - root - INFO - | Epoch: 160/500 | Train Time: 0.143s | Train Loss: 168.508435 |
2020-08-17 00:09:58,497 - root - INFO - | Epoch: 161/500 | Train Time: 0.144s | Train Loss: 168.439715 |
2020-08-17 00:09:58,640 - root - INFO - | Epoch: 162/500 | Train Time: 0.143s | Train Loss: 168.320279 |
2020-08-17 00:09:58,784 - root - INFO - | Epoch: 163/500 | Train Time: 0.144s | Train Loss: 168.228327 |
2020-08-17 00:09:58,928 - root - INFO - | Epoch: 164/500 | Train Time: 0.144s | Train Loss: 167.987101 |
2020-08-17 00:09:59,072 - root - INFO - | Epoch: 165/500 | Train Time: 0.144s | Train Loss: 167.874935 |
2020-08-17 00:09:59,216 - root - INFO - | Epoch: 166/500 | Train Time: 0.144s | Train Loss: 167.745283 |
2020-08-17 00:09:59,360 - root - INFO - | Epoch: 167/500 | Train Time: 0.144s | Train Loss: 167.485900 |
2020-08-17 00:09:59,504 - root - INFO - | Epoch: 168/500 | Train Time: 0.144s | Train Loss: 167.357119 |
2020-08-17 00:09:59,648 - root - INFO - | Epoch: 169/500 | Train Time: 0.144s | Train Loss: 167.162024 |
2020-08-17 00:09:59,789 - root - INFO - | Epoch: 170/500 | Train Time: 0.141s | Train Loss: 167.180355 |
2020-08-17 00:09:59,931 - root - INFO - | Epoch: 171/500 | Train Time: 0.141s | Train Loss: 166.943830 |
2020-08-17 00:10:00,072 - root - INFO - | Epoch: 172/500 | Train Time: 0.142s | Train Loss: 166.834350 |
2020-08-17 00:10:00,213 - root - INFO - | Epoch: 173/500 | Train Time: 0.141s | Train Loss: 166.661471 |
2020-08-17 00:10:00,354 - root - INFO - | Epoch: 174/500 | Train Time: 0.140s | Train Loss: 166.518765 |
2020-08-17 00:10:00,493 - root - INFO - | Epoch: 175/500 | Train Time: 0.139s | Train Loss: 166.443153 |
2020-08-17 00:10:00,633 - root - INFO - | Epoch: 176/500 | Train Time: 0.140s | Train Loss: 166.108960 |
2020-08-17 00:10:00,772 - root - INFO - | Epoch: 177/500 | Train Time: 0.140s | Train Loss: 165.980344 |
2020-08-17 00:10:00,912 - root - INFO - | Epoch: 178/500 | Train Time: 0.139s | Train Loss: 165.899052 |
2020-08-17 00:10:01,051 - root - INFO - | Epoch: 179/500 | Train Time: 0.139s | Train Loss: 165.683840 |
2020-08-17 00:10:01,191 - root - INFO - | Epoch: 180/500 | Train Time: 0.140s | Train Loss: 165.503123 |
2020-08-17 00:10:01,330 - root - INFO - | Epoch: 181/500 | Train Time: 0.139s | Train Loss: 165.340672 |
2020-08-17 00:10:01,469 - root - INFO - | Epoch: 182/500 | Train Time: 0.139s | Train Loss: 165.402697 |
2020-08-17 00:10:01,608 - root - INFO - | Epoch: 183/500 | Train Time: 0.139s | Train Loss: 165.098352 |
2020-08-17 00:10:01,748 - root - INFO - | Epoch: 184/500 | Train Time: 0.140s | Train Loss: 164.914621 |
2020-08-17 00:10:01,886 - root - INFO - | Epoch: 185/500 | Train Time: 0.138s | Train Loss: 164.849958 |
2020-08-17 00:10:02,026 - root - INFO - | Epoch: 186/500 | Train Time: 0.139s | Train Loss: 164.790429 |
2020-08-17 00:10:02,165 - root - INFO - | Epoch: 187/500 | Train Time: 0.139s | Train Loss: 164.381773 |
2020-08-17 00:10:02,304 - root - INFO - | Epoch: 188/500 | Train Time: 0.140s | Train Loss: 164.392939 |
2020-08-17 00:10:02,444 - root - INFO - | Epoch: 189/500 | Train Time: 0.140s | Train Loss: 164.266629 |
2020-08-17 00:10:02,585 - root - INFO - | Epoch: 190/500 | Train Time: 0.141s | Train Loss: 164.082584 |
2020-08-17 00:10:02,725 - root - INFO - | Epoch: 191/500 | Train Time: 0.139s | Train Loss: 163.955520 |
2020-08-17 00:10:02,862 - root - INFO - | Epoch: 192/500 | Train Time: 0.137s | Train Loss: 163.611899 |
2020-08-17 00:10:03,000 - root - INFO - | Epoch: 193/500 | Train Time: 0.139s | Train Loss: 163.526320 |
2020-08-17 00:10:03,139 - root - INFO - | Epoch: 194/500 | Train Time: 0.138s | Train Loss: 163.310007 |
2020-08-17 00:10:03,279 - root - INFO - | Epoch: 195/500 | Train Time: 0.140s | Train Loss: 163.372680 |
2020-08-17 00:10:03,418 - root - INFO - | Epoch: 196/500 | Train Time: 0.139s | Train Loss: 163.140321 |
2020-08-17 00:10:03,557 - root - INFO - | Epoch: 197/500 | Train Time: 0.138s | Train Loss: 162.937627 |
2020-08-17 00:10:03,696 - root - INFO - | Epoch: 198/500 | Train Time: 0.139s | Train Loss: 162.889689 |
2020-08-17 00:10:03,845 - root - INFO - | Epoch: 199/500 | Train Time: 0.149s | Train Loss: 162.710055 |
2020-08-17 00:10:03,989 - root - INFO - | Epoch: 200/500 | Train Time: 0.144s | Train Loss: 162.502492 |
2020-08-17 00:10:04,133 - root - INFO - | Epoch: 201/500 | Train Time: 0.144s | Train Loss: 162.387082 |
2020-08-17 00:10:04,277 - root - INFO - | Epoch: 202/500 | Train Time: 0.144s | Train Loss: 162.125953 |
2020-08-17 00:10:04,420 - root - INFO - | Epoch: 203/500 | Train Time: 0.143s | Train Loss: 162.053172 |
2020-08-17 00:10:04,565 - root - INFO - | Epoch: 204/500 | Train Time: 0.145s | Train Loss: 161.941896 |
2020-08-17 00:10:04,709 - root - INFO - | Epoch: 205/500 | Train Time: 0.144s | Train Loss: 161.817584 |
2020-08-17 00:10:04,854 - root - INFO - | Epoch: 206/500 | Train Time: 0.145s | Train Loss: 161.545005 |
2020-08-17 00:10:04,999 - root - INFO - | Epoch: 207/500 | Train Time: 0.145s | Train Loss: 161.363740 |
2020-08-17 00:10:05,143 - root - INFO - | Epoch: 208/500 | Train Time: 0.144s | Train Loss: 161.260914 |
2020-08-17 00:10:05,289 - root - INFO - | Epoch: 209/500 | Train Time: 0.145s | Train Loss: 161.190453 |
2020-08-17 00:10:05,433 - root - INFO - | Epoch: 210/500 | Train Time: 0.144s | Train Loss: 161.019906 |
2020-08-17 00:10:05,577 - root - INFO - | Epoch: 211/500 | Train Time: 0.145s | Train Loss: 160.786071 |
2020-08-17 00:10:05,723 - root - INFO - | Epoch: 212/500 | Train Time: 0.145s | Train Loss: 160.792745 |
2020-08-17 00:10:05,867 - root - INFO - | Epoch: 213/500 | Train Time: 0.144s | Train Loss: 160.511669 |
2020-08-17 00:10:06,011 - root - INFO - | Epoch: 214/500 | Train Time: 0.144s | Train Loss: 160.497649 |
2020-08-17 00:10:06,156 - root - INFO - | Epoch: 215/500 | Train Time: 0.145s | Train Loss: 160.403494 |
2020-08-17 00:10:06,301 - root - INFO - | Epoch: 216/500 | Train Time: 0.144s | Train Loss: 160.152137 |
2020-08-17 00:10:06,447 - root - INFO - | Epoch: 217/500 | Train Time: 0.146s | Train Loss: 159.998532 |
2020-08-17 00:10:06,591 - root - INFO - | Epoch: 218/500 | Train Time: 0.145s | Train Loss: 159.891069 |
2020-08-17 00:10:06,736 - root - INFO - | Epoch: 219/500 | Train Time: 0.144s | Train Loss: 159.662104 |
2020-08-17 00:10:06,879 - root - INFO - | Epoch: 220/500 | Train Time: 0.143s | Train Loss: 159.655657 |
2020-08-17 00:10:07,024 - root - INFO - | Epoch: 221/500 | Train Time: 0.145s | Train Loss: 159.315589 |
2020-08-17 00:10:07,169 - root - INFO - | Epoch: 222/500 | Train Time: 0.145s | Train Loss: 159.259994 |
2020-08-17 00:10:07,313 - root - INFO - | Epoch: 223/500 | Train Time: 0.144s | Train Loss: 159.021071 |
2020-08-17 00:10:07,455 - root - INFO - | Epoch: 224/500 | Train Time: 0.142s | Train Loss: 159.044776 |
2020-08-17 00:10:07,594 - root - INFO - | Epoch: 225/500 | Train Time: 0.139s | Train Loss: 158.777965 |
2020-08-17 00:10:07,731 - root - INFO - | Epoch: 226/500 | Train Time: 0.137s | Train Loss: 158.535868 |
2020-08-17 00:10:07,871 - root - INFO - | Epoch: 227/500 | Train Time: 0.139s | Train Loss: 158.510664 |
2020-08-17 00:10:08,013 - root - INFO - | Epoch: 228/500 | Train Time: 0.142s | Train Loss: 158.198949 |
2020-08-17 00:10:08,155 - root - INFO - | Epoch: 229/500 | Train Time: 0.141s | Train Loss: 158.077338 |
2020-08-17 00:10:08,296 - root - INFO - | Epoch: 230/500 | Train Time: 0.141s | Train Loss: 158.138477 |
2020-08-17 00:10:08,437 - root - INFO - | Epoch: 231/500 | Train Time: 0.141s | Train Loss: 157.957548 |
2020-08-17 00:10:08,578 - root - INFO - | Epoch: 232/500 | Train Time: 0.141s | Train Loss: 157.657947 |
2020-08-17 00:10:08,720 - root - INFO - | Epoch: 233/500 | Train Time: 0.141s | Train Loss: 157.597369 |
2020-08-17 00:10:08,861 - root - INFO - | Epoch: 234/500 | Train Time: 0.141s | Train Loss: 157.451073 |
2020-08-17 00:10:09,003 - root - INFO - | Epoch: 235/500 | Train Time: 0.142s | Train Loss: 157.247083 |
2020-08-17 00:10:09,144 - root - INFO - | Epoch: 236/500 | Train Time: 0.141s | Train Loss: 157.270288 |
2020-08-17 00:10:09,288 - root - INFO - | Epoch: 237/500 | Train Time: 0.143s | Train Loss: 156.893553 |
2020-08-17 00:10:09,430 - root - INFO - | Epoch: 238/500 | Train Time: 0.142s | Train Loss: 156.743069 |
2020-08-17 00:10:09,573 - root - INFO - | Epoch: 239/500 | Train Time: 0.142s | Train Loss: 156.896781 |
2020-08-17 00:10:09,714 - root - INFO - | Epoch: 240/500 | Train Time: 0.141s | Train Loss: 156.660995 |
2020-08-17 00:10:09,856 - root - INFO - | Epoch: 241/500 | Train Time: 0.141s | Train Loss: 156.439186 |
2020-08-17 00:10:09,992 - root - INFO - | Epoch: 242/500 | Train Time: 0.136s | Train Loss: 156.226065 |
2020-08-17 00:10:10,131 - root - INFO - | Epoch: 243/500 | Train Time: 0.139s | Train Loss: 156.215696 |
2020-08-17 00:10:10,270 - root - INFO - | Epoch: 244/500 | Train Time: 0.139s | Train Loss: 155.927583 |
2020-08-17 00:10:10,409 - root - INFO - | Epoch: 245/500 | Train Time: 0.139s | Train Loss: 155.686899 |
2020-08-17 00:10:10,549 - root - INFO - | Epoch: 246/500 | Train Time: 0.139s | Train Loss: 155.643079 |
2020-08-17 00:10:10,687 - root - INFO - | Epoch: 247/500 | Train Time: 0.139s | Train Loss: 155.575406 |
2020-08-17 00:10:10,826 - root - INFO - | Epoch: 248/500 | Train Time: 0.139s | Train Loss: 155.557937 |
2020-08-17 00:10:10,965 - root - INFO - | Epoch: 249/500 | Train Time: 0.138s | Train Loss: 155.101194 |
2020-08-17 00:10:11,104 - root - INFO - | Epoch: 250/500 | Train Time: 0.139s | Train Loss: 155.205646 |
2020-08-17 00:10:11,244 - root - INFO - | Epoch: 251/500 | Train Time: 0.140s | Train Loss: 155.039472 |
2020-08-17 00:10:11,385 - root - INFO - | Epoch: 252/500 | Train Time: 0.141s | Train Loss: 154.784785 |
2020-08-17 00:10:11,526 - root - INFO - | Epoch: 253/500 | Train Time: 0.142s | Train Loss: 154.682430 |
2020-08-17 00:10:11,666 - root - INFO - | Epoch: 254/500 | Train Time: 0.140s | Train Loss: 154.531896 |
2020-08-17 00:10:11,809 - root - INFO - | Epoch: 255/500 | Train Time: 0.142s | Train Loss: 154.343857 |
2020-08-17 00:10:11,949 - root - INFO - | Epoch: 256/500 | Train Time: 0.140s | Train Loss: 154.171869 |
2020-08-17 00:10:12,089 - root - INFO - | Epoch: 257/500 | Train Time: 0.139s | Train Loss: 154.164988 |
2020-08-17 00:10:12,229 - root - INFO - | Epoch: 258/500 | Train Time: 0.140s | Train Loss: 153.842420 |
2020-08-17 00:10:12,370 - root - INFO - | Epoch: 259/500 | Train Time: 0.141s | Train Loss: 153.743957 |
2020-08-17 00:10:12,511 - root - INFO - | Epoch: 260/500 | Train Time: 0.141s | Train Loss: 153.663806 |
2020-08-17 00:10:12,652 - root - INFO - | Epoch: 261/500 | Train Time: 0.142s | Train Loss: 153.409584 |
2020-08-17 00:10:12,794 - root - INFO - | Epoch: 262/500 | Train Time: 0.141s | Train Loss: 153.284780 |
2020-08-17 00:10:12,935 - root - INFO - | Epoch: 263/500 | Train Time: 0.142s | Train Loss: 153.304585 |
2020-08-17 00:10:13,076 - root - INFO - | Epoch: 264/500 | Train Time: 0.140s | Train Loss: 152.921371 |
2020-08-17 00:10:13,216 - root - INFO - | Epoch: 265/500 | Train Time: 0.141s | Train Loss: 152.864006 |
2020-08-17 00:10:13,357 - root - INFO - | Epoch: 266/500 | Train Time: 0.141s | Train Loss: 152.608317 |
2020-08-17 00:10:13,498 - root - INFO - | Epoch: 267/500 | Train Time: 0.141s | Train Loss: 152.525748 |
2020-08-17 00:10:13,639 - root - INFO - | Epoch: 268/500 | Train Time: 0.141s | Train Loss: 152.690493 |
2020-08-17 00:10:13,780 - root - INFO - | Epoch: 269/500 | Train Time: 0.141s | Train Loss: 152.302794 |
2020-08-17 00:10:13,923 - root - INFO - | Epoch: 270/500 | Train Time: 0.143s | Train Loss: 152.097866 |
2020-08-17 00:10:14,065 - root - INFO - | Epoch: 271/500 | Train Time: 0.142s | Train Loss: 152.148556 |
2020-08-17 00:10:14,207 - root - INFO - | Epoch: 272/500 | Train Time: 0.142s | Train Loss: 151.773447 |
2020-08-17 00:10:14,353 - root - INFO - | Epoch: 273/500 | Train Time: 0.145s | Train Loss: 151.789477 |
2020-08-17 00:10:14,497 - root - INFO - | Epoch: 274/500 | Train Time: 0.144s | Train Loss: 151.764820 |
2020-08-17 00:10:14,643 - root - INFO - | Epoch: 275/500 | Train Time: 0.146s | Train Loss: 151.438594 |
2020-08-17 00:10:14,788 - root - INFO - | Epoch: 276/500 | Train Time: 0.145s | Train Loss: 151.276376 |
2020-08-17 00:10:14,932 - root - INFO - | Epoch: 277/500 | Train Time: 0.144s | Train Loss: 151.188014 |
2020-08-17 00:10:15,077 - root - INFO - | Epoch: 278/500 | Train Time: 0.145s | Train Loss: 151.062184 |
2020-08-17 00:10:15,223 - root - INFO - | Epoch: 279/500 | Train Time: 0.146s | Train Loss: 150.779121 |
2020-08-17 00:10:15,369 - root - INFO - | Epoch: 280/500 | Train Time: 0.145s | Train Loss: 150.794699 |
2020-08-17 00:10:15,515 - root - INFO - | Epoch: 281/500 | Train Time: 0.146s | Train Loss: 150.604110 |
2020-08-17 00:10:15,660 - root - INFO - | Epoch: 282/500 | Train Time: 0.145s | Train Loss: 150.425913 |
2020-08-17 00:10:15,805 - root - INFO - | Epoch: 283/500 | Train Time: 0.145s | Train Loss: 150.376673 |
2020-08-17 00:10:15,949 - root - INFO - | Epoch: 284/500 | Train Time: 0.144s | Train Loss: 150.228036 |
2020-08-17 00:10:16,095 - root - INFO - | Epoch: 285/500 | Train Time: 0.146s | Train Loss: 150.043843 |
2020-08-17 00:10:16,241 - root - INFO - | Epoch: 286/500 | Train Time: 0.146s | Train Loss: 149.957926 |
2020-08-17 00:10:16,388 - root - INFO - | Epoch: 287/500 | Train Time: 0.147s | Train Loss: 149.763214 |
2020-08-17 00:10:16,533 - root - INFO - | Epoch: 288/500 | Train Time: 0.144s | Train Loss: 149.555512 |
2020-08-17 00:10:16,677 - root - INFO - | Epoch: 289/500 | Train Time: 0.144s | Train Loss: 149.558275 |
2020-08-17 00:10:16,821 - root - INFO - | Epoch: 290/500 | Train Time: 0.144s | Train Loss: 149.489030 |
2020-08-17 00:10:16,965 - root - INFO - | Epoch: 291/500 | Train Time: 0.144s | Train Loss: 148.977476 |
2020-08-17 00:10:17,118 - root - INFO - | Epoch: 292/500 | Train Time: 0.152s | Train Loss: 149.172298 |
2020-08-17 00:10:17,268 - root - INFO - | Epoch: 293/500 | Train Time: 0.150s | Train Loss: 148.917951 |
2020-08-17 00:10:17,412 - root - INFO - | Epoch: 294/500 | Train Time: 0.143s | Train Loss: 148.829444 |
2020-08-17 00:10:17,555 - root - INFO - | Epoch: 295/500 | Train Time: 0.143s | Train Loss: 148.758128 |
2020-08-17 00:10:17,698 - root - INFO - | Epoch: 296/500 | Train Time: 0.143s | Train Loss: 148.579058 |
2020-08-17 00:10:17,841 - root - INFO - | Epoch: 297/500 | Train Time: 0.142s | Train Loss: 148.269138 |
2020-08-17 00:10:17,984 - root - INFO - | Epoch: 298/500 | Train Time: 0.143s | Train Loss: 148.347415 |
2020-08-17 00:10:18,128 - root - INFO - | Epoch: 299/500 | Train Time: 0.144s | Train Loss: 148.109159 |
2020-08-17 00:10:18,271 - root - INFO - | Epoch: 300/500 | Train Time: 0.143s | Train Loss: 147.997960 |
2020-08-17 00:10:18,414 - root - INFO - | Epoch: 301/500 | Train Time: 0.142s | Train Loss: 147.684335 |
2020-08-17 00:10:18,557 - root - INFO - | Epoch: 302/500 | Train Time: 0.143s | Train Loss: 147.459743 |
2020-08-17 00:10:18,700 - root - INFO - | Epoch: 303/500 | Train Time: 0.143s | Train Loss: 147.545814 |
2020-08-17 00:10:18,843 - root - INFO - | Epoch: 304/500 | Train Time: 0.143s | Train Loss: 147.435984 |
2020-08-17 00:10:18,986 - root - INFO - | Epoch: 305/500 | Train Time: 0.143s | Train Loss: 147.097052 |
2020-08-17 00:10:19,129 - root - INFO - | Epoch: 306/500 | Train Time: 0.143s | Train Loss: 147.025297 |
2020-08-17 00:10:19,272 - root - INFO - | Epoch: 307/500 | Train Time: 0.143s | Train Loss: 146.869470 |
2020-08-17 00:10:19,415 - root - INFO - | Epoch: 308/500 | Train Time: 0.143s | Train Loss: 146.783362 |
2020-08-17 00:10:19,557 - root - INFO - | Epoch: 309/500 | Train Time: 0.142s | Train Loss: 146.783151 |
2020-08-17 00:10:19,700 - root - INFO - | Epoch: 310/500 | Train Time: 0.143s | Train Loss: 146.388978 |
2020-08-17 00:10:19,843 - root - INFO - | Epoch: 311/500 | Train Time: 0.143s | Train Loss: 146.415017 |
2020-08-17 00:10:19,986 - root - INFO - | Epoch: 312/500 | Train Time: 0.143s | Train Loss: 146.286172 |
2020-08-17 00:10:20,130 - root - INFO - | Epoch: 313/500 | Train Time: 0.145s | Train Loss: 146.045201 |
2020-08-17 00:10:20,275 - root - INFO - | Epoch: 314/500 | Train Time: 0.144s | Train Loss: 145.909190 |
2020-08-17 00:10:20,418 - root - INFO - | Epoch: 315/500 | Train Time: 0.143s | Train Loss: 145.865791 |
2020-08-17 00:10:20,563 - root - INFO - | Epoch: 316/500 | Train Time: 0.144s | Train Loss: 145.647273 |
2020-08-17 00:10:20,707 - root - INFO - | Epoch: 317/500 | Train Time: 0.144s | Train Loss: 145.484635 |
2020-08-17 00:10:20,850 - root - INFO - | Epoch: 318/500 | Train Time: 0.143s | Train Loss: 145.240236 |
2020-08-17 00:10:20,995 - root - INFO - | Epoch: 319/500 | Train Time: 0.145s | Train Loss: 145.246660 |
2020-08-17 00:10:21,148 - root - INFO - | Epoch: 320/500 | Train Time: 0.152s | Train Loss: 145.021320 |
2020-08-17 00:10:21,292 - root - INFO - | Epoch: 321/500 | Train Time: 0.144s | Train Loss: 145.036546 |
2020-08-17 00:10:21,440 - root - INFO - | Epoch: 322/500 | Train Time: 0.147s | Train Loss: 144.718539 |
2020-08-17 00:10:21,586 - root - INFO - | Epoch: 323/500 | Train Time: 0.146s | Train Loss: 144.646339 |
2020-08-17 00:10:21,731 - root - INFO - | Epoch: 324/500 | Train Time: 0.145s | Train Loss: 144.545948 |
2020-08-17 00:10:21,875 - root - INFO - | Epoch: 325/500 | Train Time: 0.144s | Train Loss: 144.358578 |
2020-08-17 00:10:22,021 - root - INFO - | Epoch: 326/500 | Train Time: 0.146s | Train Loss: 144.265948 |
2020-08-17 00:10:22,165 - root - INFO - | Epoch: 327/500 | Train Time: 0.144s | Train Loss: 144.047749 |
2020-08-17 00:10:22,318 - root - INFO - | Epoch: 328/500 | Train Time: 0.153s | Train Loss: 143.849072 |
2020-08-17 00:10:22,464 - root - INFO - | Epoch: 329/500 | Train Time: 0.146s | Train Loss: 144.076862 |
2020-08-17 00:10:22,611 - root - INFO - | Epoch: 330/500 | Train Time: 0.147s | Train Loss: 143.892839 |
2020-08-17 00:10:22,757 - root - INFO - | Epoch: 331/500 | Train Time: 0.146s | Train Loss: 143.572021 |
2020-08-17 00:10:22,903 - root - INFO - | Epoch: 332/500 | Train Time: 0.146s | Train Loss: 143.545546 |
2020-08-17 00:10:23,051 - root - INFO - | Epoch: 333/500 | Train Time: 0.148s | Train Loss: 143.155111 |
2020-08-17 00:10:23,197 - root - INFO - | Epoch: 334/500 | Train Time: 0.146s | Train Loss: 143.144627 |
2020-08-17 00:10:23,343 - root - INFO - | Epoch: 335/500 | Train Time: 0.146s | Train Loss: 143.054759 |
2020-08-17 00:10:23,490 - root - INFO - | Epoch: 336/500 | Train Time: 0.146s | Train Loss: 142.842627 |
2020-08-17 00:10:23,638 - root - INFO - | Epoch: 337/500 | Train Time: 0.148s | Train Loss: 142.762882 |
2020-08-17 00:10:23,784 - root - INFO - | Epoch: 338/500 | Train Time: 0.146s | Train Loss: 142.645124 |
2020-08-17 00:10:23,929 - root - INFO - | Epoch: 339/500 | Train Time: 0.146s | Train Loss: 142.506612 |
2020-08-17 00:10:24,076 - root - INFO - | Epoch: 340/500 | Train Time: 0.146s | Train Loss: 142.388290 |
2020-08-17 00:10:24,218 - root - INFO - | Epoch: 341/500 | Train Time: 0.143s | Train Loss: 142.206523 |
2020-08-17 00:10:24,362 - root - INFO - | Epoch: 342/500 | Train Time: 0.143s | Train Loss: 141.991192 |
2020-08-17 00:10:24,506 - root - INFO - | Epoch: 343/500 | Train Time: 0.144s | Train Loss: 142.037440 |
2020-08-17 00:10:24,653 - root - INFO - | Epoch: 344/500 | Train Time: 0.147s | Train Loss: 141.794921 |
2020-08-17 00:10:24,801 - root - INFO - | Epoch: 345/500 | Train Time: 0.148s | Train Loss: 141.597566 |
2020-08-17 00:10:24,940 - root - INFO - | Epoch: 346/500 | Train Time: 0.139s | Train Loss: 141.522855 |
2020-08-17 00:10:25,081 - root - INFO - | Epoch: 347/500 | Train Time: 0.141s | Train Loss: 141.627886 |
2020-08-17 00:10:25,224 - root - INFO - | Epoch: 348/500 | Train Time: 0.142s | Train Loss: 141.179006 |
2020-08-17 00:10:25,370 - root - INFO - | Epoch: 349/500 | Train Time: 0.146s | Train Loss: 141.266460 |
2020-08-17 00:10:25,512 - root - INFO - | Epoch: 350/500 | Train Time: 0.142s | Train Loss: 141.028306 |
2020-08-17 00:10:25,654 - root - INFO - | Epoch: 351/500 | Train Time: 0.142s | Train Loss: 140.808491 |
2020-08-17 00:10:25,803 - root - INFO - | Epoch: 352/500 | Train Time: 0.149s | Train Loss: 140.613901 |
2020-08-17 00:10:25,944 - root - INFO - | Epoch: 353/500 | Train Time: 0.141s | Train Loss: 140.525737 |
2020-08-17 00:10:26,085 - root - INFO - | Epoch: 354/500 | Train Time: 0.141s | Train Loss: 140.653919 |
2020-08-17 00:10:26,227 - root - INFO - | Epoch: 355/500 | Train Time: 0.142s | Train Loss: 140.203470 |
2020-08-17 00:10:26,374 - root - INFO - | Epoch: 356/500 | Train Time: 0.147s | Train Loss: 140.203771 |
2020-08-17 00:10:26,518 - root - INFO - | Epoch: 357/500 | Train Time: 0.144s | Train Loss: 140.037206 |
2020-08-17 00:10:26,662 - root - INFO - | Epoch: 358/500 | Train Time: 0.143s | Train Loss: 139.946011 |
2020-08-17 00:10:26,804 - root - INFO - | Epoch: 359/500 | Train Time: 0.143s | Train Loss: 139.684773 |
2020-08-17 00:10:26,947 - root - INFO - | Epoch: 360/500 | Train Time: 0.142s | Train Loss: 139.620976 |
2020-08-17 00:10:27,090 - root - INFO - | Epoch: 361/500 | Train Time: 0.143s | Train Loss: 139.519282 |
2020-08-17 00:10:27,233 - root - INFO - | Epoch: 362/500 | Train Time: 0.143s | Train Loss: 139.460358 |
2020-08-17 00:10:27,374 - root - INFO - | Epoch: 363/500 | Train Time: 0.141s | Train Loss: 139.118404 |
2020-08-17 00:10:27,516 - root - INFO - | Epoch: 364/500 | Train Time: 0.142s | Train Loss: 139.013190 |
2020-08-17 00:10:27,659 - root - INFO - | Epoch: 365/500 | Train Time: 0.142s | Train Loss: 138.878807 |
2020-08-17 00:10:27,800 - root - INFO - | Epoch: 366/500 | Train Time: 0.142s | Train Loss: 139.004808 |
2020-08-17 00:10:27,943 - root - INFO - | Epoch: 367/500 | Train Time: 0.143s | Train Loss: 138.770080 |
2020-08-17 00:10:28,086 - root - INFO - | Epoch: 368/500 | Train Time: 0.142s | Train Loss: 138.489979 |
2020-08-17 00:10:28,229 - root - INFO - | Epoch: 369/500 | Train Time: 0.143s | Train Loss: 138.364759 |
2020-08-17 00:10:28,371 - root - INFO - | Epoch: 370/500 | Train Time: 0.142s | Train Loss: 138.357412 |
2020-08-17 00:10:28,513 - root - INFO - | Epoch: 371/500 | Train Time: 0.143s | Train Loss: 138.160847 |
2020-08-17 00:10:28,656 - root - INFO - | Epoch: 372/500 | Train Time: 0.143s | Train Loss: 137.907599 |
2020-08-17 00:10:28,798 - root - INFO - | Epoch: 373/500 | Train Time: 0.142s | Train Loss: 137.781515 |
2020-08-17 00:10:28,940 - root - INFO - | Epoch: 374/500 | Train Time: 0.141s | Train Loss: 137.635321 |
2020-08-17 00:10:29,083 - root - INFO - | Epoch: 375/500 | Train Time: 0.143s | Train Loss: 137.666567 |
2020-08-17 00:10:29,225 - root - INFO - | Epoch: 376/500 | Train Time: 0.142s | Train Loss: 137.394677 |
2020-08-17 00:10:29,367 - root - INFO - | Epoch: 377/500 | Train Time: 0.142s | Train Loss: 137.426639 |
2020-08-17 00:10:29,510 - root - INFO - | Epoch: 378/500 | Train Time: 0.143s | Train Loss: 137.153880 |
2020-08-17 00:10:29,653 - root - INFO - | Epoch: 379/500 | Train Time: 0.143s | Train Loss: 137.058052 |
2020-08-17 00:10:29,795 - root - INFO - | Epoch: 380/500 | Train Time: 0.142s | Train Loss: 136.833602 |
2020-08-17 00:10:29,937 - root - INFO - | Epoch: 381/500 | Train Time: 0.143s | Train Loss: 136.722196 |
2020-08-17 00:10:30,081 - root - INFO - | Epoch: 382/500 | Train Time: 0.143s | Train Loss: 136.565492 |
2020-08-17 00:10:30,222 - root - INFO - | Epoch: 383/500 | Train Time: 0.141s | Train Loss: 136.468806 |
2020-08-17 00:10:30,364 - root - INFO - | Epoch: 384/500 | Train Time: 0.142s | Train Loss: 136.370399 |
2020-08-17 00:10:30,505 - root - INFO - | Epoch: 385/500 | Train Time: 0.141s | Train Loss: 136.337894 |
2020-08-17 00:10:30,646 - root - INFO - | Epoch: 386/500 | Train Time: 0.141s | Train Loss: 136.035361 |
2020-08-17 00:10:30,789 - root - INFO - | Epoch: 387/500 | Train Time: 0.142s | Train Loss: 135.875082 |
2020-08-17 00:10:30,930 - root - INFO - | Epoch: 388/500 | Train Time: 0.141s | Train Loss: 135.789228 |
2020-08-17 00:10:31,072 - root - INFO - | Epoch: 389/500 | Train Time: 0.142s | Train Loss: 135.821039 |
2020-08-17 00:10:31,214 - root - INFO - | Epoch: 390/500 | Train Time: 0.141s | Train Loss: 135.601198 |
2020-08-17 00:10:31,357 - root - INFO - | Epoch: 391/500 | Train Time: 0.143s | Train Loss: 135.340872 |
2020-08-17 00:10:31,498 - root - INFO - | Epoch: 392/500 | Train Time: 0.141s | Train Loss: 135.385723 |
2020-08-17 00:10:31,640 - root - INFO - | Epoch: 393/500 | Train Time: 0.142s | Train Loss: 135.114942 |
2020-08-17 00:10:31,782 - root - INFO - | Epoch: 394/500 | Train Time: 0.142s | Train Loss: 135.057933 |
2020-08-17 00:10:31,924 - root - INFO - | Epoch: 395/500 | Train Time: 0.141s | Train Loss: 134.787896 |
2020-08-17 00:10:32,066 - root - INFO - | Epoch: 396/500 | Train Time: 0.142s | Train Loss: 134.792599 |
2020-08-17 00:10:32,207 - root - INFO - | Epoch: 397/500 | Train Time: 0.142s | Train Loss: 134.632527 |
2020-08-17 00:10:32,349 - root - INFO - | Epoch: 398/500 | Train Time: 0.142s | Train Loss: 134.770135 |
2020-08-17 00:10:32,492 - root - INFO - | Epoch: 399/500 | Train Time: 0.143s | Train Loss: 134.413773 |
2020-08-17 00:10:32,634 - root - INFO - | Epoch: 400/500 | Train Time: 0.141s | Train Loss: 134.185273 |
2020-08-17 00:10:32,784 - root - INFO - | Epoch: 401/500 | Train Time: 0.150s | Train Loss: 134.065516 |
2020-08-17 00:10:32,928 - root - INFO - | Epoch: 402/500 | Train Time: 0.145s | Train Loss: 134.223757 |
2020-08-17 00:10:33,073 - root - INFO - | Epoch: 403/500 | Train Time: 0.145s | Train Loss: 133.829029 |
2020-08-17 00:10:33,218 - root - INFO - | Epoch: 404/500 | Train Time: 0.145s | Train Loss: 133.795172 |
2020-08-17 00:10:33,364 - root - INFO - | Epoch: 405/500 | Train Time: 0.145s | Train Loss: 133.761233 |
2020-08-17 00:10:33,508 - root - INFO - | Epoch: 406/500 | Train Time: 0.144s | Train Loss: 133.499656 |
2020-08-17 00:10:33,653 - root - INFO - | Epoch: 407/500 | Train Time: 0.145s | Train Loss: 133.347938 |
2020-08-17 00:10:33,799 - root - INFO - | Epoch: 408/500 | Train Time: 0.146s | Train Loss: 133.202192 |
2020-08-17 00:10:33,945 - root - INFO - | Epoch: 409/500 | Train Time: 0.145s | Train Loss: 133.322679 |
2020-08-17 00:10:34,090 - root - INFO - | Epoch: 410/500 | Train Time: 0.145s | Train Loss: 132.915764 |
2020-08-17 00:10:34,235 - root - INFO - | Epoch: 411/500 | Train Time: 0.145s | Train Loss: 132.886262 |
2020-08-17 00:10:34,378 - root - INFO - | Epoch: 412/500 | Train Time: 0.143s | Train Loss: 132.497797 |
2020-08-17 00:10:34,520 - root - INFO - | Epoch: 413/500 | Train Time: 0.142s | Train Loss: 132.407471 |
2020-08-17 00:10:34,662 - root - INFO - | Epoch: 414/500 | Train Time: 0.142s | Train Loss: 132.336442 |
2020-08-17 00:10:34,804 - root - INFO - | Epoch: 415/500 | Train Time: 0.142s | Train Loss: 132.240488 |
2020-08-17 00:10:34,947 - root - INFO - | Epoch: 416/500 | Train Time: 0.142s | Train Loss: 132.128081 |
2020-08-17 00:10:35,089 - root - INFO - | Epoch: 417/500 | Train Time: 0.142s | Train Loss: 131.963276 |
2020-08-17 00:10:35,231 - root - INFO - | Epoch: 418/500 | Train Time: 0.142s | Train Loss: 132.087476 |
2020-08-17 00:10:35,373 - root - INFO - | Epoch: 419/500 | Train Time: 0.141s | Train Loss: 131.704711 |
2020-08-17 00:10:35,516 - root - INFO - | Epoch: 420/500 | Train Time: 0.143s | Train Loss: 131.840970 |
2020-08-17 00:10:35,658 - root - INFO - | Epoch: 421/500 | Train Time: 0.142s | Train Loss: 131.623268 |
2020-08-17 00:10:35,800 - root - INFO - | Epoch: 422/500 | Train Time: 0.142s | Train Loss: 131.521699 |
2020-08-17 00:10:35,943 - root - INFO - | Epoch: 423/500 | Train Time: 0.143s | Train Loss: 131.422969 |
2020-08-17 00:10:36,085 - root - INFO - | Epoch: 424/500 | Train Time: 0.142s | Train Loss: 131.320233 |
2020-08-17 00:10:36,226 - root - INFO - | Epoch: 425/500 | Train Time: 0.141s | Train Loss: 130.985429 |
2020-08-17 00:10:36,369 - root - INFO - | Epoch: 426/500 | Train Time: 0.142s | Train Loss: 131.022198 |
2020-08-17 00:10:36,510 - root - INFO - | Epoch: 427/500 | Train Time: 0.142s | Train Loss: 130.776201 |
2020-08-17 00:10:36,652 - root - INFO - | Epoch: 428/500 | Train Time: 0.142s | Train Loss: 130.577137 |
2020-08-17 00:10:36,795 - root - INFO - | Epoch: 429/500 | Train Time: 0.143s | Train Loss: 130.381484 |
2020-08-17 00:10:36,935 - root - INFO - | Epoch: 430/500 | Train Time: 0.140s | Train Loss: 130.286642 |
2020-08-17 00:10:37,078 - root - INFO - | Epoch: 431/500 | Train Time: 0.143s | Train Loss: 130.281257 |
2020-08-17 00:10:37,220 - root - INFO - | Epoch: 432/500 | Train Time: 0.141s | Train Loss: 130.277123 |
2020-08-17 00:10:37,362 - root - INFO - | Epoch: 433/500 | Train Time: 0.142s | Train Loss: 129.933347 |
2020-08-17 00:10:37,505 - root - INFO - | Epoch: 434/500 | Train Time: 0.143s | Train Loss: 129.817605 |
2020-08-17 00:10:37,647 - root - INFO - | Epoch: 435/500 | Train Time: 0.142s | Train Loss: 129.668943 |
2020-08-17 00:10:37,789 - root - INFO - | Epoch: 436/500 | Train Time: 0.142s | Train Loss: 129.533359 |
2020-08-17 00:10:37,931 - root - INFO - | Epoch: 437/500 | Train Time: 0.142s | Train Loss: 129.631752 |
2020-08-17 00:10:38,073 - root - INFO - | Epoch: 438/500 | Train Time: 0.142s | Train Loss: 129.314199 |
2020-08-17 00:10:38,215 - root - INFO - | Epoch: 439/500 | Train Time: 0.142s | Train Loss: 129.214396 |
2020-08-17 00:10:38,357 - root - INFO - | Epoch: 440/500 | Train Time: 0.142s | Train Loss: 128.969609 |
2020-08-17 00:10:38,499 - root - INFO - | Epoch: 441/500 | Train Time: 0.142s | Train Loss: 129.095147 |
2020-08-17 00:10:38,641 - root - INFO - | Epoch: 442/500 | Train Time: 0.143s | Train Loss: 128.681557 |
2020-08-17 00:10:38,784 - root - INFO - | Epoch: 443/500 | Train Time: 0.142s | Train Loss: 128.741003 |
2020-08-17 00:10:38,926 - root - INFO - | Epoch: 444/500 | Train Time: 0.142s | Train Loss: 128.357511 |
2020-08-17 00:10:39,069 - root - INFO - | Epoch: 445/500 | Train Time: 0.142s | Train Loss: 128.345654 |
2020-08-17 00:10:39,211 - root - INFO - | Epoch: 446/500 | Train Time: 0.142s | Train Loss: 128.220086 |
2020-08-17 00:10:39,353 - root - INFO - | Epoch: 447/500 | Train Time: 0.142s | Train Loss: 128.253539 |
2020-08-17 00:10:39,495 - root - INFO - | Epoch: 448/500 | Train Time: 0.142s | Train Loss: 127.931655 |
2020-08-17 00:10:39,638 - root - INFO - | Epoch: 449/500 | Train Time: 0.143s | Train Loss: 127.943126 |
2020-08-17 00:10:39,781 - root - INFO - | Epoch: 450/500 | Train Time: 0.143s | Train Loss: 127.841600 |
2020-08-17 00:10:39,923 - root - INFO - | Epoch: 451/500 | Train Time: 0.142s | Train Loss: 127.667739 |
2020-08-17 00:10:40,065 - root - INFO - | Epoch: 452/500 | Train Time: 0.142s | Train Loss: 127.431662 |
2020-08-17 00:10:40,206 - root - INFO - | Epoch: 453/500 | Train Time: 0.141s | Train Loss: 127.560034 |
2020-08-17 00:10:40,348 - root - INFO - | Epoch: 454/500 | Train Time: 0.142s | Train Loss: 127.310048 |
2020-08-17 00:10:40,490 - root - INFO - | Epoch: 455/500 | Train Time: 0.142s | Train Loss: 127.201889 |
2020-08-17 00:10:40,633 - root - INFO - | Epoch: 456/500 | Train Time: 0.142s | Train Loss: 127.063974 |
2020-08-17 00:10:40,775 - root - INFO - | Epoch: 457/500 | Train Time: 0.142s | Train Loss: 126.953334 |
2020-08-17 00:10:40,916 - root - INFO - | Epoch: 458/500 | Train Time: 0.142s | Train Loss: 126.632914 |
2020-08-17 00:10:41,059 - root - INFO - | Epoch: 459/500 | Train Time: 0.143s | Train Loss: 126.612158 |
2020-08-17 00:10:41,203 - root - INFO - | Epoch: 460/500 | Train Time: 0.144s | Train Loss: 126.816918 |
2020-08-17 00:10:41,347 - root - INFO - | Epoch: 461/500 | Train Time: 0.144s | Train Loss: 126.459001 |
2020-08-17 00:10:41,493 - root - INFO - | Epoch: 462/500 | Train Time: 0.146s | Train Loss: 126.280837 |
2020-08-17 00:10:41,639 - root - INFO - | Epoch: 463/500 | Train Time: 0.145s | Train Loss: 126.231431 |
2020-08-17 00:10:41,785 - root - INFO - | Epoch: 464/500 | Train Time: 0.146s | Train Loss: 126.003233 |
2020-08-17 00:10:41,930 - root - INFO - | Epoch: 465/500 | Train Time: 0.145s | Train Loss: 125.768613 |
2020-08-17 00:10:42,075 - root - INFO - | Epoch: 466/500 | Train Time: 0.144s | Train Loss: 125.808151 |
2020-08-17 00:10:42,219 - root - INFO - | Epoch: 467/500 | Train Time: 0.144s | Train Loss: 125.773886 |
2020-08-17 00:10:42,363 - root - INFO - | Epoch: 468/500 | Train Time: 0.144s | Train Loss: 125.368529 |
2020-08-17 00:10:42,509 - root - INFO - | Epoch: 469/500 | Train Time: 0.146s | Train Loss: 125.497343 |
2020-08-17 00:10:42,653 - root - INFO - | Epoch: 470/500 | Train Time: 0.144s | Train Loss: 125.570180 |
2020-08-17 00:10:42,799 - root - INFO - | Epoch: 471/500 | Train Time: 0.146s | Train Loss: 125.184709 |
2020-08-17 00:10:42,945 - root - INFO - | Epoch: 472/500 | Train Time: 0.146s | Train Loss: 124.848396 |
2020-08-17 00:10:43,089 - root - INFO - | Epoch: 473/500 | Train Time: 0.144s | Train Loss: 124.893290 |
2020-08-17 00:10:43,234 - root - INFO - | Epoch: 474/500 | Train Time: 0.145s | Train Loss: 124.750752 |
2020-08-17 00:10:43,378 - root - INFO - | Epoch: 475/500 | Train Time: 0.144s | Train Loss: 124.603731 |
2020-08-17 00:10:43,525 - root - INFO - | Epoch: 476/500 | Train Time: 0.146s | Train Loss: 124.582303 |
2020-08-17 00:10:43,669 - root - INFO - | Epoch: 477/500 | Train Time: 0.144s | Train Loss: 124.201973 |
2020-08-17 00:10:43,802 - root - INFO - | Epoch: 478/500 | Train Time: 0.133s | Train Loss: 124.340322 |
2020-08-17 00:10:43,904 - root - INFO - | Epoch: 479/500 | Train Time: 0.102s | Train Loss: 124.069579 |
2020-08-17 00:10:44,005 - root - INFO - | Epoch: 480/500 | Train Time: 0.101s | Train Loss: 123.989571 |
2020-08-17 00:10:44,107 - root - INFO - | Epoch: 481/500 | Train Time: 0.101s | Train Loss: 124.070347 |
2020-08-17 00:10:44,208 - root - INFO - | Epoch: 482/500 | Train Time: 0.101s | Train Loss: 123.939117 |
2020-08-17 00:10:44,309 - root - INFO - | Epoch: 483/500 | Train Time: 0.101s | Train Loss: 123.698507 |
2020-08-17 00:10:44,409 - root - INFO - | Epoch: 484/500 | Train Time: 0.100s | Train Loss: 123.524004 |
2020-08-17 00:10:44,509 - root - INFO - | Epoch: 485/500 | Train Time: 0.100s | Train Loss: 123.531095 |
2020-08-17 00:10:44,609 - root - INFO - | Epoch: 486/500 | Train Time: 0.100s | Train Loss: 123.374928 |
2020-08-17 00:10:44,709 - root - INFO - | Epoch: 487/500 | Train Time: 0.100s | Train Loss: 123.012527 |
2020-08-17 00:10:44,809 - root - INFO - | Epoch: 488/500 | Train Time: 0.100s | Train Loss: 123.045389 |
2020-08-17 00:10:44,909 - root - INFO - | Epoch: 489/500 | Train Time: 0.100s | Train Loss: 122.804046 |
2020-08-17 00:10:45,009 - root - INFO - | Epoch: 490/500 | Train Time: 0.100s | Train Loss: 122.917903 |
2020-08-17 00:10:45,108 - root - INFO - | Epoch: 491/500 | Train Time: 0.100s | Train Loss: 122.741596 |
2020-08-17 00:10:45,208 - root - INFO - | Epoch: 492/500 | Train Time: 0.100s | Train Loss: 122.417201 |
2020-08-17 00:10:45,308 - root - INFO - | Epoch: 493/500 | Train Time: 0.100s | Train Loss: 122.603331 |
2020-08-17 00:10:45,408 - root - INFO - | Epoch: 494/500 | Train Time: 0.100s | Train Loss: 122.382616 |
2020-08-17 00:10:45,508 - root - INFO - | Epoch: 495/500 | Train Time: 0.100s | Train Loss: 122.149932 |
2020-08-17 00:10:45,608 - root - INFO - | Epoch: 496/500 | Train Time: 0.100s | Train Loss: 121.856501 |
2020-08-17 00:10:45,708 - root - INFO - | Epoch: 497/500 | Train Time: 0.100s | Train Loss: 121.961615 |
2020-08-17 00:10:45,808 - root - INFO - | Epoch: 498/500 | Train Time: 0.100s | Train Loss: 121.830082 |
2020-08-17 00:10:45,908 - root - INFO - | Epoch: 499/500 | Train Time: 0.100s | Train Loss: 121.693621 |
2020-08-17 00:10:46,008 - root - INFO - | Epoch: 500/500 | Train Time: 0.100s | Train Loss: 121.690041 |
2020-08-17 00:10:46,008 - root - INFO - Training Time: 69.035s
2020-08-17 00:10:46,008 - root - INFO - Finished training.
2020-08-17 00:10:46,009 - root - INFO - Starting testing...
2020-08-17 00:10:46,025 - root - INFO - Test Loss: 121.649614
2020-08-17 00:10:46,026 - root - INFO - Test AUC: 97.17%
2020-08-17 00:10:46,026 - root - INFO - Test Time: 0.015s
2020-08-17 00:10:46,026 - root - INFO - Finished testing.
2020-08-17 00:10:46,094 - root - INFO - Starting testing...
2020-08-17 00:10:46,112 - root - INFO - Test Loss: 121.649614
2020-08-17 00:10:46,112 - root - INFO - Test AUC: 97.17%
2020-08-17 00:10:46,112 - root - INFO - Test Time: 0.016s
2020-08-17 00:10:46,112 - root - INFO - Finished testing.
