2020-08-10 08:08:09,406 - root - INFO - I am pre-training for you.
2020-08-10 08:08:11,324 - root - INFO - | Epoch: 001/100 | Train Time: 0.146s | Train Loss: 0.103019 |
2020-08-10 08:08:11,474 - root - INFO - | Epoch: 002/100 | Train Time: 0.150s | Train Loss: 0.043488 |
2020-08-10 08:08:11,624 - root - INFO - | Epoch: 003/100 | Train Time: 0.150s | Train Loss: 0.020835 |
2020-08-10 08:08:11,774 - root - INFO - | Epoch: 004/100 | Train Time: 0.149s | Train Loss: 0.018671 |
2020-08-10 08:08:11,925 - root - INFO - | Epoch: 005/100 | Train Time: 0.151s | Train Loss: 0.018368 |
2020-08-10 08:08:12,077 - root - INFO - | Epoch: 006/100 | Train Time: 0.152s | Train Loss: 0.018138 |
2020-08-10 08:08:12,230 - root - INFO - | Epoch: 007/100 | Train Time: 0.153s | Train Loss: 0.017910 |
2020-08-10 08:08:12,381 - root - INFO - | Epoch: 008/100 | Train Time: 0.151s | Train Loss: 0.017711 |
2020-08-10 08:08:12,534 - root - INFO - | Epoch: 009/100 | Train Time: 0.152s | Train Loss: 0.017544 |
2020-08-10 08:08:12,686 - root - INFO - | Epoch: 010/100 | Train Time: 0.151s | Train Loss: 0.017368 |
2020-08-10 08:08:12,838 - root - INFO - | Epoch: 011/100 | Train Time: 0.152s | Train Loss: 0.017236 |
2020-08-10 08:08:12,990 - root - INFO - | Epoch: 012/100 | Train Time: 0.152s | Train Loss: 0.017020 |
2020-08-10 08:08:13,142 - root - INFO - | Epoch: 013/100 | Train Time: 0.152s | Train Loss: 0.016901 |
2020-08-10 08:08:13,293 - root - INFO - | Epoch: 014/100 | Train Time: 0.151s | Train Loss: 0.016732 |
2020-08-10 08:08:13,444 - root - INFO - | Epoch: 015/100 | Train Time: 0.150s | Train Loss: 0.016542 |
2020-08-10 08:08:13,595 - root - INFO - | Epoch: 016/100 | Train Time: 0.152s | Train Loss: 0.016356 |
2020-08-10 08:08:13,748 - root - INFO - | Epoch: 017/100 | Train Time: 0.152s | Train Loss: 0.016189 |
2020-08-10 08:08:13,903 - root - INFO - | Epoch: 018/100 | Train Time: 0.155s | Train Loss: 0.016005 |
2020-08-10 08:08:14,053 - root - INFO - | Epoch: 019/100 | Train Time: 0.149s | Train Loss: 0.015773 |
2020-08-10 08:08:14,206 - root - INFO - | Epoch: 020/100 | Train Time: 0.153s | Train Loss: 0.015621 |
2020-08-10 08:08:14,364 - root - INFO - | Epoch: 021/100 | Train Time: 0.158s | Train Loss: 0.015368 |
2020-08-10 08:08:14,517 - root - INFO - | Epoch: 022/100 | Train Time: 0.152s | Train Loss: 0.015145 |
2020-08-10 08:08:14,669 - root - INFO - | Epoch: 023/100 | Train Time: 0.152s | Train Loss: 0.014908 |
2020-08-10 08:08:14,828 - root - INFO - | Epoch: 024/100 | Train Time: 0.159s | Train Loss: 0.014684 |
2020-08-10 08:08:14,980 - root - INFO - | Epoch: 025/100 | Train Time: 0.152s | Train Loss: 0.014433 |
2020-08-10 08:08:15,131 - root - INFO - | Epoch: 026/100 | Train Time: 0.151s | Train Loss: 0.014167 |
2020-08-10 08:08:15,289 - root - INFO - | Epoch: 027/100 | Train Time: 0.158s | Train Loss: 0.013882 |
2020-08-10 08:08:15,441 - root - INFO - | Epoch: 028/100 | Train Time: 0.152s | Train Loss: 0.013584 |
2020-08-10 08:08:15,592 - root - INFO - | Epoch: 029/100 | Train Time: 0.150s | Train Loss: 0.013339 |
2020-08-10 08:08:15,744 - root - INFO - | Epoch: 030/100 | Train Time: 0.152s | Train Loss: 0.013001 |
2020-08-10 08:08:15,902 - root - INFO - | Epoch: 031/100 | Train Time: 0.158s | Train Loss: 0.012755 |
2020-08-10 08:08:16,052 - root - INFO - | Epoch: 032/100 | Train Time: 0.150s | Train Loss: 0.012481 |
2020-08-10 08:08:16,203 - root - INFO - | Epoch: 033/100 | Train Time: 0.151s | Train Loss: 0.012281 |
2020-08-10 08:08:16,359 - root - INFO - | Epoch: 034/100 | Train Time: 0.156s | Train Loss: 0.012010 |
2020-08-10 08:08:16,507 - root - INFO - | Epoch: 035/100 | Train Time: 0.148s | Train Loss: 0.011832 |
2020-08-10 08:08:16,656 - root - INFO - | Epoch: 036/100 | Train Time: 0.149s | Train Loss: 0.011656 |
2020-08-10 08:08:16,814 - root - INFO - | Epoch: 037/100 | Train Time: 0.157s | Train Loss: 0.011500 |
2020-08-10 08:08:16,965 - root - INFO - | Epoch: 038/100 | Train Time: 0.152s | Train Loss: 0.011341 |
2020-08-10 08:08:17,118 - root - INFO - | Epoch: 039/100 | Train Time: 0.152s | Train Loss: 0.011212 |
2020-08-10 08:08:17,270 - root - INFO - | Epoch: 040/100 | Train Time: 0.152s | Train Loss: 0.011159 |
2020-08-10 08:08:17,424 - root - INFO - | Epoch: 041/100 | Train Time: 0.154s | Train Loss: 0.011115 |
2020-08-10 08:08:17,576 - root - INFO - | Epoch: 042/100 | Train Time: 0.152s | Train Loss: 0.010993 |
2020-08-10 08:08:17,727 - root - INFO - | Epoch: 043/100 | Train Time: 0.151s | Train Loss: 0.010908 |
2020-08-10 08:08:17,882 - root - INFO - | Epoch: 044/100 | Train Time: 0.155s | Train Loss: 0.010863 |
2020-08-10 08:08:18,030 - root - INFO - | Epoch: 045/100 | Train Time: 0.148s | Train Loss: 0.010712 |
2020-08-10 08:08:18,179 - root - INFO - | Epoch: 046/100 | Train Time: 0.149s | Train Loss: 0.010646 |
2020-08-10 08:08:18,335 - root - INFO - | Epoch: 047/100 | Train Time: 0.156s | Train Loss: 0.010575 |
2020-08-10 08:08:18,484 - root - INFO - | Epoch: 048/100 | Train Time: 0.149s | Train Loss: 0.010394 |
2020-08-10 08:08:18,635 - root - INFO - | Epoch: 049/100 | Train Time: 0.151s | Train Loss: 0.010258 |
2020-08-10 08:08:18,789 - root - INFO - | Epoch: 050/100 | Train Time: 0.154s | Train Loss: 0.010119 |
2020-08-10 08:08:18,789 - root - INFO -   LR scheduler: new learning rate is 0.0001
2020-08-10 08:08:18,942 - root - INFO - | Epoch: 051/100 | Train Time: 0.153s | Train Loss: 0.010066 |
2020-08-10 08:08:19,092 - root - INFO - | Epoch: 052/100 | Train Time: 0.151s | Train Loss: 0.010044 |
2020-08-10 08:08:19,243 - root - INFO - | Epoch: 053/100 | Train Time: 0.151s | Train Loss: 0.010039 |
2020-08-10 08:08:19,399 - root - INFO - | Epoch: 054/100 | Train Time: 0.156s | Train Loss: 0.010033 |
2020-08-10 08:08:19,548 - root - INFO - | Epoch: 055/100 | Train Time: 0.148s | Train Loss: 0.009984 |
2020-08-10 08:08:19,698 - root - INFO - | Epoch: 056/100 | Train Time: 0.150s | Train Loss: 0.009972 |
2020-08-10 08:08:19,855 - root - INFO - | Epoch: 057/100 | Train Time: 0.157s | Train Loss: 0.009953 |
2020-08-10 08:08:20,003 - root - INFO - | Epoch: 058/100 | Train Time: 0.148s | Train Loss: 0.009930 |
2020-08-10 08:08:20,154 - root - INFO - | Epoch: 059/100 | Train Time: 0.151s | Train Loss: 0.009869 |
2020-08-10 08:08:20,311 - root - INFO - | Epoch: 060/100 | Train Time: 0.156s | Train Loss: 0.009835 |
2020-08-10 08:08:20,459 - root - INFO - | Epoch: 061/100 | Train Time: 0.148s | Train Loss: 0.009844 |
2020-08-10 08:08:20,608 - root - INFO - | Epoch: 062/100 | Train Time: 0.149s | Train Loss: 0.009831 |
2020-08-10 08:08:20,757 - root - INFO - | Epoch: 063/100 | Train Time: 0.149s | Train Loss: 0.009777 |
2020-08-10 08:08:20,911 - root - INFO - | Epoch: 064/100 | Train Time: 0.153s | Train Loss: 0.009763 |
2020-08-10 08:08:21,059 - root - INFO - | Epoch: 065/100 | Train Time: 0.148s | Train Loss: 0.009699 |
2020-08-10 08:08:21,207 - root - INFO - | Epoch: 066/100 | Train Time: 0.148s | Train Loss: 0.009668 |
2020-08-10 08:08:21,362 - root - INFO - | Epoch: 067/100 | Train Time: 0.155s | Train Loss: 0.009657 |
2020-08-10 08:08:21,511 - root - INFO - | Epoch: 068/100 | Train Time: 0.149s | Train Loss: 0.009618 |
2020-08-10 08:08:21,659 - root - INFO - | Epoch: 069/100 | Train Time: 0.148s | Train Loss: 0.009554 |
2020-08-10 08:08:21,814 - root - INFO - | Epoch: 070/100 | Train Time: 0.155s | Train Loss: 0.009544 |
2020-08-10 08:08:21,962 - root - INFO - | Epoch: 071/100 | Train Time: 0.148s | Train Loss: 0.009524 |
2020-08-10 08:08:22,114 - root - INFO - | Epoch: 072/100 | Train Time: 0.151s | Train Loss: 0.009459 |
2020-08-10 08:08:22,264 - root - INFO - | Epoch: 073/100 | Train Time: 0.150s | Train Loss: 0.009433 |
2020-08-10 08:08:22,413 - root - INFO - | Epoch: 074/100 | Train Time: 0.149s | Train Loss: 0.009392 |
2020-08-10 08:08:22,564 - root - INFO - | Epoch: 075/100 | Train Time: 0.151s | Train Loss: 0.009332 |
2020-08-10 08:08:22,716 - root - INFO - | Epoch: 076/100 | Train Time: 0.152s | Train Loss: 0.009298 |
2020-08-10 08:08:22,868 - root - INFO - | Epoch: 077/100 | Train Time: 0.151s | Train Loss: 0.009258 |
2020-08-10 08:08:23,020 - root - INFO - | Epoch: 078/100 | Train Time: 0.153s | Train Loss: 0.009238 |
2020-08-10 08:08:23,173 - root - INFO - | Epoch: 079/100 | Train Time: 0.153s | Train Loss: 0.009156 |
2020-08-10 08:08:23,326 - root - INFO - | Epoch: 080/100 | Train Time: 0.153s | Train Loss: 0.009143 |
2020-08-10 08:08:23,480 - root - INFO - | Epoch: 081/100 | Train Time: 0.153s | Train Loss: 0.009075 |
2020-08-10 08:08:23,632 - root - INFO - | Epoch: 082/100 | Train Time: 0.152s | Train Loss: 0.008995 |
2020-08-10 08:08:23,786 - root - INFO - | Epoch: 083/100 | Train Time: 0.153s | Train Loss: 0.008982 |
2020-08-10 08:08:23,937 - root - INFO - | Epoch: 084/100 | Train Time: 0.151s | Train Loss: 0.008902 |
2020-08-10 08:08:24,089 - root - INFO - | Epoch: 085/100 | Train Time: 0.152s | Train Loss: 0.008851 |
2020-08-10 08:08:24,241 - root - INFO - | Epoch: 086/100 | Train Time: 0.153s | Train Loss: 0.008777 |
2020-08-10 08:08:24,395 - root - INFO - | Epoch: 087/100 | Train Time: 0.153s | Train Loss: 0.008747 |
2020-08-10 08:08:24,548 - root - INFO - | Epoch: 088/100 | Train Time: 0.154s | Train Loss: 0.008663 |
2020-08-10 08:08:24,701 - root - INFO - | Epoch: 089/100 | Train Time: 0.152s | Train Loss: 0.008655 |
2020-08-10 08:08:24,842 - root - INFO - | Epoch: 090/100 | Train Time: 0.141s | Train Loss: 0.008584 |
2020-08-10 08:08:24,954 - root - INFO - | Epoch: 091/100 | Train Time: 0.112s | Train Loss: 0.008521 |
2020-08-10 08:08:25,065 - root - INFO - | Epoch: 092/100 | Train Time: 0.112s | Train Loss: 0.008487 |
2020-08-10 08:08:25,177 - root - INFO - | Epoch: 093/100 | Train Time: 0.112s | Train Loss: 0.008408 |
2020-08-10 08:08:25,289 - root - INFO - | Epoch: 094/100 | Train Time: 0.112s | Train Loss: 0.008322 |
2020-08-10 08:08:25,401 - root - INFO - | Epoch: 095/100 | Train Time: 0.112s | Train Loss: 0.008291 |
2020-08-10 08:08:25,513 - root - INFO - | Epoch: 096/100 | Train Time: 0.112s | Train Loss: 0.008229 |
2020-08-10 08:08:25,625 - root - INFO - | Epoch: 097/100 | Train Time: 0.112s | Train Loss: 0.008177 |
2020-08-10 08:08:25,737 - root - INFO - | Epoch: 098/100 | Train Time: 0.112s | Train Loss: 0.008102 |
2020-08-10 08:08:25,848 - root - INFO - | Epoch: 099/100 | Train Time: 0.111s | Train Loss: 0.008017 |
2020-08-10 08:08:25,951 - root - INFO - | Epoch: 100/100 | Train Time: 0.103s | Train Loss: 0.007977 |
2020-08-10 08:08:25,951 - root - INFO - Pretraining Time: 14.774s
2020-08-10 08:08:25,951 - root - INFO - Finished pretraining.
2020-08-10 08:08:25,952 - root - INFO - Testing autoencoder...
2020-08-10 08:08:25,963 - root - INFO - Test Loss: 0.007490
2020-08-10 08:08:25,963 - root - INFO - Test Time: 0.011s
2020-08-10 08:08:25,964 - root - INFO - Finished testing autoencoder.
2020-08-10 08:08:25,967 - root - INFO - Hey I am loading net for you!
2020-08-10 08:08:25,967 - root - INFO - Setting hyper-parameters!
2020-08-10 08:08:25,967 - root - INFO - Initializing center c...
2020-08-10 08:08:26,001 - root - INFO - Center c initialized.
2020-08-10 08:08:26,001 - root - INFO - Starting training...
2020-08-10 08:08:26,075 - root - INFO - | Epoch: 001/100 | Train Time: 0.074s | Train Loss: 0.005253 |
2020-08-10 08:08:26,148 - root - INFO - | Epoch: 002/100 | Train Time: 0.073s | Train Loss: 0.004984 |
2020-08-10 08:08:26,222 - root - INFO - | Epoch: 003/100 | Train Time: 0.073s | Train Loss: 0.004713 |
2020-08-10 08:08:26,302 - root - INFO - | Epoch: 004/100 | Train Time: 0.080s | Train Loss: 0.004417 |
2020-08-10 08:08:26,409 - root - INFO - | Epoch: 005/100 | Train Time: 0.106s | Train Loss: 0.004129 |
2020-08-10 08:08:26,519 - root - INFO - | Epoch: 006/100 | Train Time: 0.110s | Train Loss: 0.003845 |
2020-08-10 08:08:26,629 - root - INFO - | Epoch: 007/100 | Train Time: 0.110s | Train Loss: 0.003557 |
2020-08-10 08:08:26,738 - root - INFO - | Epoch: 008/100 | Train Time: 0.109s | Train Loss: 0.003289 |
2020-08-10 08:08:26,849 - root - INFO - | Epoch: 009/100 | Train Time: 0.111s | Train Loss: 0.003019 |
2020-08-10 08:08:26,961 - root - INFO - | Epoch: 010/100 | Train Time: 0.112s | Train Loss: 0.002768 |
2020-08-10 08:08:27,073 - root - INFO - | Epoch: 011/100 | Train Time: 0.112s | Train Loss: 0.002540 |
2020-08-10 08:08:27,185 - root - INFO - | Epoch: 012/100 | Train Time: 0.112s | Train Loss: 0.002333 |
2020-08-10 08:08:27,296 - root - INFO - | Epoch: 013/100 | Train Time: 0.111s | Train Loss: 0.002141 |
2020-08-10 08:08:27,407 - root - INFO - | Epoch: 014/100 | Train Time: 0.111s | Train Loss: 0.001969 |
2020-08-10 08:08:27,520 - root - INFO - | Epoch: 015/100 | Train Time: 0.112s | Train Loss: 0.001809 |
2020-08-10 08:08:27,632 - root - INFO - | Epoch: 016/100 | Train Time: 0.112s | Train Loss: 0.001673 |
2020-08-10 08:08:27,744 - root - INFO - | Epoch: 017/100 | Train Time: 0.112s | Train Loss: 0.001554 |
2020-08-10 08:08:27,856 - root - INFO - | Epoch: 018/100 | Train Time: 0.112s | Train Loss: 0.001457 |
2020-08-10 08:08:27,968 - root - INFO - | Epoch: 019/100 | Train Time: 0.112s | Train Loss: 0.001370 |
2020-08-10 08:08:28,080 - root - INFO - | Epoch: 020/100 | Train Time: 0.112s | Train Loss: 0.001292 |
2020-08-10 08:08:28,192 - root - INFO - | Epoch: 021/100 | Train Time: 0.112s | Train Loss: 0.001223 |
2020-08-10 08:08:28,303 - root - INFO - | Epoch: 022/100 | Train Time: 0.111s | Train Loss: 0.001158 |
2020-08-10 08:08:28,415 - root - INFO - | Epoch: 023/100 | Train Time: 0.111s | Train Loss: 0.001102 |
2020-08-10 08:08:28,505 - root - INFO - | Epoch: 024/100 | Train Time: 0.090s | Train Loss: 0.001054 |
2020-08-10 08:08:28,587 - root - INFO - | Epoch: 025/100 | Train Time: 0.083s | Train Loss: 0.001004 |
2020-08-10 08:08:28,670 - root - INFO - | Epoch: 026/100 | Train Time: 0.083s | Train Loss: 0.000964 |
2020-08-10 08:08:28,753 - root - INFO - | Epoch: 027/100 | Train Time: 0.083s | Train Loss: 0.000924 |
2020-08-10 08:08:28,836 - root - INFO - | Epoch: 028/100 | Train Time: 0.083s | Train Loss: 0.000891 |
2020-08-10 08:08:28,918 - root - INFO - | Epoch: 029/100 | Train Time: 0.083s | Train Loss: 0.000858 |
2020-08-10 08:08:29,001 - root - INFO - | Epoch: 030/100 | Train Time: 0.083s | Train Loss: 0.000832 |
2020-08-10 08:08:29,084 - root - INFO - | Epoch: 031/100 | Train Time: 0.083s | Train Loss: 0.000805 |
2020-08-10 08:08:29,166 - root - INFO - | Epoch: 032/100 | Train Time: 0.083s | Train Loss: 0.000776 |
2020-08-10 08:08:29,249 - root - INFO - | Epoch: 033/100 | Train Time: 0.083s | Train Loss: 0.000755 |
2020-08-10 08:08:29,332 - root - INFO - | Epoch: 034/100 | Train Time: 0.083s | Train Loss: 0.000732 |
2020-08-10 08:08:29,414 - root - INFO - | Epoch: 035/100 | Train Time: 0.083s | Train Loss: 0.000707 |
2020-08-10 08:08:29,495 - root - INFO - | Epoch: 036/100 | Train Time: 0.081s | Train Loss: 0.000685 |
2020-08-10 08:08:29,570 - root - INFO - | Epoch: 037/100 | Train Time: 0.074s | Train Loss: 0.000665 |
2020-08-10 08:08:29,643 - root - INFO - | Epoch: 038/100 | Train Time: 0.073s | Train Loss: 0.000648 |
2020-08-10 08:08:29,716 - root - INFO - | Epoch: 039/100 | Train Time: 0.073s | Train Loss: 0.000631 |
2020-08-10 08:08:29,790 - root - INFO - | Epoch: 040/100 | Train Time: 0.073s | Train Loss: 0.000615 |
2020-08-10 08:08:29,878 - root - INFO - | Epoch: 041/100 | Train Time: 0.088s | Train Loss: 0.000596 |
2020-08-10 08:08:29,986 - root - INFO - | Epoch: 042/100 | Train Time: 0.108s | Train Loss: 0.000581 |
2020-08-10 08:08:30,096 - root - INFO - | Epoch: 043/100 | Train Time: 0.110s | Train Loss: 0.000566 |
2020-08-10 08:08:30,207 - root - INFO - | Epoch: 044/100 | Train Time: 0.111s | Train Loss: 0.000553 |
2020-08-10 08:08:30,319 - root - INFO - | Epoch: 045/100 | Train Time: 0.112s | Train Loss: 0.000537 |
2020-08-10 08:08:30,431 - root - INFO - | Epoch: 046/100 | Train Time: 0.112s | Train Loss: 0.000525 |
2020-08-10 08:08:30,543 - root - INFO - | Epoch: 047/100 | Train Time: 0.112s | Train Loss: 0.000512 |
2020-08-10 08:08:30,654 - root - INFO - | Epoch: 048/100 | Train Time: 0.112s | Train Loss: 0.000498 |
2020-08-10 08:08:30,765 - root - INFO - | Epoch: 049/100 | Train Time: 0.111s | Train Loss: 0.000487 |
2020-08-10 08:08:30,877 - root - INFO - | Epoch: 050/100 | Train Time: 0.112s | Train Loss: 0.000473 |
2020-08-10 08:08:30,877 - root - INFO -   LR scheduler: new learning rate is 1e-06
2020-08-10 08:08:30,989 - root - INFO - | Epoch: 051/100 | Train Time: 0.112s | Train Loss: 0.000467 |
2020-08-10 08:08:31,100 - root - INFO - | Epoch: 052/100 | Train Time: 0.111s | Train Loss: 0.000465 |
2020-08-10 08:08:31,212 - root - INFO - | Epoch: 053/100 | Train Time: 0.111s | Train Loss: 0.000465 |
2020-08-10 08:08:31,324 - root - INFO - | Epoch: 054/100 | Train Time: 0.112s | Train Loss: 0.000464 |
2020-08-10 08:08:31,435 - root - INFO - | Epoch: 055/100 | Train Time: 0.111s | Train Loss: 0.000465 |
2020-08-10 08:08:31,546 - root - INFO - | Epoch: 056/100 | Train Time: 0.111s | Train Loss: 0.000461 |
2020-08-10 08:08:31,655 - root - INFO - | Epoch: 057/100 | Train Time: 0.109s | Train Loss: 0.000461 |
2020-08-10 08:08:31,765 - root - INFO - | Epoch: 058/100 | Train Time: 0.110s | Train Loss: 0.000460 |
2020-08-10 08:08:31,876 - root - INFO - | Epoch: 059/100 | Train Time: 0.110s | Train Loss: 0.000458 |
2020-08-10 08:08:31,985 - root - INFO - | Epoch: 060/100 | Train Time: 0.110s | Train Loss: 0.000458 |
2020-08-10 08:08:32,095 - root - INFO - | Epoch: 061/100 | Train Time: 0.110s | Train Loss: 0.000454 |
2020-08-10 08:08:32,205 - root - INFO - | Epoch: 062/100 | Train Time: 0.110s | Train Loss: 0.000454 |
2020-08-10 08:08:32,317 - root - INFO - | Epoch: 063/100 | Train Time: 0.111s | Train Loss: 0.000455 |
2020-08-10 08:08:32,427 - root - INFO - | Epoch: 064/100 | Train Time: 0.110s | Train Loss: 0.000452 |
2020-08-10 08:08:32,537 - root - INFO - | Epoch: 065/100 | Train Time: 0.111s | Train Loss: 0.000452 |
2020-08-10 08:08:32,648 - root - INFO - | Epoch: 066/100 | Train Time: 0.110s | Train Loss: 0.000451 |
2020-08-10 08:08:32,758 - root - INFO - | Epoch: 067/100 | Train Time: 0.111s | Train Loss: 0.000449 |
2020-08-10 08:08:32,870 - root - INFO - | Epoch: 068/100 | Train Time: 0.111s | Train Loss: 0.000447 |
2020-08-10 08:08:32,979 - root - INFO - | Epoch: 069/100 | Train Time: 0.110s | Train Loss: 0.000447 |
2020-08-10 08:08:33,090 - root - INFO - | Epoch: 070/100 | Train Time: 0.110s | Train Loss: 0.000444 |
2020-08-10 08:08:33,200 - root - INFO - | Epoch: 071/100 | Train Time: 0.110s | Train Loss: 0.000444 |
2020-08-10 08:08:33,310 - root - INFO - | Epoch: 072/100 | Train Time: 0.110s | Train Loss: 0.000443 |
2020-08-10 08:08:33,421 - root - INFO - | Epoch: 073/100 | Train Time: 0.110s | Train Loss: 0.000442 |
2020-08-10 08:08:33,531 - root - INFO - | Epoch: 074/100 | Train Time: 0.111s | Train Loss: 0.000440 |
2020-08-10 08:08:33,642 - root - INFO - | Epoch: 075/100 | Train Time: 0.110s | Train Loss: 0.000439 |
2020-08-10 08:08:33,752 - root - INFO - | Epoch: 076/100 | Train Time: 0.110s | Train Loss: 0.000438 |
2020-08-10 08:08:33,863 - root - INFO - | Epoch: 077/100 | Train Time: 0.111s | Train Loss: 0.000436 |
2020-08-10 08:08:33,973 - root - INFO - | Epoch: 078/100 | Train Time: 0.110s | Train Loss: 0.000435 |
2020-08-10 08:08:34,084 - root - INFO - | Epoch: 079/100 | Train Time: 0.111s | Train Loss: 0.000434 |
2020-08-10 08:08:34,195 - root - INFO - | Epoch: 080/100 | Train Time: 0.111s | Train Loss: 0.000433 |
2020-08-10 08:08:34,305 - root - INFO - | Epoch: 081/100 | Train Time: 0.111s | Train Loss: 0.000430 |
2020-08-10 08:08:34,416 - root - INFO - | Epoch: 082/100 | Train Time: 0.110s | Train Loss: 0.000429 |
2020-08-10 08:08:34,527 - root - INFO - | Epoch: 083/100 | Train Time: 0.111s | Train Loss: 0.000428 |
2020-08-10 08:08:34,637 - root - INFO - | Epoch: 084/100 | Train Time: 0.111s | Train Loss: 0.000427 |
2020-08-10 08:08:34,748 - root - INFO - | Epoch: 085/100 | Train Time: 0.110s | Train Loss: 0.000426 |
2020-08-10 08:08:34,859 - root - INFO - | Epoch: 086/100 | Train Time: 0.111s | Train Loss: 0.000424 |
2020-08-10 08:08:34,970 - root - INFO - | Epoch: 087/100 | Train Time: 0.111s | Train Loss: 0.000422 |
2020-08-10 08:08:35,082 - root - INFO - | Epoch: 088/100 | Train Time: 0.112s | Train Loss: 0.000421 |
2020-08-10 08:08:35,193 - root - INFO - | Epoch: 089/100 | Train Time: 0.111s | Train Loss: 0.000420 |
2020-08-10 08:08:35,304 - root - INFO - | Epoch: 090/100 | Train Time: 0.111s | Train Loss: 0.000420 |
2020-08-10 08:08:35,414 - root - INFO - | Epoch: 091/100 | Train Time: 0.110s | Train Loss: 0.000419 |
2020-08-10 08:08:35,525 - root - INFO - | Epoch: 092/100 | Train Time: 0.111s | Train Loss: 0.000416 |
2020-08-10 08:08:35,635 - root - INFO - | Epoch: 093/100 | Train Time: 0.110s | Train Loss: 0.000414 |
2020-08-10 08:08:35,746 - root - INFO - | Epoch: 094/100 | Train Time: 0.111s | Train Loss: 0.000413 |
2020-08-10 08:08:35,855 - root - INFO - | Epoch: 095/100 | Train Time: 0.109s | Train Loss: 0.000411 |
2020-08-10 08:08:35,965 - root - INFO - | Epoch: 096/100 | Train Time: 0.110s | Train Loss: 0.000410 |
2020-08-10 08:08:36,075 - root - INFO - | Epoch: 097/100 | Train Time: 0.110s | Train Loss: 0.000410 |
2020-08-10 08:08:36,188 - root - INFO - | Epoch: 098/100 | Train Time: 0.112s | Train Loss: 0.000408 |
2020-08-10 08:08:36,299 - root - INFO - | Epoch: 099/100 | Train Time: 0.111s | Train Loss: 0.000407 |
2020-08-10 08:08:36,412 - root - INFO - | Epoch: 100/100 | Train Time: 0.112s | Train Loss: 0.000404 |
2020-08-10 08:08:36,412 - root - INFO - Training Time: 10.411s
2020-08-10 08:08:36,412 - root - INFO - Finished training.
2020-08-10 08:08:36,412 - root - INFO - Starting testing...
2020-08-10 08:08:36,425 - root - INFO - Test Loss: 0.000393
2020-08-10 08:08:36,425 - root - INFO - Test Time: 0.012s
2020-08-10 08:08:36,425 - root - INFO - Finished testing.
2020-08-10 08:08:36,483 - root - INFO - Starting testing...
2020-08-10 08:08:36,498 - root - INFO - Test Loss: 0.000634
2020-08-10 08:08:36,498 - root - INFO - Test Time: 0.014s
2020-08-10 08:08:36,498 - root - INFO - Finished testing.
