2020-08-17 00:19:57,366 - root - INFO - Hey I am loading net for you!
2020-08-17 00:19:59,098 - root - INFO - Setting hyper-parameters!
2020-08-17 00:19:59,099 - root - INFO - Starting training...
2020-08-17 00:19:59,224 - root - INFO - | Epoch: 001/500 | Train Time: 0.124s | Train Loss: 7646.823333 |
2020-08-17 00:19:59,351 - root - INFO - | Epoch: 002/500 | Train Time: 0.128s | Train Loss: 7645.428530 |
2020-08-17 00:19:59,483 - root - INFO - | Epoch: 003/500 | Train Time: 0.131s | Train Loss: 7640.992784 |
2020-08-17 00:19:59,615 - root - INFO - | Epoch: 004/500 | Train Time: 0.132s | Train Loss: 7642.728118 |
2020-08-17 00:19:59,747 - root - INFO - | Epoch: 005/500 | Train Time: 0.133s | Train Loss: 7636.704789 |
2020-08-17 00:19:59,878 - root - INFO - | Epoch: 006/500 | Train Time: 0.131s | Train Loss: 7628.456145 |
2020-08-17 00:20:00,009 - root - INFO - | Epoch: 007/500 | Train Time: 0.130s | Train Loss: 7631.076407 |
2020-08-17 00:20:00,137 - root - INFO - | Epoch: 008/500 | Train Time: 0.129s | Train Loss: 7630.906684 |
2020-08-17 00:20:00,268 - root - INFO - | Epoch: 009/500 | Train Time: 0.131s | Train Loss: 7626.172128 |
2020-08-17 00:20:00,399 - root - INFO - | Epoch: 010/500 | Train Time: 0.131s | Train Loss: 7622.101237 |
2020-08-17 00:20:00,530 - root - INFO - | Epoch: 011/500 | Train Time: 0.130s | Train Loss: 7629.877044 |
2020-08-17 00:20:00,659 - root - INFO - | Epoch: 012/500 | Train Time: 0.129s | Train Loss: 7628.777579 |
2020-08-17 00:20:00,789 - root - INFO - | Epoch: 013/500 | Train Time: 0.130s | Train Loss: 7618.269604 |
2020-08-17 00:20:00,921 - root - INFO - | Epoch: 014/500 | Train Time: 0.132s | Train Loss: 7618.523727 |
2020-08-17 00:20:01,052 - root - INFO - | Epoch: 015/500 | Train Time: 0.131s | Train Loss: 7617.044850 |
2020-08-17 00:20:01,183 - root - INFO - | Epoch: 016/500 | Train Time: 0.131s | Train Loss: 7623.320005 |
2020-08-17 00:20:01,313 - root - INFO - | Epoch: 017/500 | Train Time: 0.130s | Train Loss: 7618.895110 |
2020-08-17 00:20:01,444 - root - INFO - | Epoch: 018/500 | Train Time: 0.131s | Train Loss: 7615.438856 |
2020-08-17 00:20:01,575 - root - INFO - | Epoch: 019/500 | Train Time: 0.130s | Train Loss: 7614.532534 |
2020-08-17 00:20:01,706 - root - INFO - | Epoch: 020/500 | Train Time: 0.131s | Train Loss: 7611.707718 |
2020-08-17 00:20:01,839 - root - INFO - | Epoch: 021/500 | Train Time: 0.133s | Train Loss: 7610.799552 |
2020-08-17 00:20:01,970 - root - INFO - | Epoch: 022/500 | Train Time: 0.131s | Train Loss: 7605.425148 |
2020-08-17 00:20:02,102 - root - INFO - | Epoch: 023/500 | Train Time: 0.131s | Train Loss: 7610.821922 |
2020-08-17 00:20:02,232 - root - INFO - | Epoch: 024/500 | Train Time: 0.130s | Train Loss: 7607.500452 |
2020-08-17 00:20:02,363 - root - INFO - | Epoch: 025/500 | Train Time: 0.130s | Train Loss: 7604.996257 |
2020-08-17 00:20:02,494 - root - INFO - | Epoch: 026/500 | Train Time: 0.131s | Train Loss: 7605.258048 |
2020-08-17 00:20:02,627 - root - INFO - | Epoch: 027/500 | Train Time: 0.132s | Train Loss: 7596.943341 |
2020-08-17 00:20:02,760 - root - INFO - | Epoch: 028/500 | Train Time: 0.134s | Train Loss: 7601.988824 |
2020-08-17 00:20:02,894 - root - INFO - | Epoch: 029/500 | Train Time: 0.134s | Train Loss: 7605.328414 |
2020-08-17 00:20:03,029 - root - INFO - | Epoch: 030/500 | Train Time: 0.135s | Train Loss: 7595.246076 |
2020-08-17 00:20:03,161 - root - INFO - | Epoch: 031/500 | Train Time: 0.131s | Train Loss: 7588.389034 |
2020-08-17 00:20:03,293 - root - INFO - | Epoch: 032/500 | Train Time: 0.133s | Train Loss: 7602.490289 |
2020-08-17 00:20:03,427 - root - INFO - | Epoch: 033/500 | Train Time: 0.133s | Train Loss: 7592.763202 |
2020-08-17 00:20:03,560 - root - INFO - | Epoch: 034/500 | Train Time: 0.133s | Train Loss: 7594.658058 |
2020-08-17 00:20:03,692 - root - INFO - | Epoch: 035/500 | Train Time: 0.132s | Train Loss: 7589.763907 |
2020-08-17 00:20:03,826 - root - INFO - | Epoch: 036/500 | Train Time: 0.134s | Train Loss: 7591.645218 |
2020-08-17 00:20:03,958 - root - INFO - | Epoch: 037/500 | Train Time: 0.132s | Train Loss: 7589.367332 |
2020-08-17 00:20:04,090 - root - INFO - | Epoch: 038/500 | Train Time: 0.132s | Train Loss: 7592.633608 |
2020-08-17 00:20:04,223 - root - INFO - | Epoch: 039/500 | Train Time: 0.133s | Train Loss: 7590.764522 |
2020-08-17 00:20:04,355 - root - INFO - | Epoch: 040/500 | Train Time: 0.132s | Train Loss: 7580.809606 |
2020-08-17 00:20:04,487 - root - INFO - | Epoch: 041/500 | Train Time: 0.132s | Train Loss: 7587.049136 |
2020-08-17 00:20:04,620 - root - INFO - | Epoch: 042/500 | Train Time: 0.133s | Train Loss: 7593.370461 |
2020-08-17 00:20:04,752 - root - INFO - | Epoch: 043/500 | Train Time: 0.132s | Train Loss: 7584.826443 |
2020-08-17 00:20:04,885 - root - INFO - | Epoch: 044/500 | Train Time: 0.132s | Train Loss: 7595.266439 |
2020-08-17 00:20:05,018 - root - INFO - | Epoch: 045/500 | Train Time: 0.133s | Train Loss: 7583.811198 |
2020-08-17 00:20:05,151 - root - INFO - | Epoch: 046/500 | Train Time: 0.133s | Train Loss: 7593.126157 |
2020-08-17 00:20:05,286 - root - INFO - | Epoch: 047/500 | Train Time: 0.135s | Train Loss: 7579.296423 |
2020-08-17 00:20:05,420 - root - INFO - | Epoch: 048/500 | Train Time: 0.134s | Train Loss: 7575.408312 |
2020-08-17 00:20:05,554 - root - INFO - | Epoch: 049/500 | Train Time: 0.133s | Train Loss: 7572.312844 |
2020-08-17 00:20:05,688 - root - INFO - | Epoch: 050/500 | Train Time: 0.135s | Train Loss: 7579.422508 |
2020-08-17 00:20:05,688 - root - INFO -   LR scheduler: new learning rate is 1e-06
2020-08-17 00:20:05,821 - root - INFO - | Epoch: 051/500 | Train Time: 0.133s | Train Loss: 7580.611455 |
2020-08-17 00:20:05,956 - root - INFO - | Epoch: 052/500 | Train Time: 0.134s | Train Loss: 7581.762659 |
2020-08-17 00:20:06,088 - root - INFO - | Epoch: 053/500 | Train Time: 0.132s | Train Loss: 7583.002496 |
2020-08-17 00:20:06,222 - root - INFO - | Epoch: 054/500 | Train Time: 0.134s | Train Loss: 7583.935276 |
2020-08-17 00:20:06,355 - root - INFO - | Epoch: 055/500 | Train Time: 0.133s | Train Loss: 7577.060601 |
2020-08-17 00:20:06,490 - root - INFO - | Epoch: 056/500 | Train Time: 0.134s | Train Loss: 7583.364005 |
2020-08-17 00:20:06,623 - root - INFO - | Epoch: 057/500 | Train Time: 0.133s | Train Loss: 7577.174172 |
2020-08-17 00:20:06,756 - root - INFO - | Epoch: 058/500 | Train Time: 0.133s | Train Loss: 7577.269875 |
2020-08-17 00:20:06,889 - root - INFO - | Epoch: 059/500 | Train Time: 0.133s | Train Loss: 7578.589518 |
2020-08-17 00:20:07,021 - root - INFO - | Epoch: 060/500 | Train Time: 0.132s | Train Loss: 7573.360894 |
2020-08-17 00:20:07,153 - root - INFO - | Epoch: 061/500 | Train Time: 0.132s | Train Loss: 7577.513835 |
2020-08-17 00:20:07,287 - root - INFO - | Epoch: 062/500 | Train Time: 0.134s | Train Loss: 7582.463487 |
2020-08-17 00:20:07,420 - root - INFO - | Epoch: 063/500 | Train Time: 0.133s | Train Loss: 7576.568052 |
2020-08-17 00:20:07,555 - root - INFO - | Epoch: 064/500 | Train Time: 0.134s | Train Loss: 7588.763907 |
2020-08-17 00:20:07,691 - root - INFO - | Epoch: 065/500 | Train Time: 0.136s | Train Loss: 7589.756311 |
2020-08-17 00:20:07,825 - root - INFO - | Epoch: 066/500 | Train Time: 0.134s | Train Loss: 7583.343244 |
2020-08-17 00:20:07,959 - root - INFO - | Epoch: 067/500 | Train Time: 0.135s | Train Loss: 7586.429959 |
2020-08-17 00:20:08,092 - root - INFO - | Epoch: 068/500 | Train Time: 0.132s | Train Loss: 7575.675184 |
2020-08-17 00:20:08,225 - root - INFO - | Epoch: 069/500 | Train Time: 0.132s | Train Loss: 7586.028610 |
2020-08-17 00:20:08,357 - root - INFO - | Epoch: 070/500 | Train Time: 0.132s | Train Loss: 7590.838867 |
2020-08-17 00:20:08,491 - root - INFO - | Epoch: 071/500 | Train Time: 0.133s | Train Loss: 7577.110406 |
2020-08-17 00:20:08,624 - root - INFO - | Epoch: 072/500 | Train Time: 0.133s | Train Loss: 7578.519947 |
2020-08-17 00:20:08,755 - root - INFO - | Epoch: 073/500 | Train Time: 0.131s | Train Loss: 7584.824635 |
2020-08-17 00:20:08,886 - root - INFO - | Epoch: 074/500 | Train Time: 0.131s | Train Loss: 7578.474953 |
2020-08-17 00:20:09,019 - root - INFO - | Epoch: 075/500 | Train Time: 0.133s | Train Loss: 7578.420844 |
2020-08-17 00:20:09,152 - root - INFO - | Epoch: 076/500 | Train Time: 0.133s | Train Loss: 7580.808684 |
2020-08-17 00:20:09,286 - root - INFO - | Epoch: 077/500 | Train Time: 0.134s | Train Loss: 7585.250090 |
2020-08-17 00:20:09,400 - root - INFO - | Epoch: 078/500 | Train Time: 0.114s | Train Loss: 7578.049769 |
2020-08-17 00:20:09,496 - root - INFO - | Epoch: 079/500 | Train Time: 0.096s | Train Loss: 7578.935276 |
2020-08-17 00:20:09,592 - root - INFO - | Epoch: 080/500 | Train Time: 0.096s | Train Loss: 7586.793981 |
2020-08-17 00:20:09,688 - root - INFO - | Epoch: 081/500 | Train Time: 0.096s | Train Loss: 7576.544289 |
2020-08-17 00:20:09,784 - root - INFO - | Epoch: 082/500 | Train Time: 0.096s | Train Loss: 7582.730704 |
2020-08-17 00:20:09,880 - root - INFO - | Epoch: 083/500 | Train Time: 0.096s | Train Loss: 7584.676667 |
2020-08-17 00:20:09,976 - root - INFO - | Epoch: 084/500 | Train Time: 0.096s | Train Loss: 7583.830404 |
2020-08-17 00:20:10,072 - root - INFO - | Epoch: 085/500 | Train Time: 0.096s | Train Loss: 7576.744593 |
2020-08-17 00:20:10,168 - root - INFO - | Epoch: 086/500 | Train Time: 0.096s | Train Loss: 7578.017271 |
2020-08-17 00:20:10,264 - root - INFO - | Epoch: 087/500 | Train Time: 0.096s | Train Loss: 7576.945855 |
2020-08-17 00:20:10,360 - root - INFO - | Epoch: 088/500 | Train Time: 0.096s | Train Loss: 7576.227611 |
2020-08-17 00:20:10,451 - root - INFO - | Epoch: 089/500 | Train Time: 0.091s | Train Loss: 7572.506040 |
2020-08-17 00:20:10,538 - root - INFO - | Epoch: 090/500 | Train Time: 0.086s | Train Loss: 7589.729745 |
2020-08-17 00:20:10,624 - root - INFO - | Epoch: 091/500 | Train Time: 0.086s | Train Loss: 7586.372776 |
2020-08-17 00:20:10,710 - root - INFO - | Epoch: 092/500 | Train Time: 0.086s | Train Loss: 7572.168927 |
2020-08-17 00:20:10,796 - root - INFO - | Epoch: 093/500 | Train Time: 0.086s | Train Loss: 7577.748698 |
2020-08-17 00:20:10,883 - root - INFO - | Epoch: 094/500 | Train Time: 0.086s | Train Loss: 7581.603262 |
2020-08-17 00:20:10,969 - root - INFO - | Epoch: 095/500 | Train Time: 0.086s | Train Loss: 7589.249349 |
2020-08-17 00:20:11,055 - root - INFO - | Epoch: 096/500 | Train Time: 0.086s | Train Loss: 7570.479185 |
2020-08-17 00:20:11,142 - root - INFO - | Epoch: 097/500 | Train Time: 0.086s | Train Loss: 7573.837439 |
2020-08-17 00:20:11,228 - root - INFO - | Epoch: 098/500 | Train Time: 0.086s | Train Loss: 7585.901223 |
2020-08-17 00:20:11,315 - root - INFO - | Epoch: 099/500 | Train Time: 0.087s | Train Loss: 7583.651114 |
2020-08-17 00:20:11,426 - root - INFO - | Epoch: 100/500 | Train Time: 0.111s | Train Loss: 7584.343623 |
2020-08-17 00:20:11,554 - root - INFO - | Epoch: 101/500 | Train Time: 0.128s | Train Loss: 7575.870605 |
2020-08-17 00:20:11,684 - root - INFO - | Epoch: 102/500 | Train Time: 0.130s | Train Loss: 7584.262099 |
2020-08-17 00:20:11,813 - root - INFO - | Epoch: 103/500 | Train Time: 0.130s | Train Loss: 7576.330603 |
2020-08-17 00:20:11,945 - root - INFO - | Epoch: 104/500 | Train Time: 0.132s | Train Loss: 7581.197284 |
2020-08-17 00:20:12,079 - root - INFO - | Epoch: 105/500 | Train Time: 0.134s | Train Loss: 7578.829481 |
2020-08-17 00:20:12,208 - root - INFO - | Epoch: 106/500 | Train Time: 0.129s | Train Loss: 7576.950702 |
2020-08-17 00:20:12,340 - root - INFO - | Epoch: 107/500 | Train Time: 0.131s | Train Loss: 7576.610243 |
2020-08-17 00:20:12,470 - root - INFO - | Epoch: 108/500 | Train Time: 0.130s | Train Loss: 7569.338361 |
2020-08-17 00:20:12,600 - root - INFO - | Epoch: 109/500 | Train Time: 0.130s | Train Loss: 7586.254069 |
2020-08-17 00:20:12,730 - root - INFO - | Epoch: 110/500 | Train Time: 0.130s | Train Loss: 7577.972258 |
2020-08-17 00:20:12,860 - root - INFO - | Epoch: 111/500 | Train Time: 0.130s | Train Loss: 7579.641095 |
2020-08-17 00:20:12,991 - root - INFO - | Epoch: 112/500 | Train Time: 0.131s | Train Loss: 7572.156847 |
2020-08-17 00:20:13,126 - root - INFO - | Epoch: 113/500 | Train Time: 0.135s | Train Loss: 7576.478172 |
2020-08-17 00:20:13,260 - root - INFO - | Epoch: 114/500 | Train Time: 0.134s | Train Loss: 7576.271412 |
2020-08-17 00:20:13,401 - root - INFO - | Epoch: 115/500 | Train Time: 0.141s | Train Loss: 7581.507885 |
2020-08-17 00:20:13,531 - root - INFO - | Epoch: 116/500 | Train Time: 0.130s | Train Loss: 7580.709147 |
2020-08-17 00:20:13,664 - root - INFO - | Epoch: 117/500 | Train Time: 0.132s | Train Loss: 7579.213361 |
2020-08-17 00:20:13,794 - root - INFO - | Epoch: 118/500 | Train Time: 0.131s | Train Loss: 7580.254376 |
2020-08-17 00:20:13,931 - root - INFO - | Epoch: 119/500 | Train Time: 0.137s | Train Loss: 7578.863408 |
2020-08-17 00:20:14,060 - root - INFO - | Epoch: 120/500 | Train Time: 0.129s | Train Loss: 7579.876754 |
2020-08-17 00:20:14,191 - root - INFO - | Epoch: 121/500 | Train Time: 0.131s | Train Loss: 7581.413990 |
2020-08-17 00:20:14,323 - root - INFO - | Epoch: 122/500 | Train Time: 0.132s | Train Loss: 7581.797146 |
2020-08-17 00:20:14,458 - root - INFO - | Epoch: 123/500 | Train Time: 0.135s | Train Loss: 7574.076154 |
2020-08-17 00:20:14,588 - root - INFO - | Epoch: 124/500 | Train Time: 0.129s | Train Loss: 7575.388021 |
2020-08-17 00:20:14,719 - root - INFO - | Epoch: 125/500 | Train Time: 0.131s | Train Loss: 7567.404351 |
2020-08-17 00:20:14,850 - root - INFO - | Epoch: 126/500 | Train Time: 0.131s | Train Loss: 7581.072229 |
2020-08-17 00:20:14,985 - root - INFO - | Epoch: 127/500 | Train Time: 0.135s | Train Loss: 7572.395110 |
2020-08-17 00:20:15,116 - root - INFO - | Epoch: 128/500 | Train Time: 0.131s | Train Loss: 7578.314742 |
2020-08-17 00:20:15,249 - root - INFO - | Epoch: 129/500 | Train Time: 0.132s | Train Loss: 7573.547182 |
2020-08-17 00:20:15,387 - root - INFO - | Epoch: 130/500 | Train Time: 0.138s | Train Loss: 7579.201208 |
2020-08-17 00:20:15,517 - root - INFO - | Epoch: 131/500 | Train Time: 0.130s | Train Loss: 7581.470920 |
2020-08-17 00:20:15,648 - root - INFO - | Epoch: 132/500 | Train Time: 0.130s | Train Loss: 7574.212710 |
2020-08-17 00:20:15,780 - root - INFO - | Epoch: 133/500 | Train Time: 0.132s | Train Loss: 7573.551649 |
2020-08-17 00:20:15,919 - root - INFO - | Epoch: 134/500 | Train Time: 0.140s | Train Loss: 7583.807545 |
2020-08-17 00:20:16,052 - root - INFO - | Epoch: 135/500 | Train Time: 0.132s | Train Loss: 7580.508898 |
2020-08-17 00:20:16,185 - root - INFO - | Epoch: 136/500 | Train Time: 0.133s | Train Loss: 7582.102412 |
2020-08-17 00:20:16,315 - root - INFO - | Epoch: 137/500 | Train Time: 0.130s | Train Loss: 7578.540274 |
2020-08-17 00:20:16,451 - root - INFO - | Epoch: 138/500 | Train Time: 0.136s | Train Loss: 7582.702492 |
2020-08-17 00:20:16,583 - root - INFO - | Epoch: 139/500 | Train Time: 0.131s | Train Loss: 7580.309335 |
2020-08-17 00:20:16,714 - root - INFO - | Epoch: 140/500 | Train Time: 0.131s | Train Loss: 7576.439164 |
2020-08-17 00:20:16,845 - root - INFO - | Epoch: 141/500 | Train Time: 0.132s | Train Loss: 7571.766837 |
2020-08-17 00:20:16,980 - root - INFO - | Epoch: 142/500 | Train Time: 0.134s | Train Loss: 7574.851761 |
2020-08-17 00:20:17,111 - root - INFO - | Epoch: 143/500 | Train Time: 0.131s | Train Loss: 7571.782353 |
2020-08-17 00:20:17,244 - root - INFO - | Epoch: 144/500 | Train Time: 0.132s | Train Loss: 7573.250705 |
2020-08-17 00:20:17,380 - root - INFO - | Epoch: 145/500 | Train Time: 0.136s | Train Loss: 7575.093226 |
2020-08-17 00:20:17,511 - root - INFO - | Epoch: 146/500 | Train Time: 0.131s | Train Loss: 7575.887044 |
2020-08-17 00:20:17,640 - root - INFO - | Epoch: 147/500 | Train Time: 0.130s | Train Loss: 7575.233869 |
2020-08-17 00:20:17,773 - root - INFO - | Epoch: 148/500 | Train Time: 0.133s | Train Loss: 7576.788990 |
2020-08-17 00:20:17,911 - root - INFO - | Epoch: 149/500 | Train Time: 0.137s | Train Loss: 7580.142289 |
2020-08-17 00:20:18,042 - root - INFO - | Epoch: 150/500 | Train Time: 0.131s | Train Loss: 7571.837692 |
2020-08-17 00:20:18,173 - root - INFO - | Epoch: 151/500 | Train Time: 0.131s | Train Loss: 7580.420645 |
2020-08-17 00:20:18,306 - root - INFO - | Epoch: 152/500 | Train Time: 0.132s | Train Loss: 7579.845558 |
2020-08-17 00:20:18,440 - root - INFO - | Epoch: 153/500 | Train Time: 0.134s | Train Loss: 7570.415365 |
2020-08-17 00:20:18,570 - root - INFO - | Epoch: 154/500 | Train Time: 0.130s | Train Loss: 7583.054525 |
2020-08-17 00:20:18,700 - root - INFO - | Epoch: 155/500 | Train Time: 0.130s | Train Loss: 7575.206272 |
2020-08-17 00:20:18,830 - root - INFO - | Epoch: 156/500 | Train Time: 0.130s | Train Loss: 7579.125380 |
2020-08-17 00:20:18,965 - root - INFO - | Epoch: 157/500 | Train Time: 0.134s | Train Loss: 7570.494774 |
2020-08-17 00:20:19,092 - root - INFO - | Epoch: 158/500 | Train Time: 0.127s | Train Loss: 7572.460196 |
2020-08-17 00:20:19,222 - root - INFO - | Epoch: 159/500 | Train Time: 0.129s | Train Loss: 7568.826859 |
2020-08-17 00:20:19,356 - root - INFO - | Epoch: 160/500 | Train Time: 0.134s | Train Loss: 7572.838053 |
2020-08-17 00:20:19,487 - root - INFO - | Epoch: 161/500 | Train Time: 0.131s | Train Loss: 7582.818884 |
2020-08-17 00:20:19,620 - root - INFO - | Epoch: 162/500 | Train Time: 0.133s | Train Loss: 7580.392253 |
2020-08-17 00:20:19,754 - root - INFO - | Epoch: 163/500 | Train Time: 0.134s | Train Loss: 7564.139938 |
2020-08-17 00:20:19,886 - root - INFO - | Epoch: 164/500 | Train Time: 0.132s | Train Loss: 7573.126863 |
2020-08-17 00:20:20,016 - root - INFO - | Epoch: 165/500 | Train Time: 0.130s | Train Loss: 7568.870407 |
2020-08-17 00:20:20,148 - root - INFO - | Epoch: 166/500 | Train Time: 0.133s | Train Loss: 7577.301577 |
2020-08-17 00:20:20,283 - root - INFO - | Epoch: 167/500 | Train Time: 0.135s | Train Loss: 7570.443251 |
2020-08-17 00:20:20,414 - root - INFO - | Epoch: 168/500 | Train Time: 0.131s | Train Loss: 7574.539424 |
2020-08-17 00:20:20,549 - root - INFO - | Epoch: 169/500 | Train Time: 0.134s | Train Loss: 7573.631076 |
2020-08-17 00:20:20,679 - root - INFO - | Epoch: 170/500 | Train Time: 0.130s | Train Loss: 7571.053892 |
2020-08-17 00:20:20,811 - root - INFO - | Epoch: 171/500 | Train Time: 0.132s | Train Loss: 7577.577582 |
2020-08-17 00:20:20,940 - root - INFO - | Epoch: 172/500 | Train Time: 0.128s | Train Loss: 7571.162236 |
2020-08-17 00:20:21,070 - root - INFO - | Epoch: 173/500 | Train Time: 0.130s | Train Loss: 7574.932129 |
2020-08-17 00:20:21,203 - root - INFO - | Epoch: 174/500 | Train Time: 0.132s | Train Loss: 7577.441189 |
2020-08-17 00:20:21,344 - root - INFO - | Epoch: 175/500 | Train Time: 0.141s | Train Loss: 7573.709907 |
2020-08-17 00:20:21,474 - root - INFO - | Epoch: 176/500 | Train Time: 0.130s | Train Loss: 7578.611925 |
2020-08-17 00:20:21,608 - root - INFO - | Epoch: 177/500 | Train Time: 0.134s | Train Loss: 7566.380172 |
2020-08-17 00:20:21,741 - root - INFO - | Epoch: 178/500 | Train Time: 0.133s | Train Loss: 7566.117423 |
2020-08-17 00:20:21,880 - root - INFO - | Epoch: 179/500 | Train Time: 0.138s | Train Loss: 7575.754123 |
2020-08-17 00:20:22,007 - root - INFO - | Epoch: 180/500 | Train Time: 0.127s | Train Loss: 7578.812012 |
2020-08-17 00:20:22,140 - root - INFO - | Epoch: 181/500 | Train Time: 0.133s | Train Loss: 7583.095287 |
2020-08-17 00:20:22,271 - root - INFO - | Epoch: 182/500 | Train Time: 0.131s | Train Loss: 7577.382288 |
2020-08-17 00:20:22,400 - root - INFO - | Epoch: 183/500 | Train Time: 0.129s | Train Loss: 7579.653791 |
2020-08-17 00:20:22,530 - root - INFO - | Epoch: 184/500 | Train Time: 0.131s | Train Loss: 7578.265173 |
2020-08-17 00:20:22,661 - root - INFO - | Epoch: 185/500 | Train Time: 0.130s | Train Loss: 7578.119068 |
2020-08-17 00:20:22,791 - root - INFO - | Epoch: 186/500 | Train Time: 0.130s | Train Loss: 7576.680212 |
2020-08-17 00:20:22,921 - root - INFO - | Epoch: 187/500 | Train Time: 0.130s | Train Loss: 7570.609230 |
2020-08-17 00:20:23,051 - root - INFO - | Epoch: 188/500 | Train Time: 0.130s | Train Loss: 7573.616211 |
2020-08-17 00:20:23,181 - root - INFO - | Epoch: 189/500 | Train Time: 0.130s | Train Loss: 7570.941442 |
2020-08-17 00:20:23,314 - root - INFO - | Epoch: 190/500 | Train Time: 0.133s | Train Loss: 7576.266999 |
2020-08-17 00:20:23,448 - root - INFO - | Epoch: 191/500 | Train Time: 0.134s | Train Loss: 7577.237684 |
2020-08-17 00:20:23,580 - root - INFO - | Epoch: 192/500 | Train Time: 0.132s | Train Loss: 7572.124910 |
2020-08-17 00:20:23,711 - root - INFO - | Epoch: 193/500 | Train Time: 0.131s | Train Loss: 7572.182834 |
2020-08-17 00:20:23,840 - root - INFO - | Epoch: 194/500 | Train Time: 0.128s | Train Loss: 7573.566497 |
2020-08-17 00:20:23,969 - root - INFO - | Epoch: 195/500 | Train Time: 0.129s | Train Loss: 7573.963578 |
2020-08-17 00:20:24,101 - root - INFO - | Epoch: 196/500 | Train Time: 0.132s | Train Loss: 7567.745967 |
2020-08-17 00:20:24,230 - root - INFO - | Epoch: 197/500 | Train Time: 0.130s | Train Loss: 7582.764178 |
2020-08-17 00:20:24,359 - root - INFO - | Epoch: 198/500 | Train Time: 0.129s | Train Loss: 7576.222475 |
2020-08-17 00:20:24,488 - root - INFO - | Epoch: 199/500 | Train Time: 0.129s | Train Loss: 7575.358290 |
2020-08-17 00:20:24,618 - root - INFO - | Epoch: 200/500 | Train Time: 0.130s | Train Loss: 7566.837330 |
2020-08-17 00:20:24,746 - root - INFO - | Epoch: 201/500 | Train Time: 0.128s | Train Loss: 7582.072609 |
2020-08-17 00:20:24,876 - root - INFO - | Epoch: 202/500 | Train Time: 0.129s | Train Loss: 7571.073369 |
2020-08-17 00:20:25,005 - root - INFO - | Epoch: 203/500 | Train Time: 0.129s | Train Loss: 7571.499982 |
2020-08-17 00:20:25,136 - root - INFO - | Epoch: 204/500 | Train Time: 0.131s | Train Loss: 7576.097493 |
2020-08-17 00:20:25,267 - root - INFO - | Epoch: 205/500 | Train Time: 0.131s | Train Loss: 7576.524486 |
2020-08-17 00:20:25,398 - root - INFO - | Epoch: 206/500 | Train Time: 0.130s | Train Loss: 7578.747034 |
2020-08-17 00:20:25,528 - root - INFO - | Epoch: 207/500 | Train Time: 0.131s | Train Loss: 7571.698242 |
2020-08-17 00:20:25,661 - root - INFO - | Epoch: 208/500 | Train Time: 0.133s | Train Loss: 7575.962836 |
2020-08-17 00:20:25,791 - root - INFO - | Epoch: 209/500 | Train Time: 0.130s | Train Loss: 7581.345667 |
2020-08-17 00:20:25,922 - root - INFO - | Epoch: 210/500 | Train Time: 0.131s | Train Loss: 7570.566008 |
2020-08-17 00:20:26,053 - root - INFO - | Epoch: 211/500 | Train Time: 0.130s | Train Loss: 7573.095450 |
2020-08-17 00:20:26,182 - root - INFO - | Epoch: 212/500 | Train Time: 0.129s | Train Loss: 7571.340278 |
2020-08-17 00:20:26,314 - root - INFO - | Epoch: 213/500 | Train Time: 0.132s | Train Loss: 7578.482892 |
2020-08-17 00:20:26,444 - root - INFO - | Epoch: 214/500 | Train Time: 0.130s | Train Loss: 7563.437645 |
2020-08-17 00:20:26,575 - root - INFO - | Epoch: 215/500 | Train Time: 0.132s | Train Loss: 7576.751501 |
2020-08-17 00:20:26,706 - root - INFO - | Epoch: 216/500 | Train Time: 0.131s | Train Loss: 7570.469401 |
2020-08-17 00:20:26,835 - root - INFO - | Epoch: 217/500 | Train Time: 0.129s | Train Loss: 7570.559860 |
2020-08-17 00:20:26,967 - root - INFO - | Epoch: 218/500 | Train Time: 0.132s | Train Loss: 7576.076407 |
2020-08-17 00:20:27,099 - root - INFO - | Epoch: 219/500 | Train Time: 0.133s | Train Loss: 7572.658746 |
2020-08-17 00:20:27,230 - root - INFO - | Epoch: 220/500 | Train Time: 0.130s | Train Loss: 7573.408890 |
2020-08-17 00:20:27,365 - root - INFO - | Epoch: 221/500 | Train Time: 0.135s | Train Loss: 7571.374783 |
2020-08-17 00:20:27,500 - root - INFO - | Epoch: 222/500 | Train Time: 0.135s | Train Loss: 7571.489837 |
2020-08-17 00:20:27,632 - root - INFO - | Epoch: 223/500 | Train Time: 0.131s | Train Loss: 7561.351472 |
2020-08-17 00:20:27,765 - root - INFO - | Epoch: 224/500 | Train Time: 0.133s | Train Loss: 7577.109972 |
2020-08-17 00:20:27,900 - root - INFO - | Epoch: 225/500 | Train Time: 0.135s | Train Loss: 7577.763509 |
2020-08-17 00:20:28,034 - root - INFO - | Epoch: 226/500 | Train Time: 0.134s | Train Loss: 7577.883464 |
2020-08-17 00:20:28,170 - root - INFO - | Epoch: 227/500 | Train Time: 0.135s | Train Loss: 7579.115198 |
2020-08-17 00:20:28,306 - root - INFO - | Epoch: 228/500 | Train Time: 0.136s | Train Loss: 7576.659035 |
2020-08-17 00:20:28,438 - root - INFO - | Epoch: 229/500 | Train Time: 0.132s | Train Loss: 7571.745985 |
2020-08-17 00:20:28,572 - root - INFO - | Epoch: 230/500 | Train Time: 0.133s | Train Loss: 7569.025734 |
2020-08-17 00:20:28,706 - root - INFO - | Epoch: 231/500 | Train Time: 0.134s | Train Loss: 7569.295085 |
2020-08-17 00:20:28,840 - root - INFO - | Epoch: 232/500 | Train Time: 0.134s | Train Loss: 7570.532353 |
2020-08-17 00:20:28,971 - root - INFO - | Epoch: 233/500 | Train Time: 0.131s | Train Loss: 7568.386339 |
2020-08-17 00:20:29,107 - root - INFO - | Epoch: 234/500 | Train Time: 0.135s | Train Loss: 7567.655997 |
2020-08-17 00:20:29,243 - root - INFO - | Epoch: 235/500 | Train Time: 0.136s | Train Loss: 7577.492839 |
2020-08-17 00:20:29,377 - root - INFO - | Epoch: 236/500 | Train Time: 0.134s | Train Loss: 7567.798720 |
2020-08-17 00:20:29,507 - root - INFO - | Epoch: 237/500 | Train Time: 0.130s | Train Loss: 7571.039334 |
2020-08-17 00:20:29,639 - root - INFO - | Epoch: 238/500 | Train Time: 0.132s | Train Loss: 7565.578812 |
2020-08-17 00:20:29,768 - root - INFO - | Epoch: 239/500 | Train Time: 0.129s | Train Loss: 7565.260634 |
2020-08-17 00:20:29,900 - root - INFO - | Epoch: 240/500 | Train Time: 0.132s | Train Loss: 7570.555592 |
2020-08-17 00:20:30,034 - root - INFO - | Epoch: 241/500 | Train Time: 0.134s | Train Loss: 7567.652036 |
2020-08-17 00:20:30,167 - root - INFO - | Epoch: 242/500 | Train Time: 0.132s | Train Loss: 7568.651060 |
2020-08-17 00:20:30,297 - root - INFO - | Epoch: 243/500 | Train Time: 0.131s | Train Loss: 7585.626718 |
2020-08-17 00:20:30,429 - root - INFO - | Epoch: 244/500 | Train Time: 0.131s | Train Loss: 7564.751736 |
2020-08-17 00:20:30,562 - root - INFO - | Epoch: 245/500 | Train Time: 0.133s | Train Loss: 7570.268338 |
2020-08-17 00:20:30,694 - root - INFO - | Epoch: 246/500 | Train Time: 0.132s | Train Loss: 7577.021665 |
2020-08-17 00:20:30,826 - root - INFO - | Epoch: 247/500 | Train Time: 0.132s | Train Loss: 7567.698911 |
2020-08-17 00:20:30,959 - root - INFO - | Epoch: 248/500 | Train Time: 0.133s | Train Loss: 7565.155635 |
2020-08-17 00:20:31,092 - root - INFO - | Epoch: 249/500 | Train Time: 0.133s | Train Loss: 7569.744900 |
2020-08-17 00:20:31,222 - root - INFO - | Epoch: 250/500 | Train Time: 0.130s | Train Loss: 7574.780997 |
2020-08-17 00:20:31,354 - root - INFO - | Epoch: 251/500 | Train Time: 0.132s | Train Loss: 7573.803186 |
2020-08-17 00:20:31,485 - root - INFO - | Epoch: 252/500 | Train Time: 0.131s | Train Loss: 7567.839500 |
2020-08-17 00:20:31,618 - root - INFO - | Epoch: 253/500 | Train Time: 0.133s | Train Loss: 7572.237703 |
2020-08-17 00:20:31,752 - root - INFO - | Epoch: 254/500 | Train Time: 0.134s | Train Loss: 7570.341128 |
2020-08-17 00:20:31,884 - root - INFO - | Epoch: 255/500 | Train Time: 0.132s | Train Loss: 7576.096734 |
2020-08-17 00:20:32,016 - root - INFO - | Epoch: 256/500 | Train Time: 0.132s | Train Loss: 7565.957339 |
2020-08-17 00:20:32,150 - root - INFO - | Epoch: 257/500 | Train Time: 0.134s | Train Loss: 7572.024613 |
2020-08-17 00:20:32,282 - root - INFO - | Epoch: 258/500 | Train Time: 0.132s | Train Loss: 7584.381221 |
2020-08-17 00:20:32,414 - root - INFO - | Epoch: 259/500 | Train Time: 0.132s | Train Loss: 7569.959328 |
2020-08-17 00:20:32,546 - root - INFO - | Epoch: 260/500 | Train Time: 0.131s | Train Loss: 7568.219889 |
2020-08-17 00:20:32,681 - root - INFO - | Epoch: 261/500 | Train Time: 0.135s | Train Loss: 7564.399342 |
2020-08-17 00:20:32,812 - root - INFO - | Epoch: 262/500 | Train Time: 0.131s | Train Loss: 7577.005516 |
2020-08-17 00:20:32,945 - root - INFO - | Epoch: 263/500 | Train Time: 0.133s | Train Loss: 7563.201389 |
2020-08-17 00:20:33,078 - root - INFO - | Epoch: 264/500 | Train Time: 0.133s | Train Loss: 7571.483579 |
2020-08-17 00:20:33,210 - root - INFO - | Epoch: 265/500 | Train Time: 0.132s | Train Loss: 7572.570132 |
2020-08-17 00:20:33,343 - root - INFO - | Epoch: 266/500 | Train Time: 0.133s | Train Loss: 7578.875036 |
2020-08-17 00:20:33,474 - root - INFO - | Epoch: 267/500 | Train Time: 0.131s | Train Loss: 7563.336697 |
2020-08-17 00:20:33,608 - root - INFO - | Epoch: 268/500 | Train Time: 0.134s | Train Loss: 7572.014070 |
2020-08-17 00:20:33,744 - root - INFO - | Epoch: 269/500 | Train Time: 0.135s | Train Loss: 7569.466815 |
2020-08-17 00:20:33,877 - root - INFO - | Epoch: 270/500 | Train Time: 0.133s | Train Loss: 7576.934914 |
2020-08-17 00:20:34,010 - root - INFO - | Epoch: 271/500 | Train Time: 0.133s | Train Loss: 7570.204029 |
2020-08-17 00:20:34,143 - root - INFO - | Epoch: 272/500 | Train Time: 0.133s | Train Loss: 7572.179380 |
2020-08-17 00:20:34,277 - root - INFO - | Epoch: 273/500 | Train Time: 0.134s | Train Loss: 7567.248662 |
2020-08-17 00:20:34,410 - root - INFO - | Epoch: 274/500 | Train Time: 0.132s | Train Loss: 7566.654261 |
2020-08-17 00:20:34,544 - root - INFO - | Epoch: 275/500 | Train Time: 0.134s | Train Loss: 7564.200720 |
2020-08-17 00:20:34,679 - root - INFO - | Epoch: 276/500 | Train Time: 0.135s | Train Loss: 7576.128689 |
2020-08-17 00:20:34,813 - root - INFO - | Epoch: 277/500 | Train Time: 0.134s | Train Loss: 7564.225170 |
2020-08-17 00:20:34,947 - root - INFO - | Epoch: 278/500 | Train Time: 0.134s | Train Loss: 7562.324544 |
2020-08-17 00:20:35,081 - root - INFO - | Epoch: 279/500 | Train Time: 0.133s | Train Loss: 7561.935493 |
2020-08-17 00:20:35,213 - root - INFO - | Epoch: 280/500 | Train Time: 0.133s | Train Loss: 7574.412724 |
2020-08-17 00:20:35,346 - root - INFO - | Epoch: 281/500 | Train Time: 0.133s | Train Loss: 7563.701913 |
2020-08-17 00:20:35,480 - root - INFO - | Epoch: 282/500 | Train Time: 0.134s | Train Loss: 7574.770056 |
2020-08-17 00:20:35,614 - root - INFO - | Epoch: 283/500 | Train Time: 0.134s | Train Loss: 7562.343732 |
2020-08-17 00:20:35,748 - root - INFO - | Epoch: 284/500 | Train Time: 0.134s | Train Loss: 7563.361093 |
2020-08-17 00:20:35,881 - root - INFO - | Epoch: 285/500 | Train Time: 0.133s | Train Loss: 7576.462728 |
2020-08-17 00:20:36,013 - root - INFO - | Epoch: 286/500 | Train Time: 0.132s | Train Loss: 7569.547653 |
2020-08-17 00:20:36,146 - root - INFO - | Epoch: 287/500 | Train Time: 0.133s | Train Loss: 7568.324164 |
2020-08-17 00:20:36,278 - root - INFO - | Epoch: 288/500 | Train Time: 0.132s | Train Loss: 7568.620171 |
2020-08-17 00:20:36,410 - root - INFO - | Epoch: 289/500 | Train Time: 0.132s | Train Loss: 7566.187301 |
2020-08-17 00:20:36,545 - root - INFO - | Epoch: 290/500 | Train Time: 0.134s | Train Loss: 7569.578848 |
2020-08-17 00:20:36,688 - root - INFO - | Epoch: 291/500 | Train Time: 0.143s | Train Loss: 7576.787001 |
2020-08-17 00:20:36,824 - root - INFO - | Epoch: 292/500 | Train Time: 0.136s | Train Loss: 7564.671748 |
2020-08-17 00:20:36,959 - root - INFO - | Epoch: 293/500 | Train Time: 0.135s | Train Loss: 7568.407841 |
2020-08-17 00:20:37,095 - root - INFO - | Epoch: 294/500 | Train Time: 0.135s | Train Loss: 7560.500543 |
2020-08-17 00:20:37,231 - root - INFO - | Epoch: 295/500 | Train Time: 0.137s | Train Loss: 7568.816334 |
2020-08-17 00:20:37,369 - root - INFO - | Epoch: 296/500 | Train Time: 0.138s | Train Loss: 7573.649016 |
2020-08-17 00:20:37,505 - root - INFO - | Epoch: 297/500 | Train Time: 0.136s | Train Loss: 7572.424552 |
2020-08-17 00:20:37,641 - root - INFO - | Epoch: 298/500 | Train Time: 0.136s | Train Loss: 7558.336028 |
2020-08-17 00:20:37,779 - root - INFO - | Epoch: 299/500 | Train Time: 0.137s | Train Loss: 7574.520689 |
2020-08-17 00:20:37,915 - root - INFO - | Epoch: 300/500 | Train Time: 0.136s | Train Loss: 7566.780852 |
2020-08-17 00:20:38,052 - root - INFO - | Epoch: 301/500 | Train Time: 0.137s | Train Loss: 7556.907643 |
2020-08-17 00:20:38,190 - root - INFO - | Epoch: 302/500 | Train Time: 0.137s | Train Loss: 7570.389667 |
2020-08-17 00:20:38,326 - root - INFO - | Epoch: 303/500 | Train Time: 0.136s | Train Loss: 7567.601707 |
2020-08-17 00:20:38,461 - root - INFO - | Epoch: 304/500 | Train Time: 0.134s | Train Loss: 7575.077582 |
2020-08-17 00:20:38,603 - root - INFO - | Epoch: 305/500 | Train Time: 0.142s | Train Loss: 7572.176523 |
2020-08-17 00:20:38,736 - root - INFO - | Epoch: 306/500 | Train Time: 0.133s | Train Loss: 7570.463343 |
2020-08-17 00:20:38,869 - root - INFO - | Epoch: 307/500 | Train Time: 0.133s | Train Loss: 7570.491265 |
2020-08-17 00:20:39,007 - root - INFO - | Epoch: 308/500 | Train Time: 0.137s | Train Loss: 7576.676921 |
2020-08-17 00:20:39,142 - root - INFO - | Epoch: 309/500 | Train Time: 0.136s | Train Loss: 7568.771593 |
2020-08-17 00:20:39,276 - root - INFO - | Epoch: 310/500 | Train Time: 0.134s | Train Loss: 7561.345486 |
2020-08-17 00:20:39,414 - root - INFO - | Epoch: 311/500 | Train Time: 0.138s | Train Loss: 7568.971029 |
2020-08-17 00:20:39,552 - root - INFO - | Epoch: 312/500 | Train Time: 0.138s | Train Loss: 7561.380697 |
2020-08-17 00:20:39,688 - root - INFO - | Epoch: 313/500 | Train Time: 0.136s | Train Loss: 7574.549696 |
2020-08-17 00:20:39,825 - root - INFO - | Epoch: 314/500 | Train Time: 0.136s | Train Loss: 7563.967159 |
2020-08-17 00:20:39,961 - root - INFO - | Epoch: 315/500 | Train Time: 0.136s | Train Loss: 7566.779026 |
2020-08-17 00:20:40,099 - root - INFO - | Epoch: 316/500 | Train Time: 0.138s | Train Loss: 7565.887008 |
2020-08-17 00:20:40,236 - root - INFO - | Epoch: 317/500 | Train Time: 0.137s | Train Loss: 7566.865777 |
2020-08-17 00:20:40,374 - root - INFO - | Epoch: 318/500 | Train Time: 0.138s | Train Loss: 7563.896738 |
2020-08-17 00:20:40,509 - root - INFO - | Epoch: 319/500 | Train Time: 0.135s | Train Loss: 7563.001483 |
2020-08-17 00:20:40,646 - root - INFO - | Epoch: 320/500 | Train Time: 0.137s | Train Loss: 7567.265245 |
2020-08-17 00:20:40,783 - root - INFO - | Epoch: 321/500 | Train Time: 0.137s | Train Loss: 7578.062355 |
2020-08-17 00:20:40,920 - root - INFO - | Epoch: 322/500 | Train Time: 0.137s | Train Loss: 7570.886737 |
2020-08-17 00:20:41,057 - root - INFO - | Epoch: 323/500 | Train Time: 0.137s | Train Loss: 7567.868490 |
2020-08-17 00:20:41,205 - root - INFO - | Epoch: 324/500 | Train Time: 0.148s | Train Loss: 7567.685583 |
2020-08-17 00:20:41,347 - root - INFO - | Epoch: 325/500 | Train Time: 0.142s | Train Loss: 7560.961408 |
2020-08-17 00:20:41,484 - root - INFO - | Epoch: 326/500 | Train Time: 0.137s | Train Loss: 7565.059570 |
2020-08-17 00:20:41,622 - root - INFO - | Epoch: 327/500 | Train Time: 0.138s | Train Loss: 7567.312572 |
2020-08-17 00:20:41,759 - root - INFO - | Epoch: 328/500 | Train Time: 0.137s | Train Loss: 7561.135706 |
2020-08-17 00:20:41,895 - root - INFO - | Epoch: 329/500 | Train Time: 0.136s | Train Loss: 7578.016222 |
2020-08-17 00:20:42,028 - root - INFO - | Epoch: 330/500 | Train Time: 0.133s | Train Loss: 7561.162941 |
2020-08-17 00:20:42,164 - root - INFO - | Epoch: 331/500 | Train Time: 0.136s | Train Loss: 7572.722023 |
2020-08-17 00:20:42,300 - root - INFO - | Epoch: 332/500 | Train Time: 0.135s | Train Loss: 7564.400843 |
2020-08-17 00:20:42,432 - root - INFO - | Epoch: 333/500 | Train Time: 0.133s | Train Loss: 7559.550112 |
2020-08-17 00:20:42,567 - root - INFO - | Epoch: 334/500 | Train Time: 0.135s | Train Loss: 7572.924986 |
2020-08-17 00:20:42,702 - root - INFO - | Epoch: 335/500 | Train Time: 0.135s | Train Loss: 7571.666829 |
2020-08-17 00:20:42,836 - root - INFO - | Epoch: 336/500 | Train Time: 0.134s | Train Loss: 7570.857458 |
2020-08-17 00:20:42,970 - root - INFO - | Epoch: 337/500 | Train Time: 0.134s | Train Loss: 7567.440303 |
2020-08-17 00:20:43,108 - root - INFO - | Epoch: 338/500 | Train Time: 0.138s | Train Loss: 7566.972765 |
2020-08-17 00:20:43,243 - root - INFO - | Epoch: 339/500 | Train Time: 0.135s | Train Loss: 7574.343822 |
2020-08-17 00:20:43,379 - root - INFO - | Epoch: 340/500 | Train Time: 0.135s | Train Loss: 7560.275174 |
2020-08-17 00:20:43,511 - root - INFO - | Epoch: 341/500 | Train Time: 0.133s | Train Loss: 7563.834219 |
2020-08-17 00:20:43,646 - root - INFO - | Epoch: 342/500 | Train Time: 0.134s | Train Loss: 7579.503942 |
2020-08-17 00:20:43,782 - root - INFO - | Epoch: 343/500 | Train Time: 0.136s | Train Loss: 7568.753038 |
2020-08-17 00:20:43,918 - root - INFO - | Epoch: 344/500 | Train Time: 0.136s | Train Loss: 7560.941587 |
2020-08-17 00:20:44,059 - root - INFO - | Epoch: 345/500 | Train Time: 0.141s | Train Loss: 7562.467520 |
2020-08-17 00:20:44,196 - root - INFO - | Epoch: 346/500 | Train Time: 0.136s | Train Loss: 7567.430483 |
2020-08-17 00:20:44,332 - root - INFO - | Epoch: 347/500 | Train Time: 0.136s | Train Loss: 7569.064073 |
2020-08-17 00:20:44,468 - root - INFO - | Epoch: 348/500 | Train Time: 0.136s | Train Loss: 7569.289497 |
2020-08-17 00:20:44,606 - root - INFO - | Epoch: 349/500 | Train Time: 0.138s | Train Loss: 7566.477575 |
2020-08-17 00:20:44,744 - root - INFO - | Epoch: 350/500 | Train Time: 0.138s | Train Loss: 7564.783583 |
2020-08-17 00:20:44,881 - root - INFO - | Epoch: 351/500 | Train Time: 0.137s | Train Loss: 7567.720396 |
2020-08-17 00:20:45,013 - root - INFO - | Epoch: 352/500 | Train Time: 0.132s | Train Loss: 7564.762207 |
2020-08-17 00:20:45,147 - root - INFO - | Epoch: 353/500 | Train Time: 0.134s | Train Loss: 7570.831832 |
2020-08-17 00:20:45,283 - root - INFO - | Epoch: 354/500 | Train Time: 0.135s | Train Loss: 7571.232639 |
2020-08-17 00:20:45,417 - root - INFO - | Epoch: 355/500 | Train Time: 0.134s | Train Loss: 7566.946217 |
2020-08-17 00:20:45,550 - root - INFO - | Epoch: 356/500 | Train Time: 0.133s | Train Loss: 7570.530111 |
2020-08-17 00:20:45,686 - root - INFO - | Epoch: 357/500 | Train Time: 0.136s | Train Loss: 7570.380769 |
2020-08-17 00:20:45,823 - root - INFO - | Epoch: 358/500 | Train Time: 0.137s | Train Loss: 7562.128671 |
2020-08-17 00:20:45,956 - root - INFO - | Epoch: 359/500 | Train Time: 0.133s | Train Loss: 7565.525680 |
2020-08-17 00:20:46,093 - root - INFO - | Epoch: 360/500 | Train Time: 0.136s | Train Loss: 7575.896828 |
2020-08-17 00:20:46,227 - root - INFO - | Epoch: 361/500 | Train Time: 0.135s | Train Loss: 7556.761556 |
2020-08-17 00:20:46,361 - root - INFO - | Epoch: 362/500 | Train Time: 0.134s | Train Loss: 7568.707104 |
2020-08-17 00:20:46,491 - root - INFO - | Epoch: 363/500 | Train Time: 0.130s | Train Loss: 7566.907570 |
2020-08-17 00:20:46,625 - root - INFO - | Epoch: 364/500 | Train Time: 0.134s | Train Loss: 7567.455404 |
2020-08-17 00:20:46,759 - root - INFO - | Epoch: 365/500 | Train Time: 0.135s | Train Loss: 7570.595974 |
2020-08-17 00:20:46,895 - root - INFO - | Epoch: 366/500 | Train Time: 0.136s | Train Loss: 7572.157697 |
2020-08-17 00:20:47,023 - root - INFO - | Epoch: 367/500 | Train Time: 0.128s | Train Loss: 7561.737865 |
2020-08-17 00:20:47,156 - root - INFO - | Epoch: 368/500 | Train Time: 0.133s | Train Loss: 7576.313585 |
2020-08-17 00:20:47,290 - root - INFO - | Epoch: 369/500 | Train Time: 0.134s | Train Loss: 7556.874674 |
2020-08-17 00:20:47,423 - root - INFO - | Epoch: 370/500 | Train Time: 0.133s | Train Loss: 7569.748535 |
2020-08-17 00:20:47,557 - root - INFO - | Epoch: 371/500 | Train Time: 0.134s | Train Loss: 7570.898618 |
2020-08-17 00:20:47,695 - root - INFO - | Epoch: 372/500 | Train Time: 0.138s | Train Loss: 7564.165853 |
2020-08-17 00:20:47,827 - root - INFO - | Epoch: 373/500 | Train Time: 0.132s | Train Loss: 7570.260652 |
2020-08-17 00:20:47,958 - root - INFO - | Epoch: 374/500 | Train Time: 0.130s | Train Loss: 7573.841706 |
2020-08-17 00:20:48,091 - root - INFO - | Epoch: 375/500 | Train Time: 0.133s | Train Loss: 7564.576624 |
2020-08-17 00:20:48,224 - root - INFO - | Epoch: 376/500 | Train Time: 0.133s | Train Loss: 7576.532516 |
2020-08-17 00:20:48,357 - root - INFO - | Epoch: 377/500 | Train Time: 0.132s | Train Loss: 7565.922653 |
2020-08-17 00:20:48,488 - root - INFO - | Epoch: 378/500 | Train Time: 0.132s | Train Loss: 7554.494647 |
2020-08-17 00:20:48,622 - root - INFO - | Epoch: 379/500 | Train Time: 0.133s | Train Loss: 7569.233796 |
2020-08-17 00:20:48,755 - root - INFO - | Epoch: 380/500 | Train Time: 0.133s | Train Loss: 7564.681333 |
2020-08-17 00:20:48,887 - root - INFO - | Epoch: 381/500 | Train Time: 0.132s | Train Loss: 7561.916630 |
2020-08-17 00:20:49,016 - root - INFO - | Epoch: 382/500 | Train Time: 0.129s | Train Loss: 7563.133247 |
2020-08-17 00:20:49,150 - root - INFO - | Epoch: 383/500 | Train Time: 0.133s | Train Loss: 7567.232404 |
2020-08-17 00:20:49,282 - root - INFO - | Epoch: 384/500 | Train Time: 0.133s | Train Loss: 7571.514124 |
2020-08-17 00:20:49,415 - root - INFO - | Epoch: 385/500 | Train Time: 0.132s | Train Loss: 7559.280888 |
2020-08-17 00:20:49,544 - root - INFO - | Epoch: 386/500 | Train Time: 0.129s | Train Loss: 7566.013328 |
2020-08-17 00:20:49,677 - root - INFO - | Epoch: 387/500 | Train Time: 0.133s | Train Loss: 7570.713994 |
2020-08-17 00:20:49,811 - root - INFO - | Epoch: 388/500 | Train Time: 0.134s | Train Loss: 7570.208098 |
2020-08-17 00:20:49,940 - root - INFO - | Epoch: 389/500 | Train Time: 0.129s | Train Loss: 7561.152344 |
2020-08-17 00:20:50,071 - root - INFO - | Epoch: 390/500 | Train Time: 0.131s | Train Loss: 7570.957031 |
2020-08-17 00:20:50,204 - root - INFO - | Epoch: 391/500 | Train Time: 0.133s | Train Loss: 7567.905671 |
2020-08-17 00:20:50,336 - root - INFO - | Epoch: 392/500 | Train Time: 0.132s | Train Loss: 7567.722638 |
2020-08-17 00:20:50,463 - root - INFO - | Epoch: 393/500 | Train Time: 0.127s | Train Loss: 7561.415021 |
2020-08-17 00:20:50,597 - root - INFO - | Epoch: 394/500 | Train Time: 0.134s | Train Loss: 7566.170573 |
2020-08-17 00:20:50,729 - root - INFO - | Epoch: 395/500 | Train Time: 0.132s | Train Loss: 7563.566479 |
2020-08-17 00:20:50,862 - root - INFO - | Epoch: 396/500 | Train Time: 0.133s | Train Loss: 7563.777796 |
2020-08-17 00:20:50,993 - root - INFO - | Epoch: 397/500 | Train Time: 0.130s | Train Loss: 7568.372830 |
2020-08-17 00:20:51,126 - root - INFO - | Epoch: 398/500 | Train Time: 0.133s | Train Loss: 7565.655762 |
2020-08-17 00:20:51,259 - root - INFO - | Epoch: 399/500 | Train Time: 0.133s | Train Loss: 7562.850441 |
2020-08-17 00:20:51,391 - root - INFO - | Epoch: 400/500 | Train Time: 0.132s | Train Loss: 7565.312410 |
2020-08-17 00:20:51,519 - root - INFO - | Epoch: 401/500 | Train Time: 0.128s | Train Loss: 7563.142904 |
2020-08-17 00:20:51,651 - root - INFO - | Epoch: 402/500 | Train Time: 0.132s | Train Loss: 7566.275752 |
2020-08-17 00:20:51,784 - root - INFO - | Epoch: 403/500 | Train Time: 0.133s | Train Loss: 7561.552662 |
2020-08-17 00:20:51,918 - root - INFO - | Epoch: 404/500 | Train Time: 0.134s | Train Loss: 7555.615759 |
2020-08-17 00:20:52,049 - root - INFO - | Epoch: 405/500 | Train Time: 0.130s | Train Loss: 7559.477629 |
2020-08-17 00:20:52,184 - root - INFO - | Epoch: 406/500 | Train Time: 0.135s | Train Loss: 7566.321506 |
2020-08-17 00:20:52,319 - root - INFO - | Epoch: 407/500 | Train Time: 0.135s | Train Loss: 7569.402941 |
2020-08-17 00:20:52,449 - root - INFO - | Epoch: 408/500 | Train Time: 0.129s | Train Loss: 7556.675112 |
2020-08-17 00:20:52,581 - root - INFO - | Epoch: 409/500 | Train Time: 0.132s | Train Loss: 7562.615795 |
2020-08-17 00:20:52,715 - root - INFO - | Epoch: 410/500 | Train Time: 0.134s | Train Loss: 7563.767867 |
2020-08-17 00:20:52,848 - root - INFO - | Epoch: 411/500 | Train Time: 0.133s | Train Loss: 7564.567473 |
2020-08-17 00:20:52,977 - root - INFO - | Epoch: 412/500 | Train Time: 0.128s | Train Loss: 7571.725676 |
2020-08-17 00:20:53,110 - root - INFO - | Epoch: 413/500 | Train Time: 0.133s | Train Loss: 7572.332881 |
2020-08-17 00:20:53,244 - root - INFO - | Epoch: 414/500 | Train Time: 0.134s | Train Loss: 7566.290039 |
2020-08-17 00:20:53,374 - root - INFO - | Epoch: 415/500 | Train Time: 0.130s | Train Loss: 7560.328559 |
2020-08-17 00:20:53,476 - root - INFO - | Epoch: 416/500 | Train Time: 0.102s | Train Loss: 7570.040455 |
2020-08-17 00:20:53,572 - root - INFO - | Epoch: 417/500 | Train Time: 0.096s | Train Loss: 7564.516330 |
2020-08-17 00:20:53,668 - root - INFO - | Epoch: 418/500 | Train Time: 0.096s | Train Loss: 7564.812229 |
2020-08-17 00:20:53,764 - root - INFO - | Epoch: 419/500 | Train Time: 0.096s | Train Loss: 7565.584111 |
2020-08-17 00:20:53,860 - root - INFO - | Epoch: 420/500 | Train Time: 0.096s | Train Loss: 7559.837348 |
2020-08-17 00:20:53,956 - root - INFO - | Epoch: 421/500 | Train Time: 0.096s | Train Loss: 7558.350242 |
2020-08-17 00:20:54,080 - root - INFO - | Epoch: 422/500 | Train Time: 0.124s | Train Loss: 7562.723416 |
2020-08-17 00:20:54,209 - root - INFO - | Epoch: 423/500 | Train Time: 0.129s | Train Loss: 7564.068287 |
2020-08-17 00:20:54,347 - root - INFO - | Epoch: 424/500 | Train Time: 0.138s | Train Loss: 7564.264630 |
2020-08-17 00:20:54,480 - root - INFO - | Epoch: 425/500 | Train Time: 0.133s | Train Loss: 7569.047399 |
2020-08-17 00:20:54,612 - root - INFO - | Epoch: 426/500 | Train Time: 0.132s | Train Loss: 7563.206217 |
2020-08-17 00:20:54,711 - root - INFO - | Epoch: 427/500 | Train Time: 0.098s | Train Loss: 7567.216887 |
2020-08-17 00:20:54,806 - root - INFO - | Epoch: 428/500 | Train Time: 0.096s | Train Loss: 7567.763202 |
2020-08-17 00:20:54,902 - root - INFO - | Epoch: 429/500 | Train Time: 0.096s | Train Loss: 7571.983145 |
2020-08-17 00:20:54,998 - root - INFO - | Epoch: 430/500 | Train Time: 0.096s | Train Loss: 7563.519586 |
2020-08-17 00:20:55,094 - root - INFO - | Epoch: 431/500 | Train Time: 0.095s | Train Loss: 7565.323966 |
2020-08-17 00:20:55,189 - root - INFO - | Epoch: 432/500 | Train Time: 0.096s | Train Loss: 7556.581887 |
2020-08-17 00:20:55,285 - root - INFO - | Epoch: 433/500 | Train Time: 0.096s | Train Loss: 7562.507360 |
2020-08-17 00:20:55,379 - root - INFO - | Epoch: 434/500 | Train Time: 0.094s | Train Loss: 7557.140336 |
2020-08-17 00:20:55,467 - root - INFO - | Epoch: 435/500 | Train Time: 0.088s | Train Loss: 7561.934516 |
2020-08-17 00:20:55,553 - root - INFO - | Epoch: 436/500 | Train Time: 0.086s | Train Loss: 7566.713632 |
2020-08-17 00:20:55,640 - root - INFO - | Epoch: 437/500 | Train Time: 0.086s | Train Loss: 7571.164062 |
2020-08-17 00:20:55,726 - root - INFO - | Epoch: 438/500 | Train Time: 0.086s | Train Loss: 7558.609266 |
2020-08-17 00:20:55,812 - root - INFO - | Epoch: 439/500 | Train Time: 0.086s | Train Loss: 7564.226924 |
2020-08-17 00:20:55,898 - root - INFO - | Epoch: 440/500 | Train Time: 0.086s | Train Loss: 7566.652199 |
2020-08-17 00:20:55,984 - root - INFO - | Epoch: 441/500 | Train Time: 0.086s | Train Loss: 7574.735677 |
2020-08-17 00:20:56,070 - root - INFO - | Epoch: 442/500 | Train Time: 0.086s | Train Loss: 7567.636538 |
2020-08-17 00:20:56,156 - root - INFO - | Epoch: 443/500 | Train Time: 0.086s | Train Loss: 7569.014305 |
2020-08-17 00:20:56,242 - root - INFO - | Epoch: 444/500 | Train Time: 0.086s | Train Loss: 7566.915545 |
2020-08-17 00:20:56,328 - root - INFO - | Epoch: 445/500 | Train Time: 0.086s | Train Loss: 7562.296568 |
2020-08-17 00:20:56,415 - root - INFO - | Epoch: 446/500 | Train Time: 0.086s | Train Loss: 7564.736672 |
2020-08-17 00:20:56,501 - root - INFO - | Epoch: 447/500 | Train Time: 0.086s | Train Loss: 7563.857838 |
2020-08-17 00:20:56,587 - root - INFO - | Epoch: 448/500 | Train Time: 0.086s | Train Loss: 7558.313513 |
2020-08-17 00:20:56,673 - root - INFO - | Epoch: 449/500 | Train Time: 0.086s | Train Loss: 7568.332031 |
2020-08-17 00:20:56,760 - root - INFO - | Epoch: 450/500 | Train Time: 0.086s | Train Loss: 7563.977702 |
2020-08-17 00:20:56,846 - root - INFO - | Epoch: 451/500 | Train Time: 0.086s | Train Loss: 7558.484520 |
2020-08-17 00:20:56,932 - root - INFO - | Epoch: 452/500 | Train Time: 0.086s | Train Loss: 7563.670736 |
2020-08-17 00:20:57,018 - root - INFO - | Epoch: 453/500 | Train Time: 0.086s | Train Loss: 7563.734357 |
2020-08-17 00:20:57,104 - root - INFO - | Epoch: 454/500 | Train Time: 0.086s | Train Loss: 7557.533420 |
2020-08-17 00:20:57,190 - root - INFO - | Epoch: 455/500 | Train Time: 0.086s | Train Loss: 7578.899197 |
2020-08-17 00:20:57,277 - root - INFO - | Epoch: 456/500 | Train Time: 0.086s | Train Loss: 7568.062048 |
2020-08-17 00:20:57,363 - root - INFO - | Epoch: 457/500 | Train Time: 0.086s | Train Loss: 7560.768084 |
2020-08-17 00:20:57,450 - root - INFO - | Epoch: 458/500 | Train Time: 0.086s | Train Loss: 7558.471897 |
2020-08-17 00:20:57,536 - root - INFO - | Epoch: 459/500 | Train Time: 0.086s | Train Loss: 7572.941569 |
2020-08-17 00:20:57,622 - root - INFO - | Epoch: 460/500 | Train Time: 0.086s | Train Loss: 7574.095161 |
2020-08-17 00:20:57,708 - root - INFO - | Epoch: 461/500 | Train Time: 0.086s | Train Loss: 7562.753364 |
2020-08-17 00:20:57,795 - root - INFO - | Epoch: 462/500 | Train Time: 0.086s | Train Loss: 7562.738516 |
2020-08-17 00:20:57,881 - root - INFO - | Epoch: 463/500 | Train Time: 0.086s | Train Loss: 7564.620316 |
2020-08-17 00:20:57,968 - root - INFO - | Epoch: 464/500 | Train Time: 0.086s | Train Loss: 7559.407715 |
2020-08-17 00:20:58,054 - root - INFO - | Epoch: 465/500 | Train Time: 0.086s | Train Loss: 7566.296495 |
2020-08-17 00:20:58,140 - root - INFO - | Epoch: 466/500 | Train Time: 0.086s | Train Loss: 7567.417065 |
2020-08-17 00:20:58,226 - root - INFO - | Epoch: 467/500 | Train Time: 0.086s | Train Loss: 7569.139721 |
2020-08-17 00:20:58,312 - root - INFO - | Epoch: 468/500 | Train Time: 0.086s | Train Loss: 7565.912109 |
2020-08-17 00:20:58,399 - root - INFO - | Epoch: 469/500 | Train Time: 0.086s | Train Loss: 7563.553277 |
2020-08-17 00:20:58,485 - root - INFO - | Epoch: 470/500 | Train Time: 0.086s | Train Loss: 7563.852268 |
2020-08-17 00:20:58,571 - root - INFO - | Epoch: 471/500 | Train Time: 0.086s | Train Loss: 7561.258120 |
2020-08-17 00:20:58,658 - root - INFO - | Epoch: 472/500 | Train Time: 0.086s | Train Loss: 7575.714663 |
2020-08-17 00:20:58,744 - root - INFO - | Epoch: 473/500 | Train Time: 0.086s | Train Loss: 7550.704680 |
2020-08-17 00:20:58,830 - root - INFO - | Epoch: 474/500 | Train Time: 0.086s | Train Loss: 7561.925673 |
2020-08-17 00:20:58,916 - root - INFO - | Epoch: 475/500 | Train Time: 0.086s | Train Loss: 7567.277199 |
2020-08-17 00:20:59,003 - root - INFO - | Epoch: 476/500 | Train Time: 0.086s | Train Loss: 7559.423539 |
2020-08-17 00:20:59,089 - root - INFO - | Epoch: 477/500 | Train Time: 0.086s | Train Loss: 7567.304055 |
2020-08-17 00:20:59,176 - root - INFO - | Epoch: 478/500 | Train Time: 0.086s | Train Loss: 7569.137750 |
2020-08-17 00:20:59,262 - root - INFO - | Epoch: 479/500 | Train Time: 0.086s | Train Loss: 7559.003237 |
2020-08-17 00:20:59,348 - root - INFO - | Epoch: 480/500 | Train Time: 0.086s | Train Loss: 7560.114565 |
2020-08-17 00:20:59,435 - root - INFO - | Epoch: 481/500 | Train Time: 0.087s | Train Loss: 7559.483218 |
2020-08-17 00:20:59,521 - root - INFO - | Epoch: 482/500 | Train Time: 0.086s | Train Loss: 7563.426541 |
2020-08-17 00:20:59,608 - root - INFO - | Epoch: 483/500 | Train Time: 0.086s | Train Loss: 7559.593750 |
2020-08-17 00:20:59,694 - root - INFO - | Epoch: 484/500 | Train Time: 0.086s | Train Loss: 7557.836390 |
2020-08-17 00:20:59,780 - root - INFO - | Epoch: 485/500 | Train Time: 0.086s | Train Loss: 7559.563675 |
2020-08-17 00:20:59,867 - root - INFO - | Epoch: 486/500 | Train Time: 0.087s | Train Loss: 7561.281811 |
2020-08-17 00:20:59,953 - root - INFO - | Epoch: 487/500 | Train Time: 0.087s | Train Loss: 7559.997649 |
2020-08-17 00:21:00,040 - root - INFO - | Epoch: 488/500 | Train Time: 0.086s | Train Loss: 7562.998879 |
2020-08-17 00:21:00,126 - root - INFO - | Epoch: 489/500 | Train Time: 0.086s | Train Loss: 7561.944065 |
2020-08-17 00:21:00,213 - root - INFO - | Epoch: 490/500 | Train Time: 0.086s | Train Loss: 7548.446343 |
2020-08-17 00:21:00,299 - root - INFO - | Epoch: 491/500 | Train Time: 0.086s | Train Loss: 7558.965856 |
2020-08-17 00:21:00,386 - root - INFO - | Epoch: 492/500 | Train Time: 0.086s | Train Loss: 7561.246871 |
2020-08-17 00:21:00,472 - root - INFO - | Epoch: 493/500 | Train Time: 0.086s | Train Loss: 7559.105740 |
2020-08-17 00:21:00,558 - root - INFO - | Epoch: 494/500 | Train Time: 0.086s | Train Loss: 7562.893862 |
2020-08-17 00:21:00,645 - root - INFO - | Epoch: 495/500 | Train Time: 0.086s | Train Loss: 7554.885037 |
2020-08-17 00:21:00,731 - root - INFO - | Epoch: 496/500 | Train Time: 0.086s | Train Loss: 7561.154026 |
2020-08-17 00:21:00,817 - root - INFO - | Epoch: 497/500 | Train Time: 0.086s | Train Loss: 7567.491826 |
2020-08-17 00:21:00,903 - root - INFO - | Epoch: 498/500 | Train Time: 0.086s | Train Loss: 7553.632831 |
2020-08-17 00:21:00,990 - root - INFO - | Epoch: 499/500 | Train Time: 0.086s | Train Loss: 7561.883916 |
2020-08-17 00:21:01,076 - root - INFO - | Epoch: 500/500 | Train Time: 0.087s | Train Loss: 7557.348054 |
2020-08-17 00:21:01,076 - root - INFO - Training Time: 61.977s
2020-08-17 00:21:01,077 - root - INFO - Finished training.
2020-08-17 00:21:01,077 - root - INFO - Starting testing...
2020-08-17 00:21:01,088 - root - INFO - Test Time: 0.011s
2020-08-17 00:21:01,088 - root - INFO - Finished testing.
2020-08-17 00:21:01,150 - root - INFO - Starting testing...
2020-08-17 00:21:01,168 - root - INFO - Test Time: 0.017s
2020-08-17 00:21:01,168 - root - INFO - Finished testing.
