2020-08-17 03:00:12,806 - root - INFO - I am pre-training for you.
2020-08-17 03:00:15,919 - root - INFO - | Epoch: 001/100 | Train Time: 1.302s | Train Loss: 5158.017927 |
2020-08-17 03:00:17,229 - root - INFO - | Epoch: 002/100 | Train Time: 1.309s | Train Loss: 5149.108674 |
2020-08-17 03:00:18,544 - root - INFO - | Epoch: 003/100 | Train Time: 1.315s | Train Loss: 5147.762638 |
2020-08-17 03:00:19,522 - root - INFO - | Epoch: 004/100 | Train Time: 0.977s | Train Loss: 5147.473044 |
2020-08-17 03:00:20,401 - root - INFO - | Epoch: 005/100 | Train Time: 0.879s | Train Loss: 5147.341622 |
2020-08-17 03:00:21,266 - root - INFO - | Epoch: 006/100 | Train Time: 0.865s | Train Loss: 5147.327056 |
2020-08-17 03:00:22,131 - root - INFO - | Epoch: 007/100 | Train Time: 0.864s | Train Loss: 5147.465142 |
2020-08-17 03:00:22,998 - root - INFO - | Epoch: 008/100 | Train Time: 0.866s | Train Loss: 5147.336029 |
2020-08-17 03:00:23,864 - root - INFO - | Epoch: 009/100 | Train Time: 0.866s | Train Loss: 5136.438153 |
2020-08-17 03:00:24,727 - root - INFO - | Epoch: 010/100 | Train Time: 0.863s | Train Loss: 5147.066547 |
2020-08-17 03:00:25,589 - root - INFO - | Epoch: 011/100 | Train Time: 0.862s | Train Loss: 5147.143937 |
2020-08-17 03:00:26,454 - root - INFO - | Epoch: 012/100 | Train Time: 0.864s | Train Loss: 5146.569949 |
2020-08-17 03:00:27,318 - root - INFO - | Epoch: 013/100 | Train Time: 0.864s | Train Loss: 5120.448565 |
2020-08-17 03:00:28,184 - root - INFO - | Epoch: 014/100 | Train Time: 0.866s | Train Loss: 5147.051338 |
2020-08-17 03:00:29,051 - root - INFO - | Epoch: 015/100 | Train Time: 0.867s | Train Loss: 5146.838717 |
2020-08-17 03:00:29,919 - root - INFO - | Epoch: 016/100 | Train Time: 0.868s | Train Loss: 5143.205103 |
2020-08-17 03:00:30,786 - root - INFO - | Epoch: 017/100 | Train Time: 0.867s | Train Loss: 5124.488999 |
2020-08-17 03:00:31,650 - root - INFO - | Epoch: 018/100 | Train Time: 0.864s | Train Loss: 5146.901142 |
2020-08-17 03:00:32,515 - root - INFO - | Epoch: 019/100 | Train Time: 0.865s | Train Loss: 5147.003905 |
2020-08-17 03:00:33,382 - root - INFO - | Epoch: 020/100 | Train Time: 0.867s | Train Loss: 5146.529529 |
2020-08-17 03:00:34,249 - root - INFO - | Epoch: 021/100 | Train Time: 0.867s | Train Loss: 5099.517709 |
2020-08-17 03:00:35,114 - root - INFO - | Epoch: 022/100 | Train Time: 0.865s | Train Loss: 5146.840554 |
2020-08-17 03:00:35,983 - root - INFO - | Epoch: 023/100 | Train Time: 0.868s | Train Loss: 5146.698457 |
2020-08-17 03:00:36,850 - root - INFO - | Epoch: 024/100 | Train Time: 0.867s | Train Loss: 5146.559822 |
2020-08-17 03:00:37,859 - root - INFO - | Epoch: 025/100 | Train Time: 1.009s | Train Loss: 5146.694207 |
2020-08-17 03:00:39,171 - root - INFO - | Epoch: 026/100 | Train Time: 1.312s | Train Loss: 5145.942424 |
2020-08-17 03:00:40,488 - root - INFO - | Epoch: 027/100 | Train Time: 1.318s | Train Loss: 5145.183957 |
2020-08-17 03:00:41,808 - root - INFO - | Epoch: 028/100 | Train Time: 1.320s | Train Loss: 5146.834050 |
2020-08-17 03:00:43,123 - root - INFO - | Epoch: 029/100 | Train Time: 1.315s | Train Loss: 5146.498049 |
2020-08-17 03:00:44,438 - root - INFO - | Epoch: 030/100 | Train Time: 1.315s | Train Loss: 5146.974222 |
2020-08-17 03:00:45,745 - root - INFO - | Epoch: 031/100 | Train Time: 1.307s | Train Loss: 5146.844458 |
2020-08-17 03:00:47,101 - root - INFO - | Epoch: 032/100 | Train Time: 1.356s | Train Loss: 5146.817439 |
2020-08-17 03:00:48,449 - root - INFO - | Epoch: 033/100 | Train Time: 1.347s | Train Loss: 5146.843178 |
2020-08-17 03:00:49,786 - root - INFO - | Epoch: 034/100 | Train Time: 1.337s | Train Loss: 5146.679008 |
2020-08-17 03:00:51,128 - root - INFO - | Epoch: 035/100 | Train Time: 1.342s | Train Loss: 5146.820852 |
2020-08-17 03:00:52,450 - root - INFO - | Epoch: 036/100 | Train Time: 1.321s | Train Loss: 5146.774610 |
2020-08-17 03:00:53,780 - root - INFO - | Epoch: 037/100 | Train Time: 1.330s | Train Loss: 5147.011378 |
2020-08-17 03:00:55,113 - root - INFO - | Epoch: 038/100 | Train Time: 1.333s | Train Loss: 5146.953619 |
2020-08-17 03:00:56,445 - root - INFO - | Epoch: 039/100 | Train Time: 1.331s | Train Loss: 5146.929560 |
2020-08-17 03:00:57,779 - root - INFO - | Epoch: 040/100 | Train Time: 1.334s | Train Loss: 5146.936018 |
2020-08-17 03:00:59,122 - root - INFO - | Epoch: 041/100 | Train Time: 1.343s | Train Loss: 5146.536015 |
2020-08-17 03:01:00,483 - root - INFO - | Epoch: 042/100 | Train Time: 1.361s | Train Loss: 5146.629648 |
2020-08-17 03:01:01,819 - root - INFO - | Epoch: 043/100 | Train Time: 1.336s | Train Loss: 5146.746383 |
2020-08-17 03:01:03,139 - root - INFO - | Epoch: 044/100 | Train Time: 1.320s | Train Loss: 5146.648786 |
2020-08-17 03:01:04,460 - root - INFO - | Epoch: 045/100 | Train Time: 1.321s | Train Loss: 5136.090488 |
2020-08-17 03:01:05,785 - root - INFO - | Epoch: 046/100 | Train Time: 1.325s | Train Loss: 5146.060190 |
2020-08-17 03:01:07,108 - root - INFO - | Epoch: 047/100 | Train Time: 1.322s | Train Loss: 5146.576679 |
2020-08-17 03:01:08,428 - root - INFO - | Epoch: 048/100 | Train Time: 1.320s | Train Loss: 5146.843930 |
2020-08-17 03:01:09,756 - root - INFO - | Epoch: 049/100 | Train Time: 1.327s | Train Loss: 5146.818524 |
2020-08-17 03:01:11,102 - root - INFO - | Epoch: 050/100 | Train Time: 1.346s | Train Loss: 5146.884742 |
2020-08-17 03:01:11,102 - root - INFO -   LR scheduler: new learning rate is 0.0001
2020-08-17 03:01:12,441 - root - INFO - | Epoch: 051/100 | Train Time: 1.339s | Train Loss: 5145.522491 |
2020-08-17 03:01:13,786 - root - INFO - | Epoch: 052/100 | Train Time: 1.345s | Train Loss: 5145.794934 |
2020-08-17 03:01:15,128 - root - INFO - | Epoch: 053/100 | Train Time: 1.342s | Train Loss: 5146.731709 |
2020-08-17 03:01:16,466 - root - INFO - | Epoch: 054/100 | Train Time: 1.339s | Train Loss: 5146.599045 |
2020-08-17 03:01:17,801 - root - INFO - | Epoch: 055/100 | Train Time: 1.334s | Train Loss: 5146.824538 |
2020-08-17 03:01:19,137 - root - INFO - | Epoch: 056/100 | Train Time: 1.336s | Train Loss: 5146.810016 |
2020-08-17 03:01:20,475 - root - INFO - | Epoch: 057/100 | Train Time: 1.338s | Train Loss: 5145.629787 |
2020-08-17 03:01:21,820 - root - INFO - | Epoch: 058/100 | Train Time: 1.345s | Train Loss: 5146.598843 |
2020-08-17 03:01:23,163 - root - INFO - | Epoch: 059/100 | Train Time: 1.343s | Train Loss: 5146.727264 |
2020-08-17 03:01:24,524 - root - INFO - | Epoch: 060/100 | Train Time: 1.360s | Train Loss: 5145.203348 |
2020-08-17 03:01:25,899 - root - INFO - | Epoch: 061/100 | Train Time: 1.375s | Train Loss: 5146.748443 |
2020-08-17 03:01:27,265 - root - INFO - | Epoch: 062/100 | Train Time: 1.365s | Train Loss: 5146.894851 |
2020-08-17 03:01:28,631 - root - INFO - | Epoch: 063/100 | Train Time: 1.366s | Train Loss: 5146.905146 |
2020-08-17 03:01:29,993 - root - INFO - | Epoch: 064/100 | Train Time: 1.362s | Train Loss: 5146.579914 |
2020-08-17 03:01:31,355 - root - INFO - | Epoch: 065/100 | Train Time: 1.362s | Train Loss: 5146.658091 |
2020-08-17 03:01:32,719 - root - INFO - | Epoch: 066/100 | Train Time: 1.364s | Train Loss: 5146.729697 |
2020-08-17 03:01:34,087 - root - INFO - | Epoch: 067/100 | Train Time: 1.367s | Train Loss: 5146.563920 |
2020-08-17 03:01:35,453 - root - INFO - | Epoch: 068/100 | Train Time: 1.366s | Train Loss: 5146.698430 |
2020-08-17 03:01:36,817 - root - INFO - | Epoch: 069/100 | Train Time: 1.363s | Train Loss: 5146.721400 |
2020-08-17 03:01:38,193 - root - INFO - | Epoch: 070/100 | Train Time: 1.376s | Train Loss: 5145.343995 |
2020-08-17 03:01:39,507 - root - INFO - | Epoch: 071/100 | Train Time: 1.313s | Train Loss: 5146.689741 |
2020-08-17 03:01:40,810 - root - INFO - | Epoch: 072/100 | Train Time: 1.303s | Train Loss: 5146.794287 |
2020-08-17 03:01:42,120 - root - INFO - | Epoch: 073/100 | Train Time: 1.310s | Train Loss: 5146.712717 |
2020-08-17 03:01:43,459 - root - INFO - | Epoch: 074/100 | Train Time: 1.338s | Train Loss: 5146.892155 |
2020-08-17 03:01:44,805 - root - INFO - | Epoch: 075/100 | Train Time: 1.346s | Train Loss: 5145.283792 |
2020-08-17 03:01:46,151 - root - INFO - | Epoch: 076/100 | Train Time: 1.346s | Train Loss: 5146.808418 |
2020-08-17 03:01:47,489 - root - INFO - | Epoch: 077/100 | Train Time: 1.338s | Train Loss: 5146.569452 |
2020-08-17 03:01:48,829 - root - INFO - | Epoch: 078/100 | Train Time: 1.340s | Train Loss: 5146.820629 |
2020-08-17 03:01:50,167 - root - INFO - | Epoch: 079/100 | Train Time: 1.338s | Train Loss: 5146.400730 |
2020-08-17 03:01:51,170 - root - INFO - | Epoch: 080/100 | Train Time: 1.003s | Train Loss: 5146.753483 |
2020-08-17 03:01:52,054 - root - INFO - | Epoch: 081/100 | Train Time: 0.884s | Train Loss: 5146.675473 |
2020-08-17 03:01:52,925 - root - INFO - | Epoch: 082/100 | Train Time: 0.871s | Train Loss: 5146.931243 |
2020-08-17 03:01:53,795 - root - INFO - | Epoch: 083/100 | Train Time: 0.870s | Train Loss: 5146.735429 |
2020-08-17 03:01:54,663 - root - INFO - | Epoch: 084/100 | Train Time: 0.868s | Train Loss: 5146.503079 |
2020-08-17 03:01:55,532 - root - INFO - | Epoch: 085/100 | Train Time: 0.869s | Train Loss: 5146.587290 |
2020-08-17 03:01:56,402 - root - INFO - | Epoch: 086/100 | Train Time: 0.870s | Train Loss: 5145.300200 |
2020-08-17 03:01:57,271 - root - INFO - | Epoch: 087/100 | Train Time: 0.869s | Train Loss: 5144.460612 |
2020-08-17 03:01:58,141 - root - INFO - | Epoch: 088/100 | Train Time: 0.870s | Train Loss: 5146.769711 |
2020-08-17 03:01:59,012 - root - INFO - | Epoch: 089/100 | Train Time: 0.871s | Train Loss: 5146.656633 |
2020-08-17 03:01:59,883 - root - INFO - | Epoch: 090/100 | Train Time: 0.871s | Train Loss: 5146.555551 |
2020-08-17 03:02:00,752 - root - INFO - | Epoch: 091/100 | Train Time: 0.869s | Train Loss: 5143.947128 |
2020-08-17 03:02:01,768 - root - INFO - | Epoch: 092/100 | Train Time: 1.015s | Train Loss: 5146.905762 |
2020-08-17 03:02:03,078 - root - INFO - | Epoch: 093/100 | Train Time: 1.310s | Train Loss: 5119.862598 |
2020-08-17 03:02:04,397 - root - INFO - | Epoch: 094/100 | Train Time: 1.319s | Train Loss: 4644.909396 |
2020-08-17 03:02:05,716 - root - INFO - | Epoch: 095/100 | Train Time: 1.320s | Train Loss: 5146.554850 |
2020-08-17 03:02:07,036 - root - INFO - | Epoch: 096/100 | Train Time: 1.320s | Train Loss: 5146.863879 |
2020-08-17 03:02:08,216 - root - INFO - | Epoch: 097/100 | Train Time: 1.179s | Train Loss: 5145.517777 |
2020-08-17 03:02:09,524 - root - INFO - | Epoch: 098/100 | Train Time: 1.308s | Train Loss: 5145.631288 |
2020-08-17 03:02:10,844 - root - INFO - | Epoch: 099/100 | Train Time: 1.320s | Train Loss: 5146.615684 |
2020-08-17 03:02:12,163 - root - INFO - | Epoch: 100/100 | Train Time: 1.318s | Train Loss: 4694.205617 |
2020-08-17 03:02:12,163 - root - INFO - Pretraining Time: 117.546s
2020-08-17 03:02:12,163 - root - INFO - Finished pretraining.
2020-08-17 03:02:12,163 - root - INFO - Testing autoencoder...
2020-08-17 03:02:12,283 - root - INFO - Test Loss: 5069.290921
2020-08-17 03:02:12,283 - root - INFO - Test Time: 0.118s
2020-08-17 03:02:12,283 - root - INFO - Finished testing autoencoder.
2020-08-17 03:02:12,288 - root - INFO - Hey I am loading net for you!
2020-08-17 03:02:12,288 - root - INFO - Setting hyper-parameters!
2020-08-17 03:02:12,288 - root - INFO - Initializing center c...
2020-08-17 03:02:12,611 - root - INFO - Center c initialized.
2020-08-17 03:02:12,611 - root - INFO - Starting training...
2020-08-17 03:02:13,568 - root - INFO - | Epoch: 001/500 | Train Time: 0.957s | Train Loss: 26.364952 |
2020-08-17 03:02:14,549 - root - INFO - | Epoch: 002/500 | Train Time: 0.981s | Train Loss: 22.729751 |
2020-08-17 03:02:15,516 - root - INFO - | Epoch: 003/500 | Train Time: 0.967s | Train Loss: 19.515156 |
2020-08-17 03:02:16,393 - root - INFO - | Epoch: 004/500 | Train Time: 0.877s | Train Loss: 16.676885 |
2020-08-17 03:02:17,075 - root - INFO - | Epoch: 005/500 | Train Time: 0.682s | Train Loss: 14.238374 |
2020-08-17 03:02:17,708 - root - INFO - | Epoch: 006/500 | Train Time: 0.633s | Train Loss: 12.130741 |
2020-08-17 03:02:18,322 - root - INFO - | Epoch: 007/500 | Train Time: 0.614s | Train Loss: 10.195295 |
2020-08-17 03:02:18,936 - root - INFO - | Epoch: 008/500 | Train Time: 0.614s | Train Loss: 8.524713 |
2020-08-17 03:02:19,548 - root - INFO - | Epoch: 009/500 | Train Time: 0.612s | Train Loss: 7.037301 |
2020-08-17 03:02:20,160 - root - INFO - | Epoch: 010/500 | Train Time: 0.612s | Train Loss: 5.772760 |
2020-08-17 03:02:20,772 - root - INFO - | Epoch: 011/500 | Train Time: 0.612s | Train Loss: 4.692506 |
2020-08-17 03:02:21,385 - root - INFO - | Epoch: 012/500 | Train Time: 0.613s | Train Loss: 3.794851 |
2020-08-17 03:02:21,998 - root - INFO - | Epoch: 013/500 | Train Time: 0.613s | Train Loss: 3.021835 |
2020-08-17 03:02:22,611 - root - INFO - | Epoch: 014/500 | Train Time: 0.613s | Train Loss: 2.390038 |
2020-08-17 03:02:23,225 - root - INFO - | Epoch: 015/500 | Train Time: 0.613s | Train Loss: 1.877159 |
2020-08-17 03:02:23,838 - root - INFO - | Epoch: 016/500 | Train Time: 0.613s | Train Loss: 1.454052 |
2020-08-17 03:02:24,454 - root - INFO - | Epoch: 017/500 | Train Time: 0.615s | Train Loss: 1.138276 |
2020-08-17 03:02:25,066 - root - INFO - | Epoch: 018/500 | Train Time: 0.612s | Train Loss: 0.885922 |
2020-08-17 03:02:25,678 - root - INFO - | Epoch: 019/500 | Train Time: 0.612s | Train Loss: 0.693962 |
2020-08-17 03:02:26,292 - root - INFO - | Epoch: 020/500 | Train Time: 0.613s | Train Loss: 0.547467 |
2020-08-17 03:02:26,906 - root - INFO - | Epoch: 021/500 | Train Time: 0.614s | Train Loss: 0.439811 |
2020-08-17 03:02:27,605 - root - INFO - | Epoch: 022/500 | Train Time: 0.699s | Train Loss: 0.377622 |
2020-08-17 03:02:28,514 - root - INFO - | Epoch: 023/500 | Train Time: 0.909s | Train Loss: 0.314423 |
2020-08-17 03:02:29,428 - root - INFO - | Epoch: 024/500 | Train Time: 0.914s | Train Loss: 0.284283 |
2020-08-17 03:02:30,341 - root - INFO - | Epoch: 025/500 | Train Time: 0.913s | Train Loss: 0.241304 |
2020-08-17 03:02:31,252 - root - INFO - | Epoch: 026/500 | Train Time: 0.911s | Train Loss: 0.217919 |
2020-08-17 03:02:32,159 - root - INFO - | Epoch: 027/500 | Train Time: 0.907s | Train Loss: 0.197019 |
2020-08-17 03:02:33,076 - root - INFO - | Epoch: 028/500 | Train Time: 0.916s | Train Loss: 0.182536 |
2020-08-17 03:02:33,997 - root - INFO - | Epoch: 029/500 | Train Time: 0.922s | Train Loss: 0.168680 |
2020-08-17 03:02:34,931 - root - INFO - | Epoch: 030/500 | Train Time: 0.934s | Train Loss: 0.158860 |
2020-08-17 03:02:35,874 - root - INFO - | Epoch: 031/500 | Train Time: 0.943s | Train Loss: 0.152579 |
2020-08-17 03:02:36,820 - root - INFO - | Epoch: 032/500 | Train Time: 0.945s | Train Loss: 0.140806 |
2020-08-17 03:02:37,761 - root - INFO - | Epoch: 033/500 | Train Time: 0.942s | Train Loss: 0.130543 |
2020-08-17 03:02:38,711 - root - INFO - | Epoch: 034/500 | Train Time: 0.950s | Train Loss: 0.133560 |
2020-08-17 03:02:39,657 - root - INFO - | Epoch: 035/500 | Train Time: 0.946s | Train Loss: 0.128386 |
2020-08-17 03:02:40,607 - root - INFO - | Epoch: 036/500 | Train Time: 0.949s | Train Loss: 0.121422 |
2020-08-17 03:02:41,550 - root - INFO - | Epoch: 037/500 | Train Time: 0.944s | Train Loss: 0.123161 |
2020-08-17 03:02:42,496 - root - INFO - | Epoch: 038/500 | Train Time: 0.945s | Train Loss: 0.111068 |
2020-08-17 03:02:43,435 - root - INFO - | Epoch: 039/500 | Train Time: 0.939s | Train Loss: 0.104147 |
2020-08-17 03:02:44,349 - root - INFO - | Epoch: 040/500 | Train Time: 0.914s | Train Loss: 0.100327 |
2020-08-17 03:02:45,265 - root - INFO - | Epoch: 041/500 | Train Time: 0.916s | Train Loss: 0.107239 |
2020-08-17 03:02:46,219 - root - INFO - | Epoch: 042/500 | Train Time: 0.954s | Train Loss: 0.106844 |
2020-08-17 03:02:47,177 - root - INFO - | Epoch: 043/500 | Train Time: 0.958s | Train Loss: 0.096591 |
2020-08-17 03:02:48,124 - root - INFO - | Epoch: 044/500 | Train Time: 0.946s | Train Loss: 0.096785 |
2020-08-17 03:02:49,075 - root - INFO - | Epoch: 045/500 | Train Time: 0.951s | Train Loss: 0.094034 |
2020-08-17 03:02:50,028 - root - INFO - | Epoch: 046/500 | Train Time: 0.953s | Train Loss: 0.093908 |
2020-08-17 03:02:50,980 - root - INFO - | Epoch: 047/500 | Train Time: 0.951s | Train Loss: 0.081663 |
2020-08-17 03:02:51,935 - root - INFO - | Epoch: 048/500 | Train Time: 0.955s | Train Loss: 0.086831 |
2020-08-17 03:02:52,885 - root - INFO - | Epoch: 049/500 | Train Time: 0.951s | Train Loss: 0.083271 |
2020-08-17 03:02:53,848 - root - INFO - | Epoch: 050/500 | Train Time: 0.963s | Train Loss: 0.085701 |
2020-08-17 03:02:53,849 - root - INFO -   LR scheduler: new learning rate is 1e-06
2020-08-17 03:02:54,786 - root - INFO - | Epoch: 051/500 | Train Time: 0.938s | Train Loss: 0.077037 |
2020-08-17 03:02:55,728 - root - INFO - | Epoch: 052/500 | Train Time: 0.941s | Train Loss: 0.081226 |
2020-08-17 03:02:56,681 - root - INFO - | Epoch: 053/500 | Train Time: 0.954s | Train Loss: 0.080302 |
2020-08-17 03:02:57,647 - root - INFO - | Epoch: 054/500 | Train Time: 0.966s | Train Loss: 0.076880 |
2020-08-17 03:02:58,597 - root - INFO - | Epoch: 055/500 | Train Time: 0.949s | Train Loss: 0.082902 |
2020-08-17 03:02:59,284 - root - INFO - | Epoch: 056/500 | Train Time: 0.688s | Train Loss: 0.076428 |
2020-08-17 03:02:59,929 - root - INFO - | Epoch: 057/500 | Train Time: 0.645s | Train Loss: 0.077199 |
2020-08-17 03:03:00,541 - root - INFO - | Epoch: 058/500 | Train Time: 0.611s | Train Loss: 0.076673 |
2020-08-17 03:03:01,152 - root - INFO - | Epoch: 059/500 | Train Time: 0.612s | Train Loss: 0.072873 |
2020-08-17 03:03:01,764 - root - INFO - | Epoch: 060/500 | Train Time: 0.611s | Train Loss: 0.078671 |
2020-08-17 03:03:02,376 - root - INFO - | Epoch: 061/500 | Train Time: 0.612s | Train Loss: 0.074403 |
2020-08-17 03:03:02,987 - root - INFO - | Epoch: 062/500 | Train Time: 0.611s | Train Loss: 0.078224 |
2020-08-17 03:03:03,598 - root - INFO - | Epoch: 063/500 | Train Time: 0.611s | Train Loss: 0.082949 |
2020-08-17 03:03:04,211 - root - INFO - | Epoch: 064/500 | Train Time: 0.612s | Train Loss: 0.077673 |
2020-08-17 03:03:04,821 - root - INFO - | Epoch: 065/500 | Train Time: 0.611s | Train Loss: 0.073434 |
2020-08-17 03:03:05,435 - root - INFO - | Epoch: 066/500 | Train Time: 0.614s | Train Loss: 0.073811 |
2020-08-17 03:03:06,047 - root - INFO - | Epoch: 067/500 | Train Time: 0.612s | Train Loss: 0.075420 |
2020-08-17 03:03:06,659 - root - INFO - | Epoch: 068/500 | Train Time: 0.611s | Train Loss: 0.075026 |
2020-08-17 03:03:07,270 - root - INFO - | Epoch: 069/500 | Train Time: 0.611s | Train Loss: 0.075725 |
2020-08-17 03:03:07,881 - root - INFO - | Epoch: 070/500 | Train Time: 0.611s | Train Loss: 0.076426 |
2020-08-17 03:03:08,494 - root - INFO - | Epoch: 071/500 | Train Time: 0.613s | Train Loss: 0.077165 |
2020-08-17 03:03:09,107 - root - INFO - | Epoch: 072/500 | Train Time: 0.613s | Train Loss: 0.076300 |
2020-08-17 03:03:09,719 - root - INFO - | Epoch: 073/500 | Train Time: 0.613s | Train Loss: 0.070069 |
2020-08-17 03:03:10,332 - root - INFO - | Epoch: 074/500 | Train Time: 0.613s | Train Loss: 0.076130 |
2020-08-17 03:03:10,945 - root - INFO - | Epoch: 075/500 | Train Time: 0.613s | Train Loss: 0.072112 |
2020-08-17 03:03:11,558 - root - INFO - | Epoch: 076/500 | Train Time: 0.613s | Train Loss: 0.070578 |
2020-08-17 03:03:12,171 - root - INFO - | Epoch: 077/500 | Train Time: 0.612s | Train Loss: 0.072535 |
2020-08-17 03:03:13,006 - root - INFO - | Epoch: 078/500 | Train Time: 0.836s | Train Loss: 0.073182 |
2020-08-17 03:03:13,957 - root - INFO - | Epoch: 079/500 | Train Time: 0.951s | Train Loss: 0.070668 |
2020-08-17 03:03:14,901 - root - INFO - | Epoch: 080/500 | Train Time: 0.944s | Train Loss: 0.070627 |
2020-08-17 03:03:15,852 - root - INFO - | Epoch: 081/500 | Train Time: 0.951s | Train Loss: 0.071636 |
2020-08-17 03:03:16,800 - root - INFO - | Epoch: 082/500 | Train Time: 0.948s | Train Loss: 0.076358 |
2020-08-17 03:03:17,748 - root - INFO - | Epoch: 083/500 | Train Time: 0.948s | Train Loss: 0.073516 |
2020-08-17 03:03:18,696 - root - INFO - | Epoch: 084/500 | Train Time: 0.948s | Train Loss: 0.070269 |
2020-08-17 03:03:19,642 - root - INFO - | Epoch: 085/500 | Train Time: 0.946s | Train Loss: 0.070559 |
2020-08-17 03:03:20,581 - root - INFO - | Epoch: 086/500 | Train Time: 0.939s | Train Loss: 0.072917 |
2020-08-17 03:03:21,551 - root - INFO - | Epoch: 087/500 | Train Time: 0.970s | Train Loss: 0.069977 |
2020-08-17 03:03:22,495 - root - INFO - | Epoch: 088/500 | Train Time: 0.943s | Train Loss: 0.073484 |
2020-08-17 03:03:23,184 - root - INFO - | Epoch: 089/500 | Train Time: 0.689s | Train Loss: 0.071724 |
2020-08-17 03:03:24,057 - root - INFO - | Epoch: 090/500 | Train Time: 0.873s | Train Loss: 0.070539 |
2020-08-17 03:03:25,009 - root - INFO - | Epoch: 091/500 | Train Time: 0.952s | Train Loss: 0.068651 |
2020-08-17 03:03:25,966 - root - INFO - | Epoch: 092/500 | Train Time: 0.956s | Train Loss: 0.076872 |
2020-08-17 03:03:26,923 - root - INFO - | Epoch: 093/500 | Train Time: 0.957s | Train Loss: 0.072705 |
2020-08-17 03:03:27,883 - root - INFO - | Epoch: 094/500 | Train Time: 0.960s | Train Loss: 0.070909 |
2020-08-17 03:03:28,833 - root - INFO - | Epoch: 095/500 | Train Time: 0.949s | Train Loss: 0.072051 |
2020-08-17 03:03:29,794 - root - INFO - | Epoch: 096/500 | Train Time: 0.962s | Train Loss: 0.071674 |
2020-08-17 03:03:30,755 - root - INFO - | Epoch: 097/500 | Train Time: 0.961s | Train Loss: 0.069049 |
2020-08-17 03:03:31,716 - root - INFO - | Epoch: 098/500 | Train Time: 0.961s | Train Loss: 0.072953 |
2020-08-17 03:03:32,675 - root - INFO - | Epoch: 099/500 | Train Time: 0.959s | Train Loss: 0.071139 |
2020-08-17 03:03:33,633 - root - INFO - | Epoch: 100/500 | Train Time: 0.958s | Train Loss: 0.067509 |
2020-08-17 03:03:34,590 - root - INFO - | Epoch: 101/500 | Train Time: 0.957s | Train Loss: 0.070887 |
2020-08-17 03:03:35,537 - root - INFO - | Epoch: 102/500 | Train Time: 0.947s | Train Loss: 0.065663 |
2020-08-17 03:03:36,515 - root - INFO - | Epoch: 103/500 | Train Time: 0.977s | Train Loss: 0.065478 |
2020-08-17 03:03:37,495 - root - INFO - | Epoch: 104/500 | Train Time: 0.980s | Train Loss: 0.071071 |
2020-08-17 03:03:38,477 - root - INFO - | Epoch: 105/500 | Train Time: 0.982s | Train Loss: 0.069030 |
2020-08-17 03:03:39,465 - root - INFO - | Epoch: 106/500 | Train Time: 0.988s | Train Loss: 0.068995 |
2020-08-17 03:03:40,447 - root - INFO - | Epoch: 107/500 | Train Time: 0.982s | Train Loss: 0.068326 |
2020-08-17 03:03:41,432 - root - INFO - | Epoch: 108/500 | Train Time: 0.985s | Train Loss: 0.069586 |
2020-08-17 03:03:42,410 - root - INFO - | Epoch: 109/500 | Train Time: 0.978s | Train Loss: 0.067337 |
2020-08-17 03:03:43,404 - root - INFO - | Epoch: 110/500 | Train Time: 0.994s | Train Loss: 0.067122 |
2020-08-17 03:03:44,373 - root - INFO - | Epoch: 111/500 | Train Time: 0.969s | Train Loss: 0.068847 |
2020-08-17 03:03:45,336 - root - INFO - | Epoch: 112/500 | Train Time: 0.962s | Train Loss: 0.070056 |
2020-08-17 03:03:46,296 - root - INFO - | Epoch: 113/500 | Train Time: 0.959s | Train Loss: 0.070297 |
2020-08-17 03:03:47,240 - root - INFO - | Epoch: 114/500 | Train Time: 0.944s | Train Loss: 0.066996 |
2020-08-17 03:03:48,187 - root - INFO - | Epoch: 115/500 | Train Time: 0.947s | Train Loss: 0.070343 |
2020-08-17 03:03:49,129 - root - INFO - | Epoch: 116/500 | Train Time: 0.942s | Train Loss: 0.068019 |
2020-08-17 03:03:50,076 - root - INFO - | Epoch: 117/500 | Train Time: 0.947s | Train Loss: 0.064742 |
2020-08-17 03:03:51,030 - root - INFO - | Epoch: 118/500 | Train Time: 0.954s | Train Loss: 0.072343 |
2020-08-17 03:03:51,962 - root - INFO - | Epoch: 119/500 | Train Time: 0.931s | Train Loss: 0.067022 |
2020-08-17 03:03:52,685 - root - INFO - | Epoch: 120/500 | Train Time: 0.723s | Train Loss: 0.067676 |
2020-08-17 03:03:53,345 - root - INFO - | Epoch: 121/500 | Train Time: 0.660s | Train Loss: 0.066485 |
2020-08-17 03:03:53,959 - root - INFO - | Epoch: 122/500 | Train Time: 0.614s | Train Loss: 0.071244 |
2020-08-17 03:03:54,574 - root - INFO - | Epoch: 123/500 | Train Time: 0.615s | Train Loss: 0.066606 |
2020-08-17 03:03:55,187 - root - INFO - | Epoch: 124/500 | Train Time: 0.612s | Train Loss: 0.069133 |
2020-08-17 03:03:55,801 - root - INFO - | Epoch: 125/500 | Train Time: 0.615s | Train Loss: 0.066296 |
2020-08-17 03:03:56,415 - root - INFO - | Epoch: 126/500 | Train Time: 0.614s | Train Loss: 0.068484 |
2020-08-17 03:03:57,029 - root - INFO - | Epoch: 127/500 | Train Time: 0.614s | Train Loss: 0.065406 |
2020-08-17 03:03:57,643 - root - INFO - | Epoch: 128/500 | Train Time: 0.613s | Train Loss: 0.068452 |
2020-08-17 03:03:58,256 - root - INFO - | Epoch: 129/500 | Train Time: 0.613s | Train Loss: 0.065207 |
2020-08-17 03:03:58,869 - root - INFO - | Epoch: 130/500 | Train Time: 0.613s | Train Loss: 0.066669 |
2020-08-17 03:03:59,482 - root - INFO - | Epoch: 131/500 | Train Time: 0.613s | Train Loss: 0.064937 |
2020-08-17 03:04:00,096 - root - INFO - | Epoch: 132/500 | Train Time: 0.614s | Train Loss: 0.066262 |
2020-08-17 03:04:00,710 - root - INFO - | Epoch: 133/500 | Train Time: 0.613s | Train Loss: 0.067265 |
2020-08-17 03:04:01,323 - root - INFO - | Epoch: 134/500 | Train Time: 0.613s | Train Loss: 0.063571 |
2020-08-17 03:04:01,989 - root - INFO - | Epoch: 135/500 | Train Time: 0.666s | Train Loss: 0.064820 |
2020-08-17 03:04:02,943 - root - INFO - | Epoch: 136/500 | Train Time: 0.954s | Train Loss: 0.067166 |
2020-08-17 03:04:03,895 - root - INFO - | Epoch: 137/500 | Train Time: 0.952s | Train Loss: 0.063097 |
2020-08-17 03:04:04,860 - root - INFO - | Epoch: 138/500 | Train Time: 0.965s | Train Loss: 0.066788 |
2020-08-17 03:04:05,829 - root - INFO - | Epoch: 139/500 | Train Time: 0.968s | Train Loss: 0.065643 |
2020-08-17 03:04:06,776 - root - INFO - | Epoch: 140/500 | Train Time: 0.947s | Train Loss: 0.065642 |
2020-08-17 03:04:07,721 - root - INFO - | Epoch: 141/500 | Train Time: 0.945s | Train Loss: 0.066450 |
2020-08-17 03:04:08,670 - root - INFO - | Epoch: 142/500 | Train Time: 0.948s | Train Loss: 0.063680 |
2020-08-17 03:04:09,618 - root - INFO - | Epoch: 143/500 | Train Time: 0.948s | Train Loss: 0.068922 |
2020-08-17 03:04:10,568 - root - INFO - | Epoch: 144/500 | Train Time: 0.949s | Train Loss: 0.063798 |
2020-08-17 03:04:11,527 - root - INFO - | Epoch: 145/500 | Train Time: 0.959s | Train Loss: 0.065608 |
2020-08-17 03:04:12,484 - root - INFO - | Epoch: 146/500 | Train Time: 0.957s | Train Loss: 0.063879 |
2020-08-17 03:04:13,445 - root - INFO - | Epoch: 147/500 | Train Time: 0.960s | Train Loss: 0.063980 |
2020-08-17 03:04:14,405 - root - INFO - | Epoch: 148/500 | Train Time: 0.960s | Train Loss: 0.063220 |
2020-08-17 03:04:15,383 - root - INFO - | Epoch: 149/500 | Train Time: 0.977s | Train Loss: 0.062275 |
2020-08-17 03:04:16,360 - root - INFO - | Epoch: 150/500 | Train Time: 0.978s | Train Loss: 0.063960 |
2020-08-17 03:04:17,344 - root - INFO - | Epoch: 151/500 | Train Time: 0.984s | Train Loss: 0.065071 |
2020-08-17 03:04:18,319 - root - INFO - | Epoch: 152/500 | Train Time: 0.975s | Train Loss: 0.070823 |
2020-08-17 03:04:19,277 - root - INFO - | Epoch: 153/500 | Train Time: 0.958s | Train Loss: 0.065093 |
2020-08-17 03:04:20,235 - root - INFO - | Epoch: 154/500 | Train Time: 0.958s | Train Loss: 0.065509 |
2020-08-17 03:04:21,198 - root - INFO - | Epoch: 155/500 | Train Time: 0.963s | Train Loss: 0.063651 |
2020-08-17 03:04:22,156 - root - INFO - | Epoch: 156/500 | Train Time: 0.958s | Train Loss: 0.069855 |
2020-08-17 03:04:23,121 - root - INFO - | Epoch: 157/500 | Train Time: 0.964s | Train Loss: 0.065501 |
2020-08-17 03:04:24,083 - root - INFO - | Epoch: 158/500 | Train Time: 0.962s | Train Loss: 0.063647 |
2020-08-17 03:04:24,872 - root - INFO - | Epoch: 159/500 | Train Time: 0.788s | Train Loss: 0.064486 |
2020-08-17 03:04:25,565 - root - INFO - | Epoch: 160/500 | Train Time: 0.693s | Train Loss: 0.063043 |
2020-08-17 03:04:26,520 - root - INFO - | Epoch: 161/500 | Train Time: 0.954s | Train Loss: 0.063828 |
2020-08-17 03:04:27,463 - root - INFO - | Epoch: 162/500 | Train Time: 0.943s | Train Loss: 0.061459 |
2020-08-17 03:04:28,388 - root - INFO - | Epoch: 163/500 | Train Time: 0.925s | Train Loss: 0.066151 |
2020-08-17 03:04:29,324 - root - INFO - | Epoch: 164/500 | Train Time: 0.936s | Train Loss: 0.060368 |
2020-08-17 03:04:30,287 - root - INFO - | Epoch: 165/500 | Train Time: 0.962s | Train Loss: 0.060970 |
2020-08-17 03:04:31,250 - root - INFO - | Epoch: 166/500 | Train Time: 0.963s | Train Loss: 0.062484 |
2020-08-17 03:04:32,230 - root - INFO - | Epoch: 167/500 | Train Time: 0.980s | Train Loss: 0.061073 |
2020-08-17 03:04:33,208 - root - INFO - | Epoch: 168/500 | Train Time: 0.978s | Train Loss: 0.061864 |
2020-08-17 03:04:34,185 - root - INFO - | Epoch: 169/500 | Train Time: 0.977s | Train Loss: 0.063943 |
2020-08-17 03:04:35,165 - root - INFO - | Epoch: 170/500 | Train Time: 0.979s | Train Loss: 0.065904 |
2020-08-17 03:04:36,141 - root - INFO - | Epoch: 171/500 | Train Time: 0.976s | Train Loss: 0.065846 |
2020-08-17 03:04:37,116 - root - INFO - | Epoch: 172/500 | Train Time: 0.975s | Train Loss: 0.067670 |
2020-08-17 03:04:38,093 - root - INFO - | Epoch: 173/500 | Train Time: 0.976s | Train Loss: 0.063403 |
2020-08-17 03:04:39,060 - root - INFO - | Epoch: 174/500 | Train Time: 0.968s | Train Loss: 0.060062 |
2020-08-17 03:04:40,024 - root - INFO - | Epoch: 175/500 | Train Time: 0.963s | Train Loss: 0.064708 |
2020-08-17 03:04:40,984 - root - INFO - | Epoch: 176/500 | Train Time: 0.960s | Train Loss: 0.064792 |
2020-08-17 03:04:41,947 - root - INFO - | Epoch: 177/500 | Train Time: 0.962s | Train Loss: 0.063379 |
2020-08-17 03:04:42,912 - root - INFO - | Epoch: 178/500 | Train Time: 0.965s | Train Loss: 0.066328 |
2020-08-17 03:04:43,888 - root - INFO - | Epoch: 179/500 | Train Time: 0.976s | Train Loss: 0.062077 |
2020-08-17 03:04:44,859 - root - INFO - | Epoch: 180/500 | Train Time: 0.971s | Train Loss: 0.069165 |
2020-08-17 03:04:45,834 - root - INFO - | Epoch: 181/500 | Train Time: 0.974s | Train Loss: 0.064459 |
2020-08-17 03:04:46,821 - root - INFO - | Epoch: 182/500 | Train Time: 0.987s | Train Loss: 0.060709 |
2020-08-17 03:04:47,792 - root - INFO - | Epoch: 183/500 | Train Time: 0.971s | Train Loss: 0.058535 |
2020-08-17 03:04:48,767 - root - INFO - | Epoch: 184/500 | Train Time: 0.974s | Train Loss: 0.061391 |
2020-08-17 03:04:49,741 - root - INFO - | Epoch: 185/500 | Train Time: 0.974s | Train Loss: 0.061506 |
2020-08-17 03:04:50,714 - root - INFO - | Epoch: 186/500 | Train Time: 0.972s | Train Loss: 0.064046 |
2020-08-17 03:04:51,687 - root - INFO - | Epoch: 187/500 | Train Time: 0.973s | Train Loss: 0.060201 |
2020-08-17 03:04:52,663 - root - INFO - | Epoch: 188/500 | Train Time: 0.976s | Train Loss: 0.060329 |
2020-08-17 03:04:53,629 - root - INFO - | Epoch: 189/500 | Train Time: 0.966s | Train Loss: 0.063455 |
2020-08-17 03:04:54,604 - root - INFO - | Epoch: 190/500 | Train Time: 0.975s | Train Loss: 0.062724 |
2020-08-17 03:04:55,459 - root - INFO - | Epoch: 191/500 | Train Time: 0.855s | Train Loss: 0.059259 |
2020-08-17 03:04:56,140 - root - INFO - | Epoch: 192/500 | Train Time: 0.681s | Train Loss: 0.066953 |
2020-08-17 03:04:56,762 - root - INFO - | Epoch: 193/500 | Train Time: 0.621s | Train Loss: 0.062027 |
2020-08-17 03:04:57,376 - root - INFO - | Epoch: 194/500 | Train Time: 0.614s | Train Loss: 0.061639 |
2020-08-17 03:04:57,990 - root - INFO - | Epoch: 195/500 | Train Time: 0.614s | Train Loss: 0.059311 |
2020-08-17 03:04:58,674 - root - INFO - | Epoch: 196/500 | Train Time: 0.684s | Train Loss: 0.061975 |
2020-08-17 03:04:59,616 - root - INFO - | Epoch: 197/500 | Train Time: 0.942s | Train Loss: 0.061841 |
2020-08-17 03:05:00,559 - root - INFO - | Epoch: 198/500 | Train Time: 0.942s | Train Loss: 0.064496 |
2020-08-17 03:05:01,504 - root - INFO - | Epoch: 199/500 | Train Time: 0.945s | Train Loss: 0.057717 |
2020-08-17 03:05:02,450 - root - INFO - | Epoch: 200/500 | Train Time: 0.946s | Train Loss: 0.068704 |
2020-08-17 03:05:03,397 - root - INFO - | Epoch: 201/500 | Train Time: 0.947s | Train Loss: 0.060086 |
2020-08-17 03:05:04,317 - root - INFO - | Epoch: 202/500 | Train Time: 0.920s | Train Loss: 0.064188 |
2020-08-17 03:05:05,237 - root - INFO - | Epoch: 203/500 | Train Time: 0.919s | Train Loss: 0.059532 |
2020-08-17 03:05:06,145 - root - INFO - | Epoch: 204/500 | Train Time: 0.908s | Train Loss: 0.059027 |
2020-08-17 03:05:07,054 - root - INFO - | Epoch: 205/500 | Train Time: 0.909s | Train Loss: 0.062518 |
2020-08-17 03:05:07,965 - root - INFO - | Epoch: 206/500 | Train Time: 0.911s | Train Loss: 0.062252 |
2020-08-17 03:05:08,873 - root - INFO - | Epoch: 207/500 | Train Time: 0.907s | Train Loss: 0.057463 |
2020-08-17 03:05:09,783 - root - INFO - | Epoch: 208/500 | Train Time: 0.910s | Train Loss: 0.061480 |
2020-08-17 03:05:10,691 - root - INFO - | Epoch: 209/500 | Train Time: 0.908s | Train Loss: 0.061814 |
2020-08-17 03:05:11,603 - root - INFO - | Epoch: 210/500 | Train Time: 0.912s | Train Loss: 0.059873 |
2020-08-17 03:05:12,518 - root - INFO - | Epoch: 211/500 | Train Time: 0.914s | Train Loss: 0.061026 |
2020-08-17 03:05:13,424 - root - INFO - | Epoch: 212/500 | Train Time: 0.906s | Train Loss: 0.060394 |
2020-08-17 03:05:14,333 - root - INFO - | Epoch: 213/500 | Train Time: 0.909s | Train Loss: 0.060523 |
2020-08-17 03:05:15,245 - root - INFO - | Epoch: 214/500 | Train Time: 0.912s | Train Loss: 0.060177 |
2020-08-17 03:05:16,163 - root - INFO - | Epoch: 215/500 | Train Time: 0.918s | Train Loss: 0.060969 |
2020-08-17 03:05:17,080 - root - INFO - | Epoch: 216/500 | Train Time: 0.917s | Train Loss: 0.058678 |
2020-08-17 03:05:18,000 - root - INFO - | Epoch: 217/500 | Train Time: 0.920s | Train Loss: 0.063542 |
2020-08-17 03:05:18,918 - root - INFO - | Epoch: 218/500 | Train Time: 0.918s | Train Loss: 0.059978 |
2020-08-17 03:05:19,835 - root - INFO - | Epoch: 219/500 | Train Time: 0.917s | Train Loss: 0.057479 |
2020-08-17 03:05:20,753 - root - INFO - | Epoch: 220/500 | Train Time: 0.918s | Train Loss: 0.058661 |
2020-08-17 03:05:21,671 - root - INFO - | Epoch: 221/500 | Train Time: 0.918s | Train Loss: 0.063140 |
2020-08-17 03:05:22,595 - root - INFO - | Epoch: 222/500 | Train Time: 0.923s | Train Loss: 0.057998 |
2020-08-17 03:05:23,513 - root - INFO - | Epoch: 223/500 | Train Time: 0.919s | Train Loss: 0.059724 |
2020-08-17 03:05:24,430 - root - INFO - | Epoch: 224/500 | Train Time: 0.917s | Train Loss: 0.059590 |
2020-08-17 03:05:25,344 - root - INFO - | Epoch: 225/500 | Train Time: 0.913s | Train Loss: 0.056885 |
2020-08-17 03:05:26,264 - root - INFO - | Epoch: 226/500 | Train Time: 0.920s | Train Loss: 0.057310 |
2020-08-17 03:05:27,184 - root - INFO - | Epoch: 227/500 | Train Time: 0.919s | Train Loss: 0.060207 |
2020-08-17 03:05:28,105 - root - INFO - | Epoch: 228/500 | Train Time: 0.921s | Train Loss: 0.057783 |
2020-08-17 03:05:29,018 - root - INFO - | Epoch: 229/500 | Train Time: 0.913s | Train Loss: 0.058525 |
2020-08-17 03:05:29,928 - root - INFO - | Epoch: 230/500 | Train Time: 0.910s | Train Loss: 0.058416 |
2020-08-17 03:05:30,839 - root - INFO - | Epoch: 231/500 | Train Time: 0.911s | Train Loss: 0.057799 |
2020-08-17 03:05:31,746 - root - INFO - | Epoch: 232/500 | Train Time: 0.908s | Train Loss: 0.061701 |
2020-08-17 03:05:32,693 - root - INFO - | Epoch: 233/500 | Train Time: 0.947s | Train Loss: 0.057491 |
2020-08-17 03:05:33,643 - root - INFO - | Epoch: 234/500 | Train Time: 0.950s | Train Loss: 0.062920 |
2020-08-17 03:05:34,590 - root - INFO - | Epoch: 235/500 | Train Time: 0.947s | Train Loss: 0.058556 |
2020-08-17 03:05:35,549 - root - INFO - | Epoch: 236/500 | Train Time: 0.958s | Train Loss: 0.059184 |
2020-08-17 03:05:36,510 - root - INFO - | Epoch: 237/500 | Train Time: 0.961s | Train Loss: 0.058202 |
2020-08-17 03:05:37,469 - root - INFO - | Epoch: 238/500 | Train Time: 0.959s | Train Loss: 0.059641 |
2020-08-17 03:05:38,426 - root - INFO - | Epoch: 239/500 | Train Time: 0.956s | Train Loss: 0.059799 |
2020-08-17 03:05:39,391 - root - INFO - | Epoch: 240/500 | Train Time: 0.965s | Train Loss: 0.058852 |
2020-08-17 03:05:40,350 - root - INFO - | Epoch: 241/500 | Train Time: 0.959s | Train Loss: 0.056843 |
2020-08-17 03:05:41,297 - root - INFO - | Epoch: 242/500 | Train Time: 0.947s | Train Loss: 0.059015 |
2020-08-17 03:05:42,265 - root - INFO - | Epoch: 243/500 | Train Time: 0.968s | Train Loss: 0.059488 |
2020-08-17 03:05:43,240 - root - INFO - | Epoch: 244/500 | Train Time: 0.974s | Train Loss: 0.056805 |
2020-08-17 03:05:44,231 - root - INFO - | Epoch: 245/500 | Train Time: 0.991s | Train Loss: 0.057958 |
2020-08-17 03:05:45,205 - root - INFO - | Epoch: 246/500 | Train Time: 0.975s | Train Loss: 0.056501 |
2020-08-17 03:05:46,207 - root - INFO - | Epoch: 247/500 | Train Time: 1.001s | Train Loss: 0.061334 |
2020-08-17 03:05:47,202 - root - INFO - | Epoch: 248/500 | Train Time: 0.995s | Train Loss: 0.060442 |
2020-08-17 03:05:48,196 - root - INFO - | Epoch: 249/500 | Train Time: 0.993s | Train Loss: 0.057327 |
2020-08-17 03:05:49,189 - root - INFO - | Epoch: 250/500 | Train Time: 0.993s | Train Loss: 0.059329 |
2020-08-17 03:05:50,183 - root - INFO - | Epoch: 251/500 | Train Time: 0.994s | Train Loss: 0.057423 |
2020-08-17 03:05:51,174 - root - INFO - | Epoch: 252/500 | Train Time: 0.991s | Train Loss: 0.059977 |
2020-08-17 03:05:52,141 - root - INFO - | Epoch: 253/500 | Train Time: 0.966s | Train Loss: 0.057110 |
2020-08-17 03:05:53,085 - root - INFO - | Epoch: 254/500 | Train Time: 0.944s | Train Loss: 0.061886 |
2020-08-17 03:05:54,045 - root - INFO - | Epoch: 255/500 | Train Time: 0.961s | Train Loss: 0.060441 |
2020-08-17 03:05:55,028 - root - INFO - | Epoch: 256/500 | Train Time: 0.983s | Train Loss: 0.059936 |
2020-08-17 03:05:55,992 - root - INFO - | Epoch: 257/500 | Train Time: 0.963s | Train Loss: 0.054920 |
2020-08-17 03:05:56,972 - root - INFO - | Epoch: 258/500 | Train Time: 0.980s | Train Loss: 0.055507 |
2020-08-17 03:05:57,950 - root - INFO - | Epoch: 259/500 | Train Time: 0.978s | Train Loss: 0.060797 |
2020-08-17 03:05:58,929 - root - INFO - | Epoch: 260/500 | Train Time: 0.979s | Train Loss: 0.054082 |
2020-08-17 03:05:59,904 - root - INFO - | Epoch: 261/500 | Train Time: 0.975s | Train Loss: 0.058343 |
2020-08-17 03:06:00,867 - root - INFO - | Epoch: 262/500 | Train Time: 0.963s | Train Loss: 0.057538 |
2020-08-17 03:06:01,831 - root - INFO - | Epoch: 263/500 | Train Time: 0.963s | Train Loss: 0.056446 |
2020-08-17 03:06:02,792 - root - INFO - | Epoch: 264/500 | Train Time: 0.961s | Train Loss: 0.058515 |
2020-08-17 03:06:03,755 - root - INFO - | Epoch: 265/500 | Train Time: 0.962s | Train Loss: 0.055037 |
2020-08-17 03:06:04,716 - root - INFO - | Epoch: 266/500 | Train Time: 0.961s | Train Loss: 0.055128 |
2020-08-17 03:06:05,679 - root - INFO - | Epoch: 267/500 | Train Time: 0.963s | Train Loss: 0.055908 |
2020-08-17 03:06:06,642 - root - INFO - | Epoch: 268/500 | Train Time: 0.963s | Train Loss: 0.055383 |
2020-08-17 03:06:07,603 - root - INFO - | Epoch: 269/500 | Train Time: 0.961s | Train Loss: 0.058204 |
2020-08-17 03:06:08,558 - root - INFO - | Epoch: 270/500 | Train Time: 0.955s | Train Loss: 0.062506 |
2020-08-17 03:06:09,518 - root - INFO - | Epoch: 271/500 | Train Time: 0.960s | Train Loss: 0.057804 |
2020-08-17 03:06:10,494 - root - INFO - | Epoch: 272/500 | Train Time: 0.975s | Train Loss: 0.053098 |
2020-08-17 03:06:11,470 - root - INFO - | Epoch: 273/500 | Train Time: 0.976s | Train Loss: 0.056605 |
2020-08-17 03:06:12,341 - root - INFO - | Epoch: 274/500 | Train Time: 0.871s | Train Loss: 0.059709 |
2020-08-17 03:06:13,176 - root - INFO - | Epoch: 275/500 | Train Time: 0.835s | Train Loss: 0.057258 |
2020-08-17 03:06:14,123 - root - INFO - | Epoch: 276/500 | Train Time: 0.947s | Train Loss: 0.056860 |
2020-08-17 03:06:15,068 - root - INFO - | Epoch: 277/500 | Train Time: 0.945s | Train Loss: 0.053104 |
2020-08-17 03:06:16,018 - root - INFO - | Epoch: 278/500 | Train Time: 0.949s | Train Loss: 0.057773 |
2020-08-17 03:06:16,962 - root - INFO - | Epoch: 279/500 | Train Time: 0.944s | Train Loss: 0.054165 |
2020-08-17 03:06:17,906 - root - INFO - | Epoch: 280/500 | Train Time: 0.943s | Train Loss: 0.057943 |
2020-08-17 03:06:18,850 - root - INFO - | Epoch: 281/500 | Train Time: 0.944s | Train Loss: 0.056409 |
2020-08-17 03:06:19,790 - root - INFO - | Epoch: 282/500 | Train Time: 0.941s | Train Loss: 0.055522 |
2020-08-17 03:06:20,737 - root - INFO - | Epoch: 283/500 | Train Time: 0.946s | Train Loss: 0.061139 |
2020-08-17 03:06:21,680 - root - INFO - | Epoch: 284/500 | Train Time: 0.943s | Train Loss: 0.053383 |
2020-08-17 03:06:22,629 - root - INFO - | Epoch: 285/500 | Train Time: 0.948s | Train Loss: 0.054320 |
2020-08-17 03:06:23,597 - root - INFO - | Epoch: 286/500 | Train Time: 0.968s | Train Loss: 0.053219 |
2020-08-17 03:06:24,603 - root - INFO - | Epoch: 287/500 | Train Time: 1.006s | Train Loss: 0.054872 |
2020-08-17 03:06:25,604 - root - INFO - | Epoch: 288/500 | Train Time: 1.001s | Train Loss: 0.057564 |
2020-08-17 03:06:26,588 - root - INFO - | Epoch: 289/500 | Train Time: 0.984s | Train Loss: 0.052751 |
2020-08-17 03:06:27,572 - root - INFO - | Epoch: 290/500 | Train Time: 0.983s | Train Loss: 0.057058 |
2020-08-17 03:06:28,555 - root - INFO - | Epoch: 291/500 | Train Time: 0.983s | Train Loss: 0.056330 |
2020-08-17 03:06:29,536 - root - INFO - | Epoch: 292/500 | Train Time: 0.980s | Train Loss: 0.055435 |
2020-08-17 03:06:30,521 - root - INFO - | Epoch: 293/500 | Train Time: 0.985s | Train Loss: 0.055213 |
2020-08-17 03:06:31,502 - root - INFO - | Epoch: 294/500 | Train Time: 0.981s | Train Loss: 0.056396 |
2020-08-17 03:06:32,481 - root - INFO - | Epoch: 295/500 | Train Time: 0.979s | Train Loss: 0.058657 |
2020-08-17 03:06:33,464 - root - INFO - | Epoch: 296/500 | Train Time: 0.983s | Train Loss: 0.052849 |
2020-08-17 03:06:34,455 - root - INFO - | Epoch: 297/500 | Train Time: 0.991s | Train Loss: 0.056329 |
2020-08-17 03:06:35,449 - root - INFO - | Epoch: 298/500 | Train Time: 0.994s | Train Loss: 0.057627 |
2020-08-17 03:06:36,446 - root - INFO - | Epoch: 299/500 | Train Time: 0.997s | Train Loss: 0.052674 |
2020-08-17 03:06:37,442 - root - INFO - | Epoch: 300/500 | Train Time: 0.996s | Train Loss: 0.059664 |
2020-08-17 03:06:38,434 - root - INFO - | Epoch: 301/500 | Train Time: 0.992s | Train Loss: 0.052464 |
2020-08-17 03:06:39,430 - root - INFO - | Epoch: 302/500 | Train Time: 0.995s | Train Loss: 0.055377 |
2020-08-17 03:06:40,437 - root - INFO - | Epoch: 303/500 | Train Time: 1.006s | Train Loss: 0.058167 |
2020-08-17 03:06:41,464 - root - INFO - | Epoch: 304/500 | Train Time: 1.027s | Train Loss: 0.057781 |
2020-08-17 03:06:42,454 - root - INFO - | Epoch: 305/500 | Train Time: 0.990s | Train Loss: 0.054564 |
2020-08-17 03:06:43,431 - root - INFO - | Epoch: 306/500 | Train Time: 0.977s | Train Loss: 0.058159 |
2020-08-17 03:06:44,408 - root - INFO - | Epoch: 307/500 | Train Time: 0.978s | Train Loss: 0.054927 |
2020-08-17 03:06:45,375 - root - INFO - | Epoch: 308/500 | Train Time: 0.967s | Train Loss: 0.057593 |
2020-08-17 03:06:46,355 - root - INFO - | Epoch: 309/500 | Train Time: 0.980s | Train Loss: 0.053481 |
2020-08-17 03:06:47,329 - root - INFO - | Epoch: 310/500 | Train Time: 0.973s | Train Loss: 0.055518 |
2020-08-17 03:06:48,305 - root - INFO - | Epoch: 311/500 | Train Time: 0.976s | Train Loss: 0.054706 |
2020-08-17 03:06:49,277 - root - INFO - | Epoch: 312/500 | Train Time: 0.971s | Train Loss: 0.052854 |
2020-08-17 03:06:50,252 - root - INFO - | Epoch: 313/500 | Train Time: 0.975s | Train Loss: 0.055676 |
2020-08-17 03:06:51,229 - root - INFO - | Epoch: 314/500 | Train Time: 0.977s | Train Loss: 0.054095 |
2020-08-17 03:06:52,225 - root - INFO - | Epoch: 315/500 | Train Time: 0.996s | Train Loss: 0.055432 |
2020-08-17 03:06:53,244 - root - INFO - | Epoch: 316/500 | Train Time: 1.019s | Train Loss: 0.057708 |
2020-08-17 03:06:54,232 - root - INFO - | Epoch: 317/500 | Train Time: 0.988s | Train Loss: 0.053273 |
2020-08-17 03:06:55,219 - root - INFO - | Epoch: 318/500 | Train Time: 0.987s | Train Loss: 0.053590 |
2020-08-17 03:06:56,198 - root - INFO - | Epoch: 319/500 | Train Time: 0.978s | Train Loss: 0.056096 |
2020-08-17 03:06:57,154 - root - INFO - | Epoch: 320/500 | Train Time: 0.956s | Train Loss: 0.052234 |
2020-08-17 03:06:58,087 - root - INFO - | Epoch: 321/500 | Train Time: 0.933s | Train Loss: 0.054869 |
2020-08-17 03:06:59,018 - root - INFO - | Epoch: 322/500 | Train Time: 0.931s | Train Loss: 0.054194 |
2020-08-17 03:06:59,955 - root - INFO - | Epoch: 323/500 | Train Time: 0.936s | Train Loss: 0.055872 |
2020-08-17 03:07:00,906 - root - INFO - | Epoch: 324/500 | Train Time: 0.951s | Train Loss: 0.052840 |
2020-08-17 03:07:01,869 - root - INFO - | Epoch: 325/500 | Train Time: 0.963s | Train Loss: 0.057511 |
2020-08-17 03:07:02,833 - root - INFO - | Epoch: 326/500 | Train Time: 0.964s | Train Loss: 0.052204 |
2020-08-17 03:07:03,777 - root - INFO - | Epoch: 327/500 | Train Time: 0.944s | Train Loss: 0.056376 |
2020-08-17 03:07:04,721 - root - INFO - | Epoch: 328/500 | Train Time: 0.943s | Train Loss: 0.054461 |
2020-08-17 03:07:05,663 - root - INFO - | Epoch: 329/500 | Train Time: 0.943s | Train Loss: 0.055120 |
2020-08-17 03:07:06,611 - root - INFO - | Epoch: 330/500 | Train Time: 0.947s | Train Loss: 0.051363 |
2020-08-17 03:07:07,558 - root - INFO - | Epoch: 331/500 | Train Time: 0.947s | Train Loss: 0.050997 |
2020-08-17 03:07:08,491 - root - INFO - | Epoch: 332/500 | Train Time: 0.933s | Train Loss: 0.057930 |
2020-08-17 03:07:09,437 - root - INFO - | Epoch: 333/500 | Train Time: 0.946s | Train Loss: 0.051569 |
2020-08-17 03:07:10,380 - root - INFO - | Epoch: 334/500 | Train Time: 0.942s | Train Loss: 0.054811 |
2020-08-17 03:07:11,328 - root - INFO - | Epoch: 335/500 | Train Time: 0.948s | Train Loss: 0.053533 |
2020-08-17 03:07:12,273 - root - INFO - | Epoch: 336/500 | Train Time: 0.945s | Train Loss: 0.054908 |
2020-08-17 03:07:13,233 - root - INFO - | Epoch: 337/500 | Train Time: 0.960s | Train Loss: 0.052124 |
2020-08-17 03:07:14,223 - root - INFO - | Epoch: 338/500 | Train Time: 0.989s | Train Loss: 0.056449 |
2020-08-17 03:07:15,198 - root - INFO - | Epoch: 339/500 | Train Time: 0.975s | Train Loss: 0.052957 |
2020-08-17 03:07:16,160 - root - INFO - | Epoch: 340/500 | Train Time: 0.961s | Train Loss: 0.053511 |
2020-08-17 03:07:17,119 - root - INFO - | Epoch: 341/500 | Train Time: 0.959s | Train Loss: 0.053646 |
2020-08-17 03:07:18,062 - root - INFO - | Epoch: 342/500 | Train Time: 0.943s | Train Loss: 0.055294 |
2020-08-17 03:07:19,008 - root - INFO - | Epoch: 343/500 | Train Time: 0.946s | Train Loss: 0.052141 |
2020-08-17 03:07:19,953 - root - INFO - | Epoch: 344/500 | Train Time: 0.945s | Train Loss: 0.051733 |
2020-08-17 03:07:20,904 - root - INFO - | Epoch: 345/500 | Train Time: 0.951s | Train Loss: 0.051874 |
2020-08-17 03:07:21,887 - root - INFO - | Epoch: 346/500 | Train Time: 0.983s | Train Loss: 0.050377 |
2020-08-17 03:07:22,866 - root - INFO - | Epoch: 347/500 | Train Time: 0.979s | Train Loss: 0.052546 |
2020-08-17 03:07:23,844 - root - INFO - | Epoch: 348/500 | Train Time: 0.978s | Train Loss: 0.053811 |
2020-08-17 03:07:24,824 - root - INFO - | Epoch: 349/500 | Train Time: 0.980s | Train Loss: 0.054791 |
2020-08-17 03:07:25,805 - root - INFO - | Epoch: 350/500 | Train Time: 0.980s | Train Loss: 0.051269 |
2020-08-17 03:07:26,787 - root - INFO - | Epoch: 351/500 | Train Time: 0.982s | Train Loss: 0.052424 |
2020-08-17 03:07:27,767 - root - INFO - | Epoch: 352/500 | Train Time: 0.980s | Train Loss: 0.053587 |
2020-08-17 03:07:28,724 - root - INFO - | Epoch: 353/500 | Train Time: 0.958s | Train Loss: 0.051802 |
2020-08-17 03:07:29,694 - root - INFO - | Epoch: 354/500 | Train Time: 0.970s | Train Loss: 0.049364 |
2020-08-17 03:07:30,663 - root - INFO - | Epoch: 355/500 | Train Time: 0.969s | Train Loss: 0.050909 |
2020-08-17 03:07:31,622 - root - INFO - | Epoch: 356/500 | Train Time: 0.959s | Train Loss: 0.054805 |
2020-08-17 03:07:32,584 - root - INFO - | Epoch: 357/500 | Train Time: 0.962s | Train Loss: 0.054636 |
2020-08-17 03:07:33,555 - root - INFO - | Epoch: 358/500 | Train Time: 0.971s | Train Loss: 0.051333 |
2020-08-17 03:07:34,533 - root - INFO - | Epoch: 359/500 | Train Time: 0.977s | Train Loss: 0.053977 |
2020-08-17 03:07:35,506 - root - INFO - | Epoch: 360/500 | Train Time: 0.973s | Train Loss: 0.055033 |
2020-08-17 03:07:36,483 - root - INFO - | Epoch: 361/500 | Train Time: 0.977s | Train Loss: 0.054423 |
2020-08-17 03:07:37,458 - root - INFO - | Epoch: 362/500 | Train Time: 0.975s | Train Loss: 0.051423 |
2020-08-17 03:07:38,437 - root - INFO - | Epoch: 363/500 | Train Time: 0.979s | Train Loss: 0.055089 |
2020-08-17 03:07:39,415 - root - INFO - | Epoch: 364/500 | Train Time: 0.978s | Train Loss: 0.052421 |
2020-08-17 03:07:40,393 - root - INFO - | Epoch: 365/500 | Train Time: 0.978s | Train Loss: 0.053249 |
2020-08-17 03:07:41,371 - root - INFO - | Epoch: 366/500 | Train Time: 0.978s | Train Loss: 0.052590 |
2020-08-17 03:07:42,350 - root - INFO - | Epoch: 367/500 | Train Time: 0.979s | Train Loss: 0.052242 |
2020-08-17 03:07:43,283 - root - INFO - | Epoch: 368/500 | Train Time: 0.933s | Train Loss: 0.054515 |
2020-08-17 03:07:43,970 - root - INFO - | Epoch: 369/500 | Train Time: 0.686s | Train Loss: 0.053085 |
2020-08-17 03:07:44,608 - root - INFO - | Epoch: 370/500 | Train Time: 0.638s | Train Loss: 0.051920 |
2020-08-17 03:07:45,221 - root - INFO - | Epoch: 371/500 | Train Time: 0.612s | Train Loss: 0.052051 |
2020-08-17 03:07:45,833 - root - INFO - | Epoch: 372/500 | Train Time: 0.613s | Train Loss: 0.054276 |
2020-08-17 03:07:46,445 - root - INFO - | Epoch: 373/500 | Train Time: 0.612s | Train Loss: 0.051790 |
2020-08-17 03:07:47,059 - root - INFO - | Epoch: 374/500 | Train Time: 0.613s | Train Loss: 0.054287 |
2020-08-17 03:07:47,671 - root - INFO - | Epoch: 375/500 | Train Time: 0.612s | Train Loss: 0.049580 |
2020-08-17 03:07:48,284 - root - INFO - | Epoch: 376/500 | Train Time: 0.612s | Train Loss: 0.052430 |
2020-08-17 03:07:49,146 - root - INFO - | Epoch: 377/500 | Train Time: 0.862s | Train Loss: 0.050877 |
2020-08-17 03:07:49,835 - root - INFO - | Epoch: 378/500 | Train Time: 0.689s | Train Loss: 0.051561 |
2020-08-17 03:07:50,476 - root - INFO - | Epoch: 379/500 | Train Time: 0.642s | Train Loss: 0.051735 |
2020-08-17 03:07:51,091 - root - INFO - | Epoch: 380/500 | Train Time: 0.614s | Train Loss: 0.053041 |
2020-08-17 03:07:51,704 - root - INFO - | Epoch: 381/500 | Train Time: 0.613s | Train Loss: 0.050844 |
2020-08-17 03:07:52,317 - root - INFO - | Epoch: 382/500 | Train Time: 0.613s | Train Loss: 0.051537 |
2020-08-17 03:07:52,929 - root - INFO - | Epoch: 383/500 | Train Time: 0.612s | Train Loss: 0.051439 |
2020-08-17 03:07:53,543 - root - INFO - | Epoch: 384/500 | Train Time: 0.614s | Train Loss: 0.050333 |
2020-08-17 03:07:54,156 - root - INFO - | Epoch: 385/500 | Train Time: 0.613s | Train Loss: 0.049946 |
2020-08-17 03:07:55,076 - root - INFO - | Epoch: 386/500 | Train Time: 0.920s | Train Loss: 0.053497 |
2020-08-17 03:07:56,023 - root - INFO - | Epoch: 387/500 | Train Time: 0.947s | Train Loss: 0.051738 |
2020-08-17 03:07:56,970 - root - INFO - | Epoch: 388/500 | Train Time: 0.947s | Train Loss: 0.053173 |
2020-08-17 03:07:57,915 - root - INFO - | Epoch: 389/500 | Train Time: 0.945s | Train Loss: 0.049966 |
2020-08-17 03:07:58,858 - root - INFO - | Epoch: 390/500 | Train Time: 0.943s | Train Loss: 0.054067 |
2020-08-17 03:07:59,804 - root - INFO - | Epoch: 391/500 | Train Time: 0.945s | Train Loss: 0.055017 |
2020-08-17 03:08:00,750 - root - INFO - | Epoch: 392/500 | Train Time: 0.946s | Train Loss: 0.052376 |
2020-08-17 03:08:01,705 - root - INFO - | Epoch: 393/500 | Train Time: 0.955s | Train Loss: 0.051720 |
2020-08-17 03:08:02,667 - root - INFO - | Epoch: 394/500 | Train Time: 0.962s | Train Loss: 0.054999 |
2020-08-17 03:08:03,646 - root - INFO - | Epoch: 395/500 | Train Time: 0.978s | Train Loss: 0.048891 |
2020-08-17 03:08:04,616 - root - INFO - | Epoch: 396/500 | Train Time: 0.970s | Train Loss: 0.050499 |
2020-08-17 03:08:05,565 - root - INFO - | Epoch: 397/500 | Train Time: 0.949s | Train Loss: 0.052197 |
2020-08-17 03:08:06,498 - root - INFO - | Epoch: 398/500 | Train Time: 0.933s | Train Loss: 0.053293 |
2020-08-17 03:08:07,435 - root - INFO - | Epoch: 399/500 | Train Time: 0.937s | Train Loss: 0.056866 |
2020-08-17 03:08:08,370 - root - INFO - | Epoch: 400/500 | Train Time: 0.934s | Train Loss: 0.049984 |
2020-08-17 03:08:09,302 - root - INFO - | Epoch: 401/500 | Train Time: 0.933s | Train Loss: 0.050636 |
2020-08-17 03:08:10,242 - root - INFO - | Epoch: 402/500 | Train Time: 0.939s | Train Loss: 0.053756 |
2020-08-17 03:08:11,180 - root - INFO - | Epoch: 403/500 | Train Time: 0.938s | Train Loss: 0.051935 |
2020-08-17 03:08:12,119 - root - INFO - | Epoch: 404/500 | Train Time: 0.938s | Train Loss: 0.051585 |
2020-08-17 03:08:13,042 - root - INFO - | Epoch: 405/500 | Train Time: 0.923s | Train Loss: 0.053638 |
2020-08-17 03:08:13,976 - root - INFO - | Epoch: 406/500 | Train Time: 0.934s | Train Loss: 0.050900 |
2020-08-17 03:08:14,912 - root - INFO - | Epoch: 407/500 | Train Time: 0.935s | Train Loss: 0.052370 |
2020-08-17 03:08:15,847 - root - INFO - | Epoch: 408/500 | Train Time: 0.935s | Train Loss: 0.052561 |
2020-08-17 03:08:16,776 - root - INFO - | Epoch: 409/500 | Train Time: 0.929s | Train Loss: 0.049303 |
2020-08-17 03:08:17,718 - root - INFO - | Epoch: 410/500 | Train Time: 0.942s | Train Loss: 0.052044 |
2020-08-17 03:08:18,655 - root - INFO - | Epoch: 411/500 | Train Time: 0.936s | Train Loss: 0.050059 |
2020-08-17 03:08:19,592 - root - INFO - | Epoch: 412/500 | Train Time: 0.937s | Train Loss: 0.052525 |
2020-08-17 03:08:20,526 - root - INFO - | Epoch: 413/500 | Train Time: 0.934s | Train Loss: 0.050495 |
2020-08-17 03:08:21,466 - root - INFO - | Epoch: 414/500 | Train Time: 0.940s | Train Loss: 0.051756 |
2020-08-17 03:08:22,409 - root - INFO - | Epoch: 415/500 | Train Time: 0.943s | Train Loss: 0.050241 |
2020-08-17 03:08:23,343 - root - INFO - | Epoch: 416/500 | Train Time: 0.934s | Train Loss: 0.053208 |
2020-08-17 03:08:24,281 - root - INFO - | Epoch: 417/500 | Train Time: 0.937s | Train Loss: 0.051394 |
2020-08-17 03:08:25,223 - root - INFO - | Epoch: 418/500 | Train Time: 0.942s | Train Loss: 0.051664 |
2020-08-17 03:08:26,146 - root - INFO - | Epoch: 419/500 | Train Time: 0.923s | Train Loss: 0.050074 |
2020-08-17 03:08:27,075 - root - INFO - | Epoch: 420/500 | Train Time: 0.929s | Train Loss: 0.051063 |
2020-08-17 03:08:28,051 - root - INFO - | Epoch: 421/500 | Train Time: 0.976s | Train Loss: 0.051821 |
2020-08-17 03:08:29,027 - root - INFO - | Epoch: 422/500 | Train Time: 0.976s | Train Loss: 0.051793 |
2020-08-17 03:08:30,013 - root - INFO - | Epoch: 423/500 | Train Time: 0.986s | Train Loss: 0.051195 |
2020-08-17 03:08:31,002 - root - INFO - | Epoch: 424/500 | Train Time: 0.988s | Train Loss: 0.047092 |
2020-08-17 03:08:32,019 - root - INFO - | Epoch: 425/500 | Train Time: 1.017s | Train Loss: 0.049542 |
2020-08-17 03:08:33,019 - root - INFO - | Epoch: 426/500 | Train Time: 1.000s | Train Loss: 0.058413 |
2020-08-17 03:08:34,016 - root - INFO - | Epoch: 427/500 | Train Time: 0.997s | Train Loss: 0.053847 |
2020-08-17 03:08:35,006 - root - INFO - | Epoch: 428/500 | Train Time: 0.990s | Train Loss: 0.047292 |
2020-08-17 03:08:35,977 - root - INFO - | Epoch: 429/500 | Train Time: 0.971s | Train Loss: 0.049426 |
2020-08-17 03:08:36,971 - root - INFO - | Epoch: 430/500 | Train Time: 0.994s | Train Loss: 0.050132 |
2020-08-17 03:08:37,959 - root - INFO - | Epoch: 431/500 | Train Time: 0.988s | Train Loss: 0.050824 |
2020-08-17 03:08:38,928 - root - INFO - | Epoch: 432/500 | Train Time: 0.968s | Train Loss: 0.049998 |
2020-08-17 03:08:39,890 - root - INFO - | Epoch: 433/500 | Train Time: 0.962s | Train Loss: 0.050229 |
2020-08-17 03:08:40,853 - root - INFO - | Epoch: 434/500 | Train Time: 0.963s | Train Loss: 0.051044 |
2020-08-17 03:08:41,830 - root - INFO - | Epoch: 435/500 | Train Time: 0.977s | Train Loss: 0.050380 |
2020-08-17 03:08:42,808 - root - INFO - | Epoch: 436/500 | Train Time: 0.978s | Train Loss: 0.055329 |
2020-08-17 03:08:43,783 - root - INFO - | Epoch: 437/500 | Train Time: 0.975s | Train Loss: 0.048915 |
2020-08-17 03:08:44,760 - root - INFO - | Epoch: 438/500 | Train Time: 0.976s | Train Loss: 0.049843 |
2020-08-17 03:08:45,734 - root - INFO - | Epoch: 439/500 | Train Time: 0.974s | Train Loss: 0.049561 |
2020-08-17 03:08:46,712 - root - INFO - | Epoch: 440/500 | Train Time: 0.978s | Train Loss: 0.051436 |
2020-08-17 03:08:47,687 - root - INFO - | Epoch: 441/500 | Train Time: 0.974s | Train Loss: 0.047243 |
2020-08-17 03:08:48,663 - root - INFO - | Epoch: 442/500 | Train Time: 0.976s | Train Loss: 0.049909 |
2020-08-17 03:08:49,638 - root - INFO - | Epoch: 443/500 | Train Time: 0.975s | Train Loss: 0.050011 |
2020-08-17 03:08:50,611 - root - INFO - | Epoch: 444/500 | Train Time: 0.972s | Train Loss: 0.049280 |
2020-08-17 03:08:51,587 - root - INFO - | Epoch: 445/500 | Train Time: 0.976s | Train Loss: 0.049798 |
2020-08-17 03:08:52,562 - root - INFO - | Epoch: 446/500 | Train Time: 0.975s | Train Loss: 0.047751 |
2020-08-17 03:08:53,537 - root - INFO - | Epoch: 447/500 | Train Time: 0.975s | Train Loss: 0.048478 |
2020-08-17 03:08:54,509 - root - INFO - | Epoch: 448/500 | Train Time: 0.972s | Train Loss: 0.049742 |
2020-08-17 03:08:55,484 - root - INFO - | Epoch: 449/500 | Train Time: 0.975s | Train Loss: 0.050417 |
2020-08-17 03:08:56,452 - root - INFO - | Epoch: 450/500 | Train Time: 0.968s | Train Loss: 0.048226 |
2020-08-17 03:08:57,442 - root - INFO - | Epoch: 451/500 | Train Time: 0.989s | Train Loss: 0.047184 |
2020-08-17 03:08:58,446 - root - INFO - | Epoch: 452/500 | Train Time: 1.004s | Train Loss: 0.048978 |
2020-08-17 03:08:59,437 - root - INFO - | Epoch: 453/500 | Train Time: 0.991s | Train Loss: 0.048631 |
2020-08-17 03:09:00,440 - root - INFO - | Epoch: 454/500 | Train Time: 1.003s | Train Loss: 0.048469 |
2020-08-17 03:09:01,436 - root - INFO - | Epoch: 455/500 | Train Time: 0.996s | Train Loss: 0.046523 |
2020-08-17 03:09:02,452 - root - INFO - | Epoch: 456/500 | Train Time: 1.015s | Train Loss: 0.050509 |
2020-08-17 03:09:03,459 - root - INFO - | Epoch: 457/500 | Train Time: 1.007s | Train Loss: 0.049427 |
2020-08-17 03:09:04,455 - root - INFO - | Epoch: 458/500 | Train Time: 0.996s | Train Loss: 0.050282 |
2020-08-17 03:09:05,434 - root - INFO - | Epoch: 459/500 | Train Time: 0.980s | Train Loss: 0.051200 |
2020-08-17 03:09:06,430 - root - INFO - | Epoch: 460/500 | Train Time: 0.995s | Train Loss: 0.049199 |
2020-08-17 03:09:07,422 - root - INFO - | Epoch: 461/500 | Train Time: 0.991s | Train Loss: 0.049431 |
2020-08-17 03:09:08,413 - root - INFO - | Epoch: 462/500 | Train Time: 0.991s | Train Loss: 0.049322 |
2020-08-17 03:09:09,395 - root - INFO - | Epoch: 463/500 | Train Time: 0.982s | Train Loss: 0.047522 |
2020-08-17 03:09:10,358 - root - INFO - | Epoch: 464/500 | Train Time: 0.963s | Train Loss: 0.048446 |
2020-08-17 03:09:11,307 - root - INFO - | Epoch: 465/500 | Train Time: 0.949s | Train Loss: 0.050158 |
2020-08-17 03:09:12,270 - root - INFO - | Epoch: 466/500 | Train Time: 0.963s | Train Loss: 0.049750 |
2020-08-17 03:09:13,223 - root - INFO - | Epoch: 467/500 | Train Time: 0.952s | Train Loss: 0.050279 |
2020-08-17 03:09:14,180 - root - INFO - | Epoch: 468/500 | Train Time: 0.957s | Train Loss: 0.051721 |
2020-08-17 03:09:15,134 - root - INFO - | Epoch: 469/500 | Train Time: 0.954s | Train Loss: 0.049174 |
2020-08-17 03:09:16,091 - root - INFO - | Epoch: 470/500 | Train Time: 0.956s | Train Loss: 0.049424 |
2020-08-17 03:09:17,052 - root - INFO - | Epoch: 471/500 | Train Time: 0.961s | Train Loss: 0.048482 |
2020-08-17 03:09:18,013 - root - INFO - | Epoch: 472/500 | Train Time: 0.961s | Train Loss: 0.047346 |
2020-08-17 03:09:18,973 - root - INFO - | Epoch: 473/500 | Train Time: 0.960s | Train Loss: 0.046823 |
2020-08-17 03:09:19,934 - root - INFO - | Epoch: 474/500 | Train Time: 0.960s | Train Loss: 0.051466 |
2020-08-17 03:09:20,893 - root - INFO - | Epoch: 475/500 | Train Time: 0.959s | Train Loss: 0.049405 |
2020-08-17 03:09:21,855 - root - INFO - | Epoch: 476/500 | Train Time: 0.962s | Train Loss: 0.048796 |
2020-08-17 03:09:22,816 - root - INFO - | Epoch: 477/500 | Train Time: 0.961s | Train Loss: 0.052815 |
2020-08-17 03:09:23,775 - root - INFO - | Epoch: 478/500 | Train Time: 0.959s | Train Loss: 0.048638 |
2020-08-17 03:09:24,734 - root - INFO - | Epoch: 479/500 | Train Time: 0.958s | Train Loss: 0.048173 |
2020-08-17 03:09:25,698 - root - INFO - | Epoch: 480/500 | Train Time: 0.964s | Train Loss: 0.045966 |
2020-08-17 03:09:26,662 - root - INFO - | Epoch: 481/500 | Train Time: 0.964s | Train Loss: 0.048468 |
2020-08-17 03:09:27,625 - root - INFO - | Epoch: 482/500 | Train Time: 0.962s | Train Loss: 0.049993 |
2020-08-17 03:09:28,587 - root - INFO - | Epoch: 483/500 | Train Time: 0.962s | Train Loss: 0.047486 |
2020-08-17 03:09:29,547 - root - INFO - | Epoch: 484/500 | Train Time: 0.960s | Train Loss: 0.052701 |
2020-08-17 03:09:30,514 - root - INFO - | Epoch: 485/500 | Train Time: 0.966s | Train Loss: 0.050401 |
2020-08-17 03:09:31,491 - root - INFO - | Epoch: 486/500 | Train Time: 0.977s | Train Loss: 0.048348 |
2020-08-17 03:09:32,468 - root - INFO - | Epoch: 487/500 | Train Time: 0.977s | Train Loss: 0.048516 |
2020-08-17 03:09:33,460 - root - INFO - | Epoch: 488/500 | Train Time: 0.991s | Train Loss: 0.049181 |
2020-08-17 03:09:34,456 - root - INFO - | Epoch: 489/500 | Train Time: 0.996s | Train Loss: 0.049655 |
2020-08-17 03:09:35,445 - root - INFO - | Epoch: 490/500 | Train Time: 0.989s | Train Loss: 0.046926 |
2020-08-17 03:09:36,421 - root - INFO - | Epoch: 491/500 | Train Time: 0.976s | Train Loss: 0.048164 |
2020-08-17 03:09:37,219 - root - INFO - | Epoch: 492/500 | Train Time: 0.798s | Train Loss: 0.051192 |
2020-08-17 03:09:37,901 - root - INFO - | Epoch: 493/500 | Train Time: 0.682s | Train Loss: 0.049003 |
2020-08-17 03:09:38,758 - root - INFO - | Epoch: 494/500 | Train Time: 0.857s | Train Loss: 0.050460 |
2020-08-17 03:09:39,705 - root - INFO - | Epoch: 495/500 | Train Time: 0.947s | Train Loss: 0.047078 |
2020-08-17 03:09:40,660 - root - INFO - | Epoch: 496/500 | Train Time: 0.954s | Train Loss: 0.048523 |
2020-08-17 03:09:41,616 - root - INFO - | Epoch: 497/500 | Train Time: 0.956s | Train Loss: 0.051726 |
2020-08-17 03:09:42,561 - root - INFO - | Epoch: 498/500 | Train Time: 0.945s | Train Loss: 0.054823 |
2020-08-17 03:09:43,509 - root - INFO - | Epoch: 499/500 | Train Time: 0.947s | Train Loss: 0.048845 |
2020-08-17 03:09:44,457 - root - INFO - | Epoch: 500/500 | Train Time: 0.948s | Train Loss: 0.045885 |
2020-08-17 03:09:44,457 - root - INFO - Training Time: 451.846s
2020-08-17 03:09:44,457 - root - INFO - Finished training.
2020-08-17 03:09:44,457 - root - INFO - Starting testing...
2020-08-17 03:09:44,556 - root - INFO - Test Loss: 0.347826
2020-08-17 03:09:44,556 - root - INFO - Test Time: 0.097s
2020-08-17 03:09:44,557 - root - INFO - Finished testing.
2020-08-17 03:09:44,731 - root - INFO - Starting testing...
2020-08-17 03:09:44,837 - root - INFO - Test Loss: 1.123129
2020-08-17 03:09:44,837 - root - INFO - Test Time: 0.104s
2020-08-17 03:09:44,837 - root - INFO - Finished testing.
