2020-08-17 03:10:01,115 - root - INFO - Hey I am loading net for you!
2020-08-17 03:10:02,845 - root - INFO - Setting hyper-parameters!
2020-08-17 03:10:02,846 - root - INFO - Starting training...
2020-08-17 03:10:02,903 - root - INFO - | Epoch: 001/500 | Train Time: 0.056s | Train Loss: 0.977046 |
2020-08-17 03:10:02,960 - root - INFO - | Epoch: 002/500 | Train Time: 0.057s | Train Loss: 0.972451 |
2020-08-17 03:10:03,020 - root - INFO - | Epoch: 003/500 | Train Time: 0.060s | Train Loss: 0.966691 |
2020-08-17 03:10:03,082 - root - INFO - | Epoch: 004/500 | Train Time: 0.062s | Train Loss: 0.959384 |
2020-08-17 03:10:03,144 - root - INFO - | Epoch: 005/500 | Train Time: 0.062s | Train Loss: 0.958196 |
2020-08-17 03:10:03,205 - root - INFO - | Epoch: 006/500 | Train Time: 0.061s | Train Loss: 0.954975 |
2020-08-17 03:10:03,267 - root - INFO - | Epoch: 007/500 | Train Time: 0.062s | Train Loss: 0.947627 |
2020-08-17 03:10:03,329 - root - INFO - | Epoch: 008/500 | Train Time: 0.062s | Train Loss: 0.943061 |
2020-08-17 03:10:03,391 - root - INFO - | Epoch: 009/500 | Train Time: 0.062s | Train Loss: 0.938919 |
2020-08-17 03:10:03,454 - root - INFO - | Epoch: 010/500 | Train Time: 0.062s | Train Loss: 0.936501 |
2020-08-17 03:10:03,516 - root - INFO - | Epoch: 011/500 | Train Time: 0.062s | Train Loss: 0.927430 |
2020-08-17 03:10:03,579 - root - INFO - | Epoch: 012/500 | Train Time: 0.063s | Train Loss: 0.927165 |
2020-08-17 03:10:03,641 - root - INFO - | Epoch: 013/500 | Train Time: 0.063s | Train Loss: 0.918938 |
2020-08-17 03:10:03,704 - root - INFO - | Epoch: 014/500 | Train Time: 0.063s | Train Loss: 0.914571 |
2020-08-17 03:10:03,766 - root - INFO - | Epoch: 015/500 | Train Time: 0.062s | Train Loss: 0.914922 |
2020-08-17 03:10:03,828 - root - INFO - | Epoch: 016/500 | Train Time: 0.062s | Train Loss: 0.908745 |
2020-08-17 03:10:03,891 - root - INFO - | Epoch: 017/500 | Train Time: 0.063s | Train Loss: 0.907883 |
2020-08-17 03:10:03,954 - root - INFO - | Epoch: 018/500 | Train Time: 0.063s | Train Loss: 0.898025 |
2020-08-17 03:10:04,015 - root - INFO - | Epoch: 019/500 | Train Time: 0.062s | Train Loss: 0.896211 |
2020-08-17 03:10:04,078 - root - INFO - | Epoch: 020/500 | Train Time: 0.063s | Train Loss: 0.892654 |
2020-08-17 03:10:04,141 - root - INFO - | Epoch: 021/500 | Train Time: 0.063s | Train Loss: 0.884692 |
2020-08-17 03:10:04,205 - root - INFO - | Epoch: 022/500 | Train Time: 0.063s | Train Loss: 0.883840 |
2020-08-17 03:10:04,268 - root - INFO - | Epoch: 023/500 | Train Time: 0.063s | Train Loss: 0.878784 |
2020-08-17 03:10:04,329 - root - INFO - | Epoch: 024/500 | Train Time: 0.061s | Train Loss: 0.872049 |
2020-08-17 03:10:04,391 - root - INFO - | Epoch: 025/500 | Train Time: 0.062s | Train Loss: 0.871871 |
2020-08-17 03:10:04,454 - root - INFO - | Epoch: 026/500 | Train Time: 0.063s | Train Loss: 0.861639 |
2020-08-17 03:10:04,517 - root - INFO - | Epoch: 027/500 | Train Time: 0.062s | Train Loss: 0.861741 |
2020-08-17 03:10:04,580 - root - INFO - | Epoch: 028/500 | Train Time: 0.063s | Train Loss: 0.858868 |
2020-08-17 03:10:04,642 - root - INFO - | Epoch: 029/500 | Train Time: 0.062s | Train Loss: 0.855206 |
2020-08-17 03:10:04,705 - root - INFO - | Epoch: 030/500 | Train Time: 0.063s | Train Loss: 0.848378 |
2020-08-17 03:10:04,767 - root - INFO - | Epoch: 031/500 | Train Time: 0.062s | Train Loss: 0.845033 |
2020-08-17 03:10:04,829 - root - INFO - | Epoch: 032/500 | Train Time: 0.062s | Train Loss: 0.840753 |
2020-08-17 03:10:04,891 - root - INFO - | Epoch: 033/500 | Train Time: 0.062s | Train Loss: 0.839590 |
2020-08-17 03:10:04,953 - root - INFO - | Epoch: 034/500 | Train Time: 0.062s | Train Loss: 0.834256 |
2020-08-17 03:10:05,016 - root - INFO - | Epoch: 035/500 | Train Time: 0.062s | Train Loss: 0.827565 |
2020-08-17 03:10:05,078 - root - INFO - | Epoch: 036/500 | Train Time: 0.062s | Train Loss: 0.830683 |
2020-08-17 03:10:05,140 - root - INFO - | Epoch: 037/500 | Train Time: 0.062s | Train Loss: 0.819041 |
2020-08-17 03:10:05,202 - root - INFO - | Epoch: 038/500 | Train Time: 0.062s | Train Loss: 0.819198 |
2020-08-17 03:10:05,265 - root - INFO - | Epoch: 039/500 | Train Time: 0.062s | Train Loss: 0.818453 |
2020-08-17 03:10:05,327 - root - INFO - | Epoch: 040/500 | Train Time: 0.062s | Train Loss: 0.817538 |
2020-08-17 03:10:05,389 - root - INFO - | Epoch: 041/500 | Train Time: 0.062s | Train Loss: 0.809393 |
2020-08-17 03:10:05,451 - root - INFO - | Epoch: 042/500 | Train Time: 0.062s | Train Loss: 0.803194 |
2020-08-17 03:10:05,514 - root - INFO - | Epoch: 043/500 | Train Time: 0.062s | Train Loss: 0.801827 |
2020-08-17 03:10:05,577 - root - INFO - | Epoch: 044/500 | Train Time: 0.063s | Train Loss: 0.794681 |
2020-08-17 03:10:05,639 - root - INFO - | Epoch: 045/500 | Train Time: 0.062s | Train Loss: 0.793432 |
2020-08-17 03:10:05,702 - root - INFO - | Epoch: 046/500 | Train Time: 0.062s | Train Loss: 0.799084 |
2020-08-17 03:10:05,763 - root - INFO - | Epoch: 047/500 | Train Time: 0.062s | Train Loss: 0.793382 |
2020-08-17 03:10:05,826 - root - INFO - | Epoch: 048/500 | Train Time: 0.062s | Train Loss: 0.787222 |
2020-08-17 03:10:05,888 - root - INFO - | Epoch: 049/500 | Train Time: 0.062s | Train Loss: 0.785682 |
2020-08-17 03:10:05,950 - root - INFO - | Epoch: 050/500 | Train Time: 0.062s | Train Loss: 0.779672 |
2020-08-17 03:10:05,950 - root - INFO -   LR scheduler: new learning rate is 1e-06
2020-08-17 03:10:06,013 - root - INFO - | Epoch: 051/500 | Train Time: 0.062s | Train Loss: 0.780657 |
2020-08-17 03:10:06,075 - root - INFO - | Epoch: 052/500 | Train Time: 0.062s | Train Loss: 0.779627 |
2020-08-17 03:10:06,138 - root - INFO - | Epoch: 053/500 | Train Time: 0.063s | Train Loss: 0.777055 |
2020-08-17 03:10:06,200 - root - INFO - | Epoch: 054/500 | Train Time: 0.062s | Train Loss: 0.778958 |
2020-08-17 03:10:06,263 - root - INFO - | Epoch: 055/500 | Train Time: 0.063s | Train Loss: 0.782229 |
2020-08-17 03:10:06,326 - root - INFO - | Epoch: 056/500 | Train Time: 0.063s | Train Loss: 0.781538 |
2020-08-17 03:10:06,388 - root - INFO - | Epoch: 057/500 | Train Time: 0.062s | Train Loss: 0.781876 |
2020-08-17 03:10:06,451 - root - INFO - | Epoch: 058/500 | Train Time: 0.063s | Train Loss: 0.777561 |
2020-08-17 03:10:06,513 - root - INFO - | Epoch: 059/500 | Train Time: 0.063s | Train Loss: 0.776788 |
2020-08-17 03:10:06,577 - root - INFO - | Epoch: 060/500 | Train Time: 0.063s | Train Loss: 0.778127 |
2020-08-17 03:10:06,639 - root - INFO - | Epoch: 061/500 | Train Time: 0.062s | Train Loss: 0.779601 |
2020-08-17 03:10:06,701 - root - INFO - | Epoch: 062/500 | Train Time: 0.063s | Train Loss: 0.778200 |
2020-08-17 03:10:06,763 - root - INFO - | Epoch: 063/500 | Train Time: 0.062s | Train Loss: 0.780314 |
2020-08-17 03:10:06,825 - root - INFO - | Epoch: 064/500 | Train Time: 0.062s | Train Loss: 0.773013 |
2020-08-17 03:10:06,887 - root - INFO - | Epoch: 065/500 | Train Time: 0.062s | Train Loss: 0.777091 |
2020-08-17 03:10:06,950 - root - INFO - | Epoch: 066/500 | Train Time: 0.062s | Train Loss: 0.773749 |
2020-08-17 03:10:07,012 - root - INFO - | Epoch: 067/500 | Train Time: 0.062s | Train Loss: 0.780619 |
2020-08-17 03:10:07,074 - root - INFO - | Epoch: 068/500 | Train Time: 0.062s | Train Loss: 0.774322 |
2020-08-17 03:10:07,137 - root - INFO - | Epoch: 069/500 | Train Time: 0.063s | Train Loss: 0.771510 |
2020-08-17 03:10:07,200 - root - INFO - | Epoch: 070/500 | Train Time: 0.062s | Train Loss: 0.778323 |
2020-08-17 03:10:07,262 - root - INFO - | Epoch: 071/500 | Train Time: 0.062s | Train Loss: 0.778692 |
2020-08-17 03:10:07,325 - root - INFO - | Epoch: 072/500 | Train Time: 0.062s | Train Loss: 0.775753 |
2020-08-17 03:10:07,387 - root - INFO - | Epoch: 073/500 | Train Time: 0.063s | Train Loss: 0.777409 |
2020-08-17 03:10:07,450 - root - INFO - | Epoch: 074/500 | Train Time: 0.062s | Train Loss: 0.766930 |
2020-08-17 03:10:07,512 - root - INFO - | Epoch: 075/500 | Train Time: 0.062s | Train Loss: 0.773298 |
2020-08-17 03:10:07,575 - root - INFO - | Epoch: 076/500 | Train Time: 0.063s | Train Loss: 0.772537 |
2020-08-17 03:10:07,638 - root - INFO - | Epoch: 077/500 | Train Time: 0.062s | Train Loss: 0.775840 |
2020-08-17 03:10:07,700 - root - INFO - | Epoch: 078/500 | Train Time: 0.062s | Train Loss: 0.772242 |
2020-08-17 03:10:07,763 - root - INFO - | Epoch: 079/500 | Train Time: 0.063s | Train Loss: 0.779393 |
2020-08-17 03:10:07,825 - root - INFO - | Epoch: 080/500 | Train Time: 0.062s | Train Loss: 0.770949 |
2020-08-17 03:10:07,887 - root - INFO - | Epoch: 081/500 | Train Time: 0.062s | Train Loss: 0.773107 |
2020-08-17 03:10:07,949 - root - INFO - | Epoch: 082/500 | Train Time: 0.062s | Train Loss: 0.767970 |
2020-08-17 03:10:08,011 - root - INFO - | Epoch: 083/500 | Train Time: 0.062s | Train Loss: 0.769648 |
2020-08-17 03:10:08,075 - root - INFO - | Epoch: 084/500 | Train Time: 0.063s | Train Loss: 0.775830 |
2020-08-17 03:10:08,138 - root - INFO - | Epoch: 085/500 | Train Time: 0.064s | Train Loss: 0.769886 |
2020-08-17 03:10:08,201 - root - INFO - | Epoch: 086/500 | Train Time: 0.062s | Train Loss: 0.774280 |
2020-08-17 03:10:08,264 - root - INFO - | Epoch: 087/500 | Train Time: 0.062s | Train Loss: 0.773081 |
2020-08-17 03:10:08,326 - root - INFO - | Epoch: 088/500 | Train Time: 0.063s | Train Loss: 0.771247 |
2020-08-17 03:10:08,389 - root - INFO - | Epoch: 089/500 | Train Time: 0.062s | Train Loss: 0.770675 |
2020-08-17 03:10:08,451 - root - INFO - | Epoch: 090/500 | Train Time: 0.063s | Train Loss: 0.774518 |
2020-08-17 03:10:08,515 - root - INFO - | Epoch: 091/500 | Train Time: 0.063s | Train Loss: 0.773011 |
2020-08-17 03:10:08,577 - root - INFO - | Epoch: 092/500 | Train Time: 0.062s | Train Loss: 0.767936 |
2020-08-17 03:10:08,639 - root - INFO - | Epoch: 093/500 | Train Time: 0.062s | Train Loss: 0.766626 |
2020-08-17 03:10:08,702 - root - INFO - | Epoch: 094/500 | Train Time: 0.062s | Train Loss: 0.770336 |
2020-08-17 03:10:08,764 - root - INFO - | Epoch: 095/500 | Train Time: 0.062s | Train Loss: 0.768063 |
2020-08-17 03:10:08,826 - root - INFO - | Epoch: 096/500 | Train Time: 0.062s | Train Loss: 0.767686 |
2020-08-17 03:10:08,889 - root - INFO - | Epoch: 097/500 | Train Time: 0.063s | Train Loss: 0.770363 |
2020-08-17 03:10:08,952 - root - INFO - | Epoch: 098/500 | Train Time: 0.063s | Train Loss: 0.770241 |
2020-08-17 03:10:09,015 - root - INFO - | Epoch: 099/500 | Train Time: 0.063s | Train Loss: 0.768543 |
2020-08-17 03:10:09,077 - root - INFO - | Epoch: 100/500 | Train Time: 0.062s | Train Loss: 0.767389 |
2020-08-17 03:10:09,139 - root - INFO - | Epoch: 101/500 | Train Time: 0.062s | Train Loss: 0.770371 |
2020-08-17 03:10:09,202 - root - INFO - | Epoch: 102/500 | Train Time: 0.062s | Train Loss: 0.765047 |
2020-08-17 03:10:09,265 - root - INFO - | Epoch: 103/500 | Train Time: 0.062s | Train Loss: 0.763203 |
2020-08-17 03:10:09,327 - root - INFO - | Epoch: 104/500 | Train Time: 0.062s | Train Loss: 0.766385 |
2020-08-17 03:10:09,389 - root - INFO - | Epoch: 105/500 | Train Time: 0.062s | Train Loss: 0.766873 |
2020-08-17 03:10:09,451 - root - INFO - | Epoch: 106/500 | Train Time: 0.062s | Train Loss: 0.766935 |
2020-08-17 03:10:09,515 - root - INFO - | Epoch: 107/500 | Train Time: 0.063s | Train Loss: 0.766615 |
2020-08-17 03:10:09,577 - root - INFO - | Epoch: 108/500 | Train Time: 0.062s | Train Loss: 0.762123 |
2020-08-17 03:10:09,639 - root - INFO - | Epoch: 109/500 | Train Time: 0.062s | Train Loss: 0.769649 |
2020-08-17 03:10:09,701 - root - INFO - | Epoch: 110/500 | Train Time: 0.062s | Train Loss: 0.761812 |
2020-08-17 03:10:09,763 - root - INFO - | Epoch: 111/500 | Train Time: 0.062s | Train Loss: 0.764072 |
2020-08-17 03:10:09,825 - root - INFO - | Epoch: 112/500 | Train Time: 0.062s | Train Loss: 0.763923 |
2020-08-17 03:10:09,887 - root - INFO - | Epoch: 113/500 | Train Time: 0.062s | Train Loss: 0.766080 |
2020-08-17 03:10:09,950 - root - INFO - | Epoch: 114/500 | Train Time: 0.063s | Train Loss: 0.764744 |
2020-08-17 03:10:10,012 - root - INFO - | Epoch: 115/500 | Train Time: 0.063s | Train Loss: 0.763860 |
2020-08-17 03:10:10,075 - root - INFO - | Epoch: 116/500 | Train Time: 0.062s | Train Loss: 0.766232 |
2020-08-17 03:10:10,137 - root - INFO - | Epoch: 117/500 | Train Time: 0.063s | Train Loss: 0.765500 |
2020-08-17 03:10:10,200 - root - INFO - | Epoch: 118/500 | Train Time: 0.063s | Train Loss: 0.764310 |
2020-08-17 03:10:10,262 - root - INFO - | Epoch: 119/500 | Train Time: 0.062s | Train Loss: 0.762966 |
2020-08-17 03:10:10,325 - root - INFO - | Epoch: 120/500 | Train Time: 0.063s | Train Loss: 0.762314 |
2020-08-17 03:10:10,388 - root - INFO - | Epoch: 121/500 | Train Time: 0.063s | Train Loss: 0.760697 |
2020-08-17 03:10:10,449 - root - INFO - | Epoch: 122/500 | Train Time: 0.062s | Train Loss: 0.763782 |
2020-08-17 03:10:10,512 - root - INFO - | Epoch: 123/500 | Train Time: 0.063s | Train Loss: 0.761134 |
2020-08-17 03:10:10,575 - root - INFO - | Epoch: 124/500 | Train Time: 0.062s | Train Loss: 0.760530 |
2020-08-17 03:10:10,637 - root - INFO - | Epoch: 125/500 | Train Time: 0.062s | Train Loss: 0.761956 |
2020-08-17 03:10:10,699 - root - INFO - | Epoch: 126/500 | Train Time: 0.062s | Train Loss: 0.760480 |
2020-08-17 03:10:10,761 - root - INFO - | Epoch: 127/500 | Train Time: 0.062s | Train Loss: 0.759439 |
2020-08-17 03:10:10,825 - root - INFO - | Epoch: 128/500 | Train Time: 0.063s | Train Loss: 0.761319 |
2020-08-17 03:10:10,887 - root - INFO - | Epoch: 129/500 | Train Time: 0.062s | Train Loss: 0.761973 |
2020-08-17 03:10:10,949 - root - INFO - | Epoch: 130/500 | Train Time: 0.063s | Train Loss: 0.758311 |
2020-08-17 03:10:11,011 - root - INFO - | Epoch: 131/500 | Train Time: 0.062s | Train Loss: 0.763210 |
2020-08-17 03:10:11,074 - root - INFO - | Epoch: 132/500 | Train Time: 0.062s | Train Loss: 0.761069 |
2020-08-17 03:10:11,136 - root - INFO - | Epoch: 133/500 | Train Time: 0.062s | Train Loss: 0.761419 |
2020-08-17 03:10:11,198 - root - INFO - | Epoch: 134/500 | Train Time: 0.063s | Train Loss: 0.754551 |
2020-08-17 03:10:11,261 - root - INFO - | Epoch: 135/500 | Train Time: 0.063s | Train Loss: 0.754813 |
2020-08-17 03:10:11,323 - root - INFO - | Epoch: 136/500 | Train Time: 0.062s | Train Loss: 0.758616 |
2020-08-17 03:10:11,386 - root - INFO - | Epoch: 137/500 | Train Time: 0.062s | Train Loss: 0.754972 |
2020-08-17 03:10:11,447 - root - INFO - | Epoch: 138/500 | Train Time: 0.061s | Train Loss: 0.762228 |
2020-08-17 03:10:11,511 - root - INFO - | Epoch: 139/500 | Train Time: 0.064s | Train Loss: 0.752760 |
2020-08-17 03:10:11,573 - root - INFO - | Epoch: 140/500 | Train Time: 0.062s | Train Loss: 0.756302 |
2020-08-17 03:10:11,635 - root - INFO - | Epoch: 141/500 | Train Time: 0.062s | Train Loss: 0.755375 |
2020-08-17 03:10:11,698 - root - INFO - | Epoch: 142/500 | Train Time: 0.062s | Train Loss: 0.753073 |
2020-08-17 03:10:11,759 - root - INFO - | Epoch: 143/500 | Train Time: 0.061s | Train Loss: 0.751796 |
2020-08-17 03:10:11,821 - root - INFO - | Epoch: 144/500 | Train Time: 0.062s | Train Loss: 0.752061 |
2020-08-17 03:10:11,884 - root - INFO - | Epoch: 145/500 | Train Time: 0.062s | Train Loss: 0.753623 |
2020-08-17 03:10:11,946 - root - INFO - | Epoch: 146/500 | Train Time: 0.062s | Train Loss: 0.759274 |
2020-08-17 03:10:12,008 - root - INFO - | Epoch: 147/500 | Train Time: 0.062s | Train Loss: 0.753914 |
2020-08-17 03:10:12,071 - root - INFO - | Epoch: 148/500 | Train Time: 0.063s | Train Loss: 0.750887 |
2020-08-17 03:10:12,134 - root - INFO - | Epoch: 149/500 | Train Time: 0.062s | Train Loss: 0.756573 |
2020-08-17 03:10:12,197 - root - INFO - | Epoch: 150/500 | Train Time: 0.063s | Train Loss: 0.756111 |
2020-08-17 03:10:12,259 - root - INFO - | Epoch: 151/500 | Train Time: 0.061s | Train Loss: 0.754499 |
2020-08-17 03:10:12,321 - root - INFO - | Epoch: 152/500 | Train Time: 0.062s | Train Loss: 0.754579 |
2020-08-17 03:10:12,384 - root - INFO - | Epoch: 153/500 | Train Time: 0.062s | Train Loss: 0.753410 |
2020-08-17 03:10:12,446 - root - INFO - | Epoch: 154/500 | Train Time: 0.062s | Train Loss: 0.755501 |
2020-08-17 03:10:12,509 - root - INFO - | Epoch: 155/500 | Train Time: 0.063s | Train Loss: 0.753562 |
2020-08-17 03:10:12,572 - root - INFO - | Epoch: 156/500 | Train Time: 0.063s | Train Loss: 0.752355 |
2020-08-17 03:10:12,635 - root - INFO - | Epoch: 157/500 | Train Time: 0.063s | Train Loss: 0.757083 |
2020-08-17 03:10:12,697 - root - INFO - | Epoch: 158/500 | Train Time: 0.062s | Train Loss: 0.751988 |
2020-08-17 03:10:12,759 - root - INFO - | Epoch: 159/500 | Train Time: 0.062s | Train Loss: 0.749257 |
2020-08-17 03:10:12,822 - root - INFO - | Epoch: 160/500 | Train Time: 0.062s | Train Loss: 0.752642 |
2020-08-17 03:10:12,884 - root - INFO - | Epoch: 161/500 | Train Time: 0.062s | Train Loss: 0.751643 |
2020-08-17 03:10:12,947 - root - INFO - | Epoch: 162/500 | Train Time: 0.063s | Train Loss: 0.752305 |
2020-08-17 03:10:13,009 - root - INFO - | Epoch: 163/500 | Train Time: 0.062s | Train Loss: 0.751285 |
2020-08-17 03:10:13,071 - root - INFO - | Epoch: 164/500 | Train Time: 0.062s | Train Loss: 0.745748 |
2020-08-17 03:10:13,134 - root - INFO - | Epoch: 165/500 | Train Time: 0.062s | Train Loss: 0.749391 |
2020-08-17 03:10:13,197 - root - INFO - | Epoch: 166/500 | Train Time: 0.063s | Train Loss: 0.754105 |
2020-08-17 03:10:13,259 - root - INFO - | Epoch: 167/500 | Train Time: 0.062s | Train Loss: 0.752923 |
2020-08-17 03:10:13,321 - root - INFO - | Epoch: 168/500 | Train Time: 0.063s | Train Loss: 0.749853 |
2020-08-17 03:10:13,383 - root - INFO - | Epoch: 169/500 | Train Time: 0.061s | Train Loss: 0.746274 |
2020-08-17 03:10:13,445 - root - INFO - | Epoch: 170/500 | Train Time: 0.062s | Train Loss: 0.748483 |
2020-08-17 03:10:13,507 - root - INFO - | Epoch: 171/500 | Train Time: 0.062s | Train Loss: 0.748328 |
2020-08-17 03:10:13,570 - root - INFO - | Epoch: 172/500 | Train Time: 0.062s | Train Loss: 0.749397 |
2020-08-17 03:10:13,633 - root - INFO - | Epoch: 173/500 | Train Time: 0.063s | Train Loss: 0.749868 |
2020-08-17 03:10:13,697 - root - INFO - | Epoch: 174/500 | Train Time: 0.063s | Train Loss: 0.746601 |
2020-08-17 03:10:13,759 - root - INFO - | Epoch: 175/500 | Train Time: 0.062s | Train Loss: 0.754925 |
2020-08-17 03:10:13,821 - root - INFO - | Epoch: 176/500 | Train Time: 0.062s | Train Loss: 0.747035 |
2020-08-17 03:10:13,883 - root - INFO - | Epoch: 177/500 | Train Time: 0.062s | Train Loss: 0.749817 |
2020-08-17 03:10:13,945 - root - INFO - | Epoch: 178/500 | Train Time: 0.063s | Train Loss: 0.745945 |
2020-08-17 03:10:14,008 - root - INFO - | Epoch: 179/500 | Train Time: 0.062s | Train Loss: 0.747230 |
2020-08-17 03:10:14,070 - root - INFO - | Epoch: 180/500 | Train Time: 0.062s | Train Loss: 0.749136 |
2020-08-17 03:10:14,132 - root - INFO - | Epoch: 181/500 | Train Time: 0.062s | Train Loss: 0.749732 |
2020-08-17 03:10:14,195 - root - INFO - | Epoch: 182/500 | Train Time: 0.063s | Train Loss: 0.748514 |
2020-08-17 03:10:14,257 - root - INFO - | Epoch: 183/500 | Train Time: 0.062s | Train Loss: 0.741047 |
2020-08-17 03:10:14,320 - root - INFO - | Epoch: 184/500 | Train Time: 0.063s | Train Loss: 0.745851 |
2020-08-17 03:10:14,382 - root - INFO - | Epoch: 185/500 | Train Time: 0.062s | Train Loss: 0.741924 |
2020-08-17 03:10:14,444 - root - INFO - | Epoch: 186/500 | Train Time: 0.062s | Train Loss: 0.747186 |
2020-08-17 03:10:14,507 - root - INFO - | Epoch: 187/500 | Train Time: 0.063s | Train Loss: 0.742316 |
2020-08-17 03:10:14,569 - root - INFO - | Epoch: 188/500 | Train Time: 0.062s | Train Loss: 0.745137 |
2020-08-17 03:10:14,631 - root - INFO - | Epoch: 189/500 | Train Time: 0.062s | Train Loss: 0.741202 |
2020-08-17 03:10:14,693 - root - INFO - | Epoch: 190/500 | Train Time: 0.062s | Train Loss: 0.747556 |
2020-08-17 03:10:14,756 - root - INFO - | Epoch: 191/500 | Train Time: 0.063s | Train Loss: 0.743644 |
2020-08-17 03:10:14,818 - root - INFO - | Epoch: 192/500 | Train Time: 0.062s | Train Loss: 0.746144 |
2020-08-17 03:10:14,880 - root - INFO - | Epoch: 193/500 | Train Time: 0.062s | Train Loss: 0.746432 |
2020-08-17 03:10:14,943 - root - INFO - | Epoch: 194/500 | Train Time: 0.063s | Train Loss: 0.744259 |
2020-08-17 03:10:15,006 - root - INFO - | Epoch: 195/500 | Train Time: 0.063s | Train Loss: 0.743259 |
2020-08-17 03:10:15,068 - root - INFO - | Epoch: 196/500 | Train Time: 0.062s | Train Loss: 0.746973 |
2020-08-17 03:10:15,130 - root - INFO - | Epoch: 197/500 | Train Time: 0.062s | Train Loss: 0.747489 |
2020-08-17 03:10:15,194 - root - INFO - | Epoch: 198/500 | Train Time: 0.063s | Train Loss: 0.742735 |
2020-08-17 03:10:15,256 - root - INFO - | Epoch: 199/500 | Train Time: 0.062s | Train Loss: 0.740837 |
2020-08-17 03:10:15,319 - root - INFO - | Epoch: 200/500 | Train Time: 0.063s | Train Loss: 0.744245 |
2020-08-17 03:10:15,381 - root - INFO - | Epoch: 201/500 | Train Time: 0.063s | Train Loss: 0.745153 |
2020-08-17 03:10:15,444 - root - INFO - | Epoch: 202/500 | Train Time: 0.063s | Train Loss: 0.742262 |
2020-08-17 03:10:15,505 - root - INFO - | Epoch: 203/500 | Train Time: 0.062s | Train Loss: 0.743488 |
2020-08-17 03:10:15,568 - root - INFO - | Epoch: 204/500 | Train Time: 0.063s | Train Loss: 0.745571 |
2020-08-17 03:10:15,631 - root - INFO - | Epoch: 205/500 | Train Time: 0.062s | Train Loss: 0.740734 |
2020-08-17 03:10:15,693 - root - INFO - | Epoch: 206/500 | Train Time: 0.063s | Train Loss: 0.739371 |
2020-08-17 03:10:15,755 - root - INFO - | Epoch: 207/500 | Train Time: 0.062s | Train Loss: 0.743585 |
2020-08-17 03:10:15,817 - root - INFO - | Epoch: 208/500 | Train Time: 0.062s | Train Loss: 0.742187 |
2020-08-17 03:10:15,879 - root - INFO - | Epoch: 209/500 | Train Time: 0.062s | Train Loss: 0.737183 |
2020-08-17 03:10:15,942 - root - INFO - | Epoch: 210/500 | Train Time: 0.062s | Train Loss: 0.742159 |
2020-08-17 03:10:16,004 - root - INFO - | Epoch: 211/500 | Train Time: 0.062s | Train Loss: 0.739735 |
2020-08-17 03:10:16,067 - root - INFO - | Epoch: 212/500 | Train Time: 0.062s | Train Loss: 0.744794 |
2020-08-17 03:10:16,129 - root - INFO - | Epoch: 213/500 | Train Time: 0.062s | Train Loss: 0.741197 |
2020-08-17 03:10:16,192 - root - INFO - | Epoch: 214/500 | Train Time: 0.063s | Train Loss: 0.737091 |
2020-08-17 03:10:16,254 - root - INFO - | Epoch: 215/500 | Train Time: 0.062s | Train Loss: 0.736898 |
2020-08-17 03:10:16,317 - root - INFO - | Epoch: 216/500 | Train Time: 0.063s | Train Loss: 0.738960 |
2020-08-17 03:10:16,379 - root - INFO - | Epoch: 217/500 | Train Time: 0.061s | Train Loss: 0.743805 |
2020-08-17 03:10:16,441 - root - INFO - | Epoch: 218/500 | Train Time: 0.062s | Train Loss: 0.736761 |
2020-08-17 03:10:16,504 - root - INFO - | Epoch: 219/500 | Train Time: 0.063s | Train Loss: 0.736625 |
2020-08-17 03:10:16,566 - root - INFO - | Epoch: 220/500 | Train Time: 0.062s | Train Loss: 0.740570 |
2020-08-17 03:10:16,628 - root - INFO - | Epoch: 221/500 | Train Time: 0.062s | Train Loss: 0.737779 |
2020-08-17 03:10:16,690 - root - INFO - | Epoch: 222/500 | Train Time: 0.062s | Train Loss: 0.734781 |
2020-08-17 03:10:16,753 - root - INFO - | Epoch: 223/500 | Train Time: 0.062s | Train Loss: 0.738362 |
2020-08-17 03:10:16,815 - root - INFO - | Epoch: 224/500 | Train Time: 0.062s | Train Loss: 0.739063 |
2020-08-17 03:10:16,877 - root - INFO - | Epoch: 225/500 | Train Time: 0.062s | Train Loss: 0.739154 |
2020-08-17 03:10:16,940 - root - INFO - | Epoch: 226/500 | Train Time: 0.063s | Train Loss: 0.738132 |
2020-08-17 03:10:17,003 - root - INFO - | Epoch: 227/500 | Train Time: 0.063s | Train Loss: 0.738839 |
2020-08-17 03:10:17,065 - root - INFO - | Epoch: 228/500 | Train Time: 0.062s | Train Loss: 0.739813 |
2020-08-17 03:10:17,127 - root - INFO - | Epoch: 229/500 | Train Time: 0.062s | Train Loss: 0.739451 |
2020-08-17 03:10:17,191 - root - INFO - | Epoch: 230/500 | Train Time: 0.063s | Train Loss: 0.738651 |
2020-08-17 03:10:17,253 - root - INFO - | Epoch: 231/500 | Train Time: 0.062s | Train Loss: 0.729259 |
2020-08-17 03:10:17,315 - root - INFO - | Epoch: 232/500 | Train Time: 0.062s | Train Loss: 0.733153 |
2020-08-17 03:10:17,377 - root - INFO - | Epoch: 233/500 | Train Time: 0.062s | Train Loss: 0.736617 |
2020-08-17 03:10:17,440 - root - INFO - | Epoch: 234/500 | Train Time: 0.063s | Train Loss: 0.734254 |
2020-08-17 03:10:17,502 - root - INFO - | Epoch: 235/500 | Train Time: 0.062s | Train Loss: 0.736538 |
2020-08-17 03:10:17,564 - root - INFO - | Epoch: 236/500 | Train Time: 0.063s | Train Loss: 0.727319 |
2020-08-17 03:10:17,627 - root - INFO - | Epoch: 237/500 | Train Time: 0.062s | Train Loss: 0.735359 |
2020-08-17 03:10:17,689 - root - INFO - | Epoch: 238/500 | Train Time: 0.063s | Train Loss: 0.731722 |
2020-08-17 03:10:17,751 - root - INFO - | Epoch: 239/500 | Train Time: 0.062s | Train Loss: 0.733588 |
2020-08-17 03:10:17,814 - root - INFO - | Epoch: 240/500 | Train Time: 0.063s | Train Loss: 0.736162 |
2020-08-17 03:10:17,875 - root - INFO - | Epoch: 241/500 | Train Time: 0.061s | Train Loss: 0.734636 |
2020-08-17 03:10:17,938 - root - INFO - | Epoch: 242/500 | Train Time: 0.062s | Train Loss: 0.732413 |
2020-08-17 03:10:18,000 - root - INFO - | Epoch: 243/500 | Train Time: 0.062s | Train Loss: 0.734284 |
2020-08-17 03:10:18,063 - root - INFO - | Epoch: 244/500 | Train Time: 0.063s | Train Loss: 0.730949 |
2020-08-17 03:10:18,125 - root - INFO - | Epoch: 245/500 | Train Time: 0.063s | Train Loss: 0.736171 |
2020-08-17 03:10:18,188 - root - INFO - | Epoch: 246/500 | Train Time: 0.063s | Train Loss: 0.737301 |
2020-08-17 03:10:18,251 - root - INFO - | Epoch: 247/500 | Train Time: 0.062s | Train Loss: 0.734058 |
2020-08-17 03:10:18,313 - root - INFO - | Epoch: 248/500 | Train Time: 0.063s | Train Loss: 0.734461 |
2020-08-17 03:10:18,375 - root - INFO - | Epoch: 249/500 | Train Time: 0.062s | Train Loss: 0.726366 |
2020-08-17 03:10:18,438 - root - INFO - | Epoch: 250/500 | Train Time: 0.062s | Train Loss: 0.732042 |
2020-08-17 03:10:18,500 - root - INFO - | Epoch: 251/500 | Train Time: 0.062s | Train Loss: 0.734789 |
2020-08-17 03:10:18,563 - root - INFO - | Epoch: 252/500 | Train Time: 0.063s | Train Loss: 0.733756 |
2020-08-17 03:10:18,626 - root - INFO - | Epoch: 253/500 | Train Time: 0.063s | Train Loss: 0.729434 |
2020-08-17 03:10:18,689 - root - INFO - | Epoch: 254/500 | Train Time: 0.063s | Train Loss: 0.731879 |
2020-08-17 03:10:18,751 - root - INFO - | Epoch: 255/500 | Train Time: 0.062s | Train Loss: 0.728893 |
2020-08-17 03:10:18,814 - root - INFO - | Epoch: 256/500 | Train Time: 0.062s | Train Loss: 0.731004 |
2020-08-17 03:10:18,876 - root - INFO - | Epoch: 257/500 | Train Time: 0.062s | Train Loss: 0.730026 |
2020-08-17 03:10:18,938 - root - INFO - | Epoch: 258/500 | Train Time: 0.062s | Train Loss: 0.733842 |
2020-08-17 03:10:19,000 - root - INFO - | Epoch: 259/500 | Train Time: 0.062s | Train Loss: 0.730808 |
2020-08-17 03:10:19,062 - root - INFO - | Epoch: 260/500 | Train Time: 0.062s | Train Loss: 0.732229 |
2020-08-17 03:10:19,124 - root - INFO - | Epoch: 261/500 | Train Time: 0.062s | Train Loss: 0.729553 |
2020-08-17 03:10:19,187 - root - INFO - | Epoch: 262/500 | Train Time: 0.062s | Train Loss: 0.731671 |
2020-08-17 03:10:19,249 - root - INFO - | Epoch: 263/500 | Train Time: 0.063s | Train Loss: 0.726088 |
2020-08-17 03:10:19,313 - root - INFO - | Epoch: 264/500 | Train Time: 0.063s | Train Loss: 0.729855 |
2020-08-17 03:10:19,375 - root - INFO - | Epoch: 265/500 | Train Time: 0.062s | Train Loss: 0.728464 |
2020-08-17 03:10:19,437 - root - INFO - | Epoch: 266/500 | Train Time: 0.062s | Train Loss: 0.728411 |
2020-08-17 03:10:19,499 - root - INFO - | Epoch: 267/500 | Train Time: 0.062s | Train Loss: 0.728345 |
2020-08-17 03:10:19,561 - root - INFO - | Epoch: 268/500 | Train Time: 0.062s | Train Loss: 0.729401 |
2020-08-17 03:10:19,624 - root - INFO - | Epoch: 269/500 | Train Time: 0.062s | Train Loss: 0.730397 |
2020-08-17 03:10:19,686 - root - INFO - | Epoch: 270/500 | Train Time: 0.063s | Train Loss: 0.726437 |
2020-08-17 03:10:19,749 - root - INFO - | Epoch: 271/500 | Train Time: 0.063s | Train Loss: 0.726858 |
2020-08-17 03:10:19,812 - root - INFO - | Epoch: 272/500 | Train Time: 0.062s | Train Loss: 0.725714 |
2020-08-17 03:10:19,874 - root - INFO - | Epoch: 273/500 | Train Time: 0.062s | Train Loss: 0.724334 |
2020-08-17 03:10:19,937 - root - INFO - | Epoch: 274/500 | Train Time: 0.063s | Train Loss: 0.730171 |
2020-08-17 03:10:19,999 - root - INFO - | Epoch: 275/500 | Train Time: 0.063s | Train Loss: 0.727441 |
2020-08-17 03:10:20,062 - root - INFO - | Epoch: 276/500 | Train Time: 0.062s | Train Loss: 0.725540 |
2020-08-17 03:10:20,123 - root - INFO - | Epoch: 277/500 | Train Time: 0.062s | Train Loss: 0.723631 |
2020-08-17 03:10:20,186 - root - INFO - | Epoch: 278/500 | Train Time: 0.063s | Train Loss: 0.725640 |
2020-08-17 03:10:20,249 - root - INFO - | Epoch: 279/500 | Train Time: 0.062s | Train Loss: 0.728160 |
2020-08-17 03:10:20,312 - root - INFO - | Epoch: 280/500 | Train Time: 0.063s | Train Loss: 0.726577 |
2020-08-17 03:10:20,373 - root - INFO - | Epoch: 281/500 | Train Time: 0.062s | Train Loss: 0.726003 |
2020-08-17 03:10:20,436 - root - INFO - | Epoch: 282/500 | Train Time: 0.062s | Train Loss: 0.720144 |
2020-08-17 03:10:20,498 - root - INFO - | Epoch: 283/500 | Train Time: 0.062s | Train Loss: 0.720559 |
2020-08-17 03:10:20,560 - root - INFO - | Epoch: 284/500 | Train Time: 0.062s | Train Loss: 0.723057 |
2020-08-17 03:10:20,623 - root - INFO - | Epoch: 285/500 | Train Time: 0.063s | Train Loss: 0.722299 |
2020-08-17 03:10:20,686 - root - INFO - | Epoch: 286/500 | Train Time: 0.062s | Train Loss: 0.723962 |
2020-08-17 03:10:20,748 - root - INFO - | Epoch: 287/500 | Train Time: 0.062s | Train Loss: 0.726102 |
2020-08-17 03:10:20,811 - root - INFO - | Epoch: 288/500 | Train Time: 0.063s | Train Loss: 0.726703 |
2020-08-17 03:10:20,873 - root - INFO - | Epoch: 289/500 | Train Time: 0.062s | Train Loss: 0.724261 |
2020-08-17 03:10:20,936 - root - INFO - | Epoch: 290/500 | Train Time: 0.062s | Train Loss: 0.722979 |
2020-08-17 03:10:20,999 - root - INFO - | Epoch: 291/500 | Train Time: 0.063s | Train Loss: 0.724751 |
2020-08-17 03:10:21,061 - root - INFO - | Epoch: 292/500 | Train Time: 0.062s | Train Loss: 0.719848 |
2020-08-17 03:10:21,124 - root - INFO - | Epoch: 293/500 | Train Time: 0.063s | Train Loss: 0.723996 |
2020-08-17 03:10:21,187 - root - INFO - | Epoch: 294/500 | Train Time: 0.062s | Train Loss: 0.717767 |
2020-08-17 03:10:21,250 - root - INFO - | Epoch: 295/500 | Train Time: 0.063s | Train Loss: 0.720690 |
2020-08-17 03:10:21,313 - root - INFO - | Epoch: 296/500 | Train Time: 0.063s | Train Loss: 0.723763 |
2020-08-17 03:10:21,375 - root - INFO - | Epoch: 297/500 | Train Time: 0.062s | Train Loss: 0.720278 |
2020-08-17 03:10:21,437 - root - INFO - | Epoch: 298/500 | Train Time: 0.063s | Train Loss: 0.723783 |
2020-08-17 03:10:21,499 - root - INFO - | Epoch: 299/500 | Train Time: 0.062s | Train Loss: 0.719623 |
2020-08-17 03:10:21,562 - root - INFO - | Epoch: 300/500 | Train Time: 0.062s | Train Loss: 0.721074 |
2020-08-17 03:10:21,624 - root - INFO - | Epoch: 301/500 | Train Time: 0.062s | Train Loss: 0.726354 |
2020-08-17 03:10:21,687 - root - INFO - | Epoch: 302/500 | Train Time: 0.063s | Train Loss: 0.721721 |
2020-08-17 03:10:21,749 - root - INFO - | Epoch: 303/500 | Train Time: 0.062s | Train Loss: 0.722879 |
2020-08-17 03:10:21,812 - root - INFO - | Epoch: 304/500 | Train Time: 0.062s | Train Loss: 0.717512 |
2020-08-17 03:10:21,873 - root - INFO - | Epoch: 305/500 | Train Time: 0.061s | Train Loss: 0.720157 |
2020-08-17 03:10:21,935 - root - INFO - | Epoch: 306/500 | Train Time: 0.062s | Train Loss: 0.721790 |
2020-08-17 03:10:21,998 - root - INFO - | Epoch: 307/500 | Train Time: 0.062s | Train Loss: 0.720451 |
2020-08-17 03:10:22,060 - root - INFO - | Epoch: 308/500 | Train Time: 0.062s | Train Loss: 0.715448 |
2020-08-17 03:10:22,122 - root - INFO - | Epoch: 309/500 | Train Time: 0.063s | Train Loss: 0.722257 |
2020-08-17 03:10:22,184 - root - INFO - | Epoch: 310/500 | Train Time: 0.062s | Train Loss: 0.718290 |
2020-08-17 03:10:22,247 - root - INFO - | Epoch: 311/500 | Train Time: 0.063s | Train Loss: 0.718172 |
2020-08-17 03:10:22,310 - root - INFO - | Epoch: 312/500 | Train Time: 0.063s | Train Loss: 0.720642 |
2020-08-17 03:10:22,372 - root - INFO - | Epoch: 313/500 | Train Time: 0.062s | Train Loss: 0.718049 |
2020-08-17 03:10:22,435 - root - INFO - | Epoch: 314/500 | Train Time: 0.063s | Train Loss: 0.722615 |
2020-08-17 03:10:22,498 - root - INFO - | Epoch: 315/500 | Train Time: 0.063s | Train Loss: 0.715028 |
2020-08-17 03:10:22,560 - root - INFO - | Epoch: 316/500 | Train Time: 0.063s | Train Loss: 0.718290 |
2020-08-17 03:10:22,623 - root - INFO - | Epoch: 317/500 | Train Time: 0.062s | Train Loss: 0.720512 |
2020-08-17 03:10:22,686 - root - INFO - | Epoch: 318/500 | Train Time: 0.063s | Train Loss: 0.717579 |
2020-08-17 03:10:22,749 - root - INFO - | Epoch: 319/500 | Train Time: 0.063s | Train Loss: 0.718193 |
2020-08-17 03:10:22,811 - root - INFO - | Epoch: 320/500 | Train Time: 0.062s | Train Loss: 0.721164 |
2020-08-17 03:10:22,873 - root - INFO - | Epoch: 321/500 | Train Time: 0.062s | Train Loss: 0.720456 |
2020-08-17 03:10:22,936 - root - INFO - | Epoch: 322/500 | Train Time: 0.063s | Train Loss: 0.717115 |
2020-08-17 03:10:22,998 - root - INFO - | Epoch: 323/500 | Train Time: 0.062s | Train Loss: 0.714225 |
2020-08-17 03:10:23,061 - root - INFO - | Epoch: 324/500 | Train Time: 0.063s | Train Loss: 0.717739 |
2020-08-17 03:10:23,123 - root - INFO - | Epoch: 325/500 | Train Time: 0.062s | Train Loss: 0.720990 |
2020-08-17 03:10:23,186 - root - INFO - | Epoch: 326/500 | Train Time: 0.062s | Train Loss: 0.720755 |
2020-08-17 03:10:23,249 - root - INFO - | Epoch: 327/500 | Train Time: 0.063s | Train Loss: 0.719328 |
2020-08-17 03:10:23,311 - root - INFO - | Epoch: 328/500 | Train Time: 0.062s | Train Loss: 0.711689 |
2020-08-17 03:10:23,373 - root - INFO - | Epoch: 329/500 | Train Time: 0.062s | Train Loss: 0.713817 |
2020-08-17 03:10:23,436 - root - INFO - | Epoch: 330/500 | Train Time: 0.062s | Train Loss: 0.717309 |
2020-08-17 03:10:23,498 - root - INFO - | Epoch: 331/500 | Train Time: 0.062s | Train Loss: 0.716463 |
2020-08-17 03:10:23,561 - root - INFO - | Epoch: 332/500 | Train Time: 0.062s | Train Loss: 0.714590 |
2020-08-17 03:10:23,623 - root - INFO - | Epoch: 333/500 | Train Time: 0.062s | Train Loss: 0.711390 |
2020-08-17 03:10:23,685 - root - INFO - | Epoch: 334/500 | Train Time: 0.062s | Train Loss: 0.714593 |
2020-08-17 03:10:23,748 - root - INFO - | Epoch: 335/500 | Train Time: 0.063s | Train Loss: 0.718564 |
2020-08-17 03:10:23,810 - root - INFO - | Epoch: 336/500 | Train Time: 0.062s | Train Loss: 0.715863 |
2020-08-17 03:10:23,872 - root - INFO - | Epoch: 337/500 | Train Time: 0.062s | Train Loss: 0.716067 |
2020-08-17 03:10:23,935 - root - INFO - | Epoch: 338/500 | Train Time: 0.063s | Train Loss: 0.711641 |
2020-08-17 03:10:23,998 - root - INFO - | Epoch: 339/500 | Train Time: 0.063s | Train Loss: 0.713808 |
2020-08-17 03:10:24,061 - root - INFO - | Epoch: 340/500 | Train Time: 0.062s | Train Loss: 0.716544 |
2020-08-17 03:10:24,123 - root - INFO - | Epoch: 341/500 | Train Time: 0.063s | Train Loss: 0.712465 |
2020-08-17 03:10:24,186 - root - INFO - | Epoch: 342/500 | Train Time: 0.062s | Train Loss: 0.713694 |
2020-08-17 03:10:24,248 - root - INFO - | Epoch: 343/500 | Train Time: 0.062s | Train Loss: 0.713391 |
2020-08-17 03:10:24,311 - root - INFO - | Epoch: 344/500 | Train Time: 0.063s | Train Loss: 0.712525 |
2020-08-17 03:10:24,373 - root - INFO - | Epoch: 345/500 | Train Time: 0.062s | Train Loss: 0.711431 |
2020-08-17 03:10:24,435 - root - INFO - | Epoch: 346/500 | Train Time: 0.061s | Train Loss: 0.717506 |
2020-08-17 03:10:24,497 - root - INFO - | Epoch: 347/500 | Train Time: 0.063s | Train Loss: 0.713010 |
2020-08-17 03:10:24,560 - root - INFO - | Epoch: 348/500 | Train Time: 0.063s | Train Loss: 0.711604 |
2020-08-17 03:10:24,622 - root - INFO - | Epoch: 349/500 | Train Time: 0.062s | Train Loss: 0.712449 |
2020-08-17 03:10:24,685 - root - INFO - | Epoch: 350/500 | Train Time: 0.063s | Train Loss: 0.710290 |
2020-08-17 03:10:24,748 - root - INFO - | Epoch: 351/500 | Train Time: 0.063s | Train Loss: 0.713392 |
2020-08-17 03:10:24,811 - root - INFO - | Epoch: 352/500 | Train Time: 0.063s | Train Loss: 0.714410 |
2020-08-17 03:10:24,872 - root - INFO - | Epoch: 353/500 | Train Time: 0.061s | Train Loss: 0.714503 |
2020-08-17 03:10:24,935 - root - INFO - | Epoch: 354/500 | Train Time: 0.063s | Train Loss: 0.708112 |
2020-08-17 03:10:24,998 - root - INFO - | Epoch: 355/500 | Train Time: 0.063s | Train Loss: 0.712899 |
2020-08-17 03:10:25,059 - root - INFO - | Epoch: 356/500 | Train Time: 0.061s | Train Loss: 0.713273 |
2020-08-17 03:10:25,118 - root - INFO - | Epoch: 357/500 | Train Time: 0.058s | Train Loss: 0.715287 |
2020-08-17 03:10:25,179 - root - INFO - | Epoch: 358/500 | Train Time: 0.061s | Train Loss: 0.707522 |
2020-08-17 03:10:25,242 - root - INFO - | Epoch: 359/500 | Train Time: 0.062s | Train Loss: 0.708003 |
2020-08-17 03:10:25,304 - root - INFO - | Epoch: 360/500 | Train Time: 0.063s | Train Loss: 0.710439 |
2020-08-17 03:10:25,367 - root - INFO - | Epoch: 361/500 | Train Time: 0.062s | Train Loss: 0.707152 |
2020-08-17 03:10:25,429 - root - INFO - | Epoch: 362/500 | Train Time: 0.063s | Train Loss: 0.710829 |
2020-08-17 03:10:25,492 - root - INFO - | Epoch: 363/500 | Train Time: 0.062s | Train Loss: 0.712321 |
2020-08-17 03:10:25,554 - root - INFO - | Epoch: 364/500 | Train Time: 0.063s | Train Loss: 0.713615 |
2020-08-17 03:10:25,617 - root - INFO - | Epoch: 365/500 | Train Time: 0.062s | Train Loss: 0.710641 |
2020-08-17 03:10:25,679 - root - INFO - | Epoch: 366/500 | Train Time: 0.062s | Train Loss: 0.703540 |
2020-08-17 03:10:25,741 - root - INFO - | Epoch: 367/500 | Train Time: 0.062s | Train Loss: 0.707764 |
2020-08-17 03:10:25,804 - root - INFO - | Epoch: 368/500 | Train Time: 0.062s | Train Loss: 0.706643 |
2020-08-17 03:10:25,867 - root - INFO - | Epoch: 369/500 | Train Time: 0.063s | Train Loss: 0.711696 |
2020-08-17 03:10:25,929 - root - INFO - | Epoch: 370/500 | Train Time: 0.062s | Train Loss: 0.709056 |
2020-08-17 03:10:25,992 - root - INFO - | Epoch: 371/500 | Train Time: 0.063s | Train Loss: 0.707521 |
2020-08-17 03:10:26,054 - root - INFO - | Epoch: 372/500 | Train Time: 0.062s | Train Loss: 0.708259 |
2020-08-17 03:10:26,117 - root - INFO - | Epoch: 373/500 | Train Time: 0.063s | Train Loss: 0.707528 |
2020-08-17 03:10:26,179 - root - INFO - | Epoch: 374/500 | Train Time: 0.063s | Train Loss: 0.706148 |
2020-08-17 03:10:26,241 - root - INFO - | Epoch: 375/500 | Train Time: 0.061s | Train Loss: 0.707909 |
2020-08-17 03:10:26,304 - root - INFO - | Epoch: 376/500 | Train Time: 0.063s | Train Loss: 0.708242 |
2020-08-17 03:10:26,366 - root - INFO - | Epoch: 377/500 | Train Time: 0.062s | Train Loss: 0.700933 |
2020-08-17 03:10:26,428 - root - INFO - | Epoch: 378/500 | Train Time: 0.062s | Train Loss: 0.709397 |
2020-08-17 03:10:26,490 - root - INFO - | Epoch: 379/500 | Train Time: 0.062s | Train Loss: 0.711640 |
2020-08-17 03:10:26,552 - root - INFO - | Epoch: 380/500 | Train Time: 0.062s | Train Loss: 0.707015 |
2020-08-17 03:10:26,615 - root - INFO - | Epoch: 381/500 | Train Time: 0.062s | Train Loss: 0.705585 |
2020-08-17 03:10:26,678 - root - INFO - | Epoch: 382/500 | Train Time: 0.063s | Train Loss: 0.706978 |
2020-08-17 03:10:26,740 - root - INFO - | Epoch: 383/500 | Train Time: 0.062s | Train Loss: 0.705502 |
2020-08-17 03:10:26,803 - root - INFO - | Epoch: 384/500 | Train Time: 0.063s | Train Loss: 0.702103 |
2020-08-17 03:10:26,865 - root - INFO - | Epoch: 385/500 | Train Time: 0.062s | Train Loss: 0.701818 |
2020-08-17 03:10:26,928 - root - INFO - | Epoch: 386/500 | Train Time: 0.062s | Train Loss: 0.703802 |
2020-08-17 03:10:26,990 - root - INFO - | Epoch: 387/500 | Train Time: 0.062s | Train Loss: 0.704379 |
2020-08-17 03:10:27,053 - root - INFO - | Epoch: 388/500 | Train Time: 0.063s | Train Loss: 0.704507 |
2020-08-17 03:10:27,116 - root - INFO - | Epoch: 389/500 | Train Time: 0.063s | Train Loss: 0.708548 |
2020-08-17 03:10:27,179 - root - INFO - | Epoch: 390/500 | Train Time: 0.063s | Train Loss: 0.704486 |
2020-08-17 03:10:27,241 - root - INFO - | Epoch: 391/500 | Train Time: 0.062s | Train Loss: 0.703247 |
2020-08-17 03:10:27,303 - root - INFO - | Epoch: 392/500 | Train Time: 0.061s | Train Loss: 0.704973 |
2020-08-17 03:10:27,365 - root - INFO - | Epoch: 393/500 | Train Time: 0.062s | Train Loss: 0.704266 |
2020-08-17 03:10:27,427 - root - INFO - | Epoch: 394/500 | Train Time: 0.062s | Train Loss: 0.707655 |
2020-08-17 03:10:27,490 - root - INFO - | Epoch: 395/500 | Train Time: 0.062s | Train Loss: 0.707324 |
2020-08-17 03:10:27,552 - root - INFO - | Epoch: 396/500 | Train Time: 0.062s | Train Loss: 0.704154 |
2020-08-17 03:10:27,615 - root - INFO - | Epoch: 397/500 | Train Time: 0.062s | Train Loss: 0.703374 |
2020-08-17 03:10:27,677 - root - INFO - | Epoch: 398/500 | Train Time: 0.063s | Train Loss: 0.703675 |
2020-08-17 03:10:27,740 - root - INFO - | Epoch: 399/500 | Train Time: 0.063s | Train Loss: 0.705310 |
2020-08-17 03:10:27,803 - root - INFO - | Epoch: 400/500 | Train Time: 0.062s | Train Loss: 0.704162 |
2020-08-17 03:10:27,865 - root - INFO - | Epoch: 401/500 | Train Time: 0.062s | Train Loss: 0.706570 |
2020-08-17 03:10:27,927 - root - INFO - | Epoch: 402/500 | Train Time: 0.062s | Train Loss: 0.701953 |
2020-08-17 03:10:27,990 - root - INFO - | Epoch: 403/500 | Train Time: 0.063s | Train Loss: 0.699543 |
2020-08-17 03:10:28,052 - root - INFO - | Epoch: 404/500 | Train Time: 0.062s | Train Loss: 0.703000 |
2020-08-17 03:10:28,114 - root - INFO - | Epoch: 405/500 | Train Time: 0.062s | Train Loss: 0.698211 |
2020-08-17 03:10:28,177 - root - INFO - | Epoch: 406/500 | Train Time: 0.062s | Train Loss: 0.701399 |
2020-08-17 03:10:28,240 - root - INFO - | Epoch: 407/500 | Train Time: 0.063s | Train Loss: 0.700742 |
2020-08-17 03:10:28,303 - root - INFO - | Epoch: 408/500 | Train Time: 0.063s | Train Loss: 0.698322 |
2020-08-17 03:10:28,365 - root - INFO - | Epoch: 409/500 | Train Time: 0.062s | Train Loss: 0.702988 |
2020-08-17 03:10:28,427 - root - INFO - | Epoch: 410/500 | Train Time: 0.061s | Train Loss: 0.703146 |
2020-08-17 03:10:28,489 - root - INFO - | Epoch: 411/500 | Train Time: 0.062s | Train Loss: 0.703807 |
2020-08-17 03:10:28,552 - root - INFO - | Epoch: 412/500 | Train Time: 0.063s | Train Loss: 0.702395 |
2020-08-17 03:10:28,614 - root - INFO - | Epoch: 413/500 | Train Time: 0.062s | Train Loss: 0.703865 |
2020-08-17 03:10:28,676 - root - INFO - | Epoch: 414/500 | Train Time: 0.062s | Train Loss: 0.699431 |
2020-08-17 03:10:28,739 - root - INFO - | Epoch: 415/500 | Train Time: 0.062s | Train Loss: 0.700371 |
2020-08-17 03:10:28,802 - root - INFO - | Epoch: 416/500 | Train Time: 0.063s | Train Loss: 0.702779 |
2020-08-17 03:10:28,864 - root - INFO - | Epoch: 417/500 | Train Time: 0.063s | Train Loss: 0.700617 |
2020-08-17 03:10:28,927 - root - INFO - | Epoch: 418/500 | Train Time: 0.062s | Train Loss: 0.701311 |
2020-08-17 03:10:28,989 - root - INFO - | Epoch: 419/500 | Train Time: 0.063s | Train Loss: 0.701107 |
2020-08-17 03:10:29,052 - root - INFO - | Epoch: 420/500 | Train Time: 0.062s | Train Loss: 0.701403 |
2020-08-17 03:10:29,114 - root - INFO - | Epoch: 421/500 | Train Time: 0.062s | Train Loss: 0.699094 |
2020-08-17 03:10:29,177 - root - INFO - | Epoch: 422/500 | Train Time: 0.062s | Train Loss: 0.699863 |
2020-08-17 03:10:29,239 - root - INFO - | Epoch: 423/500 | Train Time: 0.062s | Train Loss: 0.699819 |
2020-08-17 03:10:29,302 - root - INFO - | Epoch: 424/500 | Train Time: 0.063s | Train Loss: 0.698427 |
2020-08-17 03:10:29,365 - root - INFO - | Epoch: 425/500 | Train Time: 0.062s | Train Loss: 0.695459 |
2020-08-17 03:10:29,427 - root - INFO - | Epoch: 426/500 | Train Time: 0.062s | Train Loss: 0.696871 |
2020-08-17 03:10:29,489 - root - INFO - | Epoch: 427/500 | Train Time: 0.062s | Train Loss: 0.701384 |
2020-08-17 03:10:29,551 - root - INFO - | Epoch: 428/500 | Train Time: 0.062s | Train Loss: 0.701322 |
2020-08-17 03:10:29,614 - root - INFO - | Epoch: 429/500 | Train Time: 0.062s | Train Loss: 0.696020 |
2020-08-17 03:10:29,676 - root - INFO - | Epoch: 430/500 | Train Time: 0.062s | Train Loss: 0.700631 |
2020-08-17 03:10:29,738 - root - INFO - | Epoch: 431/500 | Train Time: 0.062s | Train Loss: 0.700616 |
2020-08-17 03:10:29,800 - root - INFO - | Epoch: 432/500 | Train Time: 0.062s | Train Loss: 0.699982 |
2020-08-17 03:10:29,862 - root - INFO - | Epoch: 433/500 | Train Time: 0.062s | Train Loss: 0.698816 |
2020-08-17 03:10:29,924 - root - INFO - | Epoch: 434/500 | Train Time: 0.062s | Train Loss: 0.695851 |
2020-08-17 03:10:29,987 - root - INFO - | Epoch: 435/500 | Train Time: 0.063s | Train Loss: 0.695426 |
2020-08-17 03:10:30,050 - root - INFO - | Epoch: 436/500 | Train Time: 0.063s | Train Loss: 0.697090 |
2020-08-17 03:10:30,113 - root - INFO - | Epoch: 437/500 | Train Time: 0.063s | Train Loss: 0.694809 |
2020-08-17 03:10:30,175 - root - INFO - | Epoch: 438/500 | Train Time: 0.062s | Train Loss: 0.692697 |
2020-08-17 03:10:30,237 - root - INFO - | Epoch: 439/500 | Train Time: 0.062s | Train Loss: 0.699768 |
2020-08-17 03:10:30,299 - root - INFO - | Epoch: 440/500 | Train Time: 0.061s | Train Loss: 0.696245 |
2020-08-17 03:10:30,361 - root - INFO - | Epoch: 441/500 | Train Time: 0.062s | Train Loss: 0.696568 |
2020-08-17 03:10:30,423 - root - INFO - | Epoch: 442/500 | Train Time: 0.062s | Train Loss: 0.698063 |
2020-08-17 03:10:30,485 - root - INFO - | Epoch: 443/500 | Train Time: 0.062s | Train Loss: 0.696882 |
2020-08-17 03:10:30,547 - root - INFO - | Epoch: 444/500 | Train Time: 0.062s | Train Loss: 0.697821 |
2020-08-17 03:10:30,608 - root - INFO - | Epoch: 445/500 | Train Time: 0.061s | Train Loss: 0.694746 |
2020-08-17 03:10:30,670 - root - INFO - | Epoch: 446/500 | Train Time: 0.062s | Train Loss: 0.693919 |
2020-08-17 03:10:30,732 - root - INFO - | Epoch: 447/500 | Train Time: 0.062s | Train Loss: 0.696118 |
2020-08-17 03:10:30,794 - root - INFO - | Epoch: 448/500 | Train Time: 0.062s | Train Loss: 0.697144 |
2020-08-17 03:10:30,855 - root - INFO - | Epoch: 449/500 | Train Time: 0.062s | Train Loss: 0.696080 |
2020-08-17 03:10:30,918 - root - INFO - | Epoch: 450/500 | Train Time: 0.062s | Train Loss: 0.689347 |
2020-08-17 03:10:30,980 - root - INFO - | Epoch: 451/500 | Train Time: 0.062s | Train Loss: 0.691880 |
2020-08-17 03:10:31,042 - root - INFO - | Epoch: 452/500 | Train Time: 0.062s | Train Loss: 0.694793 |
2020-08-17 03:10:31,103 - root - INFO - | Epoch: 453/500 | Train Time: 0.061s | Train Loss: 0.695190 |
2020-08-17 03:10:31,165 - root - INFO - | Epoch: 454/500 | Train Time: 0.062s | Train Loss: 0.691554 |
2020-08-17 03:10:31,226 - root - INFO - | Epoch: 455/500 | Train Time: 0.062s | Train Loss: 0.694657 |
2020-08-17 03:10:31,289 - root - INFO - | Epoch: 456/500 | Train Time: 0.062s | Train Loss: 0.690111 |
2020-08-17 03:10:31,351 - root - INFO - | Epoch: 457/500 | Train Time: 0.062s | Train Loss: 0.694504 |
2020-08-17 03:10:31,412 - root - INFO - | Epoch: 458/500 | Train Time: 0.061s | Train Loss: 0.693781 |
2020-08-17 03:10:31,473 - root - INFO - | Epoch: 459/500 | Train Time: 0.061s | Train Loss: 0.690176 |
2020-08-17 03:10:31,535 - root - INFO - | Epoch: 460/500 | Train Time: 0.062s | Train Loss: 0.692882 |
2020-08-17 03:10:31,597 - root - INFO - | Epoch: 461/500 | Train Time: 0.062s | Train Loss: 0.697108 |
2020-08-17 03:10:31,659 - root - INFO - | Epoch: 462/500 | Train Time: 0.062s | Train Loss: 0.697098 |
2020-08-17 03:10:31,720 - root - INFO - | Epoch: 463/500 | Train Time: 0.061s | Train Loss: 0.696506 |
2020-08-17 03:10:31,782 - root - INFO - | Epoch: 464/500 | Train Time: 0.062s | Train Loss: 0.693220 |
2020-08-17 03:10:31,844 - root - INFO - | Epoch: 465/500 | Train Time: 0.062s | Train Loss: 0.689588 |
2020-08-17 03:10:31,905 - root - INFO - | Epoch: 466/500 | Train Time: 0.062s | Train Loss: 0.692498 |
2020-08-17 03:10:31,967 - root - INFO - | Epoch: 467/500 | Train Time: 0.062s | Train Loss: 0.690900 |
2020-08-17 03:10:32,029 - root - INFO - | Epoch: 468/500 | Train Time: 0.062s | Train Loss: 0.695752 |
2020-08-17 03:10:32,091 - root - INFO - | Epoch: 469/500 | Train Time: 0.062s | Train Loss: 0.689050 |
2020-08-17 03:10:32,153 - root - INFO - | Epoch: 470/500 | Train Time: 0.062s | Train Loss: 0.693142 |
2020-08-17 03:10:32,215 - root - INFO - | Epoch: 471/500 | Train Time: 0.062s | Train Loss: 0.688934 |
2020-08-17 03:10:32,277 - root - INFO - | Epoch: 472/500 | Train Time: 0.061s | Train Loss: 0.686505 |
2020-08-17 03:10:32,338 - root - INFO - | Epoch: 473/500 | Train Time: 0.061s | Train Loss: 0.690200 |
2020-08-17 03:10:32,399 - root - INFO - | Epoch: 474/500 | Train Time: 0.061s | Train Loss: 0.688348 |
2020-08-17 03:10:32,461 - root - INFO - | Epoch: 475/500 | Train Time: 0.062s | Train Loss: 0.689263 |
2020-08-17 03:10:32,523 - root - INFO - | Epoch: 476/500 | Train Time: 0.061s | Train Loss: 0.693008 |
2020-08-17 03:10:32,585 - root - INFO - | Epoch: 477/500 | Train Time: 0.062s | Train Loss: 0.691660 |
2020-08-17 03:10:32,647 - root - INFO - | Epoch: 478/500 | Train Time: 0.062s | Train Loss: 0.688505 |
2020-08-17 03:10:32,709 - root - INFO - | Epoch: 479/500 | Train Time: 0.062s | Train Loss: 0.689302 |
2020-08-17 03:10:32,771 - root - INFO - | Epoch: 480/500 | Train Time: 0.062s | Train Loss: 0.690114 |
2020-08-17 03:10:32,832 - root - INFO - | Epoch: 481/500 | Train Time: 0.061s | Train Loss: 0.691546 |
2020-08-17 03:10:32,894 - root - INFO - | Epoch: 482/500 | Train Time: 0.062s | Train Loss: 0.691783 |
2020-08-17 03:10:32,956 - root - INFO - | Epoch: 483/500 | Train Time: 0.061s | Train Loss: 0.691660 |
2020-08-17 03:10:33,017 - root - INFO - | Epoch: 484/500 | Train Time: 0.061s | Train Loss: 0.688803 |
2020-08-17 03:10:33,079 - root - INFO - | Epoch: 485/500 | Train Time: 0.062s | Train Loss: 0.692355 |
2020-08-17 03:10:33,141 - root - INFO - | Epoch: 486/500 | Train Time: 0.062s | Train Loss: 0.691641 |
2020-08-17 03:10:33,203 - root - INFO - | Epoch: 487/500 | Train Time: 0.062s | Train Loss: 0.686146 |
2020-08-17 03:10:33,265 - root - INFO - | Epoch: 488/500 | Train Time: 0.062s | Train Loss: 0.689350 |
2020-08-17 03:10:33,327 - root - INFO - | Epoch: 489/500 | Train Time: 0.062s | Train Loss: 0.686137 |
2020-08-17 03:10:33,389 - root - INFO - | Epoch: 490/500 | Train Time: 0.061s | Train Loss: 0.690994 |
2020-08-17 03:10:33,450 - root - INFO - | Epoch: 491/500 | Train Time: 0.062s | Train Loss: 0.690283 |
2020-08-17 03:10:33,513 - root - INFO - | Epoch: 492/500 | Train Time: 0.062s | Train Loss: 0.687423 |
2020-08-17 03:10:33,574 - root - INFO - | Epoch: 493/500 | Train Time: 0.061s | Train Loss: 0.688441 |
2020-08-17 03:10:33,636 - root - INFO - | Epoch: 494/500 | Train Time: 0.062s | Train Loss: 0.686583 |
2020-08-17 03:10:33,698 - root - INFO - | Epoch: 495/500 | Train Time: 0.062s | Train Loss: 0.684155 |
2020-08-17 03:10:33,761 - root - INFO - | Epoch: 496/500 | Train Time: 0.062s | Train Loss: 0.687616 |
2020-08-17 03:10:33,823 - root - INFO - | Epoch: 497/500 | Train Time: 0.062s | Train Loss: 0.685978 |
2020-08-17 03:10:33,884 - root - INFO - | Epoch: 498/500 | Train Time: 0.061s | Train Loss: 0.683047 |
2020-08-17 03:10:33,946 - root - INFO - | Epoch: 499/500 | Train Time: 0.062s | Train Loss: 0.687497 |
2020-08-17 03:10:34,009 - root - INFO - | Epoch: 500/500 | Train Time: 0.062s | Train Loss: 0.687423 |
2020-08-17 03:10:34,009 - root - INFO - Training Time: 31.163s
2020-08-17 03:10:34,009 - root - INFO - Finished training.
2020-08-17 03:10:34,009 - root - INFO - Starting testing...
2020-08-17 03:10:34,017 - root - INFO - Test AUC: 96.69%
2020-08-17 03:10:34,017 - root - INFO - Test Time: 0.006s
2020-08-17 03:10:34,017 - root - INFO - Finished testing.
2020-08-17 03:10:34,064 - root - INFO - Starting testing...
2020-08-17 03:10:34,074 - root - INFO - Test AUC: 96.69%
2020-08-17 03:10:34,074 - root - INFO - Test Time: 0.008s
2020-08-17 03:10:34,074 - root - INFO - Finished testing.
