2020-08-10 07:56:12,204 - root - INFO - I am pre-training for you.
2020-08-10 07:56:14,116 - root - INFO - | Epoch: 001/100 | Train Time: 0.169s | Train Loss: 0.071263 |
2020-08-10 07:56:14,289 - root - INFO - | Epoch: 002/100 | Train Time: 0.173s | Train Loss: 0.028686 |
2020-08-10 07:56:14,465 - root - INFO - | Epoch: 003/100 | Train Time: 0.176s | Train Loss: 0.018303 |
2020-08-10 07:56:14,632 - root - INFO - | Epoch: 004/100 | Train Time: 0.167s | Train Loss: 0.017506 |
2020-08-10 07:56:14,799 - root - INFO - | Epoch: 005/100 | Train Time: 0.166s | Train Loss: 0.017224 |
2020-08-10 07:56:14,965 - root - INFO - | Epoch: 006/100 | Train Time: 0.167s | Train Loss: 0.016956 |
2020-08-10 07:56:15,132 - root - INFO - | Epoch: 007/100 | Train Time: 0.166s | Train Loss: 0.016621 |
2020-08-10 07:56:15,299 - root - INFO - | Epoch: 008/100 | Train Time: 0.167s | Train Loss: 0.016214 |
2020-08-10 07:56:15,469 - root - INFO - | Epoch: 009/100 | Train Time: 0.169s | Train Loss: 0.015832 |
2020-08-10 07:56:15,638 - root - INFO - | Epoch: 010/100 | Train Time: 0.168s | Train Loss: 0.015475 |
2020-08-10 07:56:15,807 - root - INFO - | Epoch: 011/100 | Train Time: 0.169s | Train Loss: 0.014967 |
2020-08-10 07:56:15,978 - root - INFO - | Epoch: 012/100 | Train Time: 0.171s | Train Loss: 0.014504 |
2020-08-10 07:56:16,148 - root - INFO - | Epoch: 013/100 | Train Time: 0.170s | Train Loss: 0.013958 |
2020-08-10 07:56:16,319 - root - INFO - | Epoch: 014/100 | Train Time: 0.171s | Train Loss: 0.013420 |
2020-08-10 07:56:16,489 - root - INFO - | Epoch: 015/100 | Train Time: 0.169s | Train Loss: 0.012825 |
2020-08-10 07:56:16,655 - root - INFO - | Epoch: 016/100 | Train Time: 0.167s | Train Loss: 0.012272 |
2020-08-10 07:56:16,826 - root - INFO - | Epoch: 017/100 | Train Time: 0.171s | Train Loss: 0.011710 |
2020-08-10 07:56:16,996 - root - INFO - | Epoch: 018/100 | Train Time: 0.170s | Train Loss: 0.011179 |
2020-08-10 07:56:17,165 - root - INFO - | Epoch: 019/100 | Train Time: 0.169s | Train Loss: 0.010676 |
2020-08-10 07:56:17,337 - root - INFO - | Epoch: 020/100 | Train Time: 0.171s | Train Loss: 0.010250 |
2020-08-10 07:56:17,510 - root - INFO - | Epoch: 021/100 | Train Time: 0.173s | Train Loss: 0.009870 |
2020-08-10 07:56:17,680 - root - INFO - | Epoch: 022/100 | Train Time: 0.170s | Train Loss: 0.009540 |
2020-08-10 07:56:17,849 - root - INFO - | Epoch: 023/100 | Train Time: 0.169s | Train Loss: 0.009295 |
2020-08-10 07:56:18,005 - root - INFO - | Epoch: 024/100 | Train Time: 0.155s | Train Loss: 0.009082 |
2020-08-10 07:56:18,172 - root - INFO - | Epoch: 025/100 | Train Time: 0.167s | Train Loss: 0.008931 |
2020-08-10 07:56:18,333 - root - INFO - | Epoch: 026/100 | Train Time: 0.162s | Train Loss: 0.008780 |
2020-08-10 07:56:18,497 - root - INFO - | Epoch: 027/100 | Train Time: 0.164s | Train Loss: 0.008634 |
2020-08-10 07:56:18,661 - root - INFO - | Epoch: 028/100 | Train Time: 0.163s | Train Loss: 0.008569 |
2020-08-10 07:56:18,825 - root - INFO - | Epoch: 029/100 | Train Time: 0.164s | Train Loss: 0.008495 |
2020-08-10 07:56:18,990 - root - INFO - | Epoch: 030/100 | Train Time: 0.164s | Train Loss: 0.008438 |
2020-08-10 07:56:19,154 - root - INFO - | Epoch: 031/100 | Train Time: 0.164s | Train Loss: 0.008392 |
2020-08-10 07:56:19,318 - root - INFO - | Epoch: 032/100 | Train Time: 0.164s | Train Loss: 0.008327 |
2020-08-10 07:56:19,481 - root - INFO - | Epoch: 033/100 | Train Time: 0.163s | Train Loss: 0.008287 |
2020-08-10 07:56:19,646 - root - INFO - | Epoch: 034/100 | Train Time: 0.164s | Train Loss: 0.008236 |
2020-08-10 07:56:19,811 - root - INFO - | Epoch: 035/100 | Train Time: 0.165s | Train Loss: 0.008222 |
2020-08-10 07:56:19,974 - root - INFO - | Epoch: 036/100 | Train Time: 0.164s | Train Loss: 0.008195 |
2020-08-10 07:56:20,139 - root - INFO - | Epoch: 037/100 | Train Time: 0.165s | Train Loss: 0.008158 |
2020-08-10 07:56:20,304 - root - INFO - | Epoch: 038/100 | Train Time: 0.165s | Train Loss: 0.008135 |
2020-08-10 07:56:20,470 - root - INFO - | Epoch: 039/100 | Train Time: 0.165s | Train Loss: 0.008127 |
2020-08-10 07:56:20,634 - root - INFO - | Epoch: 040/100 | Train Time: 0.164s | Train Loss: 0.008108 |
2020-08-10 07:56:20,799 - root - INFO - | Epoch: 041/100 | Train Time: 0.165s | Train Loss: 0.008096 |
2020-08-10 07:56:20,963 - root - INFO - | Epoch: 042/100 | Train Time: 0.163s | Train Loss: 0.008067 |
2020-08-10 07:56:21,126 - root - INFO - | Epoch: 043/100 | Train Time: 0.163s | Train Loss: 0.008071 |
2020-08-10 07:56:21,292 - root - INFO - | Epoch: 044/100 | Train Time: 0.166s | Train Loss: 0.008040 |
2020-08-10 07:56:21,454 - root - INFO - | Epoch: 045/100 | Train Time: 0.162s | Train Loss: 0.008026 |
2020-08-10 07:56:21,614 - root - INFO - | Epoch: 046/100 | Train Time: 0.159s | Train Loss: 0.008003 |
2020-08-10 07:56:21,778 - root - INFO - | Epoch: 047/100 | Train Time: 0.164s | Train Loss: 0.007983 |
2020-08-10 07:56:21,941 - root - INFO - | Epoch: 048/100 | Train Time: 0.164s | Train Loss: 0.007963 |
2020-08-10 07:56:22,106 - root - INFO - | Epoch: 049/100 | Train Time: 0.164s | Train Loss: 0.007931 |
2020-08-10 07:56:22,272 - root - INFO - | Epoch: 050/100 | Train Time: 0.165s | Train Loss: 0.007957 |
2020-08-10 07:56:22,272 - root - INFO -   LR scheduler: new learning rate is 0.0001
2020-08-10 07:56:22,435 - root - INFO - | Epoch: 051/100 | Train Time: 0.163s | Train Loss: 0.007951 |
2020-08-10 07:56:22,598 - root - INFO - | Epoch: 052/100 | Train Time: 0.163s | Train Loss: 0.007944 |
2020-08-10 07:56:22,763 - root - INFO - | Epoch: 053/100 | Train Time: 0.165s | Train Loss: 0.007946 |
2020-08-10 07:56:22,923 - root - INFO - | Epoch: 054/100 | Train Time: 0.160s | Train Loss: 0.007957 |
2020-08-10 07:56:23,084 - root - INFO - | Epoch: 055/100 | Train Time: 0.160s | Train Loss: 0.007932 |
2020-08-10 07:56:23,243 - root - INFO - | Epoch: 056/100 | Train Time: 0.159s | Train Loss: 0.007936 |
2020-08-10 07:56:23,408 - root - INFO - | Epoch: 057/100 | Train Time: 0.165s | Train Loss: 0.007939 |
2020-08-10 07:56:23,575 - root - INFO - | Epoch: 058/100 | Train Time: 0.166s | Train Loss: 0.007937 |
2020-08-10 07:56:23,735 - root - INFO - | Epoch: 059/100 | Train Time: 0.160s | Train Loss: 0.007931 |
2020-08-10 07:56:23,895 - root - INFO - | Epoch: 060/100 | Train Time: 0.159s | Train Loss: 0.007932 |
2020-08-10 07:56:24,046 - root - INFO - | Epoch: 061/100 | Train Time: 0.152s | Train Loss: 0.007935 |
2020-08-10 07:56:24,200 - root - INFO - | Epoch: 062/100 | Train Time: 0.153s | Train Loss: 0.007925 |
2020-08-10 07:56:24,353 - root - INFO - | Epoch: 063/100 | Train Time: 0.153s | Train Loss: 0.007917 |
2020-08-10 07:56:24,506 - root - INFO - | Epoch: 064/100 | Train Time: 0.153s | Train Loss: 0.007926 |
2020-08-10 07:56:24,660 - root - INFO - | Epoch: 065/100 | Train Time: 0.153s | Train Loss: 0.007930 |
2020-08-10 07:56:24,813 - root - INFO - | Epoch: 066/100 | Train Time: 0.153s | Train Loss: 0.007920 |
2020-08-10 07:56:24,967 - root - INFO - | Epoch: 067/100 | Train Time: 0.154s | Train Loss: 0.007927 |
2020-08-10 07:56:25,120 - root - INFO - | Epoch: 068/100 | Train Time: 0.153s | Train Loss: 0.007916 |
2020-08-10 07:56:25,274 - root - INFO - | Epoch: 069/100 | Train Time: 0.154s | Train Loss: 0.007908 |
2020-08-10 07:56:25,429 - root - INFO - | Epoch: 070/100 | Train Time: 0.155s | Train Loss: 0.007920 |
2020-08-10 07:56:25,583 - root - INFO - | Epoch: 071/100 | Train Time: 0.154s | Train Loss: 0.007918 |
2020-08-10 07:56:25,736 - root - INFO - | Epoch: 072/100 | Train Time: 0.153s | Train Loss: 0.007921 |
2020-08-10 07:56:25,890 - root - INFO - | Epoch: 073/100 | Train Time: 0.154s | Train Loss: 0.007897 |
2020-08-10 07:56:26,044 - root - INFO - | Epoch: 074/100 | Train Time: 0.154s | Train Loss: 0.007898 |
2020-08-10 07:56:26,197 - root - INFO - | Epoch: 075/100 | Train Time: 0.153s | Train Loss: 0.007917 |
2020-08-10 07:56:26,349 - root - INFO - | Epoch: 076/100 | Train Time: 0.152s | Train Loss: 0.007888 |
2020-08-10 07:56:26,503 - root - INFO - | Epoch: 077/100 | Train Time: 0.154s | Train Loss: 0.007915 |
2020-08-10 07:56:26,656 - root - INFO - | Epoch: 078/100 | Train Time: 0.153s | Train Loss: 0.007908 |
2020-08-10 07:56:26,810 - root - INFO - | Epoch: 079/100 | Train Time: 0.154s | Train Loss: 0.007914 |
2020-08-10 07:56:26,962 - root - INFO - | Epoch: 080/100 | Train Time: 0.152s | Train Loss: 0.007884 |
2020-08-10 07:56:27,113 - root - INFO - | Epoch: 081/100 | Train Time: 0.151s | Train Loss: 0.007903 |
2020-08-10 07:56:27,267 - root - INFO - | Epoch: 082/100 | Train Time: 0.153s | Train Loss: 0.007876 |
2020-08-10 07:56:27,419 - root - INFO - | Epoch: 083/100 | Train Time: 0.152s | Train Loss: 0.007893 |
2020-08-10 07:56:27,571 - root - INFO - | Epoch: 084/100 | Train Time: 0.152s | Train Loss: 0.007882 |
2020-08-10 07:56:27,724 - root - INFO - | Epoch: 085/100 | Train Time: 0.153s | Train Loss: 0.007873 |
2020-08-10 07:56:27,877 - root - INFO - | Epoch: 086/100 | Train Time: 0.153s | Train Loss: 0.007879 |
2020-08-10 07:56:28,030 - root - INFO - | Epoch: 087/100 | Train Time: 0.153s | Train Loss: 0.007880 |
2020-08-10 07:56:28,184 - root - INFO - | Epoch: 088/100 | Train Time: 0.153s | Train Loss: 0.007865 |
2020-08-10 07:56:28,337 - root - INFO - | Epoch: 089/100 | Train Time: 0.154s | Train Loss: 0.007881 |
2020-08-10 07:56:28,491 - root - INFO - | Epoch: 090/100 | Train Time: 0.153s | Train Loss: 0.007877 |
2020-08-10 07:56:28,643 - root - INFO - | Epoch: 091/100 | Train Time: 0.152s | Train Loss: 0.007865 |
2020-08-10 07:56:28,795 - root - INFO - | Epoch: 092/100 | Train Time: 0.152s | Train Loss: 0.007873 |
2020-08-10 07:56:28,946 - root - INFO - | Epoch: 093/100 | Train Time: 0.150s | Train Loss: 0.007869 |
2020-08-10 07:56:29,097 - root - INFO - | Epoch: 094/100 | Train Time: 0.151s | Train Loss: 0.007850 |
2020-08-10 07:56:29,249 - root - INFO - | Epoch: 095/100 | Train Time: 0.152s | Train Loss: 0.007857 |
2020-08-10 07:56:29,409 - root - INFO - | Epoch: 096/100 | Train Time: 0.160s | Train Loss: 0.007846 |
2020-08-10 07:56:29,563 - root - INFO - | Epoch: 097/100 | Train Time: 0.154s | Train Loss: 0.007857 |
2020-08-10 07:56:29,716 - root - INFO - | Epoch: 098/100 | Train Time: 0.153s | Train Loss: 0.007847 |
2020-08-10 07:56:29,869 - root - INFO - | Epoch: 099/100 | Train Time: 0.153s | Train Loss: 0.007832 |
2020-08-10 07:56:30,021 - root - INFO - | Epoch: 100/100 | Train Time: 0.152s | Train Loss: 0.007838 |
2020-08-10 07:56:30,022 - root - INFO - Pretraining Time: 16.076s
2020-08-10 07:56:30,022 - root - INFO - Finished pretraining.
2020-08-10 07:56:30,022 - root - INFO - Testing autoencoder...
2020-08-10 07:56:30,037 - root - INFO - Test Loss: 0.007450
2020-08-10 07:56:30,037 - root - INFO - Test Time: 0.015s
2020-08-10 07:56:30,037 - root - INFO - Finished testing autoencoder.
2020-08-10 07:56:30,040 - root - INFO - Hey I am loading net for you!
2020-08-10 07:56:30,040 - root - INFO - Setting hyper-parameters!
2020-08-10 07:56:30,040 - root - INFO - Initializing center c...
2020-08-10 07:56:30,080 - root - INFO - Center c initialized.
2020-08-10 07:56:30,080 - root - INFO - Starting training...
2020-08-10 07:56:30,217 - root - INFO - | Epoch: 001/100 | Train Time: 0.137s | Train Loss: 83.663808 |
2020-08-10 07:56:30,356 - root - INFO - | Epoch: 002/100 | Train Time: 0.139s | Train Loss: 69.183444 |
2020-08-10 07:56:30,494 - root - INFO - | Epoch: 003/100 | Train Time: 0.138s | Train Loss: 66.844920 |
2020-08-10 07:56:30,631 - root - INFO - | Epoch: 004/100 | Train Time: 0.137s | Train Loss: 64.395290 |
2020-08-10 07:56:30,769 - root - INFO - | Epoch: 005/100 | Train Time: 0.138s | Train Loss: 65.183178 |
2020-08-10 07:56:30,907 - root - INFO - | Epoch: 006/100 | Train Time: 0.139s | Train Loss: 63.994020 |
2020-08-10 07:56:31,047 - root - INFO - | Epoch: 007/100 | Train Time: 0.139s | Train Loss: 63.730340 |
2020-08-10 07:56:31,186 - root - INFO - | Epoch: 008/100 | Train Time: 0.139s | Train Loss: 63.883430 |
2020-08-10 07:56:31,324 - root - INFO - | Epoch: 009/100 | Train Time: 0.138s | Train Loss: 64.027781 |
2020-08-10 07:56:31,459 - root - INFO - | Epoch: 010/100 | Train Time: 0.135s | Train Loss: 64.022534 |
2020-08-10 07:56:31,593 - root - INFO - | Epoch: 011/100 | Train Time: 0.134s | Train Loss: 63.102209 |
2020-08-10 07:56:31,732 - root - INFO - | Epoch: 012/100 | Train Time: 0.139s | Train Loss: 63.714230 |
2020-08-10 07:56:31,886 - root - INFO - | Epoch: 013/100 | Train Time: 0.154s | Train Loss: 63.719683 |
2020-08-10 07:56:32,022 - root - INFO - | Epoch: 014/100 | Train Time: 0.136s | Train Loss: 63.028968 |
2020-08-10 07:56:32,183 - root - INFO - | Epoch: 015/100 | Train Time: 0.160s | Train Loss: 62.926261 |
2020-08-10 07:56:32,330 - root - INFO - | Epoch: 016/100 | Train Time: 0.147s | Train Loss: 64.194486 |
2020-08-10 07:56:32,475 - root - INFO - | Epoch: 017/100 | Train Time: 0.145s | Train Loss: 63.303019 |
2020-08-10 07:56:32,621 - root - INFO - | Epoch: 018/100 | Train Time: 0.146s | Train Loss: 64.368531 |
2020-08-10 07:56:32,767 - root - INFO - | Epoch: 019/100 | Train Time: 0.146s | Train Loss: 65.119329 |
2020-08-10 07:56:32,913 - root - INFO - | Epoch: 020/100 | Train Time: 0.146s | Train Loss: 67.785748 |
2020-08-10 07:56:33,058 - root - INFO - | Epoch: 021/100 | Train Time: 0.144s | Train Loss: 63.015295 |
2020-08-10 07:56:33,204 - root - INFO - | Epoch: 022/100 | Train Time: 0.146s | Train Loss: 65.254365 |
2020-08-10 07:56:33,340 - root - INFO - | Epoch: 023/100 | Train Time: 0.137s | Train Loss: 63.218611 |
2020-08-10 07:56:33,464 - root - INFO - | Epoch: 024/100 | Train Time: 0.123s | Train Loss: 63.325602 |
2020-08-10 07:56:33,594 - root - INFO - | Epoch: 025/100 | Train Time: 0.129s | Train Loss: 61.907921 |
2020-08-10 07:56:33,728 - root - INFO - | Epoch: 026/100 | Train Time: 0.134s | Train Loss: 62.639047 |
2020-08-10 07:56:33,861 - root - INFO - | Epoch: 027/100 | Train Time: 0.133s | Train Loss: 62.456206 |
2020-08-10 07:56:33,989 - root - INFO - | Epoch: 028/100 | Train Time: 0.127s | Train Loss: 62.617453 |
2020-08-10 07:56:34,114 - root - INFO - | Epoch: 029/100 | Train Time: 0.125s | Train Loss: 64.996684 |
2020-08-10 07:56:34,235 - root - INFO - | Epoch: 030/100 | Train Time: 0.121s | Train Loss: 62.452250 |
2020-08-10 07:56:34,362 - root - INFO - | Epoch: 031/100 | Train Time: 0.127s | Train Loss: 63.374620 |
2020-08-10 07:56:34,500 - root - INFO - | Epoch: 032/100 | Train Time: 0.138s | Train Loss: 61.283127 |
2020-08-10 07:56:34,640 - root - INFO - | Epoch: 033/100 | Train Time: 0.140s | Train Loss: 61.822053 |
2020-08-10 07:56:34,777 - root - INFO - | Epoch: 034/100 | Train Time: 0.136s | Train Loss: 62.672885 |
2020-08-10 07:56:34,911 - root - INFO - | Epoch: 035/100 | Train Time: 0.135s | Train Loss: 61.667608 |
2020-08-10 07:56:35,047 - root - INFO - | Epoch: 036/100 | Train Time: 0.135s | Train Loss: 61.007524 |
2020-08-10 07:56:35,182 - root - INFO - | Epoch: 037/100 | Train Time: 0.135s | Train Loss: 61.644486 |
2020-08-10 07:56:35,318 - root - INFO - | Epoch: 038/100 | Train Time: 0.136s | Train Loss: 62.418082 |
2020-08-10 07:56:35,454 - root - INFO - | Epoch: 039/100 | Train Time: 0.135s | Train Loss: 61.994041 |
2020-08-10 07:56:35,589 - root - INFO - | Epoch: 040/100 | Train Time: 0.135s | Train Loss: 62.737178 |
2020-08-10 07:56:35,722 - root - INFO - | Epoch: 041/100 | Train Time: 0.133s | Train Loss: 61.339722 |
2020-08-10 07:56:35,859 - root - INFO - | Epoch: 042/100 | Train Time: 0.137s | Train Loss: 62.467676 |
2020-08-10 07:56:35,994 - root - INFO - | Epoch: 043/100 | Train Time: 0.135s | Train Loss: 61.019064 |
2020-08-10 07:56:36,130 - root - INFO - | Epoch: 044/100 | Train Time: 0.135s | Train Loss: 62.223327 |
2020-08-10 07:56:36,275 - root - INFO - | Epoch: 045/100 | Train Time: 0.145s | Train Loss: 60.995692 |
2020-08-10 07:56:36,424 - root - INFO - | Epoch: 046/100 | Train Time: 0.149s | Train Loss: 62.395193 |
2020-08-10 07:56:36,572 - root - INFO - | Epoch: 047/100 | Train Time: 0.149s | Train Loss: 60.554158 |
2020-08-10 07:56:36,719 - root - INFO - | Epoch: 048/100 | Train Time: 0.146s | Train Loss: 62.903509 |
2020-08-10 07:56:36,862 - root - INFO - | Epoch: 049/100 | Train Time: 0.143s | Train Loss: 61.374819 |
2020-08-10 07:56:37,004 - root - INFO - | Epoch: 050/100 | Train Time: 0.143s | Train Loss: 59.556878 |
2020-08-10 07:56:37,004 - root - INFO -   LR scheduler: new learning rate is 1e-06
2020-08-10 07:56:37,148 - root - INFO - | Epoch: 051/100 | Train Time: 0.143s | Train Loss: 59.904297 |
2020-08-10 07:56:37,292 - root - INFO - | Epoch: 052/100 | Train Time: 0.144s | Train Loss: 59.710901 |
2020-08-10 07:56:37,430 - root - INFO - | Epoch: 053/100 | Train Time: 0.138s | Train Loss: 59.667388 |
2020-08-10 07:56:37,567 - root - INFO - | Epoch: 054/100 | Train Time: 0.138s | Train Loss: 59.540697 |
2020-08-10 07:56:37,703 - root - INFO - | Epoch: 055/100 | Train Time: 0.135s | Train Loss: 59.405032 |
2020-08-10 07:56:37,838 - root - INFO - | Epoch: 056/100 | Train Time: 0.135s | Train Loss: 59.358002 |
2020-08-10 07:56:37,975 - root - INFO - | Epoch: 057/100 | Train Time: 0.137s | Train Loss: 59.695244 |
2020-08-10 07:56:38,111 - root - INFO - | Epoch: 058/100 | Train Time: 0.136s | Train Loss: 59.742247 |
2020-08-10 07:56:38,248 - root - INFO - | Epoch: 059/100 | Train Time: 0.137s | Train Loss: 58.845613 |
2020-08-10 07:56:38,385 - root - INFO - | Epoch: 060/100 | Train Time: 0.137s | Train Loss: 59.701757 |
2020-08-10 07:56:38,523 - root - INFO - | Epoch: 061/100 | Train Time: 0.137s | Train Loss: 58.223391 |
2020-08-10 07:56:38,660 - root - INFO - | Epoch: 062/100 | Train Time: 0.137s | Train Loss: 59.631922 |
2020-08-10 07:56:38,797 - root - INFO - | Epoch: 063/100 | Train Time: 0.137s | Train Loss: 59.404627 |
2020-08-10 07:56:38,933 - root - INFO - | Epoch: 064/100 | Train Time: 0.136s | Train Loss: 59.388815 |
2020-08-10 07:56:39,071 - root - INFO - | Epoch: 065/100 | Train Time: 0.138s | Train Loss: 59.035447 |
2020-08-10 07:56:39,206 - root - INFO - | Epoch: 066/100 | Train Time: 0.135s | Train Loss: 59.435180 |
2020-08-10 07:56:39,343 - root - INFO - | Epoch: 067/100 | Train Time: 0.137s | Train Loss: 59.633447 |
2020-08-10 07:56:39,479 - root - INFO - | Epoch: 068/100 | Train Time: 0.136s | Train Loss: 58.773860 |
2020-08-10 07:56:39,616 - root - INFO - | Epoch: 069/100 | Train Time: 0.137s | Train Loss: 59.716877 |
2020-08-10 07:56:39,754 - root - INFO - | Epoch: 070/100 | Train Time: 0.137s | Train Loss: 59.645688 |
2020-08-10 07:56:39,890 - root - INFO - | Epoch: 071/100 | Train Time: 0.136s | Train Loss: 59.505175 |
2020-08-10 07:56:40,027 - root - INFO - | Epoch: 072/100 | Train Time: 0.137s | Train Loss: 59.546501 |
2020-08-10 07:56:40,165 - root - INFO - | Epoch: 073/100 | Train Time: 0.138s | Train Loss: 59.393895 |
2020-08-10 07:56:40,302 - root - INFO - | Epoch: 074/100 | Train Time: 0.137s | Train Loss: 59.447814 |
2020-08-10 07:56:40,439 - root - INFO - | Epoch: 075/100 | Train Time: 0.137s | Train Loss: 59.603505 |
2020-08-10 07:56:40,577 - root - INFO - | Epoch: 076/100 | Train Time: 0.137s | Train Loss: 59.400026 |
2020-08-10 07:56:40,713 - root - INFO - | Epoch: 077/100 | Train Time: 0.136s | Train Loss: 59.370057 |
2020-08-10 07:56:40,853 - root - INFO - | Epoch: 078/100 | Train Time: 0.140s | Train Loss: 59.213909 |
2020-08-10 07:56:40,993 - root - INFO - | Epoch: 079/100 | Train Time: 0.140s | Train Loss: 59.230086 |
2020-08-10 07:56:41,134 - root - INFO - | Epoch: 080/100 | Train Time: 0.141s | Train Loss: 59.464824 |
2020-08-10 07:56:41,275 - root - INFO - | Epoch: 081/100 | Train Time: 0.141s | Train Loss: 59.493520 |
2020-08-10 07:56:41,416 - root - INFO - | Epoch: 082/100 | Train Time: 0.141s | Train Loss: 59.251676 |
2020-08-10 07:56:41,556 - root - INFO - | Epoch: 083/100 | Train Time: 0.140s | Train Loss: 59.585149 |
2020-08-10 07:56:41,689 - root - INFO - | Epoch: 084/100 | Train Time: 0.133s | Train Loss: 59.622360 |
2020-08-10 07:56:41,830 - root - INFO - | Epoch: 085/100 | Train Time: 0.141s | Train Loss: 59.291154 |
2020-08-10 07:56:41,972 - root - INFO - | Epoch: 086/100 | Train Time: 0.141s | Train Loss: 59.132457 |
2020-08-10 07:56:42,110 - root - INFO - | Epoch: 087/100 | Train Time: 0.139s | Train Loss: 59.243611 |
2020-08-10 07:56:42,248 - root - INFO - | Epoch: 088/100 | Train Time: 0.138s | Train Loss: 59.194526 |
2020-08-10 07:56:42,388 - root - INFO - | Epoch: 089/100 | Train Time: 0.140s | Train Loss: 58.576145 |
2020-08-10 07:56:42,529 - root - INFO - | Epoch: 090/100 | Train Time: 0.141s | Train Loss: 59.344901 |
2020-08-10 07:56:42,665 - root - INFO - | Epoch: 091/100 | Train Time: 0.136s | Train Loss: 59.365492 |
2020-08-10 07:56:42,807 - root - INFO - | Epoch: 092/100 | Train Time: 0.141s | Train Loss: 59.427343 |
2020-08-10 07:56:42,948 - root - INFO - | Epoch: 093/100 | Train Time: 0.142s | Train Loss: 59.382103 |
2020-08-10 07:56:43,089 - root - INFO - | Epoch: 094/100 | Train Time: 0.140s | Train Loss: 54.282379 |
2020-08-10 07:56:43,224 - root - INFO - | Epoch: 095/100 | Train Time: 0.135s | Train Loss: 59.335163 |
2020-08-10 07:56:43,365 - root - INFO - | Epoch: 096/100 | Train Time: 0.141s | Train Loss: 59.368038 |
2020-08-10 07:56:43,504 - root - INFO - | Epoch: 097/100 | Train Time: 0.139s | Train Loss: 58.829460 |
2020-08-10 07:56:43,646 - root - INFO - | Epoch: 098/100 | Train Time: 0.141s | Train Loss: 58.777256 |
2020-08-10 07:56:43,785 - root - INFO - | Epoch: 099/100 | Train Time: 0.139s | Train Loss: 59.337305 |
2020-08-10 07:56:43,905 - root - INFO - | Epoch: 100/100 | Train Time: 0.120s | Train Loss: 59.138441 |
2020-08-10 07:56:43,905 - root - INFO - Training Time: 13.825s
2020-08-10 07:56:43,905 - root - INFO - Finished training.
2020-08-10 07:56:43,906 - root - INFO - Starting testing...
2020-08-10 07:56:43,924 - root - INFO - Test Loss: 54.854316
2020-08-10 07:56:43,924 - root - INFO - Test AUC: 72.73%
2020-08-10 07:56:43,924 - root - INFO - Test Time: 0.016s
2020-08-10 07:56:43,924 - root - INFO - Finished testing.
2020-08-10 07:56:43,980 - root - INFO - Starting testing...
2020-08-10 07:56:43,999 - root - INFO - Test Loss: 54.854316
2020-08-10 07:56:43,999 - root - INFO - Test AUC: 72.73%
2020-08-10 07:56:43,999 - root - INFO - Test Time: 0.017s
2020-08-10 07:56:43,999 - root - INFO - Finished testing.
