2020-08-17 00:17:05,740 - root - INFO - Hey I am loading net for you!
2020-08-17 00:17:07,511 - root - INFO - Setting hyper-parameters!
2020-08-17 00:17:07,512 - root - INFO - Starting training...
2020-08-17 00:17:07,724 - root - INFO - | Epoch: 001/500 | Train Time: 0.212s | Train Loss: 5231.443274 |
2020-08-17 00:17:07,946 - root - INFO - | Epoch: 002/500 | Train Time: 0.222s | Train Loss: 5220.474084 |
2020-08-17 00:17:08,170 - root - INFO - | Epoch: 003/500 | Train Time: 0.224s | Train Loss: 5222.742883 |
2020-08-17 00:17:08,392 - root - INFO - | Epoch: 004/500 | Train Time: 0.221s | Train Loss: 5221.068457 |
2020-08-17 00:17:08,617 - root - INFO - | Epoch: 005/500 | Train Time: 0.226s | Train Loss: 5219.939587 |
2020-08-17 00:17:08,843 - root - INFO - | Epoch: 006/500 | Train Time: 0.225s | Train Loss: 5207.498816 |
2020-08-17 00:17:09,069 - root - INFO - | Epoch: 007/500 | Train Time: 0.226s | Train Loss: 5213.355640 |
2020-08-17 00:17:09,296 - root - INFO - | Epoch: 008/500 | Train Time: 0.227s | Train Loss: 5207.980176 |
2020-08-17 00:17:09,523 - root - INFO - | Epoch: 009/500 | Train Time: 0.227s | Train Loss: 5204.226575 |
2020-08-17 00:17:09,751 - root - INFO - | Epoch: 010/500 | Train Time: 0.228s | Train Loss: 5205.188660 |
2020-08-17 00:17:09,979 - root - INFO - | Epoch: 011/500 | Train Time: 0.228s | Train Loss: 5201.165527 |
2020-08-17 00:17:10,206 - root - INFO - | Epoch: 012/500 | Train Time: 0.226s | Train Loss: 5194.460156 |
2020-08-17 00:17:10,433 - root - INFO - | Epoch: 013/500 | Train Time: 0.228s | Train Loss: 5201.201404 |
2020-08-17 00:17:10,660 - root - INFO - | Epoch: 014/500 | Train Time: 0.227s | Train Loss: 5198.875244 |
2020-08-17 00:17:10,887 - root - INFO - | Epoch: 015/500 | Train Time: 0.227s | Train Loss: 5194.454407 |
2020-08-17 00:17:11,115 - root - INFO - | Epoch: 016/500 | Train Time: 0.228s | Train Loss: 5189.305725 |
2020-08-17 00:17:11,342 - root - INFO - | Epoch: 017/500 | Train Time: 0.226s | Train Loss: 5194.230835 |
2020-08-17 00:17:11,569 - root - INFO - | Epoch: 018/500 | Train Time: 0.227s | Train Loss: 5190.536157 |
2020-08-17 00:17:11,796 - root - INFO - | Epoch: 019/500 | Train Time: 0.227s | Train Loss: 5186.089990 |
2020-08-17 00:17:12,023 - root - INFO - | Epoch: 020/500 | Train Time: 0.227s | Train Loss: 5191.775317 |
2020-08-17 00:17:12,250 - root - INFO - | Epoch: 021/500 | Train Time: 0.227s | Train Loss: 5182.640637 |
2020-08-17 00:17:12,477 - root - INFO - | Epoch: 022/500 | Train Time: 0.226s | Train Loss: 5186.182825 |
2020-08-17 00:17:12,704 - root - INFO - | Epoch: 023/500 | Train Time: 0.227s | Train Loss: 5184.313757 |
2020-08-17 00:17:12,931 - root - INFO - | Epoch: 024/500 | Train Time: 0.228s | Train Loss: 5177.804102 |
2020-08-17 00:17:13,159 - root - INFO - | Epoch: 025/500 | Train Time: 0.228s | Train Loss: 5183.067664 |
2020-08-17 00:17:13,385 - root - INFO - | Epoch: 026/500 | Train Time: 0.226s | Train Loss: 5179.376489 |
2020-08-17 00:17:13,612 - root - INFO - | Epoch: 027/500 | Train Time: 0.226s | Train Loss: 5184.679041 |
2020-08-17 00:17:13,840 - root - INFO - | Epoch: 028/500 | Train Time: 0.228s | Train Loss: 5178.828784 |
2020-08-17 00:17:14,067 - root - INFO - | Epoch: 029/500 | Train Time: 0.227s | Train Loss: 5187.065881 |
2020-08-17 00:17:14,292 - root - INFO - | Epoch: 030/500 | Train Time: 0.225s | Train Loss: 5192.146631 |
2020-08-17 00:17:14,519 - root - INFO - | Epoch: 031/500 | Train Time: 0.227s | Train Loss: 5180.538025 |
2020-08-17 00:17:14,696 - root - INFO - | Epoch: 032/500 | Train Time: 0.176s | Train Loss: 5183.475000 |
2020-08-17 00:17:14,856 - root - INFO - | Epoch: 033/500 | Train Time: 0.160s | Train Loss: 5180.376550 |
2020-08-17 00:17:15,016 - root - INFO - | Epoch: 034/500 | Train Time: 0.160s | Train Loss: 5176.069080 |
2020-08-17 00:17:15,176 - root - INFO - | Epoch: 035/500 | Train Time: 0.160s | Train Loss: 5184.294031 |
2020-08-17 00:17:15,354 - root - INFO - | Epoch: 036/500 | Train Time: 0.178s | Train Loss: 5177.332959 |
2020-08-17 00:17:15,579 - root - INFO - | Epoch: 037/500 | Train Time: 0.225s | Train Loss: 5173.091089 |
2020-08-17 00:17:15,807 - root - INFO - | Epoch: 038/500 | Train Time: 0.228s | Train Loss: 5175.244287 |
2020-08-17 00:17:16,035 - root - INFO - | Epoch: 039/500 | Train Time: 0.227s | Train Loss: 5177.987061 |
2020-08-17 00:17:16,261 - root - INFO - | Epoch: 040/500 | Train Time: 0.227s | Train Loss: 5181.061829 |
2020-08-17 00:17:16,488 - root - INFO - | Epoch: 041/500 | Train Time: 0.227s | Train Loss: 5173.015356 |
2020-08-17 00:17:16,715 - root - INFO - | Epoch: 042/500 | Train Time: 0.227s | Train Loss: 5186.354431 |
2020-08-17 00:17:16,942 - root - INFO - | Epoch: 043/500 | Train Time: 0.227s | Train Loss: 5178.906665 |
2020-08-17 00:17:17,169 - root - INFO - | Epoch: 044/500 | Train Time: 0.227s | Train Loss: 5176.862878 |
2020-08-17 00:17:17,396 - root - INFO - | Epoch: 045/500 | Train Time: 0.227s | Train Loss: 5171.293640 |
2020-08-17 00:17:17,624 - root - INFO - | Epoch: 046/500 | Train Time: 0.228s | Train Loss: 5172.239160 |
2020-08-17 00:17:17,852 - root - INFO - | Epoch: 047/500 | Train Time: 0.227s | Train Loss: 5174.030530 |
2020-08-17 00:17:18,079 - root - INFO - | Epoch: 048/500 | Train Time: 0.227s | Train Loss: 5171.608142 |
2020-08-17 00:17:18,307 - root - INFO - | Epoch: 049/500 | Train Time: 0.228s | Train Loss: 5165.885364 |
2020-08-17 00:17:18,534 - root - INFO - | Epoch: 050/500 | Train Time: 0.227s | Train Loss: 5170.815723 |
2020-08-17 00:17:18,534 - root - INFO -   LR scheduler: new learning rate is 1e-06
2020-08-17 00:17:18,761 - root - INFO - | Epoch: 051/500 | Train Time: 0.227s | Train Loss: 5171.497388 |
2020-08-17 00:17:18,989 - root - INFO - | Epoch: 052/500 | Train Time: 0.228s | Train Loss: 5171.519702 |
2020-08-17 00:17:19,216 - root - INFO - | Epoch: 053/500 | Train Time: 0.227s | Train Loss: 5173.794373 |
2020-08-17 00:17:19,444 - root - INFO - | Epoch: 054/500 | Train Time: 0.228s | Train Loss: 5172.435449 |
2020-08-17 00:17:19,672 - root - INFO - | Epoch: 055/500 | Train Time: 0.228s | Train Loss: 5173.991174 |
2020-08-17 00:17:19,899 - root - INFO - | Epoch: 056/500 | Train Time: 0.227s | Train Loss: 5167.558630 |
2020-08-17 00:17:20,127 - root - INFO - | Epoch: 057/500 | Train Time: 0.228s | Train Loss: 5169.076245 |
2020-08-17 00:17:20,355 - root - INFO - | Epoch: 058/500 | Train Time: 0.228s | Train Loss: 5174.358533 |
2020-08-17 00:17:20,583 - root - INFO - | Epoch: 059/500 | Train Time: 0.228s | Train Loss: 5169.655945 |
2020-08-17 00:17:20,811 - root - INFO - | Epoch: 060/500 | Train Time: 0.228s | Train Loss: 5171.735400 |
2020-08-17 00:17:21,038 - root - INFO - | Epoch: 061/500 | Train Time: 0.227s | Train Loss: 5172.263171 |
2020-08-17 00:17:21,266 - root - INFO - | Epoch: 062/500 | Train Time: 0.227s | Train Loss: 5172.589136 |
2020-08-17 00:17:21,493 - root - INFO - | Epoch: 063/500 | Train Time: 0.227s | Train Loss: 5174.236316 |
2020-08-17 00:17:21,720 - root - INFO - | Epoch: 064/500 | Train Time: 0.228s | Train Loss: 5173.947217 |
2020-08-17 00:17:21,948 - root - INFO - | Epoch: 065/500 | Train Time: 0.227s | Train Loss: 5179.187952 |
2020-08-17 00:17:22,175 - root - INFO - | Epoch: 066/500 | Train Time: 0.228s | Train Loss: 5167.131287 |
2020-08-17 00:17:22,403 - root - INFO - | Epoch: 067/500 | Train Time: 0.227s | Train Loss: 5172.684680 |
2020-08-17 00:17:22,631 - root - INFO - | Epoch: 068/500 | Train Time: 0.229s | Train Loss: 5169.457483 |
2020-08-17 00:17:22,859 - root - INFO - | Epoch: 069/500 | Train Time: 0.227s | Train Loss: 5177.391382 |
2020-08-17 00:17:23,085 - root - INFO - | Epoch: 070/500 | Train Time: 0.226s | Train Loss: 5172.074792 |
2020-08-17 00:17:23,312 - root - INFO - | Epoch: 071/500 | Train Time: 0.227s | Train Loss: 5165.955078 |
2020-08-17 00:17:23,540 - root - INFO - | Epoch: 072/500 | Train Time: 0.227s | Train Loss: 5173.374072 |
2020-08-17 00:17:23,767 - root - INFO - | Epoch: 073/500 | Train Time: 0.227s | Train Loss: 5171.983447 |
2020-08-17 00:17:23,995 - root - INFO - | Epoch: 074/500 | Train Time: 0.228s | Train Loss: 5167.479626 |
2020-08-17 00:17:24,222 - root - INFO - | Epoch: 075/500 | Train Time: 0.227s | Train Loss: 5176.958447 |
2020-08-17 00:17:24,450 - root - INFO - | Epoch: 076/500 | Train Time: 0.227s | Train Loss: 5164.694873 |
2020-08-17 00:17:24,678 - root - INFO - | Epoch: 077/500 | Train Time: 0.228s | Train Loss: 5172.575281 |
2020-08-17 00:17:24,906 - root - INFO - | Epoch: 078/500 | Train Time: 0.228s | Train Loss: 5168.180261 |
2020-08-17 00:17:25,133 - root - INFO - | Epoch: 079/500 | Train Time: 0.227s | Train Loss: 5172.040503 |
2020-08-17 00:17:25,361 - root - INFO - | Epoch: 080/500 | Train Time: 0.228s | Train Loss: 5170.400916 |
2020-08-17 00:17:25,588 - root - INFO - | Epoch: 081/500 | Train Time: 0.227s | Train Loss: 5167.746667 |
2020-08-17 00:17:25,816 - root - INFO - | Epoch: 082/500 | Train Time: 0.228s | Train Loss: 5176.311755 |
2020-08-17 00:17:26,043 - root - INFO - | Epoch: 083/500 | Train Time: 0.227s | Train Loss: 5168.323035 |
2020-08-17 00:17:26,270 - root - INFO - | Epoch: 084/500 | Train Time: 0.226s | Train Loss: 5171.532776 |
2020-08-17 00:17:26,498 - root - INFO - | Epoch: 085/500 | Train Time: 0.228s | Train Loss: 5173.030688 |
2020-08-17 00:17:26,725 - root - INFO - | Epoch: 086/500 | Train Time: 0.227s | Train Loss: 5181.220935 |
2020-08-17 00:17:26,953 - root - INFO - | Epoch: 087/500 | Train Time: 0.228s | Train Loss: 5171.182312 |
2020-08-17 00:17:27,181 - root - INFO - | Epoch: 088/500 | Train Time: 0.228s | Train Loss: 5165.362683 |
2020-08-17 00:17:27,409 - root - INFO - | Epoch: 089/500 | Train Time: 0.228s | Train Loss: 5174.168298 |
2020-08-17 00:17:27,636 - root - INFO - | Epoch: 090/500 | Train Time: 0.227s | Train Loss: 5171.921362 |
2020-08-17 00:17:27,863 - root - INFO - | Epoch: 091/500 | Train Time: 0.227s | Train Loss: 5177.980676 |
2020-08-17 00:17:28,091 - root - INFO - | Epoch: 092/500 | Train Time: 0.227s | Train Loss: 5167.768091 |
2020-08-17 00:17:28,318 - root - INFO - | Epoch: 093/500 | Train Time: 0.227s | Train Loss: 5178.789380 |
2020-08-17 00:17:28,546 - root - INFO - | Epoch: 094/500 | Train Time: 0.228s | Train Loss: 5172.105688 |
2020-08-17 00:17:28,773 - root - INFO - | Epoch: 095/500 | Train Time: 0.227s | Train Loss: 5171.622559 |
2020-08-17 00:17:29,000 - root - INFO - | Epoch: 096/500 | Train Time: 0.227s | Train Loss: 5170.836035 |
2020-08-17 00:17:29,229 - root - INFO - | Epoch: 097/500 | Train Time: 0.228s | Train Loss: 5174.388477 |
2020-08-17 00:17:29,457 - root - INFO - | Epoch: 098/500 | Train Time: 0.228s | Train Loss: 5166.773059 |
2020-08-17 00:17:29,690 - root - INFO - | Epoch: 099/500 | Train Time: 0.233s | Train Loss: 5173.043323 |
2020-08-17 00:17:29,915 - root - INFO - | Epoch: 100/500 | Train Time: 0.225s | Train Loss: 5168.329730 |
2020-08-17 00:17:30,139 - root - INFO - | Epoch: 101/500 | Train Time: 0.224s | Train Loss: 5171.495007 |
2020-08-17 00:17:30,363 - root - INFO - | Epoch: 102/500 | Train Time: 0.224s | Train Loss: 5179.163318 |
2020-08-17 00:17:30,587 - root - INFO - | Epoch: 103/500 | Train Time: 0.224s | Train Loss: 5170.857483 |
2020-08-17 00:17:30,811 - root - INFO - | Epoch: 104/500 | Train Time: 0.224s | Train Loss: 5165.838232 |
2020-08-17 00:17:31,036 - root - INFO - | Epoch: 105/500 | Train Time: 0.224s | Train Loss: 5172.351868 |
2020-08-17 00:17:31,260 - root - INFO - | Epoch: 106/500 | Train Time: 0.224s | Train Loss: 5170.775659 |
2020-08-17 00:17:31,484 - root - INFO - | Epoch: 107/500 | Train Time: 0.224s | Train Loss: 5171.913660 |
2020-08-17 00:17:31,708 - root - INFO - | Epoch: 108/500 | Train Time: 0.224s | Train Loss: 5173.520862 |
2020-08-17 00:17:31,930 - root - INFO - | Epoch: 109/500 | Train Time: 0.222s | Train Loss: 5173.710925 |
2020-08-17 00:17:32,155 - root - INFO - | Epoch: 110/500 | Train Time: 0.224s | Train Loss: 5175.663745 |
2020-08-17 00:17:32,380 - root - INFO - | Epoch: 111/500 | Train Time: 0.225s | Train Loss: 5171.022034 |
2020-08-17 00:17:32,604 - root - INFO - | Epoch: 112/500 | Train Time: 0.224s | Train Loss: 5167.461658 |
2020-08-17 00:17:32,828 - root - INFO - | Epoch: 113/500 | Train Time: 0.224s | Train Loss: 5168.883398 |
2020-08-17 00:17:33,053 - root - INFO - | Epoch: 114/500 | Train Time: 0.225s | Train Loss: 5166.540967 |
2020-08-17 00:17:33,277 - root - INFO - | Epoch: 115/500 | Train Time: 0.224s | Train Loss: 5174.694934 |
2020-08-17 00:17:33,502 - root - INFO - | Epoch: 116/500 | Train Time: 0.224s | Train Loss: 5170.118213 |
2020-08-17 00:17:33,726 - root - INFO - | Epoch: 117/500 | Train Time: 0.224s | Train Loss: 5169.710266 |
2020-08-17 00:17:33,951 - root - INFO - | Epoch: 118/500 | Train Time: 0.225s | Train Loss: 5174.092212 |
2020-08-17 00:17:34,176 - root - INFO - | Epoch: 119/500 | Train Time: 0.225s | Train Loss: 5172.652332 |
2020-08-17 00:17:34,401 - root - INFO - | Epoch: 120/500 | Train Time: 0.225s | Train Loss: 5169.419226 |
2020-08-17 00:17:34,625 - root - INFO - | Epoch: 121/500 | Train Time: 0.223s | Train Loss: 5165.168237 |
2020-08-17 00:17:34,850 - root - INFO - | Epoch: 122/500 | Train Time: 0.225s | Train Loss: 5172.541736 |
2020-08-17 00:17:35,074 - root - INFO - | Epoch: 123/500 | Train Time: 0.224s | Train Loss: 5167.089087 |
2020-08-17 00:17:35,298 - root - INFO - | Epoch: 124/500 | Train Time: 0.224s | Train Loss: 5169.711560 |
2020-08-17 00:17:35,524 - root - INFO - | Epoch: 125/500 | Train Time: 0.225s | Train Loss: 5164.732153 |
2020-08-17 00:17:35,713 - root - INFO - | Epoch: 126/500 | Train Time: 0.189s | Train Loss: 5172.454016 |
2020-08-17 00:17:35,937 - root - INFO - | Epoch: 127/500 | Train Time: 0.224s | Train Loss: 5172.090979 |
2020-08-17 00:17:36,162 - root - INFO - | Epoch: 128/500 | Train Time: 0.225s | Train Loss: 5170.306445 |
2020-08-17 00:17:36,391 - root - INFO - | Epoch: 129/500 | Train Time: 0.228s | Train Loss: 5169.060760 |
2020-08-17 00:17:36,619 - root - INFO - | Epoch: 130/500 | Train Time: 0.228s | Train Loss: 5169.522595 |
2020-08-17 00:17:36,847 - root - INFO - | Epoch: 131/500 | Train Time: 0.228s | Train Loss: 5170.982959 |
2020-08-17 00:17:37,073 - root - INFO - | Epoch: 132/500 | Train Time: 0.226s | Train Loss: 5166.587244 |
2020-08-17 00:17:37,307 - root - INFO - | Epoch: 133/500 | Train Time: 0.233s | Train Loss: 5173.634924 |
2020-08-17 00:17:37,531 - root - INFO - | Epoch: 134/500 | Train Time: 0.224s | Train Loss: 5170.784082 |
2020-08-17 00:17:37,760 - root - INFO - | Epoch: 135/500 | Train Time: 0.229s | Train Loss: 5172.833179 |
2020-08-17 00:17:37,984 - root - INFO - | Epoch: 136/500 | Train Time: 0.224s | Train Loss: 5173.774182 |
2020-08-17 00:17:38,215 - root - INFO - | Epoch: 137/500 | Train Time: 0.231s | Train Loss: 5174.747607 |
2020-08-17 00:17:38,440 - root - INFO - | Epoch: 138/500 | Train Time: 0.225s | Train Loss: 5172.315393 |
2020-08-17 00:17:38,664 - root - INFO - | Epoch: 139/500 | Train Time: 0.224s | Train Loss: 5165.264795 |
2020-08-17 00:17:38,894 - root - INFO - | Epoch: 140/500 | Train Time: 0.230s | Train Loss: 5175.052026 |
2020-08-17 00:17:39,119 - root - INFO - | Epoch: 141/500 | Train Time: 0.225s | Train Loss: 5171.776526 |
2020-08-17 00:17:39,351 - root - INFO - | Epoch: 142/500 | Train Time: 0.232s | Train Loss: 5175.019910 |
2020-08-17 00:17:39,581 - root - INFO - | Epoch: 143/500 | Train Time: 0.229s | Train Loss: 5164.949731 |
2020-08-17 00:17:39,810 - root - INFO - | Epoch: 144/500 | Train Time: 0.230s | Train Loss: 5165.553772 |
2020-08-17 00:17:40,035 - root - INFO - | Epoch: 145/500 | Train Time: 0.224s | Train Loss: 5176.509192 |
2020-08-17 00:17:40,263 - root - INFO - | Epoch: 146/500 | Train Time: 0.228s | Train Loss: 5176.061279 |
2020-08-17 00:17:40,483 - root - INFO - | Epoch: 147/500 | Train Time: 0.219s | Train Loss: 5171.255237 |
2020-08-17 00:17:40,713 - root - INFO - | Epoch: 148/500 | Train Time: 0.230s | Train Loss: 5168.766931 |
2020-08-17 00:17:40,938 - root - INFO - | Epoch: 149/500 | Train Time: 0.224s | Train Loss: 5176.515613 |
2020-08-17 00:17:41,167 - root - INFO - | Epoch: 150/500 | Train Time: 0.229s | Train Loss: 5178.242810 |
2020-08-17 00:17:41,399 - root - INFO - | Epoch: 151/500 | Train Time: 0.233s | Train Loss: 5167.543372 |
2020-08-17 00:17:41,624 - root - INFO - | Epoch: 152/500 | Train Time: 0.225s | Train Loss: 5164.567163 |
2020-08-17 00:17:41,853 - root - INFO - | Epoch: 153/500 | Train Time: 0.229s | Train Loss: 5169.596777 |
2020-08-17 00:17:42,077 - root - INFO - | Epoch: 154/500 | Train Time: 0.224s | Train Loss: 5164.254260 |
2020-08-17 00:17:42,304 - root - INFO - | Epoch: 155/500 | Train Time: 0.227s | Train Loss: 5167.974792 |
2020-08-17 00:17:42,527 - root - INFO - | Epoch: 156/500 | Train Time: 0.223s | Train Loss: 5168.634631 |
2020-08-17 00:17:42,760 - root - INFO - | Epoch: 157/500 | Train Time: 0.232s | Train Loss: 5169.349121 |
2020-08-17 00:17:42,979 - root - INFO - | Epoch: 158/500 | Train Time: 0.220s | Train Loss: 5166.154553 |
2020-08-17 00:17:43,208 - root - INFO - | Epoch: 159/500 | Train Time: 0.229s | Train Loss: 5172.196350 |
2020-08-17 00:17:43,433 - root - INFO - | Epoch: 160/500 | Train Time: 0.224s | Train Loss: 5170.301233 |
2020-08-17 00:17:43,657 - root - INFO - | Epoch: 161/500 | Train Time: 0.224s | Train Loss: 5171.964526 |
2020-08-17 00:17:43,882 - root - INFO - | Epoch: 162/500 | Train Time: 0.226s | Train Loss: 5177.812341 |
2020-08-17 00:17:44,110 - root - INFO - | Epoch: 163/500 | Train Time: 0.227s | Train Loss: 5168.555823 |
2020-08-17 00:17:44,336 - root - INFO - | Epoch: 164/500 | Train Time: 0.226s | Train Loss: 5176.171619 |
2020-08-17 00:17:44,559 - root - INFO - | Epoch: 165/500 | Train Time: 0.223s | Train Loss: 5169.148083 |
2020-08-17 00:17:44,787 - root - INFO - | Epoch: 166/500 | Train Time: 0.228s | Train Loss: 5172.702258 |
2020-08-17 00:17:45,013 - root - INFO - | Epoch: 167/500 | Train Time: 0.226s | Train Loss: 5174.689783 |
2020-08-17 00:17:45,245 - root - INFO - | Epoch: 168/500 | Train Time: 0.232s | Train Loss: 5167.756592 |
2020-08-17 00:17:45,469 - root - INFO - | Epoch: 169/500 | Train Time: 0.224s | Train Loss: 5171.078918 |
2020-08-17 00:17:45,697 - root - INFO - | Epoch: 170/500 | Train Time: 0.228s | Train Loss: 5162.829370 |
2020-08-17 00:17:45,920 - root - INFO - | Epoch: 171/500 | Train Time: 0.223s | Train Loss: 5168.483582 |
2020-08-17 00:17:46,144 - root - INFO - | Epoch: 172/500 | Train Time: 0.224s | Train Loss: 5167.026514 |
2020-08-17 00:17:46,373 - root - INFO - | Epoch: 173/500 | Train Time: 0.229s | Train Loss: 5168.814673 |
2020-08-17 00:17:46,597 - root - INFO - | Epoch: 174/500 | Train Time: 0.224s | Train Loss: 5169.693689 |
2020-08-17 00:17:46,824 - root - INFO - | Epoch: 175/500 | Train Time: 0.227s | Train Loss: 5169.673706 |
2020-08-17 00:17:47,047 - root - INFO - | Epoch: 176/500 | Train Time: 0.223s | Train Loss: 5169.746545 |
2020-08-17 00:17:47,279 - root - INFO - | Epoch: 177/500 | Train Time: 0.232s | Train Loss: 5165.586060 |
2020-08-17 00:17:47,502 - root - INFO - | Epoch: 178/500 | Train Time: 0.223s | Train Loss: 5170.624646 |
2020-08-17 00:17:47,731 - root - INFO - | Epoch: 179/500 | Train Time: 0.229s | Train Loss: 5166.452393 |
2020-08-17 00:17:47,951 - root - INFO - | Epoch: 180/500 | Train Time: 0.219s | Train Loss: 5168.270886 |
2020-08-17 00:17:48,176 - root - INFO - | Epoch: 181/500 | Train Time: 0.225s | Train Loss: 5170.289001 |
2020-08-17 00:17:48,404 - root - INFO - | Epoch: 182/500 | Train Time: 0.228s | Train Loss: 5165.514233 |
2020-08-17 00:17:48,629 - root - INFO - | Epoch: 183/500 | Train Time: 0.225s | Train Loss: 5167.824121 |
2020-08-17 00:17:48,858 - root - INFO - | Epoch: 184/500 | Train Time: 0.229s | Train Loss: 5172.761780 |
2020-08-17 00:17:49,082 - root - INFO - | Epoch: 185/500 | Train Time: 0.224s | Train Loss: 5174.410376 |
2020-08-17 00:17:49,311 - root - INFO - | Epoch: 186/500 | Train Time: 0.229s | Train Loss: 5173.904382 |
2020-08-17 00:17:49,536 - root - INFO - | Epoch: 187/500 | Train Time: 0.225s | Train Loss: 5169.362329 |
2020-08-17 00:17:49,765 - root - INFO - | Epoch: 188/500 | Train Time: 0.230s | Train Loss: 5167.840503 |
2020-08-17 00:17:49,989 - root - INFO - | Epoch: 189/500 | Train Time: 0.223s | Train Loss: 5169.632678 |
2020-08-17 00:17:50,221 - root - INFO - | Epoch: 190/500 | Train Time: 0.232s | Train Loss: 5166.808032 |
2020-08-17 00:17:50,444 - root - INFO - | Epoch: 191/500 | Train Time: 0.223s | Train Loss: 5168.643274 |
2020-08-17 00:17:50,669 - root - INFO - | Epoch: 192/500 | Train Time: 0.224s | Train Loss: 5168.549829 |
2020-08-17 00:17:50,897 - root - INFO - | Epoch: 193/500 | Train Time: 0.228s | Train Loss: 5167.480237 |
2020-08-17 00:17:51,123 - root - INFO - | Epoch: 194/500 | Train Time: 0.226s | Train Loss: 5170.138672 |
2020-08-17 00:17:51,352 - root - INFO - | Epoch: 195/500 | Train Time: 0.229s | Train Loss: 5168.807129 |
2020-08-17 00:17:51,576 - root - INFO - | Epoch: 196/500 | Train Time: 0.224s | Train Loss: 5168.685510 |
2020-08-17 00:17:51,808 - root - INFO - | Epoch: 197/500 | Train Time: 0.232s | Train Loss: 5167.202393 |
2020-08-17 00:17:52,031 - root - INFO - | Epoch: 198/500 | Train Time: 0.223s | Train Loss: 5172.833154 |
2020-08-17 00:17:52,262 - root - INFO - | Epoch: 199/500 | Train Time: 0.231s | Train Loss: 5168.251709 |
2020-08-17 00:17:52,485 - root - INFO - | Epoch: 200/500 | Train Time: 0.223s | Train Loss: 5170.547900 |
2020-08-17 00:17:52,713 - root - INFO - | Epoch: 201/500 | Train Time: 0.228s | Train Loss: 5166.497388 |
2020-08-17 00:17:52,937 - root - INFO - | Epoch: 202/500 | Train Time: 0.224s | Train Loss: 5171.970569 |
2020-08-17 00:17:53,160 - root - INFO - | Epoch: 203/500 | Train Time: 0.223s | Train Loss: 5171.263049 |
2020-08-17 00:17:53,388 - root - INFO - | Epoch: 204/500 | Train Time: 0.227s | Train Loss: 5167.609399 |
2020-08-17 00:17:53,611 - root - INFO - | Epoch: 205/500 | Train Time: 0.223s | Train Loss: 5169.645569 |
2020-08-17 00:17:53,834 - root - INFO - | Epoch: 206/500 | Train Time: 0.223s | Train Loss: 5165.393909 |
2020-08-17 00:17:54,058 - root - INFO - | Epoch: 207/500 | Train Time: 0.224s | Train Loss: 5171.236462 |
2020-08-17 00:17:54,282 - root - INFO - | Epoch: 208/500 | Train Time: 0.224s | Train Loss: 5174.577795 |
2020-08-17 00:17:54,507 - root - INFO - | Epoch: 209/500 | Train Time: 0.224s | Train Loss: 5165.245203 |
2020-08-17 00:17:54,737 - root - INFO - | Epoch: 210/500 | Train Time: 0.230s | Train Loss: 5169.281604 |
2020-08-17 00:17:54,960 - root - INFO - | Epoch: 211/500 | Train Time: 0.223s | Train Loss: 5165.450903 |
2020-08-17 00:17:55,185 - root - INFO - | Epoch: 212/500 | Train Time: 0.224s | Train Loss: 5165.068640 |
2020-08-17 00:17:55,408 - root - INFO - | Epoch: 213/500 | Train Time: 0.223s | Train Loss: 5171.187561 |
2020-08-17 00:17:55,632 - root - INFO - | Epoch: 214/500 | Train Time: 0.224s | Train Loss: 5165.033789 |
2020-08-17 00:17:55,855 - root - INFO - | Epoch: 215/500 | Train Time: 0.223s | Train Loss: 5163.768335 |
2020-08-17 00:17:56,080 - root - INFO - | Epoch: 216/500 | Train Time: 0.225s | Train Loss: 5171.355969 |
2020-08-17 00:17:56,307 - root - INFO - | Epoch: 217/500 | Train Time: 0.227s | Train Loss: 5169.079321 |
2020-08-17 00:17:56,529 - root - INFO - | Epoch: 218/500 | Train Time: 0.222s | Train Loss: 5162.873767 |
2020-08-17 00:17:56,752 - root - INFO - | Epoch: 219/500 | Train Time: 0.223s | Train Loss: 5176.033789 |
2020-08-17 00:17:56,976 - root - INFO - | Epoch: 220/500 | Train Time: 0.223s | Train Loss: 5173.023413 |
2020-08-17 00:17:57,201 - root - INFO - | Epoch: 221/500 | Train Time: 0.225s | Train Loss: 5171.909387 |
2020-08-17 00:17:57,424 - root - INFO - | Epoch: 222/500 | Train Time: 0.223s | Train Loss: 5164.142505 |
2020-08-17 00:17:57,649 - root - INFO - | Epoch: 223/500 | Train Time: 0.225s | Train Loss: 5162.020001 |
2020-08-17 00:17:57,875 - root - INFO - | Epoch: 224/500 | Train Time: 0.226s | Train Loss: 5168.430420 |
2020-08-17 00:17:58,098 - root - INFO - | Epoch: 225/500 | Train Time: 0.223s | Train Loss: 5171.483752 |
2020-08-17 00:17:58,321 - root - INFO - | Epoch: 226/500 | Train Time: 0.223s | Train Loss: 5175.747144 |
2020-08-17 00:17:58,546 - root - INFO - | Epoch: 227/500 | Train Time: 0.225s | Train Loss: 5162.909473 |
2020-08-17 00:17:58,769 - root - INFO - | Epoch: 228/500 | Train Time: 0.223s | Train Loss: 5166.625610 |
2020-08-17 00:17:58,993 - root - INFO - | Epoch: 229/500 | Train Time: 0.224s | Train Loss: 5171.519653 |
2020-08-17 00:17:59,217 - root - INFO - | Epoch: 230/500 | Train Time: 0.223s | Train Loss: 5174.839038 |
2020-08-17 00:17:59,439 - root - INFO - | Epoch: 231/500 | Train Time: 0.222s | Train Loss: 5162.668005 |
2020-08-17 00:17:59,662 - root - INFO - | Epoch: 232/500 | Train Time: 0.223s | Train Loss: 5172.148889 |
2020-08-17 00:17:59,886 - root - INFO - | Epoch: 233/500 | Train Time: 0.224s | Train Loss: 5165.671118 |
2020-08-17 00:18:00,110 - root - INFO - | Epoch: 234/500 | Train Time: 0.224s | Train Loss: 5167.303101 |
2020-08-17 00:18:00,333 - root - INFO - | Epoch: 235/500 | Train Time: 0.223s | Train Loss: 5171.753369 |
2020-08-17 00:18:00,557 - root - INFO - | Epoch: 236/500 | Train Time: 0.224s | Train Loss: 5176.905286 |
2020-08-17 00:18:00,787 - root - INFO - | Epoch: 237/500 | Train Time: 0.230s | Train Loss: 5171.627539 |
2020-08-17 00:18:01,011 - root - INFO - | Epoch: 238/500 | Train Time: 0.223s | Train Loss: 5169.467957 |
2020-08-17 00:18:01,234 - root - INFO - | Epoch: 239/500 | Train Time: 0.223s | Train Loss: 5170.661584 |
2020-08-17 00:18:01,458 - root - INFO - | Epoch: 240/500 | Train Time: 0.224s | Train Loss: 5171.163330 |
2020-08-17 00:18:01,683 - root - INFO - | Epoch: 241/500 | Train Time: 0.224s | Train Loss: 5163.821326 |
2020-08-17 00:18:01,905 - root - INFO - | Epoch: 242/500 | Train Time: 0.223s | Train Loss: 5168.284326 |
2020-08-17 00:18:02,129 - root - INFO - | Epoch: 243/500 | Train Time: 0.223s | Train Loss: 5177.024731 |
2020-08-17 00:18:02,353 - root - INFO - | Epoch: 244/500 | Train Time: 0.224s | Train Loss: 5176.345911 |
2020-08-17 00:18:02,579 - root - INFO - | Epoch: 245/500 | Train Time: 0.225s | Train Loss: 5170.150391 |
2020-08-17 00:18:02,805 - root - INFO - | Epoch: 246/500 | Train Time: 0.226s | Train Loss: 5163.698767 |
2020-08-17 00:18:03,033 - root - INFO - | Epoch: 247/500 | Train Time: 0.227s | Train Loss: 5174.339136 |
2020-08-17 00:18:03,261 - root - INFO - | Epoch: 248/500 | Train Time: 0.228s | Train Loss: 5160.577759 |
2020-08-17 00:18:03,488 - root - INFO - | Epoch: 249/500 | Train Time: 0.227s | Train Loss: 5172.798596 |
2020-08-17 00:18:03,715 - root - INFO - | Epoch: 250/500 | Train Time: 0.227s | Train Loss: 5175.105774 |
2020-08-17 00:18:03,944 - root - INFO - | Epoch: 251/500 | Train Time: 0.229s | Train Loss: 5168.583032 |
2020-08-17 00:18:04,171 - root - INFO - | Epoch: 252/500 | Train Time: 0.227s | Train Loss: 5170.814795 |
2020-08-17 00:18:04,401 - root - INFO - | Epoch: 253/500 | Train Time: 0.230s | Train Loss: 5173.239453 |
2020-08-17 00:18:04,625 - root - INFO - | Epoch: 254/500 | Train Time: 0.224s | Train Loss: 5164.148926 |
2020-08-17 00:18:04,851 - root - INFO - | Epoch: 255/500 | Train Time: 0.225s | Train Loss: 5167.598193 |
2020-08-17 00:18:05,078 - root - INFO - | Epoch: 256/500 | Train Time: 0.227s | Train Loss: 5172.859595 |
2020-08-17 00:18:05,304 - root - INFO - | Epoch: 257/500 | Train Time: 0.226s | Train Loss: 5169.626270 |
2020-08-17 00:18:05,529 - root - INFO - | Epoch: 258/500 | Train Time: 0.225s | Train Loss: 5172.022241 |
2020-08-17 00:18:05,755 - root - INFO - | Epoch: 259/500 | Train Time: 0.225s | Train Loss: 5169.935620 |
2020-08-17 00:18:05,980 - root - INFO - | Epoch: 260/500 | Train Time: 0.225s | Train Loss: 5163.632898 |
2020-08-17 00:18:06,205 - root - INFO - | Epoch: 261/500 | Train Time: 0.225s | Train Loss: 5167.874207 |
2020-08-17 00:18:06,430 - root - INFO - | Epoch: 262/500 | Train Time: 0.225s | Train Loss: 5175.856226 |
2020-08-17 00:18:06,655 - root - INFO - | Epoch: 263/500 | Train Time: 0.225s | Train Loss: 5171.045691 |
2020-08-17 00:18:06,882 - root - INFO - | Epoch: 264/500 | Train Time: 0.227s | Train Loss: 5167.586877 |
2020-08-17 00:18:07,109 - root - INFO - | Epoch: 265/500 | Train Time: 0.227s | Train Loss: 5165.301404 |
2020-08-17 00:18:07,337 - root - INFO - | Epoch: 266/500 | Train Time: 0.228s | Train Loss: 5162.537231 |
2020-08-17 00:18:07,564 - root - INFO - | Epoch: 267/500 | Train Time: 0.227s | Train Loss: 5168.585974 |
2020-08-17 00:18:07,790 - root - INFO - | Epoch: 268/500 | Train Time: 0.226s | Train Loss: 5165.721893 |
2020-08-17 00:18:08,017 - root - INFO - | Epoch: 269/500 | Train Time: 0.227s | Train Loss: 5165.764709 |
2020-08-17 00:18:08,245 - root - INFO - | Epoch: 270/500 | Train Time: 0.228s | Train Loss: 5169.238123 |
2020-08-17 00:18:08,473 - root - INFO - | Epoch: 271/500 | Train Time: 0.227s | Train Loss: 5169.817334 |
2020-08-17 00:18:08,704 - root - INFO - | Epoch: 272/500 | Train Time: 0.231s | Train Loss: 5165.085986 |
2020-08-17 00:18:08,939 - root - INFO - | Epoch: 273/500 | Train Time: 0.235s | Train Loss: 5171.347339 |
2020-08-17 00:18:09,167 - root - INFO - | Epoch: 274/500 | Train Time: 0.228s | Train Loss: 5159.380334 |
2020-08-17 00:18:09,395 - root - INFO - | Epoch: 275/500 | Train Time: 0.228s | Train Loss: 5171.102905 |
2020-08-17 00:18:09,623 - root - INFO - | Epoch: 276/500 | Train Time: 0.228s | Train Loss: 5166.780444 |
2020-08-17 00:18:09,851 - root - INFO - | Epoch: 277/500 | Train Time: 0.228s | Train Loss: 5170.368579 |
2020-08-17 00:18:10,079 - root - INFO - | Epoch: 278/500 | Train Time: 0.227s | Train Loss: 5169.550110 |
2020-08-17 00:18:10,303 - root - INFO - | Epoch: 279/500 | Train Time: 0.224s | Train Loss: 5162.195691 |
2020-08-17 00:18:10,527 - root - INFO - | Epoch: 280/500 | Train Time: 0.224s | Train Loss: 5165.846753 |
2020-08-17 00:18:10,753 - root - INFO - | Epoch: 281/500 | Train Time: 0.226s | Train Loss: 5162.488403 |
2020-08-17 00:18:10,982 - root - INFO - | Epoch: 282/500 | Train Time: 0.229s | Train Loss: 5169.847595 |
2020-08-17 00:18:11,207 - root - INFO - | Epoch: 283/500 | Train Time: 0.225s | Train Loss: 5167.261145 |
2020-08-17 00:18:11,442 - root - INFO - | Epoch: 284/500 | Train Time: 0.235s | Train Loss: 5171.315784 |
2020-08-17 00:18:11,673 - root - INFO - | Epoch: 285/500 | Train Time: 0.230s | Train Loss: 5170.046692 |
2020-08-17 00:18:11,907 - root - INFO - | Epoch: 286/500 | Train Time: 0.234s | Train Loss: 5167.598926 |
2020-08-17 00:18:12,134 - root - INFO - | Epoch: 287/500 | Train Time: 0.227s | Train Loss: 5176.181042 |
2020-08-17 00:18:12,368 - root - INFO - | Epoch: 288/500 | Train Time: 0.233s | Train Loss: 5172.625525 |
2020-08-17 00:18:12,594 - root - INFO - | Epoch: 289/500 | Train Time: 0.226s | Train Loss: 5167.944250 |
2020-08-17 00:18:12,825 - root - INFO - | Epoch: 290/500 | Train Time: 0.231s | Train Loss: 5163.379028 |
2020-08-17 00:18:13,047 - root - INFO - | Epoch: 291/500 | Train Time: 0.222s | Train Loss: 5166.929651 |
2020-08-17 00:18:13,277 - root - INFO - | Epoch: 292/500 | Train Time: 0.230s | Train Loss: 5167.275366 |
2020-08-17 00:18:13,501 - root - INFO - | Epoch: 293/500 | Train Time: 0.224s | Train Loss: 5164.257104 |
2020-08-17 00:18:13,728 - root - INFO - | Epoch: 294/500 | Train Time: 0.226s | Train Loss: 5172.525574 |
2020-08-17 00:18:13,956 - root - INFO - | Epoch: 295/500 | Train Time: 0.228s | Train Loss: 5169.809106 |
2020-08-17 00:18:14,181 - root - INFO - | Epoch: 296/500 | Train Time: 0.224s | Train Loss: 5167.251025 |
2020-08-17 00:18:14,411 - root - INFO - | Epoch: 297/500 | Train Time: 0.230s | Train Loss: 5155.724292 |
2020-08-17 00:18:14,637 - root - INFO - | Epoch: 298/500 | Train Time: 0.226s | Train Loss: 5164.420239 |
2020-08-17 00:18:14,864 - root - INFO - | Epoch: 299/500 | Train Time: 0.227s | Train Loss: 5167.727881 |
2020-08-17 00:18:15,089 - root - INFO - | Epoch: 300/500 | Train Time: 0.226s | Train Loss: 5168.867188 |
2020-08-17 00:18:15,317 - root - INFO - | Epoch: 301/500 | Train Time: 0.227s | Train Loss: 5168.973645 |
2020-08-17 00:18:15,542 - root - INFO - | Epoch: 302/500 | Train Time: 0.225s | Train Loss: 5164.534814 |
2020-08-17 00:18:15,770 - root - INFO - | Epoch: 303/500 | Train Time: 0.227s | Train Loss: 5167.107935 |
2020-08-17 00:18:15,996 - root - INFO - | Epoch: 304/500 | Train Time: 0.227s | Train Loss: 5164.679871 |
2020-08-17 00:18:16,229 - root - INFO - | Epoch: 305/500 | Train Time: 0.232s | Train Loss: 5172.479871 |
2020-08-17 00:18:16,457 - root - INFO - | Epoch: 306/500 | Train Time: 0.228s | Train Loss: 5160.578845 |
2020-08-17 00:18:16,682 - root - INFO - | Epoch: 307/500 | Train Time: 0.225s | Train Loss: 5171.263660 |
2020-08-17 00:18:16,912 - root - INFO - | Epoch: 308/500 | Train Time: 0.229s | Train Loss: 5165.252502 |
2020-08-17 00:18:17,137 - root - INFO - | Epoch: 309/500 | Train Time: 0.225s | Train Loss: 5167.315234 |
2020-08-17 00:18:17,367 - root - INFO - | Epoch: 310/500 | Train Time: 0.230s | Train Loss: 5174.835938 |
2020-08-17 00:18:17,591 - root - INFO - | Epoch: 311/500 | Train Time: 0.224s | Train Loss: 5170.572546 |
2020-08-17 00:18:17,822 - root - INFO - | Epoch: 312/500 | Train Time: 0.231s | Train Loss: 5165.403052 |
2020-08-17 00:18:18,050 - root - INFO - | Epoch: 313/500 | Train Time: 0.228s | Train Loss: 5168.986572 |
2020-08-17 00:18:18,274 - root - INFO - | Epoch: 314/500 | Train Time: 0.224s | Train Loss: 5166.701306 |
2020-08-17 00:18:18,501 - root - INFO - | Epoch: 315/500 | Train Time: 0.227s | Train Loss: 5163.408716 |
2020-08-17 00:18:18,731 - root - INFO - | Epoch: 316/500 | Train Time: 0.230s | Train Loss: 5165.863135 |
2020-08-17 00:18:18,960 - root - INFO - | Epoch: 317/500 | Train Time: 0.229s | Train Loss: 5177.450781 |
2020-08-17 00:18:19,190 - root - INFO - | Epoch: 318/500 | Train Time: 0.230s | Train Loss: 5164.125867 |
2020-08-17 00:18:19,420 - root - INFO - | Epoch: 319/500 | Train Time: 0.229s | Train Loss: 5162.517798 |
2020-08-17 00:18:19,651 - root - INFO - | Epoch: 320/500 | Train Time: 0.231s | Train Loss: 5164.331226 |
2020-08-17 00:18:19,889 - root - INFO - | Epoch: 321/500 | Train Time: 0.238s | Train Loss: 5166.636914 |
2020-08-17 00:18:20,124 - root - INFO - | Epoch: 322/500 | Train Time: 0.234s | Train Loss: 5161.962195 |
2020-08-17 00:18:20,357 - root - INFO - | Epoch: 323/500 | Train Time: 0.233s | Train Loss: 5170.407410 |
2020-08-17 00:18:20,591 - root - INFO - | Epoch: 324/500 | Train Time: 0.235s | Train Loss: 5167.730383 |
2020-08-17 00:18:20,826 - root - INFO - | Epoch: 325/500 | Train Time: 0.234s | Train Loss: 5167.037317 |
2020-08-17 00:18:21,060 - root - INFO - | Epoch: 326/500 | Train Time: 0.234s | Train Loss: 5165.839417 |
2020-08-17 00:18:21,295 - root - INFO - | Epoch: 327/500 | Train Time: 0.235s | Train Loss: 5160.621411 |
2020-08-17 00:18:21,531 - root - INFO - | Epoch: 328/500 | Train Time: 0.236s | Train Loss: 5169.158813 |
2020-08-17 00:18:21,766 - root - INFO - | Epoch: 329/500 | Train Time: 0.235s | Train Loss: 5168.250623 |
2020-08-17 00:18:22,002 - root - INFO - | Epoch: 330/500 | Train Time: 0.236s | Train Loss: 5163.312415 |
2020-08-17 00:18:22,237 - root - INFO - | Epoch: 331/500 | Train Time: 0.235s | Train Loss: 5173.676050 |
2020-08-17 00:18:22,471 - root - INFO - | Epoch: 332/500 | Train Time: 0.234s | Train Loss: 5168.827661 |
2020-08-17 00:18:22,706 - root - INFO - | Epoch: 333/500 | Train Time: 0.235s | Train Loss: 5169.873303 |
2020-08-17 00:18:22,937 - root - INFO - | Epoch: 334/500 | Train Time: 0.231s | Train Loss: 5169.230493 |
2020-08-17 00:18:23,167 - root - INFO - | Epoch: 335/500 | Train Time: 0.231s | Train Loss: 5165.611060 |
2020-08-17 00:18:23,398 - root - INFO - | Epoch: 336/500 | Train Time: 0.231s | Train Loss: 5165.348804 |
2020-08-17 00:18:23,629 - root - INFO - | Epoch: 337/500 | Train Time: 0.231s | Train Loss: 5166.528577 |
2020-08-17 00:18:23,860 - root - INFO - | Epoch: 338/500 | Train Time: 0.231s | Train Loss: 5167.564136 |
2020-08-17 00:18:24,092 - root - INFO - | Epoch: 339/500 | Train Time: 0.232s | Train Loss: 5166.748230 |
2020-08-17 00:18:24,323 - root - INFO - | Epoch: 340/500 | Train Time: 0.231s | Train Loss: 5169.274109 |
2020-08-17 00:18:24,554 - root - INFO - | Epoch: 341/500 | Train Time: 0.231s | Train Loss: 5167.001746 |
2020-08-17 00:18:24,785 - root - INFO - | Epoch: 342/500 | Train Time: 0.231s | Train Loss: 5173.575415 |
2020-08-17 00:18:25,017 - root - INFO - | Epoch: 343/500 | Train Time: 0.232s | Train Loss: 5165.658899 |
2020-08-17 00:18:25,247 - root - INFO - | Epoch: 344/500 | Train Time: 0.230s | Train Loss: 5168.131384 |
2020-08-17 00:18:25,477 - root - INFO - | Epoch: 345/500 | Train Time: 0.230s | Train Loss: 5175.184558 |
2020-08-17 00:18:25,709 - root - INFO - | Epoch: 346/500 | Train Time: 0.232s | Train Loss: 5164.864392 |
2020-08-17 00:18:25,937 - root - INFO - | Epoch: 347/500 | Train Time: 0.228s | Train Loss: 5165.601099 |
2020-08-17 00:18:26,167 - root - INFO - | Epoch: 348/500 | Train Time: 0.230s | Train Loss: 5171.002454 |
2020-08-17 00:18:26,398 - root - INFO - | Epoch: 349/500 | Train Time: 0.230s | Train Loss: 5172.458984 |
2020-08-17 00:18:26,629 - root - INFO - | Epoch: 350/500 | Train Time: 0.231s | Train Loss: 5165.739478 |
2020-08-17 00:18:26,857 - root - INFO - | Epoch: 351/500 | Train Time: 0.228s | Train Loss: 5162.643091 |
2020-08-17 00:18:27,089 - root - INFO - | Epoch: 352/500 | Train Time: 0.231s | Train Loss: 5166.380774 |
2020-08-17 00:18:27,318 - root - INFO - | Epoch: 353/500 | Train Time: 0.228s | Train Loss: 5175.220679 |
2020-08-17 00:18:27,549 - root - INFO - | Epoch: 354/500 | Train Time: 0.231s | Train Loss: 5164.965588 |
2020-08-17 00:18:27,778 - root - INFO - | Epoch: 355/500 | Train Time: 0.229s | Train Loss: 5174.060815 |
2020-08-17 00:18:28,004 - root - INFO - | Epoch: 356/500 | Train Time: 0.226s | Train Loss: 5172.693958 |
2020-08-17 00:18:28,232 - root - INFO - | Epoch: 357/500 | Train Time: 0.228s | Train Loss: 5169.768420 |
2020-08-17 00:18:28,459 - root - INFO - | Epoch: 358/500 | Train Time: 0.227s | Train Loss: 5168.454224 |
2020-08-17 00:18:28,686 - root - INFO - | Epoch: 359/500 | Train Time: 0.227s | Train Loss: 5164.873914 |
2020-08-17 00:18:28,913 - root - INFO - | Epoch: 360/500 | Train Time: 0.227s | Train Loss: 5172.124377 |
2020-08-17 00:18:29,141 - root - INFO - | Epoch: 361/500 | Train Time: 0.228s | Train Loss: 5173.719971 |
2020-08-17 00:18:29,369 - root - INFO - | Epoch: 362/500 | Train Time: 0.227s | Train Loss: 5166.814075 |
2020-08-17 00:18:29,597 - root - INFO - | Epoch: 363/500 | Train Time: 0.228s | Train Loss: 5161.637170 |
2020-08-17 00:18:29,825 - root - INFO - | Epoch: 364/500 | Train Time: 0.227s | Train Loss: 5170.148389 |
2020-08-17 00:18:30,053 - root - INFO - | Epoch: 365/500 | Train Time: 0.228s | Train Loss: 5170.479004 |
2020-08-17 00:18:30,281 - root - INFO - | Epoch: 366/500 | Train Time: 0.228s | Train Loss: 5170.279822 |
2020-08-17 00:18:30,509 - root - INFO - | Epoch: 367/500 | Train Time: 0.227s | Train Loss: 5172.557715 |
2020-08-17 00:18:30,736 - root - INFO - | Epoch: 368/500 | Train Time: 0.227s | Train Loss: 5161.438049 |
2020-08-17 00:18:30,964 - root - INFO - | Epoch: 369/500 | Train Time: 0.227s | Train Loss: 5160.022717 |
2020-08-17 00:18:31,191 - root - INFO - | Epoch: 370/500 | Train Time: 0.227s | Train Loss: 5163.688428 |
2020-08-17 00:18:31,419 - root - INFO - | Epoch: 371/500 | Train Time: 0.228s | Train Loss: 5167.744214 |
2020-08-17 00:18:31,646 - root - INFO - | Epoch: 372/500 | Train Time: 0.227s | Train Loss: 5172.887024 |
2020-08-17 00:18:31,873 - root - INFO - | Epoch: 373/500 | Train Time: 0.227s | Train Loss: 5169.895264 |
2020-08-17 00:18:32,100 - root - INFO - | Epoch: 374/500 | Train Time: 0.227s | Train Loss: 5173.055566 |
2020-08-17 00:18:32,329 - root - INFO - | Epoch: 375/500 | Train Time: 0.228s | Train Loss: 5164.678809 |
2020-08-17 00:18:32,557 - root - INFO - | Epoch: 376/500 | Train Time: 0.228s | Train Loss: 5175.197400 |
2020-08-17 00:18:32,784 - root - INFO - | Epoch: 377/500 | Train Time: 0.227s | Train Loss: 5169.384680 |
2020-08-17 00:18:33,012 - root - INFO - | Epoch: 378/500 | Train Time: 0.228s | Train Loss: 5172.115991 |
2020-08-17 00:18:33,238 - root - INFO - | Epoch: 379/500 | Train Time: 0.226s | Train Loss: 5171.877954 |
2020-08-17 00:18:33,465 - root - INFO - | Epoch: 380/500 | Train Time: 0.227s | Train Loss: 5171.273071 |
2020-08-17 00:18:33,692 - root - INFO - | Epoch: 381/500 | Train Time: 0.227s | Train Loss: 5162.511133 |
2020-08-17 00:18:33,920 - root - INFO - | Epoch: 382/500 | Train Time: 0.227s | Train Loss: 5163.598364 |
2020-08-17 00:18:34,147 - root - INFO - | Epoch: 383/500 | Train Time: 0.227s | Train Loss: 5164.971570 |
2020-08-17 00:18:34,375 - root - INFO - | Epoch: 384/500 | Train Time: 0.228s | Train Loss: 5166.566260 |
2020-08-17 00:18:34,603 - root - INFO - | Epoch: 385/500 | Train Time: 0.228s | Train Loss: 5168.931750 |
2020-08-17 00:18:34,832 - root - INFO - | Epoch: 386/500 | Train Time: 0.228s | Train Loss: 5168.294641 |
2020-08-17 00:18:35,059 - root - INFO - | Epoch: 387/500 | Train Time: 0.227s | Train Loss: 5174.875745 |
2020-08-17 00:18:35,287 - root - INFO - | Epoch: 388/500 | Train Time: 0.227s | Train Loss: 5169.932098 |
2020-08-17 00:18:35,513 - root - INFO - | Epoch: 389/500 | Train Time: 0.226s | Train Loss: 5172.179883 |
2020-08-17 00:18:35,740 - root - INFO - | Epoch: 390/500 | Train Time: 0.227s | Train Loss: 5165.158240 |
2020-08-17 00:18:35,967 - root - INFO - | Epoch: 391/500 | Train Time: 0.227s | Train Loss: 5166.429736 |
2020-08-17 00:18:36,195 - root - INFO - | Epoch: 392/500 | Train Time: 0.227s | Train Loss: 5165.316833 |
2020-08-17 00:18:36,423 - root - INFO - | Epoch: 393/500 | Train Time: 0.228s | Train Loss: 5169.884363 |
2020-08-17 00:18:36,651 - root - INFO - | Epoch: 394/500 | Train Time: 0.228s | Train Loss: 5167.545581 |
2020-08-17 00:18:36,878 - root - INFO - | Epoch: 395/500 | Train Time: 0.227s | Train Loss: 5165.505286 |
2020-08-17 00:18:37,107 - root - INFO - | Epoch: 396/500 | Train Time: 0.228s | Train Loss: 5164.426819 |
2020-08-17 00:18:37,334 - root - INFO - | Epoch: 397/500 | Train Time: 0.227s | Train Loss: 5162.757104 |
2020-08-17 00:18:37,566 - root - INFO - | Epoch: 398/500 | Train Time: 0.232s | Train Loss: 5162.952979 |
2020-08-17 00:18:37,794 - root - INFO - | Epoch: 399/500 | Train Time: 0.228s | Train Loss: 5168.484216 |
2020-08-17 00:18:38,025 - root - INFO - | Epoch: 400/500 | Train Time: 0.230s | Train Loss: 5164.097949 |
2020-08-17 00:18:38,257 - root - INFO - | Epoch: 401/500 | Train Time: 0.232s | Train Loss: 5166.600085 |
2020-08-17 00:18:38,485 - root - INFO - | Epoch: 402/500 | Train Time: 0.228s | Train Loss: 5163.532678 |
2020-08-17 00:18:38,716 - root - INFO - | Epoch: 403/500 | Train Time: 0.231s | Train Loss: 5165.375464 |
2020-08-17 00:18:38,944 - root - INFO - | Epoch: 404/500 | Train Time: 0.228s | Train Loss: 5168.719934 |
2020-08-17 00:18:39,175 - root - INFO - | Epoch: 405/500 | Train Time: 0.230s | Train Loss: 5169.417456 |
2020-08-17 00:18:39,404 - root - INFO - | Epoch: 406/500 | Train Time: 0.229s | Train Loss: 5165.345935 |
2020-08-17 00:18:39,636 - root - INFO - | Epoch: 407/500 | Train Time: 0.232s | Train Loss: 5169.367822 |
2020-08-17 00:18:39,863 - root - INFO - | Epoch: 408/500 | Train Time: 0.227s | Train Loss: 5167.357690 |
2020-08-17 00:18:40,091 - root - INFO - | Epoch: 409/500 | Train Time: 0.228s | Train Loss: 5165.997815 |
2020-08-17 00:18:40,319 - root - INFO - | Epoch: 410/500 | Train Time: 0.228s | Train Loss: 5170.991199 |
2020-08-17 00:18:40,547 - root - INFO - | Epoch: 411/500 | Train Time: 0.228s | Train Loss: 5172.397302 |
2020-08-17 00:18:40,776 - root - INFO - | Epoch: 412/500 | Train Time: 0.228s | Train Loss: 5166.232996 |
2020-08-17 00:18:41,003 - root - INFO - | Epoch: 413/500 | Train Time: 0.227s | Train Loss: 5165.555762 |
2020-08-17 00:18:41,231 - root - INFO - | Epoch: 414/500 | Train Time: 0.228s | Train Loss: 5165.822168 |
2020-08-17 00:18:41,458 - root - INFO - | Epoch: 415/500 | Train Time: 0.227s | Train Loss: 5160.584973 |
2020-08-17 00:18:41,686 - root - INFO - | Epoch: 416/500 | Train Time: 0.228s | Train Loss: 5169.577197 |
2020-08-17 00:18:41,913 - root - INFO - | Epoch: 417/500 | Train Time: 0.227s | Train Loss: 5166.289038 |
2020-08-17 00:18:42,141 - root - INFO - | Epoch: 418/500 | Train Time: 0.228s | Train Loss: 5166.706396 |
2020-08-17 00:18:42,369 - root - INFO - | Epoch: 419/500 | Train Time: 0.228s | Train Loss: 5161.285364 |
2020-08-17 00:18:42,597 - root - INFO - | Epoch: 420/500 | Train Time: 0.228s | Train Loss: 5172.298474 |
2020-08-17 00:18:42,828 - root - INFO - | Epoch: 421/500 | Train Time: 0.231s | Train Loss: 5167.449231 |
2020-08-17 00:18:43,061 - root - INFO - | Epoch: 422/500 | Train Time: 0.233s | Train Loss: 5166.341858 |
2020-08-17 00:18:43,296 - root - INFO - | Epoch: 423/500 | Train Time: 0.234s | Train Loss: 5161.668652 |
2020-08-17 00:18:43,525 - root - INFO - | Epoch: 424/500 | Train Time: 0.229s | Train Loss: 5166.575000 |
2020-08-17 00:18:43,755 - root - INFO - | Epoch: 425/500 | Train Time: 0.230s | Train Loss: 5170.337500 |
2020-08-17 00:18:43,984 - root - INFO - | Epoch: 426/500 | Train Time: 0.229s | Train Loss: 5173.478796 |
2020-08-17 00:18:44,215 - root - INFO - | Epoch: 427/500 | Train Time: 0.231s | Train Loss: 5173.652002 |
2020-08-17 00:18:44,445 - root - INFO - | Epoch: 428/500 | Train Time: 0.229s | Train Loss: 5163.812677 |
2020-08-17 00:18:44,673 - root - INFO - | Epoch: 429/500 | Train Time: 0.228s | Train Loss: 5167.166296 |
2020-08-17 00:18:44,901 - root - INFO - | Epoch: 430/500 | Train Time: 0.228s | Train Loss: 5160.451758 |
2020-08-17 00:18:45,131 - root - INFO - | Epoch: 431/500 | Train Time: 0.229s | Train Loss: 5166.218567 |
2020-08-17 00:18:45,362 - root - INFO - | Epoch: 432/500 | Train Time: 0.231s | Train Loss: 5170.918323 |
2020-08-17 00:18:45,593 - root - INFO - | Epoch: 433/500 | Train Time: 0.231s | Train Loss: 5164.182214 |
2020-08-17 00:18:45,825 - root - INFO - | Epoch: 434/500 | Train Time: 0.232s | Train Loss: 5171.967017 |
2020-08-17 00:18:46,055 - root - INFO - | Epoch: 435/500 | Train Time: 0.230s | Train Loss: 5177.014270 |
2020-08-17 00:18:46,293 - root - INFO - | Epoch: 436/500 | Train Time: 0.237s | Train Loss: 5166.626001 |
2020-08-17 00:18:46,524 - root - INFO - | Epoch: 437/500 | Train Time: 0.231s | Train Loss: 5168.001587 |
2020-08-17 00:18:46,754 - root - INFO - | Epoch: 438/500 | Train Time: 0.230s | Train Loss: 5162.587671 |
2020-08-17 00:18:46,985 - root - INFO - | Epoch: 439/500 | Train Time: 0.231s | Train Loss: 5169.025586 |
2020-08-17 00:18:47,217 - root - INFO - | Epoch: 440/500 | Train Time: 0.232s | Train Loss: 5165.529651 |
2020-08-17 00:18:47,447 - root - INFO - | Epoch: 441/500 | Train Time: 0.230s | Train Loss: 5160.111169 |
2020-08-17 00:18:47,678 - root - INFO - | Epoch: 442/500 | Train Time: 0.231s | Train Loss: 5165.313513 |
2020-08-17 00:18:47,908 - root - INFO - | Epoch: 443/500 | Train Time: 0.230s | Train Loss: 5171.754333 |
2020-08-17 00:18:48,135 - root - INFO - | Epoch: 444/500 | Train Time: 0.227s | Train Loss: 5170.546936 |
2020-08-17 00:18:48,362 - root - INFO - | Epoch: 445/500 | Train Time: 0.227s | Train Loss: 5167.624951 |
2020-08-17 00:18:48,589 - root - INFO - | Epoch: 446/500 | Train Time: 0.227s | Train Loss: 5159.187097 |
2020-08-17 00:18:48,817 - root - INFO - | Epoch: 447/500 | Train Time: 0.227s | Train Loss: 5170.728406 |
2020-08-17 00:18:49,043 - root - INFO - | Epoch: 448/500 | Train Time: 0.226s | Train Loss: 5161.340125 |
2020-08-17 00:18:49,270 - root - INFO - | Epoch: 449/500 | Train Time: 0.227s | Train Loss: 5171.679529 |
2020-08-17 00:18:49,498 - root - INFO - | Epoch: 450/500 | Train Time: 0.228s | Train Loss: 5166.229419 |
2020-08-17 00:18:49,728 - root - INFO - | Epoch: 451/500 | Train Time: 0.230s | Train Loss: 5167.557019 |
2020-08-17 00:18:49,959 - root - INFO - | Epoch: 452/500 | Train Time: 0.231s | Train Loss: 5172.211731 |
2020-08-17 00:18:50,190 - root - INFO - | Epoch: 453/500 | Train Time: 0.231s | Train Loss: 5165.050427 |
2020-08-17 00:18:50,420 - root - INFO - | Epoch: 454/500 | Train Time: 0.230s | Train Loss: 5161.112598 |
2020-08-17 00:18:50,650 - root - INFO - | Epoch: 455/500 | Train Time: 0.229s | Train Loss: 5172.981775 |
2020-08-17 00:18:50,877 - root - INFO - | Epoch: 456/500 | Train Time: 0.227s | Train Loss: 5162.676990 |
2020-08-17 00:18:51,102 - root - INFO - | Epoch: 457/500 | Train Time: 0.225s | Train Loss: 5170.838806 |
2020-08-17 00:18:51,329 - root - INFO - | Epoch: 458/500 | Train Time: 0.227s | Train Loss: 5169.183997 |
2020-08-17 00:18:51,556 - root - INFO - | Epoch: 459/500 | Train Time: 0.227s | Train Loss: 5169.753284 |
2020-08-17 00:18:51,783 - root - INFO - | Epoch: 460/500 | Train Time: 0.226s | Train Loss: 5169.418933 |
2020-08-17 00:18:52,009 - root - INFO - | Epoch: 461/500 | Train Time: 0.226s | Train Loss: 5168.970386 |
2020-08-17 00:18:52,234 - root - INFO - | Epoch: 462/500 | Train Time: 0.225s | Train Loss: 5165.780762 |
2020-08-17 00:18:52,461 - root - INFO - | Epoch: 463/500 | Train Time: 0.227s | Train Loss: 5167.090613 |
2020-08-17 00:18:52,687 - root - INFO - | Epoch: 464/500 | Train Time: 0.226s | Train Loss: 5165.706482 |
2020-08-17 00:18:52,915 - root - INFO - | Epoch: 465/500 | Train Time: 0.228s | Train Loss: 5168.437500 |
2020-08-17 00:18:53,140 - root - INFO - | Epoch: 466/500 | Train Time: 0.225s | Train Loss: 5167.787622 |
2020-08-17 00:18:53,364 - root - INFO - | Epoch: 467/500 | Train Time: 0.223s | Train Loss: 5173.100488 |
2020-08-17 00:18:53,591 - root - INFO - | Epoch: 468/500 | Train Time: 0.227s | Train Loss: 5171.552148 |
2020-08-17 00:18:53,817 - root - INFO - | Epoch: 469/500 | Train Time: 0.226s | Train Loss: 5162.483655 |
2020-08-17 00:18:54,044 - root - INFO - | Epoch: 470/500 | Train Time: 0.227s | Train Loss: 5170.120715 |
2020-08-17 00:18:54,273 - root - INFO - | Epoch: 471/500 | Train Time: 0.229s | Train Loss: 5167.160364 |
2020-08-17 00:18:54,496 - root - INFO - | Epoch: 472/500 | Train Time: 0.223s | Train Loss: 5171.591382 |
2020-08-17 00:18:54,723 - root - INFO - | Epoch: 473/500 | Train Time: 0.227s | Train Loss: 5163.211963 |
2020-08-17 00:18:54,947 - root - INFO - | Epoch: 474/500 | Train Time: 0.224s | Train Loss: 5171.891565 |
2020-08-17 00:18:55,174 - root - INFO - | Epoch: 475/500 | Train Time: 0.227s | Train Loss: 5168.717725 |
2020-08-17 00:18:55,398 - root - INFO - | Epoch: 476/500 | Train Time: 0.223s | Train Loss: 5162.695068 |
2020-08-17 00:18:55,626 - root - INFO - | Epoch: 477/500 | Train Time: 0.228s | Train Loss: 5169.035327 |
2020-08-17 00:18:55,850 - root - INFO - | Epoch: 478/500 | Train Time: 0.224s | Train Loss: 5165.187122 |
2020-08-17 00:18:56,077 - root - INFO - | Epoch: 479/500 | Train Time: 0.227s | Train Loss: 5166.555371 |
2020-08-17 00:18:56,304 - root - INFO - | Epoch: 480/500 | Train Time: 0.226s | Train Loss: 5170.025891 |
2020-08-17 00:18:56,529 - root - INFO - | Epoch: 481/500 | Train Time: 0.225s | Train Loss: 5174.308289 |
2020-08-17 00:18:56,757 - root - INFO - | Epoch: 482/500 | Train Time: 0.228s | Train Loss: 5162.068896 |
2020-08-17 00:18:56,982 - root - INFO - | Epoch: 483/500 | Train Time: 0.224s | Train Loss: 5165.433105 |
2020-08-17 00:18:57,209 - root - INFO - | Epoch: 484/500 | Train Time: 0.228s | Train Loss: 5163.357813 |
2020-08-17 00:18:57,435 - root - INFO - | Epoch: 485/500 | Train Time: 0.226s | Train Loss: 5170.159229 |
2020-08-17 00:18:57,663 - root - INFO - | Epoch: 486/500 | Train Time: 0.228s | Train Loss: 5170.229919 |
2020-08-17 00:18:57,887 - root - INFO - | Epoch: 487/500 | Train Time: 0.224s | Train Loss: 5168.547778 |
2020-08-17 00:18:58,115 - root - INFO - | Epoch: 488/500 | Train Time: 0.228s | Train Loss: 5166.295898 |
2020-08-17 00:18:58,342 - root - INFO - | Epoch: 489/500 | Train Time: 0.227s | Train Loss: 5168.183838 |
2020-08-17 00:18:58,569 - root - INFO - | Epoch: 490/500 | Train Time: 0.227s | Train Loss: 5164.451746 |
2020-08-17 00:18:58,795 - root - INFO - | Epoch: 491/500 | Train Time: 0.227s | Train Loss: 5171.841479 |
2020-08-17 00:18:59,019 - root - INFO - | Epoch: 492/500 | Train Time: 0.223s | Train Loss: 5165.916589 |
2020-08-17 00:18:59,246 - root - INFO - | Epoch: 493/500 | Train Time: 0.227s | Train Loss: 5164.935217 |
2020-08-17 00:18:59,470 - root - INFO - | Epoch: 494/500 | Train Time: 0.224s | Train Loss: 5160.010278 |
2020-08-17 00:18:59,699 - root - INFO - | Epoch: 495/500 | Train Time: 0.228s | Train Loss: 5165.374451 |
2020-08-17 00:18:59,924 - root - INFO - | Epoch: 496/500 | Train Time: 0.225s | Train Loss: 5164.026904 |
2020-08-17 00:19:00,153 - root - INFO - | Epoch: 497/500 | Train Time: 0.229s | Train Loss: 5171.273279 |
2020-08-17 00:19:00,380 - root - INFO - | Epoch: 498/500 | Train Time: 0.227s | Train Loss: 5169.111084 |
2020-08-17 00:19:00,608 - root - INFO - | Epoch: 499/500 | Train Time: 0.228s | Train Loss: 5167.558545 |
2020-08-17 00:19:00,836 - root - INFO - | Epoch: 500/500 | Train Time: 0.227s | Train Loss: 5166.163403 |
2020-08-17 00:19:00,836 - root - INFO - Training Time: 113.324s
2020-08-17 00:19:00,836 - root - INFO - Finished training.
2020-08-17 00:19:00,836 - root - INFO - Starting testing...
2020-08-17 00:19:00,861 - root - INFO - Test AUC: 35.49%
2020-08-17 00:19:00,861 - root - INFO - Test Time: 0.023s
2020-08-17 00:19:00,861 - root - INFO - Finished testing.
2020-08-17 00:19:00,931 - root - INFO - Starting testing...
2020-08-17 00:19:00,955 - root - INFO - Test AUC: 35.49%
2020-08-17 00:19:00,956 - root - INFO - Test Time: 0.022s
2020-08-17 00:19:00,956 - root - INFO - Finished testing.
