2020-08-10 07:59:26,884 - root - INFO - I am pre-training for you.
2020-08-10 07:59:28,808 - root - INFO - | Epoch: 001/100 | Train Time: 0.151s | Train Loss: 0.051998 |
2020-08-10 07:59:28,956 - root - INFO - | Epoch: 002/100 | Train Time: 0.148s | Train Loss: 0.026314 |
2020-08-10 07:59:29,106 - root - INFO - | Epoch: 003/100 | Train Time: 0.150s | Train Loss: 0.021649 |
2020-08-10 07:59:29,257 - root - INFO - | Epoch: 004/100 | Train Time: 0.150s | Train Loss: 0.020412 |
2020-08-10 07:59:29,404 - root - INFO - | Epoch: 005/100 | Train Time: 0.147s | Train Loss: 0.019447 |
2020-08-10 07:59:29,553 - root - INFO - | Epoch: 006/100 | Train Time: 0.149s | Train Loss: 0.018294 |
2020-08-10 07:59:29,702 - root - INFO - | Epoch: 007/100 | Train Time: 0.149s | Train Loss: 0.016865 |
2020-08-10 07:59:29,850 - root - INFO - | Epoch: 008/100 | Train Time: 0.148s | Train Loss: 0.015198 |
2020-08-10 07:59:30,001 - root - INFO - | Epoch: 009/100 | Train Time: 0.150s | Train Loss: 0.013462 |
2020-08-10 07:59:30,151 - root - INFO - | Epoch: 010/100 | Train Time: 0.150s | Train Loss: 0.011768 |
2020-08-10 07:59:30,300 - root - INFO - | Epoch: 011/100 | Train Time: 0.149s | Train Loss: 0.010262 |
2020-08-10 07:59:30,450 - root - INFO - | Epoch: 012/100 | Train Time: 0.150s | Train Loss: 0.009230 |
2020-08-10 07:59:30,600 - root - INFO - | Epoch: 013/100 | Train Time: 0.149s | Train Loss: 0.008569 |
2020-08-10 07:59:30,749 - root - INFO - | Epoch: 014/100 | Train Time: 0.150s | Train Loss: 0.008220 |
2020-08-10 07:59:30,899 - root - INFO - | Epoch: 015/100 | Train Time: 0.149s | Train Loss: 0.007979 |
2020-08-10 07:59:31,050 - root - INFO - | Epoch: 016/100 | Train Time: 0.151s | Train Loss: 0.007831 |
2020-08-10 07:59:31,201 - root - INFO - | Epoch: 017/100 | Train Time: 0.151s | Train Loss: 0.007725 |
2020-08-10 07:59:31,351 - root - INFO - | Epoch: 018/100 | Train Time: 0.150s | Train Loss: 0.007643 |
2020-08-10 07:59:31,501 - root - INFO - | Epoch: 019/100 | Train Time: 0.150s | Train Loss: 0.007578 |
2020-08-10 07:59:31,650 - root - INFO - | Epoch: 020/100 | Train Time: 0.149s | Train Loss: 0.007523 |
2020-08-10 07:59:31,805 - root - INFO - | Epoch: 021/100 | Train Time: 0.154s | Train Loss: 0.007484 |
2020-08-10 07:59:31,955 - root - INFO - | Epoch: 022/100 | Train Time: 0.150s | Train Loss: 0.007445 |
2020-08-10 07:59:32,103 - root - INFO - | Epoch: 023/100 | Train Time: 0.148s | Train Loss: 0.007405 |
2020-08-10 07:59:32,253 - root - INFO - | Epoch: 024/100 | Train Time: 0.149s | Train Loss: 0.007387 |
2020-08-10 07:59:32,403 - root - INFO - | Epoch: 025/100 | Train Time: 0.150s | Train Loss: 0.007360 |
2020-08-10 07:59:32,553 - root - INFO - | Epoch: 026/100 | Train Time: 0.150s | Train Loss: 0.007340 |
2020-08-10 07:59:32,703 - root - INFO - | Epoch: 027/100 | Train Time: 0.150s | Train Loss: 0.007291 |
2020-08-10 07:59:32,857 - root - INFO - | Epoch: 028/100 | Train Time: 0.154s | Train Loss: 0.007287 |
2020-08-10 07:59:33,005 - root - INFO - | Epoch: 029/100 | Train Time: 0.148s | Train Loss: 0.007256 |
2020-08-10 07:59:33,154 - root - INFO - | Epoch: 030/100 | Train Time: 0.149s | Train Loss: 0.007235 |
2020-08-10 07:59:33,303 - root - INFO - | Epoch: 031/100 | Train Time: 0.149s | Train Loss: 0.007210 |
2020-08-10 07:59:33,451 - root - INFO - | Epoch: 032/100 | Train Time: 0.148s | Train Loss: 0.007173 |
2020-08-10 07:59:33,600 - root - INFO - | Epoch: 033/100 | Train Time: 0.148s | Train Loss: 0.007135 |
2020-08-10 07:59:33,747 - root - INFO - | Epoch: 034/100 | Train Time: 0.147s | Train Loss: 0.007081 |
2020-08-10 07:59:33,895 - root - INFO - | Epoch: 035/100 | Train Time: 0.148s | Train Loss: 0.007057 |
2020-08-10 07:59:34,041 - root - INFO - | Epoch: 036/100 | Train Time: 0.147s | Train Loss: 0.006988 |
2020-08-10 07:59:34,188 - root - INFO - | Epoch: 037/100 | Train Time: 0.146s | Train Loss: 0.006918 |
2020-08-10 07:59:34,336 - root - INFO - | Epoch: 038/100 | Train Time: 0.148s | Train Loss: 0.006841 |
2020-08-10 07:59:34,486 - root - INFO - | Epoch: 039/100 | Train Time: 0.149s | Train Loss: 0.006776 |
2020-08-10 07:59:34,635 - root - INFO - | Epoch: 040/100 | Train Time: 0.149s | Train Loss: 0.006677 |
2020-08-10 07:59:34,782 - root - INFO - | Epoch: 041/100 | Train Time: 0.147s | Train Loss: 0.006547 |
2020-08-10 07:59:34,931 - root - INFO - | Epoch: 042/100 | Train Time: 0.149s | Train Loss: 0.006385 |
2020-08-10 07:59:35,079 - root - INFO - | Epoch: 043/100 | Train Time: 0.148s | Train Loss: 0.006239 |
2020-08-10 07:59:35,227 - root - INFO - | Epoch: 044/100 | Train Time: 0.148s | Train Loss: 0.006025 |
2020-08-10 07:59:35,376 - root - INFO - | Epoch: 045/100 | Train Time: 0.149s | Train Loss: 0.005760 |
2020-08-10 07:59:35,524 - root - INFO - | Epoch: 046/100 | Train Time: 0.148s | Train Loss: 0.005469 |
2020-08-10 07:59:35,673 - root - INFO - | Epoch: 047/100 | Train Time: 0.149s | Train Loss: 0.005136 |
2020-08-10 07:59:35,818 - root - INFO - | Epoch: 048/100 | Train Time: 0.145s | Train Loss: 0.004750 |
2020-08-10 07:59:35,966 - root - INFO - | Epoch: 049/100 | Train Time: 0.148s | Train Loss: 0.004347 |
2020-08-10 07:59:36,115 - root - INFO - | Epoch: 050/100 | Train Time: 0.149s | Train Loss: 0.004135 |
2020-08-10 07:59:36,116 - root - INFO -   LR scheduler: new learning rate is 0.0001
2020-08-10 07:59:36,265 - root - INFO - | Epoch: 051/100 | Train Time: 0.149s | Train Loss: 0.004095 |
2020-08-10 07:59:36,406 - root - INFO - | Epoch: 052/100 | Train Time: 0.142s | Train Loss: 0.004048 |
2020-08-10 07:59:36,555 - root - INFO - | Epoch: 053/100 | Train Time: 0.149s | Train Loss: 0.004019 |
2020-08-10 07:59:36,704 - root - INFO - | Epoch: 054/100 | Train Time: 0.148s | Train Loss: 0.003979 |
2020-08-10 07:59:36,853 - root - INFO - | Epoch: 055/100 | Train Time: 0.149s | Train Loss: 0.003937 |
2020-08-10 07:59:36,988 - root - INFO - | Epoch: 056/100 | Train Time: 0.135s | Train Loss: 0.003882 |
2020-08-10 07:59:37,123 - root - INFO - | Epoch: 057/100 | Train Time: 0.135s | Train Loss: 0.003853 |
2020-08-10 07:59:37,302 - root - INFO - | Epoch: 058/100 | Train Time: 0.179s | Train Loss: 0.003816 |
2020-08-10 07:59:37,455 - root - INFO - | Epoch: 059/100 | Train Time: 0.152s | Train Loss: 0.003779 |
2020-08-10 07:59:37,592 - root - INFO - | Epoch: 060/100 | Train Time: 0.137s | Train Loss: 0.003736 |
2020-08-10 07:59:37,737 - root - INFO - | Epoch: 061/100 | Train Time: 0.145s | Train Loss: 0.003692 |
2020-08-10 07:59:37,897 - root - INFO - | Epoch: 062/100 | Train Time: 0.160s | Train Loss: 0.003653 |
2020-08-10 07:59:38,051 - root - INFO - | Epoch: 063/100 | Train Time: 0.153s | Train Loss: 0.003620 |
2020-08-10 07:59:38,195 - root - INFO - | Epoch: 064/100 | Train Time: 0.144s | Train Loss: 0.003579 |
2020-08-10 07:59:38,346 - root - INFO - | Epoch: 065/100 | Train Time: 0.151s | Train Loss: 0.003542 |
2020-08-10 07:59:38,501 - root - INFO - | Epoch: 066/100 | Train Time: 0.155s | Train Loss: 0.003509 |
2020-08-10 07:59:38,647 - root - INFO - | Epoch: 067/100 | Train Time: 0.145s | Train Loss: 0.003470 |
2020-08-10 07:59:38,793 - root - INFO - | Epoch: 068/100 | Train Time: 0.146s | Train Loss: 0.003437 |
2020-08-10 07:59:38,940 - root - INFO - | Epoch: 069/100 | Train Time: 0.147s | Train Loss: 0.003391 |
2020-08-10 07:59:39,089 - root - INFO - | Epoch: 070/100 | Train Time: 0.149s | Train Loss: 0.003366 |
2020-08-10 07:59:39,236 - root - INFO - | Epoch: 071/100 | Train Time: 0.146s | Train Loss: 0.003332 |
2020-08-10 07:59:39,384 - root - INFO - | Epoch: 072/100 | Train Time: 0.148s | Train Loss: 0.003296 |
2020-08-10 07:59:39,533 - root - INFO - | Epoch: 073/100 | Train Time: 0.150s | Train Loss: 0.003261 |
2020-08-10 07:59:39,682 - root - INFO - | Epoch: 074/100 | Train Time: 0.149s | Train Loss: 0.003219 |
2020-08-10 07:59:39,829 - root - INFO - | Epoch: 075/100 | Train Time: 0.146s | Train Loss: 0.003197 |
2020-08-10 07:59:39,977 - root - INFO - | Epoch: 076/100 | Train Time: 0.148s | Train Loss: 0.003146 |
2020-08-10 07:59:40,125 - root - INFO - | Epoch: 077/100 | Train Time: 0.149s | Train Loss: 0.003134 |
2020-08-10 07:59:40,272 - root - INFO - | Epoch: 078/100 | Train Time: 0.146s | Train Loss: 0.003103 |
2020-08-10 07:59:40,421 - root - INFO - | Epoch: 079/100 | Train Time: 0.149s | Train Loss: 0.003075 |
2020-08-10 07:59:40,572 - root - INFO - | Epoch: 080/100 | Train Time: 0.151s | Train Loss: 0.003036 |
2020-08-10 07:59:40,733 - root - INFO - | Epoch: 081/100 | Train Time: 0.160s | Train Loss: 0.003010 |
2020-08-10 07:59:40,892 - root - INFO - | Epoch: 082/100 | Train Time: 0.159s | Train Loss: 0.002986 |
2020-08-10 07:59:41,051 - root - INFO - | Epoch: 083/100 | Train Time: 0.159s | Train Loss: 0.002951 |
2020-08-10 07:59:41,210 - root - INFO - | Epoch: 084/100 | Train Time: 0.158s | Train Loss: 0.002928 |
2020-08-10 07:59:41,374 - root - INFO - | Epoch: 085/100 | Train Time: 0.164s | Train Loss: 0.002904 |
2020-08-10 07:59:41,546 - root - INFO - | Epoch: 086/100 | Train Time: 0.171s | Train Loss: 0.002879 |
2020-08-10 07:59:41,715 - root - INFO - | Epoch: 087/100 | Train Time: 0.169s | Train Loss: 0.002854 |
2020-08-10 07:59:41,883 - root - INFO - | Epoch: 088/100 | Train Time: 0.168s | Train Loss: 0.002831 |
2020-08-10 07:59:42,051 - root - INFO - | Epoch: 089/100 | Train Time: 0.168s | Train Loss: 0.002818 |
2020-08-10 07:59:42,222 - root - INFO - | Epoch: 090/100 | Train Time: 0.170s | Train Loss: 0.002792 |
2020-08-10 07:59:42,391 - root - INFO - | Epoch: 091/100 | Train Time: 0.169s | Train Loss: 0.002765 |
2020-08-10 07:59:42,564 - root - INFO - | Epoch: 092/100 | Train Time: 0.173s | Train Loss: 0.002752 |
2020-08-10 07:59:42,719 - root - INFO - | Epoch: 093/100 | Train Time: 0.156s | Train Loss: 0.002733 |
2020-08-10 07:59:42,888 - root - INFO - | Epoch: 094/100 | Train Time: 0.168s | Train Loss: 0.002711 |
2020-08-10 07:59:43,049 - root - INFO - | Epoch: 095/100 | Train Time: 0.161s | Train Loss: 0.002693 |
2020-08-10 07:59:43,209 - root - INFO - | Epoch: 096/100 | Train Time: 0.160s | Train Loss: 0.002678 |
2020-08-10 07:59:43,352 - root - INFO - | Epoch: 097/100 | Train Time: 0.143s | Train Loss: 0.002661 |
2020-08-10 07:59:43,494 - root - INFO - | Epoch: 098/100 | Train Time: 0.142s | Train Loss: 0.002647 |
2020-08-10 07:59:43,636 - root - INFO - | Epoch: 099/100 | Train Time: 0.142s | Train Loss: 0.002625 |
2020-08-10 07:59:43,777 - root - INFO - | Epoch: 100/100 | Train Time: 0.141s | Train Loss: 0.002608 |
2020-08-10 07:59:43,777 - root - INFO - Pretraining Time: 15.120s
2020-08-10 07:59:43,777 - root - INFO - Finished pretraining.
2020-08-10 07:59:43,777 - root - INFO - Testing autoencoder...
2020-08-10 07:59:43,793 - root - INFO - Test Loss: 0.002455
2020-08-10 07:59:43,793 - root - INFO - Test Time: 0.015s
2020-08-10 07:59:43,793 - root - INFO - Finished testing autoencoder.
2020-08-10 07:59:43,795 - root - INFO - Hey I am loading net for you!
2020-08-10 07:59:43,795 - root - INFO - Setting hyper-parameters!
2020-08-10 07:59:43,796 - root - INFO - Initializing center c...
2020-08-10 07:59:43,837 - root - INFO - Center c initialized.
2020-08-10 07:59:43,837 - root - INFO - Starting training...
2020-08-10 07:59:43,967 - root - INFO - | Epoch: 001/100 | Train Time: 0.130s | Train Loss: 1.430841 |
2020-08-10 07:59:44,094 - root - INFO - | Epoch: 002/100 | Train Time: 0.127s | Train Loss: 1.204219 |
2020-08-10 07:59:44,232 - root - INFO - | Epoch: 003/100 | Train Time: 0.138s | Train Loss: 1.052711 |
2020-08-10 07:59:44,382 - root - INFO - | Epoch: 004/100 | Train Time: 0.150s | Train Loss: 0.924769 |
2020-08-10 07:59:44,532 - root - INFO - | Epoch: 005/100 | Train Time: 0.150s | Train Loss: 0.838277 |
2020-08-10 07:59:44,681 - root - INFO - | Epoch: 006/100 | Train Time: 0.149s | Train Loss: 0.762864 |
2020-08-10 07:59:44,831 - root - INFO - | Epoch: 007/100 | Train Time: 0.150s | Train Loss: 0.703311 |
2020-08-10 07:59:44,984 - root - INFO - | Epoch: 008/100 | Train Time: 0.153s | Train Loss: 0.651351 |
2020-08-10 07:59:45,137 - root - INFO - | Epoch: 009/100 | Train Time: 0.153s | Train Loss: 0.608154 |
2020-08-10 07:59:45,290 - root - INFO - | Epoch: 010/100 | Train Time: 0.153s | Train Loss: 0.565729 |
2020-08-10 07:59:45,425 - root - INFO - | Epoch: 011/100 | Train Time: 0.135s | Train Loss: 0.536284 |
2020-08-10 07:59:45,535 - root - INFO - | Epoch: 012/100 | Train Time: 0.109s | Train Loss: 0.508197 |
2020-08-10 07:59:45,644 - root - INFO - | Epoch: 013/100 | Train Time: 0.109s | Train Loss: 0.481629 |
2020-08-10 07:59:45,753 - root - INFO - | Epoch: 014/100 | Train Time: 0.109s | Train Loss: 0.460735 |
2020-08-10 07:59:45,862 - root - INFO - | Epoch: 015/100 | Train Time: 0.109s | Train Loss: 0.439819 |
2020-08-10 07:59:45,971 - root - INFO - | Epoch: 016/100 | Train Time: 0.109s | Train Loss: 0.423447 |
2020-08-10 07:59:46,080 - root - INFO - | Epoch: 017/100 | Train Time: 0.109s | Train Loss: 0.408389 |
2020-08-10 07:59:46,190 - root - INFO - | Epoch: 018/100 | Train Time: 0.110s | Train Loss: 0.394658 |
2020-08-10 07:59:46,299 - root - INFO - | Epoch: 019/100 | Train Time: 0.109s | Train Loss: 0.377603 |
2020-08-10 07:59:46,409 - root - INFO - | Epoch: 020/100 | Train Time: 0.109s | Train Loss: 0.367642 |
2020-08-10 07:59:46,511 - root - INFO - | Epoch: 021/100 | Train Time: 0.102s | Train Loss: 0.355229 |
2020-08-10 07:59:46,610 - root - INFO - | Epoch: 022/100 | Train Time: 0.099s | Train Loss: 0.346018 |
2020-08-10 07:59:46,709 - root - INFO - | Epoch: 023/100 | Train Time: 0.099s | Train Loss: 0.336725 |
2020-08-10 07:59:46,809 - root - INFO - | Epoch: 024/100 | Train Time: 0.100s | Train Loss: 0.329190 |
2020-08-10 07:59:46,909 - root - INFO - | Epoch: 025/100 | Train Time: 0.100s | Train Loss: 0.320096 |
2020-08-10 07:59:47,009 - root - INFO - | Epoch: 026/100 | Train Time: 0.100s | Train Loss: 0.312035 |
2020-08-10 07:59:47,109 - root - INFO - | Epoch: 027/100 | Train Time: 0.099s | Train Loss: 0.305707 |
2020-08-10 07:59:47,209 - root - INFO - | Epoch: 028/100 | Train Time: 0.100s | Train Loss: 0.301219 |
2020-08-10 07:59:47,309 - root - INFO - | Epoch: 029/100 | Train Time: 0.100s | Train Loss: 0.293271 |
2020-08-10 07:59:47,409 - root - INFO - | Epoch: 030/100 | Train Time: 0.100s | Train Loss: 0.289006 |
2020-08-10 07:59:47,509 - root - INFO - | Epoch: 031/100 | Train Time: 0.100s | Train Loss: 0.283851 |
2020-08-10 07:59:47,609 - root - INFO - | Epoch: 032/100 | Train Time: 0.100s | Train Loss: 0.278926 |
2020-08-10 07:59:47,710 - root - INFO - | Epoch: 033/100 | Train Time: 0.100s | Train Loss: 0.275450 |
2020-08-10 07:59:47,810 - root - INFO - | Epoch: 034/100 | Train Time: 0.100s | Train Loss: 0.269282 |
2020-08-10 07:59:47,911 - root - INFO - | Epoch: 035/100 | Train Time: 0.100s | Train Loss: 0.266583 |
2020-08-10 07:59:48,011 - root - INFO - | Epoch: 036/100 | Train Time: 0.100s | Train Loss: 0.262642 |
2020-08-10 07:59:48,112 - root - INFO - | Epoch: 037/100 | Train Time: 0.101s | Train Loss: 0.259207 |
2020-08-10 07:59:48,212 - root - INFO - | Epoch: 038/100 | Train Time: 0.100s | Train Loss: 0.256583 |
2020-08-10 07:59:48,351 - root - INFO - | Epoch: 039/100 | Train Time: 0.138s | Train Loss: 0.254168 |
2020-08-10 07:59:48,492 - root - INFO - | Epoch: 040/100 | Train Time: 0.140s | Train Loss: 0.251248 |
2020-08-10 07:59:48,640 - root - INFO - | Epoch: 041/100 | Train Time: 0.149s | Train Loss: 0.246965 |
2020-08-10 07:59:48,785 - root - INFO - | Epoch: 042/100 | Train Time: 0.145s | Train Loss: 0.245532 |
2020-08-10 07:59:48,895 - root - INFO - | Epoch: 043/100 | Train Time: 0.110s | Train Loss: 0.242669 |
2020-08-10 07:59:49,005 - root - INFO - | Epoch: 044/100 | Train Time: 0.110s | Train Loss: 0.240467 |
2020-08-10 07:59:49,114 - root - INFO - | Epoch: 045/100 | Train Time: 0.109s | Train Loss: 0.238650 |
2020-08-10 07:59:49,223 - root - INFO - | Epoch: 046/100 | Train Time: 0.109s | Train Loss: 0.236357 |
2020-08-10 07:59:49,334 - root - INFO - | Epoch: 047/100 | Train Time: 0.110s | Train Loss: 0.233890 |
2020-08-10 07:59:49,444 - root - INFO - | Epoch: 048/100 | Train Time: 0.110s | Train Loss: 0.232879 |
2020-08-10 07:59:49,554 - root - INFO - | Epoch: 049/100 | Train Time: 0.110s | Train Loss: 0.230640 |
2020-08-10 07:59:49,663 - root - INFO - | Epoch: 050/100 | Train Time: 0.110s | Train Loss: 0.228917 |
2020-08-10 07:59:49,663 - root - INFO -   LR scheduler: new learning rate is 1e-06
2020-08-10 07:59:49,768 - root - INFO - | Epoch: 051/100 | Train Time: 0.104s | Train Loss: 0.228312 |
2020-08-10 07:59:49,868 - root - INFO - | Epoch: 052/100 | Train Time: 0.100s | Train Loss: 0.227819 |
2020-08-10 07:59:49,968 - root - INFO - | Epoch: 053/100 | Train Time: 0.100s | Train Loss: 0.228231 |
2020-08-10 07:59:50,109 - root - INFO - | Epoch: 054/100 | Train Time: 0.141s | Train Loss: 0.227755 |
2020-08-10 07:59:50,256 - root - INFO - | Epoch: 055/100 | Train Time: 0.147s | Train Loss: 0.226495 |
2020-08-10 07:59:50,403 - root - INFO - | Epoch: 056/100 | Train Time: 0.147s | Train Loss: 0.226094 |
2020-08-10 07:59:50,549 - root - INFO - | Epoch: 057/100 | Train Time: 0.146s | Train Loss: 0.227655 |
2020-08-10 07:59:50,696 - root - INFO - | Epoch: 058/100 | Train Time: 0.146s | Train Loss: 0.227050 |
2020-08-10 07:59:50,841 - root - INFO - | Epoch: 059/100 | Train Time: 0.146s | Train Loss: 0.226350 |
2020-08-10 07:59:50,990 - root - INFO - | Epoch: 060/100 | Train Time: 0.149s | Train Loss: 0.226754 |
2020-08-10 07:59:51,149 - root - INFO - | Epoch: 061/100 | Train Time: 0.159s | Train Loss: 0.226159 |
2020-08-10 07:59:51,309 - root - INFO - | Epoch: 062/100 | Train Time: 0.160s | Train Loss: 0.226386 |
2020-08-10 07:59:51,469 - root - INFO - | Epoch: 063/100 | Train Time: 0.160s | Train Loss: 0.225418 |
2020-08-10 07:59:51,627 - root - INFO - | Epoch: 064/100 | Train Time: 0.158s | Train Loss: 0.225557 |
2020-08-10 07:59:51,786 - root - INFO - | Epoch: 065/100 | Train Time: 0.158s | Train Loss: 0.225713 |
2020-08-10 07:59:51,936 - root - INFO - | Epoch: 066/100 | Train Time: 0.150s | Train Loss: 0.224510 |
2020-08-10 07:59:52,085 - root - INFO - | Epoch: 067/100 | Train Time: 0.149s | Train Loss: 0.225064 |
2020-08-10 07:59:52,235 - root - INFO - | Epoch: 068/100 | Train Time: 0.150s | Train Loss: 0.224673 |
2020-08-10 07:59:52,387 - root - INFO - | Epoch: 069/100 | Train Time: 0.152s | Train Loss: 0.225051 |
2020-08-10 07:59:52,545 - root - INFO - | Epoch: 070/100 | Train Time: 0.157s | Train Loss: 0.225110 |
2020-08-10 07:59:52,704 - root - INFO - | Epoch: 071/100 | Train Time: 0.160s | Train Loss: 0.224412 |
2020-08-10 07:59:52,861 - root - INFO - | Epoch: 072/100 | Train Time: 0.156s | Train Loss: 0.223995 |
2020-08-10 07:59:53,021 - root - INFO - | Epoch: 073/100 | Train Time: 0.160s | Train Loss: 0.222950 |
2020-08-10 07:59:53,179 - root - INFO - | Epoch: 074/100 | Train Time: 0.158s | Train Loss: 0.224168 |
2020-08-10 07:59:53,328 - root - INFO - | Epoch: 075/100 | Train Time: 0.149s | Train Loss: 0.224024 |
2020-08-10 07:59:53,477 - root - INFO - | Epoch: 076/100 | Train Time: 0.149s | Train Loss: 0.222764 |
2020-08-10 07:59:53,617 - root - INFO - | Epoch: 077/100 | Train Time: 0.140s | Train Loss: 0.222226 |
2020-08-10 07:59:53,759 - root - INFO - | Epoch: 078/100 | Train Time: 0.142s | Train Loss: 0.222304 |
2020-08-10 07:59:53,908 - root - INFO - | Epoch: 079/100 | Train Time: 0.150s | Train Loss: 0.222091 |
2020-08-10 07:59:54,056 - root - INFO - | Epoch: 080/100 | Train Time: 0.148s | Train Loss: 0.222350 |
2020-08-10 07:59:54,205 - root - INFO - | Epoch: 081/100 | Train Time: 0.148s | Train Loss: 0.222011 |
2020-08-10 07:59:54,353 - root - INFO - | Epoch: 082/100 | Train Time: 0.148s | Train Loss: 0.221702 |
2020-08-10 07:59:54,501 - root - INFO - | Epoch: 083/100 | Train Time: 0.148s | Train Loss: 0.222246 |
2020-08-10 07:59:54,650 - root - INFO - | Epoch: 084/100 | Train Time: 0.148s | Train Loss: 0.221766 |
2020-08-10 07:59:54,787 - root - INFO - | Epoch: 085/100 | Train Time: 0.137s | Train Loss: 0.220944 |
2020-08-10 07:59:54,932 - root - INFO - | Epoch: 086/100 | Train Time: 0.145s | Train Loss: 0.220108 |
2020-08-10 07:59:55,078 - root - INFO - | Epoch: 087/100 | Train Time: 0.147s | Train Loss: 0.220611 |
2020-08-10 07:59:55,227 - root - INFO - | Epoch: 088/100 | Train Time: 0.148s | Train Loss: 0.219975 |
2020-08-10 07:59:55,370 - root - INFO - | Epoch: 089/100 | Train Time: 0.143s | Train Loss: 0.219282 |
2020-08-10 07:59:55,511 - root - INFO - | Epoch: 090/100 | Train Time: 0.142s | Train Loss: 0.219573 |
2020-08-10 07:59:55,653 - root - INFO - | Epoch: 091/100 | Train Time: 0.142s | Train Loss: 0.219662 |
2020-08-10 07:59:55,796 - root - INFO - | Epoch: 092/100 | Train Time: 0.142s | Train Loss: 0.219687 |
2020-08-10 07:59:55,934 - root - INFO - | Epoch: 093/100 | Train Time: 0.138s | Train Loss: 0.219167 |
2020-08-10 07:59:56,071 - root - INFO - | Epoch: 094/100 | Train Time: 0.136s | Train Loss: 0.219175 |
2020-08-10 07:59:56,206 - root - INFO - | Epoch: 095/100 | Train Time: 0.135s | Train Loss: 0.218493 |
2020-08-10 07:59:56,339 - root - INFO - | Epoch: 096/100 | Train Time: 0.133s | Train Loss: 0.217385 |
2020-08-10 07:59:56,474 - root - INFO - | Epoch: 097/100 | Train Time: 0.134s | Train Loss: 0.217361 |
2020-08-10 07:59:56,609 - root - INFO - | Epoch: 098/100 | Train Time: 0.135s | Train Loss: 0.217452 |
2020-08-10 07:59:56,744 - root - INFO - | Epoch: 099/100 | Train Time: 0.135s | Train Loss: 0.217469 |
2020-08-10 07:59:56,882 - root - INFO - | Epoch: 100/100 | Train Time: 0.137s | Train Loss: 0.217439 |
2020-08-10 07:59:56,882 - root - INFO - Training Time: 13.045s
2020-08-10 07:59:56,882 - root - INFO - Finished training.
2020-08-10 07:59:56,882 - root - INFO - Starting testing...
2020-08-10 07:59:56,899 - root - INFO - Test Loss: 0.214041
2020-08-10 07:59:56,900 - root - INFO - Test AUC: 100.00%
2020-08-10 07:59:56,900 - root - INFO - Test Time: 0.015s
2020-08-10 07:59:56,900 - root - INFO - Finished testing.
2020-08-10 07:59:56,948 - root - INFO - Starting testing...
2020-08-10 07:59:56,965 - root - INFO - Test Loss: 0.214041
2020-08-10 07:59:56,966 - root - INFO - Test AUC: 100.00%
2020-08-10 07:59:56,966 - root - INFO - Test Time: 0.016s
2020-08-10 07:59:56,966 - root - INFO - Finished testing.
