2020-08-17 03:09:51,381 - root - INFO - Hey I am loading net for you!
2020-08-17 03:09:53,176 - root - INFO - Setting hyper-parameters!
2020-08-17 03:09:53,177 - root - INFO - Starting training...
2020-08-17 03:09:53,191 - root - INFO - | Epoch: 001/500 | Train Time: 0.014s | Train Loss: 1038.856750 |
2020-08-17 03:09:53,203 - root - INFO - | Epoch: 002/500 | Train Time: 0.012s | Train Loss: 991.681335 |
2020-08-17 03:09:53,214 - root - INFO - | Epoch: 003/500 | Train Time: 0.011s | Train Loss: 1018.452454 |
2020-08-17 03:09:53,224 - root - INFO - | Epoch: 004/500 | Train Time: 0.010s | Train Loss: 1037.831909 |
2020-08-17 03:09:53,235 - root - INFO - | Epoch: 005/500 | Train Time: 0.010s | Train Loss: 992.511536 |
2020-08-17 03:09:53,245 - root - INFO - | Epoch: 006/500 | Train Time: 0.010s | Train Loss: 1012.108276 |
2020-08-17 03:09:53,255 - root - INFO - | Epoch: 007/500 | Train Time: 0.010s | Train Loss: 1011.586334 |
2020-08-17 03:09:53,266 - root - INFO - | Epoch: 008/500 | Train Time: 0.010s | Train Loss: 1009.684753 |
2020-08-17 03:09:53,276 - root - INFO - | Epoch: 009/500 | Train Time: 0.011s | Train Loss: 1003.682465 |
2020-08-17 03:09:53,287 - root - INFO - | Epoch: 010/500 | Train Time: 0.011s | Train Loss: 1006.121033 |
2020-08-17 03:09:53,298 - root - INFO - | Epoch: 011/500 | Train Time: 0.011s | Train Loss: 1024.041473 |
2020-08-17 03:09:53,309 - root - INFO - | Epoch: 012/500 | Train Time: 0.011s | Train Loss: 1013.924835 |
2020-08-17 03:09:53,320 - root - INFO - | Epoch: 013/500 | Train Time: 0.011s | Train Loss: 1030.562012 |
2020-08-17 03:09:53,331 - root - INFO - | Epoch: 014/500 | Train Time: 0.011s | Train Loss: 1019.250122 |
2020-08-17 03:09:53,342 - root - INFO - | Epoch: 015/500 | Train Time: 0.011s | Train Loss: 1005.145203 |
2020-08-17 03:09:53,353 - root - INFO - | Epoch: 016/500 | Train Time: 0.011s | Train Loss: 1012.540771 |
2020-08-17 03:09:53,364 - root - INFO - | Epoch: 017/500 | Train Time: 0.011s | Train Loss: 1013.206482 |
2020-08-17 03:09:53,375 - root - INFO - | Epoch: 018/500 | Train Time: 0.011s | Train Loss: 1004.170624 |
2020-08-17 03:09:53,387 - root - INFO - | Epoch: 019/500 | Train Time: 0.011s | Train Loss: 1025.472748 |
2020-08-17 03:09:53,399 - root - INFO - | Epoch: 020/500 | Train Time: 0.012s | Train Loss: 1016.845123 |
2020-08-17 03:09:53,410 - root - INFO - | Epoch: 021/500 | Train Time: 0.011s | Train Loss: 998.988525 |
2020-08-17 03:09:53,421 - root - INFO - | Epoch: 022/500 | Train Time: 0.011s | Train Loss: 1005.038544 |
2020-08-17 03:09:53,432 - root - INFO - | Epoch: 023/500 | Train Time: 0.011s | Train Loss: 973.155884 |
2020-08-17 03:09:53,443 - root - INFO - | Epoch: 024/500 | Train Time: 0.011s | Train Loss: 1003.331146 |
2020-08-17 03:09:53,454 - root - INFO - | Epoch: 025/500 | Train Time: 0.011s | Train Loss: 995.286224 |
2020-08-17 03:09:53,466 - root - INFO - | Epoch: 026/500 | Train Time: 0.011s | Train Loss: 1019.585968 |
2020-08-17 03:09:53,477 - root - INFO - | Epoch: 027/500 | Train Time: 0.011s | Train Loss: 1019.486023 |
2020-08-17 03:09:53,488 - root - INFO - | Epoch: 028/500 | Train Time: 0.011s | Train Loss: 995.708252 |
2020-08-17 03:09:53,499 - root - INFO - | Epoch: 029/500 | Train Time: 0.011s | Train Loss: 994.033691 |
2020-08-17 03:09:53,511 - root - INFO - | Epoch: 030/500 | Train Time: 0.011s | Train Loss: 1005.616943 |
2020-08-17 03:09:53,522 - root - INFO - | Epoch: 031/500 | Train Time: 0.011s | Train Loss: 1014.178833 |
2020-08-17 03:09:53,533 - root - INFO - | Epoch: 032/500 | Train Time: 0.011s | Train Loss: 1016.124176 |
2020-08-17 03:09:53,545 - root - INFO - | Epoch: 033/500 | Train Time: 0.012s | Train Loss: 993.969971 |
2020-08-17 03:09:53,557 - root - INFO - | Epoch: 034/500 | Train Time: 0.012s | Train Loss: 1049.703369 |
2020-08-17 03:09:53,568 - root - INFO - | Epoch: 035/500 | Train Time: 0.011s | Train Loss: 1011.887909 |
2020-08-17 03:09:53,579 - root - INFO - | Epoch: 036/500 | Train Time: 0.011s | Train Loss: 1041.088196 |
2020-08-17 03:09:53,590 - root - INFO - | Epoch: 037/500 | Train Time: 0.011s | Train Loss: 1003.549072 |
2020-08-17 03:09:53,601 - root - INFO - | Epoch: 038/500 | Train Time: 0.011s | Train Loss: 1002.139191 |
2020-08-17 03:09:53,612 - root - INFO - | Epoch: 039/500 | Train Time: 0.011s | Train Loss: 1032.629395 |
2020-08-17 03:09:53,623 - root - INFO - | Epoch: 040/500 | Train Time: 0.011s | Train Loss: 1017.234436 |
2020-08-17 03:09:53,635 - root - INFO - | Epoch: 041/500 | Train Time: 0.011s | Train Loss: 1009.171875 |
2020-08-17 03:09:53,646 - root - INFO - | Epoch: 042/500 | Train Time: 0.011s | Train Loss: 1007.398254 |
2020-08-17 03:09:53,657 - root - INFO - | Epoch: 043/500 | Train Time: 0.011s | Train Loss: 1030.823364 |
2020-08-17 03:09:53,669 - root - INFO - | Epoch: 044/500 | Train Time: 0.011s | Train Loss: 1020.756714 |
2020-08-17 03:09:53,680 - root - INFO - | Epoch: 045/500 | Train Time: 0.011s | Train Loss: 1013.541199 |
2020-08-17 03:09:53,691 - root - INFO - | Epoch: 046/500 | Train Time: 0.011s | Train Loss: 1008.903870 |
2020-08-17 03:09:53,702 - root - INFO - | Epoch: 047/500 | Train Time: 0.011s | Train Loss: 991.364807 |
2020-08-17 03:09:53,713 - root - INFO - | Epoch: 048/500 | Train Time: 0.011s | Train Loss: 1017.454895 |
2020-08-17 03:09:53,725 - root - INFO - | Epoch: 049/500 | Train Time: 0.011s | Train Loss: 1005.857147 |
2020-08-17 03:09:53,736 - root - INFO - | Epoch: 050/500 | Train Time: 0.011s | Train Loss: 1000.660767 |
2020-08-17 03:09:53,736 - root - INFO -   LR scheduler: new learning rate is 1e-06
2020-08-17 03:09:53,747 - root - INFO - | Epoch: 051/500 | Train Time: 0.011s | Train Loss: 1013.491730 |
2020-08-17 03:09:53,758 - root - INFO - | Epoch: 052/500 | Train Time: 0.011s | Train Loss: 1005.079254 |
2020-08-17 03:09:53,770 - root - INFO - | Epoch: 053/500 | Train Time: 0.011s | Train Loss: 987.325470 |
2020-08-17 03:09:53,781 - root - INFO - | Epoch: 054/500 | Train Time: 0.011s | Train Loss: 1030.005981 |
2020-08-17 03:09:53,792 - root - INFO - | Epoch: 055/500 | Train Time: 0.011s | Train Loss: 996.490295 |
2020-08-17 03:09:53,804 - root - INFO - | Epoch: 056/500 | Train Time: 0.011s | Train Loss: 1023.159485 |
2020-08-17 03:09:53,815 - root - INFO - | Epoch: 057/500 | Train Time: 0.011s | Train Loss: 1038.281616 |
2020-08-17 03:09:53,826 - root - INFO - | Epoch: 058/500 | Train Time: 0.011s | Train Loss: 1009.770477 |
2020-08-17 03:09:53,837 - root - INFO - | Epoch: 059/500 | Train Time: 0.011s | Train Loss: 994.663544 |
2020-08-17 03:09:53,849 - root - INFO - | Epoch: 060/500 | Train Time: 0.011s | Train Loss: 987.867126 |
2020-08-17 03:09:53,860 - root - INFO - | Epoch: 061/500 | Train Time: 0.011s | Train Loss: 1019.317383 |
2020-08-17 03:09:53,871 - root - INFO - | Epoch: 062/500 | Train Time: 0.011s | Train Loss: 1018.000122 |
2020-08-17 03:09:53,882 - root - INFO - | Epoch: 063/500 | Train Time: 0.011s | Train Loss: 999.792084 |
2020-08-17 03:09:53,894 - root - INFO - | Epoch: 064/500 | Train Time: 0.011s | Train Loss: 1007.200104 |
2020-08-17 03:09:53,905 - root - INFO - | Epoch: 065/500 | Train Time: 0.011s | Train Loss: 1014.029938 |
2020-08-17 03:09:53,916 - root - INFO - | Epoch: 066/500 | Train Time: 0.011s | Train Loss: 984.695007 |
2020-08-17 03:09:53,928 - root - INFO - | Epoch: 067/500 | Train Time: 0.011s | Train Loss: 1014.611816 |
2020-08-17 03:09:53,939 - root - INFO - | Epoch: 068/500 | Train Time: 0.011s | Train Loss: 993.998535 |
2020-08-17 03:09:53,950 - root - INFO - | Epoch: 069/500 | Train Time: 0.011s | Train Loss: 1025.907471 |
2020-08-17 03:09:53,961 - root - INFO - | Epoch: 070/500 | Train Time: 0.011s | Train Loss: 1026.240967 |
2020-08-17 03:09:53,973 - root - INFO - | Epoch: 071/500 | Train Time: 0.011s | Train Loss: 1018.853394 |
2020-08-17 03:09:53,984 - root - INFO - | Epoch: 072/500 | Train Time: 0.011s | Train Loss: 1003.226166 |
2020-08-17 03:09:53,995 - root - INFO - | Epoch: 073/500 | Train Time: 0.011s | Train Loss: 1014.108154 |
2020-08-17 03:09:54,007 - root - INFO - | Epoch: 074/500 | Train Time: 0.011s | Train Loss: 975.118927 |
2020-08-17 03:09:54,018 - root - INFO - | Epoch: 075/500 | Train Time: 0.011s | Train Loss: 1025.851685 |
2020-08-17 03:09:54,029 - root - INFO - | Epoch: 076/500 | Train Time: 0.011s | Train Loss: 957.162964 |
2020-08-17 03:09:54,041 - root - INFO - | Epoch: 077/500 | Train Time: 0.011s | Train Loss: 1005.138214 |
2020-08-17 03:09:54,052 - root - INFO - | Epoch: 078/500 | Train Time: 0.011s | Train Loss: 1003.973694 |
2020-08-17 03:09:54,063 - root - INFO - | Epoch: 079/500 | Train Time: 0.011s | Train Loss: 1008.793213 |
2020-08-17 03:09:54,074 - root - INFO - | Epoch: 080/500 | Train Time: 0.011s | Train Loss: 982.981140 |
2020-08-17 03:09:54,085 - root - INFO - | Epoch: 081/500 | Train Time: 0.011s | Train Loss: 1004.104584 |
2020-08-17 03:09:54,097 - root - INFO - | Epoch: 082/500 | Train Time: 0.011s | Train Loss: 1028.667480 |
2020-08-17 03:09:54,108 - root - INFO - | Epoch: 083/500 | Train Time: 0.011s | Train Loss: 1010.327026 |
2020-08-17 03:09:54,119 - root - INFO - | Epoch: 084/500 | Train Time: 0.011s | Train Loss: 1004.344055 |
2020-08-17 03:09:54,130 - root - INFO - | Epoch: 085/500 | Train Time: 0.011s | Train Loss: 1033.128784 |
2020-08-17 03:09:54,142 - root - INFO - | Epoch: 086/500 | Train Time: 0.011s | Train Loss: 1004.976532 |
2020-08-17 03:09:54,153 - root - INFO - | Epoch: 087/500 | Train Time: 0.011s | Train Loss: 1001.443481 |
2020-08-17 03:09:54,165 - root - INFO - | Epoch: 088/500 | Train Time: 0.011s | Train Loss: 1013.570709 |
2020-08-17 03:09:54,176 - root - INFO - | Epoch: 089/500 | Train Time: 0.012s | Train Loss: 1001.755341 |
2020-08-17 03:09:54,188 - root - INFO - | Epoch: 090/500 | Train Time: 0.011s | Train Loss: 997.686310 |
2020-08-17 03:09:54,199 - root - INFO - | Epoch: 091/500 | Train Time: 0.011s | Train Loss: 1029.422302 |
2020-08-17 03:09:54,210 - root - INFO - | Epoch: 092/500 | Train Time: 0.011s | Train Loss: 1011.347656 |
2020-08-17 03:09:54,222 - root - INFO - | Epoch: 093/500 | Train Time: 0.011s | Train Loss: 1024.472473 |
2020-08-17 03:09:54,233 - root - INFO - | Epoch: 094/500 | Train Time: 0.011s | Train Loss: 1020.944550 |
2020-08-17 03:09:54,245 - root - INFO - | Epoch: 095/500 | Train Time: 0.011s | Train Loss: 1013.322510 |
2020-08-17 03:09:54,256 - root - INFO - | Epoch: 096/500 | Train Time: 0.011s | Train Loss: 1007.635315 |
2020-08-17 03:09:54,267 - root - INFO - | Epoch: 097/500 | Train Time: 0.011s | Train Loss: 1007.193848 |
2020-08-17 03:09:54,278 - root - INFO - | Epoch: 098/500 | Train Time: 0.011s | Train Loss: 1007.768890 |
2020-08-17 03:09:54,289 - root - INFO - | Epoch: 099/500 | Train Time: 0.011s | Train Loss: 985.137695 |
2020-08-17 03:09:54,301 - root - INFO - | Epoch: 100/500 | Train Time: 0.011s | Train Loss: 1006.451416 |
2020-08-17 03:09:54,312 - root - INFO - | Epoch: 101/500 | Train Time: 0.011s | Train Loss: 974.016602 |
2020-08-17 03:09:54,323 - root - INFO - | Epoch: 102/500 | Train Time: 0.011s | Train Loss: 1024.118744 |
2020-08-17 03:09:54,334 - root - INFO - | Epoch: 103/500 | Train Time: 0.011s | Train Loss: 1018.488586 |
2020-08-17 03:09:54,346 - root - INFO - | Epoch: 104/500 | Train Time: 0.011s | Train Loss: 1017.773773 |
2020-08-17 03:09:54,358 - root - INFO - | Epoch: 105/500 | Train Time: 0.011s | Train Loss: 1012.761780 |
2020-08-17 03:09:54,369 - root - INFO - | Epoch: 106/500 | Train Time: 0.012s | Train Loss: 1011.236664 |
2020-08-17 03:09:54,381 - root - INFO - | Epoch: 107/500 | Train Time: 0.011s | Train Loss: 1009.616638 |
2020-08-17 03:09:54,392 - root - INFO - | Epoch: 108/500 | Train Time: 0.011s | Train Loss: 996.855652 |
2020-08-17 03:09:54,403 - root - INFO - | Epoch: 109/500 | Train Time: 0.011s | Train Loss: 1023.047668 |
2020-08-17 03:09:54,414 - root - INFO - | Epoch: 110/500 | Train Time: 0.011s | Train Loss: 1004.819153 |
2020-08-17 03:09:54,426 - root - INFO - | Epoch: 111/500 | Train Time: 0.011s | Train Loss: 1013.525238 |
2020-08-17 03:09:54,437 - root - INFO - | Epoch: 112/500 | Train Time: 0.011s | Train Loss: 993.181946 |
2020-08-17 03:09:54,449 - root - INFO - | Epoch: 113/500 | Train Time: 0.011s | Train Loss: 1004.328766 |
2020-08-17 03:09:54,460 - root - INFO - | Epoch: 114/500 | Train Time: 0.011s | Train Loss: 987.321320 |
2020-08-17 03:09:54,471 - root - INFO - | Epoch: 115/500 | Train Time: 0.011s | Train Loss: 1008.438049 |
2020-08-17 03:09:54,482 - root - INFO - | Epoch: 116/500 | Train Time: 0.011s | Train Loss: 1045.699677 |
2020-08-17 03:09:54,493 - root - INFO - | Epoch: 117/500 | Train Time: 0.011s | Train Loss: 986.376678 |
2020-08-17 03:09:54,505 - root - INFO - | Epoch: 118/500 | Train Time: 0.011s | Train Loss: 998.018555 |
2020-08-17 03:09:54,516 - root - INFO - | Epoch: 119/500 | Train Time: 0.011s | Train Loss: 1011.349274 |
2020-08-17 03:09:54,527 - root - INFO - | Epoch: 120/500 | Train Time: 0.011s | Train Loss: 1008.486267 |
2020-08-17 03:09:54,538 - root - INFO - | Epoch: 121/500 | Train Time: 0.011s | Train Loss: 1017.904785 |
2020-08-17 03:09:54,550 - root - INFO - | Epoch: 122/500 | Train Time: 0.011s | Train Loss: 1006.274658 |
2020-08-17 03:09:54,561 - root - INFO - | Epoch: 123/500 | Train Time: 0.011s | Train Loss: 1028.613983 |
2020-08-17 03:09:54,572 - root - INFO - | Epoch: 124/500 | Train Time: 0.011s | Train Loss: 997.203949 |
2020-08-17 03:09:54,583 - root - INFO - | Epoch: 125/500 | Train Time: 0.011s | Train Loss: 1005.455780 |
2020-08-17 03:09:54,595 - root - INFO - | Epoch: 126/500 | Train Time: 0.012s | Train Loss: 1037.756775 |
2020-08-17 03:09:54,606 - root - INFO - | Epoch: 127/500 | Train Time: 0.011s | Train Loss: 989.594910 |
2020-08-17 03:09:54,617 - root - INFO - | Epoch: 128/500 | Train Time: 0.011s | Train Loss: 999.533447 |
2020-08-17 03:09:54,629 - root - INFO - | Epoch: 129/500 | Train Time: 0.011s | Train Loss: 1016.231903 |
2020-08-17 03:09:54,640 - root - INFO - | Epoch: 130/500 | Train Time: 0.011s | Train Loss: 997.421448 |
2020-08-17 03:09:54,651 - root - INFO - | Epoch: 131/500 | Train Time: 0.011s | Train Loss: 996.603912 |
2020-08-17 03:09:54,662 - root - INFO - | Epoch: 132/500 | Train Time: 0.011s | Train Loss: 1008.270355 |
2020-08-17 03:09:54,674 - root - INFO - | Epoch: 133/500 | Train Time: 0.011s | Train Loss: 1000.719879 |
2020-08-17 03:09:54,685 - root - INFO - | Epoch: 134/500 | Train Time: 0.011s | Train Loss: 999.833008 |
2020-08-17 03:09:54,696 - root - INFO - | Epoch: 135/500 | Train Time: 0.011s | Train Loss: 988.750214 |
2020-08-17 03:09:54,708 - root - INFO - | Epoch: 136/500 | Train Time: 0.011s | Train Loss: 1006.542084 |
2020-08-17 03:09:54,722 - root - INFO - | Epoch: 137/500 | Train Time: 0.015s | Train Loss: 1021.332214 |
2020-08-17 03:09:54,733 - root - INFO - | Epoch: 138/500 | Train Time: 0.011s | Train Loss: 985.761475 |
2020-08-17 03:09:54,744 - root - INFO - | Epoch: 139/500 | Train Time: 0.010s | Train Loss: 987.597412 |
2020-08-17 03:09:54,755 - root - INFO - | Epoch: 140/500 | Train Time: 0.011s | Train Loss: 996.214050 |
2020-08-17 03:09:54,766 - root - INFO - | Epoch: 141/500 | Train Time: 0.011s | Train Loss: 991.081146 |
2020-08-17 03:09:54,777 - root - INFO - | Epoch: 142/500 | Train Time: 0.011s | Train Loss: 1028.908081 |
2020-08-17 03:09:54,788 - root - INFO - | Epoch: 143/500 | Train Time: 0.011s | Train Loss: 998.571777 |
2020-08-17 03:09:54,799 - root - INFO - | Epoch: 144/500 | Train Time: 0.011s | Train Loss: 984.038422 |
2020-08-17 03:09:54,810 - root - INFO - | Epoch: 145/500 | Train Time: 0.011s | Train Loss: 1027.159485 |
2020-08-17 03:09:54,821 - root - INFO - | Epoch: 146/500 | Train Time: 0.011s | Train Loss: 1009.528137 |
2020-08-17 03:09:54,833 - root - INFO - | Epoch: 147/500 | Train Time: 0.012s | Train Loss: 1019.224854 |
2020-08-17 03:09:54,844 - root - INFO - | Epoch: 148/500 | Train Time: 0.011s | Train Loss: 991.648865 |
2020-08-17 03:09:54,855 - root - INFO - | Epoch: 149/500 | Train Time: 0.011s | Train Loss: 990.052155 |
2020-08-17 03:09:54,866 - root - INFO - | Epoch: 150/500 | Train Time: 0.011s | Train Loss: 997.499634 |
2020-08-17 03:09:54,878 - root - INFO - | Epoch: 151/500 | Train Time: 0.011s | Train Loss: 1008.396942 |
2020-08-17 03:09:54,889 - root - INFO - | Epoch: 152/500 | Train Time: 0.011s | Train Loss: 1014.161316 |
2020-08-17 03:09:54,901 - root - INFO - | Epoch: 153/500 | Train Time: 0.012s | Train Loss: 1017.970703 |
2020-08-17 03:09:54,912 - root - INFO - | Epoch: 154/500 | Train Time: 0.011s | Train Loss: 1012.322266 |
2020-08-17 03:09:54,924 - root - INFO - | Epoch: 155/500 | Train Time: 0.011s | Train Loss: 1006.360107 |
2020-08-17 03:09:54,935 - root - INFO - | Epoch: 156/500 | Train Time: 0.011s | Train Loss: 998.730255 |
2020-08-17 03:09:54,946 - root - INFO - | Epoch: 157/500 | Train Time: 0.011s | Train Loss: 1016.578003 |
2020-08-17 03:09:54,957 - root - INFO - | Epoch: 158/500 | Train Time: 0.011s | Train Loss: 1014.773376 |
2020-08-17 03:09:54,968 - root - INFO - | Epoch: 159/500 | Train Time: 0.011s | Train Loss: 1009.382996 |
2020-08-17 03:09:54,979 - root - INFO - | Epoch: 160/500 | Train Time: 0.011s | Train Loss: 1005.196472 |
2020-08-17 03:09:54,991 - root - INFO - | Epoch: 161/500 | Train Time: 0.011s | Train Loss: 1009.533417 |
2020-08-17 03:09:55,002 - root - INFO - | Epoch: 162/500 | Train Time: 0.011s | Train Loss: 993.698914 |
2020-08-17 03:09:55,013 - root - INFO - | Epoch: 163/500 | Train Time: 0.011s | Train Loss: 1007.614197 |
2020-08-17 03:09:55,025 - root - INFO - | Epoch: 164/500 | Train Time: 0.011s | Train Loss: 1000.535889 |
2020-08-17 03:09:55,036 - root - INFO - | Epoch: 165/500 | Train Time: 0.011s | Train Loss: 1008.454987 |
2020-08-17 03:09:55,047 - root - INFO - | Epoch: 166/500 | Train Time: 0.011s | Train Loss: 979.171082 |
2020-08-17 03:09:55,059 - root - INFO - | Epoch: 167/500 | Train Time: 0.011s | Train Loss: 1017.557617 |
2020-08-17 03:09:55,070 - root - INFO - | Epoch: 168/500 | Train Time: 0.011s | Train Loss: 1005.505066 |
2020-08-17 03:09:55,081 - root - INFO - | Epoch: 169/500 | Train Time: 0.011s | Train Loss: 999.017334 |
2020-08-17 03:09:55,093 - root - INFO - | Epoch: 170/500 | Train Time: 0.011s | Train Loss: 964.397461 |
2020-08-17 03:09:55,104 - root - INFO - | Epoch: 171/500 | Train Time: 0.012s | Train Loss: 1012.580383 |
2020-08-17 03:09:55,116 - root - INFO - | Epoch: 172/500 | Train Time: 0.011s | Train Loss: 1003.979950 |
2020-08-17 03:09:55,127 - root - INFO - | Epoch: 173/500 | Train Time: 0.011s | Train Loss: 1012.051270 |
2020-08-17 03:09:55,138 - root - INFO - | Epoch: 174/500 | Train Time: 0.011s | Train Loss: 1024.869995 |
2020-08-17 03:09:55,150 - root - INFO - | Epoch: 175/500 | Train Time: 0.011s | Train Loss: 1009.913116 |
2020-08-17 03:09:55,161 - root - INFO - | Epoch: 176/500 | Train Time: 0.011s | Train Loss: 1003.568817 |
2020-08-17 03:09:55,172 - root - INFO - | Epoch: 177/500 | Train Time: 0.011s | Train Loss: 1015.543884 |
2020-08-17 03:09:55,183 - root - INFO - | Epoch: 178/500 | Train Time: 0.011s | Train Loss: 997.378632 |
2020-08-17 03:09:55,195 - root - INFO - | Epoch: 179/500 | Train Time: 0.011s | Train Loss: 1020.292786 |
2020-08-17 03:09:55,206 - root - INFO - | Epoch: 180/500 | Train Time: 0.011s | Train Loss: 1033.910950 |
2020-08-17 03:09:55,217 - root - INFO - | Epoch: 181/500 | Train Time: 0.011s | Train Loss: 1008.804382 |
2020-08-17 03:09:55,229 - root - INFO - | Epoch: 182/500 | Train Time: 0.012s | Train Loss: 1037.758423 |
2020-08-17 03:09:55,240 - root - INFO - | Epoch: 183/500 | Train Time: 0.011s | Train Loss: 995.179565 |
2020-08-17 03:09:55,251 - root - INFO - | Epoch: 184/500 | Train Time: 0.011s | Train Loss: 993.819458 |
2020-08-17 03:09:55,263 - root - INFO - | Epoch: 185/500 | Train Time: 0.011s | Train Loss: 1006.951202 |
2020-08-17 03:09:55,274 - root - INFO - | Epoch: 186/500 | Train Time: 0.011s | Train Loss: 1002.357452 |
2020-08-17 03:09:55,285 - root - INFO - | Epoch: 187/500 | Train Time: 0.011s | Train Loss: 1005.431580 |
2020-08-17 03:09:55,297 - root - INFO - | Epoch: 188/500 | Train Time: 0.012s | Train Loss: 1011.539368 |
2020-08-17 03:09:55,308 - root - INFO - | Epoch: 189/500 | Train Time: 0.011s | Train Loss: 1039.097168 |
2020-08-17 03:09:55,319 - root - INFO - | Epoch: 190/500 | Train Time: 0.011s | Train Loss: 998.217773 |
2020-08-17 03:09:55,331 - root - INFO - | Epoch: 191/500 | Train Time: 0.011s | Train Loss: 1022.725647 |
2020-08-17 03:09:55,342 - root - INFO - | Epoch: 192/500 | Train Time: 0.011s | Train Loss: 1004.803101 |
2020-08-17 03:09:55,353 - root - INFO - | Epoch: 193/500 | Train Time: 0.011s | Train Loss: 987.486877 |
2020-08-17 03:09:55,364 - root - INFO - | Epoch: 194/500 | Train Time: 0.011s | Train Loss: 999.676147 |
2020-08-17 03:09:55,376 - root - INFO - | Epoch: 195/500 | Train Time: 0.011s | Train Loss: 995.871185 |
2020-08-17 03:09:55,387 - root - INFO - | Epoch: 196/500 | Train Time: 0.011s | Train Loss: 985.272461 |
2020-08-17 03:09:55,398 - root - INFO - | Epoch: 197/500 | Train Time: 0.011s | Train Loss: 1022.236633 |
2020-08-17 03:09:55,409 - root - INFO - | Epoch: 198/500 | Train Time: 0.011s | Train Loss: 976.421722 |
2020-08-17 03:09:55,421 - root - INFO - | Epoch: 199/500 | Train Time: 0.012s | Train Loss: 1017.672485 |
2020-08-17 03:09:55,432 - root - INFO - | Epoch: 200/500 | Train Time: 0.011s | Train Loss: 996.713623 |
2020-08-17 03:09:55,443 - root - INFO - | Epoch: 201/500 | Train Time: 0.011s | Train Loss: 989.754089 |
2020-08-17 03:09:55,454 - root - INFO - | Epoch: 202/500 | Train Time: 0.011s | Train Loss: 1010.016235 |
2020-08-17 03:09:55,466 - root - INFO - | Epoch: 203/500 | Train Time: 0.011s | Train Loss: 1020.762390 |
2020-08-17 03:09:55,477 - root - INFO - | Epoch: 204/500 | Train Time: 0.012s | Train Loss: 1003.426331 |
2020-08-17 03:09:55,489 - root - INFO - | Epoch: 205/500 | Train Time: 0.011s | Train Loss: 1008.325409 |
2020-08-17 03:09:55,500 - root - INFO - | Epoch: 206/500 | Train Time: 0.011s | Train Loss: 1011.413696 |
2020-08-17 03:09:55,511 - root - INFO - | Epoch: 207/500 | Train Time: 0.011s | Train Loss: 992.651367 |
2020-08-17 03:09:55,523 - root - INFO - | Epoch: 208/500 | Train Time: 0.012s | Train Loss: 1026.440643 |
2020-08-17 03:09:55,534 - root - INFO - | Epoch: 209/500 | Train Time: 0.011s | Train Loss: 1006.440460 |
2020-08-17 03:09:55,545 - root - INFO - | Epoch: 210/500 | Train Time: 0.011s | Train Loss: 999.404114 |
2020-08-17 03:09:55,557 - root - INFO - | Epoch: 211/500 | Train Time: 0.012s | Train Loss: 1013.706299 |
2020-08-17 03:09:55,569 - root - INFO - | Epoch: 212/500 | Train Time: 0.011s | Train Loss: 1019.244934 |
2020-08-17 03:09:55,580 - root - INFO - | Epoch: 213/500 | Train Time: 0.011s | Train Loss: 1013.309143 |
2020-08-17 03:09:55,591 - root - INFO - | Epoch: 214/500 | Train Time: 0.011s | Train Loss: 977.605652 |
2020-08-17 03:09:55,602 - root - INFO - | Epoch: 215/500 | Train Time: 0.011s | Train Loss: 1021.957764 |
2020-08-17 03:09:55,613 - root - INFO - | Epoch: 216/500 | Train Time: 0.011s | Train Loss: 998.036194 |
2020-08-17 03:09:55,625 - root - INFO - | Epoch: 217/500 | Train Time: 0.012s | Train Loss: 1000.744324 |
2020-08-17 03:09:55,636 - root - INFO - | Epoch: 218/500 | Train Time: 0.011s | Train Loss: 992.679352 |
2020-08-17 03:09:55,647 - root - INFO - | Epoch: 219/500 | Train Time: 0.011s | Train Loss: 1019.093658 |
2020-08-17 03:09:55,658 - root - INFO - | Epoch: 220/500 | Train Time: 0.011s | Train Loss: 975.013641 |
2020-08-17 03:09:55,669 - root - INFO - | Epoch: 221/500 | Train Time: 0.011s | Train Loss: 967.908447 |
2020-08-17 03:09:55,681 - root - INFO - | Epoch: 222/500 | Train Time: 0.011s | Train Loss: 1001.903015 |
2020-08-17 03:09:55,692 - root - INFO - | Epoch: 223/500 | Train Time: 0.011s | Train Loss: 1010.898376 |
2020-08-17 03:09:55,704 - root - INFO - | Epoch: 224/500 | Train Time: 0.011s | Train Loss: 1001.707520 |
2020-08-17 03:09:55,715 - root - INFO - | Epoch: 225/500 | Train Time: 0.011s | Train Loss: 983.380188 |
2020-08-17 03:09:55,726 - root - INFO - | Epoch: 226/500 | Train Time: 0.011s | Train Loss: 1009.050446 |
2020-08-17 03:09:55,737 - root - INFO - | Epoch: 227/500 | Train Time: 0.011s | Train Loss: 995.127991 |
2020-08-17 03:09:55,749 - root - INFO - | Epoch: 228/500 | Train Time: 0.012s | Train Loss: 1002.761047 |
2020-08-17 03:09:55,760 - root - INFO - | Epoch: 229/500 | Train Time: 0.011s | Train Loss: 1007.418213 |
2020-08-17 03:09:55,771 - root - INFO - | Epoch: 230/500 | Train Time: 0.011s | Train Loss: 1020.520264 |
2020-08-17 03:09:55,782 - root - INFO - | Epoch: 231/500 | Train Time: 0.011s | Train Loss: 1044.812622 |
2020-08-17 03:09:55,793 - root - INFO - | Epoch: 232/500 | Train Time: 0.011s | Train Loss: 1001.594116 |
2020-08-17 03:09:55,805 - root - INFO - | Epoch: 233/500 | Train Time: 0.011s | Train Loss: 977.196503 |
2020-08-17 03:09:55,817 - root - INFO - | Epoch: 234/500 | Train Time: 0.012s | Train Loss: 993.627075 |
2020-08-17 03:09:55,828 - root - INFO - | Epoch: 235/500 | Train Time: 0.011s | Train Loss: 1001.088501 |
2020-08-17 03:09:55,839 - root - INFO - | Epoch: 236/500 | Train Time: 0.011s | Train Loss: 984.154877 |
2020-08-17 03:09:55,850 - root - INFO - | Epoch: 237/500 | Train Time: 0.011s | Train Loss: 999.499451 |
2020-08-17 03:09:55,861 - root - INFO - | Epoch: 238/500 | Train Time: 0.011s | Train Loss: 1012.258698 |
2020-08-17 03:09:55,873 - root - INFO - | Epoch: 239/500 | Train Time: 0.011s | Train Loss: 993.729309 |
2020-08-17 03:09:55,884 - root - INFO - | Epoch: 240/500 | Train Time: 0.011s | Train Loss: 1006.695312 |
2020-08-17 03:09:55,895 - root - INFO - | Epoch: 241/500 | Train Time: 0.011s | Train Loss: 997.501770 |
2020-08-17 03:09:55,906 - root - INFO - | Epoch: 242/500 | Train Time: 0.011s | Train Loss: 1010.353333 |
2020-08-17 03:09:55,917 - root - INFO - | Epoch: 243/500 | Train Time: 0.011s | Train Loss: 1023.545532 |
2020-08-17 03:09:55,929 - root - INFO - | Epoch: 244/500 | Train Time: 0.012s | Train Loss: 1003.768402 |
2020-08-17 03:09:55,941 - root - INFO - | Epoch: 245/500 | Train Time: 0.011s | Train Loss: 1003.312195 |
2020-08-17 03:09:55,952 - root - INFO - | Epoch: 246/500 | Train Time: 0.011s | Train Loss: 992.876678 |
2020-08-17 03:09:55,963 - root - INFO - | Epoch: 247/500 | Train Time: 0.011s | Train Loss: 985.426483 |
2020-08-17 03:09:55,974 - root - INFO - | Epoch: 248/500 | Train Time: 0.011s | Train Loss: 1006.509979 |
2020-08-17 03:09:55,985 - root - INFO - | Epoch: 249/500 | Train Time: 0.011s | Train Loss: 1012.090759 |
2020-08-17 03:09:55,997 - root - INFO - | Epoch: 250/500 | Train Time: 0.012s | Train Loss: 1021.047272 |
2020-08-17 03:09:56,009 - root - INFO - | Epoch: 251/500 | Train Time: 0.011s | Train Loss: 1000.433838 |
2020-08-17 03:09:56,020 - root - INFO - | Epoch: 252/500 | Train Time: 0.011s | Train Loss: 1001.544952 |
2020-08-17 03:09:56,031 - root - INFO - | Epoch: 253/500 | Train Time: 0.011s | Train Loss: 1023.743225 |
2020-08-17 03:09:56,043 - root - INFO - | Epoch: 254/500 | Train Time: 0.011s | Train Loss: 1001.152161 |
2020-08-17 03:09:56,054 - root - INFO - | Epoch: 255/500 | Train Time: 0.011s | Train Loss: 1008.546997 |
2020-08-17 03:09:56,065 - root - INFO - | Epoch: 256/500 | Train Time: 0.011s | Train Loss: 1009.558105 |
2020-08-17 03:09:56,077 - root - INFO - | Epoch: 257/500 | Train Time: 0.012s | Train Loss: 1007.098999 |
2020-08-17 03:09:56,089 - root - INFO - | Epoch: 258/500 | Train Time: 0.011s | Train Loss: 1022.112061 |
2020-08-17 03:09:56,100 - root - INFO - | Epoch: 259/500 | Train Time: 0.011s | Train Loss: 1028.501038 |
2020-08-17 03:09:56,111 - root - INFO - | Epoch: 260/500 | Train Time: 0.011s | Train Loss: 1020.592346 |
2020-08-17 03:09:56,122 - root - INFO - | Epoch: 261/500 | Train Time: 0.011s | Train Loss: 1017.638092 |
2020-08-17 03:09:56,133 - root - INFO - | Epoch: 262/500 | Train Time: 0.011s | Train Loss: 1021.823975 |
2020-08-17 03:09:56,145 - root - INFO - | Epoch: 263/500 | Train Time: 0.012s | Train Loss: 1027.771423 |
2020-08-17 03:09:56,156 - root - INFO - | Epoch: 264/500 | Train Time: 0.011s | Train Loss: 979.833282 |
2020-08-17 03:09:56,168 - root - INFO - | Epoch: 265/500 | Train Time: 0.011s | Train Loss: 1008.908569 |
2020-08-17 03:09:56,179 - root - INFO - | Epoch: 266/500 | Train Time: 0.011s | Train Loss: 1019.678589 |
2020-08-17 03:09:56,190 - root - INFO - | Epoch: 267/500 | Train Time: 0.011s | Train Loss: 1029.492065 |
2020-08-17 03:09:56,202 - root - INFO - | Epoch: 268/500 | Train Time: 0.011s | Train Loss: 1011.130859 |
2020-08-17 03:09:56,213 - root - INFO - | Epoch: 269/500 | Train Time: 0.012s | Train Loss: 1004.352875 |
2020-08-17 03:09:56,226 - root - INFO - | Epoch: 270/500 | Train Time: 0.012s | Train Loss: 985.833435 |
2020-08-17 03:09:56,241 - root - INFO - | Epoch: 271/500 | Train Time: 0.015s | Train Loss: 989.237854 |
2020-08-17 03:09:56,252 - root - INFO - | Epoch: 272/500 | Train Time: 0.011s | Train Loss: 982.928711 |
2020-08-17 03:09:56,263 - root - INFO - | Epoch: 273/500 | Train Time: 0.011s | Train Loss: 980.348053 |
2020-08-17 03:09:56,273 - root - INFO - | Epoch: 274/500 | Train Time: 0.011s | Train Loss: 1011.744385 |
2020-08-17 03:09:56,285 - root - INFO - | Epoch: 275/500 | Train Time: 0.011s | Train Loss: 1024.051208 |
2020-08-17 03:09:56,296 - root - INFO - | Epoch: 276/500 | Train Time: 0.011s | Train Loss: 1009.943878 |
2020-08-17 03:09:56,307 - root - INFO - | Epoch: 277/500 | Train Time: 0.011s | Train Loss: 1044.227997 |
2020-08-17 03:09:56,319 - root - INFO - | Epoch: 278/500 | Train Time: 0.011s | Train Loss: 1010.599426 |
2020-08-17 03:09:56,330 - root - INFO - | Epoch: 279/500 | Train Time: 0.011s | Train Loss: 1000.474060 |
2020-08-17 03:09:56,341 - root - INFO - | Epoch: 280/500 | Train Time: 0.011s | Train Loss: 1034.688812 |
2020-08-17 03:09:56,352 - root - INFO - | Epoch: 281/500 | Train Time: 0.011s | Train Loss: 990.879150 |
2020-08-17 03:09:56,363 - root - INFO - | Epoch: 282/500 | Train Time: 0.011s | Train Loss: 991.874207 |
2020-08-17 03:09:56,374 - root - INFO - | Epoch: 283/500 | Train Time: 0.011s | Train Loss: 1000.871307 |
2020-08-17 03:09:56,385 - root - INFO - | Epoch: 284/500 | Train Time: 0.011s | Train Loss: 1006.452850 |
2020-08-17 03:09:56,397 - root - INFO - | Epoch: 285/500 | Train Time: 0.011s | Train Loss: 994.091125 |
2020-08-17 03:09:56,409 - root - INFO - | Epoch: 286/500 | Train Time: 0.012s | Train Loss: 1027.700623 |
2020-08-17 03:09:56,420 - root - INFO - | Epoch: 287/500 | Train Time: 0.011s | Train Loss: 990.327820 |
2020-08-17 03:09:56,431 - root - INFO - | Epoch: 288/500 | Train Time: 0.011s | Train Loss: 996.548492 |
2020-08-17 03:09:56,442 - root - INFO - | Epoch: 289/500 | Train Time: 0.011s | Train Loss: 1023.736267 |
2020-08-17 03:09:56,454 - root - INFO - | Epoch: 290/500 | Train Time: 0.011s | Train Loss: 1013.039764 |
2020-08-17 03:09:56,465 - root - INFO - | Epoch: 291/500 | Train Time: 0.012s | Train Loss: 1044.743713 |
2020-08-17 03:09:56,477 - root - INFO - | Epoch: 292/500 | Train Time: 0.011s | Train Loss: 1032.820984 |
2020-08-17 03:09:56,487 - root - INFO - | Epoch: 293/500 | Train Time: 0.011s | Train Loss: 998.226105 |
2020-08-17 03:09:56,499 - root - INFO - | Epoch: 294/500 | Train Time: 0.011s | Train Loss: 1029.459717 |
2020-08-17 03:09:56,510 - root - INFO - | Epoch: 295/500 | Train Time: 0.011s | Train Loss: 1005.103394 |
2020-08-17 03:09:56,521 - root - INFO - | Epoch: 296/500 | Train Time: 0.011s | Train Loss: 999.062744 |
2020-08-17 03:09:56,533 - root - INFO - | Epoch: 297/500 | Train Time: 0.011s | Train Loss: 1029.451538 |
2020-08-17 03:09:56,544 - root - INFO - | Epoch: 298/500 | Train Time: 0.011s | Train Loss: 1030.569214 |
2020-08-17 03:09:56,555 - root - INFO - | Epoch: 299/500 | Train Time: 0.011s | Train Loss: 983.843994 |
2020-08-17 03:09:56,566 - root - INFO - | Epoch: 300/500 | Train Time: 0.011s | Train Loss: 1000.623901 |
2020-08-17 03:09:56,578 - root - INFO - | Epoch: 301/500 | Train Time: 0.011s | Train Loss: 1025.718323 |
2020-08-17 03:09:56,589 - root - INFO - | Epoch: 302/500 | Train Time: 0.011s | Train Loss: 1031.717651 |
2020-08-17 03:09:56,600 - root - INFO - | Epoch: 303/500 | Train Time: 0.011s | Train Loss: 994.760864 |
2020-08-17 03:09:56,612 - root - INFO - | Epoch: 304/500 | Train Time: 0.011s | Train Loss: 993.160767 |
2020-08-17 03:09:56,623 - root - INFO - | Epoch: 305/500 | Train Time: 0.011s | Train Loss: 1002.365601 |
2020-08-17 03:09:56,634 - root - INFO - | Epoch: 306/500 | Train Time: 0.011s | Train Loss: 1011.120911 |
2020-08-17 03:09:56,645 - root - INFO - | Epoch: 307/500 | Train Time: 0.011s | Train Loss: 1007.487213 |
2020-08-17 03:09:56,657 - root - INFO - | Epoch: 308/500 | Train Time: 0.011s | Train Loss: 982.586914 |
2020-08-17 03:09:56,668 - root - INFO - | Epoch: 309/500 | Train Time: 0.011s | Train Loss: 993.219055 |
2020-08-17 03:09:56,679 - root - INFO - | Epoch: 310/500 | Train Time: 0.011s | Train Loss: 1006.592773 |
2020-08-17 03:09:56,690 - root - INFO - | Epoch: 311/500 | Train Time: 0.011s | Train Loss: 982.744873 |
2020-08-17 03:09:56,702 - root - INFO - | Epoch: 312/500 | Train Time: 0.011s | Train Loss: 1002.423676 |
2020-08-17 03:09:56,713 - root - INFO - | Epoch: 313/500 | Train Time: 0.011s | Train Loss: 1003.746979 |
2020-08-17 03:09:56,724 - root - INFO - | Epoch: 314/500 | Train Time: 0.011s | Train Loss: 988.498352 |
2020-08-17 03:09:56,735 - root - INFO - | Epoch: 315/500 | Train Time: 0.011s | Train Loss: 1006.417328 |
2020-08-17 03:09:56,747 - root - INFO - | Epoch: 316/500 | Train Time: 0.011s | Train Loss: 1024.243896 |
2020-08-17 03:09:56,758 - root - INFO - | Epoch: 317/500 | Train Time: 0.011s | Train Loss: 1010.654205 |
2020-08-17 03:09:56,769 - root - INFO - | Epoch: 318/500 | Train Time: 0.011s | Train Loss: 1018.324738 |
2020-08-17 03:09:56,781 - root - INFO - | Epoch: 319/500 | Train Time: 0.012s | Train Loss: 1012.064056 |
2020-08-17 03:09:56,792 - root - INFO - | Epoch: 320/500 | Train Time: 0.011s | Train Loss: 1008.735596 |
2020-08-17 03:09:56,804 - root - INFO - | Epoch: 321/500 | Train Time: 0.011s | Train Loss: 991.756104 |
2020-08-17 03:09:56,815 - root - INFO - | Epoch: 322/500 | Train Time: 0.011s | Train Loss: 1000.241882 |
2020-08-17 03:09:56,826 - root - INFO - | Epoch: 323/500 | Train Time: 0.011s | Train Loss: 1024.580994 |
2020-08-17 03:09:56,837 - root - INFO - | Epoch: 324/500 | Train Time: 0.011s | Train Loss: 986.479706 |
2020-08-17 03:09:56,849 - root - INFO - | Epoch: 325/500 | Train Time: 0.011s | Train Loss: 1010.978973 |
2020-08-17 03:09:56,860 - root - INFO - | Epoch: 326/500 | Train Time: 0.011s | Train Loss: 1012.565582 |
2020-08-17 03:09:56,871 - root - INFO - | Epoch: 327/500 | Train Time: 0.011s | Train Loss: 1006.270020 |
2020-08-17 03:09:56,883 - root - INFO - | Epoch: 328/500 | Train Time: 0.011s | Train Loss: 992.148499 |
2020-08-17 03:09:56,894 - root - INFO - | Epoch: 329/500 | Train Time: 0.011s | Train Loss: 985.703094 |
2020-08-17 03:09:56,905 - root - INFO - | Epoch: 330/500 | Train Time: 0.011s | Train Loss: 1026.732666 |
2020-08-17 03:09:56,916 - root - INFO - | Epoch: 331/500 | Train Time: 0.011s | Train Loss: 1018.526428 |
2020-08-17 03:09:56,928 - root - INFO - | Epoch: 332/500 | Train Time: 0.011s | Train Loss: 998.422424 |
2020-08-17 03:09:56,939 - root - INFO - | Epoch: 333/500 | Train Time: 0.011s | Train Loss: 1025.733154 |
2020-08-17 03:09:56,950 - root - INFO - | Epoch: 334/500 | Train Time: 0.011s | Train Loss: 1001.383636 |
2020-08-17 03:09:56,961 - root - INFO - | Epoch: 335/500 | Train Time: 0.011s | Train Loss: 1015.963776 |
2020-08-17 03:09:56,972 - root - INFO - | Epoch: 336/500 | Train Time: 0.011s | Train Loss: 994.185516 |
2020-08-17 03:09:56,984 - root - INFO - | Epoch: 337/500 | Train Time: 0.011s | Train Loss: 1007.658142 |
2020-08-17 03:09:56,995 - root - INFO - | Epoch: 338/500 | Train Time: 0.011s | Train Loss: 1006.621155 |
2020-08-17 03:09:57,006 - root - INFO - | Epoch: 339/500 | Train Time: 0.011s | Train Loss: 1029.405731 |
2020-08-17 03:09:57,017 - root - INFO - | Epoch: 340/500 | Train Time: 0.011s | Train Loss: 1023.777710 |
2020-08-17 03:09:57,029 - root - INFO - | Epoch: 341/500 | Train Time: 0.011s | Train Loss: 1015.400024 |
2020-08-17 03:09:57,040 - root - INFO - | Epoch: 342/500 | Train Time: 0.011s | Train Loss: 1028.473267 |
2020-08-17 03:09:57,051 - root - INFO - | Epoch: 343/500 | Train Time: 0.011s | Train Loss: 1004.417267 |
2020-08-17 03:09:57,062 - root - INFO - | Epoch: 344/500 | Train Time: 0.011s | Train Loss: 1008.809021 |
2020-08-17 03:09:57,074 - root - INFO - | Epoch: 345/500 | Train Time: 0.011s | Train Loss: 994.737671 |
2020-08-17 03:09:57,085 - root - INFO - | Epoch: 346/500 | Train Time: 0.011s | Train Loss: 1017.417572 |
2020-08-17 03:09:57,096 - root - INFO - | Epoch: 347/500 | Train Time: 0.011s | Train Loss: 1006.296448 |
2020-08-17 03:09:57,107 - root - INFO - | Epoch: 348/500 | Train Time: 0.011s | Train Loss: 994.634308 |
2020-08-17 03:09:57,119 - root - INFO - | Epoch: 349/500 | Train Time: 0.011s | Train Loss: 1005.575287 |
2020-08-17 03:09:57,130 - root - INFO - | Epoch: 350/500 | Train Time: 0.011s | Train Loss: 969.464386 |
2020-08-17 03:09:57,141 - root - INFO - | Epoch: 351/500 | Train Time: 0.011s | Train Loss: 1026.166779 |
2020-08-17 03:09:57,153 - root - INFO - | Epoch: 352/500 | Train Time: 0.011s | Train Loss: 1020.217163 |
2020-08-17 03:09:57,164 - root - INFO - | Epoch: 353/500 | Train Time: 0.011s | Train Loss: 1016.848694 |
2020-08-17 03:09:57,175 - root - INFO - | Epoch: 354/500 | Train Time: 0.011s | Train Loss: 979.452087 |
2020-08-17 03:09:57,187 - root - INFO - | Epoch: 355/500 | Train Time: 0.011s | Train Loss: 986.517578 |
2020-08-17 03:09:57,198 - root - INFO - | Epoch: 356/500 | Train Time: 0.011s | Train Loss: 1025.143707 |
2020-08-17 03:09:57,209 - root - INFO - | Epoch: 357/500 | Train Time: 0.011s | Train Loss: 1000.468567 |
2020-08-17 03:09:57,221 - root - INFO - | Epoch: 358/500 | Train Time: 0.011s | Train Loss: 1023.732422 |
2020-08-17 03:09:57,232 - root - INFO - | Epoch: 359/500 | Train Time: 0.011s | Train Loss: 1020.576233 |
2020-08-17 03:09:57,243 - root - INFO - | Epoch: 360/500 | Train Time: 0.011s | Train Loss: 1037.781067 |
2020-08-17 03:09:57,254 - root - INFO - | Epoch: 361/500 | Train Time: 0.011s | Train Loss: 1005.044678 |
2020-08-17 03:09:57,265 - root - INFO - | Epoch: 362/500 | Train Time: 0.011s | Train Loss: 1015.496521 |
2020-08-17 03:09:57,277 - root - INFO - | Epoch: 363/500 | Train Time: 0.011s | Train Loss: 1043.932251 |
2020-08-17 03:09:57,288 - root - INFO - | Epoch: 364/500 | Train Time: 0.011s | Train Loss: 996.718323 |
2020-08-17 03:09:57,299 - root - INFO - | Epoch: 365/500 | Train Time: 0.011s | Train Loss: 1011.842377 |
2020-08-17 03:09:57,311 - root - INFO - | Epoch: 366/500 | Train Time: 0.011s | Train Loss: 996.507629 |
2020-08-17 03:09:57,322 - root - INFO - | Epoch: 367/500 | Train Time: 0.011s | Train Loss: 1003.087708 |
2020-08-17 03:09:57,333 - root - INFO - | Epoch: 368/500 | Train Time: 0.011s | Train Loss: 1010.477661 |
2020-08-17 03:09:57,345 - root - INFO - | Epoch: 369/500 | Train Time: 0.011s | Train Loss: 1003.461884 |
2020-08-17 03:09:57,356 - root - INFO - | Epoch: 370/500 | Train Time: 0.011s | Train Loss: 977.107605 |
2020-08-17 03:09:57,367 - root - INFO - | Epoch: 371/500 | Train Time: 0.011s | Train Loss: 1014.872742 |
2020-08-17 03:09:57,378 - root - INFO - | Epoch: 372/500 | Train Time: 0.011s | Train Loss: 1026.883911 |
2020-08-17 03:09:57,390 - root - INFO - | Epoch: 373/500 | Train Time: 0.011s | Train Loss: 1002.718201 |
2020-08-17 03:09:57,401 - root - INFO - | Epoch: 374/500 | Train Time: 0.011s | Train Loss: 993.098083 |
2020-08-17 03:09:57,412 - root - INFO - | Epoch: 375/500 | Train Time: 0.011s | Train Loss: 982.883301 |
2020-08-17 03:09:57,424 - root - INFO - | Epoch: 376/500 | Train Time: 0.011s | Train Loss: 990.123383 |
2020-08-17 03:09:57,435 - root - INFO - | Epoch: 377/500 | Train Time: 0.011s | Train Loss: 1009.990631 |
2020-08-17 03:09:57,446 - root - INFO - | Epoch: 378/500 | Train Time: 0.011s | Train Loss: 1005.267548 |
2020-08-17 03:09:57,457 - root - INFO - | Epoch: 379/500 | Train Time: 0.011s | Train Loss: 984.426361 |
2020-08-17 03:09:57,469 - root - INFO - | Epoch: 380/500 | Train Time: 0.011s | Train Loss: 1009.477325 |
2020-08-17 03:09:57,480 - root - INFO - | Epoch: 381/500 | Train Time: 0.011s | Train Loss: 1008.604218 |
2020-08-17 03:09:57,491 - root - INFO - | Epoch: 382/500 | Train Time: 0.011s | Train Loss: 1013.562866 |
2020-08-17 03:09:57,503 - root - INFO - | Epoch: 383/500 | Train Time: 0.011s | Train Loss: 993.631165 |
2020-08-17 03:09:57,514 - root - INFO - | Epoch: 384/500 | Train Time: 0.011s | Train Loss: 1003.070679 |
2020-08-17 03:09:57,525 - root - INFO - | Epoch: 385/500 | Train Time: 0.011s | Train Loss: 968.221558 |
2020-08-17 03:09:57,537 - root - INFO - | Epoch: 386/500 | Train Time: 0.011s | Train Loss: 1034.987976 |
2020-08-17 03:09:57,548 - root - INFO - | Epoch: 387/500 | Train Time: 0.011s | Train Loss: 1010.886200 |
2020-08-17 03:09:57,559 - root - INFO - | Epoch: 388/500 | Train Time: 0.011s | Train Loss: 997.645630 |
2020-08-17 03:09:57,571 - root - INFO - | Epoch: 389/500 | Train Time: 0.011s | Train Loss: 998.082886 |
2020-08-17 03:09:57,582 - root - INFO - | Epoch: 390/500 | Train Time: 0.011s | Train Loss: 983.628540 |
2020-08-17 03:09:57,593 - root - INFO - | Epoch: 391/500 | Train Time: 0.011s | Train Loss: 981.803101 |
2020-08-17 03:09:57,605 - root - INFO - | Epoch: 392/500 | Train Time: 0.011s | Train Loss: 1007.674286 |
2020-08-17 03:09:57,616 - root - INFO - | Epoch: 393/500 | Train Time: 0.011s | Train Loss: 988.618835 |
2020-08-17 03:09:57,627 - root - INFO - | Epoch: 394/500 | Train Time: 0.011s | Train Loss: 1005.133850 |
2020-08-17 03:09:57,639 - root - INFO - | Epoch: 395/500 | Train Time: 0.012s | Train Loss: 1014.064148 |
2020-08-17 03:09:57,650 - root - INFO - | Epoch: 396/500 | Train Time: 0.011s | Train Loss: 1018.949463 |
2020-08-17 03:09:57,662 - root - INFO - | Epoch: 397/500 | Train Time: 0.011s | Train Loss: 998.881805 |
2020-08-17 03:09:57,673 - root - INFO - | Epoch: 398/500 | Train Time: 0.011s | Train Loss: 996.682617 |
2020-08-17 03:09:57,684 - root - INFO - | Epoch: 399/500 | Train Time: 0.011s | Train Loss: 998.098999 |
2020-08-17 03:09:57,695 - root - INFO - | Epoch: 400/500 | Train Time: 0.011s | Train Loss: 975.543152 |
2020-08-17 03:09:57,706 - root - INFO - | Epoch: 401/500 | Train Time: 0.011s | Train Loss: 995.757416 |
2020-08-17 03:09:57,718 - root - INFO - | Epoch: 402/500 | Train Time: 0.011s | Train Loss: 991.278198 |
2020-08-17 03:09:57,729 - root - INFO - | Epoch: 403/500 | Train Time: 0.011s | Train Loss: 1012.348389 |
2020-08-17 03:09:57,741 - root - INFO - | Epoch: 404/500 | Train Time: 0.012s | Train Loss: 1028.632416 |
2020-08-17 03:09:57,756 - root - INFO - | Epoch: 405/500 | Train Time: 0.016s | Train Loss: 1005.275513 |
2020-08-17 03:09:57,767 - root - INFO - | Epoch: 406/500 | Train Time: 0.011s | Train Loss: 1009.641876 |
2020-08-17 03:09:57,778 - root - INFO - | Epoch: 407/500 | Train Time: 0.011s | Train Loss: 992.680542 |
2020-08-17 03:09:57,789 - root - INFO - | Epoch: 408/500 | Train Time: 0.011s | Train Loss: 1011.614227 |
2020-08-17 03:09:57,800 - root - INFO - | Epoch: 409/500 | Train Time: 0.011s | Train Loss: 1034.973541 |
2020-08-17 03:09:57,811 - root - INFO - | Epoch: 410/500 | Train Time: 0.011s | Train Loss: 985.090332 |
2020-08-17 03:09:57,822 - root - INFO - | Epoch: 411/500 | Train Time: 0.011s | Train Loss: 998.192261 |
2020-08-17 03:09:57,833 - root - INFO - | Epoch: 412/500 | Train Time: 0.011s | Train Loss: 986.788330 |
2020-08-17 03:09:57,845 - root - INFO - | Epoch: 413/500 | Train Time: 0.011s | Train Loss: 1006.498199 |
2020-08-17 03:09:57,856 - root - INFO - | Epoch: 414/500 | Train Time: 0.011s | Train Loss: 1008.718597 |
2020-08-17 03:09:57,867 - root - INFO - | Epoch: 415/500 | Train Time: 0.011s | Train Loss: 1013.692993 |
2020-08-17 03:09:57,878 - root - INFO - | Epoch: 416/500 | Train Time: 0.011s | Train Loss: 973.710510 |
2020-08-17 03:09:57,889 - root - INFO - | Epoch: 417/500 | Train Time: 0.011s | Train Loss: 1005.388550 |
2020-08-17 03:09:57,900 - root - INFO - | Epoch: 418/500 | Train Time: 0.011s | Train Loss: 979.786530 |
2020-08-17 03:09:57,911 - root - INFO - | Epoch: 419/500 | Train Time: 0.011s | Train Loss: 1010.761414 |
2020-08-17 03:09:57,923 - root - INFO - | Epoch: 420/500 | Train Time: 0.011s | Train Loss: 1015.244446 |
2020-08-17 03:09:57,934 - root - INFO - | Epoch: 421/500 | Train Time: 0.011s | Train Loss: 983.685272 |
2020-08-17 03:09:57,945 - root - INFO - | Epoch: 422/500 | Train Time: 0.011s | Train Loss: 993.257416 |
2020-08-17 03:09:57,956 - root - INFO - | Epoch: 423/500 | Train Time: 0.011s | Train Loss: 986.738037 |
2020-08-17 03:09:57,967 - root - INFO - | Epoch: 424/500 | Train Time: 0.011s | Train Loss: 988.486206 |
2020-08-17 03:09:57,979 - root - INFO - | Epoch: 425/500 | Train Time: 0.011s | Train Loss: 1004.340790 |
2020-08-17 03:09:57,990 - root - INFO - | Epoch: 426/500 | Train Time: 0.011s | Train Loss: 993.013672 |
2020-08-17 03:09:58,002 - root - INFO - | Epoch: 427/500 | Train Time: 0.011s | Train Loss: 1018.006287 |
2020-08-17 03:09:58,013 - root - INFO - | Epoch: 428/500 | Train Time: 0.011s | Train Loss: 1016.854828 |
2020-08-17 03:09:58,024 - root - INFO - | Epoch: 429/500 | Train Time: 0.011s | Train Loss: 1018.175171 |
2020-08-17 03:09:58,035 - root - INFO - | Epoch: 430/500 | Train Time: 0.011s | Train Loss: 1014.251892 |
2020-08-17 03:09:58,047 - root - INFO - | Epoch: 431/500 | Train Time: 0.011s | Train Loss: 1001.279572 |
2020-08-17 03:09:58,058 - root - INFO - | Epoch: 432/500 | Train Time: 0.011s | Train Loss: 993.547150 |
2020-08-17 03:09:58,069 - root - INFO - | Epoch: 433/500 | Train Time: 0.011s | Train Loss: 981.444763 |
2020-08-17 03:09:58,081 - root - INFO - | Epoch: 434/500 | Train Time: 0.011s | Train Loss: 1019.659058 |
2020-08-17 03:09:58,092 - root - INFO - | Epoch: 435/500 | Train Time: 0.011s | Train Loss: 999.137390 |
2020-08-17 03:09:58,103 - root - INFO - | Epoch: 436/500 | Train Time: 0.011s | Train Loss: 1035.068329 |
2020-08-17 03:09:58,115 - root - INFO - | Epoch: 437/500 | Train Time: 0.011s | Train Loss: 987.420959 |
2020-08-17 03:09:58,126 - root - INFO - | Epoch: 438/500 | Train Time: 0.011s | Train Loss: 994.165710 |
2020-08-17 03:09:58,137 - root - INFO - | Epoch: 439/500 | Train Time: 0.011s | Train Loss: 999.028381 |
2020-08-17 03:09:58,149 - root - INFO - | Epoch: 440/500 | Train Time: 0.011s | Train Loss: 997.869385 |
2020-08-17 03:09:58,160 - root - INFO - | Epoch: 441/500 | Train Time: 0.011s | Train Loss: 975.322327 |
2020-08-17 03:09:58,171 - root - INFO - | Epoch: 442/500 | Train Time: 0.011s | Train Loss: 982.333679 |
2020-08-17 03:09:58,182 - root - INFO - | Epoch: 443/500 | Train Time: 0.011s | Train Loss: 999.766632 |
2020-08-17 03:09:58,194 - root - INFO - | Epoch: 444/500 | Train Time: 0.011s | Train Loss: 998.156158 |
2020-08-17 03:09:58,205 - root - INFO - | Epoch: 445/500 | Train Time: 0.011s | Train Loss: 982.970642 |
2020-08-17 03:09:58,216 - root - INFO - | Epoch: 446/500 | Train Time: 0.011s | Train Loss: 1021.133667 |
2020-08-17 03:09:58,228 - root - INFO - | Epoch: 447/500 | Train Time: 0.011s | Train Loss: 998.004150 |
2020-08-17 03:09:58,239 - root - INFO - | Epoch: 448/500 | Train Time: 0.011s | Train Loss: 1026.898987 |
2020-08-17 03:09:58,250 - root - INFO - | Epoch: 449/500 | Train Time: 0.011s | Train Loss: 977.145020 |
2020-08-17 03:09:58,261 - root - INFO - | Epoch: 450/500 | Train Time: 0.011s | Train Loss: 1014.242432 |
2020-08-17 03:09:58,272 - root - INFO - | Epoch: 451/500 | Train Time: 0.011s | Train Loss: 1013.547455 |
2020-08-17 03:09:58,283 - root - INFO - | Epoch: 452/500 | Train Time: 0.011s | Train Loss: 1028.869934 |
2020-08-17 03:09:58,295 - root - INFO - | Epoch: 453/500 | Train Time: 0.011s | Train Loss: 1021.866028 |
2020-08-17 03:09:58,306 - root - INFO - | Epoch: 454/500 | Train Time: 0.011s | Train Loss: 1038.905426 |
2020-08-17 03:09:58,317 - root - INFO - | Epoch: 455/500 | Train Time: 0.011s | Train Loss: 1016.598633 |
2020-08-17 03:09:58,329 - root - INFO - | Epoch: 456/500 | Train Time: 0.011s | Train Loss: 1004.402710 |
2020-08-17 03:09:58,340 - root - INFO - | Epoch: 457/500 | Train Time: 0.011s | Train Loss: 1008.386963 |
2020-08-17 03:09:58,351 - root - INFO - | Epoch: 458/500 | Train Time: 0.011s | Train Loss: 1005.179535 |
2020-08-17 03:09:58,362 - root - INFO - | Epoch: 459/500 | Train Time: 0.011s | Train Loss: 997.539886 |
2020-08-17 03:09:58,373 - root - INFO - | Epoch: 460/500 | Train Time: 0.011s | Train Loss: 1005.183472 |
2020-08-17 03:09:58,385 - root - INFO - | Epoch: 461/500 | Train Time: 0.011s | Train Loss: 1004.089050 |
2020-08-17 03:09:58,396 - root - INFO - | Epoch: 462/500 | Train Time: 0.011s | Train Loss: 1003.216461 |
2020-08-17 03:09:58,408 - root - INFO - | Epoch: 463/500 | Train Time: 0.011s | Train Loss: 988.003357 |
2020-08-17 03:09:58,419 - root - INFO - | Epoch: 464/500 | Train Time: 0.011s | Train Loss: 981.733093 |
2020-08-17 03:09:58,430 - root - INFO - | Epoch: 465/500 | Train Time: 0.011s | Train Loss: 993.880341 |
2020-08-17 03:09:58,441 - root - INFO - | Epoch: 466/500 | Train Time: 0.011s | Train Loss: 1013.651611 |
2020-08-17 03:09:58,453 - root - INFO - | Epoch: 467/500 | Train Time: 0.011s | Train Loss: 989.768890 |
2020-08-17 03:09:58,464 - root - INFO - | Epoch: 468/500 | Train Time: 0.011s | Train Loss: 1025.542206 |
2020-08-17 03:09:58,475 - root - INFO - | Epoch: 469/500 | Train Time: 0.011s | Train Loss: 1003.291748 |
2020-08-17 03:09:58,486 - root - INFO - | Epoch: 470/500 | Train Time: 0.011s | Train Loss: 1024.872772 |
2020-08-17 03:09:58,498 - root - INFO - | Epoch: 471/500 | Train Time: 0.011s | Train Loss: 1000.328949 |
2020-08-17 03:09:58,509 - root - INFO - | Epoch: 472/500 | Train Time: 0.011s | Train Loss: 1009.306702 |
2020-08-17 03:09:58,520 - root - INFO - | Epoch: 473/500 | Train Time: 0.011s | Train Loss: 1009.991608 |
2020-08-17 03:09:58,531 - root - INFO - | Epoch: 474/500 | Train Time: 0.011s | Train Loss: 1014.989807 |
2020-08-17 03:09:58,543 - root - INFO - | Epoch: 475/500 | Train Time: 0.011s | Train Loss: 1012.652435 |
2020-08-17 03:09:58,554 - root - INFO - | Epoch: 476/500 | Train Time: 0.011s | Train Loss: 1010.386414 |
2020-08-17 03:09:58,565 - root - INFO - | Epoch: 477/500 | Train Time: 0.011s | Train Loss: 1000.197601 |
2020-08-17 03:09:58,577 - root - INFO - | Epoch: 478/500 | Train Time: 0.011s | Train Loss: 989.883423 |
2020-08-17 03:09:58,588 - root - INFO - | Epoch: 479/500 | Train Time: 0.011s | Train Loss: 1009.569885 |
2020-08-17 03:09:58,599 - root - INFO - | Epoch: 480/500 | Train Time: 0.011s | Train Loss: 1038.465332 |
2020-08-17 03:09:58,610 - root - INFO - | Epoch: 481/500 | Train Time: 0.011s | Train Loss: 999.512878 |
2020-08-17 03:09:58,622 - root - INFO - | Epoch: 482/500 | Train Time: 0.011s | Train Loss: 994.323669 |
2020-08-17 03:09:58,633 - root - INFO - | Epoch: 483/500 | Train Time: 0.011s | Train Loss: 987.587402 |
2020-08-17 03:09:58,644 - root - INFO - | Epoch: 484/500 | Train Time: 0.011s | Train Loss: 981.828796 |
2020-08-17 03:09:58,655 - root - INFO - | Epoch: 485/500 | Train Time: 0.011s | Train Loss: 1005.089996 |
2020-08-17 03:09:58,667 - root - INFO - | Epoch: 486/500 | Train Time: 0.011s | Train Loss: 987.020844 |
2020-08-17 03:09:58,678 - root - INFO - | Epoch: 487/500 | Train Time: 0.011s | Train Loss: 984.752228 |
2020-08-17 03:09:58,689 - root - INFO - | Epoch: 488/500 | Train Time: 0.011s | Train Loss: 1013.369934 |
2020-08-17 03:09:58,701 - root - INFO - | Epoch: 489/500 | Train Time: 0.011s | Train Loss: 988.170929 |
2020-08-17 03:09:58,712 - root - INFO - | Epoch: 490/500 | Train Time: 0.011s | Train Loss: 987.070984 |
2020-08-17 03:09:58,723 - root - INFO - | Epoch: 491/500 | Train Time: 0.011s | Train Loss: 982.681885 |
2020-08-17 03:09:58,735 - root - INFO - | Epoch: 492/500 | Train Time: 0.011s | Train Loss: 1024.676849 |
2020-08-17 03:09:58,746 - root - INFO - | Epoch: 493/500 | Train Time: 0.011s | Train Loss: 1024.284271 |
2020-08-17 03:09:58,757 - root - INFO - | Epoch: 494/500 | Train Time: 0.011s | Train Loss: 1008.591003 |
2020-08-17 03:09:58,769 - root - INFO - | Epoch: 495/500 | Train Time: 0.011s | Train Loss: 1010.885437 |
2020-08-17 03:09:58,780 - root - INFO - | Epoch: 496/500 | Train Time: 0.011s | Train Loss: 1000.603027 |
2020-08-17 03:09:58,791 - root - INFO - | Epoch: 497/500 | Train Time: 0.011s | Train Loss: 1007.930847 |
2020-08-17 03:09:58,802 - root - INFO - | Epoch: 498/500 | Train Time: 0.011s | Train Loss: 974.649231 |
2020-08-17 03:09:58,814 - root - INFO - | Epoch: 499/500 | Train Time: 0.011s | Train Loss: 1015.183563 |
2020-08-17 03:09:58,826 - root - INFO - | Epoch: 500/500 | Train Time: 0.012s | Train Loss: 1000.717529 |
2020-08-17 03:09:58,826 - root - INFO - Training Time: 5.649s
2020-08-17 03:09:58,826 - root - INFO - Finished training.
2020-08-17 03:09:58,826 - root - INFO - Starting testing...
2020-08-17 03:09:58,830 - root - INFO - Test AUC: 59.66%
2020-08-17 03:09:58,830 - root - INFO - Test Time: 0.002s
2020-08-17 03:09:58,830 - root - INFO - Finished testing.
2020-08-17 03:09:58,887 - root - INFO - Starting testing...
2020-08-17 03:09:58,890 - root - INFO - Test AUC: 59.66%
2020-08-17 03:09:58,891 - root - INFO - Test Time: 0.002s
2020-08-17 03:09:58,891 - root - INFO - Finished testing.
