2020-08-17 00:19:07,348 - root - INFO - I am pre-training for you.
2020-08-17 00:19:09,277 - root - INFO - | Epoch: 001/100 | Train Time: 0.118s | Train Loss: 7629.522154 |
2020-08-17 00:19:09,402 - root - INFO - | Epoch: 002/100 | Train Time: 0.125s | Train Loss: 7623.423539 |
2020-08-17 00:19:09,529 - root - INFO - | Epoch: 003/100 | Train Time: 0.127s | Train Loss: 7616.310077 |
2020-08-17 00:19:09,656 - root - INFO - | Epoch: 004/100 | Train Time: 0.127s | Train Loss: 7591.156377 |
2020-08-17 00:19:09,780 - root - INFO - | Epoch: 005/100 | Train Time: 0.124s | Train Loss: 7585.358905 |
2020-08-17 00:19:09,908 - root - INFO - | Epoch: 006/100 | Train Time: 0.128s | Train Loss: 7583.648275 |
2020-08-17 00:19:10,036 - root - INFO - | Epoch: 007/100 | Train Time: 0.128s | Train Loss: 7581.358615 |
2020-08-17 00:19:10,162 - root - INFO - | Epoch: 008/100 | Train Time: 0.125s | Train Loss: 7574.727123 |
2020-08-17 00:19:10,296 - root - INFO - | Epoch: 009/100 | Train Time: 0.134s | Train Loss: 7569.721408 |
2020-08-17 00:19:10,426 - root - INFO - | Epoch: 010/100 | Train Time: 0.130s | Train Loss: 7560.577329 |
2020-08-17 00:19:10,556 - root - INFO - | Epoch: 011/100 | Train Time: 0.130s | Train Loss: 7560.344889 |
2020-08-17 00:19:10,687 - root - INFO - | Epoch: 012/100 | Train Time: 0.131s | Train Loss: 7568.033456 |
2020-08-17 00:19:10,817 - root - INFO - | Epoch: 013/100 | Train Time: 0.130s | Train Loss: 7565.058178 |
2020-08-17 00:19:10,949 - root - INFO - | Epoch: 014/100 | Train Time: 0.132s | Train Loss: 7563.568414 |
2020-08-17 00:19:11,082 - root - INFO - | Epoch: 015/100 | Train Time: 0.132s | Train Loss: 7558.067347 |
2020-08-17 00:19:11,212 - root - INFO - | Epoch: 016/100 | Train Time: 0.131s | Train Loss: 7557.554326 |
2020-08-17 00:19:11,345 - root - INFO - | Epoch: 017/100 | Train Time: 0.132s | Train Loss: 7557.589988 |
2020-08-17 00:19:11,473 - root - INFO - | Epoch: 018/100 | Train Time: 0.128s | Train Loss: 7566.533185 |
2020-08-17 00:19:11,604 - root - INFO - | Epoch: 019/100 | Train Time: 0.131s | Train Loss: 7565.962276 |
2020-08-17 00:19:11,732 - root - INFO - | Epoch: 020/100 | Train Time: 0.128s | Train Loss: 7568.043023 |
2020-08-17 00:19:11,862 - root - INFO - | Epoch: 021/100 | Train Time: 0.129s | Train Loss: 7550.141873 |
2020-08-17 00:19:11,993 - root - INFO - | Epoch: 022/100 | Train Time: 0.131s | Train Loss: 7556.299081 |
2020-08-17 00:19:12,124 - root - INFO - | Epoch: 023/100 | Train Time: 0.131s | Train Loss: 7563.661476 |
2020-08-17 00:19:12,256 - root - INFO - | Epoch: 024/100 | Train Time: 0.132s | Train Loss: 7562.194788 |
2020-08-17 00:19:12,386 - root - INFO - | Epoch: 025/100 | Train Time: 0.130s | Train Loss: 7557.956868 |
2020-08-17 00:19:12,516 - root - INFO - | Epoch: 026/100 | Train Time: 0.129s | Train Loss: 7565.407407 |
2020-08-17 00:19:12,645 - root - INFO - | Epoch: 027/100 | Train Time: 0.129s | Train Loss: 7546.438965 |
2020-08-17 00:19:12,777 - root - INFO - | Epoch: 028/100 | Train Time: 0.131s | Train Loss: 7556.488643 |
2020-08-17 00:19:12,906 - root - INFO - | Epoch: 029/100 | Train Time: 0.130s | Train Loss: 7569.785319 |
2020-08-17 00:19:13,037 - root - INFO - | Epoch: 030/100 | Train Time: 0.130s | Train Loss: 7551.633536 |
2020-08-17 00:19:13,177 - root - INFO - | Epoch: 031/100 | Train Time: 0.140s | Train Loss: 7565.211372 |
2020-08-17 00:19:13,311 - root - INFO - | Epoch: 032/100 | Train Time: 0.134s | Train Loss: 7556.471354 |
2020-08-17 00:19:13,444 - root - INFO - | Epoch: 033/100 | Train Time: 0.133s | Train Loss: 7564.035012 |
2020-08-17 00:19:13,577 - root - INFO - | Epoch: 034/100 | Train Time: 0.132s | Train Loss: 7553.406937 |
2020-08-17 00:19:13,709 - root - INFO - | Epoch: 035/100 | Train Time: 0.132s | Train Loss: 7558.407444 |
2020-08-17 00:19:13,842 - root - INFO - | Epoch: 036/100 | Train Time: 0.133s | Train Loss: 7561.510760 |
2020-08-17 00:19:13,974 - root - INFO - | Epoch: 037/100 | Train Time: 0.131s | Train Loss: 7553.592629 |
2020-08-17 00:19:14,108 - root - INFO - | Epoch: 038/100 | Train Time: 0.134s | Train Loss: 7562.501049 |
2020-08-17 00:19:14,239 - root - INFO - | Epoch: 039/100 | Train Time: 0.132s | Train Loss: 7559.872215 |
2020-08-17 00:19:14,372 - root - INFO - | Epoch: 040/100 | Train Time: 0.133s | Train Loss: 7562.531413 |
2020-08-17 00:19:14,506 - root - INFO - | Epoch: 041/100 | Train Time: 0.134s | Train Loss: 7563.314652 |
2020-08-17 00:19:14,641 - root - INFO - | Epoch: 042/100 | Train Time: 0.134s | Train Loss: 7557.949852 |
2020-08-17 00:19:14,775 - root - INFO - | Epoch: 043/100 | Train Time: 0.134s | Train Loss: 7556.455169 |
2020-08-17 00:19:14,910 - root - INFO - | Epoch: 044/100 | Train Time: 0.135s | Train Loss: 7566.139251 |
2020-08-17 00:19:15,045 - root - INFO - | Epoch: 045/100 | Train Time: 0.135s | Train Loss: 7557.584382 |
2020-08-17 00:19:15,156 - root - INFO - | Epoch: 046/100 | Train Time: 0.110s | Train Loss: 7561.065556 |
2020-08-17 00:19:15,249 - root - INFO - | Epoch: 047/100 | Train Time: 0.093s | Train Loss: 7564.793945 |
2020-08-17 00:19:15,341 - root - INFO - | Epoch: 048/100 | Train Time: 0.092s | Train Loss: 7558.893645 |
2020-08-17 00:19:15,434 - root - INFO - | Epoch: 049/100 | Train Time: 0.093s | Train Loss: 7569.784686 |
2020-08-17 00:19:15,527 - root - INFO - | Epoch: 050/100 | Train Time: 0.093s | Train Loss: 7561.942365 |
2020-08-17 00:19:15,527 - root - INFO -   LR scheduler: new learning rate is 0.0001
2020-08-17 00:19:15,620 - root - INFO - | Epoch: 051/100 | Train Time: 0.093s | Train Loss: 7562.864800 |
2020-08-17 00:19:15,713 - root - INFO - | Epoch: 052/100 | Train Time: 0.093s | Train Loss: 7554.451534 |
2020-08-17 00:19:15,806 - root - INFO - | Epoch: 053/100 | Train Time: 0.093s | Train Loss: 7556.614945 |
2020-08-17 00:19:15,898 - root - INFO - | Epoch: 054/100 | Train Time: 0.093s | Train Loss: 7553.340025 |
2020-08-17 00:19:15,991 - root - INFO - | Epoch: 055/100 | Train Time: 0.093s | Train Loss: 7564.583460 |
2020-08-17 00:19:16,084 - root - INFO - | Epoch: 056/100 | Train Time: 0.093s | Train Loss: 7557.327329 |
2020-08-17 00:19:16,173 - root - INFO - | Epoch: 057/100 | Train Time: 0.089s | Train Loss: 7553.846119 |
2020-08-17 00:19:16,256 - root - INFO - | Epoch: 058/100 | Train Time: 0.083s | Train Loss: 7557.811560 |
2020-08-17 00:19:16,339 - root - INFO - | Epoch: 059/100 | Train Time: 0.083s | Train Loss: 7557.343406 |
2020-08-17 00:19:16,422 - root - INFO - | Epoch: 060/100 | Train Time: 0.083s | Train Loss: 7569.405689 |
2020-08-17 00:19:16,505 - root - INFO - | Epoch: 061/100 | Train Time: 0.083s | Train Loss: 7568.544361 |
2020-08-17 00:19:16,589 - root - INFO - | Epoch: 062/100 | Train Time: 0.083s | Train Loss: 7555.001808 |
2020-08-17 00:19:16,673 - root - INFO - | Epoch: 063/100 | Train Time: 0.084s | Train Loss: 7560.004358 |
2020-08-17 00:19:16,756 - root - INFO - | Epoch: 064/100 | Train Time: 0.083s | Train Loss: 7559.013672 |
2020-08-17 00:19:16,839 - root - INFO - | Epoch: 065/100 | Train Time: 0.083s | Train Loss: 7562.775680 |
2020-08-17 00:19:16,924 - root - INFO - | Epoch: 066/100 | Train Time: 0.084s | Train Loss: 7559.637460 |
2020-08-17 00:19:17,007 - root - INFO - | Epoch: 067/100 | Train Time: 0.084s | Train Loss: 7555.390842 |
2020-08-17 00:19:17,091 - root - INFO - | Epoch: 068/100 | Train Time: 0.083s | Train Loss: 7553.243616 |
2020-08-17 00:19:17,174 - root - INFO - | Epoch: 069/100 | Train Time: 0.083s | Train Loss: 7557.063965 |
2020-08-17 00:19:17,257 - root - INFO - | Epoch: 070/100 | Train Time: 0.083s | Train Loss: 7556.102304 |
2020-08-17 00:19:17,340 - root - INFO - | Epoch: 071/100 | Train Time: 0.083s | Train Loss: 7555.276168 |
2020-08-17 00:19:17,424 - root - INFO - | Epoch: 072/100 | Train Time: 0.084s | Train Loss: 7563.324201 |
2020-08-17 00:19:17,507 - root - INFO - | Epoch: 073/100 | Train Time: 0.083s | Train Loss: 7565.688766 |
2020-08-17 00:19:17,591 - root - INFO - | Epoch: 074/100 | Train Time: 0.084s | Train Loss: 7560.662055 |
2020-08-17 00:19:17,675 - root - INFO - | Epoch: 075/100 | Train Time: 0.083s | Train Loss: 7561.014775 |
2020-08-17 00:19:17,758 - root - INFO - | Epoch: 076/100 | Train Time: 0.083s | Train Loss: 7557.793457 |
2020-08-17 00:19:17,841 - root - INFO - | Epoch: 077/100 | Train Time: 0.083s | Train Loss: 7563.470812 |
2020-08-17 00:19:17,924 - root - INFO - | Epoch: 078/100 | Train Time: 0.083s | Train Loss: 7558.434968 |
2020-08-17 00:19:18,007 - root - INFO - | Epoch: 079/100 | Train Time: 0.083s | Train Loss: 7558.226960 |
2020-08-17 00:19:18,091 - root - INFO - | Epoch: 080/100 | Train Time: 0.083s | Train Loss: 7552.823966 |
2020-08-17 00:19:18,174 - root - INFO - | Epoch: 081/100 | Train Time: 0.083s | Train Loss: 7561.912363 |
2020-08-17 00:19:18,257 - root - INFO - | Epoch: 082/100 | Train Time: 0.083s | Train Loss: 7564.699418 |
2020-08-17 00:19:18,341 - root - INFO - | Epoch: 083/100 | Train Time: 0.084s | Train Loss: 7554.441008 |
2020-08-17 00:19:18,424 - root - INFO - | Epoch: 084/100 | Train Time: 0.083s | Train Loss: 7555.453270 |
2020-08-17 00:19:18,508 - root - INFO - | Epoch: 085/100 | Train Time: 0.083s | Train Loss: 7561.732024 |
2020-08-17 00:19:18,591 - root - INFO - | Epoch: 086/100 | Train Time: 0.083s | Train Loss: 7563.903194 |
2020-08-17 00:19:18,674 - root - INFO - | Epoch: 087/100 | Train Time: 0.083s | Train Loss: 7552.362811 |
2020-08-17 00:19:18,757 - root - INFO - | Epoch: 088/100 | Train Time: 0.083s | Train Loss: 7558.178132 |
2020-08-17 00:19:18,841 - root - INFO - | Epoch: 089/100 | Train Time: 0.083s | Train Loss: 7558.325883 |
2020-08-17 00:19:18,924 - root - INFO - | Epoch: 090/100 | Train Time: 0.083s | Train Loss: 7555.512080 |
2020-08-17 00:19:19,007 - root - INFO - | Epoch: 091/100 | Train Time: 0.083s | Train Loss: 7562.198405 |
2020-08-17 00:19:19,090 - root - INFO - | Epoch: 092/100 | Train Time: 0.083s | Train Loss: 7559.252640 |
2020-08-17 00:19:19,173 - root - INFO - | Epoch: 093/100 | Train Time: 0.083s | Train Loss: 7558.736979 |
2020-08-17 00:19:19,257 - root - INFO - | Epoch: 094/100 | Train Time: 0.084s | Train Loss: 7548.681152 |
2020-08-17 00:19:19,341 - root - INFO - | Epoch: 095/100 | Train Time: 0.084s | Train Loss: 7558.125470 |
2020-08-17 00:19:19,425 - root - INFO - | Epoch: 096/100 | Train Time: 0.084s | Train Loss: 7557.363137 |
2020-08-17 00:19:19,508 - root - INFO - | Epoch: 097/100 | Train Time: 0.082s | Train Loss: 7560.312247 |
2020-08-17 00:19:19,591 - root - INFO - | Epoch: 098/100 | Train Time: 0.083s | Train Loss: 7558.003092 |
2020-08-17 00:19:19,674 - root - INFO - | Epoch: 099/100 | Train Time: 0.083s | Train Loss: 7564.603353 |
2020-08-17 00:19:19,757 - root - INFO - | Epoch: 100/100 | Train Time: 0.083s | Train Loss: 7562.122902 |
2020-08-17 00:19:19,757 - root - INFO - Pretraining Time: 10.601s
2020-08-17 00:19:19,758 - root - INFO - Finished pretraining.
2020-08-17 00:19:19,758 - root - INFO - Testing autoencoder...
2020-08-17 00:19:19,769 - root - INFO - Test Loss: 7591.113491
2020-08-17 00:19:19,769 - root - INFO - Test Time: 0.011s
2020-08-17 00:19:19,769 - root - INFO - Finished testing autoencoder.
2020-08-17 00:19:19,772 - root - INFO - Hey I am loading net for you!
2020-08-17 00:19:19,772 - root - INFO - Setting hyper-parameters!
2020-08-17 00:19:19,772 - root - INFO - Initializing center c...
2020-08-17 00:19:19,802 - root - INFO - Center c initialized.
2020-08-17 00:19:19,802 - root - INFO - Starting training...
2020-08-17 00:19:19,861 - root - INFO - | Epoch: 001/500 | Train Time: 0.059s | Train Loss: 306.993022 |
2020-08-17 00:19:19,920 - root - INFO - | Epoch: 002/500 | Train Time: 0.059s | Train Loss: 304.677810 |
2020-08-17 00:19:19,979 - root - INFO - | Epoch: 003/500 | Train Time: 0.059s | Train Loss: 302.558373 |
2020-08-17 00:19:20,037 - root - INFO - | Epoch: 004/500 | Train Time: 0.059s | Train Loss: 300.485530 |
2020-08-17 00:19:20,096 - root - INFO - | Epoch: 005/500 | Train Time: 0.058s | Train Loss: 298.545475 |
2020-08-17 00:19:20,155 - root - INFO - | Epoch: 006/500 | Train Time: 0.059s | Train Loss: 296.653861 |
2020-08-17 00:19:20,213 - root - INFO - | Epoch: 007/500 | Train Time: 0.059s | Train Loss: 294.816265 |
2020-08-17 00:19:20,272 - root - INFO - | Epoch: 008/500 | Train Time: 0.058s | Train Loss: 293.032536 |
2020-08-17 00:19:20,331 - root - INFO - | Epoch: 009/500 | Train Time: 0.059s | Train Loss: 291.272577 |
2020-08-17 00:19:20,390 - root - INFO - | Epoch: 010/500 | Train Time: 0.058s | Train Loss: 289.440434 |
2020-08-17 00:19:20,448 - root - INFO - | Epoch: 011/500 | Train Time: 0.059s | Train Loss: 287.671516 |
2020-08-17 00:19:20,507 - root - INFO - | Epoch: 012/500 | Train Time: 0.058s | Train Loss: 285.995053 |
2020-08-17 00:19:20,566 - root - INFO - | Epoch: 013/500 | Train Time: 0.059s | Train Loss: 284.277366 |
2020-08-17 00:19:20,624 - root - INFO - | Epoch: 014/500 | Train Time: 0.059s | Train Loss: 282.581135 |
2020-08-17 00:19:20,683 - root - INFO - | Epoch: 015/500 | Train Time: 0.059s | Train Loss: 281.029019 |
2020-08-17 00:19:20,742 - root - INFO - | Epoch: 016/500 | Train Time: 0.058s | Train Loss: 279.273461 |
2020-08-17 00:19:20,800 - root - INFO - | Epoch: 017/500 | Train Time: 0.059s | Train Loss: 277.653939 |
2020-08-17 00:19:20,860 - root - INFO - | Epoch: 018/500 | Train Time: 0.059s | Train Loss: 276.004709 |
2020-08-17 00:19:20,918 - root - INFO - | Epoch: 019/500 | Train Time: 0.059s | Train Loss: 274.438012 |
2020-08-17 00:19:20,977 - root - INFO - | Epoch: 020/500 | Train Time: 0.058s | Train Loss: 272.787081 |
2020-08-17 00:19:21,036 - root - INFO - | Epoch: 021/500 | Train Time: 0.059s | Train Loss: 271.270785 |
2020-08-17 00:19:21,094 - root - INFO - | Epoch: 022/500 | Train Time: 0.059s | Train Loss: 269.576467 |
2020-08-17 00:19:21,153 - root - INFO - | Epoch: 023/500 | Train Time: 0.058s | Train Loss: 268.169456 |
2020-08-17 00:19:21,212 - root - INFO - | Epoch: 024/500 | Train Time: 0.059s | Train Loss: 266.490436 |
2020-08-17 00:19:21,271 - root - INFO - | Epoch: 025/500 | Train Time: 0.059s | Train Loss: 264.980873 |
2020-08-17 00:19:21,330 - root - INFO - | Epoch: 026/500 | Train Time: 0.059s | Train Loss: 263.443121 |
2020-08-17 00:19:21,388 - root - INFO - | Epoch: 027/500 | Train Time: 0.059s | Train Loss: 262.042501 |
2020-08-17 00:19:21,447 - root - INFO - | Epoch: 028/500 | Train Time: 0.059s | Train Loss: 260.576885 |
2020-08-17 00:19:21,506 - root - INFO - | Epoch: 029/500 | Train Time: 0.059s | Train Loss: 258.961629 |
2020-08-17 00:19:21,564 - root - INFO - | Epoch: 030/500 | Train Time: 0.058s | Train Loss: 257.411869 |
2020-08-17 00:19:21,623 - root - INFO - | Epoch: 031/500 | Train Time: 0.059s | Train Loss: 255.893820 |
2020-08-17 00:19:21,681 - root - INFO - | Epoch: 032/500 | Train Time: 0.059s | Train Loss: 254.460968 |
2020-08-17 00:19:21,740 - root - INFO - | Epoch: 033/500 | Train Time: 0.059s | Train Loss: 252.889210 |
2020-08-17 00:19:21,799 - root - INFO - | Epoch: 034/500 | Train Time: 0.059s | Train Loss: 251.521363 |
2020-08-17 00:19:21,858 - root - INFO - | Epoch: 035/500 | Train Time: 0.059s | Train Loss: 250.162187 |
2020-08-17 00:19:21,916 - root - INFO - | Epoch: 036/500 | Train Time: 0.058s | Train Loss: 248.618112 |
2020-08-17 00:19:21,975 - root - INFO - | Epoch: 037/500 | Train Time: 0.058s | Train Loss: 247.276626 |
2020-08-17 00:19:22,035 - root - INFO - | Epoch: 038/500 | Train Time: 0.060s | Train Loss: 245.796049 |
2020-08-17 00:19:22,093 - root - INFO - | Epoch: 039/500 | Train Time: 0.059s | Train Loss: 244.349737 |
2020-08-17 00:19:22,152 - root - INFO - | Epoch: 040/500 | Train Time: 0.058s | Train Loss: 242.999721 |
2020-08-17 00:19:22,211 - root - INFO - | Epoch: 041/500 | Train Time: 0.059s | Train Loss: 241.539383 |
2020-08-17 00:19:22,269 - root - INFO - | Epoch: 042/500 | Train Time: 0.059s | Train Loss: 240.183770 |
2020-08-17 00:19:22,328 - root - INFO - | Epoch: 043/500 | Train Time: 0.059s | Train Loss: 238.677910 |
2020-08-17 00:19:22,387 - root - INFO - | Epoch: 044/500 | Train Time: 0.059s | Train Loss: 237.355180 |
2020-08-17 00:19:22,446 - root - INFO - | Epoch: 045/500 | Train Time: 0.059s | Train Loss: 235.910116 |
2020-08-17 00:19:22,505 - root - INFO - | Epoch: 046/500 | Train Time: 0.059s | Train Loss: 234.634289 |
2020-08-17 00:19:22,563 - root - INFO - | Epoch: 047/500 | Train Time: 0.059s | Train Loss: 233.326427 |
2020-08-17 00:19:22,622 - root - INFO - | Epoch: 048/500 | Train Time: 0.059s | Train Loss: 232.142880 |
2020-08-17 00:19:22,681 - root - INFO - | Epoch: 049/500 | Train Time: 0.059s | Train Loss: 230.436747 |
2020-08-17 00:19:22,740 - root - INFO - | Epoch: 050/500 | Train Time: 0.059s | Train Loss: 229.158360 |
2020-08-17 00:19:22,740 - root - INFO -   LR scheduler: new learning rate is 1e-06
2020-08-17 00:19:22,799 - root - INFO - | Epoch: 051/500 | Train Time: 0.059s | Train Loss: 228.299703 |
2020-08-17 00:19:22,858 - root - INFO - | Epoch: 052/500 | Train Time: 0.058s | Train Loss: 228.257559 |
2020-08-17 00:19:22,916 - root - INFO - | Epoch: 053/500 | Train Time: 0.058s | Train Loss: 228.072590 |
2020-08-17 00:19:22,974 - root - INFO - | Epoch: 054/500 | Train Time: 0.058s | Train Loss: 227.852075 |
2020-08-17 00:19:23,032 - root - INFO - | Epoch: 055/500 | Train Time: 0.059s | Train Loss: 227.709730 |
2020-08-17 00:19:23,090 - root - INFO - | Epoch: 056/500 | Train Time: 0.058s | Train Loss: 227.743985 |
2020-08-17 00:19:23,149 - root - INFO - | Epoch: 057/500 | Train Time: 0.058s | Train Loss: 227.477292 |
2020-08-17 00:19:23,207 - root - INFO - | Epoch: 058/500 | Train Time: 0.058s | Train Loss: 227.508345 |
2020-08-17 00:19:23,265 - root - INFO - | Epoch: 059/500 | Train Time: 0.058s | Train Loss: 227.356240 |
2020-08-17 00:19:23,324 - root - INFO - | Epoch: 060/500 | Train Time: 0.059s | Train Loss: 227.167091 |
2020-08-17 00:19:23,382 - root - INFO - | Epoch: 061/500 | Train Time: 0.058s | Train Loss: 226.946133 |
2020-08-17 00:19:23,440 - root - INFO - | Epoch: 062/500 | Train Time: 0.058s | Train Loss: 226.781607 |
2020-08-17 00:19:23,499 - root - INFO - | Epoch: 063/500 | Train Time: 0.059s | Train Loss: 226.641308 |
2020-08-17 00:19:23,558 - root - INFO - | Epoch: 064/500 | Train Time: 0.058s | Train Loss: 226.536089 |
2020-08-17 00:19:23,616 - root - INFO - | Epoch: 065/500 | Train Time: 0.058s | Train Loss: 226.448152 |
2020-08-17 00:19:23,674 - root - INFO - | Epoch: 066/500 | Train Time: 0.058s | Train Loss: 226.342167 |
2020-08-17 00:19:23,732 - root - INFO - | Epoch: 067/500 | Train Time: 0.058s | Train Loss: 226.263715 |
2020-08-17 00:19:23,790 - root - INFO - | Epoch: 068/500 | Train Time: 0.058s | Train Loss: 226.030941 |
2020-08-17 00:19:23,849 - root - INFO - | Epoch: 069/500 | Train Time: 0.058s | Train Loss: 225.912213 |
2020-08-17 00:19:23,907 - root - INFO - | Epoch: 070/500 | Train Time: 0.058s | Train Loss: 225.732801 |
2020-08-17 00:19:23,965 - root - INFO - | Epoch: 071/500 | Train Time: 0.058s | Train Loss: 225.542265 |
2020-08-17 00:19:24,025 - root - INFO - | Epoch: 072/500 | Train Time: 0.059s | Train Loss: 225.462629 |
2020-08-17 00:19:24,083 - root - INFO - | Epoch: 073/500 | Train Time: 0.059s | Train Loss: 225.347088 |
2020-08-17 00:19:24,142 - root - INFO - | Epoch: 074/500 | Train Time: 0.058s | Train Loss: 225.291387 |
2020-08-17 00:19:24,200 - root - INFO - | Epoch: 075/500 | Train Time: 0.058s | Train Loss: 225.213967 |
2020-08-17 00:19:24,259 - root - INFO - | Epoch: 076/500 | Train Time: 0.059s | Train Loss: 224.898851 |
2020-08-17 00:19:24,318 - root - INFO - | Epoch: 077/500 | Train Time: 0.059s | Train Loss: 224.888408 |
2020-08-17 00:19:24,377 - root - INFO - | Epoch: 078/500 | Train Time: 0.059s | Train Loss: 224.762877 |
2020-08-17 00:19:24,436 - root - INFO - | Epoch: 079/500 | Train Time: 0.059s | Train Loss: 224.548732 |
2020-08-17 00:19:24,494 - root - INFO - | Epoch: 080/500 | Train Time: 0.059s | Train Loss: 224.403897 |
2020-08-17 00:19:24,553 - root - INFO - | Epoch: 081/500 | Train Time: 0.059s | Train Loss: 224.270678 |
2020-08-17 00:19:24,612 - root - INFO - | Epoch: 082/500 | Train Time: 0.059s | Train Loss: 224.024113 |
2020-08-17 00:19:24,671 - root - INFO - | Epoch: 083/500 | Train Time: 0.059s | Train Loss: 224.057395 |
2020-08-17 00:19:24,729 - root - INFO - | Epoch: 084/500 | Train Time: 0.059s | Train Loss: 223.757456 |
2020-08-17 00:19:24,788 - root - INFO - | Epoch: 085/500 | Train Time: 0.059s | Train Loss: 223.782700 |
2020-08-17 00:19:24,847 - root - INFO - | Epoch: 086/500 | Train Time: 0.059s | Train Loss: 223.620565 |
2020-08-17 00:19:24,906 - root - INFO - | Epoch: 087/500 | Train Time: 0.059s | Train Loss: 223.424048 |
2020-08-17 00:19:24,965 - root - INFO - | Epoch: 088/500 | Train Time: 0.059s | Train Loss: 223.400748 |
2020-08-17 00:19:25,024 - root - INFO - | Epoch: 089/500 | Train Time: 0.059s | Train Loss: 223.230901 |
2020-08-17 00:19:25,083 - root - INFO - | Epoch: 090/500 | Train Time: 0.059s | Train Loss: 223.067889 |
2020-08-17 00:19:25,142 - root - INFO - | Epoch: 091/500 | Train Time: 0.059s | Train Loss: 222.983523 |
2020-08-17 00:19:25,200 - root - INFO - | Epoch: 092/500 | Train Time: 0.058s | Train Loss: 222.919449 |
2020-08-17 00:19:25,259 - root - INFO - | Epoch: 093/500 | Train Time: 0.059s | Train Loss: 222.671618 |
2020-08-17 00:19:25,318 - root - INFO - | Epoch: 094/500 | Train Time: 0.059s | Train Loss: 222.529935 |
2020-08-17 00:19:25,377 - root - INFO - | Epoch: 095/500 | Train Time: 0.059s | Train Loss: 222.329631 |
2020-08-17 00:19:25,436 - root - INFO - | Epoch: 096/500 | Train Time: 0.059s | Train Loss: 222.247910 |
2020-08-17 00:19:25,494 - root - INFO - | Epoch: 097/500 | Train Time: 0.059s | Train Loss: 222.226139 |
2020-08-17 00:19:25,553 - root - INFO - | Epoch: 098/500 | Train Time: 0.059s | Train Loss: 222.050291 |
2020-08-17 00:19:25,612 - root - INFO - | Epoch: 099/500 | Train Time: 0.058s | Train Loss: 221.868130 |
2020-08-17 00:19:25,670 - root - INFO - | Epoch: 100/500 | Train Time: 0.059s | Train Loss: 221.652132 |
2020-08-17 00:19:25,729 - root - INFO - | Epoch: 101/500 | Train Time: 0.058s | Train Loss: 221.542408 |
2020-08-17 00:19:25,787 - root - INFO - | Epoch: 102/500 | Train Time: 0.058s | Train Loss: 221.495399 |
2020-08-17 00:19:25,846 - root - INFO - | Epoch: 103/500 | Train Time: 0.059s | Train Loss: 221.342814 |
2020-08-17 00:19:25,905 - root - INFO - | Epoch: 104/500 | Train Time: 0.058s | Train Loss: 221.087653 |
2020-08-17 00:19:25,964 - root - INFO - | Epoch: 105/500 | Train Time: 0.059s | Train Loss: 220.905141 |
2020-08-17 00:19:26,024 - root - INFO - | Epoch: 106/500 | Train Time: 0.060s | Train Loss: 220.930235 |
2020-08-17 00:19:26,083 - root - INFO - | Epoch: 107/500 | Train Time: 0.059s | Train Loss: 220.786955 |
2020-08-17 00:19:26,141 - root - INFO - | Epoch: 108/500 | Train Time: 0.058s | Train Loss: 220.554346 |
2020-08-17 00:19:26,200 - root - INFO - | Epoch: 109/500 | Train Time: 0.059s | Train Loss: 220.545255 |
2020-08-17 00:19:26,259 - root - INFO - | Epoch: 110/500 | Train Time: 0.059s | Train Loss: 220.364757 |
2020-08-17 00:19:26,318 - root - INFO - | Epoch: 111/500 | Train Time: 0.059s | Train Loss: 220.325035 |
2020-08-17 00:19:26,377 - root - INFO - | Epoch: 112/500 | Train Time: 0.059s | Train Loss: 220.098118 |
2020-08-17 00:19:26,436 - root - INFO - | Epoch: 113/500 | Train Time: 0.059s | Train Loss: 220.098647 |
2020-08-17 00:19:26,494 - root - INFO - | Epoch: 114/500 | Train Time: 0.059s | Train Loss: 219.885486 |
2020-08-17 00:19:26,553 - root - INFO - | Epoch: 115/500 | Train Time: 0.059s | Train Loss: 219.792234 |
2020-08-17 00:19:26,612 - root - INFO - | Epoch: 116/500 | Train Time: 0.059s | Train Loss: 219.580518 |
2020-08-17 00:19:26,671 - root - INFO - | Epoch: 117/500 | Train Time: 0.059s | Train Loss: 219.365728 |
2020-08-17 00:19:26,729 - root - INFO - | Epoch: 118/500 | Train Time: 0.058s | Train Loss: 219.184978 |
2020-08-17 00:19:26,788 - root - INFO - | Epoch: 119/500 | Train Time: 0.058s | Train Loss: 219.043161 |
2020-08-17 00:19:26,847 - root - INFO - | Epoch: 120/500 | Train Time: 0.059s | Train Loss: 219.030431 |
2020-08-17 00:19:26,905 - root - INFO - | Epoch: 121/500 | Train Time: 0.059s | Train Loss: 218.879516 |
2020-08-17 00:19:26,964 - root - INFO - | Epoch: 122/500 | Train Time: 0.058s | Train Loss: 218.687625 |
2020-08-17 00:19:27,023 - root - INFO - | Epoch: 123/500 | Train Time: 0.059s | Train Loss: 218.615666 |
2020-08-17 00:19:27,081 - root - INFO - | Epoch: 124/500 | Train Time: 0.059s | Train Loss: 218.546068 |
2020-08-17 00:19:27,140 - root - INFO - | Epoch: 125/500 | Train Time: 0.058s | Train Loss: 218.425953 |
2020-08-17 00:19:27,198 - root - INFO - | Epoch: 126/500 | Train Time: 0.058s | Train Loss: 218.184513 |
2020-08-17 00:19:27,257 - root - INFO - | Epoch: 127/500 | Train Time: 0.059s | Train Loss: 218.064853 |
2020-08-17 00:19:27,316 - root - INFO - | Epoch: 128/500 | Train Time: 0.059s | Train Loss: 217.997234 |
2020-08-17 00:19:27,375 - root - INFO - | Epoch: 129/500 | Train Time: 0.059s | Train Loss: 217.729928 |
2020-08-17 00:19:27,434 - root - INFO - | Epoch: 130/500 | Train Time: 0.059s | Train Loss: 217.728343 |
2020-08-17 00:19:27,492 - root - INFO - | Epoch: 131/500 | Train Time: 0.059s | Train Loss: 217.559191 |
2020-08-17 00:19:27,551 - root - INFO - | Epoch: 132/500 | Train Time: 0.059s | Train Loss: 217.424774 |
2020-08-17 00:19:27,610 - root - INFO - | Epoch: 133/500 | Train Time: 0.059s | Train Loss: 217.217038 |
2020-08-17 00:19:27,669 - root - INFO - | Epoch: 134/500 | Train Time: 0.059s | Train Loss: 217.201978 |
2020-08-17 00:19:27,728 - root - INFO - | Epoch: 135/500 | Train Time: 0.059s | Train Loss: 217.041277 |
2020-08-17 00:19:27,786 - root - INFO - | Epoch: 136/500 | Train Time: 0.059s | Train Loss: 216.811227 |
2020-08-17 00:19:27,846 - root - INFO - | Epoch: 137/500 | Train Time: 0.059s | Train Loss: 216.631070 |
2020-08-17 00:19:27,904 - root - INFO - | Epoch: 138/500 | Train Time: 0.059s | Train Loss: 216.636913 |
2020-08-17 00:19:27,963 - root - INFO - | Epoch: 139/500 | Train Time: 0.059s | Train Loss: 216.351032 |
2020-08-17 00:19:28,022 - root - INFO - | Epoch: 140/500 | Train Time: 0.059s | Train Loss: 216.325300 |
2020-08-17 00:19:28,080 - root - INFO - | Epoch: 141/500 | Train Time: 0.059s | Train Loss: 216.166988 |
2020-08-17 00:19:28,139 - root - INFO - | Epoch: 142/500 | Train Time: 0.059s | Train Loss: 216.027143 |
2020-08-17 00:19:28,197 - root - INFO - | Epoch: 143/500 | Train Time: 0.059s | Train Loss: 215.949636 |
2020-08-17 00:19:28,256 - root - INFO - | Epoch: 144/500 | Train Time: 0.059s | Train Loss: 215.850458 |
2020-08-17 00:19:28,316 - root - INFO - | Epoch: 145/500 | Train Time: 0.059s | Train Loss: 215.666149 |
2020-08-17 00:19:28,375 - root - INFO - | Epoch: 146/500 | Train Time: 0.059s | Train Loss: 215.482642 |
2020-08-17 00:19:28,434 - root - INFO - | Epoch: 147/500 | Train Time: 0.059s | Train Loss: 215.477545 |
2020-08-17 00:19:28,493 - root - INFO - | Epoch: 148/500 | Train Time: 0.059s | Train Loss: 215.299063 |
2020-08-17 00:19:28,551 - root - INFO - | Epoch: 149/500 | Train Time: 0.059s | Train Loss: 215.110163 |
2020-08-17 00:19:28,610 - root - INFO - | Epoch: 150/500 | Train Time: 0.059s | Train Loss: 215.027587 |
2020-08-17 00:19:28,669 - root - INFO - | Epoch: 151/500 | Train Time: 0.059s | Train Loss: 214.937285 |
2020-08-17 00:19:28,728 - root - INFO - | Epoch: 152/500 | Train Time: 0.059s | Train Loss: 214.645945 |
2020-08-17 00:19:28,787 - root - INFO - | Epoch: 153/500 | Train Time: 0.059s | Train Loss: 214.510196 |
2020-08-17 00:19:28,846 - root - INFO - | Epoch: 154/500 | Train Time: 0.059s | Train Loss: 214.471536 |
2020-08-17 00:19:28,905 - root - INFO - | Epoch: 155/500 | Train Time: 0.059s | Train Loss: 214.335115 |
2020-08-17 00:19:28,964 - root - INFO - | Epoch: 156/500 | Train Time: 0.059s | Train Loss: 214.141803 |
2020-08-17 00:19:29,022 - root - INFO - | Epoch: 157/500 | Train Time: 0.059s | Train Loss: 214.023079 |
2020-08-17 00:19:29,081 - root - INFO - | Epoch: 158/500 | Train Time: 0.059s | Train Loss: 213.872872 |
2020-08-17 00:19:29,140 - root - INFO - | Epoch: 159/500 | Train Time: 0.059s | Train Loss: 213.813241 |
2020-08-17 00:19:29,198 - root - INFO - | Epoch: 160/500 | Train Time: 0.059s | Train Loss: 213.569918 |
2020-08-17 00:19:29,258 - root - INFO - | Epoch: 161/500 | Train Time: 0.059s | Train Loss: 213.466015 |
2020-08-17 00:19:29,317 - root - INFO - | Epoch: 162/500 | Train Time: 0.059s | Train Loss: 213.320477 |
2020-08-17 00:19:29,376 - root - INFO - | Epoch: 163/500 | Train Time: 0.059s | Train Loss: 213.233428 |
2020-08-17 00:19:29,435 - root - INFO - | Epoch: 164/500 | Train Time: 0.059s | Train Loss: 213.070700 |
2020-08-17 00:19:29,494 - root - INFO - | Epoch: 165/500 | Train Time: 0.059s | Train Loss: 213.133561 |
2020-08-17 00:19:29,553 - root - INFO - | Epoch: 166/500 | Train Time: 0.059s | Train Loss: 212.829438 |
2020-08-17 00:19:29,612 - root - INFO - | Epoch: 167/500 | Train Time: 0.059s | Train Loss: 212.731996 |
2020-08-17 00:19:29,671 - root - INFO - | Epoch: 168/500 | Train Time: 0.059s | Train Loss: 212.639578 |
2020-08-17 00:19:29,729 - root - INFO - | Epoch: 169/500 | Train Time: 0.059s | Train Loss: 212.488668 |
2020-08-17 00:19:29,788 - root - INFO - | Epoch: 170/500 | Train Time: 0.058s | Train Loss: 212.372003 |
2020-08-17 00:19:29,847 - root - INFO - | Epoch: 171/500 | Train Time: 0.059s | Train Loss: 212.213257 |
2020-08-17 00:19:29,906 - root - INFO - | Epoch: 172/500 | Train Time: 0.059s | Train Loss: 212.215278 |
2020-08-17 00:19:29,964 - root - INFO - | Epoch: 173/500 | Train Time: 0.059s | Train Loss: 211.866686 |
2020-08-17 00:19:30,023 - root - INFO - | Epoch: 174/500 | Train Time: 0.058s | Train Loss: 211.906329 |
2020-08-17 00:19:30,082 - root - INFO - | Epoch: 175/500 | Train Time: 0.059s | Train Loss: 211.567477 |
2020-08-17 00:19:30,140 - root - INFO - | Epoch: 176/500 | Train Time: 0.059s | Train Loss: 211.491917 |
2020-08-17 00:19:30,199 - root - INFO - | Epoch: 177/500 | Train Time: 0.058s | Train Loss: 211.355487 |
2020-08-17 00:19:30,257 - root - INFO - | Epoch: 178/500 | Train Time: 0.058s | Train Loss: 211.205496 |
2020-08-17 00:19:30,317 - root - INFO - | Epoch: 179/500 | Train Time: 0.059s | Train Loss: 211.206141 |
2020-08-17 00:19:30,376 - root - INFO - | Epoch: 180/500 | Train Time: 0.059s | Train Loss: 211.031297 |
2020-08-17 00:19:30,435 - root - INFO - | Epoch: 181/500 | Train Time: 0.059s | Train Loss: 210.951378 |
2020-08-17 00:19:30,494 - root - INFO - | Epoch: 182/500 | Train Time: 0.059s | Train Loss: 210.672911 |
2020-08-17 00:19:30,552 - root - INFO - | Epoch: 183/500 | Train Time: 0.059s | Train Loss: 210.599934 |
2020-08-17 00:19:30,611 - root - INFO - | Epoch: 184/500 | Train Time: 0.059s | Train Loss: 210.579092 |
2020-08-17 00:19:30,670 - root - INFO - | Epoch: 185/500 | Train Time: 0.059s | Train Loss: 210.393616 |
2020-08-17 00:19:30,728 - root - INFO - | Epoch: 186/500 | Train Time: 0.059s | Train Loss: 210.191554 |
2020-08-17 00:19:30,787 - root - INFO - | Epoch: 187/500 | Train Time: 0.058s | Train Loss: 210.112461 |
2020-08-17 00:19:30,846 - root - INFO - | Epoch: 188/500 | Train Time: 0.059s | Train Loss: 209.934178 |
2020-08-17 00:19:30,905 - root - INFO - | Epoch: 189/500 | Train Time: 0.059s | Train Loss: 209.888650 |
2020-08-17 00:19:30,964 - root - INFO - | Epoch: 190/500 | Train Time: 0.058s | Train Loss: 209.802923 |
2020-08-17 00:19:31,022 - root - INFO - | Epoch: 191/500 | Train Time: 0.059s | Train Loss: 209.660878 |
2020-08-17 00:19:31,081 - root - INFO - | Epoch: 192/500 | Train Time: 0.059s | Train Loss: 209.324896 |
2020-08-17 00:19:31,139 - root - INFO - | Epoch: 193/500 | Train Time: 0.058s | Train Loss: 209.258392 |
2020-08-17 00:19:31,198 - root - INFO - | Epoch: 194/500 | Train Time: 0.059s | Train Loss: 208.972093 |
2020-08-17 00:19:31,257 - root - INFO - | Epoch: 195/500 | Train Time: 0.059s | Train Loss: 209.011468 |
2020-08-17 00:19:31,316 - root - INFO - | Epoch: 196/500 | Train Time: 0.059s | Train Loss: 208.880028 |
2020-08-17 00:19:31,375 - root - INFO - | Epoch: 197/500 | Train Time: 0.059s | Train Loss: 208.775030 |
2020-08-17 00:19:31,434 - root - INFO - | Epoch: 198/500 | Train Time: 0.059s | Train Loss: 208.742910 |
2020-08-17 00:19:31,493 - root - INFO - | Epoch: 199/500 | Train Time: 0.059s | Train Loss: 208.491073 |
2020-08-17 00:19:31,552 - root - INFO - | Epoch: 200/500 | Train Time: 0.059s | Train Loss: 208.431777 |
2020-08-17 00:19:31,611 - root - INFO - | Epoch: 201/500 | Train Time: 0.059s | Train Loss: 208.192814 |
2020-08-17 00:19:31,669 - root - INFO - | Epoch: 202/500 | Train Time: 0.059s | Train Loss: 208.126142 |
2020-08-17 00:19:31,728 - root - INFO - | Epoch: 203/500 | Train Time: 0.059s | Train Loss: 208.002593 |
2020-08-17 00:19:31,787 - root - INFO - | Epoch: 204/500 | Train Time: 0.059s | Train Loss: 207.971065 |
2020-08-17 00:19:31,847 - root - INFO - | Epoch: 205/500 | Train Time: 0.059s | Train Loss: 207.802180 |
2020-08-17 00:19:31,905 - root - INFO - | Epoch: 206/500 | Train Time: 0.059s | Train Loss: 207.590265 |
2020-08-17 00:19:31,964 - root - INFO - | Epoch: 207/500 | Train Time: 0.059s | Train Loss: 207.559276 |
2020-08-17 00:19:32,023 - root - INFO - | Epoch: 208/500 | Train Time: 0.059s | Train Loss: 207.452347 |
2020-08-17 00:19:32,081 - root - INFO - | Epoch: 209/500 | Train Time: 0.059s | Train Loss: 207.147550 |
2020-08-17 00:19:32,140 - root - INFO - | Epoch: 210/500 | Train Time: 0.059s | Train Loss: 207.013642 |
2020-08-17 00:19:32,199 - root - INFO - | Epoch: 211/500 | Train Time: 0.059s | Train Loss: 207.065123 |
2020-08-17 00:19:32,257 - root - INFO - | Epoch: 212/500 | Train Time: 0.059s | Train Loss: 206.739077 |
2020-08-17 00:19:32,316 - root - INFO - | Epoch: 213/500 | Train Time: 0.059s | Train Loss: 206.579497 |
2020-08-17 00:19:32,375 - root - INFO - | Epoch: 214/500 | Train Time: 0.059s | Train Loss: 206.629523 |
2020-08-17 00:19:32,434 - root - INFO - | Epoch: 215/500 | Train Time: 0.058s | Train Loss: 206.482408 |
2020-08-17 00:19:32,493 - root - INFO - | Epoch: 216/500 | Train Time: 0.059s | Train Loss: 206.342034 |
2020-08-17 00:19:32,552 - root - INFO - | Epoch: 217/500 | Train Time: 0.059s | Train Loss: 206.116020 |
2020-08-17 00:19:32,611 - root - INFO - | Epoch: 218/500 | Train Time: 0.059s | Train Loss: 206.081670 |
2020-08-17 00:19:32,670 - root - INFO - | Epoch: 219/500 | Train Time: 0.059s | Train Loss: 205.918458 |
2020-08-17 00:19:32,729 - root - INFO - | Epoch: 220/500 | Train Time: 0.059s | Train Loss: 205.800041 |
2020-08-17 00:19:32,787 - root - INFO - | Epoch: 221/500 | Train Time: 0.059s | Train Loss: 205.660422 |
2020-08-17 00:19:32,847 - root - INFO - | Epoch: 222/500 | Train Time: 0.059s | Train Loss: 205.445969 |
2020-08-17 00:19:32,906 - root - INFO - | Epoch: 223/500 | Train Time: 0.059s | Train Loss: 205.425804 |
2020-08-17 00:19:32,964 - root - INFO - | Epoch: 224/500 | Train Time: 0.058s | Train Loss: 205.323919 |
2020-08-17 00:19:33,023 - root - INFO - | Epoch: 225/500 | Train Time: 0.059s | Train Loss: 205.182214 |
2020-08-17 00:19:33,082 - root - INFO - | Epoch: 226/500 | Train Time: 0.059s | Train Loss: 205.072307 |
2020-08-17 00:19:33,141 - root - INFO - | Epoch: 227/500 | Train Time: 0.059s | Train Loss: 204.906177 |
2020-08-17 00:19:33,200 - root - INFO - | Epoch: 228/500 | Train Time: 0.059s | Train Loss: 204.806829 |
2020-08-17 00:19:33,259 - root - INFO - | Epoch: 229/500 | Train Time: 0.059s | Train Loss: 204.668707 |
2020-08-17 00:19:33,318 - root - INFO - | Epoch: 230/500 | Train Time: 0.059s | Train Loss: 204.445780 |
2020-08-17 00:19:33,377 - root - INFO - | Epoch: 231/500 | Train Time: 0.059s | Train Loss: 204.418495 |
2020-08-17 00:19:33,436 - root - INFO - | Epoch: 232/500 | Train Time: 0.059s | Train Loss: 204.404711 |
2020-08-17 00:19:33,494 - root - INFO - | Epoch: 233/500 | Train Time: 0.059s | Train Loss: 204.149383 |
2020-08-17 00:19:33,553 - root - INFO - | Epoch: 234/500 | Train Time: 0.059s | Train Loss: 204.046521 |
2020-08-17 00:19:33,612 - root - INFO - | Epoch: 235/500 | Train Time: 0.059s | Train Loss: 203.905991 |
2020-08-17 00:19:33,671 - root - INFO - | Epoch: 236/500 | Train Time: 0.059s | Train Loss: 203.820852 |
2020-08-17 00:19:33,730 - root - INFO - | Epoch: 237/500 | Train Time: 0.059s | Train Loss: 203.570624 |
2020-08-17 00:19:33,789 - root - INFO - | Epoch: 238/500 | Train Time: 0.059s | Train Loss: 203.413605 |
2020-08-17 00:19:33,848 - root - INFO - | Epoch: 239/500 | Train Time: 0.059s | Train Loss: 203.495375 |
2020-08-17 00:19:33,907 - root - INFO - | Epoch: 240/500 | Train Time: 0.059s | Train Loss: 203.223012 |
2020-08-17 00:19:33,966 - root - INFO - | Epoch: 241/500 | Train Time: 0.059s | Train Loss: 203.095453 |
2020-08-17 00:19:34,024 - root - INFO - | Epoch: 242/500 | Train Time: 0.059s | Train Loss: 202.833680 |
2020-08-17 00:19:34,083 - root - INFO - | Epoch: 243/500 | Train Time: 0.059s | Train Loss: 202.810627 |
2020-08-17 00:19:34,142 - root - INFO - | Epoch: 244/500 | Train Time: 0.059s | Train Loss: 202.753503 |
2020-08-17 00:19:34,200 - root - INFO - | Epoch: 245/500 | Train Time: 0.059s | Train Loss: 202.499344 |
2020-08-17 00:19:34,259 - root - INFO - | Epoch: 246/500 | Train Time: 0.058s | Train Loss: 202.487191 |
2020-08-17 00:19:34,318 - root - INFO - | Epoch: 247/500 | Train Time: 0.059s | Train Loss: 202.389206 |
2020-08-17 00:19:34,377 - root - INFO - | Epoch: 248/500 | Train Time: 0.059s | Train Loss: 202.149180 |
2020-08-17 00:19:34,436 - root - INFO - | Epoch: 249/500 | Train Time: 0.059s | Train Loss: 201.985786 |
2020-08-17 00:19:34,495 - root - INFO - | Epoch: 250/500 | Train Time: 0.058s | Train Loss: 201.983869 |
2020-08-17 00:19:34,553 - root - INFO - | Epoch: 251/500 | Train Time: 0.059s | Train Loss: 201.966650 |
2020-08-17 00:19:34,612 - root - INFO - | Epoch: 252/500 | Train Time: 0.059s | Train Loss: 201.629023 |
2020-08-17 00:19:34,671 - root - INFO - | Epoch: 253/500 | Train Time: 0.059s | Train Loss: 201.520969 |
2020-08-17 00:19:34,730 - root - INFO - | Epoch: 254/500 | Train Time: 0.059s | Train Loss: 201.305179 |
2020-08-17 00:19:34,789 - root - INFO - | Epoch: 255/500 | Train Time: 0.059s | Train Loss: 201.285894 |
2020-08-17 00:19:34,848 - root - INFO - | Epoch: 256/500 | Train Time: 0.059s | Train Loss: 201.154434 |
2020-08-17 00:19:34,907 - root - INFO - | Epoch: 257/500 | Train Time: 0.058s | Train Loss: 200.936388 |
2020-08-17 00:19:34,966 - root - INFO - | Epoch: 258/500 | Train Time: 0.059s | Train Loss: 200.883434 |
2020-08-17 00:19:35,025 - root - INFO - | Epoch: 259/500 | Train Time: 0.059s | Train Loss: 200.753862 |
2020-08-17 00:19:35,084 - root - INFO - | Epoch: 260/500 | Train Time: 0.059s | Train Loss: 200.589653 |
2020-08-17 00:19:35,142 - root - INFO - | Epoch: 261/500 | Train Time: 0.059s | Train Loss: 200.609611 |
2020-08-17 00:19:35,201 - root - INFO - | Epoch: 262/500 | Train Time: 0.059s | Train Loss: 200.366121 |
2020-08-17 00:19:35,260 - root - INFO - | Epoch: 263/500 | Train Time: 0.059s | Train Loss: 200.206729 |
2020-08-17 00:19:35,319 - root - INFO - | Epoch: 264/500 | Train Time: 0.059s | Train Loss: 200.110465 |
2020-08-17 00:19:35,379 - root - INFO - | Epoch: 265/500 | Train Time: 0.059s | Train Loss: 199.969656 |
2020-08-17 00:19:35,438 - root - INFO - | Epoch: 266/500 | Train Time: 0.059s | Train Loss: 199.944109 |
2020-08-17 00:19:35,497 - root - INFO - | Epoch: 267/500 | Train Time: 0.059s | Train Loss: 199.803253 |
2020-08-17 00:19:35,556 - root - INFO - | Epoch: 268/500 | Train Time: 0.059s | Train Loss: 199.508146 |
2020-08-17 00:19:35,614 - root - INFO - | Epoch: 269/500 | Train Time: 0.059s | Train Loss: 199.416762 |
2020-08-17 00:19:35,673 - root - INFO - | Epoch: 270/500 | Train Time: 0.059s | Train Loss: 199.408200 |
2020-08-17 00:19:35,732 - root - INFO - | Epoch: 271/500 | Train Time: 0.059s | Train Loss: 199.310333 |
2020-08-17 00:19:35,790 - root - INFO - | Epoch: 272/500 | Train Time: 0.059s | Train Loss: 199.239063 |
2020-08-17 00:19:35,850 - root - INFO - | Epoch: 273/500 | Train Time: 0.059s | Train Loss: 199.050002 |
2020-08-17 00:19:35,909 - root - INFO - | Epoch: 274/500 | Train Time: 0.059s | Train Loss: 198.901926 |
2020-08-17 00:19:35,967 - root - INFO - | Epoch: 275/500 | Train Time: 0.059s | Train Loss: 198.726958 |
2020-08-17 00:19:36,026 - root - INFO - | Epoch: 276/500 | Train Time: 0.059s | Train Loss: 198.820318 |
2020-08-17 00:19:36,085 - root - INFO - | Epoch: 277/500 | Train Time: 0.059s | Train Loss: 198.657927 |
2020-08-17 00:19:36,143 - root - INFO - | Epoch: 278/500 | Train Time: 0.059s | Train Loss: 198.394605 |
2020-08-17 00:19:36,202 - root - INFO - | Epoch: 279/500 | Train Time: 0.059s | Train Loss: 198.375353 |
2020-08-17 00:19:36,261 - root - INFO - | Epoch: 280/500 | Train Time: 0.059s | Train Loss: 198.001843 |
2020-08-17 00:19:36,320 - root - INFO - | Epoch: 281/500 | Train Time: 0.059s | Train Loss: 197.841824 |
2020-08-17 00:19:36,379 - root - INFO - | Epoch: 282/500 | Train Time: 0.059s | Train Loss: 197.938215 |
2020-08-17 00:19:36,438 - root - INFO - | Epoch: 283/500 | Train Time: 0.059s | Train Loss: 197.692459 |
2020-08-17 00:19:36,496 - root - INFO - | Epoch: 284/500 | Train Time: 0.058s | Train Loss: 197.493876 |
2020-08-17 00:19:36,555 - root - INFO - | Epoch: 285/500 | Train Time: 0.059s | Train Loss: 197.519640 |
2020-08-17 00:19:36,614 - root - INFO - | Epoch: 286/500 | Train Time: 0.059s | Train Loss: 197.417004 |
2020-08-17 00:19:36,672 - root - INFO - | Epoch: 287/500 | Train Time: 0.059s | Train Loss: 197.096011 |
2020-08-17 00:19:36,731 - root - INFO - | Epoch: 288/500 | Train Time: 0.058s | Train Loss: 197.100922 |
2020-08-17 00:19:36,789 - root - INFO - | Epoch: 289/500 | Train Time: 0.058s | Train Loss: 197.093352 |
2020-08-17 00:19:36,849 - root - INFO - | Epoch: 290/500 | Train Time: 0.059s | Train Loss: 196.799589 |
2020-08-17 00:19:36,907 - root - INFO - | Epoch: 291/500 | Train Time: 0.059s | Train Loss: 196.741516 |
2020-08-17 00:19:36,966 - root - INFO - | Epoch: 292/500 | Train Time: 0.058s | Train Loss: 196.664297 |
2020-08-17 00:19:37,024 - root - INFO - | Epoch: 293/500 | Train Time: 0.059s | Train Loss: 196.339231 |
2020-08-17 00:19:37,083 - root - INFO - | Epoch: 294/500 | Train Time: 0.059s | Train Loss: 196.377897 |
2020-08-17 00:19:37,142 - root - INFO - | Epoch: 295/500 | Train Time: 0.059s | Train Loss: 196.358727 |
2020-08-17 00:19:37,201 - root - INFO - | Epoch: 296/500 | Train Time: 0.059s | Train Loss: 196.002474 |
2020-08-17 00:19:37,260 - root - INFO - | Epoch: 297/500 | Train Time: 0.059s | Train Loss: 195.982642 |
2020-08-17 00:19:37,319 - root - INFO - | Epoch: 298/500 | Train Time: 0.059s | Train Loss: 195.706164 |
2020-08-17 00:19:37,378 - root - INFO - | Epoch: 299/500 | Train Time: 0.059s | Train Loss: 195.744617 |
2020-08-17 00:19:37,436 - root - INFO - | Epoch: 300/500 | Train Time: 0.059s | Train Loss: 195.703872 |
2020-08-17 00:19:37,495 - root - INFO - | Epoch: 301/500 | Train Time: 0.059s | Train Loss: 195.446207 |
2020-08-17 00:19:37,554 - root - INFO - | Epoch: 302/500 | Train Time: 0.059s | Train Loss: 195.309385 |
2020-08-17 00:19:37,612 - root - INFO - | Epoch: 303/500 | Train Time: 0.058s | Train Loss: 195.266889 |
2020-08-17 00:19:37,671 - root - INFO - | Epoch: 304/500 | Train Time: 0.059s | Train Loss: 195.156133 |
2020-08-17 00:19:37,730 - root - INFO - | Epoch: 305/500 | Train Time: 0.059s | Train Loss: 195.030211 |
2020-08-17 00:19:37,788 - root - INFO - | Epoch: 306/500 | Train Time: 0.059s | Train Loss: 194.925445 |
2020-08-17 00:19:37,848 - root - INFO - | Epoch: 307/500 | Train Time: 0.059s | Train Loss: 194.859773 |
2020-08-17 00:19:37,907 - root - INFO - | Epoch: 308/500 | Train Time: 0.059s | Train Loss: 194.589364 |
2020-08-17 00:19:37,965 - root - INFO - | Epoch: 309/500 | Train Time: 0.058s | Train Loss: 194.627554 |
2020-08-17 00:19:38,024 - root - INFO - | Epoch: 310/500 | Train Time: 0.058s | Train Loss: 194.441247 |
2020-08-17 00:19:38,083 - root - INFO - | Epoch: 311/500 | Train Time: 0.059s | Train Loss: 194.429118 |
2020-08-17 00:19:38,141 - root - INFO - | Epoch: 312/500 | Train Time: 0.058s | Train Loss: 194.083006 |
2020-08-17 00:19:38,202 - root - INFO - | Epoch: 313/500 | Train Time: 0.059s | Train Loss: 194.067881 |
2020-08-17 00:19:38,260 - root - INFO - | Epoch: 314/500 | Train Time: 0.059s | Train Loss: 193.820668 |
2020-08-17 00:19:38,321 - root - INFO - | Epoch: 315/500 | Train Time: 0.061s | Train Loss: 193.841708 |
2020-08-17 00:19:38,397 - root - INFO - | Epoch: 316/500 | Train Time: 0.076s | Train Loss: 193.638474 |
2020-08-17 00:19:38,485 - root - INFO - | Epoch: 317/500 | Train Time: 0.088s | Train Loss: 193.472382 |
2020-08-17 00:19:38,577 - root - INFO - | Epoch: 318/500 | Train Time: 0.092s | Train Loss: 193.315187 |
2020-08-17 00:19:38,669 - root - INFO - | Epoch: 319/500 | Train Time: 0.092s | Train Loss: 193.532930 |
2020-08-17 00:19:38,760 - root - INFO - | Epoch: 320/500 | Train Time: 0.091s | Train Loss: 193.175258 |
2020-08-17 00:19:38,851 - root - INFO - | Epoch: 321/500 | Train Time: 0.091s | Train Loss: 193.131833 |
2020-08-17 00:19:38,943 - root - INFO - | Epoch: 322/500 | Train Time: 0.091s | Train Loss: 192.787081 |
2020-08-17 00:19:39,034 - root - INFO - | Epoch: 323/500 | Train Time: 0.091s | Train Loss: 192.670367 |
2020-08-17 00:19:39,124 - root - INFO - | Epoch: 324/500 | Train Time: 0.090s | Train Loss: 192.617516 |
2020-08-17 00:19:39,216 - root - INFO - | Epoch: 325/500 | Train Time: 0.091s | Train Loss: 192.583117 |
2020-08-17 00:19:39,307 - root - INFO - | Epoch: 326/500 | Train Time: 0.091s | Train Loss: 192.477277 |
2020-08-17 00:19:39,396 - root - INFO - | Epoch: 327/500 | Train Time: 0.089s | Train Loss: 192.259981 |
2020-08-17 00:19:39,487 - root - INFO - | Epoch: 328/500 | Train Time: 0.091s | Train Loss: 192.044047 |
2020-08-17 00:19:39,576 - root - INFO - | Epoch: 329/500 | Train Time: 0.089s | Train Loss: 191.899402 |
2020-08-17 00:19:39,666 - root - INFO - | Epoch: 330/500 | Train Time: 0.090s | Train Loss: 191.901848 |
2020-08-17 00:19:39,758 - root - INFO - | Epoch: 331/500 | Train Time: 0.091s | Train Loss: 191.784938 |
2020-08-17 00:19:39,848 - root - INFO - | Epoch: 332/500 | Train Time: 0.090s | Train Loss: 191.675499 |
2020-08-17 00:19:39,938 - root - INFO - | Epoch: 333/500 | Train Time: 0.090s | Train Loss: 191.504515 |
2020-08-17 00:19:40,028 - root - INFO - | Epoch: 334/500 | Train Time: 0.090s | Train Loss: 191.343973 |
2020-08-17 00:19:40,119 - root - INFO - | Epoch: 335/500 | Train Time: 0.090s | Train Loss: 191.273792 |
2020-08-17 00:19:40,210 - root - INFO - | Epoch: 336/500 | Train Time: 0.091s | Train Loss: 191.303633 |
2020-08-17 00:19:40,300 - root - INFO - | Epoch: 337/500 | Train Time: 0.091s | Train Loss: 191.039140 |
2020-08-17 00:19:40,392 - root - INFO - | Epoch: 338/500 | Train Time: 0.091s | Train Loss: 190.910408 |
2020-08-17 00:19:40,483 - root - INFO - | Epoch: 339/500 | Train Time: 0.091s | Train Loss: 190.759908 |
2020-08-17 00:19:40,575 - root - INFO - | Epoch: 340/500 | Train Time: 0.092s | Train Loss: 190.671548 |
2020-08-17 00:19:40,665 - root - INFO - | Epoch: 341/500 | Train Time: 0.091s | Train Loss: 190.414338 |
2020-08-17 00:19:40,757 - root - INFO - | Epoch: 342/500 | Train Time: 0.091s | Train Loss: 190.477098 |
2020-08-17 00:19:40,847 - root - INFO - | Epoch: 343/500 | Train Time: 0.090s | Train Loss: 190.319868 |
2020-08-17 00:19:40,937 - root - INFO - | Epoch: 344/500 | Train Time: 0.090s | Train Loss: 190.056252 |
2020-08-17 00:19:41,027 - root - INFO - | Epoch: 345/500 | Train Time: 0.090s | Train Loss: 190.095963 |
2020-08-17 00:19:41,117 - root - INFO - | Epoch: 346/500 | Train Time: 0.090s | Train Loss: 189.817504 |
2020-08-17 00:19:41,209 - root - INFO - | Epoch: 347/500 | Train Time: 0.092s | Train Loss: 189.733801 |
2020-08-17 00:19:41,301 - root - INFO - | Epoch: 348/500 | Train Time: 0.091s | Train Loss: 189.698108 |
2020-08-17 00:19:41,389 - root - INFO - | Epoch: 349/500 | Train Time: 0.089s | Train Loss: 189.527418 |
2020-08-17 00:19:41,479 - root - INFO - | Epoch: 350/500 | Train Time: 0.090s | Train Loss: 189.488013 |
2020-08-17 00:19:41,570 - root - INFO - | Epoch: 351/500 | Train Time: 0.090s | Train Loss: 189.190116 |
2020-08-17 00:19:41,661 - root - INFO - | Epoch: 352/500 | Train Time: 0.091s | Train Loss: 189.099041 |
2020-08-17 00:19:41,752 - root - INFO - | Epoch: 353/500 | Train Time: 0.091s | Train Loss: 189.224363 |
2020-08-17 00:19:41,844 - root - INFO - | Epoch: 354/500 | Train Time: 0.091s | Train Loss: 188.935133 |
2020-08-17 00:19:41,935 - root - INFO - | Epoch: 355/500 | Train Time: 0.091s | Train Loss: 188.932849 |
2020-08-17 00:19:42,026 - root - INFO - | Epoch: 356/500 | Train Time: 0.091s | Train Loss: 188.838207 |
2020-08-17 00:19:42,117 - root - INFO - | Epoch: 357/500 | Train Time: 0.091s | Train Loss: 188.679651 |
2020-08-17 00:19:42,208 - root - INFO - | Epoch: 358/500 | Train Time: 0.090s | Train Loss: 188.447670 |
2020-08-17 00:19:42,297 - root - INFO - | Epoch: 359/500 | Train Time: 0.089s | Train Loss: 188.336904 |
2020-08-17 00:19:42,395 - root - INFO - | Epoch: 360/500 | Train Time: 0.098s | Train Loss: 188.063108 |
2020-08-17 00:19:42,486 - root - INFO - | Epoch: 361/500 | Train Time: 0.091s | Train Loss: 187.959959 |
2020-08-17 00:19:42,578 - root - INFO - | Epoch: 362/500 | Train Time: 0.092s | Train Loss: 187.865835 |
2020-08-17 00:19:42,670 - root - INFO - | Epoch: 363/500 | Train Time: 0.092s | Train Loss: 187.908429 |
2020-08-17 00:19:42,762 - root - INFO - | Epoch: 364/500 | Train Time: 0.092s | Train Loss: 187.689482 |
2020-08-17 00:19:42,854 - root - INFO - | Epoch: 365/500 | Train Time: 0.092s | Train Loss: 187.557392 |
2020-08-17 00:19:42,946 - root - INFO - | Epoch: 366/500 | Train Time: 0.092s | Train Loss: 187.450150 |
2020-08-17 00:19:43,037 - root - INFO - | Epoch: 367/500 | Train Time: 0.091s | Train Loss: 187.386376 |
2020-08-17 00:19:43,127 - root - INFO - | Epoch: 368/500 | Train Time: 0.090s | Train Loss: 187.146239 |
2020-08-17 00:19:43,218 - root - INFO - | Epoch: 369/500 | Train Time: 0.090s | Train Loss: 187.034584 |
2020-08-17 00:19:43,309 - root - INFO - | Epoch: 370/500 | Train Time: 0.090s | Train Loss: 187.062326 |
2020-08-17 00:19:43,400 - root - INFO - | Epoch: 371/500 | Train Time: 0.091s | Train Loss: 186.901980 |
2020-08-17 00:19:43,490 - root - INFO - | Epoch: 372/500 | Train Time: 0.090s | Train Loss: 186.698946 |
2020-08-17 00:19:43,581 - root - INFO - | Epoch: 373/500 | Train Time: 0.091s | Train Loss: 186.623912 |
2020-08-17 00:19:43,671 - root - INFO - | Epoch: 374/500 | Train Time: 0.090s | Train Loss: 186.659557 |
2020-08-17 00:19:43,761 - root - INFO - | Epoch: 375/500 | Train Time: 0.090s | Train Loss: 186.422956 |
2020-08-17 00:19:43,851 - root - INFO - | Epoch: 376/500 | Train Time: 0.090s | Train Loss: 186.298564 |
2020-08-17 00:19:43,957 - root - INFO - | Epoch: 377/500 | Train Time: 0.105s | Train Loss: 186.283328 |
2020-08-17 00:19:44,052 - root - INFO - | Epoch: 378/500 | Train Time: 0.095s | Train Loss: 186.061101 |
2020-08-17 00:19:44,147 - root - INFO - | Epoch: 379/500 | Train Time: 0.095s | Train Loss: 185.919148 |
2020-08-17 00:19:44,242 - root - INFO - | Epoch: 380/500 | Train Time: 0.095s | Train Loss: 185.823162 |
2020-08-17 00:19:44,337 - root - INFO - | Epoch: 381/500 | Train Time: 0.095s | Train Loss: 185.624203 |
2020-08-17 00:19:44,432 - root - INFO - | Epoch: 382/500 | Train Time: 0.095s | Train Loss: 185.528603 |
2020-08-17 00:19:44,527 - root - INFO - | Epoch: 383/500 | Train Time: 0.095s | Train Loss: 185.337870 |
2020-08-17 00:19:44,622 - root - INFO - | Epoch: 384/500 | Train Time: 0.095s | Train Loss: 185.447341 |
2020-08-17 00:19:44,716 - root - INFO - | Epoch: 385/500 | Train Time: 0.095s | Train Loss: 185.254395 |
2020-08-17 00:19:44,811 - root - INFO - | Epoch: 386/500 | Train Time: 0.095s | Train Loss: 185.037647 |
2020-08-17 00:19:44,906 - root - INFO - | Epoch: 387/500 | Train Time: 0.095s | Train Loss: 185.126257 |
2020-08-17 00:19:45,001 - root - INFO - | Epoch: 388/500 | Train Time: 0.094s | Train Loss: 184.691204 |
2020-08-17 00:19:45,095 - root - INFO - | Epoch: 389/500 | Train Time: 0.094s | Train Loss: 184.599859 |
2020-08-17 00:19:45,191 - root - INFO - | Epoch: 390/500 | Train Time: 0.095s | Train Loss: 184.724572 |
2020-08-17 00:19:45,285 - root - INFO - | Epoch: 391/500 | Train Time: 0.094s | Train Loss: 184.445190 |
2020-08-17 00:19:45,380 - root - INFO - | Epoch: 392/500 | Train Time: 0.095s | Train Loss: 184.378798 |
2020-08-17 00:19:45,479 - root - INFO - | Epoch: 393/500 | Train Time: 0.099s | Train Loss: 184.237425 |
2020-08-17 00:19:45,577 - root - INFO - | Epoch: 394/500 | Train Time: 0.097s | Train Loss: 184.103543 |
2020-08-17 00:19:45,673 - root - INFO - | Epoch: 395/500 | Train Time: 0.096s | Train Loss: 184.007945 |
2020-08-17 00:19:45,769 - root - INFO - | Epoch: 396/500 | Train Time: 0.096s | Train Loss: 183.876569 |
2020-08-17 00:19:45,866 - root - INFO - | Epoch: 397/500 | Train Time: 0.097s | Train Loss: 183.662812 |
2020-08-17 00:19:45,962 - root - INFO - | Epoch: 398/500 | Train Time: 0.096s | Train Loss: 183.468672 |
2020-08-17 00:19:46,058 - root - INFO - | Epoch: 399/500 | Train Time: 0.096s | Train Loss: 183.486419 |
2020-08-17 00:19:46,153 - root - INFO - | Epoch: 400/500 | Train Time: 0.095s | Train Loss: 183.502639 |
2020-08-17 00:19:46,249 - root - INFO - | Epoch: 401/500 | Train Time: 0.095s | Train Loss: 183.427122 |
2020-08-17 00:19:46,344 - root - INFO - | Epoch: 402/500 | Train Time: 0.095s | Train Loss: 183.204680 |
2020-08-17 00:19:46,438 - root - INFO - | Epoch: 403/500 | Train Time: 0.094s | Train Loss: 182.919918 |
2020-08-17 00:19:46,534 - root - INFO - | Epoch: 404/500 | Train Time: 0.095s | Train Loss: 182.750647 |
2020-08-17 00:19:46,629 - root - INFO - | Epoch: 405/500 | Train Time: 0.095s | Train Loss: 182.895075 |
2020-08-17 00:19:46,724 - root - INFO - | Epoch: 406/500 | Train Time: 0.095s | Train Loss: 182.800951 |
2020-08-17 00:19:46,820 - root - INFO - | Epoch: 407/500 | Train Time: 0.095s | Train Loss: 182.472272 |
2020-08-17 00:19:46,915 - root - INFO - | Epoch: 408/500 | Train Time: 0.095s | Train Loss: 182.416709 |
2020-08-17 00:19:47,010 - root - INFO - | Epoch: 409/500 | Train Time: 0.095s | Train Loss: 182.195852 |
2020-08-17 00:19:47,104 - root - INFO - | Epoch: 410/500 | Train Time: 0.095s | Train Loss: 182.103318 |
2020-08-17 00:19:47,199 - root - INFO - | Epoch: 411/500 | Train Time: 0.094s | Train Loss: 182.030438 |
2020-08-17 00:19:47,299 - root - INFO - | Epoch: 412/500 | Train Time: 0.100s | Train Loss: 181.900066 |
2020-08-17 00:19:47,395 - root - INFO - | Epoch: 413/500 | Train Time: 0.096s | Train Loss: 181.841761 |
2020-08-17 00:19:47,489 - root - INFO - | Epoch: 414/500 | Train Time: 0.094s | Train Loss: 181.823425 |
2020-08-17 00:19:47,582 - root - INFO - | Epoch: 415/500 | Train Time: 0.093s | Train Loss: 181.531069 |
2020-08-17 00:19:47,676 - root - INFO - | Epoch: 416/500 | Train Time: 0.094s | Train Loss: 181.407133 |
2020-08-17 00:19:47,770 - root - INFO - | Epoch: 417/500 | Train Time: 0.093s | Train Loss: 181.131304 |
2020-08-17 00:19:47,868 - root - INFO - | Epoch: 418/500 | Train Time: 0.098s | Train Loss: 181.249230 |
2020-08-17 00:19:47,957 - root - INFO - | Epoch: 419/500 | Train Time: 0.089s | Train Loss: 181.156694 |
2020-08-17 00:19:48,046 - root - INFO - | Epoch: 420/500 | Train Time: 0.089s | Train Loss: 180.887324 |
2020-08-17 00:19:48,135 - root - INFO - | Epoch: 421/500 | Train Time: 0.088s | Train Loss: 180.827067 |
2020-08-17 00:19:48,223 - root - INFO - | Epoch: 422/500 | Train Time: 0.089s | Train Loss: 180.662368 |
2020-08-17 00:19:48,313 - root - INFO - | Epoch: 423/500 | Train Time: 0.089s | Train Loss: 180.638548 |
2020-08-17 00:19:48,406 - root - INFO - | Epoch: 424/500 | Train Time: 0.093s | Train Loss: 180.600606 |
2020-08-17 00:19:48,496 - root - INFO - | Epoch: 425/500 | Train Time: 0.090s | Train Loss: 180.428088 |
2020-08-17 00:19:48,584 - root - INFO - | Epoch: 426/500 | Train Time: 0.088s | Train Loss: 180.204775 |
2020-08-17 00:19:48,672 - root - INFO - | Epoch: 427/500 | Train Time: 0.088s | Train Loss: 180.083008 |
2020-08-17 00:19:48,762 - root - INFO - | Epoch: 428/500 | Train Time: 0.090s | Train Loss: 180.156071 |
2020-08-17 00:19:48,858 - root - INFO - | Epoch: 429/500 | Train Time: 0.096s | Train Loss: 179.841493 |
2020-08-17 00:19:48,948 - root - INFO - | Epoch: 430/500 | Train Time: 0.090s | Train Loss: 179.859478 |
2020-08-17 00:19:49,039 - root - INFO - | Epoch: 431/500 | Train Time: 0.091s | Train Loss: 179.797136 |
2020-08-17 00:19:49,112 - root - INFO - | Epoch: 432/500 | Train Time: 0.073s | Train Loss: 179.530658 |
2020-08-17 00:19:49,178 - root - INFO - | Epoch: 433/500 | Train Time: 0.066s | Train Loss: 179.451126 |
2020-08-17 00:19:49,243 - root - INFO - | Epoch: 434/500 | Train Time: 0.066s | Train Loss: 179.305990 |
2020-08-17 00:19:49,311 - root - INFO - | Epoch: 435/500 | Train Time: 0.067s | Train Loss: 179.273859 |
2020-08-17 00:19:49,404 - root - INFO - | Epoch: 436/500 | Train Time: 0.093s | Train Loss: 179.252444 |
2020-08-17 00:19:49,495 - root - INFO - | Epoch: 437/500 | Train Time: 0.090s | Train Loss: 179.059297 |
2020-08-17 00:19:49,585 - root - INFO - | Epoch: 438/500 | Train Time: 0.091s | Train Loss: 178.960483 |
2020-08-17 00:19:49,675 - root - INFO - | Epoch: 439/500 | Train Time: 0.090s | Train Loss: 178.840773 |
2020-08-17 00:19:49,766 - root - INFO - | Epoch: 440/500 | Train Time: 0.090s | Train Loss: 178.668382 |
2020-08-17 00:19:49,862 - root - INFO - | Epoch: 441/500 | Train Time: 0.097s | Train Loss: 178.590558 |
2020-08-17 00:19:49,953 - root - INFO - | Epoch: 442/500 | Train Time: 0.090s | Train Loss: 178.306727 |
2020-08-17 00:19:50,043 - root - INFO - | Epoch: 443/500 | Train Time: 0.091s | Train Loss: 178.130195 |
2020-08-17 00:19:50,134 - root - INFO - | Epoch: 444/500 | Train Time: 0.090s | Train Loss: 178.166951 |
2020-08-17 00:19:50,225 - root - INFO - | Epoch: 445/500 | Train Time: 0.091s | Train Loss: 177.803847 |
2020-08-17 00:19:50,314 - root - INFO - | Epoch: 446/500 | Train Time: 0.090s | Train Loss: 177.923416 |
2020-08-17 00:19:50,409 - root - INFO - | Epoch: 447/500 | Train Time: 0.095s | Train Loss: 177.884658 |
2020-08-17 00:19:50,500 - root - INFO - | Epoch: 448/500 | Train Time: 0.091s | Train Loss: 177.534522 |
2020-08-17 00:19:50,591 - root - INFO - | Epoch: 449/500 | Train Time: 0.091s | Train Loss: 177.606163 |
2020-08-17 00:19:50,682 - root - INFO - | Epoch: 450/500 | Train Time: 0.091s | Train Loss: 177.687382 |
2020-08-17 00:19:50,772 - root - INFO - | Epoch: 451/500 | Train Time: 0.090s | Train Loss: 177.174876 |
2020-08-17 00:19:50,869 - root - INFO - | Epoch: 452/500 | Train Time: 0.097s | Train Loss: 177.224587 |
2020-08-17 00:19:50,958 - root - INFO - | Epoch: 453/500 | Train Time: 0.089s | Train Loss: 176.998457 |
2020-08-17 00:19:51,049 - root - INFO - | Epoch: 454/500 | Train Time: 0.090s | Train Loss: 177.125261 |
2020-08-17 00:19:51,139 - root - INFO - | Epoch: 455/500 | Train Time: 0.090s | Train Loss: 176.983629 |
2020-08-17 00:19:51,230 - root - INFO - | Epoch: 456/500 | Train Time: 0.090s | Train Loss: 176.781294 |
2020-08-17 00:19:51,323 - root - INFO - | Epoch: 457/500 | Train Time: 0.093s | Train Loss: 176.728392 |
2020-08-17 00:19:51,416 - root - INFO - | Epoch: 458/500 | Train Time: 0.093s | Train Loss: 176.525460 |
2020-08-17 00:19:51,508 - root - INFO - | Epoch: 459/500 | Train Time: 0.091s | Train Loss: 176.396889 |
2020-08-17 00:19:51,597 - root - INFO - | Epoch: 460/500 | Train Time: 0.090s | Train Loss: 176.280904 |
2020-08-17 00:19:51,689 - root - INFO - | Epoch: 461/500 | Train Time: 0.091s | Train Loss: 176.206278 |
2020-08-17 00:19:51,780 - root - INFO - | Epoch: 462/500 | Train Time: 0.091s | Train Loss: 176.118607 |
2020-08-17 00:19:51,876 - root - INFO - | Epoch: 463/500 | Train Time: 0.096s | Train Loss: 175.817122 |
2020-08-17 00:19:51,967 - root - INFO - | Epoch: 464/500 | Train Time: 0.091s | Train Loss: 175.884351 |
2020-08-17 00:19:52,058 - root - INFO - | Epoch: 465/500 | Train Time: 0.091s | Train Loss: 175.835882 |
2020-08-17 00:19:52,150 - root - INFO - | Epoch: 466/500 | Train Time: 0.091s | Train Loss: 175.575330 |
2020-08-17 00:19:52,240 - root - INFO - | Epoch: 467/500 | Train Time: 0.091s | Train Loss: 175.434881 |
2020-08-17 00:19:52,334 - root - INFO - | Epoch: 468/500 | Train Time: 0.094s | Train Loss: 175.322650 |
2020-08-17 00:19:52,428 - root - INFO - | Epoch: 469/500 | Train Time: 0.093s | Train Loss: 175.204280 |
2020-08-17 00:19:52,517 - root - INFO - | Epoch: 470/500 | Train Time: 0.089s | Train Loss: 174.967487 |
2020-08-17 00:19:52,607 - root - INFO - | Epoch: 471/500 | Train Time: 0.090s | Train Loss: 174.969114 |
2020-08-17 00:19:52,697 - root - INFO - | Epoch: 472/500 | Train Time: 0.090s | Train Loss: 174.844905 |
2020-08-17 00:19:52,788 - root - INFO - | Epoch: 473/500 | Train Time: 0.091s | Train Loss: 175.078407 |
2020-08-17 00:19:52,884 - root - INFO - | Epoch: 474/500 | Train Time: 0.096s | Train Loss: 174.665833 |
2020-08-17 00:19:52,975 - root - INFO - | Epoch: 475/500 | Train Time: 0.090s | Train Loss: 174.644436 |
2020-08-17 00:19:53,066 - root - INFO - | Epoch: 476/500 | Train Time: 0.091s | Train Loss: 174.374556 |
2020-08-17 00:19:53,157 - root - INFO - | Epoch: 477/500 | Train Time: 0.091s | Train Loss: 174.262612 |
2020-08-17 00:19:53,247 - root - INFO - | Epoch: 478/500 | Train Time: 0.090s | Train Loss: 174.086099 |
2020-08-17 00:19:53,343 - root - INFO - | Epoch: 479/500 | Train Time: 0.095s | Train Loss: 173.961074 |
2020-08-17 00:19:53,435 - root - INFO - | Epoch: 480/500 | Train Time: 0.092s | Train Loss: 174.132020 |
2020-08-17 00:19:53,526 - root - INFO - | Epoch: 481/500 | Train Time: 0.091s | Train Loss: 173.750640 |
2020-08-17 00:19:53,617 - root - INFO - | Epoch: 482/500 | Train Time: 0.091s | Train Loss: 173.716884 |
2020-08-17 00:19:53,708 - root - INFO - | Epoch: 483/500 | Train Time: 0.091s | Train Loss: 173.714099 |
2020-08-17 00:19:53,798 - root - INFO - | Epoch: 484/500 | Train Time: 0.091s | Train Loss: 173.571053 |
2020-08-17 00:19:53,894 - root - INFO - | Epoch: 485/500 | Train Time: 0.096s | Train Loss: 173.345113 |
2020-08-17 00:19:53,985 - root - INFO - | Epoch: 486/500 | Train Time: 0.091s | Train Loss: 173.272588 |
2020-08-17 00:19:54,076 - root - INFO - | Epoch: 487/500 | Train Time: 0.091s | Train Loss: 173.358788 |
2020-08-17 00:19:54,167 - root - INFO - | Epoch: 488/500 | Train Time: 0.091s | Train Loss: 173.073572 |
2020-08-17 00:19:54,259 - root - INFO - | Epoch: 489/500 | Train Time: 0.091s | Train Loss: 172.945823 |
2020-08-17 00:19:54,357 - root - INFO - | Epoch: 490/500 | Train Time: 0.098s | Train Loss: 172.761073 |
2020-08-17 00:19:54,453 - root - INFO - | Epoch: 491/500 | Train Time: 0.096s | Train Loss: 172.625660 |
2020-08-17 00:19:54,544 - root - INFO - | Epoch: 492/500 | Train Time: 0.091s | Train Loss: 172.559373 |
2020-08-17 00:19:54,611 - root - INFO - | Epoch: 493/500 | Train Time: 0.067s | Train Loss: 172.407677 |
2020-08-17 00:19:54,677 - root - INFO - | Epoch: 494/500 | Train Time: 0.066s | Train Loss: 172.457532 |
2020-08-17 00:19:54,744 - root - INFO - | Epoch: 495/500 | Train Time: 0.066s | Train Loss: 172.459835 |
2020-08-17 00:19:54,810 - root - INFO - | Epoch: 496/500 | Train Time: 0.066s | Train Loss: 172.067270 |
2020-08-17 00:19:54,876 - root - INFO - | Epoch: 497/500 | Train Time: 0.066s | Train Loss: 172.117338 |
2020-08-17 00:19:54,942 - root - INFO - | Epoch: 498/500 | Train Time: 0.066s | Train Loss: 171.901890 |
2020-08-17 00:19:55,008 - root - INFO - | Epoch: 499/500 | Train Time: 0.066s | Train Loss: 171.693649 |
2020-08-17 00:19:55,074 - root - INFO - | Epoch: 500/500 | Train Time: 0.066s | Train Loss: 171.628172 |
2020-08-17 00:19:55,074 - root - INFO - Training Time: 35.272s
2020-08-17 00:19:55,074 - root - INFO - Finished training.
2020-08-17 00:19:55,075 - root - INFO - Starting testing...
2020-08-17 00:19:55,084 - root - INFO - Test Loss: 173.274475
2020-08-17 00:19:55,084 - root - INFO - Test Time: 0.010s
2020-08-17 00:19:55,085 - root - INFO - Finished testing.
2020-08-17 00:19:55,141 - root - INFO - Starting testing...
2020-08-17 00:19:55,157 - root - INFO - Test Loss: 163.185933
2020-08-17 00:19:55,157 - root - INFO - Test Time: 0.016s
2020-08-17 00:19:55,157 - root - INFO - Finished testing.
