2020-07-17 06:06:08,254 - root - INFO - I am pre-training for you.
2020-07-17 06:06:09,890 - root - INFO - | Epoch: 001/100 | Train Time: 0.110s | Train Loss: 0.103019 |
2020-07-17 06:06:10,003 - root - INFO - | Epoch: 002/100 | Train Time: 0.113s | Train Loss: 0.043488 |
2020-07-17 06:06:10,149 - root - INFO - | Epoch: 003/100 | Train Time: 0.146s | Train Loss: 0.020835 |
2020-07-17 06:06:10,287 - root - INFO - | Epoch: 004/100 | Train Time: 0.138s | Train Loss: 0.018671 |
2020-07-17 06:06:10,400 - root - INFO - | Epoch: 005/100 | Train Time: 0.112s | Train Loss: 0.018368 |
2020-07-17 06:06:10,512 - root - INFO - | Epoch: 006/100 | Train Time: 0.113s | Train Loss: 0.018138 |
2020-07-17 06:06:10,626 - root - INFO - | Epoch: 007/100 | Train Time: 0.113s | Train Loss: 0.017910 |
2020-07-17 06:06:10,738 - root - INFO - | Epoch: 008/100 | Train Time: 0.112s | Train Loss: 0.017711 |
2020-07-17 06:06:10,851 - root - INFO - | Epoch: 009/100 | Train Time: 0.113s | Train Loss: 0.017544 |
2020-07-17 06:06:10,963 - root - INFO - | Epoch: 010/100 | Train Time: 0.113s | Train Loss: 0.017368 |
2020-07-17 06:06:11,075 - root - INFO - | Epoch: 011/100 | Train Time: 0.111s | Train Loss: 0.017236 |
2020-07-17 06:06:11,187 - root - INFO - | Epoch: 012/100 | Train Time: 0.112s | Train Loss: 0.017020 |
2020-07-17 06:06:11,301 - root - INFO - | Epoch: 013/100 | Train Time: 0.114s | Train Loss: 0.016901 |
2020-07-17 06:06:11,415 - root - INFO - | Epoch: 014/100 | Train Time: 0.114s | Train Loss: 0.016732 |
2020-07-17 06:06:11,527 - root - INFO - | Epoch: 015/100 | Train Time: 0.112s | Train Loss: 0.016542 |
2020-07-17 06:06:11,639 - root - INFO - | Epoch: 016/100 | Train Time: 0.111s | Train Loss: 0.016356 |
2020-07-17 06:06:11,751 - root - INFO - | Epoch: 017/100 | Train Time: 0.112s | Train Loss: 0.016189 |
2020-07-17 06:06:11,864 - root - INFO - | Epoch: 018/100 | Train Time: 0.113s | Train Loss: 0.016005 |
2020-07-17 06:06:11,975 - root - INFO - | Epoch: 019/100 | Train Time: 0.111s | Train Loss: 0.015773 |
2020-07-17 06:06:12,086 - root - INFO - | Epoch: 020/100 | Train Time: 0.111s | Train Loss: 0.015621 |
2020-07-17 06:06:12,198 - root - INFO - | Epoch: 021/100 | Train Time: 0.111s | Train Loss: 0.015368 |
2020-07-17 06:06:12,310 - root - INFO - | Epoch: 022/100 | Train Time: 0.112s | Train Loss: 0.015145 |
2020-07-17 06:06:12,422 - root - INFO - | Epoch: 023/100 | Train Time: 0.112s | Train Loss: 0.014908 |
2020-07-17 06:06:12,533 - root - INFO - | Epoch: 024/100 | Train Time: 0.112s | Train Loss: 0.014684 |
2020-07-17 06:06:12,660 - root - INFO - | Epoch: 025/100 | Train Time: 0.127s | Train Loss: 0.014433 |
2020-07-17 06:06:12,791 - root - INFO - | Epoch: 026/100 | Train Time: 0.131s | Train Loss: 0.014167 |
2020-07-17 06:06:12,928 - root - INFO - | Epoch: 027/100 | Train Time: 0.136s | Train Loss: 0.013882 |
2020-07-17 06:06:13,041 - root - INFO - | Epoch: 028/100 | Train Time: 0.113s | Train Loss: 0.013584 |
2020-07-17 06:06:13,153 - root - INFO - | Epoch: 029/100 | Train Time: 0.112s | Train Loss: 0.013339 |
2020-07-17 06:06:13,284 - root - INFO - | Epoch: 030/100 | Train Time: 0.131s | Train Loss: 0.013001 |
2020-07-17 06:06:13,398 - root - INFO - | Epoch: 031/100 | Train Time: 0.114s | Train Loss: 0.012755 |
2020-07-17 06:06:13,508 - root - INFO - | Epoch: 032/100 | Train Time: 0.110s | Train Loss: 0.012481 |
2020-07-17 06:06:13,639 - root - INFO - | Epoch: 033/100 | Train Time: 0.131s | Train Loss: 0.012281 |
2020-07-17 06:06:13,773 - root - INFO - | Epoch: 034/100 | Train Time: 0.134s | Train Loss: 0.012010 |
2020-07-17 06:06:13,886 - root - INFO - | Epoch: 035/100 | Train Time: 0.112s | Train Loss: 0.011832 |
2020-07-17 06:06:13,995 - root - INFO - | Epoch: 036/100 | Train Time: 0.109s | Train Loss: 0.011656 |
2020-07-17 06:06:14,128 - root - INFO - | Epoch: 037/100 | Train Time: 0.133s | Train Loss: 0.011500 |
2020-07-17 06:06:14,241 - root - INFO - | Epoch: 038/100 | Train Time: 0.113s | Train Loss: 0.011341 |
2020-07-17 06:06:14,354 - root - INFO - | Epoch: 039/100 | Train Time: 0.113s | Train Loss: 0.011212 |
2020-07-17 06:06:14,468 - root - INFO - | Epoch: 040/100 | Train Time: 0.113s | Train Loss: 0.011159 |
2020-07-17 06:06:14,580 - root - INFO - | Epoch: 041/100 | Train Time: 0.112s | Train Loss: 0.011115 |
2020-07-17 06:06:14,694 - root - INFO - | Epoch: 042/100 | Train Time: 0.113s | Train Loss: 0.010993 |
2020-07-17 06:06:14,807 - root - INFO - | Epoch: 043/100 | Train Time: 0.114s | Train Loss: 0.010908 |
2020-07-17 06:06:14,936 - root - INFO - | Epoch: 044/100 | Train Time: 0.129s | Train Loss: 0.010863 |
2020-07-17 06:06:15,051 - root - INFO - | Epoch: 045/100 | Train Time: 0.115s | Train Loss: 0.010712 |
2020-07-17 06:06:15,164 - root - INFO - | Epoch: 046/100 | Train Time: 0.113s | Train Loss: 0.010646 |
2020-07-17 06:06:15,278 - root - INFO - | Epoch: 047/100 | Train Time: 0.113s | Train Loss: 0.010575 |
2020-07-17 06:06:15,391 - root - INFO - | Epoch: 048/100 | Train Time: 0.113s | Train Loss: 0.010394 |
2020-07-17 06:06:15,504 - root - INFO - | Epoch: 049/100 | Train Time: 0.113s | Train Loss: 0.010258 |
2020-07-17 06:06:15,636 - root - INFO - | Epoch: 050/100 | Train Time: 0.132s | Train Loss: 0.010119 |
2020-07-17 06:06:15,636 - root - INFO -   LR scheduler: new learning rate is 0.0001
2020-07-17 06:06:15,749 - root - INFO - | Epoch: 051/100 | Train Time: 0.113s | Train Loss: 0.010066 |
2020-07-17 06:06:15,861 - root - INFO - | Epoch: 052/100 | Train Time: 0.112s | Train Loss: 0.010044 |
2020-07-17 06:06:16,008 - root - INFO - | Epoch: 053/100 | Train Time: 0.147s | Train Loss: 0.010039 |
2020-07-17 06:06:16,123 - root - INFO - | Epoch: 054/100 | Train Time: 0.114s | Train Loss: 0.010033 |
2020-07-17 06:06:16,254 - root - INFO - | Epoch: 055/100 | Train Time: 0.131s | Train Loss: 0.009984 |
2020-07-17 06:06:16,369 - root - INFO - | Epoch: 056/100 | Train Time: 0.115s | Train Loss: 0.009972 |
2020-07-17 06:06:16,483 - root - INFO - | Epoch: 057/100 | Train Time: 0.114s | Train Loss: 0.009953 |
2020-07-17 06:06:16,597 - root - INFO - | Epoch: 058/100 | Train Time: 0.114s | Train Loss: 0.009930 |
2020-07-17 06:06:16,711 - root - INFO - | Epoch: 059/100 | Train Time: 0.114s | Train Loss: 0.009869 |
2020-07-17 06:06:16,842 - root - INFO - | Epoch: 060/100 | Train Time: 0.131s | Train Loss: 0.009835 |
2020-07-17 06:06:16,959 - root - INFO - | Epoch: 061/100 | Train Time: 0.117s | Train Loss: 0.009844 |
2020-07-17 06:06:17,070 - root - INFO - | Epoch: 062/100 | Train Time: 0.110s | Train Loss: 0.009831 |
2020-07-17 06:06:17,181 - root - INFO - | Epoch: 063/100 | Train Time: 0.111s | Train Loss: 0.009777 |
2020-07-17 06:06:17,294 - root - INFO - | Epoch: 064/100 | Train Time: 0.112s | Train Loss: 0.009763 |
2020-07-17 06:06:17,407 - root - INFO - | Epoch: 065/100 | Train Time: 0.112s | Train Loss: 0.009699 |
2020-07-17 06:06:17,519 - root - INFO - | Epoch: 066/100 | Train Time: 0.112s | Train Loss: 0.009668 |
2020-07-17 06:06:17,632 - root - INFO - | Epoch: 067/100 | Train Time: 0.113s | Train Loss: 0.009657 |
2020-07-17 06:06:17,747 - root - INFO - | Epoch: 068/100 | Train Time: 0.115s | Train Loss: 0.009618 |
2020-07-17 06:06:17,862 - root - INFO - | Epoch: 069/100 | Train Time: 0.114s | Train Loss: 0.009554 |
2020-07-17 06:06:17,975 - root - INFO - | Epoch: 070/100 | Train Time: 0.114s | Train Loss: 0.009544 |
2020-07-17 06:06:18,090 - root - INFO - | Epoch: 071/100 | Train Time: 0.114s | Train Loss: 0.009524 |
2020-07-17 06:06:18,222 - root - INFO - | Epoch: 072/100 | Train Time: 0.132s | Train Loss: 0.009459 |
2020-07-17 06:06:18,336 - root - INFO - | Epoch: 073/100 | Train Time: 0.113s | Train Loss: 0.009433 |
2020-07-17 06:06:18,458 - root - INFO - | Epoch: 074/100 | Train Time: 0.122s | Train Loss: 0.009392 |
2020-07-17 06:06:18,610 - root - INFO - | Epoch: 075/100 | Train Time: 0.152s | Train Loss: 0.009332 |
2020-07-17 06:06:18,726 - root - INFO - | Epoch: 076/100 | Train Time: 0.116s | Train Loss: 0.009298 |
2020-07-17 06:06:18,838 - root - INFO - | Epoch: 077/100 | Train Time: 0.113s | Train Loss: 0.009258 |
2020-07-17 06:06:18,951 - root - INFO - | Epoch: 078/100 | Train Time: 0.113s | Train Loss: 0.009238 |
2020-07-17 06:06:19,082 - root - INFO - | Epoch: 079/100 | Train Time: 0.130s | Train Loss: 0.009156 |
2020-07-17 06:06:19,198 - root - INFO - | Epoch: 080/100 | Train Time: 0.116s | Train Loss: 0.009143 |
2020-07-17 06:06:19,312 - root - INFO - | Epoch: 081/100 | Train Time: 0.114s | Train Loss: 0.009075 |
2020-07-17 06:06:19,424 - root - INFO - | Epoch: 082/100 | Train Time: 0.112s | Train Loss: 0.008995 |
2020-07-17 06:06:19,538 - root - INFO - | Epoch: 083/100 | Train Time: 0.114s | Train Loss: 0.008982 |
2020-07-17 06:06:19,669 - root - INFO - | Epoch: 084/100 | Train Time: 0.131s | Train Loss: 0.008902 |
2020-07-17 06:06:19,787 - root - INFO - | Epoch: 085/100 | Train Time: 0.117s | Train Loss: 0.008851 |
2020-07-17 06:06:19,902 - root - INFO - | Epoch: 086/100 | Train Time: 0.115s | Train Loss: 0.008777 |
2020-07-17 06:06:20,013 - root - INFO - | Epoch: 087/100 | Train Time: 0.111s | Train Loss: 0.008747 |
2020-07-17 06:06:20,127 - root - INFO - | Epoch: 088/100 | Train Time: 0.114s | Train Loss: 0.008663 |
2020-07-17 06:06:20,268 - root - INFO - | Epoch: 089/100 | Train Time: 0.141s | Train Loss: 0.008655 |
2020-07-17 06:06:20,385 - root - INFO - | Epoch: 090/100 | Train Time: 0.117s | Train Loss: 0.008584 |
2020-07-17 06:06:20,499 - root - INFO - | Epoch: 091/100 | Train Time: 0.113s | Train Loss: 0.008521 |
2020-07-17 06:06:20,611 - root - INFO - | Epoch: 092/100 | Train Time: 0.112s | Train Loss: 0.008487 |
2020-07-17 06:06:20,723 - root - INFO - | Epoch: 093/100 | Train Time: 0.112s | Train Loss: 0.008408 |
2020-07-17 06:06:20,836 - root - INFO - | Epoch: 094/100 | Train Time: 0.113s | Train Loss: 0.008322 |
2020-07-17 06:06:20,948 - root - INFO - | Epoch: 095/100 | Train Time: 0.112s | Train Loss: 0.008291 |
2020-07-17 06:06:21,061 - root - INFO - | Epoch: 096/100 | Train Time: 0.113s | Train Loss: 0.008229 |
2020-07-17 06:06:21,174 - root - INFO - | Epoch: 097/100 | Train Time: 0.112s | Train Loss: 0.008177 |
2020-07-17 06:06:21,301 - root - INFO - | Epoch: 098/100 | Train Time: 0.127s | Train Loss: 0.008102 |
2020-07-17 06:06:21,418 - root - INFO - | Epoch: 099/100 | Train Time: 0.117s | Train Loss: 0.008017 |
2020-07-17 06:06:21,531 - root - INFO - | Epoch: 100/100 | Train Time: 0.112s | Train Loss: 0.007977 |
2020-07-17 06:06:21,531 - root - INFO - Pretraining Time: 11.753s
2020-07-17 06:06:21,531 - root - INFO - Finished pretraining.
2020-07-17 06:06:21,531 - root - INFO - Testing autoencoder...
2020-07-17 06:06:21,541 - root - INFO - Test Loss: 0.007490
2020-07-17 06:06:21,541 - root - INFO - Test Time: 0.010s
2020-07-17 06:06:21,541 - root - INFO - Finished testing autoencoder.
2020-07-17 06:06:21,543 - root - INFO - Hey I am loading net for you!
2020-07-17 06:06:21,544 - root - INFO - Setting hyper-parameters!
2020-07-17 06:06:21,544 - root - INFO - Initializing center c...
2020-07-17 06:06:21,570 - root - INFO - Center c initialized.
2020-07-17 06:06:21,570 - root - INFO - Starting training...
2020-07-17 06:06:21,646 - root - INFO - | Epoch: 001/100 | Train Time: 0.076s | Train Loss: 0.005253 |
2020-07-17 06:06:21,725 - root - INFO - | Epoch: 002/100 | Train Time: 0.080s | Train Loss: 0.004984 |
2020-07-17 06:06:21,806 - root - INFO - | Epoch: 003/100 | Train Time: 0.081s | Train Loss: 0.004713 |
2020-07-17 06:06:21,886 - root - INFO - | Epoch: 004/100 | Train Time: 0.079s | Train Loss: 0.004417 |
2020-07-17 06:06:21,966 - root - INFO - | Epoch: 005/100 | Train Time: 0.081s | Train Loss: 0.004129 |
2020-07-17 06:06:22,046 - root - INFO - | Epoch: 006/100 | Train Time: 0.080s | Train Loss: 0.003845 |
2020-07-17 06:06:22,127 - root - INFO - | Epoch: 007/100 | Train Time: 0.081s | Train Loss: 0.003557 |
2020-07-17 06:06:22,208 - root - INFO - | Epoch: 008/100 | Train Time: 0.081s | Train Loss: 0.003289 |
2020-07-17 06:06:22,290 - root - INFO - | Epoch: 009/100 | Train Time: 0.081s | Train Loss: 0.003019 |
2020-07-17 06:06:22,385 - root - INFO - | Epoch: 010/100 | Train Time: 0.095s | Train Loss: 0.002768 |
2020-07-17 06:06:22,486 - root - INFO - | Epoch: 011/100 | Train Time: 0.101s | Train Loss: 0.002540 |
2020-07-17 06:06:22,584 - root - INFO - | Epoch: 012/100 | Train Time: 0.097s | Train Loss: 0.002333 |
2020-07-17 06:06:22,668 - root - INFO - | Epoch: 013/100 | Train Time: 0.084s | Train Loss: 0.002141 |
2020-07-17 06:06:22,774 - root - INFO - | Epoch: 014/100 | Train Time: 0.106s | Train Loss: 0.001969 |
2020-07-17 06:06:22,855 - root - INFO - | Epoch: 015/100 | Train Time: 0.081s | Train Loss: 0.001809 |
2020-07-17 06:06:22,957 - root - INFO - | Epoch: 016/100 | Train Time: 0.102s | Train Loss: 0.001673 |
2020-07-17 06:06:23,056 - root - INFO - | Epoch: 017/100 | Train Time: 0.099s | Train Loss: 0.001554 |
2020-07-17 06:06:23,142 - root - INFO - | Epoch: 018/100 | Train Time: 0.085s | Train Loss: 0.001457 |
2020-07-17 06:06:23,222 - root - INFO - | Epoch: 019/100 | Train Time: 0.080s | Train Loss: 0.001370 |
2020-07-17 06:06:23,302 - root - INFO - | Epoch: 020/100 | Train Time: 0.080s | Train Loss: 0.001292 |
2020-07-17 06:06:23,382 - root - INFO - | Epoch: 021/100 | Train Time: 0.081s | Train Loss: 0.001223 |
2020-07-17 06:06:23,463 - root - INFO - | Epoch: 022/100 | Train Time: 0.081s | Train Loss: 0.001158 |
2020-07-17 06:06:23,544 - root - INFO - | Epoch: 023/100 | Train Time: 0.081s | Train Loss: 0.001102 |
2020-07-17 06:06:23,626 - root - INFO - | Epoch: 024/100 | Train Time: 0.082s | Train Loss: 0.001054 |
2020-07-17 06:06:23,709 - root - INFO - | Epoch: 025/100 | Train Time: 0.082s | Train Loss: 0.001004 |
2020-07-17 06:06:23,811 - root - INFO - | Epoch: 026/100 | Train Time: 0.102s | Train Loss: 0.000964 |
2020-07-17 06:06:23,890 - root - INFO - | Epoch: 027/100 | Train Time: 0.079s | Train Loss: 0.000924 |
2020-07-17 06:06:23,970 - root - INFO - | Epoch: 028/100 | Train Time: 0.081s | Train Loss: 0.000891 |
2020-07-17 06:06:24,051 - root - INFO - | Epoch: 029/100 | Train Time: 0.081s | Train Loss: 0.000858 |
2020-07-17 06:06:24,133 - root - INFO - | Epoch: 030/100 | Train Time: 0.082s | Train Loss: 0.000832 |
2020-07-17 06:06:24,215 - root - INFO - | Epoch: 031/100 | Train Time: 0.081s | Train Loss: 0.000805 |
2020-07-17 06:06:24,295 - root - INFO - | Epoch: 032/100 | Train Time: 0.081s | Train Loss: 0.000776 |
2020-07-17 06:06:24,378 - root - INFO - | Epoch: 033/100 | Train Time: 0.082s | Train Loss: 0.000755 |
2020-07-17 06:06:24,459 - root - INFO - | Epoch: 034/100 | Train Time: 0.082s | Train Loss: 0.000732 |
2020-07-17 06:06:24,539 - root - INFO - | Epoch: 035/100 | Train Time: 0.080s | Train Loss: 0.000707 |
2020-07-17 06:06:24,620 - root - INFO - | Epoch: 036/100 | Train Time: 0.081s | Train Loss: 0.000685 |
2020-07-17 06:06:24,724 - root - INFO - | Epoch: 037/100 | Train Time: 0.104s | Train Loss: 0.000665 |
2020-07-17 06:06:24,806 - root - INFO - | Epoch: 038/100 | Train Time: 0.082s | Train Loss: 0.000648 |
2020-07-17 06:06:24,887 - root - INFO - | Epoch: 039/100 | Train Time: 0.081s | Train Loss: 0.000631 |
2020-07-17 06:06:24,967 - root - INFO - | Epoch: 040/100 | Train Time: 0.080s | Train Loss: 0.000615 |
2020-07-17 06:06:25,048 - root - INFO - | Epoch: 041/100 | Train Time: 0.081s | Train Loss: 0.000596 |
2020-07-17 06:06:25,130 - root - INFO - | Epoch: 042/100 | Train Time: 0.082s | Train Loss: 0.000581 |
2020-07-17 06:06:25,211 - root - INFO - | Epoch: 043/100 | Train Time: 0.081s | Train Loss: 0.000566 |
2020-07-17 06:06:25,291 - root - INFO - | Epoch: 044/100 | Train Time: 0.080s | Train Loss: 0.000553 |
2020-07-17 06:06:25,389 - root - INFO - | Epoch: 045/100 | Train Time: 0.098s | Train Loss: 0.000537 |
2020-07-17 06:06:25,474 - root - INFO - | Epoch: 046/100 | Train Time: 0.085s | Train Loss: 0.000525 |
2020-07-17 06:06:25,556 - root - INFO - | Epoch: 047/100 | Train Time: 0.082s | Train Loss: 0.000512 |
2020-07-17 06:06:25,638 - root - INFO - | Epoch: 048/100 | Train Time: 0.082s | Train Loss: 0.000498 |
2020-07-17 06:06:25,730 - root - INFO - | Epoch: 049/100 | Train Time: 0.092s | Train Loss: 0.000487 |
2020-07-17 06:06:25,821 - root - INFO - | Epoch: 050/100 | Train Time: 0.092s | Train Loss: 0.000473 |
2020-07-17 06:06:25,822 - root - INFO -   LR scheduler: new learning rate is 1e-06
2020-07-17 06:06:25,903 - root - INFO - | Epoch: 051/100 | Train Time: 0.082s | Train Loss: 0.000467 |
2020-07-17 06:06:25,984 - root - INFO - | Epoch: 052/100 | Train Time: 0.080s | Train Loss: 0.000465 |
2020-07-17 06:06:26,065 - root - INFO - | Epoch: 053/100 | Train Time: 0.081s | Train Loss: 0.000465 |
2020-07-17 06:06:26,147 - root - INFO - | Epoch: 054/100 | Train Time: 0.082s | Train Loss: 0.000464 |
2020-07-17 06:06:26,228 - root - INFO - | Epoch: 055/100 | Train Time: 0.081s | Train Loss: 0.000465 |
2020-07-17 06:06:26,308 - root - INFO - | Epoch: 056/100 | Train Time: 0.080s | Train Loss: 0.000461 |
2020-07-17 06:06:26,389 - root - INFO - | Epoch: 057/100 | Train Time: 0.081s | Train Loss: 0.000461 |
2020-07-17 06:06:26,469 - root - INFO - | Epoch: 058/100 | Train Time: 0.080s | Train Loss: 0.000460 |
2020-07-17 06:06:26,550 - root - INFO - | Epoch: 059/100 | Train Time: 0.081s | Train Loss: 0.000458 |
2020-07-17 06:06:26,631 - root - INFO - | Epoch: 060/100 | Train Time: 0.081s | Train Loss: 0.000458 |
2020-07-17 06:06:26,714 - root - INFO - | Epoch: 061/100 | Train Time: 0.082s | Train Loss: 0.000454 |
2020-07-17 06:06:26,796 - root - INFO - | Epoch: 062/100 | Train Time: 0.083s | Train Loss: 0.000454 |
2020-07-17 06:06:26,879 - root - INFO - | Epoch: 063/100 | Train Time: 0.082s | Train Loss: 0.000455 |
2020-07-17 06:06:26,959 - root - INFO - | Epoch: 064/100 | Train Time: 0.081s | Train Loss: 0.000452 |
2020-07-17 06:06:27,039 - root - INFO - | Epoch: 065/100 | Train Time: 0.080s | Train Loss: 0.000452 |
2020-07-17 06:06:27,120 - root - INFO - | Epoch: 066/100 | Train Time: 0.080s | Train Loss: 0.000451 |
2020-07-17 06:06:27,202 - root - INFO - | Epoch: 067/100 | Train Time: 0.082s | Train Loss: 0.000449 |
2020-07-17 06:06:27,282 - root - INFO - | Epoch: 068/100 | Train Time: 0.081s | Train Loss: 0.000447 |
2020-07-17 06:06:27,363 - root - INFO - | Epoch: 069/100 | Train Time: 0.081s | Train Loss: 0.000447 |
2020-07-17 06:06:27,443 - root - INFO - | Epoch: 070/100 | Train Time: 0.080s | Train Loss: 0.000444 |
2020-07-17 06:06:27,524 - root - INFO - | Epoch: 071/100 | Train Time: 0.080s | Train Loss: 0.000444 |
2020-07-17 06:06:27,604 - root - INFO - | Epoch: 072/100 | Train Time: 0.080s | Train Loss: 0.000443 |
2020-07-17 06:06:27,702 - root - INFO - | Epoch: 073/100 | Train Time: 0.098s | Train Loss: 0.000442 |
2020-07-17 06:06:27,790 - root - INFO - | Epoch: 074/100 | Train Time: 0.088s | Train Loss: 0.000440 |
2020-07-17 06:06:27,871 - root - INFO - | Epoch: 075/100 | Train Time: 0.081s | Train Loss: 0.000439 |
2020-07-17 06:06:27,955 - root - INFO - | Epoch: 076/100 | Train Time: 0.084s | Train Loss: 0.000438 |
2020-07-17 06:06:28,038 - root - INFO - | Epoch: 077/100 | Train Time: 0.083s | Train Loss: 0.000436 |
2020-07-17 06:06:28,120 - root - INFO - | Epoch: 078/100 | Train Time: 0.082s | Train Loss: 0.000435 |
2020-07-17 06:06:28,202 - root - INFO - | Epoch: 079/100 | Train Time: 0.081s | Train Loss: 0.000434 |
2020-07-17 06:06:28,283 - root - INFO - | Epoch: 080/100 | Train Time: 0.081s | Train Loss: 0.000433 |
2020-07-17 06:06:28,364 - root - INFO - | Epoch: 081/100 | Train Time: 0.082s | Train Loss: 0.000430 |
2020-07-17 06:06:28,446 - root - INFO - | Epoch: 082/100 | Train Time: 0.081s | Train Loss: 0.000429 |
2020-07-17 06:06:28,549 - root - INFO - | Epoch: 083/100 | Train Time: 0.103s | Train Loss: 0.000428 |
2020-07-17 06:06:28,633 - root - INFO - | Epoch: 084/100 | Train Time: 0.084s | Train Loss: 0.000427 |
2020-07-17 06:06:28,717 - root - INFO - | Epoch: 085/100 | Train Time: 0.084s | Train Loss: 0.000426 |
2020-07-17 06:06:28,805 - root - INFO - | Epoch: 086/100 | Train Time: 0.088s | Train Loss: 0.000424 |
2020-07-17 06:06:28,886 - root - INFO - | Epoch: 087/100 | Train Time: 0.081s | Train Loss: 0.000422 |
2020-07-17 06:06:28,997 - root - INFO - | Epoch: 088/100 | Train Time: 0.111s | Train Loss: 0.000421 |
2020-07-17 06:06:29,081 - root - INFO - | Epoch: 089/100 | Train Time: 0.083s | Train Loss: 0.000420 |
2020-07-17 06:06:29,162 - root - INFO - | Epoch: 090/100 | Train Time: 0.082s | Train Loss: 0.000420 |
2020-07-17 06:06:29,245 - root - INFO - | Epoch: 091/100 | Train Time: 0.082s | Train Loss: 0.000419 |
2020-07-17 06:06:29,327 - root - INFO - | Epoch: 092/100 | Train Time: 0.082s | Train Loss: 0.000416 |
2020-07-17 06:06:29,422 - root - INFO - | Epoch: 093/100 | Train Time: 0.095s | Train Loss: 0.000414 |
2020-07-17 06:06:29,514 - root - INFO - | Epoch: 094/100 | Train Time: 0.092s | Train Loss: 0.000413 |
2020-07-17 06:06:29,595 - root - INFO - | Epoch: 095/100 | Train Time: 0.081s | Train Loss: 0.000411 |
2020-07-17 06:06:29,677 - root - INFO - | Epoch: 096/100 | Train Time: 0.081s | Train Loss: 0.000410 |
2020-07-17 06:06:29,757 - root - INFO - | Epoch: 097/100 | Train Time: 0.080s | Train Loss: 0.000410 |
2020-07-17 06:06:29,839 - root - INFO - | Epoch: 098/100 | Train Time: 0.082s | Train Loss: 0.000408 |
2020-07-17 06:06:29,920 - root - INFO - | Epoch: 099/100 | Train Time: 0.081s | Train Loss: 0.000407 |
2020-07-17 06:06:30,001 - root - INFO - | Epoch: 100/100 | Train Time: 0.081s | Train Loss: 0.000404 |
2020-07-17 06:06:30,001 - root - INFO - Training Time: 8.432s
2020-07-17 06:06:30,001 - root - INFO - Finished training.
2020-07-17 06:06:30,002 - root - INFO - Starting testing...
2020-07-17 06:06:30,011 - root - INFO - Test Loss: 0.000393
2020-07-17 06:06:30,011 - root - INFO - Test Time: 0.009s
2020-07-17 06:06:30,011 - root - INFO - Finished testing.
