2020-08-17 02:58:47,886 - root - INFO - I am pre-training for you.
2020-08-17 02:58:49,726 - root - INFO - | Epoch: 001/100 | Train Time: 0.013s | Train Loss: 1181.522766 |
2020-08-17 02:58:49,735 - root - INFO - | Epoch: 002/100 | Train Time: 0.009s | Train Loss: 1189.119812 |
2020-08-17 02:58:49,744 - root - INFO - | Epoch: 003/100 | Train Time: 0.008s | Train Loss: 1184.228149 |
2020-08-17 02:58:49,753 - root - INFO - | Epoch: 004/100 | Train Time: 0.009s | Train Loss: 1185.555542 |
2020-08-17 02:58:49,762 - root - INFO - | Epoch: 005/100 | Train Time: 0.009s | Train Loss: 1183.057312 |
2020-08-17 02:58:49,771 - root - INFO - | Epoch: 006/100 | Train Time: 0.009s | Train Loss: 1177.317932 |
2020-08-17 02:58:49,780 - root - INFO - | Epoch: 007/100 | Train Time: 0.009s | Train Loss: 1168.144714 |
2020-08-17 02:58:49,790 - root - INFO - | Epoch: 008/100 | Train Time: 0.010s | Train Loss: 1166.804565 |
2020-08-17 02:58:49,800 - root - INFO - | Epoch: 009/100 | Train Time: 0.009s | Train Loss: 1176.593323 |
2020-08-17 02:58:49,809 - root - INFO - | Epoch: 010/100 | Train Time: 0.009s | Train Loss: 1175.573364 |
2020-08-17 02:58:49,818 - root - INFO - | Epoch: 011/100 | Train Time: 0.009s | Train Loss: 1180.835510 |
2020-08-17 02:58:49,827 - root - INFO - | Epoch: 012/100 | Train Time: 0.009s | Train Loss: 1178.957153 |
2020-08-17 02:58:49,836 - root - INFO - | Epoch: 013/100 | Train Time: 0.009s | Train Loss: 1182.726257 |
2020-08-17 02:58:49,846 - root - INFO - | Epoch: 014/100 | Train Time: 0.010s | Train Loss: 1175.879272 |
2020-08-17 02:58:49,856 - root - INFO - | Epoch: 015/100 | Train Time: 0.010s | Train Loss: 1173.562439 |
2020-08-17 02:58:49,866 - root - INFO - | Epoch: 016/100 | Train Time: 0.009s | Train Loss: 1177.843689 |
2020-08-17 02:58:49,875 - root - INFO - | Epoch: 017/100 | Train Time: 0.009s | Train Loss: 1170.243164 |
2020-08-17 02:58:49,885 - root - INFO - | Epoch: 018/100 | Train Time: 0.010s | Train Loss: 1175.744690 |
2020-08-17 02:58:49,894 - root - INFO - | Epoch: 019/100 | Train Time: 0.009s | Train Loss: 1171.423706 |
2020-08-17 02:58:49,904 - root - INFO - | Epoch: 020/100 | Train Time: 0.009s | Train Loss: 1171.276733 |
2020-08-17 02:58:49,913 - root - INFO - | Epoch: 021/100 | Train Time: 0.010s | Train Loss: 1174.332092 |
2020-08-17 02:58:49,923 - root - INFO - | Epoch: 022/100 | Train Time: 0.010s | Train Loss: 1174.854309 |
2020-08-17 02:58:49,933 - root - INFO - | Epoch: 023/100 | Train Time: 0.010s | Train Loss: 1174.531128 |
2020-08-17 02:58:49,943 - root - INFO - | Epoch: 024/100 | Train Time: 0.010s | Train Loss: 1170.642334 |
2020-08-17 02:58:49,953 - root - INFO - | Epoch: 025/100 | Train Time: 0.009s | Train Loss: 1183.249084 |
2020-08-17 02:58:49,962 - root - INFO - | Epoch: 026/100 | Train Time: 0.010s | Train Loss: 1172.353943 |
2020-08-17 02:58:49,972 - root - INFO - | Epoch: 027/100 | Train Time: 0.010s | Train Loss: 1174.795654 |
2020-08-17 02:58:49,982 - root - INFO - | Epoch: 028/100 | Train Time: 0.010s | Train Loss: 1178.709778 |
2020-08-17 02:58:49,992 - root - INFO - | Epoch: 029/100 | Train Time: 0.010s | Train Loss: 1171.307373 |
2020-08-17 02:58:50,002 - root - INFO - | Epoch: 030/100 | Train Time: 0.010s | Train Loss: 1175.170410 |
2020-08-17 02:58:50,012 - root - INFO - | Epoch: 031/100 | Train Time: 0.010s | Train Loss: 1164.748352 |
2020-08-17 02:58:50,021 - root - INFO - | Epoch: 032/100 | Train Time: 0.009s | Train Loss: 1167.546753 |
2020-08-17 02:58:50,031 - root - INFO - | Epoch: 033/100 | Train Time: 0.010s | Train Loss: 1165.160339 |
2020-08-17 02:58:50,041 - root - INFO - | Epoch: 034/100 | Train Time: 0.010s | Train Loss: 1167.983887 |
2020-08-17 02:58:50,051 - root - INFO - | Epoch: 035/100 | Train Time: 0.010s | Train Loss: 1161.797791 |
2020-08-17 02:58:50,061 - root - INFO - | Epoch: 036/100 | Train Time: 0.010s | Train Loss: 1174.515198 |
2020-08-17 02:58:50,071 - root - INFO - | Epoch: 037/100 | Train Time: 0.010s | Train Loss: 1169.012146 |
2020-08-17 02:58:50,081 - root - INFO - | Epoch: 038/100 | Train Time: 0.010s | Train Loss: 1171.558899 |
2020-08-17 02:58:50,091 - root - INFO - | Epoch: 039/100 | Train Time: 0.010s | Train Loss: 1168.891846 |
2020-08-17 02:58:50,103 - root - INFO - | Epoch: 040/100 | Train Time: 0.011s | Train Loss: 1160.383728 |
2020-08-17 02:58:50,114 - root - INFO - | Epoch: 041/100 | Train Time: 0.011s | Train Loss: 1175.109375 |
2020-08-17 02:58:50,125 - root - INFO - | Epoch: 042/100 | Train Time: 0.011s | Train Loss: 1172.589294 |
2020-08-17 02:58:50,137 - root - INFO - | Epoch: 043/100 | Train Time: 0.012s | Train Loss: 1179.940308 |
2020-08-17 02:58:50,147 - root - INFO - | Epoch: 044/100 | Train Time: 0.010s | Train Loss: 1169.603638 |
2020-08-17 02:58:50,157 - root - INFO - | Epoch: 045/100 | Train Time: 0.010s | Train Loss: 1175.261963 |
2020-08-17 02:58:50,166 - root - INFO - | Epoch: 046/100 | Train Time: 0.010s | Train Loss: 1173.998962 |
2020-08-17 02:58:50,176 - root - INFO - | Epoch: 047/100 | Train Time: 0.010s | Train Loss: 1177.261597 |
2020-08-17 02:58:50,186 - root - INFO - | Epoch: 048/100 | Train Time: 0.009s | Train Loss: 1173.662415 |
2020-08-17 02:58:50,195 - root - INFO - | Epoch: 049/100 | Train Time: 0.010s | Train Loss: 1171.962280 |
2020-08-17 02:58:50,205 - root - INFO - | Epoch: 050/100 | Train Time: 0.009s | Train Loss: 1168.578308 |
2020-08-17 02:58:50,205 - root - INFO -   LR scheduler: new learning rate is 0.0001
2020-08-17 02:58:50,214 - root - INFO - | Epoch: 051/100 | Train Time: 0.009s | Train Loss: 1175.565002 |
2020-08-17 02:58:50,223 - root - INFO - | Epoch: 052/100 | Train Time: 0.009s | Train Loss: 1178.350342 |
2020-08-17 02:58:50,233 - root - INFO - | Epoch: 053/100 | Train Time: 0.010s | Train Loss: 1171.324097 |
2020-08-17 02:58:50,243 - root - INFO - | Epoch: 054/100 | Train Time: 0.009s | Train Loss: 1178.988159 |
2020-08-17 02:58:50,252 - root - INFO - | Epoch: 055/100 | Train Time: 0.009s | Train Loss: 1168.953003 |
2020-08-17 02:58:50,262 - root - INFO - | Epoch: 056/100 | Train Time: 0.009s | Train Loss: 1167.895142 |
2020-08-17 02:58:50,271 - root - INFO - | Epoch: 057/100 | Train Time: 0.009s | Train Loss: 1173.784485 |
2020-08-17 02:58:50,281 - root - INFO - | Epoch: 058/100 | Train Time: 0.010s | Train Loss: 1166.334229 |
2020-08-17 02:58:50,290 - root - INFO - | Epoch: 059/100 | Train Time: 0.010s | Train Loss: 1172.687744 |
2020-08-17 02:58:50,299 - root - INFO - | Epoch: 060/100 | Train Time: 0.009s | Train Loss: 1172.098083 |
2020-08-17 02:58:50,309 - root - INFO - | Epoch: 061/100 | Train Time: 0.009s | Train Loss: 1172.786377 |
2020-08-17 02:58:50,318 - root - INFO - | Epoch: 062/100 | Train Time: 0.009s | Train Loss: 1175.944763 |
2020-08-17 02:58:50,328 - root - INFO - | Epoch: 063/100 | Train Time: 0.010s | Train Loss: 1169.813477 |
2020-08-17 02:58:50,338 - root - INFO - | Epoch: 064/100 | Train Time: 0.010s | Train Loss: 1167.023743 |
2020-08-17 02:58:50,351 - root - INFO - | Epoch: 065/100 | Train Time: 0.013s | Train Loss: 1172.836426 |
2020-08-17 02:58:50,361 - root - INFO - | Epoch: 066/100 | Train Time: 0.009s | Train Loss: 1169.507324 |
2020-08-17 02:58:50,370 - root - INFO - | Epoch: 067/100 | Train Time: 0.009s | Train Loss: 1178.925110 |
2020-08-17 02:58:50,380 - root - INFO - | Epoch: 068/100 | Train Time: 0.010s | Train Loss: 1168.800598 |
2020-08-17 02:58:50,390 - root - INFO - | Epoch: 069/100 | Train Time: 0.009s | Train Loss: 1170.094360 |
2020-08-17 02:58:50,399 - root - INFO - | Epoch: 070/100 | Train Time: 0.009s | Train Loss: 1173.444458 |
2020-08-17 02:58:50,409 - root - INFO - | Epoch: 071/100 | Train Time: 0.010s | Train Loss: 1171.804993 |
2020-08-17 02:58:50,423 - root - INFO - | Epoch: 072/100 | Train Time: 0.013s | Train Loss: 1174.856873 |
2020-08-17 02:58:50,434 - root - INFO - | Epoch: 073/100 | Train Time: 0.012s | Train Loss: 1167.995483 |
2020-08-17 02:58:50,444 - root - INFO - | Epoch: 074/100 | Train Time: 0.009s | Train Loss: 1178.623718 |
2020-08-17 02:58:50,453 - root - INFO - | Epoch: 075/100 | Train Time: 0.009s | Train Loss: 1172.844055 |
2020-08-17 02:58:50,462 - root - INFO - | Epoch: 076/100 | Train Time: 0.009s | Train Loss: 1163.841003 |
2020-08-17 02:58:50,472 - root - INFO - | Epoch: 077/100 | Train Time: 0.010s | Train Loss: 1179.494263 |
2020-08-17 02:58:50,482 - root - INFO - | Epoch: 078/100 | Train Time: 0.010s | Train Loss: 1171.510681 |
2020-08-17 02:58:50,491 - root - INFO - | Epoch: 079/100 | Train Time: 0.010s | Train Loss: 1167.074951 |
2020-08-17 02:58:50,501 - root - INFO - | Epoch: 080/100 | Train Time: 0.009s | Train Loss: 1170.275391 |
2020-08-17 02:58:50,511 - root - INFO - | Epoch: 081/100 | Train Time: 0.010s | Train Loss: 1174.887207 |
2020-08-17 02:58:50,520 - root - INFO - | Epoch: 082/100 | Train Time: 0.009s | Train Loss: 1174.607788 |
2020-08-17 02:58:50,530 - root - INFO - | Epoch: 083/100 | Train Time: 0.010s | Train Loss: 1171.419617 |
2020-08-17 02:58:50,540 - root - INFO - | Epoch: 084/100 | Train Time: 0.009s | Train Loss: 1177.581604 |
2020-08-17 02:58:50,549 - root - INFO - | Epoch: 085/100 | Train Time: 0.010s | Train Loss: 1178.525513 |
2020-08-17 02:58:50,559 - root - INFO - | Epoch: 086/100 | Train Time: 0.010s | Train Loss: 1177.457520 |
2020-08-17 02:58:50,569 - root - INFO - | Epoch: 087/100 | Train Time: 0.010s | Train Loss: 1168.684875 |
2020-08-17 02:58:50,581 - root - INFO - | Epoch: 088/100 | Train Time: 0.011s | Train Loss: 1167.480530 |
2020-08-17 02:58:50,590 - root - INFO - | Epoch: 089/100 | Train Time: 0.009s | Train Loss: 1167.406311 |
2020-08-17 02:58:50,599 - root - INFO - | Epoch: 090/100 | Train Time: 0.009s | Train Loss: 1167.814514 |
2020-08-17 02:58:50,608 - root - INFO - | Epoch: 091/100 | Train Time: 0.009s | Train Loss: 1180.952148 |
2020-08-17 02:58:50,618 - root - INFO - | Epoch: 092/100 | Train Time: 0.010s | Train Loss: 1181.544312 |
2020-08-17 02:58:50,628 - root - INFO - | Epoch: 093/100 | Train Time: 0.010s | Train Loss: 1176.605164 |
2020-08-17 02:58:50,638 - root - INFO - | Epoch: 094/100 | Train Time: 0.009s | Train Loss: 1164.863708 |
2020-08-17 02:58:50,648 - root - INFO - | Epoch: 095/100 | Train Time: 0.010s | Train Loss: 1163.709595 |
2020-08-17 02:58:50,657 - root - INFO - | Epoch: 096/100 | Train Time: 0.009s | Train Loss: 1176.468750 |
2020-08-17 02:58:50,667 - root - INFO - | Epoch: 097/100 | Train Time: 0.009s | Train Loss: 1166.086426 |
2020-08-17 02:58:50,677 - root - INFO - | Epoch: 098/100 | Train Time: 0.010s | Train Loss: 1176.753723 |
2020-08-17 02:58:50,687 - root - INFO - | Epoch: 099/100 | Train Time: 0.009s | Train Loss: 1171.966003 |
2020-08-17 02:58:50,696 - root - INFO - | Epoch: 100/100 | Train Time: 0.010s | Train Loss: 1181.316040 |
2020-08-17 02:58:50,697 - root - INFO - Pretraining Time: 0.985s
2020-08-17 02:58:50,697 - root - INFO - Finished pretraining.
2020-08-17 02:58:50,697 - root - INFO - Testing autoencoder...
2020-08-17 02:58:50,699 - root - INFO - Test Loss: 1152.751099
2020-08-17 02:58:50,699 - root - INFO - Test Time: 0.002s
2020-08-17 02:58:50,699 - root - INFO - Finished testing autoencoder.
2020-08-17 02:58:50,702 - root - INFO - Hey I am loading net for you!
2020-08-17 02:58:50,702 - root - INFO - Setting hyper-parameters!
2020-08-17 02:58:50,703 - root - INFO - Initializing center c...
2020-08-17 02:58:50,707 - root - INFO - Center c initialized.
2020-08-17 02:58:50,707 - root - INFO - Starting training...
2020-08-17 02:58:50,714 - root - INFO - | Epoch: 001/500 | Train Time: 0.007s | Train Loss: 231.426361 |
2020-08-17 02:58:50,721 - root - INFO - | Epoch: 002/500 | Train Time: 0.007s | Train Loss: 230.571678 |
2020-08-17 02:58:50,728 - root - INFO - | Epoch: 003/500 | Train Time: 0.007s | Train Loss: 229.782776 |
2020-08-17 02:58:50,735 - root - INFO - | Epoch: 004/500 | Train Time: 0.007s | Train Loss: 229.027168 |
2020-08-17 02:58:50,742 - root - INFO - | Epoch: 005/500 | Train Time: 0.007s | Train Loss: 227.981697 |
2020-08-17 02:58:50,749 - root - INFO - | Epoch: 006/500 | Train Time: 0.007s | Train Loss: 227.105507 |
2020-08-17 02:58:50,756 - root - INFO - | Epoch: 007/500 | Train Time: 0.007s | Train Loss: 226.244949 |
2020-08-17 02:58:50,763 - root - INFO - | Epoch: 008/500 | Train Time: 0.007s | Train Loss: 225.205208 |
2020-08-17 02:58:50,770 - root - INFO - | Epoch: 009/500 | Train Time: 0.007s | Train Loss: 224.576973 |
2020-08-17 02:58:50,777 - root - INFO - | Epoch: 010/500 | Train Time: 0.007s | Train Loss: 223.383560 |
2020-08-17 02:58:50,784 - root - INFO - | Epoch: 011/500 | Train Time: 0.007s | Train Loss: 222.876236 |
2020-08-17 02:58:50,792 - root - INFO - | Epoch: 012/500 | Train Time: 0.007s | Train Loss: 221.739761 |
2020-08-17 02:58:50,799 - root - INFO - | Epoch: 013/500 | Train Time: 0.007s | Train Loss: 221.008972 |
2020-08-17 02:58:50,806 - root - INFO - | Epoch: 014/500 | Train Time: 0.007s | Train Loss: 220.199844 |
2020-08-17 02:58:50,813 - root - INFO - | Epoch: 015/500 | Train Time: 0.007s | Train Loss: 219.396927 |
2020-08-17 02:58:50,820 - root - INFO - | Epoch: 016/500 | Train Time: 0.007s | Train Loss: 218.483452 |
2020-08-17 02:58:50,827 - root - INFO - | Epoch: 017/500 | Train Time: 0.007s | Train Loss: 217.722473 |
2020-08-17 02:58:50,834 - root - INFO - | Epoch: 018/500 | Train Time: 0.007s | Train Loss: 216.854286 |
2020-08-17 02:58:50,841 - root - INFO - | Epoch: 019/500 | Train Time: 0.007s | Train Loss: 216.093849 |
2020-08-17 02:58:50,848 - root - INFO - | Epoch: 020/500 | Train Time: 0.007s | Train Loss: 215.412758 |
2020-08-17 02:58:50,856 - root - INFO - | Epoch: 021/500 | Train Time: 0.007s | Train Loss: 214.272934 |
2020-08-17 02:58:50,863 - root - INFO - | Epoch: 022/500 | Train Time: 0.007s | Train Loss: 213.776627 |
2020-08-17 02:58:50,870 - root - INFO - | Epoch: 023/500 | Train Time: 0.007s | Train Loss: 212.797829 |
2020-08-17 02:58:50,877 - root - INFO - | Epoch: 024/500 | Train Time: 0.007s | Train Loss: 212.173073 |
2020-08-17 02:58:50,884 - root - INFO - | Epoch: 025/500 | Train Time: 0.007s | Train Loss: 211.224060 |
2020-08-17 02:58:50,891 - root - INFO - | Epoch: 026/500 | Train Time: 0.007s | Train Loss: 210.378281 |
2020-08-17 02:58:50,898 - root - INFO - | Epoch: 027/500 | Train Time: 0.007s | Train Loss: 209.768524 |
2020-08-17 02:58:50,905 - root - INFO - | Epoch: 028/500 | Train Time: 0.007s | Train Loss: 208.904816 |
2020-08-17 02:58:50,912 - root - INFO - | Epoch: 029/500 | Train Time: 0.007s | Train Loss: 208.295143 |
2020-08-17 02:58:50,920 - root - INFO - | Epoch: 030/500 | Train Time: 0.007s | Train Loss: 207.329262 |
2020-08-17 02:58:50,927 - root - INFO - | Epoch: 031/500 | Train Time: 0.007s | Train Loss: 206.767288 |
2020-08-17 02:58:50,934 - root - INFO - | Epoch: 032/500 | Train Time: 0.007s | Train Loss: 205.942162 |
2020-08-17 02:58:50,941 - root - INFO - | Epoch: 033/500 | Train Time: 0.007s | Train Loss: 204.985909 |
2020-08-17 02:58:50,948 - root - INFO - | Epoch: 034/500 | Train Time: 0.007s | Train Loss: 204.421364 |
2020-08-17 02:58:50,956 - root - INFO - | Epoch: 035/500 | Train Time: 0.007s | Train Loss: 203.617798 |
2020-08-17 02:58:50,963 - root - INFO - | Epoch: 036/500 | Train Time: 0.007s | Train Loss: 202.954849 |
2020-08-17 02:58:50,970 - root - INFO - | Epoch: 037/500 | Train Time: 0.007s | Train Loss: 202.176529 |
2020-08-17 02:58:50,977 - root - INFO - | Epoch: 038/500 | Train Time: 0.007s | Train Loss: 201.476349 |
2020-08-17 02:58:50,984 - root - INFO - | Epoch: 039/500 | Train Time: 0.007s | Train Loss: 200.633240 |
2020-08-17 02:58:50,992 - root - INFO - | Epoch: 040/500 | Train Time: 0.007s | Train Loss: 199.969200 |
2020-08-17 02:58:50,999 - root - INFO - | Epoch: 041/500 | Train Time: 0.007s | Train Loss: 199.201515 |
2020-08-17 02:58:51,006 - root - INFO - | Epoch: 042/500 | Train Time: 0.007s | Train Loss: 198.473969 |
2020-08-17 02:58:51,014 - root - INFO - | Epoch: 043/500 | Train Time: 0.007s | Train Loss: 197.730873 |
2020-08-17 02:58:51,021 - root - INFO - | Epoch: 044/500 | Train Time: 0.007s | Train Loss: 196.991798 |
2020-08-17 02:58:51,028 - root - INFO - | Epoch: 045/500 | Train Time: 0.007s | Train Loss: 196.331055 |
2020-08-17 02:58:51,035 - root - INFO - | Epoch: 046/500 | Train Time: 0.007s | Train Loss: 195.400482 |
2020-08-17 02:58:51,042 - root - INFO - | Epoch: 047/500 | Train Time: 0.007s | Train Loss: 194.685677 |
2020-08-17 02:58:51,049 - root - INFO - | Epoch: 048/500 | Train Time: 0.007s | Train Loss: 194.051178 |
2020-08-17 02:58:51,056 - root - INFO - | Epoch: 049/500 | Train Time: 0.007s | Train Loss: 193.232559 |
2020-08-17 02:58:51,063 - root - INFO - | Epoch: 050/500 | Train Time: 0.007s | Train Loss: 192.704819 |
2020-08-17 02:58:51,063 - root - INFO -   LR scheduler: new learning rate is 1e-06
2020-08-17 02:58:51,070 - root - INFO - | Epoch: 051/500 | Train Time: 0.007s | Train Loss: 191.918999 |
2020-08-17 02:58:51,078 - root - INFO - | Epoch: 052/500 | Train Time: 0.007s | Train Loss: 192.001465 |
2020-08-17 02:58:51,085 - root - INFO - | Epoch: 053/500 | Train Time: 0.007s | Train Loss: 192.070511 |
2020-08-17 02:58:51,092 - root - INFO - | Epoch: 054/500 | Train Time: 0.007s | Train Loss: 191.921219 |
2020-08-17 02:58:51,099 - root - INFO - | Epoch: 055/500 | Train Time: 0.007s | Train Loss: 191.727814 |
2020-08-17 02:58:51,106 - root - INFO - | Epoch: 056/500 | Train Time: 0.007s | Train Loss: 191.644600 |
2020-08-17 02:58:51,113 - root - INFO - | Epoch: 057/500 | Train Time: 0.007s | Train Loss: 191.682175 |
2020-08-17 02:58:51,120 - root - INFO - | Epoch: 058/500 | Train Time: 0.007s | Train Loss: 191.777344 |
2020-08-17 02:58:51,127 - root - INFO - | Epoch: 059/500 | Train Time: 0.007s | Train Loss: 191.445389 |
2020-08-17 02:58:51,134 - root - INFO - | Epoch: 060/500 | Train Time: 0.007s | Train Loss: 191.482498 |
2020-08-17 02:58:51,141 - root - INFO - | Epoch: 061/500 | Train Time: 0.007s | Train Loss: 191.444138 |
2020-08-17 02:58:51,148 - root - INFO - | Epoch: 062/500 | Train Time: 0.007s | Train Loss: 191.182335 |
2020-08-17 02:58:51,155 - root - INFO - | Epoch: 063/500 | Train Time: 0.007s | Train Loss: 191.222000 |
2020-08-17 02:58:51,162 - root - INFO - | Epoch: 064/500 | Train Time: 0.007s | Train Loss: 191.213966 |
2020-08-17 02:58:51,169 - root - INFO - | Epoch: 065/500 | Train Time: 0.007s | Train Loss: 190.985031 |
2020-08-17 02:58:51,176 - root - INFO - | Epoch: 066/500 | Train Time: 0.007s | Train Loss: 190.861267 |
2020-08-17 02:58:51,184 - root - INFO - | Epoch: 067/500 | Train Time: 0.007s | Train Loss: 190.988876 |
2020-08-17 02:58:51,191 - root - INFO - | Epoch: 068/500 | Train Time: 0.007s | Train Loss: 190.914711 |
2020-08-17 02:58:51,198 - root - INFO - | Epoch: 069/500 | Train Time: 0.007s | Train Loss: 190.678894 |
2020-08-17 02:58:51,205 - root - INFO - | Epoch: 070/500 | Train Time: 0.007s | Train Loss: 190.784859 |
2020-08-17 02:58:51,212 - root - INFO - | Epoch: 071/500 | Train Time: 0.007s | Train Loss: 190.683167 |
2020-08-17 02:58:51,219 - root - INFO - | Epoch: 072/500 | Train Time: 0.007s | Train Loss: 190.486458 |
2020-08-17 02:58:51,227 - root - INFO - | Epoch: 073/500 | Train Time: 0.007s | Train Loss: 190.520462 |
2020-08-17 02:58:51,234 - root - INFO - | Epoch: 074/500 | Train Time: 0.007s | Train Loss: 190.686157 |
2020-08-17 02:58:51,241 - root - INFO - | Epoch: 075/500 | Train Time: 0.007s | Train Loss: 190.336357 |
2020-08-17 02:58:51,248 - root - INFO - | Epoch: 076/500 | Train Time: 0.007s | Train Loss: 190.319374 |
2020-08-17 02:58:51,255 - root - INFO - | Epoch: 077/500 | Train Time: 0.007s | Train Loss: 190.051933 |
2020-08-17 02:58:51,262 - root - INFO - | Epoch: 078/500 | Train Time: 0.007s | Train Loss: 190.306900 |
2020-08-17 02:58:51,269 - root - INFO - | Epoch: 079/500 | Train Time: 0.007s | Train Loss: 190.002808 |
2020-08-17 02:58:51,277 - root - INFO - | Epoch: 080/500 | Train Time: 0.007s | Train Loss: 189.881332 |
2020-08-17 02:58:51,284 - root - INFO - | Epoch: 081/500 | Train Time: 0.007s | Train Loss: 189.875168 |
2020-08-17 02:58:51,296 - root - INFO - | Epoch: 082/500 | Train Time: 0.012s | Train Loss: 189.808403 |
2020-08-17 02:58:51,303 - root - INFO - | Epoch: 083/500 | Train Time: 0.007s | Train Loss: 189.780685 |
2020-08-17 02:58:51,310 - root - INFO - | Epoch: 084/500 | Train Time: 0.006s | Train Loss: 189.838661 |
2020-08-17 02:58:51,316 - root - INFO - | Epoch: 085/500 | Train Time: 0.007s | Train Loss: 189.823730 |
2020-08-17 02:58:51,324 - root - INFO - | Epoch: 086/500 | Train Time: 0.007s | Train Loss: 189.613564 |
2020-08-17 02:58:51,330 - root - INFO - | Epoch: 087/500 | Train Time: 0.007s | Train Loss: 189.577805 |
2020-08-17 02:58:51,337 - root - INFO - | Epoch: 088/500 | Train Time: 0.007s | Train Loss: 189.442780 |
2020-08-17 02:58:51,344 - root - INFO - | Epoch: 089/500 | Train Time: 0.007s | Train Loss: 189.364143 |
2020-08-17 02:58:51,351 - root - INFO - | Epoch: 090/500 | Train Time: 0.007s | Train Loss: 189.332146 |
2020-08-17 02:58:51,358 - root - INFO - | Epoch: 091/500 | Train Time: 0.007s | Train Loss: 189.245483 |
2020-08-17 02:58:51,365 - root - INFO - | Epoch: 092/500 | Train Time: 0.007s | Train Loss: 189.152298 |
2020-08-17 02:58:51,372 - root - INFO - | Epoch: 093/500 | Train Time: 0.007s | Train Loss: 189.192368 |
2020-08-17 02:58:51,380 - root - INFO - | Epoch: 094/500 | Train Time: 0.007s | Train Loss: 188.963348 |
2020-08-17 02:58:51,387 - root - INFO - | Epoch: 095/500 | Train Time: 0.007s | Train Loss: 189.045486 |
2020-08-17 02:58:51,394 - root - INFO - | Epoch: 096/500 | Train Time: 0.007s | Train Loss: 188.873940 |
2020-08-17 02:58:51,401 - root - INFO - | Epoch: 097/500 | Train Time: 0.007s | Train Loss: 188.579086 |
2020-08-17 02:58:51,408 - root - INFO - | Epoch: 098/500 | Train Time: 0.007s | Train Loss: 188.794701 |
2020-08-17 02:58:51,415 - root - INFO - | Epoch: 099/500 | Train Time: 0.007s | Train Loss: 188.561981 |
2020-08-17 02:58:51,422 - root - INFO - | Epoch: 100/500 | Train Time: 0.007s | Train Loss: 188.556900 |
2020-08-17 02:58:51,430 - root - INFO - | Epoch: 101/500 | Train Time: 0.007s | Train Loss: 188.514053 |
2020-08-17 02:58:51,436 - root - INFO - | Epoch: 102/500 | Train Time: 0.007s | Train Loss: 188.616211 |
2020-08-17 02:58:51,444 - root - INFO - | Epoch: 103/500 | Train Time: 0.007s | Train Loss: 188.377327 |
2020-08-17 02:58:51,451 - root - INFO - | Epoch: 104/500 | Train Time: 0.008s | Train Loss: 188.158447 |
2020-08-17 02:58:51,458 - root - INFO - | Epoch: 105/500 | Train Time: 0.007s | Train Loss: 188.259880 |
2020-08-17 02:58:51,465 - root - INFO - | Epoch: 106/500 | Train Time: 0.007s | Train Loss: 188.178825 |
2020-08-17 02:58:51,472 - root - INFO - | Epoch: 107/500 | Train Time: 0.007s | Train Loss: 188.164536 |
2020-08-17 02:58:51,479 - root - INFO - | Epoch: 108/500 | Train Time: 0.007s | Train Loss: 188.173347 |
2020-08-17 02:58:51,486 - root - INFO - | Epoch: 109/500 | Train Time: 0.007s | Train Loss: 187.949112 |
2020-08-17 02:58:51,493 - root - INFO - | Epoch: 110/500 | Train Time: 0.007s | Train Loss: 187.985291 |
2020-08-17 02:58:51,501 - root - INFO - | Epoch: 111/500 | Train Time: 0.007s | Train Loss: 187.799606 |
2020-08-17 02:58:51,508 - root - INFO - | Epoch: 112/500 | Train Time: 0.007s | Train Loss: 187.967216 |
2020-08-17 02:58:51,515 - root - INFO - | Epoch: 113/500 | Train Time: 0.007s | Train Loss: 187.700653 |
2020-08-17 02:58:51,522 - root - INFO - | Epoch: 114/500 | Train Time: 0.007s | Train Loss: 187.740234 |
2020-08-17 02:58:51,529 - root - INFO - | Epoch: 115/500 | Train Time: 0.007s | Train Loss: 187.604980 |
2020-08-17 02:58:51,537 - root - INFO - | Epoch: 116/500 | Train Time: 0.007s | Train Loss: 187.447121 |
2020-08-17 02:58:51,544 - root - INFO - | Epoch: 117/500 | Train Time: 0.007s | Train Loss: 187.463928 |
2020-08-17 02:58:51,551 - root - INFO - | Epoch: 118/500 | Train Time: 0.007s | Train Loss: 187.188217 |
2020-08-17 02:58:51,558 - root - INFO - | Epoch: 119/500 | Train Time: 0.007s | Train Loss: 187.277328 |
2020-08-17 02:58:51,565 - root - INFO - | Epoch: 120/500 | Train Time: 0.007s | Train Loss: 187.342308 |
2020-08-17 02:58:51,573 - root - INFO - | Epoch: 121/500 | Train Time: 0.007s | Train Loss: 187.128815 |
2020-08-17 02:58:51,580 - root - INFO - | Epoch: 122/500 | Train Time: 0.007s | Train Loss: 186.952370 |
2020-08-17 02:58:51,588 - root - INFO - | Epoch: 123/500 | Train Time: 0.007s | Train Loss: 186.919907 |
2020-08-17 02:58:51,595 - root - INFO - | Epoch: 124/500 | Train Time: 0.007s | Train Loss: 186.885742 |
2020-08-17 02:58:51,602 - root - INFO - | Epoch: 125/500 | Train Time: 0.007s | Train Loss: 186.846313 |
2020-08-17 02:58:51,610 - root - INFO - | Epoch: 126/500 | Train Time: 0.007s | Train Loss: 186.852921 |
2020-08-17 02:58:51,617 - root - INFO - | Epoch: 127/500 | Train Time: 0.007s | Train Loss: 186.658089 |
2020-08-17 02:58:51,625 - root - INFO - | Epoch: 128/500 | Train Time: 0.007s | Train Loss: 186.624817 |
2020-08-17 02:58:51,632 - root - INFO - | Epoch: 129/500 | Train Time: 0.007s | Train Loss: 186.591263 |
2020-08-17 02:58:51,639 - root - INFO - | Epoch: 130/500 | Train Time: 0.007s | Train Loss: 186.405838 |
2020-08-17 02:58:51,646 - root - INFO - | Epoch: 131/500 | Train Time: 0.007s | Train Loss: 186.570786 |
2020-08-17 02:58:51,653 - root - INFO - | Epoch: 132/500 | Train Time: 0.007s | Train Loss: 186.488625 |
2020-08-17 02:58:51,661 - root - INFO - | Epoch: 133/500 | Train Time: 0.007s | Train Loss: 186.300644 |
2020-08-17 02:58:51,668 - root - INFO - | Epoch: 134/500 | Train Time: 0.007s | Train Loss: 186.145248 |
2020-08-17 02:58:51,675 - root - INFO - | Epoch: 135/500 | Train Time: 0.007s | Train Loss: 186.060295 |
2020-08-17 02:58:51,683 - root - INFO - | Epoch: 136/500 | Train Time: 0.007s | Train Loss: 185.900932 |
2020-08-17 02:58:51,690 - root - INFO - | Epoch: 137/500 | Train Time: 0.007s | Train Loss: 186.142700 |
2020-08-17 02:58:51,697 - root - INFO - | Epoch: 138/500 | Train Time: 0.007s | Train Loss: 185.866982 |
2020-08-17 02:58:51,704 - root - INFO - | Epoch: 139/500 | Train Time: 0.007s | Train Loss: 185.903366 |
2020-08-17 02:58:51,712 - root - INFO - | Epoch: 140/500 | Train Time: 0.007s | Train Loss: 185.808662 |
2020-08-17 02:58:51,719 - root - INFO - | Epoch: 141/500 | Train Time: 0.007s | Train Loss: 185.719810 |
2020-08-17 02:58:51,726 - root - INFO - | Epoch: 142/500 | Train Time: 0.007s | Train Loss: 185.592346 |
2020-08-17 02:58:51,733 - root - INFO - | Epoch: 143/500 | Train Time: 0.007s | Train Loss: 185.471451 |
2020-08-17 02:58:51,740 - root - INFO - | Epoch: 144/500 | Train Time: 0.007s | Train Loss: 185.675415 |
2020-08-17 02:58:51,748 - root - INFO - | Epoch: 145/500 | Train Time: 0.007s | Train Loss: 185.568909 |
2020-08-17 02:58:51,755 - root - INFO - | Epoch: 146/500 | Train Time: 0.007s | Train Loss: 185.303017 |
2020-08-17 02:58:51,762 - root - INFO - | Epoch: 147/500 | Train Time: 0.007s | Train Loss: 185.323738 |
2020-08-17 02:58:51,769 - root - INFO - | Epoch: 148/500 | Train Time: 0.007s | Train Loss: 185.192360 |
2020-08-17 02:58:51,776 - root - INFO - | Epoch: 149/500 | Train Time: 0.007s | Train Loss: 185.131439 |
2020-08-17 02:58:51,784 - root - INFO - | Epoch: 150/500 | Train Time: 0.007s | Train Loss: 185.102127 |
2020-08-17 02:58:51,791 - root - INFO - | Epoch: 151/500 | Train Time: 0.007s | Train Loss: 185.096039 |
2020-08-17 02:58:51,798 - root - INFO - | Epoch: 152/500 | Train Time: 0.007s | Train Loss: 185.004517 |
2020-08-17 02:58:51,805 - root - INFO - | Epoch: 153/500 | Train Time: 0.007s | Train Loss: 184.930855 |
2020-08-17 02:58:51,813 - root - INFO - | Epoch: 154/500 | Train Time: 0.007s | Train Loss: 185.128372 |
2020-08-17 02:58:51,820 - root - INFO - | Epoch: 155/500 | Train Time: 0.007s | Train Loss: 184.944443 |
2020-08-17 02:58:51,827 - root - INFO - | Epoch: 156/500 | Train Time: 0.007s | Train Loss: 184.965797 |
2020-08-17 02:58:51,834 - root - INFO - | Epoch: 157/500 | Train Time: 0.007s | Train Loss: 184.581062 |
2020-08-17 02:58:51,842 - root - INFO - | Epoch: 158/500 | Train Time: 0.007s | Train Loss: 184.418503 |
2020-08-17 02:58:51,849 - root - INFO - | Epoch: 159/500 | Train Time: 0.007s | Train Loss: 184.587685 |
2020-08-17 02:58:51,856 - root - INFO - | Epoch: 160/500 | Train Time: 0.007s | Train Loss: 184.485001 |
2020-08-17 02:58:51,863 - root - INFO - | Epoch: 161/500 | Train Time: 0.007s | Train Loss: 184.385895 |
2020-08-17 02:58:51,870 - root - INFO - | Epoch: 162/500 | Train Time: 0.007s | Train Loss: 184.362915 |
2020-08-17 02:58:51,878 - root - INFO - | Epoch: 163/500 | Train Time: 0.007s | Train Loss: 184.139320 |
2020-08-17 02:58:51,885 - root - INFO - | Epoch: 164/500 | Train Time: 0.007s | Train Loss: 184.051659 |
2020-08-17 02:58:51,892 - root - INFO - | Epoch: 165/500 | Train Time: 0.007s | Train Loss: 183.927521 |
2020-08-17 02:58:51,900 - root - INFO - | Epoch: 166/500 | Train Time: 0.007s | Train Loss: 183.811295 |
2020-08-17 02:58:51,907 - root - INFO - | Epoch: 167/500 | Train Time: 0.007s | Train Loss: 183.837379 |
2020-08-17 02:58:51,914 - root - INFO - | Epoch: 168/500 | Train Time: 0.007s | Train Loss: 183.680168 |
2020-08-17 02:58:51,922 - root - INFO - | Epoch: 169/500 | Train Time: 0.007s | Train Loss: 183.695480 |
2020-08-17 02:58:51,929 - root - INFO - | Epoch: 170/500 | Train Time: 0.007s | Train Loss: 183.626175 |
2020-08-17 02:58:51,936 - root - INFO - | Epoch: 171/500 | Train Time: 0.007s | Train Loss: 183.529694 |
2020-08-17 02:58:51,943 - root - INFO - | Epoch: 172/500 | Train Time: 0.007s | Train Loss: 183.568901 |
2020-08-17 02:58:51,951 - root - INFO - | Epoch: 173/500 | Train Time: 0.007s | Train Loss: 183.419617 |
2020-08-17 02:58:51,958 - root - INFO - | Epoch: 174/500 | Train Time: 0.007s | Train Loss: 183.475998 |
2020-08-17 02:58:51,965 - root - INFO - | Epoch: 175/500 | Train Time: 0.007s | Train Loss: 183.387634 |
2020-08-17 02:58:51,972 - root - INFO - | Epoch: 176/500 | Train Time: 0.007s | Train Loss: 183.163742 |
2020-08-17 02:58:51,979 - root - INFO - | Epoch: 177/500 | Train Time: 0.007s | Train Loss: 183.175629 |
2020-08-17 02:58:51,987 - root - INFO - | Epoch: 178/500 | Train Time: 0.007s | Train Loss: 183.073395 |
2020-08-17 02:58:51,994 - root - INFO - | Epoch: 179/500 | Train Time: 0.007s | Train Loss: 183.016357 |
2020-08-17 02:58:52,001 - root - INFO - | Epoch: 180/500 | Train Time: 0.007s | Train Loss: 182.929703 |
2020-08-17 02:58:52,008 - root - INFO - | Epoch: 181/500 | Train Time: 0.007s | Train Loss: 182.884789 |
2020-08-17 02:58:52,016 - root - INFO - | Epoch: 182/500 | Train Time: 0.007s | Train Loss: 182.924644 |
2020-08-17 02:58:52,023 - root - INFO - | Epoch: 183/500 | Train Time: 0.007s | Train Loss: 182.883789 |
2020-08-17 02:58:52,030 - root - INFO - | Epoch: 184/500 | Train Time: 0.007s | Train Loss: 182.683449 |
2020-08-17 02:58:52,037 - root - INFO - | Epoch: 185/500 | Train Time: 0.007s | Train Loss: 182.693810 |
2020-08-17 02:58:52,045 - root - INFO - | Epoch: 186/500 | Train Time: 0.007s | Train Loss: 182.612747 |
2020-08-17 02:58:52,052 - root - INFO - | Epoch: 187/500 | Train Time: 0.007s | Train Loss: 182.303894 |
2020-08-17 02:58:52,059 - root - INFO - | Epoch: 188/500 | Train Time: 0.007s | Train Loss: 182.445015 |
2020-08-17 02:58:52,067 - root - INFO - | Epoch: 189/500 | Train Time: 0.007s | Train Loss: 182.269913 |
2020-08-17 02:58:52,074 - root - INFO - | Epoch: 190/500 | Train Time: 0.007s | Train Loss: 182.298080 |
2020-08-17 02:58:52,081 - root - INFO - | Epoch: 191/500 | Train Time: 0.007s | Train Loss: 182.069443 |
2020-08-17 02:58:52,089 - root - INFO - | Epoch: 192/500 | Train Time: 0.007s | Train Loss: 182.182152 |
2020-08-17 02:58:52,100 - root - INFO - | Epoch: 193/500 | Train Time: 0.011s | Train Loss: 181.967804 |
2020-08-17 02:58:52,107 - root - INFO - | Epoch: 194/500 | Train Time: 0.007s | Train Loss: 181.984009 |
2020-08-17 02:58:52,115 - root - INFO - | Epoch: 195/500 | Train Time: 0.007s | Train Loss: 181.951630 |
2020-08-17 02:58:52,122 - root - INFO - | Epoch: 196/500 | Train Time: 0.007s | Train Loss: 181.794395 |
2020-08-17 02:58:52,129 - root - INFO - | Epoch: 197/500 | Train Time: 0.007s | Train Loss: 182.065140 |
2020-08-17 02:58:52,136 - root - INFO - | Epoch: 198/500 | Train Time: 0.007s | Train Loss: 181.781410 |
2020-08-17 02:58:52,143 - root - INFO - | Epoch: 199/500 | Train Time: 0.007s | Train Loss: 181.572021 |
2020-08-17 02:58:52,150 - root - INFO - | Epoch: 200/500 | Train Time: 0.007s | Train Loss: 181.744621 |
2020-08-17 02:58:52,158 - root - INFO - | Epoch: 201/500 | Train Time: 0.007s | Train Loss: 181.480888 |
2020-08-17 02:58:52,165 - root - INFO - | Epoch: 202/500 | Train Time: 0.007s | Train Loss: 181.430153 |
2020-08-17 02:58:52,172 - root - INFO - | Epoch: 203/500 | Train Time: 0.007s | Train Loss: 181.259270 |
2020-08-17 02:58:52,179 - root - INFO - | Epoch: 204/500 | Train Time: 0.007s | Train Loss: 181.272842 |
2020-08-17 02:58:52,187 - root - INFO - | Epoch: 205/500 | Train Time: 0.007s | Train Loss: 181.259270 |
2020-08-17 02:58:52,194 - root - INFO - | Epoch: 206/500 | Train Time: 0.007s | Train Loss: 181.251167 |
2020-08-17 02:58:52,201 - root - INFO - | Epoch: 207/500 | Train Time: 0.007s | Train Loss: 181.149895 |
2020-08-17 02:58:52,208 - root - INFO - | Epoch: 208/500 | Train Time: 0.007s | Train Loss: 181.094315 |
2020-08-17 02:58:52,215 - root - INFO - | Epoch: 209/500 | Train Time: 0.007s | Train Loss: 181.017281 |
2020-08-17 02:58:52,223 - root - INFO - | Epoch: 210/500 | Train Time: 0.007s | Train Loss: 180.842621 |
2020-08-17 02:58:52,230 - root - INFO - | Epoch: 211/500 | Train Time: 0.007s | Train Loss: 180.861679 |
2020-08-17 02:58:52,238 - root - INFO - | Epoch: 212/500 | Train Time: 0.007s | Train Loss: 180.862190 |
2020-08-17 02:58:52,245 - root - INFO - | Epoch: 213/500 | Train Time: 0.007s | Train Loss: 180.549149 |
2020-08-17 02:58:52,252 - root - INFO - | Epoch: 214/500 | Train Time: 0.007s | Train Loss: 180.366112 |
2020-08-17 02:58:52,259 - root - INFO - | Epoch: 215/500 | Train Time: 0.007s | Train Loss: 180.538666 |
2020-08-17 02:58:52,267 - root - INFO - | Epoch: 216/500 | Train Time: 0.007s | Train Loss: 180.408463 |
2020-08-17 02:58:52,274 - root - INFO - | Epoch: 217/500 | Train Time: 0.007s | Train Loss: 180.499611 |
2020-08-17 02:58:52,281 - root - INFO - | Epoch: 218/500 | Train Time: 0.007s | Train Loss: 180.517410 |
2020-08-17 02:58:52,288 - root - INFO - | Epoch: 219/500 | Train Time: 0.007s | Train Loss: 180.364044 |
2020-08-17 02:58:52,295 - root - INFO - | Epoch: 220/500 | Train Time: 0.007s | Train Loss: 180.318565 |
2020-08-17 02:58:52,303 - root - INFO - | Epoch: 221/500 | Train Time: 0.007s | Train Loss: 180.033073 |
2020-08-17 02:58:52,310 - root - INFO - | Epoch: 222/500 | Train Time: 0.007s | Train Loss: 179.888611 |
2020-08-17 02:58:52,317 - root - INFO - | Epoch: 223/500 | Train Time: 0.007s | Train Loss: 179.890556 |
2020-08-17 02:58:52,324 - root - INFO - | Epoch: 224/500 | Train Time: 0.007s | Train Loss: 179.890350 |
2020-08-17 02:58:52,332 - root - INFO - | Epoch: 225/500 | Train Time: 0.007s | Train Loss: 179.779892 |
2020-08-17 02:58:52,339 - root - INFO - | Epoch: 226/500 | Train Time: 0.007s | Train Loss: 179.927711 |
2020-08-17 02:58:52,346 - root - INFO - | Epoch: 227/500 | Train Time: 0.007s | Train Loss: 179.663116 |
2020-08-17 02:58:52,354 - root - INFO - | Epoch: 228/500 | Train Time: 0.007s | Train Loss: 179.657547 |
2020-08-17 02:58:52,361 - root - INFO - | Epoch: 229/500 | Train Time: 0.007s | Train Loss: 179.586433 |
2020-08-17 02:58:52,368 - root - INFO - | Epoch: 230/500 | Train Time: 0.007s | Train Loss: 179.341110 |
2020-08-17 02:58:52,375 - root - INFO - | Epoch: 231/500 | Train Time: 0.007s | Train Loss: 179.352127 |
2020-08-17 02:58:52,382 - root - INFO - | Epoch: 232/500 | Train Time: 0.007s | Train Loss: 179.193115 |
2020-08-17 02:58:52,390 - root - INFO - | Epoch: 233/500 | Train Time: 0.007s | Train Loss: 179.253281 |
2020-08-17 02:58:52,397 - root - INFO - | Epoch: 234/500 | Train Time: 0.007s | Train Loss: 179.147186 |
2020-08-17 02:58:52,404 - root - INFO - | Epoch: 235/500 | Train Time: 0.007s | Train Loss: 179.166695 |
2020-08-17 02:58:52,411 - root - INFO - | Epoch: 236/500 | Train Time: 0.007s | Train Loss: 179.054436 |
2020-08-17 02:58:52,418 - root - INFO - | Epoch: 237/500 | Train Time: 0.007s | Train Loss: 179.055122 |
2020-08-17 02:58:52,426 - root - INFO - | Epoch: 238/500 | Train Time: 0.007s | Train Loss: 178.943619 |
2020-08-17 02:58:52,433 - root - INFO - | Epoch: 239/500 | Train Time: 0.007s | Train Loss: 179.085640 |
2020-08-17 02:58:52,440 - root - INFO - | Epoch: 240/500 | Train Time: 0.007s | Train Loss: 178.894058 |
2020-08-17 02:58:52,447 - root - INFO - | Epoch: 241/500 | Train Time: 0.007s | Train Loss: 178.713150 |
2020-08-17 02:58:52,455 - root - INFO - | Epoch: 242/500 | Train Time: 0.007s | Train Loss: 178.679581 |
2020-08-17 02:58:52,462 - root - INFO - | Epoch: 243/500 | Train Time: 0.007s | Train Loss: 178.610786 |
2020-08-17 02:58:52,469 - root - INFO - | Epoch: 244/500 | Train Time: 0.007s | Train Loss: 178.571869 |
2020-08-17 02:58:52,476 - root - INFO - | Epoch: 245/500 | Train Time: 0.007s | Train Loss: 178.427475 |
2020-08-17 02:58:52,484 - root - INFO - | Epoch: 246/500 | Train Time: 0.007s | Train Loss: 178.662209 |
2020-08-17 02:58:52,491 - root - INFO - | Epoch: 247/500 | Train Time: 0.007s | Train Loss: 178.453026 |
2020-08-17 02:58:52,498 - root - INFO - | Epoch: 248/500 | Train Time: 0.007s | Train Loss: 178.235451 |
2020-08-17 02:58:52,505 - root - INFO - | Epoch: 249/500 | Train Time: 0.007s | Train Loss: 178.295280 |
2020-08-17 02:58:52,512 - root - INFO - | Epoch: 250/500 | Train Time: 0.007s | Train Loss: 178.036598 |
2020-08-17 02:58:52,520 - root - INFO - | Epoch: 251/500 | Train Time: 0.007s | Train Loss: 177.977905 |
2020-08-17 02:58:52,527 - root - INFO - | Epoch: 252/500 | Train Time: 0.007s | Train Loss: 177.887123 |
2020-08-17 02:58:52,534 - root - INFO - | Epoch: 253/500 | Train Time: 0.007s | Train Loss: 178.129753 |
2020-08-17 02:58:52,541 - root - INFO - | Epoch: 254/500 | Train Time: 0.007s | Train Loss: 177.893898 |
2020-08-17 02:58:52,549 - root - INFO - | Epoch: 255/500 | Train Time: 0.007s | Train Loss: 177.858368 |
2020-08-17 02:58:52,556 - root - INFO - | Epoch: 256/500 | Train Time: 0.007s | Train Loss: 177.726196 |
2020-08-17 02:58:52,563 - root - INFO - | Epoch: 257/500 | Train Time: 0.007s | Train Loss: 177.670547 |
2020-08-17 02:58:52,570 - root - INFO - | Epoch: 258/500 | Train Time: 0.007s | Train Loss: 177.622375 |
2020-08-17 02:58:52,578 - root - INFO - | Epoch: 259/500 | Train Time: 0.007s | Train Loss: 177.354904 |
2020-08-17 02:58:52,585 - root - INFO - | Epoch: 260/500 | Train Time: 0.007s | Train Loss: 177.537788 |
2020-08-17 02:58:52,592 - root - INFO - | Epoch: 261/500 | Train Time: 0.007s | Train Loss: 177.303467 |
2020-08-17 02:58:52,599 - root - INFO - | Epoch: 262/500 | Train Time: 0.007s | Train Loss: 177.301407 |
2020-08-17 02:58:52,607 - root - INFO - | Epoch: 263/500 | Train Time: 0.007s | Train Loss: 177.101234 |
2020-08-17 02:58:52,614 - root - INFO - | Epoch: 264/500 | Train Time: 0.007s | Train Loss: 177.133934 |
2020-08-17 02:58:52,621 - root - INFO - | Epoch: 265/500 | Train Time: 0.007s | Train Loss: 177.076004 |
2020-08-17 02:58:52,628 - root - INFO - | Epoch: 266/500 | Train Time: 0.007s | Train Loss: 176.865448 |
2020-08-17 02:58:52,635 - root - INFO - | Epoch: 267/500 | Train Time: 0.007s | Train Loss: 176.816307 |
2020-08-17 02:58:52,642 - root - INFO - | Epoch: 268/500 | Train Time: 0.007s | Train Loss: 176.991089 |
2020-08-17 02:58:52,650 - root - INFO - | Epoch: 269/500 | Train Time: 0.007s | Train Loss: 176.784134 |
2020-08-17 02:58:52,657 - root - INFO - | Epoch: 270/500 | Train Time: 0.007s | Train Loss: 176.657318 |
2020-08-17 02:58:52,664 - root - INFO - | Epoch: 271/500 | Train Time: 0.007s | Train Loss: 176.636658 |
2020-08-17 02:58:52,671 - root - INFO - | Epoch: 272/500 | Train Time: 0.007s | Train Loss: 176.684196 |
2020-08-17 02:58:52,678 - root - INFO - | Epoch: 273/500 | Train Time: 0.007s | Train Loss: 176.410942 |
2020-08-17 02:58:52,686 - root - INFO - | Epoch: 274/500 | Train Time: 0.007s | Train Loss: 176.274940 |
2020-08-17 02:58:52,693 - root - INFO - | Epoch: 275/500 | Train Time: 0.007s | Train Loss: 176.351234 |
2020-08-17 02:58:52,700 - root - INFO - | Epoch: 276/500 | Train Time: 0.007s | Train Loss: 176.378143 |
2020-08-17 02:58:52,707 - root - INFO - | Epoch: 277/500 | Train Time: 0.007s | Train Loss: 176.408157 |
2020-08-17 02:58:52,715 - root - INFO - | Epoch: 278/500 | Train Time: 0.007s | Train Loss: 176.079453 |
2020-08-17 02:58:52,722 - root - INFO - | Epoch: 279/500 | Train Time: 0.007s | Train Loss: 176.098587 |
2020-08-17 02:58:52,729 - root - INFO - | Epoch: 280/500 | Train Time: 0.007s | Train Loss: 176.291489 |
2020-08-17 02:58:52,736 - root - INFO - | Epoch: 281/500 | Train Time: 0.007s | Train Loss: 175.962097 |
2020-08-17 02:58:52,743 - root - INFO - | Epoch: 282/500 | Train Time: 0.007s | Train Loss: 175.791573 |
2020-08-17 02:58:52,751 - root - INFO - | Epoch: 283/500 | Train Time: 0.007s | Train Loss: 175.880936 |
2020-08-17 02:58:52,758 - root - INFO - | Epoch: 284/500 | Train Time: 0.007s | Train Loss: 175.667572 |
2020-08-17 02:58:52,765 - root - INFO - | Epoch: 285/500 | Train Time: 0.007s | Train Loss: 175.691284 |
2020-08-17 02:58:52,772 - root - INFO - | Epoch: 286/500 | Train Time: 0.007s | Train Loss: 175.629143 |
2020-08-17 02:58:52,780 - root - INFO - | Epoch: 287/500 | Train Time: 0.007s | Train Loss: 175.676361 |
2020-08-17 02:58:52,787 - root - INFO - | Epoch: 288/500 | Train Time: 0.007s | Train Loss: 175.786537 |
2020-08-17 02:58:52,794 - root - INFO - | Epoch: 289/500 | Train Time: 0.007s | Train Loss: 175.414932 |
2020-08-17 02:58:52,801 - root - INFO - | Epoch: 290/500 | Train Time: 0.007s | Train Loss: 175.488518 |
2020-08-17 02:58:52,809 - root - INFO - | Epoch: 291/500 | Train Time: 0.007s | Train Loss: 175.383194 |
2020-08-17 02:58:52,816 - root - INFO - | Epoch: 292/500 | Train Time: 0.007s | Train Loss: 175.286491 |
2020-08-17 02:58:52,823 - root - INFO - | Epoch: 293/500 | Train Time: 0.007s | Train Loss: 175.357407 |
2020-08-17 02:58:52,830 - root - INFO - | Epoch: 294/500 | Train Time: 0.007s | Train Loss: 175.228584 |
2020-08-17 02:58:52,837 - root - INFO - | Epoch: 295/500 | Train Time: 0.007s | Train Loss: 174.973183 |
2020-08-17 02:58:52,845 - root - INFO - | Epoch: 296/500 | Train Time: 0.007s | Train Loss: 175.178780 |
2020-08-17 02:58:52,852 - root - INFO - | Epoch: 297/500 | Train Time: 0.007s | Train Loss: 174.945061 |
2020-08-17 02:58:52,859 - root - INFO - | Epoch: 298/500 | Train Time: 0.007s | Train Loss: 174.823639 |
2020-08-17 02:58:52,866 - root - INFO - | Epoch: 299/500 | Train Time: 0.007s | Train Loss: 175.238068 |
2020-08-17 02:58:52,873 - root - INFO - | Epoch: 300/500 | Train Time: 0.007s | Train Loss: 174.903160 |
2020-08-17 02:58:52,880 - root - INFO - | Epoch: 301/500 | Train Time: 0.007s | Train Loss: 174.624985 |
2020-08-17 02:58:52,888 - root - INFO - | Epoch: 302/500 | Train Time: 0.007s | Train Loss: 174.623695 |
2020-08-17 02:58:52,895 - root - INFO - | Epoch: 303/500 | Train Time: 0.007s | Train Loss: 174.688660 |
2020-08-17 02:58:52,902 - root - INFO - | Epoch: 304/500 | Train Time: 0.007s | Train Loss: 174.299118 |
2020-08-17 02:58:52,909 - root - INFO - | Epoch: 305/500 | Train Time: 0.007s | Train Loss: 174.375603 |
2020-08-17 02:58:52,917 - root - INFO - | Epoch: 306/500 | Train Time: 0.007s | Train Loss: 174.306381 |
2020-08-17 02:58:52,924 - root - INFO - | Epoch: 307/500 | Train Time: 0.007s | Train Loss: 174.385696 |
2020-08-17 02:58:52,931 - root - INFO - | Epoch: 308/500 | Train Time: 0.007s | Train Loss: 174.193573 |
2020-08-17 02:58:52,938 - root - INFO - | Epoch: 309/500 | Train Time: 0.007s | Train Loss: 174.231903 |
2020-08-17 02:58:52,946 - root - INFO - | Epoch: 310/500 | Train Time: 0.007s | Train Loss: 174.080276 |
2020-08-17 02:58:52,953 - root - INFO - | Epoch: 311/500 | Train Time: 0.007s | Train Loss: 173.874191 |
2020-08-17 02:58:52,960 - root - INFO - | Epoch: 312/500 | Train Time: 0.007s | Train Loss: 173.995415 |
2020-08-17 02:58:52,968 - root - INFO - | Epoch: 313/500 | Train Time: 0.007s | Train Loss: 173.906723 |
2020-08-17 02:58:52,975 - root - INFO - | Epoch: 314/500 | Train Time: 0.007s | Train Loss: 173.764832 |
2020-08-17 02:58:52,982 - root - INFO - | Epoch: 315/500 | Train Time: 0.007s | Train Loss: 173.660126 |
2020-08-17 02:58:52,989 - root - INFO - | Epoch: 316/500 | Train Time: 0.007s | Train Loss: 173.742088 |
2020-08-17 02:58:52,996 - root - INFO - | Epoch: 317/500 | Train Time: 0.007s | Train Loss: 173.498383 |
2020-08-17 02:58:53,003 - root - INFO - | Epoch: 318/500 | Train Time: 0.007s | Train Loss: 173.659966 |
2020-08-17 02:58:53,011 - root - INFO - | Epoch: 319/500 | Train Time: 0.007s | Train Loss: 173.605988 |
2020-08-17 02:58:53,018 - root - INFO - | Epoch: 320/500 | Train Time: 0.007s | Train Loss: 173.433632 |
2020-08-17 02:58:53,025 - root - INFO - | Epoch: 321/500 | Train Time: 0.007s | Train Loss: 173.454674 |
2020-08-17 02:58:53,032 - root - INFO - | Epoch: 322/500 | Train Time: 0.007s | Train Loss: 173.434593 |
2020-08-17 02:58:53,040 - root - INFO - | Epoch: 323/500 | Train Time: 0.007s | Train Loss: 173.146729 |
2020-08-17 02:58:53,047 - root - INFO - | Epoch: 324/500 | Train Time: 0.007s | Train Loss: 173.199280 |
2020-08-17 02:58:53,055 - root - INFO - | Epoch: 325/500 | Train Time: 0.007s | Train Loss: 173.393250 |
2020-08-17 02:58:53,062 - root - INFO - | Epoch: 326/500 | Train Time: 0.007s | Train Loss: 172.985832 |
2020-08-17 02:58:53,069 - root - INFO - | Epoch: 327/500 | Train Time: 0.007s | Train Loss: 173.110168 |
2020-08-17 02:58:53,077 - root - INFO - | Epoch: 328/500 | Train Time: 0.007s | Train Loss: 172.986595 |
2020-08-17 02:58:53,084 - root - INFO - | Epoch: 329/500 | Train Time: 0.007s | Train Loss: 172.711044 |
2020-08-17 02:58:53,091 - root - INFO - | Epoch: 330/500 | Train Time: 0.007s | Train Loss: 172.771324 |
2020-08-17 02:58:53,099 - root - INFO - | Epoch: 331/500 | Train Time: 0.007s | Train Loss: 172.834244 |
2020-08-17 02:58:53,106 - root - INFO - | Epoch: 332/500 | Train Time: 0.007s | Train Loss: 172.676155 |
2020-08-17 02:58:53,113 - root - INFO - | Epoch: 333/500 | Train Time: 0.007s | Train Loss: 172.558685 |
2020-08-17 02:58:53,120 - root - INFO - | Epoch: 334/500 | Train Time: 0.007s | Train Loss: 172.538651 |
2020-08-17 02:58:53,127 - root - INFO - | Epoch: 335/500 | Train Time: 0.007s | Train Loss: 172.408722 |
2020-08-17 02:58:53,135 - root - INFO - | Epoch: 336/500 | Train Time: 0.007s | Train Loss: 172.367172 |
2020-08-17 02:58:53,142 - root - INFO - | Epoch: 337/500 | Train Time: 0.007s | Train Loss: 172.347672 |
2020-08-17 02:58:53,149 - root - INFO - | Epoch: 338/500 | Train Time: 0.007s | Train Loss: 172.211784 |
2020-08-17 02:58:53,157 - root - INFO - | Epoch: 339/500 | Train Time: 0.007s | Train Loss: 171.984444 |
2020-08-17 02:58:53,164 - root - INFO - | Epoch: 340/500 | Train Time: 0.007s | Train Loss: 172.271164 |
2020-08-17 02:58:53,171 - root - INFO - | Epoch: 341/500 | Train Time: 0.007s | Train Loss: 172.089554 |
2020-08-17 02:58:53,178 - root - INFO - | Epoch: 342/500 | Train Time: 0.007s | Train Loss: 171.770157 |
2020-08-17 02:58:53,185 - root - INFO - | Epoch: 343/500 | Train Time: 0.007s | Train Loss: 172.002426 |
2020-08-17 02:58:53,193 - root - INFO - | Epoch: 344/500 | Train Time: 0.007s | Train Loss: 171.847855 |
2020-08-17 02:58:53,200 - root - INFO - | Epoch: 345/500 | Train Time: 0.007s | Train Loss: 171.719276 |
2020-08-17 02:58:53,207 - root - INFO - | Epoch: 346/500 | Train Time: 0.007s | Train Loss: 171.583649 |
2020-08-17 02:58:53,214 - root - INFO - | Epoch: 347/500 | Train Time: 0.007s | Train Loss: 171.676460 |
2020-08-17 02:58:53,222 - root - INFO - | Epoch: 348/500 | Train Time: 0.007s | Train Loss: 171.526077 |
2020-08-17 02:58:53,229 - root - INFO - | Epoch: 349/500 | Train Time: 0.007s | Train Loss: 171.488586 |
2020-08-17 02:58:53,236 - root - INFO - | Epoch: 350/500 | Train Time: 0.007s | Train Loss: 171.489975 |
2020-08-17 02:58:53,244 - root - INFO - | Epoch: 351/500 | Train Time: 0.007s | Train Loss: 171.316856 |
2020-08-17 02:58:53,251 - root - INFO - | Epoch: 352/500 | Train Time: 0.007s | Train Loss: 171.169266 |
2020-08-17 02:58:53,258 - root - INFO - | Epoch: 353/500 | Train Time: 0.007s | Train Loss: 171.138992 |
2020-08-17 02:58:53,266 - root - INFO - | Epoch: 354/500 | Train Time: 0.007s | Train Loss: 171.260887 |
2020-08-17 02:58:53,273 - root - INFO - | Epoch: 355/500 | Train Time: 0.007s | Train Loss: 170.985069 |
2020-08-17 02:58:53,280 - root - INFO - | Epoch: 356/500 | Train Time: 0.007s | Train Loss: 170.988747 |
2020-08-17 02:58:53,288 - root - INFO - | Epoch: 357/500 | Train Time: 0.007s | Train Loss: 171.152512 |
2020-08-17 02:58:53,295 - root - INFO - | Epoch: 358/500 | Train Time: 0.007s | Train Loss: 171.044449 |
2020-08-17 02:58:53,302 - root - INFO - | Epoch: 359/500 | Train Time: 0.007s | Train Loss: 170.768433 |
2020-08-17 02:58:53,310 - root - INFO - | Epoch: 360/500 | Train Time: 0.007s | Train Loss: 170.776878 |
2020-08-17 02:58:53,317 - root - INFO - | Epoch: 361/500 | Train Time: 0.007s | Train Loss: 170.635674 |
2020-08-17 02:58:53,324 - root - INFO - | Epoch: 362/500 | Train Time: 0.007s | Train Loss: 170.952026 |
2020-08-17 02:58:53,331 - root - INFO - | Epoch: 363/500 | Train Time: 0.007s | Train Loss: 170.560272 |
2020-08-17 02:58:53,339 - root - INFO - | Epoch: 364/500 | Train Time: 0.007s | Train Loss: 170.424484 |
2020-08-17 02:58:53,346 - root - INFO - | Epoch: 365/500 | Train Time: 0.007s | Train Loss: 170.362396 |
2020-08-17 02:58:53,353 - root - INFO - | Epoch: 366/500 | Train Time: 0.007s | Train Loss: 170.420929 |
2020-08-17 02:58:53,360 - root - INFO - | Epoch: 367/500 | Train Time: 0.007s | Train Loss: 170.330551 |
2020-08-17 02:58:53,367 - root - INFO - | Epoch: 368/500 | Train Time: 0.007s | Train Loss: 169.986290 |
2020-08-17 02:58:53,375 - root - INFO - | Epoch: 369/500 | Train Time: 0.007s | Train Loss: 170.279335 |
2020-08-17 02:58:53,382 - root - INFO - | Epoch: 370/500 | Train Time: 0.007s | Train Loss: 170.237671 |
2020-08-17 02:58:53,389 - root - INFO - | Epoch: 371/500 | Train Time: 0.007s | Train Loss: 170.134338 |
2020-08-17 02:58:53,397 - root - INFO - | Epoch: 372/500 | Train Time: 0.007s | Train Loss: 170.181908 |
2020-08-17 02:58:53,404 - root - INFO - | Epoch: 373/500 | Train Time: 0.007s | Train Loss: 169.812157 |
2020-08-17 02:58:53,411 - root - INFO - | Epoch: 374/500 | Train Time: 0.007s | Train Loss: 169.826889 |
2020-08-17 02:58:53,418 - root - INFO - | Epoch: 375/500 | Train Time: 0.007s | Train Loss: 169.646095 |
2020-08-17 02:58:53,426 - root - INFO - | Epoch: 376/500 | Train Time: 0.007s | Train Loss: 169.617294 |
2020-08-17 02:58:53,433 - root - INFO - | Epoch: 377/500 | Train Time: 0.007s | Train Loss: 169.611053 |
2020-08-17 02:58:53,440 - root - INFO - | Epoch: 378/500 | Train Time: 0.007s | Train Loss: 169.649086 |
2020-08-17 02:58:53,448 - root - INFO - | Epoch: 379/500 | Train Time: 0.007s | Train Loss: 169.526169 |
2020-08-17 02:58:53,455 - root - INFO - | Epoch: 380/500 | Train Time: 0.007s | Train Loss: 169.377670 |
2020-08-17 02:58:53,463 - root - INFO - | Epoch: 381/500 | Train Time: 0.007s | Train Loss: 169.350098 |
2020-08-17 02:58:53,470 - root - INFO - | Epoch: 382/500 | Train Time: 0.007s | Train Loss: 169.177658 |
2020-08-17 02:58:53,477 - root - INFO - | Epoch: 383/500 | Train Time: 0.007s | Train Loss: 169.235107 |
2020-08-17 02:58:53,484 - root - INFO - | Epoch: 384/500 | Train Time: 0.007s | Train Loss: 169.107346 |
2020-08-17 02:58:53,492 - root - INFO - | Epoch: 385/500 | Train Time: 0.007s | Train Loss: 169.079582 |
2020-08-17 02:58:53,499 - root - INFO - | Epoch: 386/500 | Train Time: 0.007s | Train Loss: 169.166161 |
2020-08-17 02:58:53,506 - root - INFO - | Epoch: 387/500 | Train Time: 0.007s | Train Loss: 169.080467 |
2020-08-17 02:58:53,514 - root - INFO - | Epoch: 388/500 | Train Time: 0.007s | Train Loss: 168.912277 |
2020-08-17 02:58:53,521 - root - INFO - | Epoch: 389/500 | Train Time: 0.007s | Train Loss: 168.757355 |
2020-08-17 02:58:53,528 - root - INFO - | Epoch: 390/500 | Train Time: 0.007s | Train Loss: 168.894623 |
2020-08-17 02:58:53,535 - root - INFO - | Epoch: 391/500 | Train Time: 0.007s | Train Loss: 168.698418 |
2020-08-17 02:58:53,542 - root - INFO - | Epoch: 392/500 | Train Time: 0.007s | Train Loss: 168.695839 |
2020-08-17 02:58:53,550 - root - INFO - | Epoch: 393/500 | Train Time: 0.007s | Train Loss: 168.489258 |
2020-08-17 02:58:53,557 - root - INFO - | Epoch: 394/500 | Train Time: 0.007s | Train Loss: 168.601860 |
2020-08-17 02:58:53,564 - root - INFO - | Epoch: 395/500 | Train Time: 0.007s | Train Loss: 168.461319 |
2020-08-17 02:58:53,572 - root - INFO - | Epoch: 396/500 | Train Time: 0.007s | Train Loss: 168.410820 |
2020-08-17 02:58:53,579 - root - INFO - | Epoch: 397/500 | Train Time: 0.007s | Train Loss: 168.156235 |
2020-08-17 02:58:53,586 - root - INFO - | Epoch: 398/500 | Train Time: 0.007s | Train Loss: 168.017250 |
2020-08-17 02:58:53,594 - root - INFO - | Epoch: 399/500 | Train Time: 0.007s | Train Loss: 168.189583 |
2020-08-17 02:58:53,601 - root - INFO - | Epoch: 400/500 | Train Time: 0.007s | Train Loss: 168.345612 |
2020-08-17 02:58:53,608 - root - INFO - | Epoch: 401/500 | Train Time: 0.007s | Train Loss: 168.229889 |
2020-08-17 02:58:53,616 - root - INFO - | Epoch: 402/500 | Train Time: 0.007s | Train Loss: 168.122398 |
2020-08-17 02:58:53,623 - root - INFO - | Epoch: 403/500 | Train Time: 0.007s | Train Loss: 167.946754 |
2020-08-17 02:58:53,630 - root - INFO - | Epoch: 404/500 | Train Time: 0.007s | Train Loss: 167.783615 |
2020-08-17 02:58:53,638 - root - INFO - | Epoch: 405/500 | Train Time: 0.007s | Train Loss: 167.690430 |
2020-08-17 02:58:53,645 - root - INFO - | Epoch: 406/500 | Train Time: 0.007s | Train Loss: 167.759621 |
2020-08-17 02:58:53,652 - root - INFO - | Epoch: 407/500 | Train Time: 0.007s | Train Loss: 167.548622 |
2020-08-17 02:58:53,660 - root - INFO - | Epoch: 408/500 | Train Time: 0.007s | Train Loss: 167.646301 |
2020-08-17 02:58:53,667 - root - INFO - | Epoch: 409/500 | Train Time: 0.007s | Train Loss: 167.433731 |
2020-08-17 02:58:53,674 - root - INFO - | Epoch: 410/500 | Train Time: 0.007s | Train Loss: 167.737518 |
2020-08-17 02:58:53,681 - root - INFO - | Epoch: 411/500 | Train Time: 0.007s | Train Loss: 167.369339 |
2020-08-17 02:58:53,689 - root - INFO - | Epoch: 412/500 | Train Time: 0.007s | Train Loss: 167.276688 |
2020-08-17 02:58:53,696 - root - INFO - | Epoch: 413/500 | Train Time: 0.007s | Train Loss: 167.551132 |
2020-08-17 02:58:53,704 - root - INFO - | Epoch: 414/500 | Train Time: 0.007s | Train Loss: 167.114601 |
2020-08-17 02:58:53,711 - root - INFO - | Epoch: 415/500 | Train Time: 0.007s | Train Loss: 167.195885 |
2020-08-17 02:58:53,719 - root - INFO - | Epoch: 416/500 | Train Time: 0.007s | Train Loss: 167.074547 |
2020-08-17 02:58:53,726 - root - INFO - | Epoch: 417/500 | Train Time: 0.007s | Train Loss: 166.982742 |
2020-08-17 02:58:53,733 - root - INFO - | Epoch: 418/500 | Train Time: 0.007s | Train Loss: 167.090111 |
2020-08-17 02:58:53,740 - root - INFO - | Epoch: 419/500 | Train Time: 0.007s | Train Loss: 167.122238 |
2020-08-17 02:58:53,748 - root - INFO - | Epoch: 420/500 | Train Time: 0.007s | Train Loss: 166.735367 |
2020-08-17 02:58:53,755 - root - INFO - | Epoch: 421/500 | Train Time: 0.007s | Train Loss: 166.884125 |
2020-08-17 02:58:53,763 - root - INFO - | Epoch: 422/500 | Train Time: 0.007s | Train Loss: 166.686119 |
2020-08-17 02:58:53,770 - root - INFO - | Epoch: 423/500 | Train Time: 0.007s | Train Loss: 166.554596 |
2020-08-17 02:58:53,777 - root - INFO - | Epoch: 424/500 | Train Time: 0.007s | Train Loss: 166.539696 |
2020-08-17 02:58:53,784 - root - INFO - | Epoch: 425/500 | Train Time: 0.007s | Train Loss: 166.541504 |
2020-08-17 02:58:53,791 - root - INFO - | Epoch: 426/500 | Train Time: 0.007s | Train Loss: 166.345261 |
2020-08-17 02:58:53,799 - root - INFO - | Epoch: 427/500 | Train Time: 0.007s | Train Loss: 166.251938 |
2020-08-17 02:58:53,806 - root - INFO - | Epoch: 428/500 | Train Time: 0.007s | Train Loss: 166.415192 |
2020-08-17 02:58:53,813 - root - INFO - | Epoch: 429/500 | Train Time: 0.007s | Train Loss: 166.559196 |
2020-08-17 02:58:53,820 - root - INFO - | Epoch: 430/500 | Train Time: 0.007s | Train Loss: 166.049599 |
2020-08-17 02:58:53,828 - root - INFO - | Epoch: 431/500 | Train Time: 0.007s | Train Loss: 166.210579 |
2020-08-17 02:58:53,835 - root - INFO - | Epoch: 432/500 | Train Time: 0.007s | Train Loss: 165.965324 |
2020-08-17 02:58:53,843 - root - INFO - | Epoch: 433/500 | Train Time: 0.007s | Train Loss: 165.935234 |
2020-08-17 02:58:53,850 - root - INFO - | Epoch: 434/500 | Train Time: 0.007s | Train Loss: 166.128250 |
2020-08-17 02:58:53,858 - root - INFO - | Epoch: 435/500 | Train Time: 0.008s | Train Loss: 166.126404 |
2020-08-17 02:58:53,865 - root - INFO - | Epoch: 436/500 | Train Time: 0.007s | Train Loss: 165.937279 |
2020-08-17 02:58:53,872 - root - INFO - | Epoch: 437/500 | Train Time: 0.007s | Train Loss: 165.565201 |
2020-08-17 02:58:53,878 - root - INFO - | Epoch: 438/500 | Train Time: 0.007s | Train Loss: 165.650360 |
2020-08-17 02:58:53,886 - root - INFO - | Epoch: 439/500 | Train Time: 0.007s | Train Loss: 165.625732 |
2020-08-17 02:58:53,893 - root - INFO - | Epoch: 440/500 | Train Time: 0.007s | Train Loss: 165.415749 |
2020-08-17 02:58:53,900 - root - INFO - | Epoch: 441/500 | Train Time: 0.007s | Train Loss: 165.595619 |
2020-08-17 02:58:53,907 - root - INFO - | Epoch: 442/500 | Train Time: 0.007s | Train Loss: 165.231392 |
2020-08-17 02:58:53,915 - root - INFO - | Epoch: 443/500 | Train Time: 0.007s | Train Loss: 165.364761 |
2020-08-17 02:58:53,922 - root - INFO - | Epoch: 444/500 | Train Time: 0.007s | Train Loss: 165.270355 |
2020-08-17 02:58:53,929 - root - INFO - | Epoch: 445/500 | Train Time: 0.007s | Train Loss: 165.232376 |
2020-08-17 02:58:53,936 - root - INFO - | Epoch: 446/500 | Train Time: 0.007s | Train Loss: 165.021820 |
2020-08-17 02:58:53,944 - root - INFO - | Epoch: 447/500 | Train Time: 0.007s | Train Loss: 165.102356 |
2020-08-17 02:58:53,951 - root - INFO - | Epoch: 448/500 | Train Time: 0.007s | Train Loss: 165.011414 |
2020-08-17 02:58:53,958 - root - INFO - | Epoch: 449/500 | Train Time: 0.007s | Train Loss: 164.878357 |
2020-08-17 02:58:53,965 - root - INFO - | Epoch: 450/500 | Train Time: 0.007s | Train Loss: 164.906960 |
2020-08-17 02:58:53,973 - root - INFO - | Epoch: 451/500 | Train Time: 0.007s | Train Loss: 164.674721 |
2020-08-17 02:58:53,980 - root - INFO - | Epoch: 452/500 | Train Time: 0.007s | Train Loss: 164.831398 |
2020-08-17 02:58:53,987 - root - INFO - | Epoch: 453/500 | Train Time: 0.007s | Train Loss: 164.677216 |
2020-08-17 02:58:53,995 - root - INFO - | Epoch: 454/500 | Train Time: 0.007s | Train Loss: 164.545433 |
2020-08-17 02:58:54,002 - root - INFO - | Epoch: 455/500 | Train Time: 0.007s | Train Loss: 164.523781 |
2020-08-17 02:58:54,009 - root - INFO - | Epoch: 456/500 | Train Time: 0.007s | Train Loss: 164.529022 |
2020-08-17 02:58:54,016 - root - INFO - | Epoch: 457/500 | Train Time: 0.007s | Train Loss: 164.577789 |
2020-08-17 02:58:54,024 - root - INFO - | Epoch: 458/500 | Train Time: 0.007s | Train Loss: 164.306465 |
2020-08-17 02:58:54,031 - root - INFO - | Epoch: 459/500 | Train Time: 0.007s | Train Loss: 164.366058 |
2020-08-17 02:58:54,038 - root - INFO - | Epoch: 460/500 | Train Time: 0.007s | Train Loss: 164.171341 |
2020-08-17 02:58:54,045 - root - INFO - | Epoch: 461/500 | Train Time: 0.007s | Train Loss: 164.237396 |
2020-08-17 02:58:54,053 - root - INFO - | Epoch: 462/500 | Train Time: 0.007s | Train Loss: 164.105804 |
2020-08-17 02:58:54,060 - root - INFO - | Epoch: 463/500 | Train Time: 0.007s | Train Loss: 164.153000 |
2020-08-17 02:58:54,067 - root - INFO - | Epoch: 464/500 | Train Time: 0.007s | Train Loss: 164.006340 |
2020-08-17 02:58:54,075 - root - INFO - | Epoch: 465/500 | Train Time: 0.007s | Train Loss: 163.862007 |
2020-08-17 02:58:54,082 - root - INFO - | Epoch: 466/500 | Train Time: 0.007s | Train Loss: 163.851135 |
2020-08-17 02:58:54,089 - root - INFO - | Epoch: 467/500 | Train Time: 0.007s | Train Loss: 163.899719 |
2020-08-17 02:58:54,096 - root - INFO - | Epoch: 468/500 | Train Time: 0.007s | Train Loss: 163.757782 |
2020-08-17 02:58:54,103 - root - INFO - | Epoch: 469/500 | Train Time: 0.007s | Train Loss: 163.518921 |
2020-08-17 02:58:54,111 - root - INFO - | Epoch: 470/500 | Train Time: 0.007s | Train Loss: 163.869621 |
2020-08-17 02:58:54,118 - root - INFO - | Epoch: 471/500 | Train Time: 0.007s | Train Loss: 163.707535 |
2020-08-17 02:58:54,125 - root - INFO - | Epoch: 472/500 | Train Time: 0.007s | Train Loss: 163.341057 |
2020-08-17 02:58:54,132 - root - INFO - | Epoch: 473/500 | Train Time: 0.007s | Train Loss: 163.603737 |
2020-08-17 02:58:54,140 - root - INFO - | Epoch: 474/500 | Train Time: 0.007s | Train Loss: 163.300171 |
2020-08-17 02:58:54,147 - root - INFO - | Epoch: 475/500 | Train Time: 0.007s | Train Loss: 163.331230 |
2020-08-17 02:58:54,154 - root - INFO - | Epoch: 476/500 | Train Time: 0.007s | Train Loss: 163.051529 |
2020-08-17 02:58:54,161 - root - INFO - | Epoch: 477/500 | Train Time: 0.007s | Train Loss: 163.037613 |
2020-08-17 02:58:54,169 - root - INFO - | Epoch: 478/500 | Train Time: 0.007s | Train Loss: 162.860291 |
2020-08-17 02:58:54,176 - root - INFO - | Epoch: 479/500 | Train Time: 0.007s | Train Loss: 162.812782 |
2020-08-17 02:58:54,183 - root - INFO - | Epoch: 480/500 | Train Time: 0.007s | Train Loss: 162.836304 |
2020-08-17 02:58:54,191 - root - INFO - | Epoch: 481/500 | Train Time: 0.007s | Train Loss: 162.877739 |
2020-08-17 02:58:54,198 - root - INFO - | Epoch: 482/500 | Train Time: 0.007s | Train Loss: 162.923622 |
2020-08-17 02:58:54,205 - root - INFO - | Epoch: 483/500 | Train Time: 0.007s | Train Loss: 162.578072 |
2020-08-17 02:58:54,212 - root - INFO - | Epoch: 484/500 | Train Time: 0.007s | Train Loss: 162.633194 |
2020-08-17 02:58:54,219 - root - INFO - | Epoch: 485/500 | Train Time: 0.007s | Train Loss: 162.531334 |
2020-08-17 02:58:54,227 - root - INFO - | Epoch: 486/500 | Train Time: 0.007s | Train Loss: 162.536942 |
2020-08-17 02:58:54,234 - root - INFO - | Epoch: 487/500 | Train Time: 0.007s | Train Loss: 162.462448 |
2020-08-17 02:58:54,241 - root - INFO - | Epoch: 488/500 | Train Time: 0.007s | Train Loss: 162.527679 |
2020-08-17 02:58:54,248 - root - INFO - | Epoch: 489/500 | Train Time: 0.007s | Train Loss: 162.396812 |
2020-08-17 02:58:54,256 - root - INFO - | Epoch: 490/500 | Train Time: 0.007s | Train Loss: 162.147133 |
2020-08-17 02:58:54,263 - root - INFO - | Epoch: 491/500 | Train Time: 0.007s | Train Loss: 162.154121 |
2020-08-17 02:58:54,270 - root - INFO - | Epoch: 492/500 | Train Time: 0.007s | Train Loss: 162.468536 |
2020-08-17 02:58:54,277 - root - INFO - | Epoch: 493/500 | Train Time: 0.007s | Train Loss: 161.989822 |
2020-08-17 02:58:54,285 - root - INFO - | Epoch: 494/500 | Train Time: 0.007s | Train Loss: 162.085510 |
2020-08-17 02:58:54,291 - root - INFO - | Epoch: 495/500 | Train Time: 0.007s | Train Loss: 161.827576 |
2020-08-17 02:58:54,299 - root - INFO - | Epoch: 496/500 | Train Time: 0.007s | Train Loss: 161.945343 |
2020-08-17 02:58:54,306 - root - INFO - | Epoch: 497/500 | Train Time: 0.007s | Train Loss: 161.736977 |
2020-08-17 02:58:54,313 - root - INFO - | Epoch: 498/500 | Train Time: 0.007s | Train Loss: 161.867134 |
2020-08-17 02:58:54,321 - root - INFO - | Epoch: 499/500 | Train Time: 0.007s | Train Loss: 161.943932 |
2020-08-17 02:58:54,328 - root - INFO - | Epoch: 500/500 | Train Time: 0.007s | Train Loss: 161.783577 |
2020-08-17 02:58:54,328 - root - INFO - Training Time: 3.621s
2020-08-17 02:58:54,328 - root - INFO - Finished training.
2020-08-17 02:58:54,328 - root - INFO - Starting testing...
2020-08-17 02:58:54,330 - root - INFO - Test Loss: 166.197739
2020-08-17 02:58:54,330 - root - INFO - Test Time: 0.001s
2020-08-17 02:58:54,330 - root - INFO - Finished testing.
2020-08-17 02:58:54,392 - root - INFO - Starting testing...
2020-08-17 02:58:54,394 - root - INFO - Test Loss: 162.965149
2020-08-17 02:58:54,394 - root - INFO - Test Time: 0.002s
2020-08-17 02:58:54,394 - root - INFO - Finished testing.
