2020-08-17 02:45:35,976 - root - INFO - I am pre-training for you.
2020-08-17 02:45:37,876 - root - INFO - | Epoch: 001/100 | Train Time: 0.012s | Train Loss: 1201.273376 |
2020-08-17 02:45:37,885 - root - INFO - | Epoch: 002/100 | Train Time: 0.009s | Train Loss: 1195.520935 |
2020-08-17 02:45:37,894 - root - INFO - | Epoch: 003/100 | Train Time: 0.009s | Train Loss: 1193.289673 |
2020-08-17 02:45:37,902 - root - INFO - | Epoch: 004/100 | Train Time: 0.008s | Train Loss: 1209.015320 |
2020-08-17 02:45:37,910 - root - INFO - | Epoch: 005/100 | Train Time: 0.008s | Train Loss: 1216.111877 |
2020-08-17 02:45:37,919 - root - INFO - | Epoch: 006/100 | Train Time: 0.009s | Train Loss: 1196.925232 |
2020-08-17 02:45:37,928 - root - INFO - | Epoch: 007/100 | Train Time: 0.009s | Train Loss: 1181.291626 |
2020-08-17 02:45:37,937 - root - INFO - | Epoch: 008/100 | Train Time: 0.009s | Train Loss: 1206.142151 |
2020-08-17 02:45:37,947 - root - INFO - | Epoch: 009/100 | Train Time: 0.009s | Train Loss: 1206.402344 |
2020-08-17 02:45:37,956 - root - INFO - | Epoch: 010/100 | Train Time: 0.009s | Train Loss: 1182.728210 |
2020-08-17 02:45:37,965 - root - INFO - | Epoch: 011/100 | Train Time: 0.009s | Train Loss: 1193.464844 |
2020-08-17 02:45:37,974 - root - INFO - | Epoch: 012/100 | Train Time: 0.009s | Train Loss: 1190.082825 |
2020-08-17 02:45:37,983 - root - INFO - | Epoch: 013/100 | Train Time: 0.009s | Train Loss: 1202.529968 |
2020-08-17 02:45:37,993 - root - INFO - | Epoch: 014/100 | Train Time: 0.009s | Train Loss: 1184.438232 |
2020-08-17 02:45:38,002 - root - INFO - | Epoch: 015/100 | Train Time: 0.009s | Train Loss: 1195.937622 |
2020-08-17 02:45:38,012 - root - INFO - | Epoch: 016/100 | Train Time: 0.010s | Train Loss: 1201.853577 |
2020-08-17 02:45:38,022 - root - INFO - | Epoch: 017/100 | Train Time: 0.010s | Train Loss: 1194.283142 |
2020-08-17 02:45:38,031 - root - INFO - | Epoch: 018/100 | Train Time: 0.009s | Train Loss: 1196.612122 |
2020-08-17 02:45:38,041 - root - INFO - | Epoch: 019/100 | Train Time: 0.010s | Train Loss: 1203.358459 |
2020-08-17 02:45:38,051 - root - INFO - | Epoch: 020/100 | Train Time: 0.010s | Train Loss: 1191.379333 |
2020-08-17 02:45:38,060 - root - INFO - | Epoch: 021/100 | Train Time: 0.010s | Train Loss: 1189.492554 |
2020-08-17 02:45:38,070 - root - INFO - | Epoch: 022/100 | Train Time: 0.010s | Train Loss: 1205.597839 |
2020-08-17 02:45:38,080 - root - INFO - | Epoch: 023/100 | Train Time: 0.009s | Train Loss: 1176.582947 |
2020-08-17 02:45:38,089 - root - INFO - | Epoch: 024/100 | Train Time: 0.010s | Train Loss: 1209.557312 |
2020-08-17 02:45:38,099 - root - INFO - | Epoch: 025/100 | Train Time: 0.010s | Train Loss: 1184.496948 |
2020-08-17 02:45:38,109 - root - INFO - | Epoch: 026/100 | Train Time: 0.010s | Train Loss: 1195.906921 |
2020-08-17 02:45:38,119 - root - INFO - | Epoch: 027/100 | Train Time: 0.010s | Train Loss: 1199.452698 |
2020-08-17 02:45:38,127 - root - INFO - | Epoch: 028/100 | Train Time: 0.009s | Train Loss: 1186.903076 |
2020-08-17 02:45:38,137 - root - INFO - | Epoch: 029/100 | Train Time: 0.009s | Train Loss: 1183.479675 |
2020-08-17 02:45:38,146 - root - INFO - | Epoch: 030/100 | Train Time: 0.009s | Train Loss: 1196.004700 |
2020-08-17 02:45:38,156 - root - INFO - | Epoch: 031/100 | Train Time: 0.009s | Train Loss: 1196.638428 |
2020-08-17 02:45:38,166 - root - INFO - | Epoch: 032/100 | Train Time: 0.010s | Train Loss: 1202.213135 |
2020-08-17 02:45:38,175 - root - INFO - | Epoch: 033/100 | Train Time: 0.009s | Train Loss: 1196.170044 |
2020-08-17 02:45:38,184 - root - INFO - | Epoch: 034/100 | Train Time: 0.009s | Train Loss: 1190.439087 |
2020-08-17 02:45:38,193 - root - INFO - | Epoch: 035/100 | Train Time: 0.009s | Train Loss: 1183.087097 |
2020-08-17 02:45:38,203 - root - INFO - | Epoch: 036/100 | Train Time: 0.010s | Train Loss: 1190.500305 |
2020-08-17 02:45:38,213 - root - INFO - | Epoch: 037/100 | Train Time: 0.009s | Train Loss: 1179.054749 |
2020-08-17 02:45:38,222 - root - INFO - | Epoch: 038/100 | Train Time: 0.009s | Train Loss: 1176.978088 |
2020-08-17 02:45:38,232 - root - INFO - | Epoch: 039/100 | Train Time: 0.010s | Train Loss: 1205.199280 |
2020-08-17 02:45:38,241 - root - INFO - | Epoch: 040/100 | Train Time: 0.009s | Train Loss: 1198.666626 |
2020-08-17 02:45:38,251 - root - INFO - | Epoch: 041/100 | Train Time: 0.010s | Train Loss: 1182.512085 |
2020-08-17 02:45:38,260 - root - INFO - | Epoch: 042/100 | Train Time: 0.009s | Train Loss: 1188.676514 |
2020-08-17 02:45:38,270 - root - INFO - | Epoch: 043/100 | Train Time: 0.010s | Train Loss: 1182.953308 |
2020-08-17 02:45:38,280 - root - INFO - | Epoch: 044/100 | Train Time: 0.010s | Train Loss: 1198.633057 |
2020-08-17 02:45:38,290 - root - INFO - | Epoch: 045/100 | Train Time: 0.010s | Train Loss: 1188.566772 |
2020-08-17 02:45:38,301 - root - INFO - | Epoch: 046/100 | Train Time: 0.010s | Train Loss: 1176.459412 |
2020-08-17 02:45:38,311 - root - INFO - | Epoch: 047/100 | Train Time: 0.010s | Train Loss: 1190.149475 |
2020-08-17 02:45:38,322 - root - INFO - | Epoch: 048/100 | Train Time: 0.011s | Train Loss: 1193.081970 |
2020-08-17 02:45:38,333 - root - INFO - | Epoch: 049/100 | Train Time: 0.011s | Train Loss: 1196.338867 |
2020-08-17 02:45:38,343 - root - INFO - | Epoch: 050/100 | Train Time: 0.009s | Train Loss: 1196.810669 |
2020-08-17 02:45:38,343 - root - INFO -   LR scheduler: new learning rate is 0.0001
2020-08-17 02:45:38,352 - root - INFO - | Epoch: 051/100 | Train Time: 0.009s | Train Loss: 1209.877258 |
2020-08-17 02:45:38,362 - root - INFO - | Epoch: 052/100 | Train Time: 0.010s | Train Loss: 1198.103088 |
2020-08-17 02:45:38,372 - root - INFO - | Epoch: 053/100 | Train Time: 0.010s | Train Loss: 1187.918030 |
2020-08-17 02:45:38,381 - root - INFO - | Epoch: 054/100 | Train Time: 0.009s | Train Loss: 1202.926453 |
2020-08-17 02:45:38,392 - root - INFO - | Epoch: 055/100 | Train Time: 0.010s | Train Loss: 1202.559387 |
2020-08-17 02:45:38,401 - root - INFO - | Epoch: 056/100 | Train Time: 0.010s | Train Loss: 1188.339111 |
2020-08-17 02:45:38,410 - root - INFO - | Epoch: 057/100 | Train Time: 0.009s | Train Loss: 1186.839050 |
2020-08-17 02:45:38,420 - root - INFO - | Epoch: 058/100 | Train Time: 0.009s | Train Loss: 1190.563416 |
2020-08-17 02:45:38,430 - root - INFO - | Epoch: 059/100 | Train Time: 0.010s | Train Loss: 1178.643311 |
2020-08-17 02:45:38,439 - root - INFO - | Epoch: 060/100 | Train Time: 0.009s | Train Loss: 1178.814636 |
2020-08-17 02:45:38,449 - root - INFO - | Epoch: 061/100 | Train Time: 0.010s | Train Loss: 1196.947876 |
2020-08-17 02:45:38,458 - root - INFO - | Epoch: 062/100 | Train Time: 0.010s | Train Loss: 1194.792358 |
2020-08-17 02:45:38,468 - root - INFO - | Epoch: 063/100 | Train Time: 0.010s | Train Loss: 1207.670593 |
2020-08-17 02:45:38,478 - root - INFO - | Epoch: 064/100 | Train Time: 0.010s | Train Loss: 1184.783813 |
2020-08-17 02:45:38,487 - root - INFO - | Epoch: 065/100 | Train Time: 0.009s | Train Loss: 1186.512390 |
2020-08-17 02:45:38,497 - root - INFO - | Epoch: 066/100 | Train Time: 0.009s | Train Loss: 1191.799622 |
2020-08-17 02:45:38,506 - root - INFO - | Epoch: 067/100 | Train Time: 0.009s | Train Loss: 1184.951477 |
2020-08-17 02:45:38,516 - root - INFO - | Epoch: 068/100 | Train Time: 0.010s | Train Loss: 1194.413940 |
2020-08-17 02:45:38,526 - root - INFO - | Epoch: 069/100 | Train Time: 0.010s | Train Loss: 1198.036316 |
2020-08-17 02:45:38,535 - root - INFO - | Epoch: 070/100 | Train Time: 0.009s | Train Loss: 1195.908020 |
2020-08-17 02:45:38,545 - root - INFO - | Epoch: 071/100 | Train Time: 0.010s | Train Loss: 1183.114380 |
2020-08-17 02:45:38,554 - root - INFO - | Epoch: 072/100 | Train Time: 0.009s | Train Loss: 1191.756531 |
2020-08-17 02:45:38,564 - root - INFO - | Epoch: 073/100 | Train Time: 0.010s | Train Loss: 1200.402283 |
2020-08-17 02:45:38,574 - root - INFO - | Epoch: 074/100 | Train Time: 0.010s | Train Loss: 1179.218506 |
2020-08-17 02:45:38,583 - root - INFO - | Epoch: 075/100 | Train Time: 0.009s | Train Loss: 1199.374573 |
2020-08-17 02:45:38,592 - root - INFO - | Epoch: 076/100 | Train Time: 0.009s | Train Loss: 1183.877014 |
2020-08-17 02:45:38,602 - root - INFO - | Epoch: 077/100 | Train Time: 0.009s | Train Loss: 1197.085083 |
2020-08-17 02:45:38,612 - root - INFO - | Epoch: 078/100 | Train Time: 0.010s | Train Loss: 1199.597961 |
2020-08-17 02:45:38,621 - root - INFO - | Epoch: 079/100 | Train Time: 0.009s | Train Loss: 1184.119629 |
2020-08-17 02:45:38,631 - root - INFO - | Epoch: 080/100 | Train Time: 0.010s | Train Loss: 1209.599304 |
2020-08-17 02:45:38,640 - root - INFO - | Epoch: 081/100 | Train Time: 0.009s | Train Loss: 1193.013916 |
2020-08-17 02:45:38,650 - root - INFO - | Epoch: 082/100 | Train Time: 0.009s | Train Loss: 1201.282715 |
2020-08-17 02:45:38,660 - root - INFO - | Epoch: 083/100 | Train Time: 0.010s | Train Loss: 1177.587097 |
2020-08-17 02:45:38,669 - root - INFO - | Epoch: 084/100 | Train Time: 0.009s | Train Loss: 1207.344421 |
2020-08-17 02:45:38,679 - root - INFO - | Epoch: 085/100 | Train Time: 0.009s | Train Loss: 1189.232910 |
2020-08-17 02:45:38,688 - root - INFO - | Epoch: 086/100 | Train Time: 0.009s | Train Loss: 1208.072754 |
2020-08-17 02:45:38,697 - root - INFO - | Epoch: 087/100 | Train Time: 0.009s | Train Loss: 1184.072754 |
2020-08-17 02:45:38,706 - root - INFO - | Epoch: 088/100 | Train Time: 0.009s | Train Loss: 1199.616028 |
2020-08-17 02:45:38,715 - root - INFO - | Epoch: 089/100 | Train Time: 0.009s | Train Loss: 1188.534241 |
2020-08-17 02:45:38,725 - root - INFO - | Epoch: 090/100 | Train Time: 0.009s | Train Loss: 1190.693542 |
2020-08-17 02:45:38,734 - root - INFO - | Epoch: 091/100 | Train Time: 0.010s | Train Loss: 1191.305115 |
2020-08-17 02:45:38,744 - root - INFO - | Epoch: 092/100 | Train Time: 0.010s | Train Loss: 1202.755737 |
2020-08-17 02:45:38,754 - root - INFO - | Epoch: 093/100 | Train Time: 0.009s | Train Loss: 1179.775330 |
2020-08-17 02:45:38,763 - root - INFO - | Epoch: 094/100 | Train Time: 0.009s | Train Loss: 1205.894958 |
2020-08-17 02:45:38,773 - root - INFO - | Epoch: 095/100 | Train Time: 0.009s | Train Loss: 1202.394531 |
2020-08-17 02:45:38,782 - root - INFO - | Epoch: 096/100 | Train Time: 0.009s | Train Loss: 1191.075439 |
2020-08-17 02:45:38,791 - root - INFO - | Epoch: 097/100 | Train Time: 0.009s | Train Loss: 1194.873718 |
2020-08-17 02:45:38,803 - root - INFO - | Epoch: 098/100 | Train Time: 0.011s | Train Loss: 1192.900757 |
2020-08-17 02:45:38,814 - root - INFO - | Epoch: 099/100 | Train Time: 0.010s | Train Loss: 1185.148804 |
2020-08-17 02:45:38,824 - root - INFO - | Epoch: 100/100 | Train Time: 0.010s | Train Loss: 1201.083008 |
2020-08-17 02:45:38,824 - root - INFO - Pretraining Time: 0.962s
2020-08-17 02:45:38,824 - root - INFO - Finished pretraining.
2020-08-17 02:45:38,825 - root - INFO - Testing autoencoder...
2020-08-17 02:45:38,828 - root - INFO - Test Loss: 1189.703003
2020-08-17 02:45:38,828 - root - INFO - Test Time: 0.003s
2020-08-17 02:45:38,828 - root - INFO - Finished testing autoencoder.
2020-08-17 02:45:38,831 - root - INFO - Hey I am loading net for you!
2020-08-17 02:45:38,831 - root - INFO - Setting hyper-parameters!
2020-08-17 02:45:38,832 - root - INFO - Initializing center c...
2020-08-17 02:45:38,835 - root - INFO - Center c initialized.
2020-08-17 02:45:38,836 - root - INFO - Starting training...
2020-08-17 02:45:38,843 - root - INFO - | Epoch: 001/500 | Train Time: 0.008s | Train Loss: 196.521469 |
2020-08-17 02:45:38,850 - root - INFO - | Epoch: 002/500 | Train Time: 0.007s | Train Loss: 200.812210 |
2020-08-17 02:45:38,858 - root - INFO - | Epoch: 003/500 | Train Time: 0.007s | Train Loss: 196.801598 |
2020-08-17 02:45:38,866 - root - INFO - | Epoch: 004/500 | Train Time: 0.008s | Train Loss: 195.843590 |
2020-08-17 02:45:38,874 - root - INFO - | Epoch: 005/500 | Train Time: 0.008s | Train Loss: 197.023933 |
2020-08-17 02:45:38,881 - root - INFO - | Epoch: 006/500 | Train Time: 0.008s | Train Loss: 197.512840 |
2020-08-17 02:45:38,889 - root - INFO - | Epoch: 007/500 | Train Time: 0.008s | Train Loss: 199.229279 |
2020-08-17 02:45:38,898 - root - INFO - | Epoch: 008/500 | Train Time: 0.008s | Train Loss: 196.697929 |
2020-08-17 02:45:38,905 - root - INFO - | Epoch: 009/500 | Train Time: 0.008s | Train Loss: 190.329239 |
2020-08-17 02:45:38,914 - root - INFO - | Epoch: 010/500 | Train Time: 0.008s | Train Loss: 192.281204 |
2020-08-17 02:45:38,922 - root - INFO - | Epoch: 011/500 | Train Time: 0.008s | Train Loss: 194.507828 |
2020-08-17 02:45:38,930 - root - INFO - | Epoch: 012/500 | Train Time: 0.008s | Train Loss: 187.930649 |
2020-08-17 02:45:38,938 - root - INFO - | Epoch: 013/500 | Train Time: 0.008s | Train Loss: 196.559235 |
2020-08-17 02:45:38,947 - root - INFO - | Epoch: 014/500 | Train Time: 0.008s | Train Loss: 185.952644 |
2020-08-17 02:45:38,955 - root - INFO - | Epoch: 015/500 | Train Time: 0.008s | Train Loss: 186.778732 |
2020-08-17 02:45:38,963 - root - INFO - | Epoch: 016/500 | Train Time: 0.008s | Train Loss: 187.481636 |
2020-08-17 02:45:38,971 - root - INFO - | Epoch: 017/500 | Train Time: 0.008s | Train Loss: 186.831444 |
2020-08-17 02:45:38,980 - root - INFO - | Epoch: 018/500 | Train Time: 0.008s | Train Loss: 189.254234 |
2020-08-17 02:45:38,988 - root - INFO - | Epoch: 019/500 | Train Time: 0.008s | Train Loss: 184.429642 |
2020-08-17 02:45:38,996 - root - INFO - | Epoch: 020/500 | Train Time: 0.008s | Train Loss: 184.080643 |
2020-08-17 02:45:39,004 - root - INFO - | Epoch: 021/500 | Train Time: 0.008s | Train Loss: 188.496773 |
2020-08-17 02:45:39,012 - root - INFO - | Epoch: 022/500 | Train Time: 0.008s | Train Loss: 181.160461 |
2020-08-17 02:45:39,020 - root - INFO - | Epoch: 023/500 | Train Time: 0.008s | Train Loss: 177.840591 |
2020-08-17 02:45:39,029 - root - INFO - | Epoch: 024/500 | Train Time: 0.008s | Train Loss: 179.376144 |
2020-08-17 02:45:39,037 - root - INFO - | Epoch: 025/500 | Train Time: 0.008s | Train Loss: 178.080193 |
2020-08-17 02:45:39,045 - root - INFO - | Epoch: 026/500 | Train Time: 0.008s | Train Loss: 182.208931 |
2020-08-17 02:45:39,053 - root - INFO - | Epoch: 027/500 | Train Time: 0.008s | Train Loss: 178.493217 |
2020-08-17 02:45:39,061 - root - INFO - | Epoch: 028/500 | Train Time: 0.008s | Train Loss: 176.632957 |
2020-08-17 02:45:39,069 - root - INFO - | Epoch: 029/500 | Train Time: 0.008s | Train Loss: 178.138741 |
2020-08-17 02:45:39,077 - root - INFO - | Epoch: 030/500 | Train Time: 0.008s | Train Loss: 173.218651 |
2020-08-17 02:45:39,085 - root - INFO - | Epoch: 031/500 | Train Time: 0.008s | Train Loss: 178.027870 |
2020-08-17 02:45:39,093 - root - INFO - | Epoch: 032/500 | Train Time: 0.008s | Train Loss: 172.332115 |
2020-08-17 02:45:39,101 - root - INFO - | Epoch: 033/500 | Train Time: 0.008s | Train Loss: 169.808296 |
2020-08-17 02:45:39,109 - root - INFO - | Epoch: 034/500 | Train Time: 0.008s | Train Loss: 174.912033 |
2020-08-17 02:45:39,117 - root - INFO - | Epoch: 035/500 | Train Time: 0.008s | Train Loss: 175.996048 |
2020-08-17 02:45:39,125 - root - INFO - | Epoch: 036/500 | Train Time: 0.008s | Train Loss: 170.774567 |
2020-08-17 02:45:39,132 - root - INFO - | Epoch: 037/500 | Train Time: 0.008s | Train Loss: 172.488777 |
2020-08-17 02:45:39,140 - root - INFO - | Epoch: 038/500 | Train Time: 0.008s | Train Loss: 168.669510 |
2020-08-17 02:45:39,148 - root - INFO - | Epoch: 039/500 | Train Time: 0.008s | Train Loss: 170.294189 |
2020-08-17 02:45:39,156 - root - INFO - | Epoch: 040/500 | Train Time: 0.008s | Train Loss: 164.556778 |
2020-08-17 02:45:39,165 - root - INFO - | Epoch: 041/500 | Train Time: 0.008s | Train Loss: 171.059845 |
2020-08-17 02:45:39,173 - root - INFO - | Epoch: 042/500 | Train Time: 0.008s | Train Loss: 165.452637 |
2020-08-17 02:45:39,181 - root - INFO - | Epoch: 043/500 | Train Time: 0.008s | Train Loss: 167.313454 |
2020-08-17 02:45:39,189 - root - INFO - | Epoch: 044/500 | Train Time: 0.008s | Train Loss: 166.044296 |
2020-08-17 02:45:39,197 - root - INFO - | Epoch: 045/500 | Train Time: 0.008s | Train Loss: 167.124771 |
2020-08-17 02:45:39,205 - root - INFO - | Epoch: 046/500 | Train Time: 0.008s | Train Loss: 163.859322 |
2020-08-17 02:45:39,213 - root - INFO - | Epoch: 047/500 | Train Time: 0.008s | Train Loss: 162.284157 |
2020-08-17 02:45:39,221 - root - INFO - | Epoch: 048/500 | Train Time: 0.008s | Train Loss: 169.665794 |
2020-08-17 02:45:39,229 - root - INFO - | Epoch: 049/500 | Train Time: 0.008s | Train Loss: 161.709106 |
2020-08-17 02:45:39,237 - root - INFO - | Epoch: 050/500 | Train Time: 0.008s | Train Loss: 165.094353 |
2020-08-17 02:45:39,237 - root - INFO -   LR scheduler: new learning rate is 1e-06
2020-08-17 02:45:39,245 - root - INFO - | Epoch: 051/500 | Train Time: 0.008s | Train Loss: 162.047874 |
2020-08-17 02:45:39,253 - root - INFO - | Epoch: 052/500 | Train Time: 0.008s | Train Loss: 158.590042 |
2020-08-17 02:45:39,261 - root - INFO - | Epoch: 053/500 | Train Time: 0.008s | Train Loss: 160.236351 |
2020-08-17 02:45:39,269 - root - INFO - | Epoch: 054/500 | Train Time: 0.008s | Train Loss: 162.080238 |
2020-08-17 02:45:39,277 - root - INFO - | Epoch: 055/500 | Train Time: 0.008s | Train Loss: 161.260048 |
2020-08-17 02:45:39,285 - root - INFO - | Epoch: 056/500 | Train Time: 0.008s | Train Loss: 160.624603 |
2020-08-17 02:45:39,293 - root - INFO - | Epoch: 057/500 | Train Time: 0.009s | Train Loss: 160.940620 |
2020-08-17 02:45:39,303 - root - INFO - | Epoch: 058/500 | Train Time: 0.010s | Train Loss: 159.706902 |
2020-08-17 02:45:39,312 - root - INFO - | Epoch: 059/500 | Train Time: 0.009s | Train Loss: 165.433060 |
2020-08-17 02:45:39,322 - root - INFO - | Epoch: 060/500 | Train Time: 0.010s | Train Loss: 159.040863 |
2020-08-17 02:45:39,332 - root - INFO - | Epoch: 061/500 | Train Time: 0.010s | Train Loss: 163.439125 |
2020-08-17 02:45:39,340 - root - INFO - | Epoch: 062/500 | Train Time: 0.008s | Train Loss: 160.450348 |
2020-08-17 02:45:39,348 - root - INFO - | Epoch: 063/500 | Train Time: 0.008s | Train Loss: 160.523048 |
2020-08-17 02:45:39,356 - root - INFO - | Epoch: 064/500 | Train Time: 0.008s | Train Loss: 160.231956 |
2020-08-17 02:45:39,364 - root - INFO - | Epoch: 065/500 | Train Time: 0.008s | Train Loss: 159.161552 |
2020-08-17 02:45:39,372 - root - INFO - | Epoch: 066/500 | Train Time: 0.008s | Train Loss: 161.128098 |
2020-08-17 02:45:39,380 - root - INFO - | Epoch: 067/500 | Train Time: 0.008s | Train Loss: 154.287033 |
2020-08-17 02:45:39,388 - root - INFO - | Epoch: 068/500 | Train Time: 0.008s | Train Loss: 162.886490 |
2020-08-17 02:45:39,396 - root - INFO - | Epoch: 069/500 | Train Time: 0.008s | Train Loss: 156.186279 |
2020-08-17 02:45:39,404 - root - INFO - | Epoch: 070/500 | Train Time: 0.008s | Train Loss: 158.314148 |
2020-08-17 02:45:39,412 - root - INFO - | Epoch: 071/500 | Train Time: 0.008s | Train Loss: 156.884628 |
2020-08-17 02:45:39,420 - root - INFO - | Epoch: 072/500 | Train Time: 0.008s | Train Loss: 159.846642 |
2020-08-17 02:45:39,428 - root - INFO - | Epoch: 073/500 | Train Time: 0.008s | Train Loss: 156.276138 |
2020-08-17 02:45:39,436 - root - INFO - | Epoch: 074/500 | Train Time: 0.008s | Train Loss: 160.699860 |
2020-08-17 02:45:39,444 - root - INFO - | Epoch: 075/500 | Train Time: 0.008s | Train Loss: 158.690857 |
2020-08-17 02:45:39,452 - root - INFO - | Epoch: 076/500 | Train Time: 0.008s | Train Loss: 159.285919 |
2020-08-17 02:45:39,460 - root - INFO - | Epoch: 077/500 | Train Time: 0.008s | Train Loss: 163.123528 |
2020-08-17 02:45:39,468 - root - INFO - | Epoch: 078/500 | Train Time: 0.008s | Train Loss: 162.416473 |
2020-08-17 02:45:39,476 - root - INFO - | Epoch: 079/500 | Train Time: 0.008s | Train Loss: 160.269699 |
2020-08-17 02:45:39,485 - root - INFO - | Epoch: 080/500 | Train Time: 0.008s | Train Loss: 160.062096 |
2020-08-17 02:45:39,493 - root - INFO - | Epoch: 081/500 | Train Time: 0.008s | Train Loss: 160.655441 |
2020-08-17 02:45:39,501 - root - INFO - | Epoch: 082/500 | Train Time: 0.008s | Train Loss: 157.994911 |
2020-08-17 02:45:39,509 - root - INFO - | Epoch: 083/500 | Train Time: 0.008s | Train Loss: 159.610901 |
2020-08-17 02:45:39,517 - root - INFO - | Epoch: 084/500 | Train Time: 0.008s | Train Loss: 164.856857 |
2020-08-17 02:45:39,526 - root - INFO - | Epoch: 085/500 | Train Time: 0.008s | Train Loss: 160.697998 |
2020-08-17 02:45:39,534 - root - INFO - | Epoch: 086/500 | Train Time: 0.008s | Train Loss: 158.542801 |
2020-08-17 02:45:39,542 - root - INFO - | Epoch: 087/500 | Train Time: 0.008s | Train Loss: 159.183090 |
2020-08-17 02:45:39,549 - root - INFO - | Epoch: 088/500 | Train Time: 0.008s | Train Loss: 154.758591 |
2020-08-17 02:45:39,558 - root - INFO - | Epoch: 089/500 | Train Time: 0.008s | Train Loss: 156.598114 |
2020-08-17 02:45:39,566 - root - INFO - | Epoch: 090/500 | Train Time: 0.008s | Train Loss: 156.964035 |
2020-08-17 02:45:39,574 - root - INFO - | Epoch: 091/500 | Train Time: 0.008s | Train Loss: 160.495110 |
2020-08-17 02:45:39,582 - root - INFO - | Epoch: 092/500 | Train Time: 0.008s | Train Loss: 161.101242 |
2020-08-17 02:45:39,591 - root - INFO - | Epoch: 093/500 | Train Time: 0.008s | Train Loss: 156.888390 |
2020-08-17 02:45:39,599 - root - INFO - | Epoch: 094/500 | Train Time: 0.008s | Train Loss: 156.231621 |
2020-08-17 02:45:39,607 - root - INFO - | Epoch: 095/500 | Train Time: 0.008s | Train Loss: 158.325104 |
2020-08-17 02:45:39,615 - root - INFO - | Epoch: 096/500 | Train Time: 0.008s | Train Loss: 162.710327 |
2020-08-17 02:45:39,623 - root - INFO - | Epoch: 097/500 | Train Time: 0.008s | Train Loss: 161.743690 |
2020-08-17 02:45:39,632 - root - INFO - | Epoch: 098/500 | Train Time: 0.008s | Train Loss: 151.681168 |
2020-08-17 02:45:39,640 - root - INFO - | Epoch: 099/500 | Train Time: 0.008s | Train Loss: 164.944138 |
2020-08-17 02:45:39,648 - root - INFO - | Epoch: 100/500 | Train Time: 0.008s | Train Loss: 156.313889 |
2020-08-17 02:45:39,656 - root - INFO - | Epoch: 101/500 | Train Time: 0.008s | Train Loss: 154.924957 |
2020-08-17 02:45:39,664 - root - INFO - | Epoch: 102/500 | Train Time: 0.008s | Train Loss: 158.151039 |
2020-08-17 02:45:39,673 - root - INFO - | Epoch: 103/500 | Train Time: 0.009s | Train Loss: 155.711807 |
2020-08-17 02:45:39,682 - root - INFO - | Epoch: 104/500 | Train Time: 0.008s | Train Loss: 160.032654 |
2020-08-17 02:45:39,690 - root - INFO - | Epoch: 105/500 | Train Time: 0.008s | Train Loss: 156.991432 |
2020-08-17 02:45:39,697 - root - INFO - | Epoch: 106/500 | Train Time: 0.008s | Train Loss: 159.684021 |
2020-08-17 02:45:39,705 - root - INFO - | Epoch: 107/500 | Train Time: 0.008s | Train Loss: 154.142807 |
2020-08-17 02:45:39,713 - root - INFO - | Epoch: 108/500 | Train Time: 0.008s | Train Loss: 160.523392 |
2020-08-17 02:45:39,721 - root - INFO - | Epoch: 109/500 | Train Time: 0.008s | Train Loss: 159.166824 |
2020-08-17 02:45:39,730 - root - INFO - | Epoch: 110/500 | Train Time: 0.008s | Train Loss: 161.004417 |
2020-08-17 02:45:39,738 - root - INFO - | Epoch: 111/500 | Train Time: 0.008s | Train Loss: 158.427582 |
2020-08-17 02:45:39,746 - root - INFO - | Epoch: 112/500 | Train Time: 0.008s | Train Loss: 157.272285 |
2020-08-17 02:45:39,754 - root - INFO - | Epoch: 113/500 | Train Time: 0.008s | Train Loss: 158.987740 |
2020-08-17 02:45:39,762 - root - INFO - | Epoch: 114/500 | Train Time: 0.008s | Train Loss: 160.198906 |
2020-08-17 02:45:39,771 - root - INFO - | Epoch: 115/500 | Train Time: 0.008s | Train Loss: 160.051552 |
2020-08-17 02:45:39,779 - root - INFO - | Epoch: 116/500 | Train Time: 0.008s | Train Loss: 158.750351 |
2020-08-17 02:45:39,787 - root - INFO - | Epoch: 117/500 | Train Time: 0.008s | Train Loss: 155.078064 |
2020-08-17 02:45:39,795 - root - INFO - | Epoch: 118/500 | Train Time: 0.008s | Train Loss: 156.029938 |
2020-08-17 02:45:39,805 - root - INFO - | Epoch: 119/500 | Train Time: 0.010s | Train Loss: 160.293495 |
2020-08-17 02:45:39,814 - root - INFO - | Epoch: 120/500 | Train Time: 0.009s | Train Loss: 152.600029 |
2020-08-17 02:45:39,823 - root - INFO - | Epoch: 121/500 | Train Time: 0.009s | Train Loss: 157.165878 |
2020-08-17 02:45:39,833 - root - INFO - | Epoch: 122/500 | Train Time: 0.009s | Train Loss: 159.900650 |
2020-08-17 02:45:39,840 - root - INFO - | Epoch: 123/500 | Train Time: 0.007s | Train Loss: 156.096260 |
2020-08-17 02:45:39,848 - root - INFO - | Epoch: 124/500 | Train Time: 0.008s | Train Loss: 152.967766 |
2020-08-17 02:45:39,856 - root - INFO - | Epoch: 125/500 | Train Time: 0.008s | Train Loss: 155.943436 |
2020-08-17 02:45:39,864 - root - INFO - | Epoch: 126/500 | Train Time: 0.008s | Train Loss: 160.823288 |
2020-08-17 02:45:39,872 - root - INFO - | Epoch: 127/500 | Train Time: 0.008s | Train Loss: 158.982056 |
2020-08-17 02:45:39,880 - root - INFO - | Epoch: 128/500 | Train Time: 0.008s | Train Loss: 155.345345 |
2020-08-17 02:45:39,888 - root - INFO - | Epoch: 129/500 | Train Time: 0.008s | Train Loss: 158.556389 |
2020-08-17 02:45:39,896 - root - INFO - | Epoch: 130/500 | Train Time: 0.008s | Train Loss: 159.529419 |
2020-08-17 02:45:39,904 - root - INFO - | Epoch: 131/500 | Train Time: 0.008s | Train Loss: 156.425079 |
2020-08-17 02:45:39,913 - root - INFO - | Epoch: 132/500 | Train Time: 0.008s | Train Loss: 156.249802 |
2020-08-17 02:45:39,921 - root - INFO - | Epoch: 133/500 | Train Time: 0.008s | Train Loss: 155.397667 |
2020-08-17 02:45:39,929 - root - INFO - | Epoch: 134/500 | Train Time: 0.008s | Train Loss: 153.168755 |
2020-08-17 02:45:39,937 - root - INFO - | Epoch: 135/500 | Train Time: 0.008s | Train Loss: 155.509308 |
2020-08-17 02:45:39,945 - root - INFO - | Epoch: 136/500 | Train Time: 0.008s | Train Loss: 159.009613 |
2020-08-17 02:45:39,953 - root - INFO - | Epoch: 137/500 | Train Time: 0.008s | Train Loss: 153.471649 |
2020-08-17 02:45:39,961 - root - INFO - | Epoch: 138/500 | Train Time: 0.008s | Train Loss: 153.653625 |
2020-08-17 02:45:39,969 - root - INFO - | Epoch: 139/500 | Train Time: 0.008s | Train Loss: 155.275009 |
2020-08-17 02:45:39,977 - root - INFO - | Epoch: 140/500 | Train Time: 0.008s | Train Loss: 155.368073 |
2020-08-17 02:45:39,985 - root - INFO - | Epoch: 141/500 | Train Time: 0.008s | Train Loss: 159.272964 |
2020-08-17 02:45:39,993 - root - INFO - | Epoch: 142/500 | Train Time: 0.008s | Train Loss: 158.670395 |
2020-08-17 02:45:40,001 - root - INFO - | Epoch: 143/500 | Train Time: 0.008s | Train Loss: 152.164352 |
2020-08-17 02:45:40,009 - root - INFO - | Epoch: 144/500 | Train Time: 0.008s | Train Loss: 153.279503 |
2020-08-17 02:45:40,017 - root - INFO - | Epoch: 145/500 | Train Time: 0.008s | Train Loss: 157.072380 |
2020-08-17 02:45:40,025 - root - INFO - | Epoch: 146/500 | Train Time: 0.008s | Train Loss: 159.913788 |
2020-08-17 02:45:40,033 - root - INFO - | Epoch: 147/500 | Train Time: 0.008s | Train Loss: 152.781105 |
2020-08-17 02:45:40,041 - root - INFO - | Epoch: 148/500 | Train Time: 0.008s | Train Loss: 152.851166 |
2020-08-17 02:45:40,049 - root - INFO - | Epoch: 149/500 | Train Time: 0.008s | Train Loss: 151.829369 |
2020-08-17 02:45:40,057 - root - INFO - | Epoch: 150/500 | Train Time: 0.008s | Train Loss: 149.625938 |
2020-08-17 02:45:40,065 - root - INFO - | Epoch: 151/500 | Train Time: 0.008s | Train Loss: 152.979507 |
2020-08-17 02:45:40,073 - root - INFO - | Epoch: 152/500 | Train Time: 0.008s | Train Loss: 154.165291 |
2020-08-17 02:45:40,082 - root - INFO - | Epoch: 153/500 | Train Time: 0.008s | Train Loss: 153.408234 |
2020-08-17 02:45:40,090 - root - INFO - | Epoch: 154/500 | Train Time: 0.008s | Train Loss: 158.025986 |
2020-08-17 02:45:40,098 - root - INFO - | Epoch: 155/500 | Train Time: 0.008s | Train Loss: 159.457954 |
2020-08-17 02:45:40,106 - root - INFO - | Epoch: 156/500 | Train Time: 0.008s | Train Loss: 150.798538 |
2020-08-17 02:45:40,114 - root - INFO - | Epoch: 157/500 | Train Time: 0.008s | Train Loss: 154.481613 |
2020-08-17 02:45:40,122 - root - INFO - | Epoch: 158/500 | Train Time: 0.008s | Train Loss: 154.787865 |
2020-08-17 02:45:40,130 - root - INFO - | Epoch: 159/500 | Train Time: 0.008s | Train Loss: 161.111481 |
2020-08-17 02:45:40,138 - root - INFO - | Epoch: 160/500 | Train Time: 0.008s | Train Loss: 154.625290 |
2020-08-17 02:45:40,146 - root - INFO - | Epoch: 161/500 | Train Time: 0.008s | Train Loss: 150.646912 |
2020-08-17 02:45:40,154 - root - INFO - | Epoch: 162/500 | Train Time: 0.008s | Train Loss: 161.324951 |
2020-08-17 02:45:40,163 - root - INFO - | Epoch: 163/500 | Train Time: 0.008s | Train Loss: 159.170357 |
2020-08-17 02:45:40,171 - root - INFO - | Epoch: 164/500 | Train Time: 0.008s | Train Loss: 152.878952 |
2020-08-17 02:45:40,179 - root - INFO - | Epoch: 165/500 | Train Time: 0.008s | Train Loss: 156.320053 |
2020-08-17 02:45:40,187 - root - INFO - | Epoch: 166/500 | Train Time: 0.008s | Train Loss: 154.793640 |
2020-08-17 02:45:40,195 - root - INFO - | Epoch: 167/500 | Train Time: 0.008s | Train Loss: 149.540352 |
2020-08-17 02:45:40,203 - root - INFO - | Epoch: 168/500 | Train Time: 0.008s | Train Loss: 154.361832 |
2020-08-17 02:45:40,212 - root - INFO - | Epoch: 169/500 | Train Time: 0.008s | Train Loss: 150.710297 |
2020-08-17 02:45:40,219 - root - INFO - | Epoch: 170/500 | Train Time: 0.008s | Train Loss: 153.595261 |
2020-08-17 02:45:40,227 - root - INFO - | Epoch: 171/500 | Train Time: 0.008s | Train Loss: 153.353439 |
2020-08-17 02:45:40,235 - root - INFO - | Epoch: 172/500 | Train Time: 0.008s | Train Loss: 154.909187 |
2020-08-17 02:45:40,243 - root - INFO - | Epoch: 173/500 | Train Time: 0.008s | Train Loss: 155.319725 |
2020-08-17 02:45:40,251 - root - INFO - | Epoch: 174/500 | Train Time: 0.008s | Train Loss: 153.253601 |
2020-08-17 02:45:40,259 - root - INFO - | Epoch: 175/500 | Train Time: 0.008s | Train Loss: 150.828308 |
2020-08-17 02:45:40,268 - root - INFO - | Epoch: 176/500 | Train Time: 0.008s | Train Loss: 153.321869 |
2020-08-17 02:45:40,276 - root - INFO - | Epoch: 177/500 | Train Time: 0.008s | Train Loss: 151.275536 |
2020-08-17 02:45:40,284 - root - INFO - | Epoch: 178/500 | Train Time: 0.008s | Train Loss: 150.257866 |
2020-08-17 02:45:40,293 - root - INFO - | Epoch: 179/500 | Train Time: 0.008s | Train Loss: 154.177826 |
2020-08-17 02:45:40,302 - root - INFO - | Epoch: 180/500 | Train Time: 0.009s | Train Loss: 151.249908 |
2020-08-17 02:45:40,310 - root - INFO - | Epoch: 181/500 | Train Time: 0.008s | Train Loss: 153.101387 |
2020-08-17 02:45:40,319 - root - INFO - | Epoch: 182/500 | Train Time: 0.009s | Train Loss: 153.004929 |
2020-08-17 02:45:40,329 - root - INFO - | Epoch: 183/500 | Train Time: 0.010s | Train Loss: 154.899811 |
2020-08-17 02:45:40,338 - root - INFO - | Epoch: 184/500 | Train Time: 0.009s | Train Loss: 156.451271 |
2020-08-17 02:45:40,346 - root - INFO - | Epoch: 185/500 | Train Time: 0.007s | Train Loss: 155.771866 |
2020-08-17 02:45:40,354 - root - INFO - | Epoch: 186/500 | Train Time: 0.008s | Train Loss: 152.501640 |
2020-08-17 02:45:40,362 - root - INFO - | Epoch: 187/500 | Train Time: 0.008s | Train Loss: 148.861443 |
2020-08-17 02:45:40,369 - root - INFO - | Epoch: 188/500 | Train Time: 0.008s | Train Loss: 154.320839 |
2020-08-17 02:45:40,377 - root - INFO - | Epoch: 189/500 | Train Time: 0.008s | Train Loss: 154.231293 |
2020-08-17 02:45:40,385 - root - INFO - | Epoch: 190/500 | Train Time: 0.008s | Train Loss: 154.948357 |
2020-08-17 02:45:40,393 - root - INFO - | Epoch: 191/500 | Train Time: 0.008s | Train Loss: 156.159843 |
2020-08-17 02:45:40,401 - root - INFO - | Epoch: 192/500 | Train Time: 0.008s | Train Loss: 152.633522 |
2020-08-17 02:45:40,410 - root - INFO - | Epoch: 193/500 | Train Time: 0.008s | Train Loss: 149.167847 |
2020-08-17 02:45:40,418 - root - INFO - | Epoch: 194/500 | Train Time: 0.008s | Train Loss: 155.653046 |
2020-08-17 02:45:40,426 - root - INFO - | Epoch: 195/500 | Train Time: 0.008s | Train Loss: 156.515945 |
2020-08-17 02:45:40,434 - root - INFO - | Epoch: 196/500 | Train Time: 0.008s | Train Loss: 156.401711 |
2020-08-17 02:45:40,442 - root - INFO - | Epoch: 197/500 | Train Time: 0.008s | Train Loss: 149.852333 |
2020-08-17 02:45:40,450 - root - INFO - | Epoch: 198/500 | Train Time: 0.008s | Train Loss: 151.623497 |
2020-08-17 02:45:40,458 - root - INFO - | Epoch: 199/500 | Train Time: 0.008s | Train Loss: 150.695450 |
2020-08-17 02:45:40,466 - root - INFO - | Epoch: 200/500 | Train Time: 0.008s | Train Loss: 154.826065 |
2020-08-17 02:45:40,474 - root - INFO - | Epoch: 201/500 | Train Time: 0.008s | Train Loss: 150.713127 |
2020-08-17 02:45:40,482 - root - INFO - | Epoch: 202/500 | Train Time: 0.008s | Train Loss: 151.732803 |
2020-08-17 02:45:40,491 - root - INFO - | Epoch: 203/500 | Train Time: 0.008s | Train Loss: 146.775772 |
2020-08-17 02:45:40,499 - root - INFO - | Epoch: 204/500 | Train Time: 0.008s | Train Loss: 153.808662 |
2020-08-17 02:45:40,507 - root - INFO - | Epoch: 205/500 | Train Time: 0.008s | Train Loss: 154.431885 |
2020-08-17 02:45:40,515 - root - INFO - | Epoch: 206/500 | Train Time: 0.008s | Train Loss: 151.217621 |
2020-08-17 02:45:40,523 - root - INFO - | Epoch: 207/500 | Train Time: 0.008s | Train Loss: 153.113693 |
2020-08-17 02:45:40,531 - root - INFO - | Epoch: 208/500 | Train Time: 0.008s | Train Loss: 150.532776 |
2020-08-17 02:45:40,539 - root - INFO - | Epoch: 209/500 | Train Time: 0.008s | Train Loss: 154.285339 |
2020-08-17 02:45:40,547 - root - INFO - | Epoch: 210/500 | Train Time: 0.008s | Train Loss: 154.586472 |
2020-08-17 02:45:40,556 - root - INFO - | Epoch: 211/500 | Train Time: 0.008s | Train Loss: 155.430908 |
2020-08-17 02:45:40,564 - root - INFO - | Epoch: 212/500 | Train Time: 0.008s | Train Loss: 145.520302 |
2020-08-17 02:45:40,572 - root - INFO - | Epoch: 213/500 | Train Time: 0.008s | Train Loss: 151.096306 |
2020-08-17 02:45:40,580 - root - INFO - | Epoch: 214/500 | Train Time: 0.008s | Train Loss: 149.889862 |
2020-08-17 02:45:40,588 - root - INFO - | Epoch: 215/500 | Train Time: 0.008s | Train Loss: 151.590706 |
2020-08-17 02:45:40,597 - root - INFO - | Epoch: 216/500 | Train Time: 0.008s | Train Loss: 151.862518 |
2020-08-17 02:45:40,605 - root - INFO - | Epoch: 217/500 | Train Time: 0.008s | Train Loss: 152.818947 |
2020-08-17 02:45:40,613 - root - INFO - | Epoch: 218/500 | Train Time: 0.008s | Train Loss: 150.217270 |
2020-08-17 02:45:40,621 - root - INFO - | Epoch: 219/500 | Train Time: 0.008s | Train Loss: 150.999794 |
2020-08-17 02:45:40,629 - root - INFO - | Epoch: 220/500 | Train Time: 0.008s | Train Loss: 150.568176 |
2020-08-17 02:45:40,637 - root - INFO - | Epoch: 221/500 | Train Time: 0.008s | Train Loss: 151.552658 |
2020-08-17 02:45:40,645 - root - INFO - | Epoch: 222/500 | Train Time: 0.008s | Train Loss: 151.939888 |
2020-08-17 02:45:40,653 - root - INFO - | Epoch: 223/500 | Train Time: 0.008s | Train Loss: 151.075378 |
2020-08-17 02:45:40,661 - root - INFO - | Epoch: 224/500 | Train Time: 0.008s | Train Loss: 149.786041 |
2020-08-17 02:45:40,669 - root - INFO - | Epoch: 225/500 | Train Time: 0.008s | Train Loss: 151.078217 |
2020-08-17 02:45:40,677 - root - INFO - | Epoch: 226/500 | Train Time: 0.008s | Train Loss: 147.667778 |
2020-08-17 02:45:40,686 - root - INFO - | Epoch: 227/500 | Train Time: 0.008s | Train Loss: 149.048553 |
2020-08-17 02:45:40,694 - root - INFO - | Epoch: 228/500 | Train Time: 0.008s | Train Loss: 156.384064 |
2020-08-17 02:45:40,702 - root - INFO - | Epoch: 229/500 | Train Time: 0.008s | Train Loss: 151.353683 |
2020-08-17 02:45:40,710 - root - INFO - | Epoch: 230/500 | Train Time: 0.008s | Train Loss: 155.420937 |
2020-08-17 02:45:40,718 - root - INFO - | Epoch: 231/500 | Train Time: 0.008s | Train Loss: 153.647202 |
2020-08-17 02:45:40,727 - root - INFO - | Epoch: 232/500 | Train Time: 0.008s | Train Loss: 151.952400 |
2020-08-17 02:45:40,735 - root - INFO - | Epoch: 233/500 | Train Time: 0.008s | Train Loss: 145.953804 |
2020-08-17 02:45:40,742 - root - INFO - | Epoch: 234/500 | Train Time: 0.008s | Train Loss: 145.644363 |
2020-08-17 02:45:40,751 - root - INFO - | Epoch: 235/500 | Train Time: 0.008s | Train Loss: 151.695946 |
2020-08-17 02:45:40,759 - root - INFO - | Epoch: 236/500 | Train Time: 0.008s | Train Loss: 151.116982 |
2020-08-17 02:45:40,767 - root - INFO - | Epoch: 237/500 | Train Time: 0.008s | Train Loss: 153.723381 |
2020-08-17 02:45:40,775 - root - INFO - | Epoch: 238/500 | Train Time: 0.008s | Train Loss: 149.880318 |
2020-08-17 02:45:40,783 - root - INFO - | Epoch: 239/500 | Train Time: 0.008s | Train Loss: 147.900970 |
2020-08-17 02:45:40,791 - root - INFO - | Epoch: 240/500 | Train Time: 0.008s | Train Loss: 150.973885 |
2020-08-17 02:45:40,800 - root - INFO - | Epoch: 241/500 | Train Time: 0.009s | Train Loss: 151.900726 |
2020-08-17 02:45:40,810 - root - INFO - | Epoch: 242/500 | Train Time: 0.009s | Train Loss: 155.334053 |
2020-08-17 02:45:40,819 - root - INFO - | Epoch: 243/500 | Train Time: 0.009s | Train Loss: 147.556099 |
2020-08-17 02:45:40,829 - root - INFO - | Epoch: 244/500 | Train Time: 0.010s | Train Loss: 155.863823 |
2020-08-17 02:45:40,838 - root - INFO - | Epoch: 245/500 | Train Time: 0.009s | Train Loss: 150.522057 |
2020-08-17 02:45:40,846 - root - INFO - | Epoch: 246/500 | Train Time: 0.007s | Train Loss: 145.819702 |
2020-08-17 02:45:40,854 - root - INFO - | Epoch: 247/500 | Train Time: 0.008s | Train Loss: 148.631439 |
2020-08-17 02:45:40,862 - root - INFO - | Epoch: 248/500 | Train Time: 0.008s | Train Loss: 144.182159 |
2020-08-17 02:45:40,871 - root - INFO - | Epoch: 249/500 | Train Time: 0.008s | Train Loss: 148.022743 |
2020-08-17 02:45:40,879 - root - INFO - | Epoch: 250/500 | Train Time: 0.008s | Train Loss: 141.584267 |
2020-08-17 02:45:40,887 - root - INFO - | Epoch: 251/500 | Train Time: 0.008s | Train Loss: 146.921082 |
2020-08-17 02:45:40,895 - root - INFO - | Epoch: 252/500 | Train Time: 0.008s | Train Loss: 150.397453 |
2020-08-17 02:45:40,903 - root - INFO - | Epoch: 253/500 | Train Time: 0.008s | Train Loss: 150.339523 |
2020-08-17 02:45:40,911 - root - INFO - | Epoch: 254/500 | Train Time: 0.008s | Train Loss: 147.414566 |
2020-08-17 02:45:40,919 - root - INFO - | Epoch: 255/500 | Train Time: 0.008s | Train Loss: 148.955750 |
2020-08-17 02:45:40,927 - root - INFO - | Epoch: 256/500 | Train Time: 0.008s | Train Loss: 145.030197 |
2020-08-17 02:45:40,935 - root - INFO - | Epoch: 257/500 | Train Time: 0.008s | Train Loss: 144.170609 |
2020-08-17 02:45:40,944 - root - INFO - | Epoch: 258/500 | Train Time: 0.008s | Train Loss: 151.583099 |
2020-08-17 02:45:40,951 - root - INFO - | Epoch: 259/500 | Train Time: 0.008s | Train Loss: 150.041817 |
2020-08-17 02:45:40,959 - root - INFO - | Epoch: 260/500 | Train Time: 0.008s | Train Loss: 147.128006 |
2020-08-17 02:45:40,967 - root - INFO - | Epoch: 261/500 | Train Time: 0.008s | Train Loss: 143.135628 |
2020-08-17 02:45:40,976 - root - INFO - | Epoch: 262/500 | Train Time: 0.008s | Train Loss: 150.212921 |
2020-08-17 02:45:40,984 - root - INFO - | Epoch: 263/500 | Train Time: 0.008s | Train Loss: 150.088547 |
2020-08-17 02:45:40,992 - root - INFO - | Epoch: 264/500 | Train Time: 0.008s | Train Loss: 148.223717 |
2020-08-17 02:45:41,000 - root - INFO - | Epoch: 265/500 | Train Time: 0.008s | Train Loss: 150.007545 |
2020-08-17 02:45:41,009 - root - INFO - | Epoch: 266/500 | Train Time: 0.008s | Train Loss: 146.350723 |
2020-08-17 02:45:41,017 - root - INFO - | Epoch: 267/500 | Train Time: 0.008s | Train Loss: 147.718735 |
2020-08-17 02:45:41,025 - root - INFO - | Epoch: 268/500 | Train Time: 0.008s | Train Loss: 152.563919 |
2020-08-17 02:45:41,033 - root - INFO - | Epoch: 269/500 | Train Time: 0.008s | Train Loss: 151.271233 |
2020-08-17 02:45:41,041 - root - INFO - | Epoch: 270/500 | Train Time: 0.008s | Train Loss: 146.113449 |
2020-08-17 02:45:41,049 - root - INFO - | Epoch: 271/500 | Train Time: 0.008s | Train Loss: 143.991608 |
2020-08-17 02:45:41,057 - root - INFO - | Epoch: 272/500 | Train Time: 0.008s | Train Loss: 150.460312 |
2020-08-17 02:45:41,065 - root - INFO - | Epoch: 273/500 | Train Time: 0.008s | Train Loss: 148.415672 |
2020-08-17 02:45:41,073 - root - INFO - | Epoch: 274/500 | Train Time: 0.008s | Train Loss: 148.952911 |
2020-08-17 02:45:41,082 - root - INFO - | Epoch: 275/500 | Train Time: 0.008s | Train Loss: 150.475273 |
2020-08-17 02:45:41,089 - root - INFO - | Epoch: 276/500 | Train Time: 0.008s | Train Loss: 144.619301 |
2020-08-17 02:45:41,098 - root - INFO - | Epoch: 277/500 | Train Time: 0.008s | Train Loss: 149.961609 |
2020-08-17 02:45:41,106 - root - INFO - | Epoch: 278/500 | Train Time: 0.008s | Train Loss: 146.761742 |
2020-08-17 02:45:41,114 - root - INFO - | Epoch: 279/500 | Train Time: 0.008s | Train Loss: 149.857124 |
2020-08-17 02:45:41,122 - root - INFO - | Epoch: 280/500 | Train Time: 0.008s | Train Loss: 143.855232 |
2020-08-17 02:45:41,130 - root - INFO - | Epoch: 281/500 | Train Time: 0.008s | Train Loss: 145.200562 |
2020-08-17 02:45:41,139 - root - INFO - | Epoch: 282/500 | Train Time: 0.008s | Train Loss: 144.599663 |
2020-08-17 02:45:41,147 - root - INFO - | Epoch: 283/500 | Train Time: 0.008s | Train Loss: 149.287704 |
2020-08-17 02:45:41,155 - root - INFO - | Epoch: 284/500 | Train Time: 0.008s | Train Loss: 142.716980 |
2020-08-17 02:45:41,163 - root - INFO - | Epoch: 285/500 | Train Time: 0.008s | Train Loss: 147.187836 |
2020-08-17 02:45:41,171 - root - INFO - | Epoch: 286/500 | Train Time: 0.008s | Train Loss: 146.646461 |
2020-08-17 02:45:41,179 - root - INFO - | Epoch: 287/500 | Train Time: 0.008s | Train Loss: 149.581810 |
2020-08-17 02:45:41,187 - root - INFO - | Epoch: 288/500 | Train Time: 0.008s | Train Loss: 149.434631 |
2020-08-17 02:45:41,195 - root - INFO - | Epoch: 289/500 | Train Time: 0.008s | Train Loss: 150.097336 |
2020-08-17 02:45:41,203 - root - INFO - | Epoch: 290/500 | Train Time: 0.008s | Train Loss: 147.678711 |
2020-08-17 02:45:41,211 - root - INFO - | Epoch: 291/500 | Train Time: 0.008s | Train Loss: 146.802460 |
2020-08-17 02:45:41,219 - root - INFO - | Epoch: 292/500 | Train Time: 0.008s | Train Loss: 145.747086 |
2020-08-17 02:45:41,228 - root - INFO - | Epoch: 293/500 | Train Time: 0.008s | Train Loss: 143.908813 |
2020-08-17 02:45:41,236 - root - INFO - | Epoch: 294/500 | Train Time: 0.008s | Train Loss: 147.123138 |
2020-08-17 02:45:41,244 - root - INFO - | Epoch: 295/500 | Train Time: 0.008s | Train Loss: 145.590927 |
2020-08-17 02:45:41,253 - root - INFO - | Epoch: 296/500 | Train Time: 0.008s | Train Loss: 139.995819 |
2020-08-17 02:45:41,261 - root - INFO - | Epoch: 297/500 | Train Time: 0.008s | Train Loss: 144.866356 |
2020-08-17 02:45:41,269 - root - INFO - | Epoch: 298/500 | Train Time: 0.008s | Train Loss: 143.321953 |
2020-08-17 02:45:41,277 - root - INFO - | Epoch: 299/500 | Train Time: 0.008s | Train Loss: 147.166618 |
2020-08-17 02:45:41,285 - root - INFO - | Epoch: 300/500 | Train Time: 0.008s | Train Loss: 147.735107 |
2020-08-17 02:45:41,293 - root - INFO - | Epoch: 301/500 | Train Time: 0.008s | Train Loss: 145.929626 |
2020-08-17 02:45:41,303 - root - INFO - | Epoch: 302/500 | Train Time: 0.009s | Train Loss: 145.326401 |
2020-08-17 02:45:41,312 - root - INFO - | Epoch: 303/500 | Train Time: 0.009s | Train Loss: 146.169754 |
2020-08-17 02:45:41,321 - root - INFO - | Epoch: 304/500 | Train Time: 0.009s | Train Loss: 145.789978 |
2020-08-17 02:45:41,330 - root - INFO - | Epoch: 305/500 | Train Time: 0.009s | Train Loss: 143.925217 |
2020-08-17 02:45:41,339 - root - INFO - | Epoch: 306/500 | Train Time: 0.009s | Train Loss: 144.202026 |
2020-08-17 02:45:41,346 - root - INFO - | Epoch: 307/500 | Train Time: 0.008s | Train Loss: 147.891022 |
2020-08-17 02:45:41,354 - root - INFO - | Epoch: 308/500 | Train Time: 0.008s | Train Loss: 146.443436 |
2020-08-17 02:45:41,362 - root - INFO - | Epoch: 309/500 | Train Time: 0.008s | Train Loss: 148.428185 |
2020-08-17 02:45:41,371 - root - INFO - | Epoch: 310/500 | Train Time: 0.008s | Train Loss: 144.100838 |
2020-08-17 02:45:41,379 - root - INFO - | Epoch: 311/500 | Train Time: 0.008s | Train Loss: 144.256935 |
2020-08-17 02:45:41,387 - root - INFO - | Epoch: 312/500 | Train Time: 0.008s | Train Loss: 146.493111 |
2020-08-17 02:45:41,395 - root - INFO - | Epoch: 313/500 | Train Time: 0.008s | Train Loss: 139.048164 |
2020-08-17 02:45:41,402 - root - INFO - | Epoch: 314/500 | Train Time: 0.008s | Train Loss: 147.253098 |
2020-08-17 02:45:41,410 - root - INFO - | Epoch: 315/500 | Train Time: 0.008s | Train Loss: 145.994041 |
2020-08-17 02:45:41,419 - root - INFO - | Epoch: 316/500 | Train Time: 0.008s | Train Loss: 141.472298 |
2020-08-17 02:45:41,427 - root - INFO - | Epoch: 317/500 | Train Time: 0.008s | Train Loss: 142.939156 |
2020-08-17 02:45:41,435 - root - INFO - | Epoch: 318/500 | Train Time: 0.008s | Train Loss: 145.654053 |
2020-08-17 02:45:41,443 - root - INFO - | Epoch: 319/500 | Train Time: 0.008s | Train Loss: 147.570564 |
2020-08-17 02:45:41,451 - root - INFO - | Epoch: 320/500 | Train Time: 0.008s | Train Loss: 146.707726 |
2020-08-17 02:45:41,460 - root - INFO - | Epoch: 321/500 | Train Time: 0.008s | Train Loss: 146.436607 |
2020-08-17 02:45:41,467 - root - INFO - | Epoch: 322/500 | Train Time: 0.008s | Train Loss: 148.118683 |
2020-08-17 02:45:41,476 - root - INFO - | Epoch: 323/500 | Train Time: 0.008s | Train Loss: 148.942459 |
2020-08-17 02:45:41,484 - root - INFO - | Epoch: 324/500 | Train Time: 0.008s | Train Loss: 144.804863 |
2020-08-17 02:45:41,491 - root - INFO - | Epoch: 325/500 | Train Time: 0.008s | Train Loss: 144.575645 |
2020-08-17 02:45:41,499 - root - INFO - | Epoch: 326/500 | Train Time: 0.008s | Train Loss: 144.478355 |
2020-08-17 02:45:41,507 - root - INFO - | Epoch: 327/500 | Train Time: 0.008s | Train Loss: 144.967110 |
2020-08-17 02:45:41,515 - root - INFO - | Epoch: 328/500 | Train Time: 0.008s | Train Loss: 144.032944 |
2020-08-17 02:45:41,524 - root - INFO - | Epoch: 329/500 | Train Time: 0.008s | Train Loss: 144.261513 |
2020-08-17 02:45:41,532 - root - INFO - | Epoch: 330/500 | Train Time: 0.008s | Train Loss: 141.020691 |
2020-08-17 02:45:41,539 - root - INFO - | Epoch: 331/500 | Train Time: 0.008s | Train Loss: 147.284431 |
2020-08-17 02:45:41,547 - root - INFO - | Epoch: 332/500 | Train Time: 0.008s | Train Loss: 145.761917 |
2020-08-17 02:45:41,556 - root - INFO - | Epoch: 333/500 | Train Time: 0.008s | Train Loss: 141.485504 |
2020-08-17 02:45:41,564 - root - INFO - | Epoch: 334/500 | Train Time: 0.008s | Train Loss: 139.189156 |
2020-08-17 02:45:41,572 - root - INFO - | Epoch: 335/500 | Train Time: 0.008s | Train Loss: 142.361237 |
2020-08-17 02:45:41,580 - root - INFO - | Epoch: 336/500 | Train Time: 0.008s | Train Loss: 145.023926 |
2020-08-17 02:45:41,588 - root - INFO - | Epoch: 337/500 | Train Time: 0.008s | Train Loss: 142.599609 |
2020-08-17 02:45:41,597 - root - INFO - | Epoch: 338/500 | Train Time: 0.008s | Train Loss: 142.997040 |
2020-08-17 02:45:41,605 - root - INFO - | Epoch: 339/500 | Train Time: 0.008s | Train Loss: 145.324333 |
2020-08-17 02:45:41,613 - root - INFO - | Epoch: 340/500 | Train Time: 0.008s | Train Loss: 144.535217 |
2020-08-17 02:45:41,621 - root - INFO - | Epoch: 341/500 | Train Time: 0.008s | Train Loss: 144.275505 |
2020-08-17 02:45:41,629 - root - INFO - | Epoch: 342/500 | Train Time: 0.008s | Train Loss: 143.777405 |
2020-08-17 02:45:41,637 - root - INFO - | Epoch: 343/500 | Train Time: 0.008s | Train Loss: 142.714478 |
2020-08-17 02:45:41,645 - root - INFO - | Epoch: 344/500 | Train Time: 0.008s | Train Loss: 142.751900 |
2020-08-17 02:45:41,653 - root - INFO - | Epoch: 345/500 | Train Time: 0.008s | Train Loss: 145.639069 |
2020-08-17 02:45:41,662 - root - INFO - | Epoch: 346/500 | Train Time: 0.008s | Train Loss: 141.565926 |
2020-08-17 02:45:41,670 - root - INFO - | Epoch: 347/500 | Train Time: 0.008s | Train Loss: 142.847832 |
2020-08-17 02:45:41,678 - root - INFO - | Epoch: 348/500 | Train Time: 0.008s | Train Loss: 140.139221 |
2020-08-17 02:45:41,686 - root - INFO - | Epoch: 349/500 | Train Time: 0.008s | Train Loss: 141.565140 |
2020-08-17 02:45:41,694 - root - INFO - | Epoch: 350/500 | Train Time: 0.008s | Train Loss: 144.776276 |
2020-08-17 02:45:41,703 - root - INFO - | Epoch: 351/500 | Train Time: 0.008s | Train Loss: 137.658279 |
2020-08-17 02:45:41,711 - root - INFO - | Epoch: 352/500 | Train Time: 0.008s | Train Loss: 144.421440 |
2020-08-17 02:45:41,719 - root - INFO - | Epoch: 353/500 | Train Time: 0.008s | Train Loss: 140.585068 |
2020-08-17 02:45:41,727 - root - INFO - | Epoch: 354/500 | Train Time: 0.008s | Train Loss: 141.031136 |
2020-08-17 02:45:41,736 - root - INFO - | Epoch: 355/500 | Train Time: 0.008s | Train Loss: 135.903782 |
2020-08-17 02:45:41,743 - root - INFO - | Epoch: 356/500 | Train Time: 0.008s | Train Loss: 146.629906 |
2020-08-17 02:45:41,751 - root - INFO - | Epoch: 357/500 | Train Time: 0.008s | Train Loss: 143.102898 |
2020-08-17 02:45:41,759 - root - INFO - | Epoch: 358/500 | Train Time: 0.008s | Train Loss: 148.813606 |
2020-08-17 02:45:41,768 - root - INFO - | Epoch: 359/500 | Train Time: 0.008s | Train Loss: 142.084763 |
2020-08-17 02:45:41,776 - root - INFO - | Epoch: 360/500 | Train Time: 0.008s | Train Loss: 142.560974 |
2020-08-17 02:45:41,784 - root - INFO - | Epoch: 361/500 | Train Time: 0.008s | Train Loss: 147.266281 |
2020-08-17 02:45:41,793 - root - INFO - | Epoch: 362/500 | Train Time: 0.009s | Train Loss: 136.591400 |
2020-08-17 02:45:41,802 - root - INFO - | Epoch: 363/500 | Train Time: 0.009s | Train Loss: 141.243996 |
2020-08-17 02:45:41,811 - root - INFO - | Epoch: 364/500 | Train Time: 0.009s | Train Loss: 141.458908 |
2020-08-17 02:45:41,820 - root - INFO - | Epoch: 365/500 | Train Time: 0.010s | Train Loss: 141.414368 |
2020-08-17 02:45:41,830 - root - INFO - | Epoch: 366/500 | Train Time: 0.010s | Train Loss: 139.797455 |
2020-08-17 02:45:41,840 - root - INFO - | Epoch: 367/500 | Train Time: 0.009s | Train Loss: 145.607147 |
2020-08-17 02:45:41,847 - root - INFO - | Epoch: 368/500 | Train Time: 0.008s | Train Loss: 139.507126 |
2020-08-17 02:45:41,855 - root - INFO - | Epoch: 369/500 | Train Time: 0.008s | Train Loss: 142.894302 |
2020-08-17 02:45:41,863 - root - INFO - | Epoch: 370/500 | Train Time: 0.008s | Train Loss: 142.356079 |
2020-08-17 02:45:41,871 - root - INFO - | Epoch: 371/500 | Train Time: 0.008s | Train Loss: 136.807602 |
2020-08-17 02:45:41,879 - root - INFO - | Epoch: 372/500 | Train Time: 0.008s | Train Loss: 139.220062 |
2020-08-17 02:45:41,887 - root - INFO - | Epoch: 373/500 | Train Time: 0.008s | Train Loss: 141.840981 |
2020-08-17 02:45:41,895 - root - INFO - | Epoch: 374/500 | Train Time: 0.008s | Train Loss: 135.727516 |
2020-08-17 02:45:41,903 - root - INFO - | Epoch: 375/500 | Train Time: 0.008s | Train Loss: 141.686371 |
2020-08-17 02:45:41,911 - root - INFO - | Epoch: 376/500 | Train Time: 0.008s | Train Loss: 143.463478 |
2020-08-17 02:45:41,919 - root - INFO - | Epoch: 377/500 | Train Time: 0.008s | Train Loss: 140.318665 |
2020-08-17 02:45:41,928 - root - INFO - | Epoch: 378/500 | Train Time: 0.008s | Train Loss: 144.345261 |
2020-08-17 02:45:41,936 - root - INFO - | Epoch: 379/500 | Train Time: 0.008s | Train Loss: 140.133133 |
2020-08-17 02:45:41,944 - root - INFO - | Epoch: 380/500 | Train Time: 0.008s | Train Loss: 144.248871 |
2020-08-17 02:45:41,952 - root - INFO - | Epoch: 381/500 | Train Time: 0.008s | Train Loss: 141.421806 |
2020-08-17 02:45:41,960 - root - INFO - | Epoch: 382/500 | Train Time: 0.008s | Train Loss: 136.950027 |
2020-08-17 02:45:41,968 - root - INFO - | Epoch: 383/500 | Train Time: 0.008s | Train Loss: 137.296280 |
2020-08-17 02:45:41,976 - root - INFO - | Epoch: 384/500 | Train Time: 0.008s | Train Loss: 137.871681 |
2020-08-17 02:45:41,984 - root - INFO - | Epoch: 385/500 | Train Time: 0.008s | Train Loss: 142.760757 |
2020-08-17 02:45:41,992 - root - INFO - | Epoch: 386/500 | Train Time: 0.008s | Train Loss: 141.489594 |
2020-08-17 02:45:42,001 - root - INFO - | Epoch: 387/500 | Train Time: 0.008s | Train Loss: 141.423615 |
2020-08-17 02:45:42,009 - root - INFO - | Epoch: 388/500 | Train Time: 0.008s | Train Loss: 140.606949 |
2020-08-17 02:45:42,017 - root - INFO - | Epoch: 389/500 | Train Time: 0.008s | Train Loss: 139.713181 |
2020-08-17 02:45:42,025 - root - INFO - | Epoch: 390/500 | Train Time: 0.008s | Train Loss: 136.739410 |
2020-08-17 02:45:42,033 - root - INFO - | Epoch: 391/500 | Train Time: 0.008s | Train Loss: 140.138855 |
2020-08-17 02:45:42,041 - root - INFO - | Epoch: 392/500 | Train Time: 0.008s | Train Loss: 136.102234 |
2020-08-17 02:45:42,050 - root - INFO - | Epoch: 393/500 | Train Time: 0.008s | Train Loss: 138.923340 |
2020-08-17 02:45:42,057 - root - INFO - | Epoch: 394/500 | Train Time: 0.008s | Train Loss: 137.596439 |
2020-08-17 02:45:42,065 - root - INFO - | Epoch: 395/500 | Train Time: 0.008s | Train Loss: 142.653877 |
2020-08-17 02:45:42,073 - root - INFO - | Epoch: 396/500 | Train Time: 0.008s | Train Loss: 138.360565 |
2020-08-17 02:45:42,082 - root - INFO - | Epoch: 397/500 | Train Time: 0.008s | Train Loss: 142.857330 |
2020-08-17 02:45:42,090 - root - INFO - | Epoch: 398/500 | Train Time: 0.008s | Train Loss: 136.328171 |
2020-08-17 02:45:42,098 - root - INFO - | Epoch: 399/500 | Train Time: 0.008s | Train Loss: 141.559441 |
2020-08-17 02:45:42,106 - root - INFO - | Epoch: 400/500 | Train Time: 0.008s | Train Loss: 141.956825 |
2020-08-17 02:45:42,115 - root - INFO - | Epoch: 401/500 | Train Time: 0.008s | Train Loss: 138.495789 |
2020-08-17 02:45:42,123 - root - INFO - | Epoch: 402/500 | Train Time: 0.008s | Train Loss: 134.821228 |
2020-08-17 02:45:42,131 - root - INFO - | Epoch: 403/500 | Train Time: 0.008s | Train Loss: 141.938766 |
2020-08-17 02:45:42,139 - root - INFO - | Epoch: 404/500 | Train Time: 0.008s | Train Loss: 139.421165 |
2020-08-17 02:45:42,147 - root - INFO - | Epoch: 405/500 | Train Time: 0.008s | Train Loss: 134.716103 |
2020-08-17 02:45:42,155 - root - INFO - | Epoch: 406/500 | Train Time: 0.008s | Train Loss: 139.129951 |
2020-08-17 02:45:42,163 - root - INFO - | Epoch: 407/500 | Train Time: 0.008s | Train Loss: 136.566498 |
2020-08-17 02:45:42,171 - root - INFO - | Epoch: 408/500 | Train Time: 0.008s | Train Loss: 143.165886 |
2020-08-17 02:45:42,179 - root - INFO - | Epoch: 409/500 | Train Time: 0.008s | Train Loss: 132.953987 |
2020-08-17 02:45:42,187 - root - INFO - | Epoch: 410/500 | Train Time: 0.008s | Train Loss: 142.713226 |
2020-08-17 02:45:42,195 - root - INFO - | Epoch: 411/500 | Train Time: 0.008s | Train Loss: 136.755341 |
2020-08-17 02:45:42,203 - root - INFO - | Epoch: 412/500 | Train Time: 0.008s | Train Loss: 135.546539 |
2020-08-17 02:45:42,211 - root - INFO - | Epoch: 413/500 | Train Time: 0.008s | Train Loss: 140.878677 |
2020-08-17 02:45:42,219 - root - INFO - | Epoch: 414/500 | Train Time: 0.008s | Train Loss: 138.292435 |
2020-08-17 02:45:42,227 - root - INFO - | Epoch: 415/500 | Train Time: 0.008s | Train Loss: 140.462036 |
2020-08-17 02:45:42,235 - root - INFO - | Epoch: 416/500 | Train Time: 0.008s | Train Loss: 140.192345 |
2020-08-17 02:45:42,243 - root - INFO - | Epoch: 417/500 | Train Time: 0.008s | Train Loss: 135.824524 |
2020-08-17 02:45:42,251 - root - INFO - | Epoch: 418/500 | Train Time: 0.008s | Train Loss: 138.291359 |
2020-08-17 02:45:42,259 - root - INFO - | Epoch: 419/500 | Train Time: 0.008s | Train Loss: 139.203087 |
2020-08-17 02:45:42,268 - root - INFO - | Epoch: 420/500 | Train Time: 0.008s | Train Loss: 139.854385 |
2020-08-17 02:45:42,275 - root - INFO - | Epoch: 421/500 | Train Time: 0.008s | Train Loss: 141.484032 |
2020-08-17 02:45:42,283 - root - INFO - | Epoch: 422/500 | Train Time: 0.008s | Train Loss: 135.832214 |
2020-08-17 02:45:42,291 - root - INFO - | Epoch: 423/500 | Train Time: 0.008s | Train Loss: 138.823959 |
2020-08-17 02:45:42,301 - root - INFO - | Epoch: 424/500 | Train Time: 0.009s | Train Loss: 140.840675 |
2020-08-17 02:45:42,310 - root - INFO - | Epoch: 425/500 | Train Time: 0.009s | Train Loss: 136.288265 |
2020-08-17 02:45:42,318 - root - INFO - | Epoch: 426/500 | Train Time: 0.008s | Train Loss: 141.059280 |
2020-08-17 02:45:42,327 - root - INFO - | Epoch: 427/500 | Train Time: 0.009s | Train Loss: 136.920158 |
2020-08-17 02:45:42,336 - root - INFO - | Epoch: 428/500 | Train Time: 0.009s | Train Loss: 138.336243 |
2020-08-17 02:45:42,343 - root - INFO - | Epoch: 429/500 | Train Time: 0.007s | Train Loss: 139.743073 |
2020-08-17 02:45:42,351 - root - INFO - | Epoch: 430/500 | Train Time: 0.007s | Train Loss: 137.595108 |
2020-08-17 02:45:42,359 - root - INFO - | Epoch: 431/500 | Train Time: 0.008s | Train Loss: 137.636887 |
2020-08-17 02:45:42,366 - root - INFO - | Epoch: 432/500 | Train Time: 0.008s | Train Loss: 132.722153 |
2020-08-17 02:45:42,374 - root - INFO - | Epoch: 433/500 | Train Time: 0.008s | Train Loss: 138.483276 |
2020-08-17 02:45:42,383 - root - INFO - | Epoch: 434/500 | Train Time: 0.008s | Train Loss: 138.439865 |
2020-08-17 02:45:42,391 - root - INFO - | Epoch: 435/500 | Train Time: 0.008s | Train Loss: 138.628014 |
2020-08-17 02:45:42,399 - root - INFO - | Epoch: 436/500 | Train Time: 0.008s | Train Loss: 137.295410 |
2020-08-17 02:45:42,407 - root - INFO - | Epoch: 437/500 | Train Time: 0.008s | Train Loss: 136.705887 |
2020-08-17 02:45:42,415 - root - INFO - | Epoch: 438/500 | Train Time: 0.008s | Train Loss: 135.194916 |
2020-08-17 02:45:42,423 - root - INFO - | Epoch: 439/500 | Train Time: 0.008s | Train Loss: 138.066269 |
2020-08-17 02:45:42,431 - root - INFO - | Epoch: 440/500 | Train Time: 0.008s | Train Loss: 139.578171 |
2020-08-17 02:45:42,439 - root - INFO - | Epoch: 441/500 | Train Time: 0.008s | Train Loss: 143.257896 |
2020-08-17 02:45:42,448 - root - INFO - | Epoch: 442/500 | Train Time: 0.008s | Train Loss: 138.662415 |
2020-08-17 02:45:42,456 - root - INFO - | Epoch: 443/500 | Train Time: 0.008s | Train Loss: 132.538689 |
2020-08-17 02:45:42,464 - root - INFO - | Epoch: 444/500 | Train Time: 0.008s | Train Loss: 135.012634 |
2020-08-17 02:45:42,472 - root - INFO - | Epoch: 445/500 | Train Time: 0.008s | Train Loss: 141.224930 |
2020-08-17 02:45:42,480 - root - INFO - | Epoch: 446/500 | Train Time: 0.008s | Train Loss: 137.254547 |
2020-08-17 02:45:42,488 - root - INFO - | Epoch: 447/500 | Train Time: 0.008s | Train Loss: 138.147942 |
2020-08-17 02:45:42,496 - root - INFO - | Epoch: 448/500 | Train Time: 0.008s | Train Loss: 134.504520 |
2020-08-17 02:45:42,504 - root - INFO - | Epoch: 449/500 | Train Time: 0.008s | Train Loss: 133.322372 |
2020-08-17 02:45:42,512 - root - INFO - | Epoch: 450/500 | Train Time: 0.008s | Train Loss: 138.587616 |
2020-08-17 02:45:42,520 - root - INFO - | Epoch: 451/500 | Train Time: 0.008s | Train Loss: 137.130814 |
2020-08-17 02:45:42,529 - root - INFO - | Epoch: 452/500 | Train Time: 0.008s | Train Loss: 134.951057 |
2020-08-17 02:45:42,537 - root - INFO - | Epoch: 453/500 | Train Time: 0.008s | Train Loss: 138.532417 |
2020-08-17 02:45:42,545 - root - INFO - | Epoch: 454/500 | Train Time: 0.008s | Train Loss: 133.604004 |
2020-08-17 02:45:42,553 - root - INFO - | Epoch: 455/500 | Train Time: 0.008s | Train Loss: 133.563644 |
2020-08-17 02:45:42,561 - root - INFO - | Epoch: 456/500 | Train Time: 0.008s | Train Loss: 141.072197 |
2020-08-17 02:45:42,569 - root - INFO - | Epoch: 457/500 | Train Time: 0.008s | Train Loss: 133.108109 |
2020-08-17 02:45:42,577 - root - INFO - | Epoch: 458/500 | Train Time: 0.008s | Train Loss: 135.987648 |
2020-08-17 02:45:42,585 - root - INFO - | Epoch: 459/500 | Train Time: 0.008s | Train Loss: 136.518600 |
2020-08-17 02:45:42,593 - root - INFO - | Epoch: 460/500 | Train Time: 0.008s | Train Loss: 134.053497 |
2020-08-17 02:45:42,602 - root - INFO - | Epoch: 461/500 | Train Time: 0.008s | Train Loss: 134.539223 |
2020-08-17 02:45:42,610 - root - INFO - | Epoch: 462/500 | Train Time: 0.008s | Train Loss: 134.039455 |
2020-08-17 02:45:42,618 - root - INFO - | Epoch: 463/500 | Train Time: 0.008s | Train Loss: 132.777748 |
2020-08-17 02:45:42,626 - root - INFO - | Epoch: 464/500 | Train Time: 0.008s | Train Loss: 140.902473 |
2020-08-17 02:45:42,634 - root - INFO - | Epoch: 465/500 | Train Time: 0.008s | Train Loss: 136.108231 |
2020-08-17 02:45:42,642 - root - INFO - | Epoch: 466/500 | Train Time: 0.008s | Train Loss: 137.862572 |
2020-08-17 02:45:42,651 - root - INFO - | Epoch: 467/500 | Train Time: 0.008s | Train Loss: 136.121841 |
2020-08-17 02:45:42,658 - root - INFO - | Epoch: 468/500 | Train Time: 0.008s | Train Loss: 135.213593 |
2020-08-17 02:45:42,667 - root - INFO - | Epoch: 469/500 | Train Time: 0.008s | Train Loss: 135.681320 |
2020-08-17 02:45:42,675 - root - INFO - | Epoch: 470/500 | Train Time: 0.008s | Train Loss: 137.292206 |
2020-08-17 02:45:42,683 - root - INFO - | Epoch: 471/500 | Train Time: 0.008s | Train Loss: 135.820778 |
2020-08-17 02:45:42,691 - root - INFO - | Epoch: 472/500 | Train Time: 0.008s | Train Loss: 133.267059 |
2020-08-17 02:45:42,699 - root - INFO - | Epoch: 473/500 | Train Time: 0.008s | Train Loss: 133.385635 |
2020-08-17 02:45:42,707 - root - INFO - | Epoch: 474/500 | Train Time: 0.008s | Train Loss: 135.164017 |
2020-08-17 02:45:42,715 - root - INFO - | Epoch: 475/500 | Train Time: 0.008s | Train Loss: 130.935432 |
2020-08-17 02:45:42,723 - root - INFO - | Epoch: 476/500 | Train Time: 0.008s | Train Loss: 133.197647 |
2020-08-17 02:45:42,731 - root - INFO - | Epoch: 477/500 | Train Time: 0.008s | Train Loss: 137.662437 |
2020-08-17 02:45:42,740 - root - INFO - | Epoch: 478/500 | Train Time: 0.008s | Train Loss: 134.583046 |
2020-08-17 02:45:42,748 - root - INFO - | Epoch: 479/500 | Train Time: 0.008s | Train Loss: 140.126709 |
2020-08-17 02:45:42,756 - root - INFO - | Epoch: 480/500 | Train Time: 0.008s | Train Loss: 133.511124 |
2020-08-17 02:45:42,764 - root - INFO - | Epoch: 481/500 | Train Time: 0.008s | Train Loss: 138.491714 |
2020-08-17 02:45:42,772 - root - INFO - | Epoch: 482/500 | Train Time: 0.008s | Train Loss: 140.650497 |
2020-08-17 02:45:42,780 - root - INFO - | Epoch: 483/500 | Train Time: 0.008s | Train Loss: 134.466858 |
2020-08-17 02:45:42,788 - root - INFO - | Epoch: 484/500 | Train Time: 0.008s | Train Loss: 134.002075 |
2020-08-17 02:45:42,797 - root - INFO - | Epoch: 485/500 | Train Time: 0.009s | Train Loss: 130.711281 |
2020-08-17 02:45:42,806 - root - INFO - | Epoch: 486/500 | Train Time: 0.009s | Train Loss: 133.701477 |
2020-08-17 02:45:42,815 - root - INFO - | Epoch: 487/500 | Train Time: 0.008s | Train Loss: 137.453644 |
2020-08-17 02:45:42,824 - root - INFO - | Epoch: 488/500 | Train Time: 0.009s | Train Loss: 136.042282 |
2020-08-17 02:45:42,833 - root - INFO - | Epoch: 489/500 | Train Time: 0.009s | Train Loss: 135.562469 |
2020-08-17 02:45:42,842 - root - INFO - | Epoch: 490/500 | Train Time: 0.009s | Train Loss: 137.277672 |
2020-08-17 02:45:42,850 - root - INFO - | Epoch: 491/500 | Train Time: 0.008s | Train Loss: 137.940254 |
2020-08-17 02:45:42,858 - root - INFO - | Epoch: 492/500 | Train Time: 0.008s | Train Loss: 135.779587 |
2020-08-17 02:45:42,866 - root - INFO - | Epoch: 493/500 | Train Time: 0.008s | Train Loss: 134.299309 |
2020-08-17 02:45:42,873 - root - INFO - | Epoch: 494/500 | Train Time: 0.008s | Train Loss: 131.582050 |
2020-08-17 02:45:42,881 - root - INFO - | Epoch: 495/500 | Train Time: 0.008s | Train Loss: 136.007683 |
2020-08-17 02:45:42,889 - root - INFO - | Epoch: 496/500 | Train Time: 0.008s | Train Loss: 139.207825 |
2020-08-17 02:45:42,897 - root - INFO - | Epoch: 497/500 | Train Time: 0.008s | Train Loss: 134.073044 |
2020-08-17 02:45:42,905 - root - INFO - | Epoch: 498/500 | Train Time: 0.008s | Train Loss: 138.423798 |
2020-08-17 02:45:42,913 - root - INFO - | Epoch: 499/500 | Train Time: 0.008s | Train Loss: 134.316643 |
2020-08-17 02:45:42,921 - root - INFO - | Epoch: 500/500 | Train Time: 0.008s | Train Loss: 132.859650 |
2020-08-17 02:45:42,921 - root - INFO - Training Time: 4.086s
2020-08-17 02:45:42,921 - root - INFO - Finished training.
2020-08-17 02:45:42,922 - root - INFO - Starting testing...
2020-08-17 02:45:42,925 - root - INFO - Test Loss: 143.162674
2020-08-17 02:45:42,925 - root - INFO - Test AUC: 79.19%
2020-08-17 02:45:42,925 - root - INFO - Test Time: 0.002s
2020-08-17 02:45:42,925 - root - INFO - Finished testing.
2020-08-17 02:45:42,988 - root - INFO - Starting testing...
2020-08-17 02:45:42,992 - root - INFO - Test Loss: 143.162674
2020-08-17 02:45:42,992 - root - INFO - Test AUC: 79.19%
2020-08-17 02:45:42,992 - root - INFO - Test Time: 0.002s
2020-08-17 02:45:42,992 - root - INFO - Finished testing.
