2020-08-17 00:13:48,668 - root - INFO - Hey I am loading net for you!
2020-08-17 00:13:50,476 - root - INFO - Setting hyper-parameters!
2020-08-17 00:13:50,477 - root - INFO - Starting training...
2020-08-17 00:13:50,634 - root - INFO - | Epoch: 001/500 | Train Time: 0.157s | Train Loss: 7273.387751 |
2020-08-17 00:13:50,795 - root - INFO - | Epoch: 002/500 | Train Time: 0.161s | Train Loss: 7277.685561 |
2020-08-17 00:13:50,955 - root - INFO - | Epoch: 003/500 | Train Time: 0.160s | Train Loss: 7268.888072 |
2020-08-17 00:13:51,125 - root - INFO - | Epoch: 004/500 | Train Time: 0.170s | Train Loss: 7262.383705 |
2020-08-17 00:13:51,294 - root - INFO - | Epoch: 005/500 | Train Time: 0.169s | Train Loss: 7253.682408 |
2020-08-17 00:13:51,464 - root - INFO - | Epoch: 006/500 | Train Time: 0.170s | Train Loss: 7257.905636 |
2020-08-17 00:13:51,635 - root - INFO - | Epoch: 007/500 | Train Time: 0.171s | Train Loss: 7248.151046 |
2020-08-17 00:13:51,808 - root - INFO - | Epoch: 008/500 | Train Time: 0.172s | Train Loss: 7258.461998 |
2020-08-17 00:13:51,981 - root - INFO - | Epoch: 009/500 | Train Time: 0.173s | Train Loss: 7239.300711 |
2020-08-17 00:13:52,149 - root - INFO - | Epoch: 010/500 | Train Time: 0.168s | Train Loss: 7250.864774 |
2020-08-17 00:13:52,317 - root - INFO - | Epoch: 011/500 | Train Time: 0.168s | Train Loss: 7244.568569 |
2020-08-17 00:13:52,481 - root - INFO - | Epoch: 012/500 | Train Time: 0.164s | Train Loss: 7237.013867 |
2020-08-17 00:13:52,650 - root - INFO - | Epoch: 013/500 | Train Time: 0.169s | Train Loss: 7244.973242 |
2020-08-17 00:13:52,819 - root - INFO - | Epoch: 014/500 | Train Time: 0.169s | Train Loss: 7243.994545 |
2020-08-17 00:13:52,985 - root - INFO - | Epoch: 015/500 | Train Time: 0.166s | Train Loss: 7234.120550 |
2020-08-17 00:13:53,154 - root - INFO - | Epoch: 016/500 | Train Time: 0.169s | Train Loss: 7231.636761 |
2020-08-17 00:13:53,321 - root - INFO - | Epoch: 017/500 | Train Time: 0.166s | Train Loss: 7237.711872 |
2020-08-17 00:13:53,494 - root - INFO - | Epoch: 018/500 | Train Time: 0.173s | Train Loss: 7230.969085 |
2020-08-17 00:13:53,661 - root - INFO - | Epoch: 019/500 | Train Time: 0.168s | Train Loss: 7220.526256 |
2020-08-17 00:13:53,829 - root - INFO - | Epoch: 020/500 | Train Time: 0.168s | Train Loss: 7226.343122 |
2020-08-17 00:13:53,999 - root - INFO - | Epoch: 021/500 | Train Time: 0.170s | Train Loss: 7231.439118 |
2020-08-17 00:13:54,170 - root - INFO - | Epoch: 022/500 | Train Time: 0.171s | Train Loss: 7219.317006 |
2020-08-17 00:13:54,341 - root - INFO - | Epoch: 023/500 | Train Time: 0.171s | Train Loss: 7225.033161 |
2020-08-17 00:13:54,511 - root - INFO - | Epoch: 024/500 | Train Time: 0.170s | Train Loss: 7213.368555 |
2020-08-17 00:13:54,638 - root - INFO - | Epoch: 025/500 | Train Time: 0.126s | Train Loss: 7228.982268 |
2020-08-17 00:13:54,760 - root - INFO - | Epoch: 026/500 | Train Time: 0.122s | Train Loss: 7219.525209 |
2020-08-17 00:13:54,882 - root - INFO - | Epoch: 027/500 | Train Time: 0.122s | Train Loss: 7214.878334 |
2020-08-17 00:13:55,022 - root - INFO - | Epoch: 028/500 | Train Time: 0.140s | Train Loss: 7214.779967 |
2020-08-17 00:13:55,190 - root - INFO - | Epoch: 029/500 | Train Time: 0.167s | Train Loss: 7206.943192 |
2020-08-17 00:13:55,358 - root - INFO - | Epoch: 030/500 | Train Time: 0.168s | Train Loss: 7216.282561 |
2020-08-17 00:13:55,521 - root - INFO - | Epoch: 031/500 | Train Time: 0.163s | Train Loss: 7212.583245 |
2020-08-17 00:13:55,687 - root - INFO - | Epoch: 032/500 | Train Time: 0.166s | Train Loss: 7215.330259 |
2020-08-17 00:13:55,851 - root - INFO - | Epoch: 033/500 | Train Time: 0.164s | Train Loss: 7212.379939 |
2020-08-17 00:13:56,019 - root - INFO - | Epoch: 034/500 | Train Time: 0.167s | Train Loss: 7216.312333 |
2020-08-17 00:13:56,189 - root - INFO - | Epoch: 035/500 | Train Time: 0.170s | Train Loss: 7212.958691 |
2020-08-17 00:13:56,360 - root - INFO - | Epoch: 036/500 | Train Time: 0.171s | Train Loss: 7209.814900 |
2020-08-17 00:13:56,532 - root - INFO - | Epoch: 037/500 | Train Time: 0.172s | Train Loss: 7209.289788 |
2020-08-17 00:13:56,700 - root - INFO - | Epoch: 038/500 | Train Time: 0.168s | Train Loss: 7204.965555 |
2020-08-17 00:13:56,869 - root - INFO - | Epoch: 039/500 | Train Time: 0.169s | Train Loss: 7206.716755 |
2020-08-17 00:13:57,033 - root - INFO - | Epoch: 040/500 | Train Time: 0.163s | Train Loss: 7203.837207 |
2020-08-17 00:13:57,201 - root - INFO - | Epoch: 041/500 | Train Time: 0.168s | Train Loss: 7209.484277 |
2020-08-17 00:13:57,368 - root - INFO - | Epoch: 042/500 | Train Time: 0.167s | Train Loss: 7203.601004 |
2020-08-17 00:13:57,529 - root - INFO - | Epoch: 043/500 | Train Time: 0.161s | Train Loss: 7204.372154 |
2020-08-17 00:13:57,694 - root - INFO - | Epoch: 044/500 | Train Time: 0.165s | Train Loss: 7203.980176 |
2020-08-17 00:13:57,866 - root - INFO - | Epoch: 045/500 | Train Time: 0.171s | Train Loss: 7194.443415 |
2020-08-17 00:13:58,037 - root - INFO - | Epoch: 046/500 | Train Time: 0.170s | Train Loss: 7198.704116 |
2020-08-17 00:13:58,206 - root - INFO - | Epoch: 047/500 | Train Time: 0.169s | Train Loss: 7202.673089 |
2020-08-17 00:13:58,373 - root - INFO - | Epoch: 048/500 | Train Time: 0.167s | Train Loss: 7202.457561 |
2020-08-17 00:13:58,539 - root - INFO - | Epoch: 049/500 | Train Time: 0.166s | Train Loss: 7201.797782 |
2020-08-17 00:13:58,708 - root - INFO - | Epoch: 050/500 | Train Time: 0.169s | Train Loss: 7199.354297 |
2020-08-17 00:13:58,709 - root - INFO -   LR scheduler: new learning rate is 1e-06
2020-08-17 00:13:58,874 - root - INFO - | Epoch: 051/500 | Train Time: 0.166s | Train Loss: 7200.589983 |
2020-08-17 00:13:59,042 - root - INFO - | Epoch: 052/500 | Train Time: 0.167s | Train Loss: 7199.423131 |
2020-08-17 00:13:59,210 - root - INFO - | Epoch: 053/500 | Train Time: 0.168s | Train Loss: 7205.863783 |
2020-08-17 00:13:59,379 - root - INFO - | Epoch: 054/500 | Train Time: 0.169s | Train Loss: 7201.176130 |
2020-08-17 00:13:59,551 - root - INFO - | Epoch: 055/500 | Train Time: 0.172s | Train Loss: 7199.708845 |
2020-08-17 00:13:59,718 - root - INFO - | Epoch: 056/500 | Train Time: 0.167s | Train Loss: 7196.085045 |
2020-08-17 00:13:59,888 - root - INFO - | Epoch: 057/500 | Train Time: 0.169s | Train Loss: 7206.996191 |
2020-08-17 00:14:00,055 - root - INFO - | Epoch: 058/500 | Train Time: 0.167s | Train Loss: 7191.833650 |
2020-08-17 00:14:00,225 - root - INFO - | Epoch: 059/500 | Train Time: 0.170s | Train Loss: 7196.315248 |
2020-08-17 00:14:00,391 - root - INFO - | Epoch: 060/500 | Train Time: 0.166s | Train Loss: 7195.539774 |
2020-08-17 00:14:00,555 - root - INFO - | Epoch: 061/500 | Train Time: 0.164s | Train Loss: 7202.649623 |
2020-08-17 00:14:00,724 - root - INFO - | Epoch: 062/500 | Train Time: 0.168s | Train Loss: 7205.008189 |
2020-08-17 00:14:00,894 - root - INFO - | Epoch: 063/500 | Train Time: 0.170s | Train Loss: 7200.454632 |
2020-08-17 00:14:01,065 - root - INFO - | Epoch: 064/500 | Train Time: 0.171s | Train Loss: 7206.126744 |
2020-08-17 00:14:01,231 - root - INFO - | Epoch: 065/500 | Train Time: 0.166s | Train Loss: 7196.015081 |
2020-08-17 00:14:01,397 - root - INFO - | Epoch: 066/500 | Train Time: 0.166s | Train Loss: 7196.045884 |
2020-08-17 00:14:01,562 - root - INFO - | Epoch: 067/500 | Train Time: 0.165s | Train Loss: 7198.471624 |
2020-08-17 00:14:01,730 - root - INFO - | Epoch: 068/500 | Train Time: 0.168s | Train Loss: 7198.969210 |
2020-08-17 00:14:01,899 - root - INFO - | Epoch: 069/500 | Train Time: 0.168s | Train Loss: 7200.157450 |
2020-08-17 00:14:02,066 - root - INFO - | Epoch: 070/500 | Train Time: 0.167s | Train Loss: 7206.289732 |
2020-08-17 00:14:02,234 - root - INFO - | Epoch: 071/500 | Train Time: 0.167s | Train Loss: 7192.291881 |
2020-08-17 00:14:02,402 - root - INFO - | Epoch: 072/500 | Train Time: 0.168s | Train Loss: 7189.504757 |
2020-08-17 00:14:02,573 - root - INFO - | Epoch: 073/500 | Train Time: 0.171s | Train Loss: 7201.437514 |
2020-08-17 00:14:02,738 - root - INFO - | Epoch: 074/500 | Train Time: 0.164s | Train Loss: 7201.798730 |
2020-08-17 00:14:02,905 - root - INFO - | Epoch: 075/500 | Train Time: 0.167s | Train Loss: 7199.394252 |
2020-08-17 00:14:03,074 - root - INFO - | Epoch: 076/500 | Train Time: 0.170s | Train Loss: 7203.487877 |
2020-08-17 00:14:03,242 - root - INFO - | Epoch: 077/500 | Train Time: 0.167s | Train Loss: 7206.348577 |
2020-08-17 00:14:03,407 - root - INFO - | Epoch: 078/500 | Train Time: 0.165s | Train Loss: 7198.251465 |
2020-08-17 00:14:03,574 - root - INFO - | Epoch: 079/500 | Train Time: 0.167s | Train Loss: 7200.453599 |
2020-08-17 00:14:03,742 - root - INFO - | Epoch: 080/500 | Train Time: 0.168s | Train Loss: 7194.847782 |
2020-08-17 00:14:03,910 - root - INFO - | Epoch: 081/500 | Train Time: 0.168s | Train Loss: 7197.988770 |
2020-08-17 00:14:04,086 - root - INFO - | Epoch: 082/500 | Train Time: 0.175s | Train Loss: 7204.118136 |
2020-08-17 00:14:04,250 - root - INFO - | Epoch: 083/500 | Train Time: 0.165s | Train Loss: 7198.269169 |
2020-08-17 00:14:04,420 - root - INFO - | Epoch: 084/500 | Train Time: 0.170s | Train Loss: 7204.138867 |
2020-08-17 00:14:04,596 - root - INFO - | Epoch: 085/500 | Train Time: 0.176s | Train Loss: 7195.678265 |
2020-08-17 00:14:04,765 - root - INFO - | Epoch: 086/500 | Train Time: 0.168s | Train Loss: 7193.957589 |
2020-08-17 00:14:04,936 - root - INFO - | Epoch: 087/500 | Train Time: 0.171s | Train Loss: 7193.369155 |
2020-08-17 00:14:05,108 - root - INFO - | Epoch: 088/500 | Train Time: 0.172s | Train Loss: 7195.482017 |
2020-08-17 00:14:05,277 - root - INFO - | Epoch: 089/500 | Train Time: 0.169s | Train Loss: 7199.927288 |
2020-08-17 00:14:05,446 - root - INFO - | Epoch: 090/500 | Train Time: 0.168s | Train Loss: 7193.692955 |
2020-08-17 00:14:05,614 - root - INFO - | Epoch: 091/500 | Train Time: 0.168s | Train Loss: 7194.538881 |
2020-08-17 00:14:05,784 - root - INFO - | Epoch: 092/500 | Train Time: 0.170s | Train Loss: 7200.837305 |
2020-08-17 00:14:05,954 - root - INFO - | Epoch: 093/500 | Train Time: 0.170s | Train Loss: 7199.958887 |
2020-08-17 00:14:06,123 - root - INFO - | Epoch: 094/500 | Train Time: 0.169s | Train Loss: 7197.339983 |
2020-08-17 00:14:06,292 - root - INFO - | Epoch: 095/500 | Train Time: 0.169s | Train Loss: 7199.292899 |
2020-08-17 00:14:06,461 - root - INFO - | Epoch: 096/500 | Train Time: 0.168s | Train Loss: 7192.250935 |
2020-08-17 00:14:06,630 - root - INFO - | Epoch: 097/500 | Train Time: 0.170s | Train Loss: 7195.268373 |
2020-08-17 00:14:06,803 - root - INFO - | Epoch: 098/500 | Train Time: 0.172s | Train Loss: 7192.318304 |
2020-08-17 00:14:06,975 - root - INFO - | Epoch: 099/500 | Train Time: 0.173s | Train Loss: 7195.567843 |
2020-08-17 00:14:07,146 - root - INFO - | Epoch: 100/500 | Train Time: 0.170s | Train Loss: 7204.725349 |
2020-08-17 00:14:07,317 - root - INFO - | Epoch: 101/500 | Train Time: 0.171s | Train Loss: 7192.692941 |
2020-08-17 00:14:07,487 - root - INFO - | Epoch: 102/500 | Train Time: 0.170s | Train Loss: 7202.118345 |
2020-08-17 00:14:07,656 - root - INFO - | Epoch: 103/500 | Train Time: 0.169s | Train Loss: 7194.010324 |
2020-08-17 00:14:07,826 - root - INFO - | Epoch: 104/500 | Train Time: 0.169s | Train Loss: 7199.501883 |
2020-08-17 00:14:07,996 - root - INFO - | Epoch: 105/500 | Train Time: 0.170s | Train Loss: 7205.283970 |
2020-08-17 00:14:08,167 - root - INFO - | Epoch: 106/500 | Train Time: 0.171s | Train Loss: 7195.854241 |
2020-08-17 00:14:08,338 - root - INFO - | Epoch: 107/500 | Train Time: 0.171s | Train Loss: 7188.251911 |
2020-08-17 00:14:08,509 - root - INFO - | Epoch: 108/500 | Train Time: 0.171s | Train Loss: 7199.703767 |
2020-08-17 00:14:08,678 - root - INFO - | Epoch: 109/500 | Train Time: 0.169s | Train Loss: 7197.721735 |
2020-08-17 00:14:08,850 - root - INFO - | Epoch: 110/500 | Train Time: 0.171s | Train Loss: 7199.075363 |
2020-08-17 00:14:09,021 - root - INFO - | Epoch: 111/500 | Train Time: 0.171s | Train Loss: 7199.639035 |
2020-08-17 00:14:09,192 - root - INFO - | Epoch: 112/500 | Train Time: 0.171s | Train Loss: 7200.743304 |
2020-08-17 00:14:09,363 - root - INFO - | Epoch: 113/500 | Train Time: 0.170s | Train Loss: 7201.986356 |
2020-08-17 00:14:09,533 - root - INFO - | Epoch: 114/500 | Train Time: 0.170s | Train Loss: 7197.811091 |
2020-08-17 00:14:09,703 - root - INFO - | Epoch: 115/500 | Train Time: 0.170s | Train Loss: 7193.172573 |
2020-08-17 00:14:09,873 - root - INFO - | Epoch: 116/500 | Train Time: 0.169s | Train Loss: 7191.128585 |
2020-08-17 00:14:10,044 - root - INFO - | Epoch: 117/500 | Train Time: 0.170s | Train Loss: 7196.932603 |
2020-08-17 00:14:10,214 - root - INFO - | Epoch: 118/500 | Train Time: 0.170s | Train Loss: 7193.720689 |
2020-08-17 00:14:10,385 - root - INFO - | Epoch: 119/500 | Train Time: 0.171s | Train Loss: 7208.786203 |
2020-08-17 00:14:10,554 - root - INFO - | Epoch: 120/500 | Train Time: 0.169s | Train Loss: 7197.996010 |
2020-08-17 00:14:10,724 - root - INFO - | Epoch: 121/500 | Train Time: 0.170s | Train Loss: 7194.713156 |
2020-08-17 00:14:10,896 - root - INFO - | Epoch: 122/500 | Train Time: 0.172s | Train Loss: 7204.367425 |
2020-08-17 00:14:11,065 - root - INFO - | Epoch: 123/500 | Train Time: 0.169s | Train Loss: 7197.253139 |
2020-08-17 00:14:11,235 - root - INFO - | Epoch: 124/500 | Train Time: 0.170s | Train Loss: 7190.598744 |
2020-08-17 00:14:11,408 - root - INFO - | Epoch: 125/500 | Train Time: 0.173s | Train Loss: 7191.783608 |
2020-08-17 00:14:11,579 - root - INFO - | Epoch: 126/500 | Train Time: 0.171s | Train Loss: 7196.902916 |
2020-08-17 00:14:11,747 - root - INFO - | Epoch: 127/500 | Train Time: 0.168s | Train Loss: 7192.246931 |
2020-08-17 00:14:11,920 - root - INFO - | Epoch: 128/500 | Train Time: 0.173s | Train Loss: 7189.224888 |
2020-08-17 00:14:12,091 - root - INFO - | Epoch: 129/500 | Train Time: 0.171s | Train Loss: 7193.794308 |
2020-08-17 00:14:12,263 - root - INFO - | Epoch: 130/500 | Train Time: 0.172s | Train Loss: 7192.153767 |
2020-08-17 00:14:12,435 - root - INFO - | Epoch: 131/500 | Train Time: 0.172s | Train Loss: 7193.239927 |
2020-08-17 00:14:12,605 - root - INFO - | Epoch: 132/500 | Train Time: 0.170s | Train Loss: 7208.378432 |
2020-08-17 00:14:12,776 - root - INFO - | Epoch: 133/500 | Train Time: 0.171s | Train Loss: 7205.377079 |
2020-08-17 00:14:12,946 - root - INFO - | Epoch: 134/500 | Train Time: 0.170s | Train Loss: 7196.797963 |
2020-08-17 00:14:13,117 - root - INFO - | Epoch: 135/500 | Train Time: 0.171s | Train Loss: 7193.195912 |
2020-08-17 00:14:13,284 - root - INFO - | Epoch: 136/500 | Train Time: 0.167s | Train Loss: 7188.345173 |
2020-08-17 00:14:13,453 - root - INFO - | Epoch: 137/500 | Train Time: 0.169s | Train Loss: 7194.354604 |
2020-08-17 00:14:13,624 - root - INFO - | Epoch: 138/500 | Train Time: 0.170s | Train Loss: 7199.141825 |
2020-08-17 00:14:13,793 - root - INFO - | Epoch: 139/500 | Train Time: 0.170s | Train Loss: 7200.415276 |
2020-08-17 00:14:13,964 - root - INFO - | Epoch: 140/500 | Train Time: 0.171s | Train Loss: 7192.547126 |
2020-08-17 00:14:14,134 - root - INFO - | Epoch: 141/500 | Train Time: 0.170s | Train Loss: 7198.381459 |
2020-08-17 00:14:14,304 - root - INFO - | Epoch: 142/500 | Train Time: 0.170s | Train Loss: 7200.119029 |
2020-08-17 00:14:14,474 - root - INFO - | Epoch: 143/500 | Train Time: 0.170s | Train Loss: 7194.554925 |
2020-08-17 00:14:14,646 - root - INFO - | Epoch: 144/500 | Train Time: 0.171s | Train Loss: 7188.774679 |
2020-08-17 00:14:14,816 - root - INFO - | Epoch: 145/500 | Train Time: 0.170s | Train Loss: 7200.384040 |
2020-08-17 00:14:14,986 - root - INFO - | Epoch: 146/500 | Train Time: 0.170s | Train Loss: 7195.748382 |
2020-08-17 00:14:15,157 - root - INFO - | Epoch: 147/500 | Train Time: 0.170s | Train Loss: 7203.556459 |
2020-08-17 00:14:15,327 - root - INFO - | Epoch: 148/500 | Train Time: 0.170s | Train Loss: 7199.987458 |
2020-08-17 00:14:15,497 - root - INFO - | Epoch: 149/500 | Train Time: 0.170s | Train Loss: 7198.017718 |
2020-08-17 00:14:15,667 - root - INFO - | Epoch: 150/500 | Train Time: 0.170s | Train Loss: 7195.514537 |
2020-08-17 00:14:15,837 - root - INFO - | Epoch: 151/500 | Train Time: 0.170s | Train Loss: 7194.493610 |
2020-08-17 00:14:16,008 - root - INFO - | Epoch: 152/500 | Train Time: 0.171s | Train Loss: 7195.230929 |
2020-08-17 00:14:16,177 - root - INFO - | Epoch: 153/500 | Train Time: 0.169s | Train Loss: 7204.642411 |
2020-08-17 00:14:16,347 - root - INFO - | Epoch: 154/500 | Train Time: 0.170s | Train Loss: 7193.992829 |
2020-08-17 00:14:16,515 - root - INFO - | Epoch: 155/500 | Train Time: 0.168s | Train Loss: 7199.130106 |
2020-08-17 00:14:16,686 - root - INFO - | Epoch: 156/500 | Train Time: 0.171s | Train Loss: 7191.159654 |
2020-08-17 00:14:16,856 - root - INFO - | Epoch: 157/500 | Train Time: 0.169s | Train Loss: 7195.463770 |
2020-08-17 00:14:17,024 - root - INFO - | Epoch: 158/500 | Train Time: 0.168s | Train Loss: 7198.281752 |
2020-08-17 00:14:17,194 - root - INFO - | Epoch: 159/500 | Train Time: 0.170s | Train Loss: 7194.484989 |
2020-08-17 00:14:17,366 - root - INFO - | Epoch: 160/500 | Train Time: 0.172s | Train Loss: 7200.605246 |
2020-08-17 00:14:17,539 - root - INFO - | Epoch: 161/500 | Train Time: 0.173s | Train Loss: 7198.564188 |
2020-08-17 00:14:17,714 - root - INFO - | Epoch: 162/500 | Train Time: 0.174s | Train Loss: 7195.010826 |
2020-08-17 00:14:17,885 - root - INFO - | Epoch: 163/500 | Train Time: 0.171s | Train Loss: 7199.825614 |
2020-08-17 00:14:18,057 - root - INFO - | Epoch: 164/500 | Train Time: 0.173s | Train Loss: 7189.761077 |
2020-08-17 00:14:18,229 - root - INFO - | Epoch: 165/500 | Train Time: 0.172s | Train Loss: 7189.369475 |
2020-08-17 00:14:18,401 - root - INFO - | Epoch: 166/500 | Train Time: 0.172s | Train Loss: 7184.767773 |
2020-08-17 00:14:18,573 - root - INFO - | Epoch: 167/500 | Train Time: 0.172s | Train Loss: 7188.101172 |
2020-08-17 00:14:18,748 - root - INFO - | Epoch: 168/500 | Train Time: 0.175s | Train Loss: 7193.182171 |
2020-08-17 00:14:18,921 - root - INFO - | Epoch: 169/500 | Train Time: 0.173s | Train Loss: 7195.471568 |
2020-08-17 00:14:19,093 - root - INFO - | Epoch: 170/500 | Train Time: 0.172s | Train Loss: 7195.456166 |
2020-08-17 00:14:19,264 - root - INFO - | Epoch: 171/500 | Train Time: 0.171s | Train Loss: 7187.581459 |
2020-08-17 00:14:19,438 - root - INFO - | Epoch: 172/500 | Train Time: 0.174s | Train Loss: 7192.167927 |
2020-08-17 00:14:19,610 - root - INFO - | Epoch: 173/500 | Train Time: 0.172s | Train Loss: 7199.212416 |
2020-08-17 00:14:19,780 - root - INFO - | Epoch: 174/500 | Train Time: 0.170s | Train Loss: 7192.645592 |
2020-08-17 00:14:19,952 - root - INFO - | Epoch: 175/500 | Train Time: 0.172s | Train Loss: 7200.503041 |
2020-08-17 00:14:20,125 - root - INFO - | Epoch: 176/500 | Train Time: 0.173s | Train Loss: 7198.183691 |
2020-08-17 00:14:20,299 - root - INFO - | Epoch: 177/500 | Train Time: 0.175s | Train Loss: 7207.637081 |
2020-08-17 00:14:20,472 - root - INFO - | Epoch: 178/500 | Train Time: 0.172s | Train Loss: 7193.889718 |
2020-08-17 00:14:20,645 - root - INFO - | Epoch: 179/500 | Train Time: 0.173s | Train Loss: 7189.618583 |
2020-08-17 00:14:20,817 - root - INFO - | Epoch: 180/500 | Train Time: 0.172s | Train Loss: 7191.435589 |
2020-08-17 00:14:20,989 - root - INFO - | Epoch: 181/500 | Train Time: 0.172s | Train Loss: 7191.914007 |
2020-08-17 00:14:21,163 - root - INFO - | Epoch: 182/500 | Train Time: 0.174s | Train Loss: 7202.054241 |
2020-08-17 00:14:21,337 - root - INFO - | Epoch: 183/500 | Train Time: 0.174s | Train Loss: 7186.854506 |
2020-08-17 00:14:21,510 - root - INFO - | Epoch: 184/500 | Train Time: 0.173s | Train Loss: 7194.882436 |
2020-08-17 00:14:21,683 - root - INFO - | Epoch: 185/500 | Train Time: 0.172s | Train Loss: 7190.040123 |
2020-08-17 00:14:21,854 - root - INFO - | Epoch: 186/500 | Train Time: 0.171s | Train Loss: 7185.510310 |
2020-08-17 00:14:22,028 - root - INFO - | Epoch: 187/500 | Train Time: 0.174s | Train Loss: 7191.811440 |
2020-08-17 00:14:22,203 - root - INFO - | Epoch: 188/500 | Train Time: 0.175s | Train Loss: 7188.893025 |
2020-08-17 00:14:22,375 - root - INFO - | Epoch: 189/500 | Train Time: 0.172s | Train Loss: 7191.960798 |
2020-08-17 00:14:22,548 - root - INFO - | Epoch: 190/500 | Train Time: 0.173s | Train Loss: 7198.111189 |
2020-08-17 00:14:22,723 - root - INFO - | Epoch: 191/500 | Train Time: 0.174s | Train Loss: 7185.273647 |
2020-08-17 00:14:22,898 - root - INFO - | Epoch: 192/500 | Train Time: 0.175s | Train Loss: 7191.838281 |
2020-08-17 00:14:23,071 - root - INFO - | Epoch: 193/500 | Train Time: 0.173s | Train Loss: 7199.100056 |
2020-08-17 00:14:23,244 - root - INFO - | Epoch: 194/500 | Train Time: 0.173s | Train Loss: 7190.876437 |
2020-08-17 00:14:23,424 - root - INFO - | Epoch: 195/500 | Train Time: 0.180s | Train Loss: 7199.672168 |
2020-08-17 00:14:23,599 - root - INFO - | Epoch: 196/500 | Train Time: 0.175s | Train Loss: 7189.688532 |
2020-08-17 00:14:23,776 - root - INFO - | Epoch: 197/500 | Train Time: 0.177s | Train Loss: 7188.854478 |
2020-08-17 00:14:23,951 - root - INFO - | Epoch: 198/500 | Train Time: 0.175s | Train Loss: 7202.704660 |
2020-08-17 00:14:24,126 - root - INFO - | Epoch: 199/500 | Train Time: 0.174s | Train Loss: 7193.155092 |
2020-08-17 00:14:24,300 - root - INFO - | Epoch: 200/500 | Train Time: 0.175s | Train Loss: 7191.733161 |
2020-08-17 00:14:24,474 - root - INFO - | Epoch: 201/500 | Train Time: 0.174s | Train Loss: 7196.997489 |
2020-08-17 00:14:24,648 - root - INFO - | Epoch: 202/500 | Train Time: 0.174s | Train Loss: 7196.476744 |
2020-08-17 00:14:24,823 - root - INFO - | Epoch: 203/500 | Train Time: 0.175s | Train Loss: 7192.524009 |
2020-08-17 00:14:25,000 - root - INFO - | Epoch: 204/500 | Train Time: 0.176s | Train Loss: 7190.520940 |
2020-08-17 00:14:25,176 - root - INFO - | Epoch: 205/500 | Train Time: 0.176s | Train Loss: 7191.124316 |
2020-08-17 00:14:25,352 - root - INFO - | Epoch: 206/500 | Train Time: 0.176s | Train Loss: 7196.805720 |
2020-08-17 00:14:25,529 - root - INFO - | Epoch: 207/500 | Train Time: 0.177s | Train Loss: 7196.320619 |
2020-08-17 00:14:25,705 - root - INFO - | Epoch: 208/500 | Train Time: 0.176s | Train Loss: 7191.246038 |
2020-08-17 00:14:25,879 - root - INFO - | Epoch: 209/500 | Train Time: 0.174s | Train Loss: 7193.830483 |
2020-08-17 00:14:26,055 - root - INFO - | Epoch: 210/500 | Train Time: 0.176s | Train Loss: 7189.816671 |
2020-08-17 00:14:26,231 - root - INFO - | Epoch: 211/500 | Train Time: 0.176s | Train Loss: 7199.479102 |
2020-08-17 00:14:26,407 - root - INFO - | Epoch: 212/500 | Train Time: 0.176s | Train Loss: 7191.842383 |
2020-08-17 00:14:26,584 - root - INFO - | Epoch: 213/500 | Train Time: 0.176s | Train Loss: 7193.560310 |
2020-08-17 00:14:26,761 - root - INFO - | Epoch: 214/500 | Train Time: 0.177s | Train Loss: 7199.153223 |
2020-08-17 00:14:26,937 - root - INFO - | Epoch: 215/500 | Train Time: 0.176s | Train Loss: 7187.100363 |
2020-08-17 00:14:27,113 - root - INFO - | Epoch: 216/500 | Train Time: 0.176s | Train Loss: 7194.531236 |
2020-08-17 00:14:27,289 - root - INFO - | Epoch: 217/500 | Train Time: 0.175s | Train Loss: 7194.060631 |
2020-08-17 00:14:27,463 - root - INFO - | Epoch: 218/500 | Train Time: 0.174s | Train Loss: 7195.722321 |
2020-08-17 00:14:27,638 - root - INFO - | Epoch: 219/500 | Train Time: 0.175s | Train Loss: 7188.294350 |
2020-08-17 00:14:27,816 - root - INFO - | Epoch: 220/500 | Train Time: 0.177s | Train Loss: 7191.632603 |
2020-08-17 00:14:27,993 - root - INFO - | Epoch: 221/500 | Train Time: 0.177s | Train Loss: 7183.288044 |
2020-08-17 00:14:28,170 - root - INFO - | Epoch: 222/500 | Train Time: 0.177s | Train Loss: 7196.104660 |
2020-08-17 00:14:28,347 - root - INFO - | Epoch: 223/500 | Train Time: 0.177s | Train Loss: 7197.705706 |
2020-08-17 00:14:28,523 - root - INFO - | Epoch: 224/500 | Train Time: 0.176s | Train Loss: 7194.098493 |
2020-08-17 00:14:28,699 - root - INFO - | Epoch: 225/500 | Train Time: 0.176s | Train Loss: 7193.781431 |
2020-08-17 00:14:28,876 - root - INFO - | Epoch: 226/500 | Train Time: 0.177s | Train Loss: 7192.933831 |
2020-08-17 00:14:29,052 - root - INFO - | Epoch: 227/500 | Train Time: 0.176s | Train Loss: 7192.095605 |
2020-08-17 00:14:29,231 - root - INFO - | Epoch: 228/500 | Train Time: 0.178s | Train Loss: 7193.855957 |
2020-08-17 00:14:29,408 - root - INFO - | Epoch: 229/500 | Train Time: 0.177s | Train Loss: 7185.689328 |
2020-08-17 00:14:29,582 - root - INFO - | Epoch: 230/500 | Train Time: 0.173s | Train Loss: 7191.774777 |
2020-08-17 00:14:29,761 - root - INFO - | Epoch: 231/500 | Train Time: 0.179s | Train Loss: 7192.101465 |
2020-08-17 00:14:29,940 - root - INFO - | Epoch: 232/500 | Train Time: 0.179s | Train Loss: 7196.285965 |
2020-08-17 00:14:30,117 - root - INFO - | Epoch: 233/500 | Train Time: 0.176s | Train Loss: 7186.767397 |
2020-08-17 00:14:30,293 - root - INFO - | Epoch: 234/500 | Train Time: 0.176s | Train Loss: 7185.391755 |
2020-08-17 00:14:30,469 - root - INFO - | Epoch: 235/500 | Train Time: 0.176s | Train Loss: 7199.660882 |
2020-08-17 00:14:30,645 - root - INFO - | Epoch: 236/500 | Train Time: 0.176s | Train Loss: 7199.072531 |
2020-08-17 00:14:30,822 - root - INFO - | Epoch: 237/500 | Train Time: 0.177s | Train Loss: 7190.597726 |
2020-08-17 00:14:30,997 - root - INFO - | Epoch: 238/500 | Train Time: 0.174s | Train Loss: 7195.746024 |
2020-08-17 00:14:31,171 - root - INFO - | Epoch: 239/500 | Train Time: 0.174s | Train Loss: 7192.695020 |
2020-08-17 00:14:31,343 - root - INFO - | Epoch: 240/500 | Train Time: 0.172s | Train Loss: 7187.377651 |
2020-08-17 00:14:31,516 - root - INFO - | Epoch: 241/500 | Train Time: 0.172s | Train Loss: 7190.317257 |
2020-08-17 00:14:31,687 - root - INFO - | Epoch: 242/500 | Train Time: 0.171s | Train Loss: 7192.884389 |
2020-08-17 00:14:31,859 - root - INFO - | Epoch: 243/500 | Train Time: 0.172s | Train Loss: 7192.488114 |
2020-08-17 00:14:32,031 - root - INFO - | Epoch: 244/500 | Train Time: 0.172s | Train Loss: 7186.430134 |
2020-08-17 00:14:32,202 - root - INFO - | Epoch: 245/500 | Train Time: 0.171s | Train Loss: 7195.323563 |
2020-08-17 00:14:32,373 - root - INFO - | Epoch: 246/500 | Train Time: 0.172s | Train Loss: 7192.039816 |
2020-08-17 00:14:32,545 - root - INFO - | Epoch: 247/500 | Train Time: 0.172s | Train Loss: 7194.142425 |
2020-08-17 00:14:32,718 - root - INFO - | Epoch: 248/500 | Train Time: 0.173s | Train Loss: 7198.591950 |
2020-08-17 00:14:32,889 - root - INFO - | Epoch: 249/500 | Train Time: 0.170s | Train Loss: 7197.171749 |
2020-08-17 00:14:33,061 - root - INFO - | Epoch: 250/500 | Train Time: 0.173s | Train Loss: 7191.514900 |
2020-08-17 00:14:33,232 - root - INFO - | Epoch: 251/500 | Train Time: 0.171s | Train Loss: 7196.722042 |
2020-08-17 00:14:33,406 - root - INFO - | Epoch: 252/500 | Train Time: 0.173s | Train Loss: 7190.901493 |
2020-08-17 00:14:33,575 - root - INFO - | Epoch: 253/500 | Train Time: 0.169s | Train Loss: 7195.393806 |
2020-08-17 00:14:33,743 - root - INFO - | Epoch: 254/500 | Train Time: 0.168s | Train Loss: 7198.610519 |
2020-08-17 00:14:33,911 - root - INFO - | Epoch: 255/500 | Train Time: 0.168s | Train Loss: 7193.911523 |
2020-08-17 00:14:34,081 - root - INFO - | Epoch: 256/500 | Train Time: 0.169s | Train Loss: 7192.021205 |
2020-08-17 00:14:34,248 - root - INFO - | Epoch: 257/500 | Train Time: 0.167s | Train Loss: 7192.335073 |
2020-08-17 00:14:34,416 - root - INFO - | Epoch: 258/500 | Train Time: 0.168s | Train Loss: 7192.174065 |
2020-08-17 00:14:34,585 - root - INFO - | Epoch: 259/500 | Train Time: 0.169s | Train Loss: 7191.317229 |
2020-08-17 00:14:34,754 - root - INFO - | Epoch: 260/500 | Train Time: 0.169s | Train Loss: 7192.745215 |
2020-08-17 00:14:34,920 - root - INFO - | Epoch: 261/500 | Train Time: 0.166s | Train Loss: 7187.421470 |
2020-08-17 00:14:35,088 - root - INFO - | Epoch: 262/500 | Train Time: 0.168s | Train Loss: 7190.667564 |
2020-08-17 00:14:35,257 - root - INFO - | Epoch: 263/500 | Train Time: 0.169s | Train Loss: 7188.755329 |
2020-08-17 00:14:35,424 - root - INFO - | Epoch: 264/500 | Train Time: 0.167s | Train Loss: 7195.342592 |
2020-08-17 00:14:35,592 - root - INFO - | Epoch: 265/500 | Train Time: 0.168s | Train Loss: 7196.884124 |
2020-08-17 00:14:35,762 - root - INFO - | Epoch: 266/500 | Train Time: 0.169s | Train Loss: 7194.874261 |
2020-08-17 00:14:35,929 - root - INFO - | Epoch: 267/500 | Train Time: 0.167s | Train Loss: 7184.988128 |
2020-08-17 00:14:36,099 - root - INFO - | Epoch: 268/500 | Train Time: 0.170s | Train Loss: 7191.166169 |
2020-08-17 00:14:36,267 - root - INFO - | Epoch: 269/500 | Train Time: 0.168s | Train Loss: 7193.217522 |
2020-08-17 00:14:36,435 - root - INFO - | Epoch: 270/500 | Train Time: 0.167s | Train Loss: 7191.801479 |
2020-08-17 00:14:36,602 - root - INFO - | Epoch: 271/500 | Train Time: 0.167s | Train Loss: 7188.947126 |
2020-08-17 00:14:36,768 - root - INFO - | Epoch: 272/500 | Train Time: 0.166s | Train Loss: 7185.159807 |
2020-08-17 00:14:36,935 - root - INFO - | Epoch: 273/500 | Train Time: 0.167s | Train Loss: 7192.996052 |
2020-08-17 00:14:37,105 - root - INFO - | Epoch: 274/500 | Train Time: 0.170s | Train Loss: 7195.180720 |
2020-08-17 00:14:37,274 - root - INFO - | Epoch: 275/500 | Train Time: 0.169s | Train Loss: 7191.483329 |
2020-08-17 00:14:37,443 - root - INFO - | Epoch: 276/500 | Train Time: 0.169s | Train Loss: 7193.698354 |
2020-08-17 00:14:37,611 - root - INFO - | Epoch: 277/500 | Train Time: 0.168s | Train Loss: 7195.640876 |
2020-08-17 00:14:37,781 - root - INFO - | Epoch: 278/500 | Train Time: 0.170s | Train Loss: 7185.587402 |
2020-08-17 00:14:37,950 - root - INFO - | Epoch: 279/500 | Train Time: 0.169s | Train Loss: 7184.748842 |
2020-08-17 00:14:38,120 - root - INFO - | Epoch: 280/500 | Train Time: 0.170s | Train Loss: 7183.388867 |
2020-08-17 00:14:38,289 - root - INFO - | Epoch: 281/500 | Train Time: 0.169s | Train Loss: 7194.496749 |
2020-08-17 00:14:38,461 - root - INFO - | Epoch: 282/500 | Train Time: 0.172s | Train Loss: 7194.513839 |
2020-08-17 00:14:38,627 - root - INFO - | Epoch: 283/500 | Train Time: 0.166s | Train Loss: 7187.482896 |
2020-08-17 00:14:38,800 - root - INFO - | Epoch: 284/500 | Train Time: 0.172s | Train Loss: 7197.953320 |
2020-08-17 00:14:38,970 - root - INFO - | Epoch: 285/500 | Train Time: 0.170s | Train Loss: 7187.871122 |
2020-08-17 00:14:39,139 - root - INFO - | Epoch: 286/500 | Train Time: 0.169s | Train Loss: 7198.978962 |
2020-08-17 00:14:39,310 - root - INFO - | Epoch: 287/500 | Train Time: 0.170s | Train Loss: 7189.770884 |
2020-08-17 00:14:39,477 - root - INFO - | Epoch: 288/500 | Train Time: 0.167s | Train Loss: 7196.110882 |
2020-08-17 00:14:39,646 - root - INFO - | Epoch: 289/500 | Train Time: 0.169s | Train Loss: 7183.389411 |
2020-08-17 00:14:39,814 - root - INFO - | Epoch: 290/500 | Train Time: 0.168s | Train Loss: 7195.362458 |
2020-08-17 00:14:39,983 - root - INFO - | Epoch: 291/500 | Train Time: 0.169s | Train Loss: 7183.319266 |
2020-08-17 00:14:40,151 - root - INFO - | Epoch: 292/500 | Train Time: 0.169s | Train Loss: 7193.158343 |
2020-08-17 00:14:40,320 - root - INFO - | Epoch: 293/500 | Train Time: 0.168s | Train Loss: 7184.867690 |
2020-08-17 00:14:40,489 - root - INFO - | Epoch: 294/500 | Train Time: 0.169s | Train Loss: 7186.774205 |
2020-08-17 00:14:40,659 - root - INFO - | Epoch: 295/500 | Train Time: 0.171s | Train Loss: 7184.363393 |
2020-08-17 00:14:40,831 - root - INFO - | Epoch: 296/500 | Train Time: 0.171s | Train Loss: 7185.430078 |
2020-08-17 00:14:40,999 - root - INFO - | Epoch: 297/500 | Train Time: 0.169s | Train Loss: 7191.292411 |
2020-08-17 00:14:41,168 - root - INFO - | Epoch: 298/500 | Train Time: 0.168s | Train Loss: 7191.071066 |
2020-08-17 00:14:41,335 - root - INFO - | Epoch: 299/500 | Train Time: 0.168s | Train Loss: 7183.716099 |
2020-08-17 00:14:41,505 - root - INFO - | Epoch: 300/500 | Train Time: 0.169s | Train Loss: 7185.609375 |
2020-08-17 00:14:41,677 - root - INFO - | Epoch: 301/500 | Train Time: 0.172s | Train Loss: 7194.527121 |
2020-08-17 00:14:41,848 - root - INFO - | Epoch: 302/500 | Train Time: 0.171s | Train Loss: 7184.910812 |
2020-08-17 00:14:42,019 - root - INFO - | Epoch: 303/500 | Train Time: 0.170s | Train Loss: 7188.173577 |
2020-08-17 00:14:42,188 - root - INFO - | Epoch: 304/500 | Train Time: 0.169s | Train Loss: 7189.898438 |
2020-08-17 00:14:42,360 - root - INFO - | Epoch: 305/500 | Train Time: 0.172s | Train Loss: 7192.471429 |
2020-08-17 00:14:42,532 - root - INFO - | Epoch: 306/500 | Train Time: 0.172s | Train Loss: 7184.775977 |
2020-08-17 00:14:42,705 - root - INFO - | Epoch: 307/500 | Train Time: 0.172s | Train Loss: 7189.421666 |
2020-08-17 00:14:42,876 - root - INFO - | Epoch: 308/500 | Train Time: 0.171s | Train Loss: 7185.122586 |
2020-08-17 00:14:43,047 - root - INFO - | Epoch: 309/500 | Train Time: 0.171s | Train Loss: 7191.937040 |
2020-08-17 00:14:43,220 - root - INFO - | Epoch: 310/500 | Train Time: 0.172s | Train Loss: 7189.734682 |
2020-08-17 00:14:43,391 - root - INFO - | Epoch: 311/500 | Train Time: 0.171s | Train Loss: 7188.939676 |
2020-08-17 00:14:43,561 - root - INFO - | Epoch: 312/500 | Train Time: 0.170s | Train Loss: 7195.627441 |
2020-08-17 00:14:43,734 - root - INFO - | Epoch: 313/500 | Train Time: 0.173s | Train Loss: 7185.481027 |
2020-08-17 00:14:43,905 - root - INFO - | Epoch: 314/500 | Train Time: 0.170s | Train Loss: 7190.448019 |
2020-08-17 00:14:44,076 - root - INFO - | Epoch: 315/500 | Train Time: 0.171s | Train Loss: 7187.521415 |
2020-08-17 00:14:44,245 - root - INFO - | Epoch: 316/500 | Train Time: 0.169s | Train Loss: 7189.346819 |
2020-08-17 00:14:44,417 - root - INFO - | Epoch: 317/500 | Train Time: 0.172s | Train Loss: 7197.464035 |
2020-08-17 00:14:44,589 - root - INFO - | Epoch: 318/500 | Train Time: 0.173s | Train Loss: 7187.283078 |
2020-08-17 00:14:44,758 - root - INFO - | Epoch: 319/500 | Train Time: 0.168s | Train Loss: 7189.875572 |
2020-08-17 00:14:44,926 - root - INFO - | Epoch: 320/500 | Train Time: 0.168s | Train Loss: 7188.771708 |
2020-08-17 00:14:45,097 - root - INFO - | Epoch: 321/500 | Train Time: 0.170s | Train Loss: 7190.479618 |
2020-08-17 00:14:45,267 - root - INFO - | Epoch: 322/500 | Train Time: 0.170s | Train Loss: 7187.779088 |
2020-08-17 00:14:45,436 - root - INFO - | Epoch: 323/500 | Train Time: 0.169s | Train Loss: 7187.880441 |
2020-08-17 00:14:45,605 - root - INFO - | Epoch: 324/500 | Train Time: 0.168s | Train Loss: 7190.389955 |
2020-08-17 00:14:45,776 - root - INFO - | Epoch: 325/500 | Train Time: 0.171s | Train Loss: 7195.378739 |
2020-08-17 00:14:45,948 - root - INFO - | Epoch: 326/500 | Train Time: 0.172s | Train Loss: 7192.922782 |
2020-08-17 00:14:46,119 - root - INFO - | Epoch: 327/500 | Train Time: 0.171s | Train Loss: 7196.616881 |
2020-08-17 00:14:46,291 - root - INFO - | Epoch: 328/500 | Train Time: 0.171s | Train Loss: 7182.273758 |
2020-08-17 00:14:46,461 - root - INFO - | Epoch: 329/500 | Train Time: 0.169s | Train Loss: 7191.441016 |
2020-08-17 00:14:46,630 - root - INFO - | Epoch: 330/500 | Train Time: 0.169s | Train Loss: 7189.483984 |
2020-08-17 00:14:46,799 - root - INFO - | Epoch: 331/500 | Train Time: 0.169s | Train Loss: 7190.612988 |
2020-08-17 00:14:46,971 - root - INFO - | Epoch: 332/500 | Train Time: 0.171s | Train Loss: 7189.382799 |
2020-08-17 00:14:47,142 - root - INFO - | Epoch: 333/500 | Train Time: 0.171s | Train Loss: 7191.135547 |
2020-08-17 00:14:47,312 - root - INFO - | Epoch: 334/500 | Train Time: 0.170s | Train Loss: 7185.727762 |
2020-08-17 00:14:47,485 - root - INFO - | Epoch: 335/500 | Train Time: 0.173s | Train Loss: 7186.519182 |
2020-08-17 00:14:47,658 - root - INFO - | Epoch: 336/500 | Train Time: 0.172s | Train Loss: 7190.515848 |
2020-08-17 00:14:47,830 - root - INFO - | Epoch: 337/500 | Train Time: 0.172s | Train Loss: 7189.927790 |
2020-08-17 00:14:48,002 - root - INFO - | Epoch: 338/500 | Train Time: 0.171s | Train Loss: 7185.170605 |
2020-08-17 00:14:48,173 - root - INFO - | Epoch: 339/500 | Train Time: 0.172s | Train Loss: 7181.334542 |
2020-08-17 00:14:48,341 - root - INFO - | Epoch: 340/500 | Train Time: 0.167s | Train Loss: 7192.032840 |
2020-08-17 00:14:48,511 - root - INFO - | Epoch: 341/500 | Train Time: 0.170s | Train Loss: 7177.425293 |
2020-08-17 00:14:48,679 - root - INFO - | Epoch: 342/500 | Train Time: 0.168s | Train Loss: 7192.298577 |
2020-08-17 00:14:48,852 - root - INFO - | Epoch: 343/500 | Train Time: 0.172s | Train Loss: 7190.859361 |
2020-08-17 00:14:49,023 - root - INFO - | Epoch: 344/500 | Train Time: 0.171s | Train Loss: 7191.902037 |
2020-08-17 00:14:49,192 - root - INFO - | Epoch: 345/500 | Train Time: 0.169s | Train Loss: 7184.546638 |
2020-08-17 00:14:49,360 - root - INFO - | Epoch: 346/500 | Train Time: 0.168s | Train Loss: 7184.990332 |
2020-08-17 00:14:49,531 - root - INFO - | Epoch: 347/500 | Train Time: 0.170s | Train Loss: 7192.069880 |
2020-08-17 00:14:49,701 - root - INFO - | Epoch: 348/500 | Train Time: 0.170s | Train Loss: 7187.390458 |
2020-08-17 00:14:49,871 - root - INFO - | Epoch: 349/500 | Train Time: 0.170s | Train Loss: 7183.819964 |
2020-08-17 00:14:50,043 - root - INFO - | Epoch: 350/500 | Train Time: 0.172s | Train Loss: 7180.498117 |
2020-08-17 00:14:50,213 - root - INFO - | Epoch: 351/500 | Train Time: 0.171s | Train Loss: 7183.139746 |
2020-08-17 00:14:50,383 - root - INFO - | Epoch: 352/500 | Train Time: 0.170s | Train Loss: 7186.477051 |
2020-08-17 00:14:50,553 - root - INFO - | Epoch: 353/500 | Train Time: 0.170s | Train Loss: 7190.712542 |
2020-08-17 00:14:50,723 - root - INFO - | Epoch: 354/500 | Train Time: 0.170s | Train Loss: 7188.076493 |
2020-08-17 00:14:50,893 - root - INFO - | Epoch: 355/500 | Train Time: 0.170s | Train Loss: 7173.797698 |
2020-08-17 00:14:51,065 - root - INFO - | Epoch: 356/500 | Train Time: 0.172s | Train Loss: 7194.363895 |
2020-08-17 00:14:51,233 - root - INFO - | Epoch: 357/500 | Train Time: 0.167s | Train Loss: 7194.966253 |
2020-08-17 00:14:51,402 - root - INFO - | Epoch: 358/500 | Train Time: 0.169s | Train Loss: 7180.477441 |
2020-08-17 00:14:51,574 - root - INFO - | Epoch: 359/500 | Train Time: 0.171s | Train Loss: 7193.943736 |
2020-08-17 00:14:51,743 - root - INFO - | Epoch: 360/500 | Train Time: 0.169s | Train Loss: 7178.540444 |
2020-08-17 00:14:51,913 - root - INFO - | Epoch: 361/500 | Train Time: 0.170s | Train Loss: 7195.029325 |
2020-08-17 00:14:52,085 - root - INFO - | Epoch: 362/500 | Train Time: 0.172s | Train Loss: 7190.435603 |
2020-08-17 00:14:52,253 - root - INFO - | Epoch: 363/500 | Train Time: 0.169s | Train Loss: 7181.100014 |
2020-08-17 00:14:52,425 - root - INFO - | Epoch: 364/500 | Train Time: 0.171s | Train Loss: 7188.859696 |
2020-08-17 00:14:52,595 - root - INFO - | Epoch: 365/500 | Train Time: 0.170s | Train Loss: 7186.953920 |
2020-08-17 00:14:52,766 - root - INFO - | Epoch: 366/500 | Train Time: 0.171s | Train Loss: 7188.122419 |
2020-08-17 00:14:52,935 - root - INFO - | Epoch: 367/500 | Train Time: 0.168s | Train Loss: 7191.228097 |
2020-08-17 00:14:53,105 - root - INFO - | Epoch: 368/500 | Train Time: 0.170s | Train Loss: 7189.076702 |
2020-08-17 00:14:53,274 - root - INFO - | Epoch: 369/500 | Train Time: 0.168s | Train Loss: 7189.366099 |
2020-08-17 00:14:53,443 - root - INFO - | Epoch: 370/500 | Train Time: 0.169s | Train Loss: 7183.597866 |
2020-08-17 00:14:53,615 - root - INFO - | Epoch: 371/500 | Train Time: 0.172s | Train Loss: 7186.281641 |
2020-08-17 00:14:53,785 - root - INFO - | Epoch: 372/500 | Train Time: 0.170s | Train Loss: 7181.909794 |
2020-08-17 00:14:53,956 - root - INFO - | Epoch: 373/500 | Train Time: 0.171s | Train Loss: 7181.076688 |
2020-08-17 00:14:54,125 - root - INFO - | Epoch: 374/500 | Train Time: 0.169s | Train Loss: 7183.793387 |
2020-08-17 00:14:54,295 - root - INFO - | Epoch: 375/500 | Train Time: 0.170s | Train Loss: 7185.816462 |
2020-08-17 00:14:54,462 - root - INFO - | Epoch: 376/500 | Train Time: 0.168s | Train Loss: 7186.158050 |
2020-08-17 00:14:54,634 - root - INFO - | Epoch: 377/500 | Train Time: 0.171s | Train Loss: 7182.060686 |
2020-08-17 00:14:54,803 - root - INFO - | Epoch: 378/500 | Train Time: 0.169s | Train Loss: 7190.255399 |
2020-08-17 00:14:54,974 - root - INFO - | Epoch: 379/500 | Train Time: 0.171s | Train Loss: 7194.604506 |
2020-08-17 00:14:55,144 - root - INFO - | Epoch: 380/500 | Train Time: 0.169s | Train Loss: 7189.325223 |
2020-08-17 00:14:55,317 - root - INFO - | Epoch: 381/500 | Train Time: 0.173s | Train Loss: 7194.231236 |
2020-08-17 00:14:55,488 - root - INFO - | Epoch: 382/500 | Train Time: 0.172s | Train Loss: 7187.185212 |
2020-08-17 00:14:55,660 - root - INFO - | Epoch: 383/500 | Train Time: 0.172s | Train Loss: 7192.712193 |
2020-08-17 00:14:55,830 - root - INFO - | Epoch: 384/500 | Train Time: 0.170s | Train Loss: 7192.643917 |
2020-08-17 00:14:56,000 - root - INFO - | Epoch: 385/500 | Train Time: 0.170s | Train Loss: 7190.733650 |
2020-08-17 00:14:56,168 - root - INFO - | Epoch: 386/500 | Train Time: 0.168s | Train Loss: 7182.705776 |
2020-08-17 00:14:56,339 - root - INFO - | Epoch: 387/500 | Train Time: 0.172s | Train Loss: 7183.772656 |
2020-08-17 00:14:56,511 - root - INFO - | Epoch: 388/500 | Train Time: 0.171s | Train Loss: 7190.766420 |
2020-08-17 00:14:56,683 - root - INFO - | Epoch: 389/500 | Train Time: 0.172s | Train Loss: 7183.423005 |
2020-08-17 00:14:56,858 - root - INFO - | Epoch: 390/500 | Train Time: 0.175s | Train Loss: 7183.574595 |
2020-08-17 00:14:57,033 - root - INFO - | Epoch: 391/500 | Train Time: 0.175s | Train Loss: 7181.276186 |
2020-08-17 00:14:57,205 - root - INFO - | Epoch: 392/500 | Train Time: 0.172s | Train Loss: 7185.013714 |
2020-08-17 00:14:57,378 - root - INFO - | Epoch: 393/500 | Train Time: 0.173s | Train Loss: 7185.676702 |
2020-08-17 00:14:57,551 - root - INFO - | Epoch: 394/500 | Train Time: 0.173s | Train Loss: 7186.835840 |
2020-08-17 00:14:57,725 - root - INFO - | Epoch: 395/500 | Train Time: 0.174s | Train Loss: 7188.761830 |
2020-08-17 00:14:57,899 - root - INFO - | Epoch: 396/500 | Train Time: 0.174s | Train Loss: 7185.387974 |
2020-08-17 00:14:58,073 - root - INFO - | Epoch: 397/500 | Train Time: 0.174s | Train Loss: 7191.746652 |
2020-08-17 00:14:58,246 - root - INFO - | Epoch: 398/500 | Train Time: 0.173s | Train Loss: 7184.567983 |
2020-08-17 00:14:58,419 - root - INFO - | Epoch: 399/500 | Train Time: 0.172s | Train Loss: 7180.569908 |
2020-08-17 00:14:58,590 - root - INFO - | Epoch: 400/500 | Train Time: 0.171s | Train Loss: 7183.680929 |
2020-08-17 00:14:58,762 - root - INFO - | Epoch: 401/500 | Train Time: 0.172s | Train Loss: 7190.116406 |
2020-08-17 00:14:58,936 - root - INFO - | Epoch: 402/500 | Train Time: 0.174s | Train Loss: 7188.834040 |
2020-08-17 00:14:59,109 - root - INFO - | Epoch: 403/500 | Train Time: 0.172s | Train Loss: 7188.250474 |
2020-08-17 00:14:59,284 - root - INFO - | Epoch: 404/500 | Train Time: 0.175s | Train Loss: 7189.386705 |
2020-08-17 00:14:59,457 - root - INFO - | Epoch: 405/500 | Train Time: 0.173s | Train Loss: 7181.986049 |
2020-08-17 00:14:59,630 - root - INFO - | Epoch: 406/500 | Train Time: 0.172s | Train Loss: 7184.622628 |
2020-08-17 00:14:59,804 - root - INFO - | Epoch: 407/500 | Train Time: 0.175s | Train Loss: 7184.660184 |
2020-08-17 00:14:59,978 - root - INFO - | Epoch: 408/500 | Train Time: 0.173s | Train Loss: 7192.125014 |
2020-08-17 00:15:00,149 - root - INFO - | Epoch: 409/500 | Train Time: 0.171s | Train Loss: 7184.509752 |
2020-08-17 00:15:00,316 - root - INFO - | Epoch: 410/500 | Train Time: 0.167s | Train Loss: 7177.045898 |
2020-08-17 00:15:00,489 - root - INFO - | Epoch: 411/500 | Train Time: 0.173s | Train Loss: 7190.833747 |
2020-08-17 00:15:00,660 - root - INFO - | Epoch: 412/500 | Train Time: 0.171s | Train Loss: 7181.831738 |
2020-08-17 00:15:00,832 - root - INFO - | Epoch: 413/500 | Train Time: 0.172s | Train Loss: 7188.470675 |
2020-08-17 00:15:01,004 - root - INFO - | Epoch: 414/500 | Train Time: 0.172s | Train Loss: 7184.149581 |
2020-08-17 00:15:01,173 - root - INFO - | Epoch: 415/500 | Train Time: 0.168s | Train Loss: 7190.544448 |
2020-08-17 00:15:01,347 - root - INFO - | Epoch: 416/500 | Train Time: 0.174s | Train Loss: 7190.620550 |
2020-08-17 00:15:01,522 - root - INFO - | Epoch: 417/500 | Train Time: 0.175s | Train Loss: 7188.513463 |
2020-08-17 00:15:01,695 - root - INFO - | Epoch: 418/500 | Train Time: 0.173s | Train Loss: 7194.971233 |
2020-08-17 00:15:01,869 - root - INFO - | Epoch: 419/500 | Train Time: 0.173s | Train Loss: 7183.741030 |
2020-08-17 00:15:02,044 - root - INFO - | Epoch: 420/500 | Train Time: 0.175s | Train Loss: 7193.264607 |
2020-08-17 00:15:02,216 - root - INFO - | Epoch: 421/500 | Train Time: 0.172s | Train Loss: 7192.172586 |
2020-08-17 00:15:02,389 - root - INFO - | Epoch: 422/500 | Train Time: 0.173s | Train Loss: 7189.969936 |
2020-08-17 00:15:02,567 - root - INFO - | Epoch: 423/500 | Train Time: 0.177s | Train Loss: 7185.499037 |
2020-08-17 00:15:02,739 - root - INFO - | Epoch: 424/500 | Train Time: 0.172s | Train Loss: 7186.809780 |
2020-08-17 00:15:02,913 - root - INFO - | Epoch: 425/500 | Train Time: 0.175s | Train Loss: 7184.141044 |
2020-08-17 00:15:03,087 - root - INFO - | Epoch: 426/500 | Train Time: 0.173s | Train Loss: 7185.145396 |
2020-08-17 00:15:03,259 - root - INFO - | Epoch: 427/500 | Train Time: 0.172s | Train Loss: 7193.906892 |
2020-08-17 00:15:03,435 - root - INFO - | Epoch: 428/500 | Train Time: 0.176s | Train Loss: 7188.260100 |
2020-08-17 00:15:03,611 - root - INFO - | Epoch: 429/500 | Train Time: 0.176s | Train Loss: 7193.223940 |
2020-08-17 00:15:03,786 - root - INFO - | Epoch: 430/500 | Train Time: 0.175s | Train Loss: 7194.956934 |
2020-08-17 00:15:03,960 - root - INFO - | Epoch: 431/500 | Train Time: 0.173s | Train Loss: 7188.700488 |
2020-08-17 00:15:04,135 - root - INFO - | Epoch: 432/500 | Train Time: 0.175s | Train Loss: 7186.771847 |
2020-08-17 00:15:04,315 - root - INFO - | Epoch: 433/500 | Train Time: 0.180s | Train Loss: 7186.796456 |
2020-08-17 00:15:04,489 - root - INFO - | Epoch: 434/500 | Train Time: 0.174s | Train Loss: 7187.282603 |
2020-08-17 00:15:04,661 - root - INFO - | Epoch: 435/500 | Train Time: 0.172s | Train Loss: 7187.904395 |
2020-08-17 00:15:04,835 - root - INFO - | Epoch: 436/500 | Train Time: 0.174s | Train Loss: 7192.160226 |
2020-08-17 00:15:05,008 - root - INFO - | Epoch: 437/500 | Train Time: 0.173s | Train Loss: 7190.165346 |
2020-08-17 00:15:05,182 - root - INFO - | Epoch: 438/500 | Train Time: 0.174s | Train Loss: 7179.086537 |
2020-08-17 00:15:05,355 - root - INFO - | Epoch: 439/500 | Train Time: 0.173s | Train Loss: 7184.409584 |
2020-08-17 00:15:05,526 - root - INFO - | Epoch: 440/500 | Train Time: 0.171s | Train Loss: 7182.374805 |
2020-08-17 00:15:05,698 - root - INFO - | Epoch: 441/500 | Train Time: 0.172s | Train Loss: 7192.761635 |
2020-08-17 00:15:05,871 - root - INFO - | Epoch: 442/500 | Train Time: 0.173s | Train Loss: 7194.282868 |
2020-08-17 00:15:06,043 - root - INFO - | Epoch: 443/500 | Train Time: 0.172s | Train Loss: 7188.870731 |
2020-08-17 00:15:06,218 - root - INFO - | Epoch: 444/500 | Train Time: 0.174s | Train Loss: 7198.173619 |
2020-08-17 00:15:06,388 - root - INFO - | Epoch: 445/500 | Train Time: 0.170s | Train Loss: 7191.086802 |
2020-08-17 00:15:06,561 - root - INFO - | Epoch: 446/500 | Train Time: 0.173s | Train Loss: 7188.285826 |
2020-08-17 00:15:06,735 - root - INFO - | Epoch: 447/500 | Train Time: 0.174s | Train Loss: 7188.883636 |
2020-08-17 00:15:06,907 - root - INFO - | Epoch: 448/500 | Train Time: 0.172s | Train Loss: 7187.371847 |
2020-08-17 00:15:07,080 - root - INFO - | Epoch: 449/500 | Train Time: 0.174s | Train Loss: 7182.383998 |
2020-08-17 00:15:07,254 - root - INFO - | Epoch: 450/500 | Train Time: 0.173s | Train Loss: 7187.495773 |
2020-08-17 00:15:07,426 - root - INFO - | Epoch: 451/500 | Train Time: 0.173s | Train Loss: 7189.344852 |
2020-08-17 00:15:07,597 - root - INFO - | Epoch: 452/500 | Train Time: 0.170s | Train Loss: 7185.918150 |
2020-08-17 00:15:07,771 - root - INFO - | Epoch: 453/500 | Train Time: 0.174s | Train Loss: 7187.898549 |
2020-08-17 00:15:07,944 - root - INFO - | Epoch: 454/500 | Train Time: 0.173s | Train Loss: 7182.834501 |
2020-08-17 00:15:08,119 - root - INFO - | Epoch: 455/500 | Train Time: 0.175s | Train Loss: 7186.912374 |
2020-08-17 00:15:08,294 - root - INFO - | Epoch: 456/500 | Train Time: 0.176s | Train Loss: 7186.506975 |
2020-08-17 00:15:08,466 - root - INFO - | Epoch: 457/500 | Train Time: 0.172s | Train Loss: 7185.304562 |
2020-08-17 00:15:08,639 - root - INFO - | Epoch: 458/500 | Train Time: 0.173s | Train Loss: 7188.434863 |
2020-08-17 00:15:08,813 - root - INFO - | Epoch: 459/500 | Train Time: 0.174s | Train Loss: 7183.702107 |
2020-08-17 00:15:08,988 - root - INFO - | Epoch: 460/500 | Train Time: 0.175s | Train Loss: 7187.960742 |
2020-08-17 00:15:09,163 - root - INFO - | Epoch: 461/500 | Train Time: 0.175s | Train Loss: 7187.789328 |
2020-08-17 00:15:09,336 - root - INFO - | Epoch: 462/500 | Train Time: 0.174s | Train Loss: 7188.045871 |
2020-08-17 00:15:09,513 - root - INFO - | Epoch: 463/500 | Train Time: 0.176s | Train Loss: 7182.909947 |
2020-08-17 00:15:09,685 - root - INFO - | Epoch: 464/500 | Train Time: 0.173s | Train Loss: 7188.164788 |
2020-08-17 00:15:09,857 - root - INFO - | Epoch: 465/500 | Train Time: 0.172s | Train Loss: 7191.627358 |
2020-08-17 00:15:10,045 - root - INFO - | Epoch: 466/500 | Train Time: 0.188s | Train Loss: 7187.629771 |
2020-08-17 00:15:10,212 - root - INFO - | Epoch: 467/500 | Train Time: 0.167s | Train Loss: 7175.055622 |
2020-08-17 00:15:10,378 - root - INFO - | Epoch: 468/500 | Train Time: 0.166s | Train Loss: 7189.380539 |
2020-08-17 00:15:10,546 - root - INFO - | Epoch: 469/500 | Train Time: 0.168s | Train Loss: 7184.111258 |
2020-08-17 00:15:10,713 - root - INFO - | Epoch: 470/500 | Train Time: 0.167s | Train Loss: 7189.692857 |
2020-08-17 00:15:10,878 - root - INFO - | Epoch: 471/500 | Train Time: 0.165s | Train Loss: 7188.366936 |
2020-08-17 00:15:11,047 - root - INFO - | Epoch: 472/500 | Train Time: 0.168s | Train Loss: 7192.740792 |
2020-08-17 00:15:11,213 - root - INFO - | Epoch: 473/500 | Train Time: 0.166s | Train Loss: 7187.177455 |
2020-08-17 00:15:11,381 - root - INFO - | Epoch: 474/500 | Train Time: 0.168s | Train Loss: 7190.168262 |
2020-08-17 00:15:11,546 - root - INFO - | Epoch: 475/500 | Train Time: 0.165s | Train Loss: 7193.754855 |
2020-08-17 00:15:11,711 - root - INFO - | Epoch: 476/500 | Train Time: 0.165s | Train Loss: 7183.956808 |
2020-08-17 00:15:11,879 - root - INFO - | Epoch: 477/500 | Train Time: 0.168s | Train Loss: 7190.058594 |
2020-08-17 00:15:12,046 - root - INFO - | Epoch: 478/500 | Train Time: 0.167s | Train Loss: 7180.193862 |
2020-08-17 00:15:12,213 - root - INFO - | Epoch: 479/500 | Train Time: 0.167s | Train Loss: 7180.263853 |
2020-08-17 00:15:12,380 - root - INFO - | Epoch: 480/500 | Train Time: 0.167s | Train Loss: 7183.905218 |
2020-08-17 00:15:12,547 - root - INFO - | Epoch: 481/500 | Train Time: 0.167s | Train Loss: 7186.731948 |
2020-08-17 00:15:12,714 - root - INFO - | Epoch: 482/500 | Train Time: 0.166s | Train Loss: 7190.104953 |
2020-08-17 00:15:12,880 - root - INFO - | Epoch: 483/500 | Train Time: 0.166s | Train Loss: 7197.170187 |
2020-08-17 00:15:13,047 - root - INFO - | Epoch: 484/500 | Train Time: 0.167s | Train Loss: 7190.077874 |
2020-08-17 00:15:13,224 - root - INFO - | Epoch: 485/500 | Train Time: 0.177s | Train Loss: 7186.584710 |
2020-08-17 00:15:13,396 - root - INFO - | Epoch: 486/500 | Train Time: 0.172s | Train Loss: 7184.545424 |
2020-08-17 00:15:13,567 - root - INFO - | Epoch: 487/500 | Train Time: 0.171s | Train Loss: 7183.932882 |
2020-08-17 00:15:13,740 - root - INFO - | Epoch: 488/500 | Train Time: 0.173s | Train Loss: 7178.593890 |
2020-08-17 00:15:13,915 - root - INFO - | Epoch: 489/500 | Train Time: 0.175s | Train Loss: 7192.154297 |
2020-08-17 00:15:14,089 - root - INFO - | Epoch: 490/500 | Train Time: 0.174s | Train Loss: 7188.655566 |
2020-08-17 00:15:14,261 - root - INFO - | Epoch: 491/500 | Train Time: 0.172s | Train Loss: 7190.469950 |
2020-08-17 00:15:14,435 - root - INFO - | Epoch: 492/500 | Train Time: 0.174s | Train Loss: 7186.766239 |
2020-08-17 00:15:14,608 - root - INFO - | Epoch: 493/500 | Train Time: 0.173s | Train Loss: 7187.003920 |
2020-08-17 00:15:14,777 - root - INFO - | Epoch: 494/500 | Train Time: 0.168s | Train Loss: 7188.321777 |
2020-08-17 00:15:14,945 - root - INFO - | Epoch: 495/500 | Train Time: 0.168s | Train Loss: 7179.953139 |
2020-08-17 00:15:15,115 - root - INFO - | Epoch: 496/500 | Train Time: 0.170s | Train Loss: 7190.042843 |
2020-08-17 00:15:15,284 - root - INFO - | Epoch: 497/500 | Train Time: 0.169s | Train Loss: 7189.118359 |
2020-08-17 00:15:15,455 - root - INFO - | Epoch: 498/500 | Train Time: 0.171s | Train Loss: 7191.796833 |
2020-08-17 00:15:15,626 - root - INFO - | Epoch: 499/500 | Train Time: 0.171s | Train Loss: 7188.873856 |
2020-08-17 00:15:15,796 - root - INFO - | Epoch: 500/500 | Train Time: 0.170s | Train Loss: 7193.823396 |
2020-08-17 00:15:15,796 - root - INFO - Training Time: 85.319s
2020-08-17 00:15:15,796 - root - INFO - Finished training.
2020-08-17 00:15:15,797 - root - INFO - Starting testing...
2020-08-17 00:15:15,814 - root - INFO - Test Time: 0.017s
2020-08-17 00:15:15,814 - root - INFO - Finished testing.
2020-08-17 00:15:15,888 - root - INFO - Starting testing...
2020-08-17 00:15:15,906 - root - INFO - Test Time: 0.018s
2020-08-17 00:15:15,906 - root - INFO - Finished testing.
