2020-08-10 07:55:47,461 - root - INFO - Hey I am loading net for you!
2020-08-10 07:55:49,260 - root - INFO - Setting hyper-parameters!
2020-08-10 07:55:49,261 - root - INFO - Starting training...
2020-08-10 07:55:49,444 - root - INFO - | Epoch: 001/100 | Train Time: 0.183s | Train Loss: 0.437407 |
2020-08-10 07:55:49,625 - root - INFO - | Epoch: 002/100 | Train Time: 0.181s | Train Loss: 0.433379 |
2020-08-10 07:55:49,806 - root - INFO - | Epoch: 003/100 | Train Time: 0.181s | Train Loss: 0.429917 |
2020-08-10 07:55:49,986 - root - INFO - | Epoch: 004/100 | Train Time: 0.179s | Train Loss: 0.424529 |
2020-08-10 07:55:50,165 - root - INFO - | Epoch: 005/100 | Train Time: 0.180s | Train Loss: 0.420835 |
2020-08-10 07:55:50,345 - root - INFO - | Epoch: 006/100 | Train Time: 0.179s | Train Loss: 0.416901 |
2020-08-10 07:55:50,526 - root - INFO - | Epoch: 007/100 | Train Time: 0.181s | Train Loss: 0.413435 |
2020-08-10 07:55:50,707 - root - INFO - | Epoch: 008/100 | Train Time: 0.180s | Train Loss: 0.410577 |
2020-08-10 07:55:50,883 - root - INFO - | Epoch: 009/100 | Train Time: 0.176s | Train Loss: 0.406407 |
2020-08-10 07:55:51,062 - root - INFO - | Epoch: 010/100 | Train Time: 0.179s | Train Loss: 0.403614 |
2020-08-10 07:55:51,241 - root - INFO - | Epoch: 011/100 | Train Time: 0.179s | Train Loss: 0.400387 |
2020-08-10 07:55:51,418 - root - INFO - | Epoch: 012/100 | Train Time: 0.177s | Train Loss: 0.397990 |
2020-08-10 07:55:51,598 - root - INFO - | Epoch: 013/100 | Train Time: 0.179s | Train Loss: 0.394890 |
2020-08-10 07:55:51,777 - root - INFO - | Epoch: 014/100 | Train Time: 0.179s | Train Loss: 0.392461 |
2020-08-10 07:55:51,957 - root - INFO - | Epoch: 015/100 | Train Time: 0.180s | Train Loss: 0.390160 |
2020-08-10 07:55:52,137 - root - INFO - | Epoch: 016/100 | Train Time: 0.180s | Train Loss: 0.387402 |
2020-08-10 07:55:52,314 - root - INFO - | Epoch: 017/100 | Train Time: 0.178s | Train Loss: 0.383120 |
2020-08-10 07:55:52,491 - root - INFO - | Epoch: 018/100 | Train Time: 0.177s | Train Loss: 0.383480 |
2020-08-10 07:55:52,669 - root - INFO - | Epoch: 019/100 | Train Time: 0.178s | Train Loss: 0.381592 |
2020-08-10 07:55:52,847 - root - INFO - | Epoch: 020/100 | Train Time: 0.178s | Train Loss: 0.379949 |
2020-08-10 07:55:53,025 - root - INFO - | Epoch: 021/100 | Train Time: 0.178s | Train Loss: 0.378365 |
2020-08-10 07:55:53,204 - root - INFO - | Epoch: 022/100 | Train Time: 0.179s | Train Loss: 0.374843 |
2020-08-10 07:55:53,384 - root - INFO - | Epoch: 023/100 | Train Time: 0.180s | Train Loss: 0.375527 |
2020-08-10 07:55:53,564 - root - INFO - | Epoch: 024/100 | Train Time: 0.180s | Train Loss: 0.373836 |
2020-08-10 07:55:53,743 - root - INFO - | Epoch: 025/100 | Train Time: 0.179s | Train Loss: 0.370876 |
2020-08-10 07:55:53,923 - root - INFO - | Epoch: 026/100 | Train Time: 0.180s | Train Loss: 0.370176 |
2020-08-10 07:55:54,102 - root - INFO - | Epoch: 027/100 | Train Time: 0.179s | Train Loss: 0.369137 |
2020-08-10 07:55:54,282 - root - INFO - | Epoch: 028/100 | Train Time: 0.179s | Train Loss: 0.368033 |
2020-08-10 07:55:54,460 - root - INFO - | Epoch: 029/100 | Train Time: 0.178s | Train Loss: 0.364498 |
2020-08-10 07:55:54,613 - root - INFO - | Epoch: 030/100 | Train Time: 0.153s | Train Loss: 0.364501 |
2020-08-10 07:55:54,747 - root - INFO - | Epoch: 031/100 | Train Time: 0.134s | Train Loss: 0.364435 |
2020-08-10 07:55:54,881 - root - INFO - | Epoch: 032/100 | Train Time: 0.134s | Train Loss: 0.361608 |
2020-08-10 07:55:55,019 - root - INFO - | Epoch: 033/100 | Train Time: 0.138s | Train Loss: 0.362422 |
2020-08-10 07:55:55,163 - root - INFO - | Epoch: 034/100 | Train Time: 0.144s | Train Loss: 0.361315 |
2020-08-10 07:55:55,307 - root - INFO - | Epoch: 035/100 | Train Time: 0.144s | Train Loss: 0.359840 |
2020-08-10 07:55:55,452 - root - INFO - | Epoch: 036/100 | Train Time: 0.144s | Train Loss: 0.357760 |
2020-08-10 07:55:55,594 - root - INFO - | Epoch: 037/100 | Train Time: 0.143s | Train Loss: 0.356803 |
2020-08-10 07:55:55,727 - root - INFO - | Epoch: 038/100 | Train Time: 0.132s | Train Loss: 0.356546 |
2020-08-10 07:55:55,859 - root - INFO - | Epoch: 039/100 | Train Time: 0.132s | Train Loss: 0.354633 |
2020-08-10 07:55:55,991 - root - INFO - | Epoch: 040/100 | Train Time: 0.132s | Train Loss: 0.354053 |
2020-08-10 07:55:56,122 - root - INFO - | Epoch: 041/100 | Train Time: 0.131s | Train Loss: 0.352134 |
2020-08-10 07:55:56,254 - root - INFO - | Epoch: 042/100 | Train Time: 0.131s | Train Loss: 0.352887 |
2020-08-10 07:55:56,386 - root - INFO - | Epoch: 043/100 | Train Time: 0.132s | Train Loss: 0.350499 |
2020-08-10 07:55:56,517 - root - INFO - | Epoch: 044/100 | Train Time: 0.131s | Train Loss: 0.350281 |
2020-08-10 07:55:56,649 - root - INFO - | Epoch: 045/100 | Train Time: 0.132s | Train Loss: 0.350509 |
2020-08-10 07:55:56,782 - root - INFO - | Epoch: 046/100 | Train Time: 0.133s | Train Loss: 0.348793 |
2020-08-10 07:55:56,913 - root - INFO - | Epoch: 047/100 | Train Time: 0.131s | Train Loss: 0.347957 |
2020-08-10 07:55:57,045 - root - INFO - | Epoch: 048/100 | Train Time: 0.132s | Train Loss: 0.347408 |
2020-08-10 07:55:57,177 - root - INFO - | Epoch: 049/100 | Train Time: 0.132s | Train Loss: 0.346548 |
2020-08-10 07:55:57,309 - root - INFO - | Epoch: 050/100 | Train Time: 0.132s | Train Loss: 0.344577 |
2020-08-10 07:55:57,309 - root - INFO -   LR scheduler: new learning rate is 1e-06
2020-08-10 07:55:57,441 - root - INFO - | Epoch: 051/100 | Train Time: 0.132s | Train Loss: 0.345288 |
2020-08-10 07:55:57,573 - root - INFO - | Epoch: 052/100 | Train Time: 0.132s | Train Loss: 0.343836 |
2020-08-10 07:55:57,705 - root - INFO - | Epoch: 053/100 | Train Time: 0.132s | Train Loss: 0.343820 |
2020-08-10 07:55:57,837 - root - INFO - | Epoch: 054/100 | Train Time: 0.132s | Train Loss: 0.344401 |
2020-08-10 07:55:57,969 - root - INFO - | Epoch: 055/100 | Train Time: 0.132s | Train Loss: 0.342785 |
2020-08-10 07:55:58,101 - root - INFO - | Epoch: 056/100 | Train Time: 0.132s | Train Loss: 0.344848 |
2020-08-10 07:55:58,234 - root - INFO - | Epoch: 057/100 | Train Time: 0.132s | Train Loss: 0.345206 |
2020-08-10 07:55:58,366 - root - INFO - | Epoch: 058/100 | Train Time: 0.132s | Train Loss: 0.342394 |
2020-08-10 07:55:58,498 - root - INFO - | Epoch: 059/100 | Train Time: 0.132s | Train Loss: 0.345055 |
2020-08-10 07:55:58,630 - root - INFO - | Epoch: 060/100 | Train Time: 0.132s | Train Loss: 0.343194 |
2020-08-10 07:55:58,762 - root - INFO - | Epoch: 061/100 | Train Time: 0.132s | Train Loss: 0.343693 |
2020-08-10 07:55:58,895 - root - INFO - | Epoch: 062/100 | Train Time: 0.132s | Train Loss: 0.342923 |
2020-08-10 07:55:59,027 - root - INFO - | Epoch: 063/100 | Train Time: 0.132s | Train Loss: 0.342607 |
2020-08-10 07:55:59,159 - root - INFO - | Epoch: 064/100 | Train Time: 0.133s | Train Loss: 0.343929 |
2020-08-10 07:55:59,292 - root - INFO - | Epoch: 065/100 | Train Time: 0.132s | Train Loss: 0.344602 |
2020-08-10 07:55:59,424 - root - INFO - | Epoch: 066/100 | Train Time: 0.132s | Train Loss: 0.342981 |
2020-08-10 07:55:59,556 - root - INFO - | Epoch: 067/100 | Train Time: 0.132s | Train Loss: 0.343824 |
2020-08-10 07:55:59,688 - root - INFO - | Epoch: 068/100 | Train Time: 0.132s | Train Loss: 0.342839 |
2020-08-10 07:55:59,820 - root - INFO - | Epoch: 069/100 | Train Time: 0.132s | Train Loss: 0.342899 |
2020-08-10 07:55:59,952 - root - INFO - | Epoch: 070/100 | Train Time: 0.132s | Train Loss: 0.343153 |
2020-08-10 07:56:00,084 - root - INFO - | Epoch: 071/100 | Train Time: 0.132s | Train Loss: 0.343327 |
2020-08-10 07:56:00,217 - root - INFO - | Epoch: 072/100 | Train Time: 0.132s | Train Loss: 0.341468 |
2020-08-10 07:56:00,348 - root - INFO - | Epoch: 073/100 | Train Time: 0.132s | Train Loss: 0.343453 |
2020-08-10 07:56:00,480 - root - INFO - | Epoch: 074/100 | Train Time: 0.132s | Train Loss: 0.343437 |
2020-08-10 07:56:00,612 - root - INFO - | Epoch: 075/100 | Train Time: 0.131s | Train Loss: 0.342983 |
2020-08-10 07:56:00,744 - root - INFO - | Epoch: 076/100 | Train Time: 0.133s | Train Loss: 0.343585 |
2020-08-10 07:56:00,877 - root - INFO - | Epoch: 077/100 | Train Time: 0.132s | Train Loss: 0.341886 |
2020-08-10 07:56:01,036 - root - INFO - | Epoch: 078/100 | Train Time: 0.160s | Train Loss: 0.341546 |
2020-08-10 07:56:01,236 - root - INFO - | Epoch: 079/100 | Train Time: 0.200s | Train Loss: 0.341767 |
2020-08-10 07:56:01,437 - root - INFO - | Epoch: 080/100 | Train Time: 0.200s | Train Loss: 0.343203 |
2020-08-10 07:56:01,639 - root - INFO - | Epoch: 081/100 | Train Time: 0.203s | Train Loss: 0.341482 |
2020-08-10 07:56:01,842 - root - INFO - | Epoch: 082/100 | Train Time: 0.202s | Train Loss: 0.342707 |
2020-08-10 07:56:02,038 - root - INFO - | Epoch: 083/100 | Train Time: 0.196s | Train Loss: 0.342597 |
2020-08-10 07:56:02,228 - root - INFO - | Epoch: 084/100 | Train Time: 0.189s | Train Loss: 0.341472 |
2020-08-10 07:56:02,421 - root - INFO - | Epoch: 085/100 | Train Time: 0.194s | Train Loss: 0.340115 |
2020-08-10 07:56:02,610 - root - INFO - | Epoch: 086/100 | Train Time: 0.189s | Train Loss: 0.341686 |
2020-08-10 07:56:02,803 - root - INFO - | Epoch: 087/100 | Train Time: 0.193s | Train Loss: 0.341872 |
2020-08-10 07:56:02,994 - root - INFO - | Epoch: 088/100 | Train Time: 0.191s | Train Loss: 0.341756 |
2020-08-10 07:56:03,185 - root - INFO - | Epoch: 089/100 | Train Time: 0.191s | Train Loss: 0.341209 |
2020-08-10 07:56:03,375 - root - INFO - | Epoch: 090/100 | Train Time: 0.190s | Train Loss: 0.339589 |
2020-08-10 07:56:03,562 - root - INFO - | Epoch: 091/100 | Train Time: 0.188s | Train Loss: 0.341360 |
2020-08-10 07:56:03,748 - root - INFO - | Epoch: 092/100 | Train Time: 0.186s | Train Loss: 0.339189 |
2020-08-10 07:56:03,935 - root - INFO - | Epoch: 093/100 | Train Time: 0.187s | Train Loss: 0.341119 |
2020-08-10 07:56:04,118 - root - INFO - | Epoch: 094/100 | Train Time: 0.183s | Train Loss: 0.339850 |
2020-08-10 07:56:04,306 - root - INFO - | Epoch: 095/100 | Train Time: 0.188s | Train Loss: 0.340397 |
2020-08-10 07:56:04,494 - root - INFO - | Epoch: 096/100 | Train Time: 0.188s | Train Loss: 0.340152 |
2020-08-10 07:56:04,676 - root - INFO - | Epoch: 097/100 | Train Time: 0.182s | Train Loss: 0.340565 |
2020-08-10 07:56:04,855 - root - INFO - | Epoch: 098/100 | Train Time: 0.179s | Train Loss: 0.339485 |
2020-08-10 07:56:05,035 - root - INFO - | Epoch: 099/100 | Train Time: 0.180s | Train Loss: 0.339522 |
2020-08-10 07:56:05,210 - root - INFO - | Epoch: 100/100 | Train Time: 0.174s | Train Loss: 0.341022 |
2020-08-10 07:56:05,210 - root - INFO - Training Time: 15.949s
2020-08-10 07:56:05,210 - root - INFO - Finished training.
2020-08-10 07:56:05,210 - root - INFO - Starting testing...
2020-08-10 07:56:05,229 - root - INFO - Test AUC: 100.00%
2020-08-10 07:56:05,229 - root - INFO - Test Time: 0.017s
2020-08-10 07:56:05,229 - root - INFO - Finished testing.
2020-08-10 07:56:05,277 - root - INFO - Starting testing...
2020-08-10 07:56:05,296 - root - INFO - Test AUC: 100.00%
2020-08-10 07:56:05,296 - root - INFO - Test Time: 0.018s
2020-08-10 07:56:05,296 - root - INFO - Finished testing.
