2020-08-17 02:45:45,375 - root - INFO - I am pre-training for you.
2020-08-17 02:45:47,217 - root - INFO - | Epoch: 001/100 | Train Time: 0.050s | Train Loss: 1.223814 |
2020-08-17 02:45:47,267 - root - INFO - | Epoch: 002/100 | Train Time: 0.049s | Train Loss: 1.170444 |
2020-08-17 02:45:47,317 - root - INFO - | Epoch: 003/100 | Train Time: 0.050s | Train Loss: 1.119829 |
2020-08-17 02:45:47,367 - root - INFO - | Epoch: 004/100 | Train Time: 0.051s | Train Loss: 1.074516 |
2020-08-17 02:45:47,418 - root - INFO - | Epoch: 005/100 | Train Time: 0.051s | Train Loss: 1.039974 |
2020-08-17 02:45:47,470 - root - INFO - | Epoch: 006/100 | Train Time: 0.051s | Train Loss: 1.006824 |
2020-08-17 02:45:47,520 - root - INFO - | Epoch: 007/100 | Train Time: 0.051s | Train Loss: 0.977327 |
2020-08-17 02:45:47,572 - root - INFO - | Epoch: 008/100 | Train Time: 0.051s | Train Loss: 0.958075 |
2020-08-17 02:45:47,623 - root - INFO - | Epoch: 009/100 | Train Time: 0.051s | Train Loss: 0.931536 |
2020-08-17 02:45:47,675 - root - INFO - | Epoch: 010/100 | Train Time: 0.051s | Train Loss: 0.916407 |
2020-08-17 02:45:47,727 - root - INFO - | Epoch: 011/100 | Train Time: 0.052s | Train Loss: 0.895393 |
2020-08-17 02:45:47,778 - root - INFO - | Epoch: 012/100 | Train Time: 0.051s | Train Loss: 0.884381 |
2020-08-17 02:45:47,829 - root - INFO - | Epoch: 013/100 | Train Time: 0.051s | Train Loss: 0.869045 |
2020-08-17 02:45:47,880 - root - INFO - | Epoch: 014/100 | Train Time: 0.051s | Train Loss: 0.861770 |
2020-08-17 02:45:47,932 - root - INFO - | Epoch: 015/100 | Train Time: 0.052s | Train Loss: 0.849151 |
2020-08-17 02:45:47,983 - root - INFO - | Epoch: 016/100 | Train Time: 0.051s | Train Loss: 0.838129 |
2020-08-17 02:45:48,035 - root - INFO - | Epoch: 017/100 | Train Time: 0.052s | Train Loss: 0.832391 |
2020-08-17 02:45:48,088 - root - INFO - | Epoch: 018/100 | Train Time: 0.053s | Train Loss: 0.825367 |
2020-08-17 02:45:48,139 - root - INFO - | Epoch: 019/100 | Train Time: 0.051s | Train Loss: 0.820626 |
2020-08-17 02:45:48,192 - root - INFO - | Epoch: 020/100 | Train Time: 0.052s | Train Loss: 0.813729 |
2020-08-17 02:45:48,244 - root - INFO - | Epoch: 021/100 | Train Time: 0.051s | Train Loss: 0.809361 |
2020-08-17 02:45:48,296 - root - INFO - | Epoch: 022/100 | Train Time: 0.052s | Train Loss: 0.804123 |
2020-08-17 02:45:48,347 - root - INFO - | Epoch: 023/100 | Train Time: 0.051s | Train Loss: 0.799185 |
2020-08-17 02:45:48,399 - root - INFO - | Epoch: 024/100 | Train Time: 0.051s | Train Loss: 0.788637 |
2020-08-17 02:45:48,451 - root - INFO - | Epoch: 025/100 | Train Time: 0.052s | Train Loss: 0.777688 |
2020-08-17 02:45:48,502 - root - INFO - | Epoch: 026/100 | Train Time: 0.051s | Train Loss: 0.784455 |
2020-08-17 02:45:48,552 - root - INFO - | Epoch: 027/100 | Train Time: 0.050s | Train Loss: 0.783759 |
2020-08-17 02:45:48,605 - root - INFO - | Epoch: 028/100 | Train Time: 0.053s | Train Loss: 0.761867 |
2020-08-17 02:45:48,657 - root - INFO - | Epoch: 029/100 | Train Time: 0.052s | Train Loss: 0.754696 |
2020-08-17 02:45:48,708 - root - INFO - | Epoch: 030/100 | Train Time: 0.051s | Train Loss: 0.771901 |
2020-08-17 02:45:48,759 - root - INFO - | Epoch: 031/100 | Train Time: 0.051s | Train Loss: 0.764902 |
2020-08-17 02:45:48,811 - root - INFO - | Epoch: 032/100 | Train Time: 0.052s | Train Loss: 0.757559 |
2020-08-17 02:45:48,864 - root - INFO - | Epoch: 033/100 | Train Time: 0.052s | Train Loss: 0.753619 |
2020-08-17 02:45:48,916 - root - INFO - | Epoch: 034/100 | Train Time: 0.052s | Train Loss: 0.754414 |
2020-08-17 02:45:48,967 - root - INFO - | Epoch: 035/100 | Train Time: 0.051s | Train Loss: 0.755100 |
2020-08-17 02:45:49,019 - root - INFO - | Epoch: 036/100 | Train Time: 0.052s | Train Loss: 0.749151 |
2020-08-17 02:45:49,070 - root - INFO - | Epoch: 037/100 | Train Time: 0.051s | Train Loss: 0.740305 |
2020-08-17 02:45:49,123 - root - INFO - | Epoch: 038/100 | Train Time: 0.052s | Train Loss: 0.749195 |
2020-08-17 02:45:49,174 - root - INFO - | Epoch: 039/100 | Train Time: 0.051s | Train Loss: 0.731902 |
2020-08-17 02:45:49,225 - root - INFO - | Epoch: 040/100 | Train Time: 0.051s | Train Loss: 0.734424 |
2020-08-17 02:45:49,276 - root - INFO - | Epoch: 041/100 | Train Time: 0.051s | Train Loss: 0.735553 |
2020-08-17 02:45:49,327 - root - INFO - | Epoch: 042/100 | Train Time: 0.050s | Train Loss: 0.738257 |
2020-08-17 02:45:49,379 - root - INFO - | Epoch: 043/100 | Train Time: 0.052s | Train Loss: 0.737161 |
2020-08-17 02:45:49,432 - root - INFO - | Epoch: 044/100 | Train Time: 0.052s | Train Loss: 0.724501 |
2020-08-17 02:45:49,484 - root - INFO - | Epoch: 045/100 | Train Time: 0.052s | Train Loss: 0.723433 |
2020-08-17 02:45:49,535 - root - INFO - | Epoch: 046/100 | Train Time: 0.051s | Train Loss: 0.724553 |
2020-08-17 02:45:49,586 - root - INFO - | Epoch: 047/100 | Train Time: 0.050s | Train Loss: 0.722550 |
2020-08-17 02:45:49,638 - root - INFO - | Epoch: 048/100 | Train Time: 0.052s | Train Loss: 0.715733 |
2020-08-17 02:45:49,691 - root - INFO - | Epoch: 049/100 | Train Time: 0.052s | Train Loss: 0.724216 |
2020-08-17 02:45:49,741 - root - INFO - | Epoch: 050/100 | Train Time: 0.051s | Train Loss: 0.713232 |
2020-08-17 02:45:49,742 - root - INFO -   LR scheduler: new learning rate is 0.0001
2020-08-17 02:45:49,793 - root - INFO - | Epoch: 051/100 | Train Time: 0.052s | Train Loss: 0.720127 |
2020-08-17 02:45:49,845 - root - INFO - | Epoch: 052/100 | Train Time: 0.051s | Train Loss: 0.713387 |
2020-08-17 02:45:49,897 - root - INFO - | Epoch: 053/100 | Train Time: 0.052s | Train Loss: 0.720786 |
2020-08-17 02:45:49,949 - root - INFO - | Epoch: 054/100 | Train Time: 0.052s | Train Loss: 0.716601 |
2020-08-17 02:45:50,001 - root - INFO - | Epoch: 055/100 | Train Time: 0.052s | Train Loss: 0.717918 |
2020-08-17 02:45:50,053 - root - INFO - | Epoch: 056/100 | Train Time: 0.052s | Train Loss: 0.718367 |
2020-08-17 02:45:50,105 - root - INFO - | Epoch: 057/100 | Train Time: 0.052s | Train Loss: 0.717415 |
2020-08-17 02:45:50,157 - root - INFO - | Epoch: 058/100 | Train Time: 0.052s | Train Loss: 0.720763 |
2020-08-17 02:45:50,210 - root - INFO - | Epoch: 059/100 | Train Time: 0.053s | Train Loss: 0.706878 |
2020-08-17 02:45:50,262 - root - INFO - | Epoch: 060/100 | Train Time: 0.053s | Train Loss: 0.723836 |
2020-08-17 02:45:50,315 - root - INFO - | Epoch: 061/100 | Train Time: 0.052s | Train Loss: 0.710571 |
2020-08-17 02:45:50,367 - root - INFO - | Epoch: 062/100 | Train Time: 0.052s | Train Loss: 0.715825 |
2020-08-17 02:45:50,419 - root - INFO - | Epoch: 063/100 | Train Time: 0.052s | Train Loss: 0.718049 |
2020-08-17 02:45:50,472 - root - INFO - | Epoch: 064/100 | Train Time: 0.052s | Train Loss: 0.718832 |
2020-08-17 02:45:50,522 - root - INFO - | Epoch: 065/100 | Train Time: 0.051s | Train Loss: 0.717315 |
2020-08-17 02:45:50,574 - root - INFO - | Epoch: 066/100 | Train Time: 0.052s | Train Loss: 0.718325 |
2020-08-17 02:45:50,625 - root - INFO - | Epoch: 067/100 | Train Time: 0.051s | Train Loss: 0.716810 |
2020-08-17 02:45:50,677 - root - INFO - | Epoch: 068/100 | Train Time: 0.052s | Train Loss: 0.719398 |
2020-08-17 02:45:50,728 - root - INFO - | Epoch: 069/100 | Train Time: 0.051s | Train Loss: 0.716304 |
2020-08-17 02:45:50,779 - root - INFO - | Epoch: 070/100 | Train Time: 0.051s | Train Loss: 0.716627 |
2020-08-17 02:45:50,831 - root - INFO - | Epoch: 071/100 | Train Time: 0.052s | Train Loss: 0.710255 |
2020-08-17 02:45:50,882 - root - INFO - | Epoch: 072/100 | Train Time: 0.051s | Train Loss: 0.720582 |
2020-08-17 02:45:50,934 - root - INFO - | Epoch: 073/100 | Train Time: 0.052s | Train Loss: 0.704242 |
2020-08-17 02:45:50,987 - root - INFO - | Epoch: 074/100 | Train Time: 0.052s | Train Loss: 0.722105 |
2020-08-17 02:45:51,037 - root - INFO - | Epoch: 075/100 | Train Time: 0.051s | Train Loss: 0.707380 |
2020-08-17 02:45:51,089 - root - INFO - | Epoch: 076/100 | Train Time: 0.051s | Train Loss: 0.714951 |
2020-08-17 02:45:51,141 - root - INFO - | Epoch: 077/100 | Train Time: 0.052s | Train Loss: 0.721305 |
2020-08-17 02:45:51,192 - root - INFO - | Epoch: 078/100 | Train Time: 0.051s | Train Loss: 0.716960 |
2020-08-17 02:45:51,244 - root - INFO - | Epoch: 079/100 | Train Time: 0.052s | Train Loss: 0.718010 |
2020-08-17 02:45:51,295 - root - INFO - | Epoch: 080/100 | Train Time: 0.051s | Train Loss: 0.708155 |
2020-08-17 02:45:51,346 - root - INFO - | Epoch: 081/100 | Train Time: 0.051s | Train Loss: 0.718168 |
2020-08-17 02:45:51,398 - root - INFO - | Epoch: 082/100 | Train Time: 0.051s | Train Loss: 0.715030 |
2020-08-17 02:45:51,450 - root - INFO - | Epoch: 083/100 | Train Time: 0.052s | Train Loss: 0.716011 |
2020-08-17 02:45:51,501 - root - INFO - | Epoch: 084/100 | Train Time: 0.051s | Train Loss: 0.703203 |
2020-08-17 02:45:51,552 - root - INFO - | Epoch: 085/100 | Train Time: 0.052s | Train Loss: 0.710094 |
2020-08-17 02:45:51,605 - root - INFO - | Epoch: 086/100 | Train Time: 0.052s | Train Loss: 0.720716 |
2020-08-17 02:45:51,656 - root - INFO - | Epoch: 087/100 | Train Time: 0.051s | Train Loss: 0.712853 |
2020-08-17 02:45:51,707 - root - INFO - | Epoch: 088/100 | Train Time: 0.051s | Train Loss: 0.715691 |
2020-08-17 02:45:51,760 - root - INFO - | Epoch: 089/100 | Train Time: 0.052s | Train Loss: 0.714522 |
2020-08-17 02:45:51,811 - root - INFO - | Epoch: 090/100 | Train Time: 0.051s | Train Loss: 0.717436 |
2020-08-17 02:45:51,862 - root - INFO - | Epoch: 091/100 | Train Time: 0.051s | Train Loss: 0.718144 |
2020-08-17 02:45:51,914 - root - INFO - | Epoch: 092/100 | Train Time: 0.052s | Train Loss: 0.707569 |
2020-08-17 02:45:51,967 - root - INFO - | Epoch: 093/100 | Train Time: 0.053s | Train Loss: 0.716710 |
2020-08-17 02:45:52,019 - root - INFO - | Epoch: 094/100 | Train Time: 0.051s | Train Loss: 0.703647 |
2020-08-17 02:45:52,072 - root - INFO - | Epoch: 095/100 | Train Time: 0.053s | Train Loss: 0.714040 |
2020-08-17 02:45:52,123 - root - INFO - | Epoch: 096/100 | Train Time: 0.052s | Train Loss: 0.721822 |
2020-08-17 02:45:52,175 - root - INFO - | Epoch: 097/100 | Train Time: 0.051s | Train Loss: 0.713951 |
2020-08-17 02:45:52,226 - root - INFO - | Epoch: 098/100 | Train Time: 0.051s | Train Loss: 0.718720 |
2020-08-17 02:45:52,278 - root - INFO - | Epoch: 099/100 | Train Time: 0.052s | Train Loss: 0.705992 |
2020-08-17 02:45:52,330 - root - INFO - | Epoch: 100/100 | Train Time: 0.052s | Train Loss: 0.717122 |
2020-08-17 02:45:52,330 - root - INFO - Pretraining Time: 5.163s
2020-08-17 02:45:52,330 - root - INFO - Finished pretraining.
2020-08-17 02:45:52,330 - root - INFO - Testing autoencoder...
2020-08-17 02:45:52,336 - root - INFO - Test Loss: 0.747245
2020-08-17 02:45:52,336 - root - INFO - Test Time: 0.006s
2020-08-17 02:45:52,336 - root - INFO - Finished testing autoencoder.
2020-08-17 02:45:52,339 - root - INFO - Hey I am loading net for you!
2020-08-17 02:45:52,340 - root - INFO - Setting hyper-parameters!
2020-08-17 02:45:52,340 - root - INFO - Initializing center c...
2020-08-17 02:45:52,354 - root - INFO - Center c initialized.
2020-08-17 02:45:52,354 - root - INFO - Starting training...
2020-08-17 02:45:52,396 - root - INFO - | Epoch: 001/500 | Train Time: 0.041s | Train Loss: 0.958802 |
2020-08-17 02:45:52,438 - root - INFO - | Epoch: 002/500 | Train Time: 0.043s | Train Loss: 0.909743 |
2020-08-17 02:45:52,482 - root - INFO - | Epoch: 003/500 | Train Time: 0.044s | Train Loss: 0.855062 |
2020-08-17 02:45:52,526 - root - INFO - | Epoch: 004/500 | Train Time: 0.044s | Train Loss: 0.816559 |
2020-08-17 02:45:52,571 - root - INFO - | Epoch: 005/500 | Train Time: 0.044s | Train Loss: 0.787591 |
2020-08-17 02:45:52,616 - root - INFO - | Epoch: 006/500 | Train Time: 0.045s | Train Loss: 0.725771 |
2020-08-17 02:45:52,661 - root - INFO - | Epoch: 007/500 | Train Time: 0.045s | Train Loss: 0.699408 |
2020-08-17 02:45:52,705 - root - INFO - | Epoch: 008/500 | Train Time: 0.044s | Train Loss: 0.665211 |
2020-08-17 02:45:52,749 - root - INFO - | Epoch: 009/500 | Train Time: 0.044s | Train Loss: 0.629806 |
2020-08-17 02:45:52,793 - root - INFO - | Epoch: 010/500 | Train Time: 0.044s | Train Loss: 0.600113 |
2020-08-17 02:45:52,837 - root - INFO - | Epoch: 011/500 | Train Time: 0.044s | Train Loss: 0.569922 |
2020-08-17 02:45:52,880 - root - INFO - | Epoch: 012/500 | Train Time: 0.043s | Train Loss: 0.544358 |
2020-08-17 02:45:52,924 - root - INFO - | Epoch: 013/500 | Train Time: 0.044s | Train Loss: 0.522332 |
2020-08-17 02:45:52,968 - root - INFO - | Epoch: 014/500 | Train Time: 0.045s | Train Loss: 0.497444 |
2020-08-17 02:45:53,013 - root - INFO - | Epoch: 015/500 | Train Time: 0.044s | Train Loss: 0.488903 |
2020-08-17 02:45:53,057 - root - INFO - | Epoch: 016/500 | Train Time: 0.044s | Train Loss: 0.463086 |
2020-08-17 02:45:53,101 - root - INFO - | Epoch: 017/500 | Train Time: 0.044s | Train Loss: 0.446492 |
2020-08-17 02:45:53,145 - root - INFO - | Epoch: 018/500 | Train Time: 0.044s | Train Loss: 0.427717 |
2020-08-17 02:45:53,189 - root - INFO - | Epoch: 019/500 | Train Time: 0.044s | Train Loss: 0.417732 |
2020-08-17 02:45:53,233 - root - INFO - | Epoch: 020/500 | Train Time: 0.044s | Train Loss: 0.404285 |
2020-08-17 02:45:53,277 - root - INFO - | Epoch: 021/500 | Train Time: 0.044s | Train Loss: 0.388433 |
2020-08-17 02:45:53,323 - root - INFO - | Epoch: 022/500 | Train Time: 0.045s | Train Loss: 0.377567 |
2020-08-17 02:45:53,367 - root - INFO - | Epoch: 023/500 | Train Time: 0.044s | Train Loss: 0.366430 |
2020-08-17 02:45:53,411 - root - INFO - | Epoch: 024/500 | Train Time: 0.044s | Train Loss: 0.353892 |
2020-08-17 02:45:53,456 - root - INFO - | Epoch: 025/500 | Train Time: 0.045s | Train Loss: 0.348697 |
2020-08-17 02:45:53,500 - root - INFO - | Epoch: 026/500 | Train Time: 0.044s | Train Loss: 0.328090 |
2020-08-17 02:45:53,545 - root - INFO - | Epoch: 027/500 | Train Time: 0.044s | Train Loss: 0.326029 |
2020-08-17 02:45:53,588 - root - INFO - | Epoch: 028/500 | Train Time: 0.044s | Train Loss: 0.310984 |
2020-08-17 02:45:53,632 - root - INFO - | Epoch: 029/500 | Train Time: 0.044s | Train Loss: 0.310033 |
2020-08-17 02:45:53,676 - root - INFO - | Epoch: 030/500 | Train Time: 0.044s | Train Loss: 0.300974 |
2020-08-17 02:45:53,720 - root - INFO - | Epoch: 031/500 | Train Time: 0.044s | Train Loss: 0.295477 |
2020-08-17 02:45:53,765 - root - INFO - | Epoch: 032/500 | Train Time: 0.044s | Train Loss: 0.290221 |
2020-08-17 02:45:53,808 - root - INFO - | Epoch: 033/500 | Train Time: 0.043s | Train Loss: 0.278730 |
2020-08-17 02:45:53,852 - root - INFO - | Epoch: 034/500 | Train Time: 0.043s | Train Loss: 0.272562 |
2020-08-17 02:45:53,896 - root - INFO - | Epoch: 035/500 | Train Time: 0.044s | Train Loss: 0.271235 |
2020-08-17 02:45:53,939 - root - INFO - | Epoch: 036/500 | Train Time: 0.044s | Train Loss: 0.274189 |
2020-08-17 02:45:53,983 - root - INFO - | Epoch: 037/500 | Train Time: 0.044s | Train Loss: 0.254003 |
2020-08-17 02:45:54,027 - root - INFO - | Epoch: 038/500 | Train Time: 0.044s | Train Loss: 0.259274 |
2020-08-17 02:45:54,071 - root - INFO - | Epoch: 039/500 | Train Time: 0.044s | Train Loss: 0.236778 |
2020-08-17 02:45:54,115 - root - INFO - | Epoch: 040/500 | Train Time: 0.044s | Train Loss: 0.241117 |
2020-08-17 02:45:54,159 - root - INFO - | Epoch: 041/500 | Train Time: 0.044s | Train Loss: 0.238545 |
2020-08-17 02:45:54,202 - root - INFO - | Epoch: 042/500 | Train Time: 0.043s | Train Loss: 0.230489 |
2020-08-17 02:45:54,246 - root - INFO - | Epoch: 043/500 | Train Time: 0.044s | Train Loss: 0.229813 |
2020-08-17 02:45:54,291 - root - INFO - | Epoch: 044/500 | Train Time: 0.045s | Train Loss: 0.228295 |
2020-08-17 02:45:54,335 - root - INFO - | Epoch: 045/500 | Train Time: 0.044s | Train Loss: 0.218301 |
2020-08-17 02:45:54,378 - root - INFO - | Epoch: 046/500 | Train Time: 0.044s | Train Loss: 0.220825 |
2020-08-17 02:45:54,422 - root - INFO - | Epoch: 047/500 | Train Time: 0.043s | Train Loss: 0.212382 |
2020-08-17 02:45:54,466 - root - INFO - | Epoch: 048/500 | Train Time: 0.045s | Train Loss: 0.214646 |
2020-08-17 02:45:54,510 - root - INFO - | Epoch: 049/500 | Train Time: 0.044s | Train Loss: 0.210046 |
2020-08-17 02:45:54,555 - root - INFO - | Epoch: 050/500 | Train Time: 0.044s | Train Loss: 0.213322 |
2020-08-17 02:45:54,555 - root - INFO -   LR scheduler: new learning rate is 1e-06
2020-08-17 02:45:54,599 - root - INFO - | Epoch: 051/500 | Train Time: 0.044s | Train Loss: 0.203382 |
2020-08-17 02:45:54,643 - root - INFO - | Epoch: 052/500 | Train Time: 0.044s | Train Loss: 0.197631 |
2020-08-17 02:45:54,687 - root - INFO - | Epoch: 053/500 | Train Time: 0.044s | Train Loss: 0.205638 |
2020-08-17 02:45:54,731 - root - INFO - | Epoch: 054/500 | Train Time: 0.044s | Train Loss: 0.194094 |
2020-08-17 02:45:54,775 - root - INFO - | Epoch: 055/500 | Train Time: 0.044s | Train Loss: 0.200989 |
2020-08-17 02:45:54,819 - root - INFO - | Epoch: 056/500 | Train Time: 0.044s | Train Loss: 0.200351 |
2020-08-17 02:45:54,863 - root - INFO - | Epoch: 057/500 | Train Time: 0.044s | Train Loss: 0.196393 |
2020-08-17 02:45:54,908 - root - INFO - | Epoch: 058/500 | Train Time: 0.045s | Train Loss: 0.195319 |
2020-08-17 02:45:54,952 - root - INFO - | Epoch: 059/500 | Train Time: 0.043s | Train Loss: 0.205062 |
2020-08-17 02:45:54,996 - root - INFO - | Epoch: 060/500 | Train Time: 0.044s | Train Loss: 0.209123 |
2020-08-17 02:45:55,041 - root - INFO - | Epoch: 061/500 | Train Time: 0.044s | Train Loss: 0.195997 |
2020-08-17 02:45:55,084 - root - INFO - | Epoch: 062/500 | Train Time: 0.043s | Train Loss: 0.196974 |
2020-08-17 02:45:55,124 - root - INFO - | Epoch: 063/500 | Train Time: 0.040s | Train Loss: 0.201341 |
2020-08-17 02:45:55,156 - root - INFO - | Epoch: 064/500 | Train Time: 0.032s | Train Loss: 0.204737 |
2020-08-17 02:45:55,188 - root - INFO - | Epoch: 065/500 | Train Time: 0.031s | Train Loss: 0.196385 |
2020-08-17 02:45:55,220 - root - INFO - | Epoch: 066/500 | Train Time: 0.032s | Train Loss: 0.208210 |
2020-08-17 02:45:55,251 - root - INFO - | Epoch: 067/500 | Train Time: 0.031s | Train Loss: 0.195972 |
2020-08-17 02:45:55,282 - root - INFO - | Epoch: 068/500 | Train Time: 0.031s | Train Loss: 0.196961 |
2020-08-17 02:45:55,313 - root - INFO - | Epoch: 069/500 | Train Time: 0.031s | Train Loss: 0.191538 |
2020-08-17 02:45:55,344 - root - INFO - | Epoch: 070/500 | Train Time: 0.031s | Train Loss: 0.201799 |
2020-08-17 02:45:55,375 - root - INFO - | Epoch: 071/500 | Train Time: 0.031s | Train Loss: 0.191682 |
2020-08-17 02:45:55,406 - root - INFO - | Epoch: 072/500 | Train Time: 0.031s | Train Loss: 0.200880 |
2020-08-17 02:45:55,437 - root - INFO - | Epoch: 073/500 | Train Time: 0.031s | Train Loss: 0.196871 |
2020-08-17 02:45:55,468 - root - INFO - | Epoch: 074/500 | Train Time: 0.031s | Train Loss: 0.196320 |
2020-08-17 02:45:55,499 - root - INFO - | Epoch: 075/500 | Train Time: 0.031s | Train Loss: 0.189420 |
2020-08-17 02:45:55,531 - root - INFO - | Epoch: 076/500 | Train Time: 0.031s | Train Loss: 0.200240 |
2020-08-17 02:45:55,562 - root - INFO - | Epoch: 077/500 | Train Time: 0.031s | Train Loss: 0.208421 |
2020-08-17 02:45:55,593 - root - INFO - | Epoch: 078/500 | Train Time: 0.031s | Train Loss: 0.195437 |
2020-08-17 02:45:55,624 - root - INFO - | Epoch: 079/500 | Train Time: 0.031s | Train Loss: 0.198638 |
2020-08-17 02:45:55,655 - root - INFO - | Epoch: 080/500 | Train Time: 0.031s | Train Loss: 0.188823 |
2020-08-17 02:45:55,686 - root - INFO - | Epoch: 081/500 | Train Time: 0.031s | Train Loss: 0.199318 |
2020-08-17 02:45:55,717 - root - INFO - | Epoch: 082/500 | Train Time: 0.031s | Train Loss: 0.192763 |
2020-08-17 02:45:55,748 - root - INFO - | Epoch: 083/500 | Train Time: 0.031s | Train Loss: 0.188568 |
2020-08-17 02:45:55,779 - root - INFO - | Epoch: 084/500 | Train Time: 0.031s | Train Loss: 0.202340 |
2020-08-17 02:45:55,810 - root - INFO - | Epoch: 085/500 | Train Time: 0.031s | Train Loss: 0.188707 |
2020-08-17 02:45:55,842 - root - INFO - | Epoch: 086/500 | Train Time: 0.031s | Train Loss: 0.197162 |
2020-08-17 02:45:55,873 - root - INFO - | Epoch: 087/500 | Train Time: 0.031s | Train Loss: 0.193730 |
2020-08-17 02:45:55,904 - root - INFO - | Epoch: 088/500 | Train Time: 0.031s | Train Loss: 0.193201 |
2020-08-17 02:45:55,935 - root - INFO - | Epoch: 089/500 | Train Time: 0.031s | Train Loss: 0.191993 |
2020-08-17 02:45:55,966 - root - INFO - | Epoch: 090/500 | Train Time: 0.031s | Train Loss: 0.190550 |
2020-08-17 02:45:55,997 - root - INFO - | Epoch: 091/500 | Train Time: 0.031s | Train Loss: 0.190458 |
2020-08-17 02:45:56,028 - root - INFO - | Epoch: 092/500 | Train Time: 0.031s | Train Loss: 0.188068 |
2020-08-17 02:45:56,060 - root - INFO - | Epoch: 093/500 | Train Time: 0.031s | Train Loss: 0.192719 |
2020-08-17 02:45:56,091 - root - INFO - | Epoch: 094/500 | Train Time: 0.031s | Train Loss: 0.194851 |
2020-08-17 02:45:56,122 - root - INFO - | Epoch: 095/500 | Train Time: 0.031s | Train Loss: 0.190471 |
2020-08-17 02:45:56,153 - root - INFO - | Epoch: 096/500 | Train Time: 0.031s | Train Loss: 0.187555 |
2020-08-17 02:45:56,184 - root - INFO - | Epoch: 097/500 | Train Time: 0.031s | Train Loss: 0.187798 |
2020-08-17 02:45:56,215 - root - INFO - | Epoch: 098/500 | Train Time: 0.031s | Train Loss: 0.187622 |
2020-08-17 02:45:56,246 - root - INFO - | Epoch: 099/500 | Train Time: 0.031s | Train Loss: 0.190188 |
2020-08-17 02:45:56,278 - root - INFO - | Epoch: 100/500 | Train Time: 0.031s | Train Loss: 0.191377 |
2020-08-17 02:45:56,309 - root - INFO - | Epoch: 101/500 | Train Time: 0.031s | Train Loss: 0.185074 |
2020-08-17 02:45:56,340 - root - INFO - | Epoch: 102/500 | Train Time: 0.031s | Train Loss: 0.182451 |
2020-08-17 02:45:56,371 - root - INFO - | Epoch: 103/500 | Train Time: 0.031s | Train Loss: 0.188010 |
2020-08-17 02:45:56,402 - root - INFO - | Epoch: 104/500 | Train Time: 0.031s | Train Loss: 0.192380 |
2020-08-17 02:45:56,434 - root - INFO - | Epoch: 105/500 | Train Time: 0.031s | Train Loss: 0.179809 |
2020-08-17 02:45:56,465 - root - INFO - | Epoch: 106/500 | Train Time: 0.031s | Train Loss: 0.184994 |
2020-08-17 02:45:56,496 - root - INFO - | Epoch: 107/500 | Train Time: 0.031s | Train Loss: 0.186023 |
2020-08-17 02:45:56,527 - root - INFO - | Epoch: 108/500 | Train Time: 0.031s | Train Loss: 0.187568 |
2020-08-17 02:45:56,558 - root - INFO - | Epoch: 109/500 | Train Time: 0.031s | Train Loss: 0.194566 |
2020-08-17 02:45:56,590 - root - INFO - | Epoch: 110/500 | Train Time: 0.031s | Train Loss: 0.185449 |
2020-08-17 02:45:56,621 - root - INFO - | Epoch: 111/500 | Train Time: 0.031s | Train Loss: 0.183878 |
2020-08-17 02:45:56,652 - root - INFO - | Epoch: 112/500 | Train Time: 0.031s | Train Loss: 0.181995 |
2020-08-17 02:45:56,683 - root - INFO - | Epoch: 113/500 | Train Time: 0.031s | Train Loss: 0.179833 |
2020-08-17 02:45:56,714 - root - INFO - | Epoch: 114/500 | Train Time: 0.031s | Train Loss: 0.178374 |
2020-08-17 02:45:56,745 - root - INFO - | Epoch: 115/500 | Train Time: 0.031s | Train Loss: 0.186640 |
2020-08-17 02:45:56,777 - root - INFO - | Epoch: 116/500 | Train Time: 0.032s | Train Loss: 0.182183 |
2020-08-17 02:45:56,821 - root - INFO - | Epoch: 117/500 | Train Time: 0.044s | Train Loss: 0.187593 |
2020-08-17 02:45:56,862 - root - INFO - | Epoch: 118/500 | Train Time: 0.041s | Train Loss: 0.182688 |
2020-08-17 02:45:56,904 - root - INFO - | Epoch: 119/500 | Train Time: 0.042s | Train Loss: 0.181189 |
2020-08-17 02:45:56,947 - root - INFO - | Epoch: 120/500 | Train Time: 0.043s | Train Loss: 0.185786 |
2020-08-17 02:45:56,990 - root - INFO - | Epoch: 121/500 | Train Time: 0.043s | Train Loss: 0.178668 |
2020-08-17 02:45:57,034 - root - INFO - | Epoch: 122/500 | Train Time: 0.044s | Train Loss: 0.188973 |
2020-08-17 02:45:57,078 - root - INFO - | Epoch: 123/500 | Train Time: 0.044s | Train Loss: 0.178465 |
2020-08-17 02:45:57,122 - root - INFO - | Epoch: 124/500 | Train Time: 0.044s | Train Loss: 0.180298 |
2020-08-17 02:45:57,166 - root - INFO - | Epoch: 125/500 | Train Time: 0.044s | Train Loss: 0.183184 |
2020-08-17 02:45:57,210 - root - INFO - | Epoch: 126/500 | Train Time: 0.044s | Train Loss: 0.175630 |
2020-08-17 02:45:57,254 - root - INFO - | Epoch: 127/500 | Train Time: 0.044s | Train Loss: 0.179875 |
2020-08-17 02:45:57,297 - root - INFO - | Epoch: 128/500 | Train Time: 0.043s | Train Loss: 0.185317 |
2020-08-17 02:45:57,341 - root - INFO - | Epoch: 129/500 | Train Time: 0.044s | Train Loss: 0.180279 |
2020-08-17 02:45:57,383 - root - INFO - | Epoch: 130/500 | Train Time: 0.041s | Train Loss: 0.174978 |
2020-08-17 02:45:57,426 - root - INFO - | Epoch: 131/500 | Train Time: 0.044s | Train Loss: 0.177998 |
2020-08-17 02:45:57,470 - root - INFO - | Epoch: 132/500 | Train Time: 0.044s | Train Loss: 0.186338 |
2020-08-17 02:45:57,515 - root - INFO - | Epoch: 133/500 | Train Time: 0.044s | Train Loss: 0.180323 |
2020-08-17 02:45:57,559 - root - INFO - | Epoch: 134/500 | Train Time: 0.044s | Train Loss: 0.174970 |
2020-08-17 02:45:57,602 - root - INFO - | Epoch: 135/500 | Train Time: 0.044s | Train Loss: 0.173207 |
2020-08-17 02:45:57,646 - root - INFO - | Epoch: 136/500 | Train Time: 0.043s | Train Loss: 0.183454 |
2020-08-17 02:45:57,690 - root - INFO - | Epoch: 137/500 | Train Time: 0.044s | Train Loss: 0.180663 |
2020-08-17 02:45:57,734 - root - INFO - | Epoch: 138/500 | Train Time: 0.044s | Train Loss: 0.174691 |
2020-08-17 02:45:57,778 - root - INFO - | Epoch: 139/500 | Train Time: 0.044s | Train Loss: 0.175910 |
2020-08-17 02:45:57,823 - root - INFO - | Epoch: 140/500 | Train Time: 0.045s | Train Loss: 0.169681 |
2020-08-17 02:45:57,864 - root - INFO - | Epoch: 141/500 | Train Time: 0.041s | Train Loss: 0.173249 |
2020-08-17 02:45:57,907 - root - INFO - | Epoch: 142/500 | Train Time: 0.043s | Train Loss: 0.170960 |
2020-08-17 02:45:57,951 - root - INFO - | Epoch: 143/500 | Train Time: 0.044s | Train Loss: 0.184417 |
2020-08-17 02:45:57,995 - root - INFO - | Epoch: 144/500 | Train Time: 0.044s | Train Loss: 0.179106 |
2020-08-17 02:45:58,039 - root - INFO - | Epoch: 145/500 | Train Time: 0.044s | Train Loss: 0.168368 |
2020-08-17 02:45:58,083 - root - INFO - | Epoch: 146/500 | Train Time: 0.044s | Train Loss: 0.173010 |
2020-08-17 02:45:58,127 - root - INFO - | Epoch: 147/500 | Train Time: 0.044s | Train Loss: 0.174093 |
2020-08-17 02:45:58,170 - root - INFO - | Epoch: 148/500 | Train Time: 0.044s | Train Loss: 0.174050 |
2020-08-17 02:45:58,215 - root - INFO - | Epoch: 149/500 | Train Time: 0.044s | Train Loss: 0.164983 |
2020-08-17 02:45:58,259 - root - INFO - | Epoch: 150/500 | Train Time: 0.044s | Train Loss: 0.170576 |
2020-08-17 02:45:58,303 - root - INFO - | Epoch: 151/500 | Train Time: 0.044s | Train Loss: 0.169125 |
2020-08-17 02:45:58,344 - root - INFO - | Epoch: 152/500 | Train Time: 0.041s | Train Loss: 0.173996 |
2020-08-17 02:45:58,385 - root - INFO - | Epoch: 153/500 | Train Time: 0.040s | Train Loss: 0.172838 |
2020-08-17 02:45:58,428 - root - INFO - | Epoch: 154/500 | Train Time: 0.044s | Train Loss: 0.178097 |
2020-08-17 02:45:58,472 - root - INFO - | Epoch: 155/500 | Train Time: 0.044s | Train Loss: 0.173442 |
2020-08-17 02:45:58,517 - root - INFO - | Epoch: 156/500 | Train Time: 0.044s | Train Loss: 0.175395 |
2020-08-17 02:45:58,560 - root - INFO - | Epoch: 157/500 | Train Time: 0.043s | Train Loss: 0.176155 |
2020-08-17 02:45:58,605 - root - INFO - | Epoch: 158/500 | Train Time: 0.044s | Train Loss: 0.176341 |
2020-08-17 02:45:58,649 - root - INFO - | Epoch: 159/500 | Train Time: 0.044s | Train Loss: 0.169702 |
2020-08-17 02:45:58,692 - root - INFO - | Epoch: 160/500 | Train Time: 0.043s | Train Loss: 0.166644 |
2020-08-17 02:45:58,736 - root - INFO - | Epoch: 161/500 | Train Time: 0.043s | Train Loss: 0.166840 |
2020-08-17 02:45:58,780 - root - INFO - | Epoch: 162/500 | Train Time: 0.044s | Train Loss: 0.167173 |
2020-08-17 02:45:58,824 - root - INFO - | Epoch: 163/500 | Train Time: 0.044s | Train Loss: 0.168155 |
2020-08-17 02:45:58,867 - root - INFO - | Epoch: 164/500 | Train Time: 0.043s | Train Loss: 0.168723 |
2020-08-17 02:45:58,910 - root - INFO - | Epoch: 165/500 | Train Time: 0.043s | Train Loss: 0.165137 |
2020-08-17 02:45:58,955 - root - INFO - | Epoch: 166/500 | Train Time: 0.045s | Train Loss: 0.172476 |
2020-08-17 02:45:59,000 - root - INFO - | Epoch: 167/500 | Train Time: 0.045s | Train Loss: 0.172126 |
2020-08-17 02:45:59,044 - root - INFO - | Epoch: 168/500 | Train Time: 0.044s | Train Loss: 0.166217 |
2020-08-17 02:45:59,089 - root - INFO - | Epoch: 169/500 | Train Time: 0.044s | Train Loss: 0.172278 |
2020-08-17 02:45:59,133 - root - INFO - | Epoch: 170/500 | Train Time: 0.044s | Train Loss: 0.164294 |
2020-08-17 02:45:59,177 - root - INFO - | Epoch: 171/500 | Train Time: 0.044s | Train Loss: 0.165113 |
2020-08-17 02:45:59,222 - root - INFO - | Epoch: 172/500 | Train Time: 0.045s | Train Loss: 0.165423 |
2020-08-17 02:45:59,266 - root - INFO - | Epoch: 173/500 | Train Time: 0.044s | Train Loss: 0.164461 |
2020-08-17 02:45:59,310 - root - INFO - | Epoch: 174/500 | Train Time: 0.045s | Train Loss: 0.167766 |
2020-08-17 02:45:59,353 - root - INFO - | Epoch: 175/500 | Train Time: 0.042s | Train Loss: 0.164587 |
2020-08-17 02:45:59,396 - root - INFO - | Epoch: 176/500 | Train Time: 0.043s | Train Loss: 0.160342 |
2020-08-17 02:45:59,441 - root - INFO - | Epoch: 177/500 | Train Time: 0.044s | Train Loss: 0.157223 |
2020-08-17 02:45:59,484 - root - INFO - | Epoch: 178/500 | Train Time: 0.043s | Train Loss: 0.167456 |
2020-08-17 02:45:59,529 - root - INFO - | Epoch: 179/500 | Train Time: 0.044s | Train Loss: 0.162848 |
2020-08-17 02:45:59,573 - root - INFO - | Epoch: 180/500 | Train Time: 0.044s | Train Loss: 0.158399 |
2020-08-17 02:45:59,617 - root - INFO - | Epoch: 181/500 | Train Time: 0.044s | Train Loss: 0.171812 |
2020-08-17 02:45:59,661 - root - INFO - | Epoch: 182/500 | Train Time: 0.044s | Train Loss: 0.163830 |
2020-08-17 02:45:59,705 - root - INFO - | Epoch: 183/500 | Train Time: 0.044s | Train Loss: 0.161512 |
2020-08-17 02:45:59,750 - root - INFO - | Epoch: 184/500 | Train Time: 0.044s | Train Loss: 0.163396 |
2020-08-17 02:45:59,795 - root - INFO - | Epoch: 185/500 | Train Time: 0.045s | Train Loss: 0.163158 |
2020-08-17 02:45:59,840 - root - INFO - | Epoch: 186/500 | Train Time: 0.045s | Train Loss: 0.165198 |
2020-08-17 02:45:59,880 - root - INFO - | Epoch: 187/500 | Train Time: 0.040s | Train Loss: 0.162773 |
2020-08-17 02:45:59,924 - root - INFO - | Epoch: 188/500 | Train Time: 0.045s | Train Loss: 0.172720 |
2020-08-17 02:45:59,969 - root - INFO - | Epoch: 189/500 | Train Time: 0.044s | Train Loss: 0.163275 |
2020-08-17 02:46:00,013 - root - INFO - | Epoch: 190/500 | Train Time: 0.044s | Train Loss: 0.160900 |
2020-08-17 02:46:00,057 - root - INFO - | Epoch: 191/500 | Train Time: 0.044s | Train Loss: 0.161568 |
2020-08-17 02:46:00,101 - root - INFO - | Epoch: 192/500 | Train Time: 0.044s | Train Loss: 0.163480 |
2020-08-17 02:46:00,145 - root - INFO - | Epoch: 193/500 | Train Time: 0.044s | Train Loss: 0.159370 |
2020-08-17 02:46:00,189 - root - INFO - | Epoch: 194/500 | Train Time: 0.044s | Train Loss: 0.162825 |
2020-08-17 02:46:00,233 - root - INFO - | Epoch: 195/500 | Train Time: 0.044s | Train Loss: 0.164959 |
2020-08-17 02:46:00,278 - root - INFO - | Epoch: 196/500 | Train Time: 0.044s | Train Loss: 0.167709 |
2020-08-17 02:46:00,322 - root - INFO - | Epoch: 197/500 | Train Time: 0.045s | Train Loss: 0.163299 |
2020-08-17 02:46:00,362 - root - INFO - | Epoch: 198/500 | Train Time: 0.040s | Train Loss: 0.162848 |
2020-08-17 02:46:00,404 - root - INFO - | Epoch: 199/500 | Train Time: 0.041s | Train Loss: 0.159271 |
2020-08-17 02:46:00,449 - root - INFO - | Epoch: 200/500 | Train Time: 0.045s | Train Loss: 0.151786 |
2020-08-17 02:46:00,493 - root - INFO - | Epoch: 201/500 | Train Time: 0.044s | Train Loss: 0.162038 |
2020-08-17 02:46:00,537 - root - INFO - | Epoch: 202/500 | Train Time: 0.044s | Train Loss: 0.154712 |
2020-08-17 02:46:00,581 - root - INFO - | Epoch: 203/500 | Train Time: 0.044s | Train Loss: 0.164811 |
2020-08-17 02:46:00,625 - root - INFO - | Epoch: 204/500 | Train Time: 0.044s | Train Loss: 0.158513 |
2020-08-17 02:46:00,669 - root - INFO - | Epoch: 205/500 | Train Time: 0.044s | Train Loss: 0.157232 |
2020-08-17 02:46:00,713 - root - INFO - | Epoch: 206/500 | Train Time: 0.044s | Train Loss: 0.155821 |
2020-08-17 02:46:00,757 - root - INFO - | Epoch: 207/500 | Train Time: 0.044s | Train Loss: 0.163014 |
2020-08-17 02:46:00,801 - root - INFO - | Epoch: 208/500 | Train Time: 0.044s | Train Loss: 0.153894 |
2020-08-17 02:46:00,845 - root - INFO - | Epoch: 209/500 | Train Time: 0.044s | Train Loss: 0.157777 |
2020-08-17 02:46:00,885 - root - INFO - | Epoch: 210/500 | Train Time: 0.040s | Train Loss: 0.164780 |
2020-08-17 02:46:00,929 - root - INFO - | Epoch: 211/500 | Train Time: 0.044s | Train Loss: 0.160039 |
2020-08-17 02:46:00,973 - root - INFO - | Epoch: 212/500 | Train Time: 0.044s | Train Loss: 0.155460 |
2020-08-17 02:46:01,017 - root - INFO - | Epoch: 213/500 | Train Time: 0.044s | Train Loss: 0.153147 |
2020-08-17 02:46:01,061 - root - INFO - | Epoch: 214/500 | Train Time: 0.043s | Train Loss: 0.155987 |
2020-08-17 02:46:01,105 - root - INFO - | Epoch: 215/500 | Train Time: 0.044s | Train Loss: 0.151240 |
2020-08-17 02:46:01,148 - root - INFO - | Epoch: 216/500 | Train Time: 0.044s | Train Loss: 0.158505 |
2020-08-17 02:46:01,193 - root - INFO - | Epoch: 217/500 | Train Time: 0.044s | Train Loss: 0.147579 |
2020-08-17 02:46:01,236 - root - INFO - | Epoch: 218/500 | Train Time: 0.044s | Train Loss: 0.161671 |
2020-08-17 02:46:01,281 - root - INFO - | Epoch: 219/500 | Train Time: 0.044s | Train Loss: 0.161442 |
2020-08-17 02:46:01,326 - root - INFO - | Epoch: 220/500 | Train Time: 0.045s | Train Loss: 0.156107 |
2020-08-17 02:46:01,367 - root - INFO - | Epoch: 221/500 | Train Time: 0.041s | Train Loss: 0.169189 |
2020-08-17 02:46:01,409 - root - INFO - | Epoch: 222/500 | Train Time: 0.042s | Train Loss: 0.154648 |
2020-08-17 02:46:01,453 - root - INFO - | Epoch: 223/500 | Train Time: 0.044s | Train Loss: 0.153755 |
2020-08-17 02:46:01,497 - root - INFO - | Epoch: 224/500 | Train Time: 0.044s | Train Loss: 0.161437 |
2020-08-17 02:46:01,541 - root - INFO - | Epoch: 225/500 | Train Time: 0.044s | Train Loss: 0.154785 |
2020-08-17 02:46:01,585 - root - INFO - | Epoch: 226/500 | Train Time: 0.045s | Train Loss: 0.157067 |
2020-08-17 02:46:01,630 - root - INFO - | Epoch: 227/500 | Train Time: 0.044s | Train Loss: 0.153518 |
2020-08-17 02:46:01,675 - root - INFO - | Epoch: 228/500 | Train Time: 0.045s | Train Loss: 0.155216 |
2020-08-17 02:46:01,719 - root - INFO - | Epoch: 229/500 | Train Time: 0.044s | Train Loss: 0.148838 |
2020-08-17 02:46:01,763 - root - INFO - | Epoch: 230/500 | Train Time: 0.044s | Train Loss: 0.149754 |
2020-08-17 02:46:01,807 - root - INFO - | Epoch: 231/500 | Train Time: 0.044s | Train Loss: 0.150959 |
2020-08-17 02:46:01,850 - root - INFO - | Epoch: 232/500 | Train Time: 0.044s | Train Loss: 0.161769 |
2020-08-17 02:46:01,892 - root - INFO - | Epoch: 233/500 | Train Time: 0.042s | Train Loss: 0.148284 |
2020-08-17 02:46:01,937 - root - INFO - | Epoch: 234/500 | Train Time: 0.044s | Train Loss: 0.154188 |
2020-08-17 02:46:01,981 - root - INFO - | Epoch: 235/500 | Train Time: 0.044s | Train Loss: 0.152085 |
2020-08-17 02:46:02,024 - root - INFO - | Epoch: 236/500 | Train Time: 0.044s | Train Loss: 0.153455 |
2020-08-17 02:46:02,069 - root - INFO - | Epoch: 237/500 | Train Time: 0.044s | Train Loss: 0.151548 |
2020-08-17 02:46:02,113 - root - INFO - | Epoch: 238/500 | Train Time: 0.044s | Train Loss: 0.152092 |
2020-08-17 02:46:02,157 - root - INFO - | Epoch: 239/500 | Train Time: 0.044s | Train Loss: 0.160823 |
2020-08-17 02:46:02,200 - root - INFO - | Epoch: 240/500 | Train Time: 0.043s | Train Loss: 0.150266 |
2020-08-17 02:46:02,245 - root - INFO - | Epoch: 241/500 | Train Time: 0.044s | Train Loss: 0.153640 |
2020-08-17 02:46:02,289 - root - INFO - | Epoch: 242/500 | Train Time: 0.044s | Train Loss: 0.146444 |
2020-08-17 02:46:02,333 - root - INFO - | Epoch: 243/500 | Train Time: 0.044s | Train Loss: 0.150079 |
2020-08-17 02:46:02,377 - root - INFO - | Epoch: 244/500 | Train Time: 0.043s | Train Loss: 0.147697 |
2020-08-17 02:46:02,420 - root - INFO - | Epoch: 245/500 | Train Time: 0.043s | Train Loss: 0.150762 |
2020-08-17 02:46:02,464 - root - INFO - | Epoch: 246/500 | Train Time: 0.044s | Train Loss: 0.150157 |
2020-08-17 02:46:02,509 - root - INFO - | Epoch: 247/500 | Train Time: 0.044s | Train Loss: 0.152632 |
2020-08-17 02:46:02,553 - root - INFO - | Epoch: 248/500 | Train Time: 0.044s | Train Loss: 0.150742 |
2020-08-17 02:46:02,597 - root - INFO - | Epoch: 249/500 | Train Time: 0.043s | Train Loss: 0.151066 |
2020-08-17 02:46:02,641 - root - INFO - | Epoch: 250/500 | Train Time: 0.044s | Train Loss: 0.140838 |
2020-08-17 02:46:02,685 - root - INFO - | Epoch: 251/500 | Train Time: 0.044s | Train Loss: 0.150857 |
2020-08-17 02:46:02,729 - root - INFO - | Epoch: 252/500 | Train Time: 0.044s | Train Loss: 0.151355 |
2020-08-17 02:46:02,773 - root - INFO - | Epoch: 253/500 | Train Time: 0.044s | Train Loss: 0.149032 |
2020-08-17 02:46:02,817 - root - INFO - | Epoch: 254/500 | Train Time: 0.044s | Train Loss: 0.146041 |
2020-08-17 02:46:02,862 - root - INFO - | Epoch: 255/500 | Train Time: 0.044s | Train Loss: 0.149892 |
2020-08-17 02:46:02,907 - root - INFO - | Epoch: 256/500 | Train Time: 0.044s | Train Loss: 0.149174 |
2020-08-17 02:46:02,951 - root - INFO - | Epoch: 257/500 | Train Time: 0.044s | Train Loss: 0.149033 |
2020-08-17 02:46:02,995 - root - INFO - | Epoch: 258/500 | Train Time: 0.044s | Train Loss: 0.147453 |
2020-08-17 02:46:03,039 - root - INFO - | Epoch: 259/500 | Train Time: 0.044s | Train Loss: 0.148760 |
2020-08-17 02:46:03,083 - root - INFO - | Epoch: 260/500 | Train Time: 0.044s | Train Loss: 0.144096 |
2020-08-17 02:46:03,127 - root - INFO - | Epoch: 261/500 | Train Time: 0.044s | Train Loss: 0.146770 |
2020-08-17 02:46:03,171 - root - INFO - | Epoch: 262/500 | Train Time: 0.044s | Train Loss: 0.142094 |
2020-08-17 02:46:03,215 - root - INFO - | Epoch: 263/500 | Train Time: 0.044s | Train Loss: 0.147663 |
2020-08-17 02:46:03,259 - root - INFO - | Epoch: 264/500 | Train Time: 0.044s | Train Loss: 0.141158 |
2020-08-17 02:46:03,304 - root - INFO - | Epoch: 265/500 | Train Time: 0.045s | Train Loss: 0.159191 |
2020-08-17 02:46:03,348 - root - INFO - | Epoch: 266/500 | Train Time: 0.044s | Train Loss: 0.148297 |
2020-08-17 02:46:03,392 - root - INFO - | Epoch: 267/500 | Train Time: 0.044s | Train Loss: 0.146646 |
2020-08-17 02:46:03,436 - root - INFO - | Epoch: 268/500 | Train Time: 0.044s | Train Loss: 0.143059 |
2020-08-17 02:46:03,481 - root - INFO - | Epoch: 269/500 | Train Time: 0.045s | Train Loss: 0.142859 |
2020-08-17 02:46:03,525 - root - INFO - | Epoch: 270/500 | Train Time: 0.044s | Train Loss: 0.142790 |
2020-08-17 02:46:03,569 - root - INFO - | Epoch: 271/500 | Train Time: 0.044s | Train Loss: 0.154498 |
2020-08-17 02:46:03,613 - root - INFO - | Epoch: 272/500 | Train Time: 0.044s | Train Loss: 0.155214 |
2020-08-17 02:46:03,658 - root - INFO - | Epoch: 273/500 | Train Time: 0.044s | Train Loss: 0.141634 |
2020-08-17 02:46:03,703 - root - INFO - | Epoch: 274/500 | Train Time: 0.045s | Train Loss: 0.140491 |
2020-08-17 02:46:03,747 - root - INFO - | Epoch: 275/500 | Train Time: 0.044s | Train Loss: 0.138655 |
2020-08-17 02:46:03,791 - root - INFO - | Epoch: 276/500 | Train Time: 0.044s | Train Loss: 0.138422 |
2020-08-17 02:46:03,836 - root - INFO - | Epoch: 277/500 | Train Time: 0.045s | Train Loss: 0.137698 |
2020-08-17 02:46:03,880 - root - INFO - | Epoch: 278/500 | Train Time: 0.044s | Train Loss: 0.147009 |
2020-08-17 02:46:03,923 - root - INFO - | Epoch: 279/500 | Train Time: 0.043s | Train Loss: 0.141121 |
2020-08-17 02:46:03,967 - root - INFO - | Epoch: 280/500 | Train Time: 0.044s | Train Loss: 0.141894 |
2020-08-17 02:46:04,012 - root - INFO - | Epoch: 281/500 | Train Time: 0.044s | Train Loss: 0.144227 |
2020-08-17 02:46:04,056 - root - INFO - | Epoch: 282/500 | Train Time: 0.044s | Train Loss: 0.147902 |
2020-08-17 02:46:04,101 - root - INFO - | Epoch: 283/500 | Train Time: 0.045s | Train Loss: 0.140980 |
2020-08-17 02:46:04,145 - root - INFO - | Epoch: 284/500 | Train Time: 0.044s | Train Loss: 0.137360 |
2020-08-17 02:46:04,190 - root - INFO - | Epoch: 285/500 | Train Time: 0.044s | Train Loss: 0.140750 |
2020-08-17 02:46:04,234 - root - INFO - | Epoch: 286/500 | Train Time: 0.044s | Train Loss: 0.141042 |
2020-08-17 02:46:04,278 - root - INFO - | Epoch: 287/500 | Train Time: 0.045s | Train Loss: 0.150067 |
2020-08-17 02:46:04,323 - root - INFO - | Epoch: 288/500 | Train Time: 0.044s | Train Loss: 0.136306 |
2020-08-17 02:46:04,367 - root - INFO - | Epoch: 289/500 | Train Time: 0.044s | Train Loss: 0.142562 |
2020-08-17 02:46:04,410 - root - INFO - | Epoch: 290/500 | Train Time: 0.043s | Train Loss: 0.143847 |
2020-08-17 02:46:04,454 - root - INFO - | Epoch: 291/500 | Train Time: 0.044s | Train Loss: 0.139018 |
2020-08-17 02:46:04,498 - root - INFO - | Epoch: 292/500 | Train Time: 0.044s | Train Loss: 0.143548 |
2020-08-17 02:46:04,542 - root - INFO - | Epoch: 293/500 | Train Time: 0.044s | Train Loss: 0.134189 |
2020-08-17 02:46:04,587 - root - INFO - | Epoch: 294/500 | Train Time: 0.044s | Train Loss: 0.147998 |
2020-08-17 02:46:04,631 - root - INFO - | Epoch: 295/500 | Train Time: 0.044s | Train Loss: 0.133251 |
2020-08-17 02:46:04,675 - root - INFO - | Epoch: 296/500 | Train Time: 0.044s | Train Loss: 0.149874 |
2020-08-17 02:46:04,719 - root - INFO - | Epoch: 297/500 | Train Time: 0.044s | Train Loss: 0.138524 |
2020-08-17 02:46:04,764 - root - INFO - | Epoch: 298/500 | Train Time: 0.045s | Train Loss: 0.136051 |
2020-08-17 02:46:04,809 - root - INFO - | Epoch: 299/500 | Train Time: 0.044s | Train Loss: 0.144402 |
2020-08-17 02:46:04,853 - root - INFO - | Epoch: 300/500 | Train Time: 0.044s | Train Loss: 0.135351 |
2020-08-17 02:46:04,896 - root - INFO - | Epoch: 301/500 | Train Time: 0.043s | Train Loss: 0.139919 |
2020-08-17 02:46:04,941 - root - INFO - | Epoch: 302/500 | Train Time: 0.044s | Train Loss: 0.143346 |
2020-08-17 02:46:04,985 - root - INFO - | Epoch: 303/500 | Train Time: 0.044s | Train Loss: 0.138701 |
2020-08-17 02:46:05,029 - root - INFO - | Epoch: 304/500 | Train Time: 0.044s | Train Loss: 0.132896 |
2020-08-17 02:46:05,073 - root - INFO - | Epoch: 305/500 | Train Time: 0.044s | Train Loss: 0.134009 |
2020-08-17 02:46:05,117 - root - INFO - | Epoch: 306/500 | Train Time: 0.044s | Train Loss: 0.138521 |
2020-08-17 02:46:05,161 - root - INFO - | Epoch: 307/500 | Train Time: 0.044s | Train Loss: 0.143871 |
2020-08-17 02:46:05,206 - root - INFO - | Epoch: 308/500 | Train Time: 0.045s | Train Loss: 0.139527 |
2020-08-17 02:46:05,250 - root - INFO - | Epoch: 309/500 | Train Time: 0.044s | Train Loss: 0.137398 |
2020-08-17 02:46:05,295 - root - INFO - | Epoch: 310/500 | Train Time: 0.045s | Train Loss: 0.136117 |
2020-08-17 02:46:05,339 - root - INFO - | Epoch: 311/500 | Train Time: 0.043s | Train Loss: 0.132829 |
2020-08-17 02:46:05,383 - root - INFO - | Epoch: 312/500 | Train Time: 0.044s | Train Loss: 0.137192 |
2020-08-17 02:46:05,426 - root - INFO - | Epoch: 313/500 | Train Time: 0.043s | Train Loss: 0.130621 |
2020-08-17 02:46:05,471 - root - INFO - | Epoch: 314/500 | Train Time: 0.044s | Train Loss: 0.139534 |
2020-08-17 02:46:05,515 - root - INFO - | Epoch: 315/500 | Train Time: 0.044s | Train Loss: 0.146665 |
2020-08-17 02:46:05,559 - root - INFO - | Epoch: 316/500 | Train Time: 0.044s | Train Loss: 0.140843 |
2020-08-17 02:46:05,603 - root - INFO - | Epoch: 317/500 | Train Time: 0.044s | Train Loss: 0.141270 |
2020-08-17 02:46:05,647 - root - INFO - | Epoch: 318/500 | Train Time: 0.044s | Train Loss: 0.135873 |
2020-08-17 02:46:05,691 - root - INFO - | Epoch: 319/500 | Train Time: 0.044s | Train Loss: 0.136367 |
2020-08-17 02:46:05,736 - root - INFO - | Epoch: 320/500 | Train Time: 0.044s | Train Loss: 0.135258 |
2020-08-17 02:46:05,780 - root - INFO - | Epoch: 321/500 | Train Time: 0.044s | Train Loss: 0.132345 |
2020-08-17 02:46:05,824 - root - INFO - | Epoch: 322/500 | Train Time: 0.044s | Train Loss: 0.139571 |
2020-08-17 02:46:05,868 - root - INFO - | Epoch: 323/500 | Train Time: 0.044s | Train Loss: 0.139249 |
2020-08-17 02:46:05,911 - root - INFO - | Epoch: 324/500 | Train Time: 0.044s | Train Loss: 0.129521 |
2020-08-17 02:46:05,955 - root - INFO - | Epoch: 325/500 | Train Time: 0.044s | Train Loss: 0.132984 |
2020-08-17 02:46:06,000 - root - INFO - | Epoch: 326/500 | Train Time: 0.044s | Train Loss: 0.138263 |
2020-08-17 02:46:06,044 - root - INFO - | Epoch: 327/500 | Train Time: 0.044s | Train Loss: 0.133991 |
2020-08-17 02:46:06,088 - root - INFO - | Epoch: 328/500 | Train Time: 0.044s | Train Loss: 0.135958 |
2020-08-17 02:46:06,132 - root - INFO - | Epoch: 329/500 | Train Time: 0.044s | Train Loss: 0.135923 |
2020-08-17 02:46:06,177 - root - INFO - | Epoch: 330/500 | Train Time: 0.044s | Train Loss: 0.136875 |
2020-08-17 02:46:06,221 - root - INFO - | Epoch: 331/500 | Train Time: 0.044s | Train Loss: 0.137042 |
2020-08-17 02:46:06,265 - root - INFO - | Epoch: 332/500 | Train Time: 0.044s | Train Loss: 0.148764 |
2020-08-17 02:46:06,309 - root - INFO - | Epoch: 333/500 | Train Time: 0.044s | Train Loss: 0.135196 |
2020-08-17 02:46:06,353 - root - INFO - | Epoch: 334/500 | Train Time: 0.044s | Train Loss: 0.133280 |
2020-08-17 02:46:06,398 - root - INFO - | Epoch: 335/500 | Train Time: 0.044s | Train Loss: 0.132044 |
2020-08-17 02:46:06,442 - root - INFO - | Epoch: 336/500 | Train Time: 0.044s | Train Loss: 0.130340 |
2020-08-17 02:46:06,487 - root - INFO - | Epoch: 337/500 | Train Time: 0.045s | Train Loss: 0.133219 |
2020-08-17 02:46:06,530 - root - INFO - | Epoch: 338/500 | Train Time: 0.043s | Train Loss: 0.139832 |
2020-08-17 02:46:06,574 - root - INFO - | Epoch: 339/500 | Train Time: 0.044s | Train Loss: 0.129440 |
2020-08-17 02:46:06,619 - root - INFO - | Epoch: 340/500 | Train Time: 0.045s | Train Loss: 0.132241 |
2020-08-17 02:46:06,663 - root - INFO - | Epoch: 341/500 | Train Time: 0.044s | Train Loss: 0.130202 |
2020-08-17 02:46:06,707 - root - INFO - | Epoch: 342/500 | Train Time: 0.044s | Train Loss: 0.127405 |
2020-08-17 02:46:06,751 - root - INFO - | Epoch: 343/500 | Train Time: 0.044s | Train Loss: 0.130970 |
2020-08-17 02:46:06,796 - root - INFO - | Epoch: 344/500 | Train Time: 0.045s | Train Loss: 0.130905 |
2020-08-17 02:46:06,840 - root - INFO - | Epoch: 345/500 | Train Time: 0.044s | Train Loss: 0.133137 |
2020-08-17 02:46:06,883 - root - INFO - | Epoch: 346/500 | Train Time: 0.043s | Train Loss: 0.127117 |
2020-08-17 02:46:06,927 - root - INFO - | Epoch: 347/500 | Train Time: 0.044s | Train Loss: 0.136417 |
2020-08-17 02:46:06,971 - root - INFO - | Epoch: 348/500 | Train Time: 0.044s | Train Loss: 0.125401 |
2020-08-17 02:46:07,015 - root - INFO - | Epoch: 349/500 | Train Time: 0.044s | Train Loss: 0.141792 |
2020-08-17 02:46:07,059 - root - INFO - | Epoch: 350/500 | Train Time: 0.044s | Train Loss: 0.134164 |
2020-08-17 02:46:07,104 - root - INFO - | Epoch: 351/500 | Train Time: 0.045s | Train Loss: 0.134270 |
2020-08-17 02:46:07,147 - root - INFO - | Epoch: 352/500 | Train Time: 0.043s | Train Loss: 0.140662 |
2020-08-17 02:46:07,192 - root - INFO - | Epoch: 353/500 | Train Time: 0.045s | Train Loss: 0.126545 |
2020-08-17 02:46:07,237 - root - INFO - | Epoch: 354/500 | Train Time: 0.045s | Train Loss: 0.132255 |
2020-08-17 02:46:07,281 - root - INFO - | Epoch: 355/500 | Train Time: 0.044s | Train Loss: 0.133341 |
2020-08-17 02:46:07,325 - root - INFO - | Epoch: 356/500 | Train Time: 0.044s | Train Loss: 0.127026 |
2020-08-17 02:46:07,369 - root - INFO - | Epoch: 357/500 | Train Time: 0.044s | Train Loss: 0.122450 |
2020-08-17 02:46:07,414 - root - INFO - | Epoch: 358/500 | Train Time: 0.044s | Train Loss: 0.129076 |
2020-08-17 02:46:07,458 - root - INFO - | Epoch: 359/500 | Train Time: 0.044s | Train Loss: 0.129236 |
2020-08-17 02:46:07,503 - root - INFO - | Epoch: 360/500 | Train Time: 0.045s | Train Loss: 0.135252 |
2020-08-17 02:46:07,548 - root - INFO - | Epoch: 361/500 | Train Time: 0.045s | Train Loss: 0.132426 |
2020-08-17 02:46:07,592 - root - INFO - | Epoch: 362/500 | Train Time: 0.044s | Train Loss: 0.128787 |
2020-08-17 02:46:07,635 - root - INFO - | Epoch: 363/500 | Train Time: 0.044s | Train Loss: 0.126643 |
2020-08-17 02:46:07,679 - root - INFO - | Epoch: 364/500 | Train Time: 0.044s | Train Loss: 0.127738 |
2020-08-17 02:46:07,723 - root - INFO - | Epoch: 365/500 | Train Time: 0.044s | Train Loss: 0.123175 |
2020-08-17 02:46:07,768 - root - INFO - | Epoch: 366/500 | Train Time: 0.044s | Train Loss: 0.127291 |
2020-08-17 02:46:07,812 - root - INFO - | Epoch: 367/500 | Train Time: 0.044s | Train Loss: 0.124434 |
2020-08-17 02:46:07,856 - root - INFO - | Epoch: 368/500 | Train Time: 0.044s | Train Loss: 0.129934 |
2020-08-17 02:46:07,900 - root - INFO - | Epoch: 369/500 | Train Time: 0.044s | Train Loss: 0.131413 |
2020-08-17 02:46:07,944 - root - INFO - | Epoch: 370/500 | Train Time: 0.044s | Train Loss: 0.137259 |
2020-08-17 02:46:07,989 - root - INFO - | Epoch: 371/500 | Train Time: 0.045s | Train Loss: 0.130033 |
2020-08-17 02:46:08,033 - root - INFO - | Epoch: 372/500 | Train Time: 0.044s | Train Loss: 0.128760 |
2020-08-17 02:46:08,077 - root - INFO - | Epoch: 373/500 | Train Time: 0.044s | Train Loss: 0.128301 |
2020-08-17 02:46:08,123 - root - INFO - | Epoch: 374/500 | Train Time: 0.045s | Train Loss: 0.126423 |
2020-08-17 02:46:08,167 - root - INFO - | Epoch: 375/500 | Train Time: 0.044s | Train Loss: 0.134920 |
2020-08-17 02:46:08,211 - root - INFO - | Epoch: 376/500 | Train Time: 0.044s | Train Loss: 0.126704 |
2020-08-17 02:46:08,255 - root - INFO - | Epoch: 377/500 | Train Time: 0.044s | Train Loss: 0.122383 |
2020-08-17 02:46:08,299 - root - INFO - | Epoch: 378/500 | Train Time: 0.044s | Train Loss: 0.125056 |
2020-08-17 02:46:08,344 - root - INFO - | Epoch: 379/500 | Train Time: 0.045s | Train Loss: 0.127194 |
2020-08-17 02:46:08,387 - root - INFO - | Epoch: 380/500 | Train Time: 0.043s | Train Loss: 0.123979 |
2020-08-17 02:46:08,430 - root - INFO - | Epoch: 381/500 | Train Time: 0.043s | Train Loss: 0.129122 |
2020-08-17 02:46:08,474 - root - INFO - | Epoch: 382/500 | Train Time: 0.044s | Train Loss: 0.124290 |
2020-08-17 02:46:08,519 - root - INFO - | Epoch: 383/500 | Train Time: 0.044s | Train Loss: 0.136219 |
2020-08-17 02:46:08,562 - root - INFO - | Epoch: 384/500 | Train Time: 0.043s | Train Loss: 0.128247 |
2020-08-17 02:46:08,606 - root - INFO - | Epoch: 385/500 | Train Time: 0.044s | Train Loss: 0.135514 |
2020-08-17 02:46:08,650 - root - INFO - | Epoch: 386/500 | Train Time: 0.044s | Train Loss: 0.127440 |
2020-08-17 02:46:08,694 - root - INFO - | Epoch: 387/500 | Train Time: 0.044s | Train Loss: 0.133539 |
2020-08-17 02:46:08,738 - root - INFO - | Epoch: 388/500 | Train Time: 0.044s | Train Loss: 0.126351 |
2020-08-17 02:46:08,782 - root - INFO - | Epoch: 389/500 | Train Time: 0.044s | Train Loss: 0.131492 |
2020-08-17 02:46:08,827 - root - INFO - | Epoch: 390/500 | Train Time: 0.044s | Train Loss: 0.124127 |
2020-08-17 02:46:08,870 - root - INFO - | Epoch: 391/500 | Train Time: 0.044s | Train Loss: 0.130701 |
2020-08-17 02:46:08,915 - root - INFO - | Epoch: 392/500 | Train Time: 0.044s | Train Loss: 0.120875 |
2020-08-17 02:46:08,959 - root - INFO - | Epoch: 393/500 | Train Time: 0.044s | Train Loss: 0.124475 |
2020-08-17 02:46:09,002 - root - INFO - | Epoch: 394/500 | Train Time: 0.044s | Train Loss: 0.118707 |
2020-08-17 02:46:09,046 - root - INFO - | Epoch: 395/500 | Train Time: 0.043s | Train Loss: 0.127756 |
2020-08-17 02:46:09,090 - root - INFO - | Epoch: 396/500 | Train Time: 0.044s | Train Loss: 0.123365 |
2020-08-17 02:46:09,135 - root - INFO - | Epoch: 397/500 | Train Time: 0.045s | Train Loss: 0.139173 |
2020-08-17 02:46:09,180 - root - INFO - | Epoch: 398/500 | Train Time: 0.044s | Train Loss: 0.120958 |
2020-08-17 02:46:09,223 - root - INFO - | Epoch: 399/500 | Train Time: 0.044s | Train Loss: 0.121789 |
2020-08-17 02:46:09,267 - root - INFO - | Epoch: 400/500 | Train Time: 0.044s | Train Loss: 0.126540 |
2020-08-17 02:46:09,312 - root - INFO - | Epoch: 401/500 | Train Time: 0.045s | Train Loss: 0.137463 |
2020-08-17 02:46:09,357 - root - INFO - | Epoch: 402/500 | Train Time: 0.044s | Train Loss: 0.121541 |
2020-08-17 02:46:09,401 - root - INFO - | Epoch: 403/500 | Train Time: 0.044s | Train Loss: 0.123368 |
2020-08-17 02:46:09,445 - root - INFO - | Epoch: 404/500 | Train Time: 0.044s | Train Loss: 0.128868 |
2020-08-17 02:46:09,489 - root - INFO - | Epoch: 405/500 | Train Time: 0.044s | Train Loss: 0.124648 |
2020-08-17 02:46:09,533 - root - INFO - | Epoch: 406/500 | Train Time: 0.044s | Train Loss: 0.126455 |
2020-08-17 02:46:09,576 - root - INFO - | Epoch: 407/500 | Train Time: 0.043s | Train Loss: 0.126357 |
2020-08-17 02:46:09,620 - root - INFO - | Epoch: 408/500 | Train Time: 0.044s | Train Loss: 0.124656 |
2020-08-17 02:46:09,665 - root - INFO - | Epoch: 409/500 | Train Time: 0.044s | Train Loss: 0.124940 |
2020-08-17 02:46:09,709 - root - INFO - | Epoch: 410/500 | Train Time: 0.044s | Train Loss: 0.136411 |
2020-08-17 02:46:09,753 - root - INFO - | Epoch: 411/500 | Train Time: 0.044s | Train Loss: 0.116081 |
2020-08-17 02:46:09,797 - root - INFO - | Epoch: 412/500 | Train Time: 0.044s | Train Loss: 0.125432 |
2020-08-17 02:46:09,841 - root - INFO - | Epoch: 413/500 | Train Time: 0.044s | Train Loss: 0.123790 |
2020-08-17 02:46:09,885 - root - INFO - | Epoch: 414/500 | Train Time: 0.044s | Train Loss: 0.122409 |
2020-08-17 02:46:09,929 - root - INFO - | Epoch: 415/500 | Train Time: 0.044s | Train Loss: 0.120782 |
2020-08-17 02:46:09,973 - root - INFO - | Epoch: 416/500 | Train Time: 0.044s | Train Loss: 0.125315 |
2020-08-17 02:46:10,017 - root - INFO - | Epoch: 417/500 | Train Time: 0.044s | Train Loss: 0.123219 |
2020-08-17 02:46:10,062 - root - INFO - | Epoch: 418/500 | Train Time: 0.045s | Train Loss: 0.121938 |
2020-08-17 02:46:10,107 - root - INFO - | Epoch: 419/500 | Train Time: 0.044s | Train Loss: 0.125991 |
2020-08-17 02:46:10,151 - root - INFO - | Epoch: 420/500 | Train Time: 0.044s | Train Loss: 0.120645 |
2020-08-17 02:46:10,195 - root - INFO - | Epoch: 421/500 | Train Time: 0.044s | Train Loss: 0.124389 |
2020-08-17 02:46:10,239 - root - INFO - | Epoch: 422/500 | Train Time: 0.044s | Train Loss: 0.119687 |
2020-08-17 02:46:10,284 - root - INFO - | Epoch: 423/500 | Train Time: 0.044s | Train Loss: 0.121688 |
2020-08-17 02:46:10,327 - root - INFO - | Epoch: 424/500 | Train Time: 0.043s | Train Loss: 0.118498 |
2020-08-17 02:46:10,371 - root - INFO - | Epoch: 425/500 | Train Time: 0.044s | Train Loss: 0.119651 |
2020-08-17 02:46:10,415 - root - INFO - | Epoch: 426/500 | Train Time: 0.043s | Train Loss: 0.120339 |
2020-08-17 02:46:10,459 - root - INFO - | Epoch: 427/500 | Train Time: 0.044s | Train Loss: 0.121385 |
2020-08-17 02:46:10,503 - root - INFO - | Epoch: 428/500 | Train Time: 0.044s | Train Loss: 0.118785 |
2020-08-17 02:46:10,547 - root - INFO - | Epoch: 429/500 | Train Time: 0.044s | Train Loss: 0.116355 |
2020-08-17 02:46:10,592 - root - INFO - | Epoch: 430/500 | Train Time: 0.044s | Train Loss: 0.123222 |
2020-08-17 02:46:10,637 - root - INFO - | Epoch: 431/500 | Train Time: 0.044s | Train Loss: 0.123590 |
2020-08-17 02:46:10,681 - root - INFO - | Epoch: 432/500 | Train Time: 0.044s | Train Loss: 0.123208 |
2020-08-17 02:46:10,725 - root - INFO - | Epoch: 433/500 | Train Time: 0.044s | Train Loss: 0.126431 |
2020-08-17 02:46:10,769 - root - INFO - | Epoch: 434/500 | Train Time: 0.044s | Train Loss: 0.118833 |
2020-08-17 02:46:10,813 - root - INFO - | Epoch: 435/500 | Train Time: 0.044s | Train Loss: 0.125167 |
2020-08-17 02:46:10,857 - root - INFO - | Epoch: 436/500 | Train Time: 0.044s | Train Loss: 0.122892 |
2020-08-17 02:46:10,902 - root - INFO - | Epoch: 437/500 | Train Time: 0.044s | Train Loss: 0.120747 |
2020-08-17 02:46:10,945 - root - INFO - | Epoch: 438/500 | Train Time: 0.043s | Train Loss: 0.124935 |
2020-08-17 02:46:10,989 - root - INFO - | Epoch: 439/500 | Train Time: 0.044s | Train Loss: 0.120126 |
2020-08-17 02:46:11,033 - root - INFO - | Epoch: 440/500 | Train Time: 0.044s | Train Loss: 0.120752 |
2020-08-17 02:46:11,078 - root - INFO - | Epoch: 441/500 | Train Time: 0.044s | Train Loss: 0.121335 |
2020-08-17 02:46:11,122 - root - INFO - | Epoch: 442/500 | Train Time: 0.044s | Train Loss: 0.120028 |
2020-08-17 02:46:11,167 - root - INFO - | Epoch: 443/500 | Train Time: 0.045s | Train Loss: 0.125508 |
2020-08-17 02:46:11,211 - root - INFO - | Epoch: 444/500 | Train Time: 0.044s | Train Loss: 0.119580 |
2020-08-17 02:46:11,255 - root - INFO - | Epoch: 445/500 | Train Time: 0.044s | Train Loss: 0.117997 |
2020-08-17 02:46:11,299 - root - INFO - | Epoch: 446/500 | Train Time: 0.044s | Train Loss: 0.113710 |
2020-08-17 02:46:11,343 - root - INFO - | Epoch: 447/500 | Train Time: 0.044s | Train Loss: 0.116814 |
2020-08-17 02:46:11,387 - root - INFO - | Epoch: 448/500 | Train Time: 0.043s | Train Loss: 0.120605 |
2020-08-17 02:46:11,431 - root - INFO - | Epoch: 449/500 | Train Time: 0.044s | Train Loss: 0.115933 |
2020-08-17 02:46:11,475 - root - INFO - | Epoch: 450/500 | Train Time: 0.044s | Train Loss: 0.116222 |
2020-08-17 02:46:11,519 - root - INFO - | Epoch: 451/500 | Train Time: 0.044s | Train Loss: 0.131066 |
2020-08-17 02:46:11,563 - root - INFO - | Epoch: 452/500 | Train Time: 0.044s | Train Loss: 0.115510 |
2020-08-17 02:46:11,607 - root - INFO - | Epoch: 453/500 | Train Time: 0.044s | Train Loss: 0.117264 |
2020-08-17 02:46:11,652 - root - INFO - | Epoch: 454/500 | Train Time: 0.045s | Train Loss: 0.118763 |
2020-08-17 02:46:11,696 - root - INFO - | Epoch: 455/500 | Train Time: 0.044s | Train Loss: 0.125004 |
2020-08-17 02:46:11,739 - root - INFO - | Epoch: 456/500 | Train Time: 0.043s | Train Loss: 0.112791 |
2020-08-17 02:46:11,784 - root - INFO - | Epoch: 457/500 | Train Time: 0.045s | Train Loss: 0.117878 |
2020-08-17 02:46:11,827 - root - INFO - | Epoch: 458/500 | Train Time: 0.043s | Train Loss: 0.116588 |
2020-08-17 02:46:11,872 - root - INFO - | Epoch: 459/500 | Train Time: 0.045s | Train Loss: 0.125105 |
2020-08-17 02:46:11,917 - root - INFO - | Epoch: 460/500 | Train Time: 0.045s | Train Loss: 0.115812 |
2020-08-17 02:46:11,961 - root - INFO - | Epoch: 461/500 | Train Time: 0.044s | Train Loss: 0.119212 |
2020-08-17 02:46:12,005 - root - INFO - | Epoch: 462/500 | Train Time: 0.044s | Train Loss: 0.121122 |
2020-08-17 02:46:12,049 - root - INFO - | Epoch: 463/500 | Train Time: 0.044s | Train Loss: 0.119925 |
2020-08-17 02:46:12,093 - root - INFO - | Epoch: 464/500 | Train Time: 0.044s | Train Loss: 0.128888 |
2020-08-17 02:46:12,137 - root - INFO - | Epoch: 465/500 | Train Time: 0.044s | Train Loss: 0.123647 |
2020-08-17 02:46:12,181 - root - INFO - | Epoch: 466/500 | Train Time: 0.043s | Train Loss: 0.116043 |
2020-08-17 02:46:12,225 - root - INFO - | Epoch: 467/500 | Train Time: 0.044s | Train Loss: 0.125838 |
2020-08-17 02:46:12,269 - root - INFO - | Epoch: 468/500 | Train Time: 0.044s | Train Loss: 0.112953 |
2020-08-17 02:46:12,313 - root - INFO - | Epoch: 469/500 | Train Time: 0.044s | Train Loss: 0.116044 |
2020-08-17 02:46:12,357 - root - INFO - | Epoch: 470/500 | Train Time: 0.044s | Train Loss: 0.117314 |
2020-08-17 02:46:12,401 - root - INFO - | Epoch: 471/500 | Train Time: 0.044s | Train Loss: 0.110653 |
2020-08-17 02:46:12,445 - root - INFO - | Epoch: 472/500 | Train Time: 0.044s | Train Loss: 0.117716 |
2020-08-17 02:46:12,489 - root - INFO - | Epoch: 473/500 | Train Time: 0.044s | Train Loss: 0.120077 |
2020-08-17 02:46:12,533 - root - INFO - | Epoch: 474/500 | Train Time: 0.044s | Train Loss: 0.117343 |
2020-08-17 02:46:12,577 - root - INFO - | Epoch: 475/500 | Train Time: 0.044s | Train Loss: 0.116381 |
2020-08-17 02:46:12,621 - root - INFO - | Epoch: 476/500 | Train Time: 0.044s | Train Loss: 0.116684 |
2020-08-17 02:46:12,664 - root - INFO - | Epoch: 477/500 | Train Time: 0.044s | Train Loss: 0.113499 |
2020-08-17 02:46:12,709 - root - INFO - | Epoch: 478/500 | Train Time: 0.044s | Train Loss: 0.114597 |
2020-08-17 02:46:12,753 - root - INFO - | Epoch: 479/500 | Train Time: 0.044s | Train Loss: 0.120408 |
2020-08-17 02:46:12,797 - root - INFO - | Epoch: 480/500 | Train Time: 0.044s | Train Loss: 0.114228 |
2020-08-17 02:46:12,842 - root - INFO - | Epoch: 481/500 | Train Time: 0.044s | Train Loss: 0.123161 |
2020-08-17 02:46:12,887 - root - INFO - | Epoch: 482/500 | Train Time: 0.045s | Train Loss: 0.117523 |
2020-08-17 02:46:12,931 - root - INFO - | Epoch: 483/500 | Train Time: 0.044s | Train Loss: 0.114068 |
2020-08-17 02:46:12,975 - root - INFO - | Epoch: 484/500 | Train Time: 0.043s | Train Loss: 0.114220 |
2020-08-17 02:46:13,019 - root - INFO - | Epoch: 485/500 | Train Time: 0.044s | Train Loss: 0.113455 |
2020-08-17 02:46:13,063 - root - INFO - | Epoch: 486/500 | Train Time: 0.044s | Train Loss: 0.121367 |
2020-08-17 02:46:13,111 - root - INFO - | Epoch: 487/500 | Train Time: 0.048s | Train Loss: 0.112622 |
2020-08-17 02:46:13,156 - root - INFO - | Epoch: 488/500 | Train Time: 0.045s | Train Loss: 0.109818 |
2020-08-17 02:46:13,201 - root - INFO - | Epoch: 489/500 | Train Time: 0.044s | Train Loss: 0.117277 |
2020-08-17 02:46:13,245 - root - INFO - | Epoch: 490/500 | Train Time: 0.045s | Train Loss: 0.124322 |
2020-08-17 02:46:13,290 - root - INFO - | Epoch: 491/500 | Train Time: 0.045s | Train Loss: 0.110213 |
2020-08-17 02:46:13,339 - root - INFO - | Epoch: 492/500 | Train Time: 0.048s | Train Loss: 0.112512 |
2020-08-17 02:46:13,382 - root - INFO - | Epoch: 493/500 | Train Time: 0.043s | Train Loss: 0.126183 |
2020-08-17 02:46:13,427 - root - INFO - | Epoch: 494/500 | Train Time: 0.045s | Train Loss: 0.118374 |
2020-08-17 02:46:13,471 - root - INFO - | Epoch: 495/500 | Train Time: 0.044s | Train Loss: 0.114871 |
2020-08-17 02:46:13,515 - root - INFO - | Epoch: 496/500 | Train Time: 0.044s | Train Loss: 0.123638 |
2020-08-17 02:46:13,559 - root - INFO - | Epoch: 497/500 | Train Time: 0.044s | Train Loss: 0.112480 |
2020-08-17 02:46:13,603 - root - INFO - | Epoch: 498/500 | Train Time: 0.044s | Train Loss: 0.113371 |
2020-08-17 02:46:13,647 - root - INFO - | Epoch: 499/500 | Train Time: 0.044s | Train Loss: 0.113250 |
2020-08-17 02:46:13,691 - root - INFO - | Epoch: 500/500 | Train Time: 0.044s | Train Loss: 0.109320 |
2020-08-17 02:46:13,691 - root - INFO - Training Time: 21.337s
2020-08-17 02:46:13,691 - root - INFO - Finished training.
2020-08-17 02:46:13,691 - root - INFO - Starting testing...
2020-08-17 02:46:13,699 - root - INFO - Test Loss: 0.142781
2020-08-17 02:46:13,699 - root - INFO - Test AUC: 99.54%
2020-08-17 02:46:13,699 - root - INFO - Test Time: 0.005s
2020-08-17 02:46:13,699 - root - INFO - Finished testing.
2020-08-17 02:46:13,748 - root - INFO - Starting testing...
2020-08-17 02:46:13,757 - root - INFO - Test Loss: 0.142781
2020-08-17 02:46:13,757 - root - INFO - Test AUC: 99.54%
2020-08-17 02:46:13,757 - root - INFO - Test Time: 0.007s
2020-08-17 02:46:13,757 - root - INFO - Finished testing.
