2020-08-10 07:56:50,800 - root - INFO - Hey I am loading net for you!
2020-08-10 07:56:52,554 - root - INFO - Setting hyper-parameters!
2020-08-10 07:56:52,555 - root - INFO - Starting training...
2020-08-10 07:56:52,753 - root - INFO - | Epoch: 001/100 | Train Time: 0.198s | Train Loss: 0.403509 |
2020-08-10 07:56:52,943 - root - INFO - | Epoch: 002/100 | Train Time: 0.189s | Train Loss: 0.399332 |
2020-08-10 07:56:53,141 - root - INFO - | Epoch: 003/100 | Train Time: 0.198s | Train Loss: 0.395647 |
2020-08-10 07:56:53,334 - root - INFO - | Epoch: 004/100 | Train Time: 0.193s | Train Loss: 0.390298 |
2020-08-10 07:56:53,526 - root - INFO - | Epoch: 005/100 | Train Time: 0.192s | Train Loss: 0.386394 |
2020-08-10 07:56:53,725 - root - INFO - | Epoch: 006/100 | Train Time: 0.198s | Train Loss: 0.382323 |
2020-08-10 07:56:53,920 - root - INFO - | Epoch: 007/100 | Train Time: 0.195s | Train Loss: 0.378644 |
2020-08-10 07:56:54,119 - root - INFO - | Epoch: 008/100 | Train Time: 0.199s | Train Loss: 0.375558 |
2020-08-10 07:56:54,316 - root - INFO - | Epoch: 009/100 | Train Time: 0.197s | Train Loss: 0.371307 |
2020-08-10 07:56:54,511 - root - INFO - | Epoch: 010/100 | Train Time: 0.194s | Train Loss: 0.368289 |
2020-08-10 07:56:54,713 - root - INFO - | Epoch: 011/100 | Train Time: 0.202s | Train Loss: 0.364949 |
2020-08-10 07:56:54,905 - root - INFO - | Epoch: 012/100 | Train Time: 0.193s | Train Loss: 0.362396 |
2020-08-10 07:56:55,100 - root - INFO - | Epoch: 013/100 | Train Time: 0.195s | Train Loss: 0.359235 |
2020-08-10 07:56:55,294 - root - INFO - | Epoch: 014/100 | Train Time: 0.194s | Train Loss: 0.356751 |
2020-08-10 07:56:55,488 - root - INFO - | Epoch: 015/100 | Train Time: 0.194s | Train Loss: 0.354437 |
2020-08-10 07:56:55,688 - root - INFO - | Epoch: 016/100 | Train Time: 0.200s | Train Loss: 0.351827 |
2020-08-10 07:56:55,886 - root - INFO - | Epoch: 017/100 | Train Time: 0.198s | Train Loss: 0.347852 |
2020-08-10 07:56:56,083 - root - INFO - | Epoch: 018/100 | Train Time: 0.197s | Train Loss: 0.348168 |
2020-08-10 07:56:56,268 - root - INFO - | Epoch: 019/100 | Train Time: 0.185s | Train Loss: 0.346503 |
2020-08-10 07:56:56,456 - root - INFO - | Epoch: 020/100 | Train Time: 0.187s | Train Loss: 0.345220 |
2020-08-10 07:56:56,639 - root - INFO - | Epoch: 021/100 | Train Time: 0.183s | Train Loss: 0.343979 |
2020-08-10 07:56:56,824 - root - INFO - | Epoch: 022/100 | Train Time: 0.185s | Train Loss: 0.341040 |
2020-08-10 07:56:57,009 - root - INFO - | Epoch: 023/100 | Train Time: 0.184s | Train Loss: 0.342065 |
2020-08-10 07:56:57,185 - root - INFO - | Epoch: 024/100 | Train Time: 0.176s | Train Loss: 0.340928 |
2020-08-10 07:56:57,362 - root - INFO - | Epoch: 025/100 | Train Time: 0.177s | Train Loss: 0.338623 |
2020-08-10 07:56:57,540 - root - INFO - | Epoch: 026/100 | Train Time: 0.177s | Train Loss: 0.338440 |
2020-08-10 07:56:57,715 - root - INFO - | Epoch: 027/100 | Train Time: 0.175s | Train Loss: 0.338040 |
2020-08-10 07:56:57,892 - root - INFO - | Epoch: 028/100 | Train Time: 0.178s | Train Loss: 0.337592 |
2020-08-10 07:56:58,070 - root - INFO - | Epoch: 029/100 | Train Time: 0.178s | Train Loss: 0.334765 |
2020-08-10 07:56:58,247 - root - INFO - | Epoch: 030/100 | Train Time: 0.177s | Train Loss: 0.335387 |
2020-08-10 07:56:58,423 - root - INFO - | Epoch: 031/100 | Train Time: 0.176s | Train Loss: 0.335954 |
2020-08-10 07:56:58,602 - root - INFO - | Epoch: 032/100 | Train Time: 0.179s | Train Loss: 0.333810 |
2020-08-10 07:56:58,780 - root - INFO - | Epoch: 033/100 | Train Time: 0.179s | Train Loss: 0.335220 |
2020-08-10 07:56:58,960 - root - INFO - | Epoch: 034/100 | Train Time: 0.179s | Train Loss: 0.334753 |
2020-08-10 07:56:59,140 - root - INFO - | Epoch: 035/100 | Train Time: 0.180s | Train Loss: 0.333953 |
2020-08-10 07:56:59,321 - root - INFO - | Epoch: 036/100 | Train Time: 0.181s | Train Loss: 0.332519 |
2020-08-10 07:56:59,500 - root - INFO - | Epoch: 037/100 | Train Time: 0.179s | Train Loss: 0.332137 |
2020-08-10 07:56:59,679 - root - INFO - | Epoch: 038/100 | Train Time: 0.179s | Train Loss: 0.332492 |
2020-08-10 07:56:59,857 - root - INFO - | Epoch: 039/100 | Train Time: 0.178s | Train Loss: 0.331211 |
2020-08-10 07:57:00,035 - root - INFO - | Epoch: 040/100 | Train Time: 0.177s | Train Loss: 0.331145 |
2020-08-10 07:57:00,214 - root - INFO - | Epoch: 041/100 | Train Time: 0.179s | Train Loss: 0.329833 |
2020-08-10 07:57:00,393 - root - INFO - | Epoch: 042/100 | Train Time: 0.179s | Train Loss: 0.331085 |
2020-08-10 07:57:00,572 - root - INFO - | Epoch: 043/100 | Train Time: 0.178s | Train Loss: 0.329220 |
2020-08-10 07:57:00,753 - root - INFO - | Epoch: 044/100 | Train Time: 0.181s | Train Loss: 0.329544 |
2020-08-10 07:57:00,933 - root - INFO - | Epoch: 045/100 | Train Time: 0.180s | Train Loss: 0.330248 |
2020-08-10 07:57:01,132 - root - INFO - | Epoch: 046/100 | Train Time: 0.199s | Train Loss: 0.329001 |
2020-08-10 07:57:01,306 - root - INFO - | Epoch: 047/100 | Train Time: 0.174s | Train Loss: 0.328657 |
2020-08-10 07:57:01,496 - root - INFO - | Epoch: 048/100 | Train Time: 0.190s | Train Loss: 0.328549 |
2020-08-10 07:57:01,682 - root - INFO - | Epoch: 049/100 | Train Time: 0.186s | Train Loss: 0.328117 |
2020-08-10 07:57:01,866 - root - INFO - | Epoch: 050/100 | Train Time: 0.184s | Train Loss: 0.326543 |
2020-08-10 07:57:01,867 - root - INFO -   LR scheduler: new learning rate is 1e-06
2020-08-10 07:57:02,051 - root - INFO - | Epoch: 051/100 | Train Time: 0.184s | Train Loss: 0.327452 |
2020-08-10 07:57:02,239 - root - INFO - | Epoch: 052/100 | Train Time: 0.188s | Train Loss: 0.326025 |
2020-08-10 07:57:02,425 - root - INFO - | Epoch: 053/100 | Train Time: 0.186s | Train Loss: 0.326148 |
2020-08-10 07:57:02,609 - root - INFO - | Epoch: 054/100 | Train Time: 0.184s | Train Loss: 0.326761 |
2020-08-10 07:57:02,797 - root - INFO - | Epoch: 055/100 | Train Time: 0.189s | Train Loss: 0.325122 |
2020-08-10 07:57:02,986 - root - INFO - | Epoch: 056/100 | Train Time: 0.189s | Train Loss: 0.327234 |
2020-08-10 07:57:03,171 - root - INFO - | Epoch: 057/100 | Train Time: 0.184s | Train Loss: 0.327641 |
2020-08-10 07:57:03,352 - root - INFO - | Epoch: 058/100 | Train Time: 0.181s | Train Loss: 0.324874 |
2020-08-10 07:57:03,537 - root - INFO - | Epoch: 059/100 | Train Time: 0.185s | Train Loss: 0.327564 |
2020-08-10 07:57:03,680 - root - INFO - | Epoch: 060/100 | Train Time: 0.142s | Train Loss: 0.325787 |
2020-08-10 07:57:03,816 - root - INFO - | Epoch: 061/100 | Train Time: 0.136s | Train Loss: 0.326330 |
2020-08-10 07:57:03,954 - root - INFO - | Epoch: 062/100 | Train Time: 0.138s | Train Loss: 0.325627 |
2020-08-10 07:57:04,091 - root - INFO - | Epoch: 063/100 | Train Time: 0.136s | Train Loss: 0.325364 |
2020-08-10 07:57:04,229 - root - INFO - | Epoch: 064/100 | Train Time: 0.138s | Train Loss: 0.326726 |
2020-08-10 07:57:04,394 - root - INFO - | Epoch: 065/100 | Train Time: 0.165s | Train Loss: 0.327376 |
2020-08-10 07:57:04,582 - root - INFO - | Epoch: 066/100 | Train Time: 0.188s | Train Loss: 0.325871 |
2020-08-10 07:57:04,768 - root - INFO - | Epoch: 067/100 | Train Time: 0.185s | Train Loss: 0.326732 |
2020-08-10 07:57:04,953 - root - INFO - | Epoch: 068/100 | Train Time: 0.185s | Train Loss: 0.325761 |
2020-08-10 07:57:05,136 - root - INFO - | Epoch: 069/100 | Train Time: 0.183s | Train Loss: 0.325944 |
2020-08-10 07:57:05,319 - root - INFO - | Epoch: 070/100 | Train Time: 0.183s | Train Loss: 0.326173 |
2020-08-10 07:57:05,504 - root - INFO - | Epoch: 071/100 | Train Time: 0.184s | Train Loss: 0.326411 |
2020-08-10 07:57:05,687 - root - INFO - | Epoch: 072/100 | Train Time: 0.183s | Train Loss: 0.324570 |
2020-08-10 07:57:05,868 - root - INFO - | Epoch: 073/100 | Train Time: 0.181s | Train Loss: 0.326613 |
2020-08-10 07:57:06,050 - root - INFO - | Epoch: 074/100 | Train Time: 0.181s | Train Loss: 0.326669 |
2020-08-10 07:57:06,231 - root - INFO - | Epoch: 075/100 | Train Time: 0.181s | Train Loss: 0.326289 |
2020-08-10 07:57:06,419 - root - INFO - | Epoch: 076/100 | Train Time: 0.188s | Train Loss: 0.326889 |
2020-08-10 07:57:06,603 - root - INFO - | Epoch: 077/100 | Train Time: 0.184s | Train Loss: 0.325248 |
2020-08-10 07:57:06,783 - root - INFO - | Epoch: 078/100 | Train Time: 0.180s | Train Loss: 0.325016 |
2020-08-10 07:57:06,969 - root - INFO - | Epoch: 079/100 | Train Time: 0.185s | Train Loss: 0.325278 |
2020-08-10 07:57:07,150 - root - INFO - | Epoch: 080/100 | Train Time: 0.181s | Train Loss: 0.326695 |
2020-08-10 07:57:07,333 - root - INFO - | Epoch: 081/100 | Train Time: 0.183s | Train Loss: 0.324930 |
2020-08-10 07:57:07,517 - root - INFO - | Epoch: 082/100 | Train Time: 0.184s | Train Loss: 0.326338 |
2020-08-10 07:57:07,698 - root - INFO - | Epoch: 083/100 | Train Time: 0.181s | Train Loss: 0.326213 |
2020-08-10 07:57:07,879 - root - INFO - | Epoch: 084/100 | Train Time: 0.182s | Train Loss: 0.325166 |
2020-08-10 07:57:08,065 - root - INFO - | Epoch: 085/100 | Train Time: 0.186s | Train Loss: 0.323940 |
2020-08-10 07:57:08,246 - root - INFO - | Epoch: 086/100 | Train Time: 0.180s | Train Loss: 0.325478 |
2020-08-10 07:57:08,430 - root - INFO - | Epoch: 087/100 | Train Time: 0.184s | Train Loss: 0.325693 |
2020-08-10 07:57:08,615 - root - INFO - | Epoch: 088/100 | Train Time: 0.185s | Train Loss: 0.325617 |
2020-08-10 07:57:08,800 - root - INFO - | Epoch: 089/100 | Train Time: 0.184s | Train Loss: 0.325210 |
2020-08-10 07:57:08,985 - root - INFO - | Epoch: 090/100 | Train Time: 0.185s | Train Loss: 0.323510 |
2020-08-10 07:57:09,166 - root - INFO - | Epoch: 091/100 | Train Time: 0.181s | Train Loss: 0.325389 |
2020-08-10 07:57:09,349 - root - INFO - | Epoch: 092/100 | Train Time: 0.183s | Train Loss: 0.323341 |
2020-08-10 07:57:09,536 - root - INFO - | Epoch: 093/100 | Train Time: 0.186s | Train Loss: 0.325306 |
2020-08-10 07:57:09,718 - root - INFO - | Epoch: 094/100 | Train Time: 0.182s | Train Loss: 0.324069 |
2020-08-10 07:57:09,901 - root - INFO - | Epoch: 095/100 | Train Time: 0.183s | Train Loss: 0.324649 |
2020-08-10 07:57:10,083 - root - INFO - | Epoch: 096/100 | Train Time: 0.182s | Train Loss: 0.324411 |
2020-08-10 07:57:10,267 - root - INFO - | Epoch: 097/100 | Train Time: 0.184s | Train Loss: 0.324867 |
2020-08-10 07:57:10,451 - root - INFO - | Epoch: 098/100 | Train Time: 0.184s | Train Loss: 0.323919 |
2020-08-10 07:57:10,633 - root - INFO - | Epoch: 099/100 | Train Time: 0.183s | Train Loss: 0.324008 |
2020-08-10 07:57:10,815 - root - INFO - | Epoch: 100/100 | Train Time: 0.182s | Train Loss: 0.325504 |
2020-08-10 07:57:10,815 - root - INFO - Training Time: 18.261s
2020-08-10 07:57:10,816 - root - INFO - Finished training.
2020-08-10 07:57:10,816 - root - INFO - Starting testing...
2020-08-10 07:57:10,835 - root - INFO - Test AUC: 99.99%
2020-08-10 07:57:10,835 - root - INFO - Test Time: 0.018s
2020-08-10 07:57:10,835 - root - INFO - Finished testing.
2020-08-10 07:57:10,888 - root - INFO - Starting testing...
2020-08-10 07:57:10,908 - root - INFO - Test AUC: 99.99%
2020-08-10 07:57:10,908 - root - INFO - Test Time: 0.019s
2020-08-10 07:57:10,908 - root - INFO - Finished testing.
