2020-08-10 08:00:30,277 - root - INFO - I am pre-training for you.
2020-08-10 08:00:32,174 - root - INFO - | Epoch: 001/100 | Train Time: 0.157s | Train Loss: 0.043853 |
2020-08-10 08:00:32,335 - root - INFO - | Epoch: 002/100 | Train Time: 0.161s | Train Loss: 0.021605 |
2020-08-10 08:00:32,494 - root - INFO - | Epoch: 003/100 | Train Time: 0.159s | Train Loss: 0.018944 |
2020-08-10 08:00:32,659 - root - INFO - | Epoch: 004/100 | Train Time: 0.165s | Train Loss: 0.017796 |
2020-08-10 08:00:32,824 - root - INFO - | Epoch: 005/100 | Train Time: 0.165s | Train Loss: 0.016537 |
2020-08-10 08:00:32,988 - root - INFO - | Epoch: 006/100 | Train Time: 0.164s | Train Loss: 0.015105 |
2020-08-10 08:00:33,153 - root - INFO - | Epoch: 007/100 | Train Time: 0.165s | Train Loss: 0.013511 |
2020-08-10 08:00:33,319 - root - INFO - | Epoch: 008/100 | Train Time: 0.166s | Train Loss: 0.011850 |
2020-08-10 08:00:33,486 - root - INFO - | Epoch: 009/100 | Train Time: 0.167s | Train Loss: 0.010312 |
2020-08-10 08:00:33,654 - root - INFO - | Epoch: 010/100 | Train Time: 0.168s | Train Loss: 0.008968 |
2020-08-10 08:00:33,821 - root - INFO - | Epoch: 011/100 | Train Time: 0.166s | Train Loss: 0.007846 |
2020-08-10 08:00:33,987 - root - INFO - | Epoch: 012/100 | Train Time: 0.166s | Train Loss: 0.007047 |
2020-08-10 08:00:34,154 - root - INFO - | Epoch: 013/100 | Train Time: 0.167s | Train Loss: 0.006458 |
2020-08-10 08:00:34,322 - root - INFO - | Epoch: 014/100 | Train Time: 0.167s | Train Loss: 0.006053 |
2020-08-10 08:00:34,488 - root - INFO - | Epoch: 015/100 | Train Time: 0.166s | Train Loss: 0.005734 |
2020-08-10 08:00:34,654 - root - INFO - | Epoch: 016/100 | Train Time: 0.166s | Train Loss: 0.005498 |
2020-08-10 08:00:34,821 - root - INFO - | Epoch: 017/100 | Train Time: 0.167s | Train Loss: 0.005324 |
2020-08-10 08:00:34,986 - root - INFO - | Epoch: 018/100 | Train Time: 0.164s | Train Loss: 0.005189 |
2020-08-10 08:00:35,154 - root - INFO - | Epoch: 019/100 | Train Time: 0.168s | Train Loss: 0.005093 |
2020-08-10 08:00:35,320 - root - INFO - | Epoch: 020/100 | Train Time: 0.166s | Train Loss: 0.005015 |
2020-08-10 08:00:35,487 - root - INFO - | Epoch: 021/100 | Train Time: 0.167s | Train Loss: 0.004957 |
2020-08-10 08:00:35,654 - root - INFO - | Epoch: 022/100 | Train Time: 0.166s | Train Loss: 0.004912 |
2020-08-10 08:00:35,820 - root - INFO - | Epoch: 023/100 | Train Time: 0.166s | Train Loss: 0.004879 |
2020-08-10 08:00:35,987 - root - INFO - | Epoch: 024/100 | Train Time: 0.166s | Train Loss: 0.004860 |
2020-08-10 08:00:36,154 - root - INFO - | Epoch: 025/100 | Train Time: 0.167s | Train Loss: 0.004846 |
2020-08-10 08:00:36,322 - root - INFO - | Epoch: 026/100 | Train Time: 0.168s | Train Loss: 0.004832 |
2020-08-10 08:00:36,471 - root - INFO - | Epoch: 027/100 | Train Time: 0.150s | Train Loss: 0.004804 |
2020-08-10 08:00:36,637 - root - INFO - | Epoch: 028/100 | Train Time: 0.166s | Train Loss: 0.004809 |
2020-08-10 08:00:36,804 - root - INFO - | Epoch: 029/100 | Train Time: 0.166s | Train Loss: 0.004799 |
2020-08-10 08:00:36,970 - root - INFO - | Epoch: 030/100 | Train Time: 0.167s | Train Loss: 0.004801 |
2020-08-10 08:00:37,136 - root - INFO - | Epoch: 031/100 | Train Time: 0.166s | Train Loss: 0.004799 |
2020-08-10 08:00:37,303 - root - INFO - | Epoch: 032/100 | Train Time: 0.166s | Train Loss: 0.004788 |
2020-08-10 08:00:37,471 - root - INFO - | Epoch: 033/100 | Train Time: 0.168s | Train Loss: 0.004785 |
2020-08-10 08:00:37,639 - root - INFO - | Epoch: 034/100 | Train Time: 0.168s | Train Loss: 0.004775 |
2020-08-10 08:00:37,806 - root - INFO - | Epoch: 035/100 | Train Time: 0.167s | Train Loss: 0.004785 |
2020-08-10 08:00:37,974 - root - INFO - | Epoch: 036/100 | Train Time: 0.167s | Train Loss: 0.004775 |
2020-08-10 08:00:38,140 - root - INFO - | Epoch: 037/100 | Train Time: 0.166s | Train Loss: 0.004766 |
2020-08-10 08:00:38,305 - root - INFO - | Epoch: 038/100 | Train Time: 0.165s | Train Loss: 0.004759 |
2020-08-10 08:00:38,471 - root - INFO - | Epoch: 039/100 | Train Time: 0.165s | Train Loss: 0.004781 |
2020-08-10 08:00:38,638 - root - INFO - | Epoch: 040/100 | Train Time: 0.167s | Train Loss: 0.004775 |
2020-08-10 08:00:38,805 - root - INFO - | Epoch: 041/100 | Train Time: 0.167s | Train Loss: 0.004775 |
2020-08-10 08:00:38,973 - root - INFO - | Epoch: 042/100 | Train Time: 0.168s | Train Loss: 0.004762 |
2020-08-10 08:00:39,138 - root - INFO - | Epoch: 043/100 | Train Time: 0.165s | Train Loss: 0.004780 |
2020-08-10 08:00:39,304 - root - INFO - | Epoch: 044/100 | Train Time: 0.166s | Train Loss: 0.004772 |
2020-08-10 08:00:39,472 - root - INFO - | Epoch: 045/100 | Train Time: 0.167s | Train Loss: 0.004765 |
2020-08-10 08:00:39,640 - root - INFO - | Epoch: 046/100 | Train Time: 0.167s | Train Loss: 0.004758 |
2020-08-10 08:00:39,807 - root - INFO - | Epoch: 047/100 | Train Time: 0.167s | Train Loss: 0.004766 |
2020-08-10 08:00:39,973 - root - INFO - | Epoch: 048/100 | Train Time: 0.166s | Train Loss: 0.004760 |
2020-08-10 08:00:40,140 - root - INFO - | Epoch: 049/100 | Train Time: 0.166s | Train Loss: 0.004758 |
2020-08-10 08:00:40,305 - root - INFO - | Epoch: 050/100 | Train Time: 0.165s | Train Loss: 0.004753 |
2020-08-10 08:00:40,306 - root - INFO -   LR scheduler: new learning rate is 0.0001
2020-08-10 08:00:40,472 - root - INFO - | Epoch: 051/100 | Train Time: 0.166s | Train Loss: 0.004758 |
2020-08-10 08:00:40,638 - root - INFO - | Epoch: 052/100 | Train Time: 0.166s | Train Loss: 0.004748 |
2020-08-10 08:00:40,804 - root - INFO - | Epoch: 053/100 | Train Time: 0.166s | Train Loss: 0.004752 |
2020-08-10 08:00:40,970 - root - INFO - | Epoch: 054/100 | Train Time: 0.166s | Train Loss: 0.004764 |
2020-08-10 08:00:41,136 - root - INFO - | Epoch: 055/100 | Train Time: 0.166s | Train Loss: 0.004757 |
2020-08-10 08:00:41,302 - root - INFO - | Epoch: 056/100 | Train Time: 0.166s | Train Loss: 0.004742 |
2020-08-10 08:00:41,455 - root - INFO - | Epoch: 057/100 | Train Time: 0.153s | Train Loss: 0.004749 |
2020-08-10 08:00:41,607 - root - INFO - | Epoch: 058/100 | Train Time: 0.152s | Train Loss: 0.004753 |
2020-08-10 08:00:41,771 - root - INFO - | Epoch: 059/100 | Train Time: 0.164s | Train Loss: 0.004751 |
2020-08-10 08:00:41,935 - root - INFO - | Epoch: 060/100 | Train Time: 0.164s | Train Loss: 0.004748 |
2020-08-10 08:00:42,099 - root - INFO - | Epoch: 061/100 | Train Time: 0.164s | Train Loss: 0.004751 |
2020-08-10 08:00:42,263 - root - INFO - | Epoch: 062/100 | Train Time: 0.164s | Train Loss: 0.004743 |
2020-08-10 08:00:42,430 - root - INFO - | Epoch: 063/100 | Train Time: 0.167s | Train Loss: 0.004748 |
2020-08-10 08:00:42,596 - root - INFO - | Epoch: 064/100 | Train Time: 0.166s | Train Loss: 0.004750 |
2020-08-10 08:00:42,763 - root - INFO - | Epoch: 065/100 | Train Time: 0.167s | Train Loss: 0.004755 |
2020-08-10 08:00:42,931 - root - INFO - | Epoch: 066/100 | Train Time: 0.168s | Train Loss: 0.004751 |
2020-08-10 08:00:43,098 - root - INFO - | Epoch: 067/100 | Train Time: 0.167s | Train Loss: 0.004751 |
2020-08-10 08:00:43,265 - root - INFO - | Epoch: 068/100 | Train Time: 0.167s | Train Loss: 0.004759 |
2020-08-10 08:00:43,431 - root - INFO - | Epoch: 069/100 | Train Time: 0.166s | Train Loss: 0.004742 |
2020-08-10 08:00:43,599 - root - INFO - | Epoch: 070/100 | Train Time: 0.167s | Train Loss: 0.004755 |
2020-08-10 08:00:43,766 - root - INFO - | Epoch: 071/100 | Train Time: 0.167s | Train Loss: 0.004759 |
2020-08-10 08:00:43,934 - root - INFO - | Epoch: 072/100 | Train Time: 0.168s | Train Loss: 0.004755 |
2020-08-10 08:00:44,100 - root - INFO - | Epoch: 073/100 | Train Time: 0.166s | Train Loss: 0.004752 |
2020-08-10 08:00:44,266 - root - INFO - | Epoch: 074/100 | Train Time: 0.166s | Train Loss: 0.004753 |
2020-08-10 08:00:44,434 - root - INFO - | Epoch: 075/100 | Train Time: 0.168s | Train Loss: 0.004759 |
2020-08-10 08:00:44,601 - root - INFO - | Epoch: 076/100 | Train Time: 0.167s | Train Loss: 0.004735 |
2020-08-10 08:00:44,768 - root - INFO - | Epoch: 077/100 | Train Time: 0.167s | Train Loss: 0.004761 |
2020-08-10 08:00:44,934 - root - INFO - | Epoch: 078/100 | Train Time: 0.166s | Train Loss: 0.004755 |
2020-08-10 08:00:45,100 - root - INFO - | Epoch: 079/100 | Train Time: 0.166s | Train Loss: 0.004762 |
2020-08-10 08:00:45,267 - root - INFO - | Epoch: 080/100 | Train Time: 0.167s | Train Loss: 0.004745 |
2020-08-10 08:00:45,434 - root - INFO - | Epoch: 081/100 | Train Time: 0.167s | Train Loss: 0.004755 |
2020-08-10 08:00:45,601 - root - INFO - | Epoch: 082/100 | Train Time: 0.167s | Train Loss: 0.004748 |
2020-08-10 08:00:45,768 - root - INFO - | Epoch: 083/100 | Train Time: 0.167s | Train Loss: 0.004748 |
2020-08-10 08:00:45,934 - root - INFO - | Epoch: 084/100 | Train Time: 0.167s | Train Loss: 0.004740 |
2020-08-10 08:00:46,102 - root - INFO - | Epoch: 085/100 | Train Time: 0.167s | Train Loss: 0.004747 |
2020-08-10 08:00:46,268 - root - INFO - | Epoch: 086/100 | Train Time: 0.166s | Train Loss: 0.004756 |
2020-08-10 08:00:46,434 - root - INFO - | Epoch: 087/100 | Train Time: 0.166s | Train Loss: 0.004749 |
2020-08-10 08:00:46,599 - root - INFO - | Epoch: 088/100 | Train Time: 0.165s | Train Loss: 0.004745 |
2020-08-10 08:00:46,764 - root - INFO - | Epoch: 089/100 | Train Time: 0.165s | Train Loss: 0.004747 |
2020-08-10 08:00:46,929 - root - INFO - | Epoch: 090/100 | Train Time: 0.165s | Train Loss: 0.004748 |
2020-08-10 08:00:47,094 - root - INFO - | Epoch: 091/100 | Train Time: 0.165s | Train Loss: 0.004749 |
2020-08-10 08:00:47,258 - root - INFO - | Epoch: 092/100 | Train Time: 0.164s | Train Loss: 0.004747 |
2020-08-10 08:00:47,424 - root - INFO - | Epoch: 093/100 | Train Time: 0.165s | Train Loss: 0.004754 |
2020-08-10 08:00:47,559 - root - INFO - | Epoch: 094/100 | Train Time: 0.135s | Train Loss: 0.004748 |
2020-08-10 08:00:47,678 - root - INFO - | Epoch: 095/100 | Train Time: 0.120s | Train Loss: 0.004743 |
2020-08-10 08:00:47,799 - root - INFO - | Epoch: 096/100 | Train Time: 0.120s | Train Loss: 0.004750 |
2020-08-10 08:00:47,918 - root - INFO - | Epoch: 097/100 | Train Time: 0.120s | Train Loss: 0.004744 |
2020-08-10 08:00:48,038 - root - INFO - | Epoch: 098/100 | Train Time: 0.119s | Train Loss: 0.004749 |
2020-08-10 08:00:48,157 - root - INFO - | Epoch: 099/100 | Train Time: 0.119s | Train Loss: 0.004746 |
2020-08-10 08:00:48,277 - root - INFO - | Epoch: 100/100 | Train Time: 0.119s | Train Loss: 0.004746 |
2020-08-10 08:00:48,277 - root - INFO - Pretraining Time: 16.261s
2020-08-10 08:00:48,277 - root - INFO - Finished pretraining.
2020-08-10 08:00:48,277 - root - INFO - Testing autoencoder...
2020-08-10 08:00:48,291 - root - INFO - Test Loss: 0.004467
2020-08-10 08:00:48,291 - root - INFO - Test Time: 0.014s
2020-08-10 08:00:48,291 - root - INFO - Finished testing autoencoder.
2020-08-10 08:00:48,294 - root - INFO - Hey I am loading net for you!
2020-08-10 08:00:48,294 - root - INFO - Setting hyper-parameters!
2020-08-10 08:00:48,295 - root - INFO - Initializing center c...
2020-08-10 08:00:48,335 - root - INFO - Center c initialized.
2020-08-10 08:00:48,335 - root - INFO - Starting training...
2020-08-10 08:00:48,439 - root - INFO - | Epoch: 001/100 | Train Time: 0.105s | Train Loss: 1.652649 |
2020-08-10 08:00:48,543 - root - INFO - | Epoch: 002/100 | Train Time: 0.103s | Train Loss: 1.380526 |
2020-08-10 08:00:48,639 - root - INFO - | Epoch: 003/100 | Train Time: 0.096s | Train Loss: 1.196890 |
2020-08-10 08:00:48,734 - root - INFO - | Epoch: 004/100 | Train Time: 0.095s | Train Loss: 1.043222 |
2020-08-10 08:00:48,829 - root - INFO - | Epoch: 005/100 | Train Time: 0.095s | Train Loss: 0.938893 |
2020-08-10 08:00:48,924 - root - INFO - | Epoch: 006/100 | Train Time: 0.095s | Train Loss: 0.849086 |
2020-08-10 08:00:49,018 - root - INFO - | Epoch: 007/100 | Train Time: 0.094s | Train Loss: 0.778734 |
2020-08-10 08:00:49,113 - root - INFO - | Epoch: 008/100 | Train Time: 0.095s | Train Loss: 0.717853 |
2020-08-10 08:00:49,208 - root - INFO - | Epoch: 009/100 | Train Time: 0.095s | Train Loss: 0.667439 |
2020-08-10 08:00:49,302 - root - INFO - | Epoch: 010/100 | Train Time: 0.094s | Train Loss: 0.618703 |
2020-08-10 08:00:49,397 - root - INFO - | Epoch: 011/100 | Train Time: 0.094s | Train Loss: 0.584665 |
2020-08-10 08:00:49,492 - root - INFO - | Epoch: 012/100 | Train Time: 0.095s | Train Loss: 0.552611 |
2020-08-10 08:00:49,587 - root - INFO - | Epoch: 013/100 | Train Time: 0.095s | Train Loss: 0.522456 |
2020-08-10 08:00:49,681 - root - INFO - | Epoch: 014/100 | Train Time: 0.094s | Train Loss: 0.498753 |
2020-08-10 08:00:49,776 - root - INFO - | Epoch: 015/100 | Train Time: 0.095s | Train Loss: 0.475190 |
2020-08-10 08:00:49,870 - root - INFO - | Epoch: 016/100 | Train Time: 0.094s | Train Loss: 0.456661 |
2020-08-10 08:00:49,965 - root - INFO - | Epoch: 017/100 | Train Time: 0.095s | Train Loss: 0.439857 |
2020-08-10 08:00:50,060 - root - INFO - | Epoch: 018/100 | Train Time: 0.094s | Train Loss: 0.424455 |
2020-08-10 08:00:50,154 - root - INFO - | Epoch: 019/100 | Train Time: 0.094s | Train Loss: 0.405640 |
2020-08-10 08:00:50,249 - root - INFO - | Epoch: 020/100 | Train Time: 0.095s | Train Loss: 0.394503 |
2020-08-10 08:00:50,344 - root - INFO - | Epoch: 021/100 | Train Time: 0.095s | Train Loss: 0.380751 |
2020-08-10 08:00:50,438 - root - INFO - | Epoch: 022/100 | Train Time: 0.094s | Train Loss: 0.370564 |
2020-08-10 08:00:50,533 - root - INFO - | Epoch: 023/100 | Train Time: 0.095s | Train Loss: 0.360298 |
2020-08-10 08:00:50,628 - root - INFO - | Epoch: 024/100 | Train Time: 0.095s | Train Loss: 0.351935 |
2020-08-10 08:00:50,722 - root - INFO - | Epoch: 025/100 | Train Time: 0.094s | Train Loss: 0.341933 |
2020-08-10 08:00:50,817 - root - INFO - | Epoch: 026/100 | Train Time: 0.095s | Train Loss: 0.333119 |
2020-08-10 08:00:50,912 - root - INFO - | Epoch: 027/100 | Train Time: 0.095s | Train Loss: 0.326158 |
2020-08-10 08:00:51,007 - root - INFO - | Epoch: 028/100 | Train Time: 0.095s | Train Loss: 0.321130 |
2020-08-10 08:00:51,101 - root - INFO - | Epoch: 029/100 | Train Time: 0.095s | Train Loss: 0.312455 |
2020-08-10 08:00:51,196 - root - INFO - | Epoch: 030/100 | Train Time: 0.094s | Train Loss: 0.307732 |
2020-08-10 08:00:51,290 - root - INFO - | Epoch: 031/100 | Train Time: 0.094s | Train Loss: 0.302094 |
2020-08-10 08:00:51,385 - root - INFO - | Epoch: 032/100 | Train Time: 0.094s | Train Loss: 0.296668 |
2020-08-10 08:00:51,479 - root - INFO - | Epoch: 033/100 | Train Time: 0.095s | Train Loss: 0.292824 |
2020-08-10 08:00:51,575 - root - INFO - | Epoch: 034/100 | Train Time: 0.095s | Train Loss: 0.286140 |
2020-08-10 08:00:51,669 - root - INFO - | Epoch: 035/100 | Train Time: 0.095s | Train Loss: 0.283117 |
2020-08-10 08:00:51,764 - root - INFO - | Epoch: 036/100 | Train Time: 0.095s | Train Loss: 0.278777 |
2020-08-10 08:00:51,859 - root - INFO - | Epoch: 037/100 | Train Time: 0.095s | Train Loss: 0.275043 |
2020-08-10 08:00:51,954 - root - INFO - | Epoch: 038/100 | Train Time: 0.094s | Train Loss: 0.272117 |
2020-08-10 08:00:52,048 - root - INFO - | Epoch: 039/100 | Train Time: 0.094s | Train Loss: 0.269431 |
2020-08-10 08:00:52,143 - root - INFO - | Epoch: 040/100 | Train Time: 0.095s | Train Loss: 0.266212 |
2020-08-10 08:00:52,237 - root - INFO - | Epoch: 041/100 | Train Time: 0.094s | Train Loss: 0.261576 |
2020-08-10 08:00:52,331 - root - INFO - | Epoch: 042/100 | Train Time: 0.094s | Train Loss: 0.259924 |
2020-08-10 08:00:52,427 - root - INFO - | Epoch: 043/100 | Train Time: 0.095s | Train Loss: 0.256805 |
2020-08-10 08:00:52,521 - root - INFO - | Epoch: 044/100 | Train Time: 0.094s | Train Loss: 0.254359 |
2020-08-10 08:00:52,616 - root - INFO - | Epoch: 045/100 | Train Time: 0.095s | Train Loss: 0.252336 |
2020-08-10 08:00:52,710 - root - INFO - | Epoch: 046/100 | Train Time: 0.095s | Train Loss: 0.249818 |
2020-08-10 08:00:52,806 - root - INFO - | Epoch: 047/100 | Train Time: 0.095s | Train Loss: 0.247150 |
2020-08-10 08:00:52,900 - root - INFO - | Epoch: 048/100 | Train Time: 0.094s | Train Loss: 0.245983 |
2020-08-10 08:00:52,995 - root - INFO - | Epoch: 049/100 | Train Time: 0.095s | Train Loss: 0.243528 |
2020-08-10 08:00:53,090 - root - INFO - | Epoch: 050/100 | Train Time: 0.095s | Train Loss: 0.241638 |
2020-08-10 08:00:53,090 - root - INFO -   LR scheduler: new learning rate is 1e-06
2020-08-10 08:00:53,185 - root - INFO - | Epoch: 051/100 | Train Time: 0.095s | Train Loss: 0.240966 |
2020-08-10 08:00:53,279 - root - INFO - | Epoch: 052/100 | Train Time: 0.094s | Train Loss: 0.240442 |
2020-08-10 08:00:53,374 - root - INFO - | Epoch: 053/100 | Train Time: 0.095s | Train Loss: 0.240855 |
2020-08-10 08:00:53,469 - root - INFO - | Epoch: 054/100 | Train Time: 0.095s | Train Loss: 0.240356 |
2020-08-10 08:00:53,563 - root - INFO - | Epoch: 055/100 | Train Time: 0.094s | Train Loss: 0.239013 |
2020-08-10 08:00:53,657 - root - INFO - | Epoch: 056/100 | Train Time: 0.094s | Train Loss: 0.238614 |
2020-08-10 08:00:53,752 - root - INFO - | Epoch: 057/100 | Train Time: 0.094s | Train Loss: 0.240223 |
2020-08-10 08:00:53,846 - root - INFO - | Epoch: 058/100 | Train Time: 0.094s | Train Loss: 0.239578 |
2020-08-10 08:00:53,940 - root - INFO - | Epoch: 059/100 | Train Time: 0.094s | Train Loss: 0.238843 |
2020-08-10 08:00:54,035 - root - INFO - | Epoch: 060/100 | Train Time: 0.095s | Train Loss: 0.239251 |
2020-08-10 08:00:54,130 - root - INFO - | Epoch: 061/100 | Train Time: 0.095s | Train Loss: 0.238618 |
2020-08-10 08:00:54,224 - root - INFO - | Epoch: 062/100 | Train Time: 0.094s | Train Loss: 0.238842 |
2020-08-10 08:00:54,319 - root - INFO - | Epoch: 063/100 | Train Time: 0.094s | Train Loss: 0.237818 |
2020-08-10 08:00:54,413 - root - INFO - | Epoch: 064/100 | Train Time: 0.094s | Train Loss: 0.237958 |
2020-08-10 08:00:54,508 - root - INFO - | Epoch: 065/100 | Train Time: 0.095s | Train Loss: 0.238111 |
2020-08-10 08:00:54,602 - root - INFO - | Epoch: 066/100 | Train Time: 0.094s | Train Loss: 0.236848 |
2020-08-10 08:00:54,696 - root - INFO - | Epoch: 067/100 | Train Time: 0.094s | Train Loss: 0.237418 |
2020-08-10 08:00:54,791 - root - INFO - | Epoch: 068/100 | Train Time: 0.094s | Train Loss: 0.237009 |
2020-08-10 08:00:54,885 - root - INFO - | Epoch: 069/100 | Train Time: 0.094s | Train Loss: 0.237380 |
2020-08-10 08:00:54,979 - root - INFO - | Epoch: 070/100 | Train Time: 0.094s | Train Loss: 0.237423 |
2020-08-10 08:00:55,073 - root - INFO - | Epoch: 071/100 | Train Time: 0.094s | Train Loss: 0.236679 |
2020-08-10 08:00:55,167 - root - INFO - | Epoch: 072/100 | Train Time: 0.094s | Train Loss: 0.236242 |
2020-08-10 08:00:55,262 - root - INFO - | Epoch: 073/100 | Train Time: 0.094s | Train Loss: 0.235140 |
2020-08-10 08:00:55,356 - root - INFO - | Epoch: 074/100 | Train Time: 0.094s | Train Loss: 0.236397 |
2020-08-10 08:00:55,451 - root - INFO - | Epoch: 075/100 | Train Time: 0.095s | Train Loss: 0.236223 |
2020-08-10 08:00:55,546 - root - INFO - | Epoch: 076/100 | Train Time: 0.095s | Train Loss: 0.234890 |
2020-08-10 08:00:55,640 - root - INFO - | Epoch: 077/100 | Train Time: 0.094s | Train Loss: 0.234351 |
2020-08-10 08:00:55,734 - root - INFO - | Epoch: 078/100 | Train Time: 0.094s | Train Loss: 0.234390 |
2020-08-10 08:00:55,829 - root - INFO - | Epoch: 079/100 | Train Time: 0.095s | Train Loss: 0.234166 |
2020-08-10 08:00:55,924 - root - INFO - | Epoch: 080/100 | Train Time: 0.094s | Train Loss: 0.234420 |
2020-08-10 08:00:56,019 - root - INFO - | Epoch: 081/100 | Train Time: 0.095s | Train Loss: 0.234055 |
2020-08-10 08:00:56,113 - root - INFO - | Epoch: 082/100 | Train Time: 0.094s | Train Loss: 0.233707 |
2020-08-10 08:00:56,208 - root - INFO - | Epoch: 083/100 | Train Time: 0.095s | Train Loss: 0.234264 |
2020-08-10 08:00:56,302 - root - INFO - | Epoch: 084/100 | Train Time: 0.094s | Train Loss: 0.233755 |
2020-08-10 08:00:56,397 - root - INFO - | Epoch: 085/100 | Train Time: 0.095s | Train Loss: 0.232873 |
2020-08-10 08:00:56,491 - root - INFO - | Epoch: 086/100 | Train Time: 0.094s | Train Loss: 0.232003 |
2020-08-10 08:00:56,586 - root - INFO - | Epoch: 087/100 | Train Time: 0.094s | Train Loss: 0.232508 |
2020-08-10 08:00:56,680 - root - INFO - | Epoch: 088/100 | Train Time: 0.095s | Train Loss: 0.231829 |
2020-08-10 08:00:56,775 - root - INFO - | Epoch: 089/100 | Train Time: 0.095s | Train Loss: 0.231096 |
2020-08-10 08:00:56,870 - root - INFO - | Epoch: 090/100 | Train Time: 0.094s | Train Loss: 0.231388 |
2020-08-10 08:00:56,965 - root - INFO - | Epoch: 091/100 | Train Time: 0.095s | Train Loss: 0.231462 |
2020-08-10 08:00:57,059 - root - INFO - | Epoch: 092/100 | Train Time: 0.095s | Train Loss: 0.231465 |
2020-08-10 08:00:57,154 - root - INFO - | Epoch: 093/100 | Train Time: 0.095s | Train Loss: 0.230927 |
2020-08-10 08:00:57,249 - root - INFO - | Epoch: 094/100 | Train Time: 0.095s | Train Loss: 0.230919 |
2020-08-10 08:00:57,343 - root - INFO - | Epoch: 095/100 | Train Time: 0.094s | Train Loss: 0.230190 |
2020-08-10 08:00:57,438 - root - INFO - | Epoch: 096/100 | Train Time: 0.094s | Train Loss: 0.229020 |
2020-08-10 08:00:57,532 - root - INFO - | Epoch: 097/100 | Train Time: 0.094s | Train Loss: 0.228990 |
2020-08-10 08:00:57,627 - root - INFO - | Epoch: 098/100 | Train Time: 0.095s | Train Loss: 0.229048 |
2020-08-10 08:00:57,721 - root - INFO - | Epoch: 099/100 | Train Time: 0.094s | Train Loss: 0.229045 |
2020-08-10 08:00:57,816 - root - INFO - | Epoch: 100/100 | Train Time: 0.095s | Train Loss: 0.229011 |
2020-08-10 08:00:57,816 - root - INFO - Training Time: 9.481s
2020-08-10 08:00:57,816 - root - INFO - Finished training.
2020-08-10 08:00:57,816 - root - INFO - Starting testing...
2020-08-10 08:00:57,832 - root - INFO - Test Loss: 0.225504
2020-08-10 08:00:57,832 - root - INFO - Test AUC: 100.00%
2020-08-10 08:00:57,832 - root - INFO - Test Time: 0.013s
2020-08-10 08:00:57,832 - root - INFO - Finished testing.
2020-08-10 08:00:57,885 - root - INFO - Starting testing...
2020-08-10 08:00:57,901 - root - INFO - Test Loss: 0.225504
2020-08-10 08:00:57,901 - root - INFO - Test AUC: 100.00%
2020-08-10 08:00:57,901 - root - INFO - Test Time: 0.015s
2020-08-10 08:00:57,901 - root - INFO - Finished testing.
