2020-07-17 06:06:32,559 - root - INFO - Hey I am loading net for you!
2020-07-17 06:06:34,057 - root - INFO - Setting hyper-parameters!
2020-07-17 06:06:34,058 - root - INFO - Starting training...
2020-07-17 06:06:34,234 - root - INFO - | Epoch: 001/100 | Train Time: 0.176s | Train Loss: 0.478704 |
2020-07-17 06:06:34,393 - root - INFO - | Epoch: 002/100 | Train Time: 0.159s | Train Loss: 0.475156 |
2020-07-17 06:06:34,554 - root - INFO - | Epoch: 003/100 | Train Time: 0.161s | Train Loss: 0.472218 |
2020-07-17 06:06:34,731 - root - INFO - | Epoch: 004/100 | Train Time: 0.178s | Train Loss: 0.467353 |
2020-07-17 06:06:34,897 - root - INFO - | Epoch: 005/100 | Train Time: 0.166s | Train Loss: 0.464277 |
2020-07-17 06:06:35,059 - root - INFO - | Epoch: 006/100 | Train Time: 0.162s | Train Loss: 0.460927 |
2020-07-17 06:06:35,244 - root - INFO - | Epoch: 007/100 | Train Time: 0.184s | Train Loss: 0.457934 |
2020-07-17 06:06:35,409 - root - INFO - | Epoch: 008/100 | Train Time: 0.165s | Train Loss: 0.455601 |
2020-07-17 06:06:35,567 - root - INFO - | Epoch: 009/100 | Train Time: 0.158s | Train Loss: 0.451766 |
2020-07-17 06:06:35,746 - root - INFO - | Epoch: 010/100 | Train Time: 0.179s | Train Loss: 0.449263 |
2020-07-17 06:06:35,907 - root - INFO - | Epoch: 011/100 | Train Time: 0.161s | Train Loss: 0.446263 |
2020-07-17 06:06:36,067 - root - INFO - | Epoch: 012/100 | Train Time: 0.159s | Train Loss: 0.443986 |
2020-07-17 06:06:36,247 - root - INFO - | Epoch: 013/100 | Train Time: 0.180s | Train Loss: 0.441006 |
2020-07-17 06:06:36,413 - root - INFO - | Epoch: 014/100 | Train Time: 0.166s | Train Loss: 0.438554 |
2020-07-17 06:06:36,575 - root - INFO - | Epoch: 015/100 | Train Time: 0.163s | Train Loss: 0.436199 |
2020-07-17 06:06:36,741 - root - INFO - | Epoch: 016/100 | Train Time: 0.166s | Train Loss: 0.433329 |
2020-07-17 06:06:36,923 - root - INFO - | Epoch: 017/100 | Train Time: 0.181s | Train Loss: 0.429079 |
2020-07-17 06:06:37,087 - root - INFO - | Epoch: 018/100 | Train Time: 0.164s | Train Loss: 0.429105 |
2020-07-17 06:06:37,252 - root - INFO - | Epoch: 019/100 | Train Time: 0.165s | Train Loss: 0.426988 |
2020-07-17 06:06:37,416 - root - INFO - | Epoch: 020/100 | Train Time: 0.163s | Train Loss: 0.425159 |
2020-07-17 06:06:37,587 - root - INFO - | Epoch: 021/100 | Train Time: 0.172s | Train Loss: 0.423311 |
2020-07-17 06:06:37,761 - root - INFO - | Epoch: 022/100 | Train Time: 0.174s | Train Loss: 0.419727 |
2020-07-17 06:06:37,921 - root - INFO - | Epoch: 023/100 | Train Time: 0.160s | Train Loss: 0.420040 |
2020-07-17 06:06:38,082 - root - INFO - | Epoch: 024/100 | Train Time: 0.161s | Train Loss: 0.418090 |
2020-07-17 06:06:38,243 - root - INFO - | Epoch: 025/100 | Train Time: 0.161s | Train Loss: 0.415022 |
2020-07-17 06:06:38,402 - root - INFO - | Epoch: 026/100 | Train Time: 0.160s | Train Loss: 0.413993 |
2020-07-17 06:06:38,579 - root - INFO - | Epoch: 027/100 | Train Time: 0.177s | Train Loss: 0.412847 |
2020-07-17 06:06:38,743 - root - INFO - | Epoch: 028/100 | Train Time: 0.163s | Train Loss: 0.411452 |
2020-07-17 06:06:38,956 - root - INFO - | Epoch: 029/100 | Train Time: 0.213s | Train Loss: 0.407905 |
2020-07-17 06:06:39,124 - root - INFO - | Epoch: 030/100 | Train Time: 0.167s | Train Loss: 0.407591 |
2020-07-17 06:06:39,285 - root - INFO - | Epoch: 031/100 | Train Time: 0.162s | Train Loss: 0.407299 |
2020-07-17 06:06:39,463 - root - INFO - | Epoch: 032/100 | Train Time: 0.178s | Train Loss: 0.404408 |
2020-07-17 06:06:39,628 - root - INFO - | Epoch: 033/100 | Train Time: 0.165s | Train Loss: 0.404861 |
2020-07-17 06:06:39,807 - root - INFO - | Epoch: 034/100 | Train Time: 0.178s | Train Loss: 0.403591 |
2020-07-17 06:06:39,969 - root - INFO - | Epoch: 035/100 | Train Time: 0.162s | Train Loss: 0.402072 |
2020-07-17 06:06:40,132 - root - INFO - | Epoch: 036/100 | Train Time: 0.163s | Train Loss: 0.399850 |
2020-07-17 06:06:40,292 - root - INFO - | Epoch: 037/100 | Train Time: 0.160s | Train Loss: 0.398737 |
2020-07-17 06:06:40,451 - root - INFO - | Epoch: 038/100 | Train Time: 0.159s | Train Loss: 0.398351 |
2020-07-17 06:06:40,611 - root - INFO - | Epoch: 039/100 | Train Time: 0.160s | Train Loss: 0.396411 |
2020-07-17 06:06:40,771 - root - INFO - | Epoch: 040/100 | Train Time: 0.160s | Train Loss: 0.395624 |
2020-07-17 06:06:40,931 - root - INFO - | Epoch: 041/100 | Train Time: 0.160s | Train Loss: 0.393613 |
2020-07-17 06:06:41,091 - root - INFO - | Epoch: 042/100 | Train Time: 0.160s | Train Loss: 0.394124 |
2020-07-17 06:06:41,252 - root - INFO - | Epoch: 043/100 | Train Time: 0.162s | Train Loss: 0.391651 |
2020-07-17 06:06:41,430 - root - INFO - | Epoch: 044/100 | Train Time: 0.178s | Train Loss: 0.391323 |
2020-07-17 06:06:41,588 - root - INFO - | Epoch: 045/100 | Train Time: 0.158s | Train Loss: 0.391422 |
2020-07-17 06:06:41,764 - root - INFO - | Epoch: 046/100 | Train Time: 0.175s | Train Loss: 0.389572 |
2020-07-17 06:06:41,922 - root - INFO - | Epoch: 047/100 | Train Time: 0.159s | Train Loss: 0.388667 |
2020-07-17 06:06:42,084 - root - INFO - | Epoch: 048/100 | Train Time: 0.162s | Train Loss: 0.387981 |
2020-07-17 06:06:42,244 - root - INFO - | Epoch: 049/100 | Train Time: 0.159s | Train Loss: 0.387005 |
2020-07-17 06:06:42,404 - root - INFO - | Epoch: 050/100 | Train Time: 0.160s | Train Loss: 0.384964 |
2020-07-17 06:06:42,404 - root - INFO -   LR scheduler: new learning rate is 1e-06
2020-07-17 06:06:42,566 - root - INFO - | Epoch: 051/100 | Train Time: 0.161s | Train Loss: 0.385557 |
2020-07-17 06:06:42,755 - root - INFO - | Epoch: 052/100 | Train Time: 0.189s | Train Loss: 0.384120 |
2020-07-17 06:06:42,918 - root - INFO - | Epoch: 053/100 | Train Time: 0.163s | Train Loss: 0.384168 |
2020-07-17 06:06:43,077 - root - INFO - | Epoch: 054/100 | Train Time: 0.160s | Train Loss: 0.384757 |
2020-07-17 06:06:43,234 - root - INFO - | Epoch: 055/100 | Train Time: 0.157s | Train Loss: 0.383005 |
2020-07-17 06:06:43,394 - root - INFO - | Epoch: 056/100 | Train Time: 0.160s | Train Loss: 0.385087 |
2020-07-17 06:06:43,554 - root - INFO - | Epoch: 057/100 | Train Time: 0.159s | Train Loss: 0.385424 |
2020-07-17 06:06:43,730 - root - INFO - | Epoch: 058/100 | Train Time: 0.176s | Train Loss: 0.382630 |
2020-07-17 06:06:43,890 - root - INFO - | Epoch: 059/100 | Train Time: 0.160s | Train Loss: 0.385238 |
2020-07-17 06:06:44,049 - root - INFO - | Epoch: 060/100 | Train Time: 0.159s | Train Loss: 0.383412 |
2020-07-17 06:06:44,207 - root - INFO - | Epoch: 061/100 | Train Time: 0.159s | Train Loss: 0.383856 |
2020-07-17 06:06:44,366 - root - INFO - | Epoch: 062/100 | Train Time: 0.158s | Train Loss: 0.383139 |
2020-07-17 06:06:44,525 - root - INFO - | Epoch: 063/100 | Train Time: 0.159s | Train Loss: 0.382800 |
2020-07-17 06:06:44,685 - root - INFO - | Epoch: 064/100 | Train Time: 0.160s | Train Loss: 0.384149 |
2020-07-17 06:06:44,846 - root - INFO - | Epoch: 065/100 | Train Time: 0.161s | Train Loss: 0.384723 |
2020-07-17 06:06:45,005 - root - INFO - | Epoch: 066/100 | Train Time: 0.159s | Train Loss: 0.383206 |
2020-07-17 06:06:45,165 - root - INFO - | Epoch: 067/100 | Train Time: 0.160s | Train Loss: 0.383928 |
2020-07-17 06:06:45,344 - root - INFO - | Epoch: 068/100 | Train Time: 0.179s | Train Loss: 0.382938 |
2020-07-17 06:06:45,505 - root - INFO - | Epoch: 069/100 | Train Time: 0.161s | Train Loss: 0.383062 |
2020-07-17 06:06:45,665 - root - INFO - | Epoch: 070/100 | Train Time: 0.160s | Train Loss: 0.383171 |
2020-07-17 06:06:45,824 - root - INFO - | Epoch: 071/100 | Train Time: 0.159s | Train Loss: 0.383408 |
2020-07-17 06:06:45,984 - root - INFO - | Epoch: 072/100 | Train Time: 0.160s | Train Loss: 0.381450 |
2020-07-17 06:06:46,143 - root - INFO - | Epoch: 073/100 | Train Time: 0.159s | Train Loss: 0.383476 |
2020-07-17 06:06:46,329 - root - INFO - | Epoch: 074/100 | Train Time: 0.186s | Train Loss: 0.383465 |
2020-07-17 06:06:46,490 - root - INFO - | Epoch: 075/100 | Train Time: 0.161s | Train Loss: 0.382999 |
2020-07-17 06:06:46,651 - root - INFO - | Epoch: 076/100 | Train Time: 0.161s | Train Loss: 0.383554 |
2020-07-17 06:06:46,816 - root - INFO - | Epoch: 077/100 | Train Time: 0.165s | Train Loss: 0.381821 |
2020-07-17 06:06:46,978 - root - INFO - | Epoch: 078/100 | Train Time: 0.162s | Train Loss: 0.381567 |
2020-07-17 06:06:47,164 - root - INFO - | Epoch: 079/100 | Train Time: 0.186s | Train Loss: 0.381729 |
2020-07-17 06:06:47,327 - root - INFO - | Epoch: 080/100 | Train Time: 0.163s | Train Loss: 0.383108 |
2020-07-17 06:06:47,500 - root - INFO - | Epoch: 081/100 | Train Time: 0.172s | Train Loss: 0.381265 |
2020-07-17 06:06:47,672 - root - INFO - | Epoch: 082/100 | Train Time: 0.171s | Train Loss: 0.382640 |
2020-07-17 06:06:47,854 - root - INFO - | Epoch: 083/100 | Train Time: 0.183s | Train Loss: 0.382433 |
2020-07-17 06:06:48,043 - root - INFO - | Epoch: 084/100 | Train Time: 0.188s | Train Loss: 0.381333 |
2020-07-17 06:06:48,208 - root - INFO - | Epoch: 085/100 | Train Time: 0.165s | Train Loss: 0.380029 |
2020-07-17 06:06:48,372 - root - INFO - | Epoch: 086/100 | Train Time: 0.165s | Train Loss: 0.381522 |
2020-07-17 06:06:48,534 - root - INFO - | Epoch: 087/100 | Train Time: 0.162s | Train Loss: 0.381653 |
2020-07-17 06:06:48,712 - root - INFO - | Epoch: 088/100 | Train Time: 0.177s | Train Loss: 0.381527 |
2020-07-17 06:06:48,889 - root - INFO - | Epoch: 089/100 | Train Time: 0.177s | Train Loss: 0.381051 |
2020-07-17 06:06:49,067 - root - INFO - | Epoch: 090/100 | Train Time: 0.179s | Train Loss: 0.379436 |
2020-07-17 06:06:49,252 - root - INFO - | Epoch: 091/100 | Train Time: 0.185s | Train Loss: 0.381119 |
2020-07-17 06:06:49,422 - root - INFO - | Epoch: 092/100 | Train Time: 0.170s | Train Loss: 0.378962 |
2020-07-17 06:06:49,636 - root - INFO - | Epoch: 093/100 | Train Time: 0.214s | Train Loss: 0.380889 |
2020-07-17 06:06:49,830 - root - INFO - | Epoch: 094/100 | Train Time: 0.194s | Train Loss: 0.379606 |
2020-07-17 06:06:50,044 - root - INFO - | Epoch: 095/100 | Train Time: 0.214s | Train Loss: 0.380116 |
2020-07-17 06:06:50,217 - root - INFO - | Epoch: 096/100 | Train Time: 0.174s | Train Loss: 0.379851 |
2020-07-17 06:06:50,389 - root - INFO - | Epoch: 097/100 | Train Time: 0.172s | Train Loss: 0.380232 |
2020-07-17 06:06:50,571 - root - INFO - | Epoch: 098/100 | Train Time: 0.182s | Train Loss: 0.379192 |
2020-07-17 06:06:50,751 - root - INFO - | Epoch: 099/100 | Train Time: 0.179s | Train Loss: 0.379193 |
2020-07-17 06:06:50,912 - root - INFO - | Epoch: 100/100 | Train Time: 0.162s | Train Loss: 0.380635 |
2020-07-17 06:06:50,912 - root - INFO - Training Time: 16.855s
2020-07-17 06:06:50,912 - root - INFO - Finished training.
2020-07-17 06:06:50,913 - root - INFO - Starting testing...
2020-07-17 06:06:50,928 - root - INFO - Test AUC: 99.75%
2020-07-17 06:06:50,928 - root - INFO - Test Time: 0.013s
2020-07-17 06:06:50,928 - root - INFO - Finished testing.
