2020-08-10 07:58:59,325 - root - INFO - Hey I am loading net for you!
2020-08-10 07:59:01,136 - root - INFO - Setting hyper-parameters!
2020-08-10 07:59:01,137 - root - INFO - Starting training...
2020-08-10 07:59:01,319 - root - INFO - | Epoch: 001/100 | Train Time: 0.182s | Train Loss: 0.376840 |
2020-08-10 07:59:01,499 - root - INFO - | Epoch: 002/100 | Train Time: 0.180s | Train Loss: 0.373267 |
2020-08-10 07:59:01,689 - root - INFO - | Epoch: 003/100 | Train Time: 0.190s | Train Loss: 0.370080 |
2020-08-10 07:59:01,881 - root - INFO - | Epoch: 004/100 | Train Time: 0.192s | Train Loss: 0.365449 |
2020-08-10 07:59:02,073 - root - INFO - | Epoch: 005/100 | Train Time: 0.191s | Train Loss: 0.362023 |
2020-08-10 07:59:02,259 - root - INFO - | Epoch: 006/100 | Train Time: 0.186s | Train Loss: 0.358511 |
2020-08-10 07:59:02,440 - root - INFO - | Epoch: 007/100 | Train Time: 0.181s | Train Loss: 0.355165 |
2020-08-10 07:59:02,625 - root - INFO - | Epoch: 008/100 | Train Time: 0.184s | Train Loss: 0.352434 |
2020-08-10 07:59:02,806 - root - INFO - | Epoch: 009/100 | Train Time: 0.181s | Train Loss: 0.348463 |
2020-08-10 07:59:02,985 - root - INFO - | Epoch: 010/100 | Train Time: 0.179s | Train Loss: 0.345539 |
2020-08-10 07:59:03,165 - root - INFO - | Epoch: 011/100 | Train Time: 0.181s | Train Loss: 0.342266 |
2020-08-10 07:59:03,345 - root - INFO - | Epoch: 012/100 | Train Time: 0.180s | Train Loss: 0.339604 |
2020-08-10 07:59:03,527 - root - INFO - | Epoch: 013/100 | Train Time: 0.182s | Train Loss: 0.336235 |
2020-08-10 07:59:03,708 - root - INFO - | Epoch: 014/100 | Train Time: 0.180s | Train Loss: 0.333399 |
2020-08-10 07:59:03,888 - root - INFO - | Epoch: 015/100 | Train Time: 0.180s | Train Loss: 0.330549 |
2020-08-10 07:59:04,071 - root - INFO - | Epoch: 016/100 | Train Time: 0.183s | Train Loss: 0.327328 |
2020-08-10 07:59:04,252 - root - INFO - | Epoch: 017/100 | Train Time: 0.182s | Train Loss: 0.322905 |
2020-08-10 07:59:04,436 - root - INFO - | Epoch: 018/100 | Train Time: 0.183s | Train Loss: 0.321934 |
2020-08-10 07:59:04,618 - root - INFO - | Epoch: 019/100 | Train Time: 0.183s | Train Loss: 0.319154 |
2020-08-10 07:59:04,804 - root - INFO - | Epoch: 020/100 | Train Time: 0.185s | Train Loss: 0.316706 |
2020-08-10 07:59:04,985 - root - INFO - | Epoch: 021/100 | Train Time: 0.181s | Train Loss: 0.314093 |
2020-08-10 07:59:05,122 - root - INFO - | Epoch: 022/100 | Train Time: 0.136s | Train Loss: 0.310125 |
2020-08-10 07:59:05,258 - root - INFO - | Epoch: 023/100 | Train Time: 0.136s | Train Loss: 0.309354 |
2020-08-10 07:59:05,395 - root - INFO - | Epoch: 024/100 | Train Time: 0.136s | Train Loss: 0.306769 |
2020-08-10 07:59:05,531 - root - INFO - | Epoch: 025/100 | Train Time: 0.136s | Train Loss: 0.303247 |
2020-08-10 07:59:05,667 - root - INFO - | Epoch: 026/100 | Train Time: 0.136s | Train Loss: 0.301393 |
2020-08-10 07:59:05,803 - root - INFO - | Epoch: 027/100 | Train Time: 0.136s | Train Loss: 0.299468 |
2020-08-10 07:59:05,939 - root - INFO - | Epoch: 028/100 | Train Time: 0.136s | Train Loss: 0.297438 |
2020-08-10 07:59:06,075 - root - INFO - | Epoch: 029/100 | Train Time: 0.136s | Train Loss: 0.293582 |
2020-08-10 07:59:06,209 - root - INFO - | Epoch: 030/100 | Train Time: 0.133s | Train Loss: 0.292401 |
2020-08-10 07:59:06,338 - root - INFO - | Epoch: 031/100 | Train Time: 0.129s | Train Loss: 0.291256 |
2020-08-10 07:59:06,488 - root - INFO - | Epoch: 032/100 | Train Time: 0.150s | Train Loss: 0.287952 |
2020-08-10 07:59:06,666 - root - INFO - | Epoch: 033/100 | Train Time: 0.178s | Train Loss: 0.287421 |
2020-08-10 07:59:06,845 - root - INFO - | Epoch: 034/100 | Train Time: 0.179s | Train Loss: 0.285448 |
2020-08-10 07:59:07,023 - root - INFO - | Epoch: 035/100 | Train Time: 0.178s | Train Loss: 0.283273 |
2020-08-10 07:59:07,210 - root - INFO - | Epoch: 036/100 | Train Time: 0.187s | Train Loss: 0.280497 |
2020-08-10 07:59:07,397 - root - INFO - | Epoch: 037/100 | Train Time: 0.186s | Train Loss: 0.278654 |
2020-08-10 07:59:07,582 - root - INFO - | Epoch: 038/100 | Train Time: 0.185s | Train Loss: 0.277310 |
2020-08-10 07:59:07,767 - root - INFO - | Epoch: 039/100 | Train Time: 0.185s | Train Loss: 0.274728 |
2020-08-10 07:59:07,941 - root - INFO - | Epoch: 040/100 | Train Time: 0.174s | Train Loss: 0.273057 |
2020-08-10 07:59:08,124 - root - INFO - | Epoch: 041/100 | Train Time: 0.183s | Train Loss: 0.270447 |
2020-08-10 07:59:08,313 - root - INFO - | Epoch: 042/100 | Train Time: 0.189s | Train Loss: 0.269776 |
2020-08-10 07:59:08,494 - root - INFO - | Epoch: 043/100 | Train Time: 0.181s | Train Loss: 0.266743 |
2020-08-10 07:59:08,679 - root - INFO - | Epoch: 044/100 | Train Time: 0.184s | Train Loss: 0.265334 |
2020-08-10 07:59:08,863 - root - INFO - | Epoch: 045/100 | Train Time: 0.184s | Train Loss: 0.264245 |
2020-08-10 07:59:09,047 - root - INFO - | Epoch: 046/100 | Train Time: 0.184s | Train Loss: 0.261596 |
2020-08-10 07:59:09,227 - root - INFO - | Epoch: 047/100 | Train Time: 0.180s | Train Loss: 0.259743 |
2020-08-10 07:59:09,409 - root - INFO - | Epoch: 048/100 | Train Time: 0.182s | Train Loss: 0.257939 |
2020-08-10 07:59:09,593 - root - INFO - | Epoch: 049/100 | Train Time: 0.184s | Train Loss: 0.255967 |
2020-08-10 07:59:09,777 - root - INFO - | Epoch: 050/100 | Train Time: 0.183s | Train Loss: 0.253082 |
2020-08-10 07:59:09,777 - root - INFO -   LR scheduler: new learning rate is 1e-06
2020-08-10 07:59:09,976 - root - INFO - | Epoch: 051/100 | Train Time: 0.199s | Train Loss: 0.252802 |
2020-08-10 07:59:10,181 - root - INFO - | Epoch: 052/100 | Train Time: 0.205s | Train Loss: 0.251576 |
2020-08-10 07:59:10,391 - root - INFO - | Epoch: 053/100 | Train Time: 0.210s | Train Loss: 0.251502 |
2020-08-10 07:59:10,606 - root - INFO - | Epoch: 054/100 | Train Time: 0.215s | Train Loss: 0.251797 |
2020-08-10 07:59:10,815 - root - INFO - | Epoch: 055/100 | Train Time: 0.210s | Train Loss: 0.250405 |
2020-08-10 07:59:11,013 - root - INFO - | Epoch: 056/100 | Train Time: 0.198s | Train Loss: 0.251840 |
2020-08-10 07:59:11,213 - root - INFO - | Epoch: 057/100 | Train Time: 0.200s | Train Loss: 0.251971 |
2020-08-10 07:59:11,419 - root - INFO - | Epoch: 058/100 | Train Time: 0.205s | Train Loss: 0.249683 |
2020-08-10 07:59:11,618 - root - INFO - | Epoch: 059/100 | Train Time: 0.199s | Train Loss: 0.251598 |
2020-08-10 07:59:11,824 - root - INFO - | Epoch: 060/100 | Train Time: 0.206s | Train Loss: 0.250082 |
2020-08-10 07:59:12,024 - root - INFO - | Epoch: 061/100 | Train Time: 0.199s | Train Loss: 0.250317 |
2020-08-10 07:59:12,229 - root - INFO - | Epoch: 062/100 | Train Time: 0.206s | Train Loss: 0.249613 |
2020-08-10 07:59:12,422 - root - INFO - | Epoch: 063/100 | Train Time: 0.193s | Train Loss: 0.249266 |
2020-08-10 07:59:12,619 - root - INFO - | Epoch: 064/100 | Train Time: 0.197s | Train Loss: 0.250180 |
2020-08-10 07:59:12,815 - root - INFO - | Epoch: 065/100 | Train Time: 0.197s | Train Loss: 0.250517 |
2020-08-10 07:59:13,020 - root - INFO - | Epoch: 066/100 | Train Time: 0.204s | Train Loss: 0.249189 |
2020-08-10 07:59:13,225 - root - INFO - | Epoch: 067/100 | Train Time: 0.206s | Train Loss: 0.249679 |
2020-08-10 07:59:13,417 - root - INFO - | Epoch: 068/100 | Train Time: 0.191s | Train Loss: 0.248754 |
2020-08-10 07:59:13,612 - root - INFO - | Epoch: 069/100 | Train Time: 0.195s | Train Loss: 0.248769 |
2020-08-10 07:59:13,810 - root - INFO - | Epoch: 070/100 | Train Time: 0.198s | Train Loss: 0.248789 |
2020-08-10 07:59:14,003 - root - INFO - | Epoch: 071/100 | Train Time: 0.193s | Train Loss: 0.248824 |
2020-08-10 07:59:14,195 - root - INFO - | Epoch: 072/100 | Train Time: 0.192s | Train Loss: 0.247206 |
2020-08-10 07:59:14,388 - root - INFO - | Epoch: 073/100 | Train Time: 0.193s | Train Loss: 0.248644 |
2020-08-10 07:59:14,583 - root - INFO - | Epoch: 074/100 | Train Time: 0.195s | Train Loss: 0.248507 |
2020-08-10 07:59:14,779 - root - INFO - | Epoch: 075/100 | Train Time: 0.195s | Train Loss: 0.248055 |
2020-08-10 07:59:14,975 - root - INFO - | Epoch: 076/100 | Train Time: 0.196s | Train Loss: 0.248379 |
2020-08-10 07:59:15,170 - root - INFO - | Epoch: 077/100 | Train Time: 0.195s | Train Loss: 0.246969 |
2020-08-10 07:59:15,364 - root - INFO - | Epoch: 078/100 | Train Time: 0.194s | Train Loss: 0.246588 |
2020-08-10 07:59:15,560 - root - INFO - | Epoch: 079/100 | Train Time: 0.196s | Train Loss: 0.246648 |
2020-08-10 07:59:15,758 - root - INFO - | Epoch: 080/100 | Train Time: 0.198s | Train Loss: 0.247598 |
2020-08-10 07:59:15,952 - root - INFO - | Epoch: 081/100 | Train Time: 0.194s | Train Loss: 0.246064 |
2020-08-10 07:59:16,153 - root - INFO - | Epoch: 082/100 | Train Time: 0.201s | Train Loss: 0.247022 |
2020-08-10 07:59:16,350 - root - INFO - | Epoch: 083/100 | Train Time: 0.197s | Train Loss: 0.246721 |
2020-08-10 07:59:16,550 - root - INFO - | Epoch: 084/100 | Train Time: 0.199s | Train Loss: 0.245844 |
2020-08-10 07:59:16,749 - root - INFO - | Epoch: 085/100 | Train Time: 0.199s | Train Loss: 0.244753 |
2020-08-10 07:59:16,960 - root - INFO - | Epoch: 086/100 | Train Time: 0.212s | Train Loss: 0.245763 |
2020-08-10 07:59:17,155 - root - INFO - | Epoch: 087/100 | Train Time: 0.194s | Train Loss: 0.245698 |
2020-08-10 07:59:17,344 - root - INFO - | Epoch: 088/100 | Train Time: 0.189s | Train Loss: 0.245520 |
2020-08-10 07:59:17,538 - root - INFO - | Epoch: 089/100 | Train Time: 0.194s | Train Loss: 0.245066 |
2020-08-10 07:59:17,729 - root - INFO - | Epoch: 090/100 | Train Time: 0.191s | Train Loss: 0.243593 |
2020-08-10 07:59:17,919 - root - INFO - | Epoch: 091/100 | Train Time: 0.189s | Train Loss: 0.244909 |
2020-08-10 07:59:18,112 - root - INFO - | Epoch: 092/100 | Train Time: 0.194s | Train Loss: 0.243082 |
2020-08-10 07:59:18,304 - root - INFO - | Epoch: 093/100 | Train Time: 0.191s | Train Loss: 0.244464 |
2020-08-10 07:59:18,492 - root - INFO - | Epoch: 094/100 | Train Time: 0.188s | Train Loss: 0.243422 |
2020-08-10 07:59:18,680 - root - INFO - | Epoch: 095/100 | Train Time: 0.187s | Train Loss: 0.243651 |
2020-08-10 07:59:18,868 - root - INFO - | Epoch: 096/100 | Train Time: 0.188s | Train Loss: 0.243352 |
2020-08-10 07:59:19,058 - root - INFO - | Epoch: 097/100 | Train Time: 0.190s | Train Loss: 0.243550 |
2020-08-10 07:59:19,248 - root - INFO - | Epoch: 098/100 | Train Time: 0.190s | Train Loss: 0.242681 |
2020-08-10 07:59:19,431 - root - INFO - | Epoch: 099/100 | Train Time: 0.183s | Train Loss: 0.242585 |
2020-08-10 07:59:19,610 - root - INFO - | Epoch: 100/100 | Train Time: 0.179s | Train Loss: 0.243550 |
2020-08-10 07:59:19,611 - root - INFO - Training Time: 18.474s
2020-08-10 07:59:19,611 - root - INFO - Finished training.
2020-08-10 07:59:19,611 - root - INFO - Starting testing...
2020-08-10 07:59:19,631 - root - INFO - Test AUC: 100.00%
2020-08-10 07:59:19,631 - root - INFO - Test Time: 0.018s
2020-08-10 07:59:19,631 - root - INFO - Finished testing.
2020-08-10 07:59:19,683 - root - INFO - Starting testing...
2020-08-10 07:59:19,703 - root - INFO - Test AUC: 100.00%
2020-08-10 07:59:19,703 - root - INFO - Test Time: 0.018s
2020-08-10 07:59:19,703 - root - INFO - Finished testing.
