2020-08-17 02:47:17,487 - root - INFO - I am pre-training for you.
2020-08-17 02:47:20,701 - root - INFO - | Epoch: 001/100 | Train Time: 1.414s | Train Loss: 8164.789927 |
2020-08-17 02:47:22,127 - root - INFO - | Epoch: 002/100 | Train Time: 1.426s | Train Loss: 8156.903652 |
2020-08-17 02:47:23,556 - root - INFO - | Epoch: 003/100 | Train Time: 1.429s | Train Loss: 8155.815926 |
2020-08-17 02:47:24,985 - root - INFO - | Epoch: 004/100 | Train Time: 1.428s | Train Loss: 8147.328812 |
2020-08-17 02:47:26,416 - root - INFO - | Epoch: 005/100 | Train Time: 1.431s | Train Loss: 8155.211190 |
2020-08-17 02:47:27,551 - root - INFO - | Epoch: 006/100 | Train Time: 1.135s | Train Loss: 8155.030842 |
2020-08-17 02:47:28,995 - root - INFO - | Epoch: 007/100 | Train Time: 1.444s | Train Loss: 8154.606435 |
2020-08-17 02:47:30,433 - root - INFO - | Epoch: 008/100 | Train Time: 1.438s | Train Loss: 8143.604678 |
2020-08-17 02:47:31,877 - root - INFO - | Epoch: 009/100 | Train Time: 1.443s | Train Loss: 8155.010564 |
2020-08-17 02:47:33,319 - root - INFO - | Epoch: 010/100 | Train Time: 1.442s | Train Loss: 8154.712713 |
2020-08-17 02:47:34,760 - root - INFO - | Epoch: 011/100 | Train Time: 1.441s | Train Loss: 8154.438039 |
2020-08-17 02:47:36,206 - root - INFO - | Epoch: 012/100 | Train Time: 1.446s | Train Loss: 8154.847693 |
2020-08-17 02:47:37,691 - root - INFO - | Epoch: 013/100 | Train Time: 1.485s | Train Loss: 8154.624256 |
2020-08-17 02:47:39,191 - root - INFO - | Epoch: 014/100 | Train Time: 1.500s | Train Loss: 8154.840928 |
2020-08-17 02:47:40,697 - root - INFO - | Epoch: 015/100 | Train Time: 1.505s | Train Loss: 8154.632676 |
2020-08-17 02:47:42,197 - root - INFO - | Epoch: 016/100 | Train Time: 1.500s | Train Loss: 8154.536202 |
2020-08-17 02:47:43,607 - root - INFO - | Epoch: 017/100 | Train Time: 1.410s | Train Loss: 8153.396584 |
2020-08-17 02:47:44,641 - root - INFO - | Epoch: 018/100 | Train Time: 1.034s | Train Loss: 7734.792795 |
2020-08-17 02:47:45,579 - root - INFO - | Epoch: 019/100 | Train Time: 0.938s | Train Loss: 8144.554419 |
2020-08-17 02:47:46,516 - root - INFO - | Epoch: 020/100 | Train Time: 0.936s | Train Loss: 8151.054317 |
2020-08-17 02:47:47,451 - root - INFO - | Epoch: 021/100 | Train Time: 0.935s | Train Loss: 8154.614608 |
2020-08-17 02:47:48,781 - root - INFO - | Epoch: 022/100 | Train Time: 1.330s | Train Loss: 8149.407558 |
2020-08-17 02:47:50,211 - root - INFO - | Epoch: 023/100 | Train Time: 1.430s | Train Loss: 8154.856981 |
2020-08-17 02:47:51,654 - root - INFO - | Epoch: 024/100 | Train Time: 1.442s | Train Loss: 8154.570058 |
2020-08-17 02:47:53,070 - root - INFO - | Epoch: 025/100 | Train Time: 1.416s | Train Loss: 8154.134489 |
2020-08-17 02:47:54,475 - root - INFO - | Epoch: 026/100 | Train Time: 1.405s | Train Loss: 8154.549360 |
2020-08-17 02:47:55,543 - root - INFO - | Epoch: 027/100 | Train Time: 1.068s | Train Loss: 8154.481458 |
2020-08-17 02:47:56,493 - root - INFO - | Epoch: 028/100 | Train Time: 0.949s | Train Loss: 8154.562324 |
2020-08-17 02:47:57,427 - root - INFO - | Epoch: 029/100 | Train Time: 0.935s | Train Loss: 8143.785003 |
2020-08-17 02:47:58,362 - root - INFO - | Epoch: 030/100 | Train Time: 0.935s | Train Loss: 8154.715789 |
2020-08-17 02:47:59,297 - root - INFO - | Epoch: 031/100 | Train Time: 0.935s | Train Loss: 8154.637299 |
2020-08-17 02:48:00,232 - root - INFO - | Epoch: 032/100 | Train Time: 0.935s | Train Loss: 8154.348933 |
2020-08-17 02:48:01,521 - root - INFO - | Epoch: 033/100 | Train Time: 1.289s | Train Loss: 8154.709128 |
2020-08-17 02:48:02,965 - root - INFO - | Epoch: 034/100 | Train Time: 1.444s | Train Loss: 8154.846242 |
2020-08-17 02:48:04,418 - root - INFO - | Epoch: 035/100 | Train Time: 1.453s | Train Loss: 8154.377391 |
2020-08-17 02:48:05,873 - root - INFO - | Epoch: 036/100 | Train Time: 1.454s | Train Loss: 8154.884969 |
2020-08-17 02:48:07,318 - root - INFO - | Epoch: 037/100 | Train Time: 1.445s | Train Loss: 8154.793023 |
2020-08-17 02:48:08,765 - root - INFO - | Epoch: 038/100 | Train Time: 1.448s | Train Loss: 8154.703999 |
2020-08-17 02:48:10,209 - root - INFO - | Epoch: 039/100 | Train Time: 1.444s | Train Loss: 8154.296060 |
2020-08-17 02:48:11,655 - root - INFO - | Epoch: 040/100 | Train Time: 1.445s | Train Loss: 8154.550980 |
2020-08-17 02:48:13,104 - root - INFO - | Epoch: 041/100 | Train Time: 1.449s | Train Loss: 8152.176666 |
2020-08-17 02:48:14,553 - root - INFO - | Epoch: 042/100 | Train Time: 1.448s | Train Loss: 8154.320455 |
2020-08-17 02:48:15,994 - root - INFO - | Epoch: 043/100 | Train Time: 1.442s | Train Loss: 8154.600420 |
2020-08-17 02:48:17,465 - root - INFO - | Epoch: 044/100 | Train Time: 1.470s | Train Loss: 8154.169097 |
2020-08-17 02:48:18,931 - root - INFO - | Epoch: 045/100 | Train Time: 1.466s | Train Loss: 8153.371237 |
2020-08-17 02:48:20,395 - root - INFO - | Epoch: 046/100 | Train Time: 1.464s | Train Loss: 8154.705590 |
2020-08-17 02:48:21,860 - root - INFO - | Epoch: 047/100 | Train Time: 1.465s | Train Loss: 8154.351346 |
2020-08-17 02:48:23,335 - root - INFO - | Epoch: 048/100 | Train Time: 1.474s | Train Loss: 8154.319359 |
2020-08-17 02:48:24,800 - root - INFO - | Epoch: 049/100 | Train Time: 1.465s | Train Loss: 8149.028840 |
2020-08-17 02:48:26,256 - root - INFO - | Epoch: 050/100 | Train Time: 1.456s | Train Loss: 8154.931057 |
2020-08-17 02:48:26,256 - root - INFO -   LR scheduler: new learning rate is 0.0001
2020-08-17 02:48:27,728 - root - INFO - | Epoch: 051/100 | Train Time: 1.471s | Train Loss: 8150.806373 |
2020-08-17 02:48:29,199 - root - INFO - | Epoch: 052/100 | Train Time: 1.471s | Train Loss: 8154.464250 |
2020-08-17 02:48:30,704 - root - INFO - | Epoch: 053/100 | Train Time: 1.505s | Train Loss: 8154.449074 |
2020-08-17 02:48:32,179 - root - INFO - | Epoch: 054/100 | Train Time: 1.475s | Train Loss: 8154.543458 |
2020-08-17 02:48:33,667 - root - INFO - | Epoch: 055/100 | Train Time: 1.488s | Train Loss: 8154.636655 |
2020-08-17 02:48:35,170 - root - INFO - | Epoch: 056/100 | Train Time: 1.503s | Train Loss: 7705.306342 |
2020-08-17 02:48:36,685 - root - INFO - | Epoch: 057/100 | Train Time: 1.515s | Train Loss: 8154.403208 |
2020-08-17 02:48:38,186 - root - INFO - | Epoch: 058/100 | Train Time: 1.500s | Train Loss: 8153.972201 |
2020-08-17 02:48:39,692 - root - INFO - | Epoch: 059/100 | Train Time: 1.506s | Train Loss: 8149.371604 |
2020-08-17 02:48:41,242 - root - INFO - | Epoch: 060/100 | Train Time: 1.550s | Train Loss: 8154.909597 |
2020-08-17 02:48:42,760 - root - INFO - | Epoch: 061/100 | Train Time: 1.518s | Train Loss: 8153.546395 |
2020-08-17 02:48:44,283 - root - INFO - | Epoch: 062/100 | Train Time: 1.523s | Train Loss: 8154.817197 |
2020-08-17 02:48:45,777 - root - INFO - | Epoch: 063/100 | Train Time: 1.494s | Train Loss: 8154.753196 |
2020-08-17 02:48:47,247 - root - INFO - | Epoch: 064/100 | Train Time: 1.469s | Train Loss: 8154.581592 |
2020-08-17 02:48:48,718 - root - INFO - | Epoch: 065/100 | Train Time: 1.472s | Train Loss: 7954.412854 |
2020-08-17 02:48:50,188 - root - INFO - | Epoch: 066/100 | Train Time: 1.469s | Train Loss: 8154.244317 |
2020-08-17 02:48:51,658 - root - INFO - | Epoch: 067/100 | Train Time: 1.469s | Train Loss: 8152.660944 |
2020-08-17 02:48:53,129 - root - INFO - | Epoch: 068/100 | Train Time: 1.471s | Train Loss: 8154.795134 |
2020-08-17 02:48:54,616 - root - INFO - | Epoch: 069/100 | Train Time: 1.486s | Train Loss: 8154.990897 |
2020-08-17 02:48:56,116 - root - INFO - | Epoch: 070/100 | Train Time: 1.501s | Train Loss: 8154.557320 |
2020-08-17 02:48:57,583 - root - INFO - | Epoch: 071/100 | Train Time: 1.467s | Train Loss: 8154.755594 |
2020-08-17 02:48:59,051 - root - INFO - | Epoch: 072/100 | Train Time: 1.467s | Train Loss: 8154.069363 |
2020-08-17 02:49:00,516 - root - INFO - | Epoch: 073/100 | Train Time: 1.466s | Train Loss: 8154.496933 |
2020-08-17 02:49:01,971 - root - INFO - | Epoch: 074/100 | Train Time: 1.454s | Train Loss: 8108.427248 |
2020-08-17 02:49:03,413 - root - INFO - | Epoch: 075/100 | Train Time: 1.442s | Train Loss: 8154.665075 |
2020-08-17 02:49:04,853 - root - INFO - | Epoch: 076/100 | Train Time: 1.439s | Train Loss: 8154.302964 |
2020-08-17 02:49:06,287 - root - INFO - | Epoch: 077/100 | Train Time: 1.434s | Train Loss: 8154.215001 |
2020-08-17 02:49:07,730 - root - INFO - | Epoch: 078/100 | Train Time: 1.442s | Train Loss: 8154.560623 |
2020-08-17 02:49:09,176 - root - INFO - | Epoch: 079/100 | Train Time: 1.446s | Train Loss: 8154.921385 |
2020-08-17 02:49:10,603 - root - INFO - | Epoch: 080/100 | Train Time: 1.427s | Train Loss: 8154.534570 |
2020-08-17 02:49:12,033 - root - INFO - | Epoch: 081/100 | Train Time: 1.429s | Train Loss: 8154.571881 |
2020-08-17 02:49:13,466 - root - INFO - | Epoch: 082/100 | Train Time: 1.433s | Train Loss: 8105.518573 |
2020-08-17 02:49:14,916 - root - INFO - | Epoch: 083/100 | Train Time: 1.450s | Train Loss: 8154.801138 |
2020-08-17 02:49:16,357 - root - INFO - | Epoch: 084/100 | Train Time: 1.441s | Train Loss: 8154.378186 |
2020-08-17 02:49:17,806 - root - INFO - | Epoch: 085/100 | Train Time: 1.449s | Train Loss: 8154.513063 |
2020-08-17 02:49:19,121 - root - INFO - | Epoch: 086/100 | Train Time: 1.315s | Train Loss: 8154.657277 |
2020-08-17 02:49:20,129 - root - INFO - | Epoch: 087/100 | Train Time: 1.008s | Train Loss: 8154.731070 |
2020-08-17 02:49:21,063 - root - INFO - | Epoch: 088/100 | Train Time: 0.934s | Train Loss: 8154.405664 |
2020-08-17 02:49:21,998 - root - INFO - | Epoch: 089/100 | Train Time: 0.935s | Train Loss: 8105.257181 |
2020-08-17 02:49:22,933 - root - INFO - | Epoch: 090/100 | Train Time: 0.935s | Train Loss: 8154.572571 |
2020-08-17 02:49:24,051 - root - INFO - | Epoch: 091/100 | Train Time: 1.118s | Train Loss: 8154.744842 |
2020-08-17 02:49:25,484 - root - INFO - | Epoch: 092/100 | Train Time: 1.433s | Train Loss: 8150.001897 |
2020-08-17 02:49:26,908 - root - INFO - | Epoch: 093/100 | Train Time: 1.424s | Train Loss: 8137.981369 |
2020-08-17 02:49:28,302 - root - INFO - | Epoch: 094/100 | Train Time: 1.394s | Train Loss: 8154.251110 |
2020-08-17 02:49:29,725 - root - INFO - | Epoch: 095/100 | Train Time: 1.423s | Train Loss: 8154.892636 |
2020-08-17 02:49:31,159 - root - INFO - | Epoch: 096/100 | Train Time: 1.433s | Train Loss: 8154.644156 |
2020-08-17 02:49:32,613 - root - INFO - | Epoch: 097/100 | Train Time: 1.454s | Train Loss: 8154.577459 |
2020-08-17 02:49:34,050 - root - INFO - | Epoch: 098/100 | Train Time: 1.437s | Train Loss: 8153.172838 |
2020-08-17 02:49:35,490 - root - INFO - | Epoch: 099/100 | Train Time: 1.440s | Train Loss: 8154.680931 |
2020-08-17 02:49:36,933 - root - INFO - | Epoch: 100/100 | Train Time: 1.443s | Train Loss: 8153.758239 |
2020-08-17 02:49:36,933 - root - INFO - Pretraining Time: 137.647s
2020-08-17 02:49:36,933 - root - INFO - Finished pretraining.
2020-08-17 02:49:36,934 - root - INFO - Testing autoencoder...
2020-08-17 02:49:37,064 - root - INFO - Test Loss: 7552.813342
2020-08-17 02:49:37,064 - root - INFO - Test Time: 0.128s
2020-08-17 02:49:37,064 - root - INFO - Finished testing autoencoder.
2020-08-17 02:49:37,068 - root - INFO - Hey I am loading net for you!
2020-08-17 02:49:37,069 - root - INFO - Setting hyper-parameters!
2020-08-17 02:49:37,069 - root - INFO - Initializing center c...
2020-08-17 02:49:37,419 - root - INFO - Center c initialized.
2020-08-17 02:49:37,420 - root - INFO - Starting training...
2020-08-17 02:49:38,596 - root - INFO - | Epoch: 001/500 | Train Time: 1.176s | Train Loss: 27.595600 |
2020-08-17 02:49:39,787 - root - INFO - | Epoch: 002/500 | Train Time: 1.191s | Train Loss: 23.394541 |
2020-08-17 02:49:40,999 - root - INFO - | Epoch: 003/500 | Train Time: 1.212s | Train Loss: 19.701802 |
2020-08-17 02:49:42,215 - root - INFO - | Epoch: 004/500 | Train Time: 1.216s | Train Loss: 16.365261 |
2020-08-17 02:49:43,433 - root - INFO - | Epoch: 005/500 | Train Time: 1.219s | Train Loss: 13.671972 |
2020-08-17 02:49:44,643 - root - INFO - | Epoch: 006/500 | Train Time: 1.209s | Train Loss: 11.388911 |
2020-08-17 02:49:45,863 - root - INFO - | Epoch: 007/500 | Train Time: 1.220s | Train Loss: 9.527335 |
2020-08-17 02:49:47,079 - root - INFO - | Epoch: 008/500 | Train Time: 1.217s | Train Loss: 7.964801 |
2020-08-17 02:49:48,298 - root - INFO - | Epoch: 009/500 | Train Time: 1.218s | Train Loss: 6.621672 |
2020-08-17 02:49:49,515 - root - INFO - | Epoch: 010/500 | Train Time: 1.217s | Train Loss: 5.487284 |
2020-08-17 02:49:50,724 - root - INFO - | Epoch: 011/500 | Train Time: 1.209s | Train Loss: 4.564920 |
2020-08-17 02:49:51,938 - root - INFO - | Epoch: 012/500 | Train Time: 1.214s | Train Loss: 3.774402 |
2020-08-17 02:49:53,158 - root - INFO - | Epoch: 013/500 | Train Time: 1.221s | Train Loss: 3.102313 |
2020-08-17 02:49:54,378 - root - INFO - | Epoch: 014/500 | Train Time: 1.219s | Train Loss: 2.514600 |
2020-08-17 02:49:55,603 - root - INFO - | Epoch: 015/500 | Train Time: 1.225s | Train Loss: 2.063337 |
2020-08-17 02:49:56,827 - root - INFO - | Epoch: 016/500 | Train Time: 1.223s | Train Loss: 1.709302 |
2020-08-17 02:49:58,046 - root - INFO - | Epoch: 017/500 | Train Time: 1.219s | Train Loss: 1.391933 |
2020-08-17 02:49:59,268 - root - INFO - | Epoch: 018/500 | Train Time: 1.222s | Train Loss: 1.127022 |
2020-08-17 02:50:00,483 - root - INFO - | Epoch: 019/500 | Train Time: 1.215s | Train Loss: 0.935086 |
2020-08-17 02:50:01,707 - root - INFO - | Epoch: 020/500 | Train Time: 1.223s | Train Loss: 0.762163 |
2020-08-17 02:50:02,931 - root - INFO - | Epoch: 021/500 | Train Time: 1.224s | Train Loss: 0.673063 |
2020-08-17 02:50:04,151 - root - INFO - | Epoch: 022/500 | Train Time: 1.219s | Train Loss: 0.532768 |
2020-08-17 02:50:05,370 - root - INFO - | Epoch: 023/500 | Train Time: 1.220s | Train Loss: 0.473530 |
2020-08-17 02:50:06,586 - root - INFO - | Epoch: 024/500 | Train Time: 1.216s | Train Loss: 0.456498 |
2020-08-17 02:50:07,441 - root - INFO - | Epoch: 025/500 | Train Time: 0.854s | Train Loss: 0.397157 |
2020-08-17 02:50:08,293 - root - INFO - | Epoch: 026/500 | Train Time: 0.852s | Train Loss: 0.379814 |
2020-08-17 02:50:09,146 - root - INFO - | Epoch: 027/500 | Train Time: 0.853s | Train Loss: 0.341699 |
2020-08-17 02:50:09,943 - root - INFO - | Epoch: 028/500 | Train Time: 0.797s | Train Loss: 0.324562 |
2020-08-17 02:50:10,717 - root - INFO - | Epoch: 029/500 | Train Time: 0.774s | Train Loss: 0.304585 |
2020-08-17 02:50:11,491 - root - INFO - | Epoch: 030/500 | Train Time: 0.774s | Train Loss: 0.296459 |
2020-08-17 02:50:12,266 - root - INFO - | Epoch: 031/500 | Train Time: 0.776s | Train Loss: 0.271173 |
2020-08-17 02:50:13,040 - root - INFO - | Epoch: 032/500 | Train Time: 0.773s | Train Loss: 0.258230 |
2020-08-17 02:50:13,816 - root - INFO - | Epoch: 033/500 | Train Time: 0.776s | Train Loss: 0.252216 |
2020-08-17 02:50:14,591 - root - INFO - | Epoch: 034/500 | Train Time: 0.775s | Train Loss: 0.238490 |
2020-08-17 02:50:15,367 - root - INFO - | Epoch: 035/500 | Train Time: 0.776s | Train Loss: 0.235758 |
2020-08-17 02:50:16,141 - root - INFO - | Epoch: 036/500 | Train Time: 0.774s | Train Loss: 0.237206 |
2020-08-17 02:50:16,916 - root - INFO - | Epoch: 037/500 | Train Time: 0.774s | Train Loss: 0.218047 |
2020-08-17 02:50:17,690 - root - INFO - | Epoch: 038/500 | Train Time: 0.774s | Train Loss: 0.204065 |
2020-08-17 02:50:18,466 - root - INFO - | Epoch: 039/500 | Train Time: 0.775s | Train Loss: 0.224257 |
2020-08-17 02:50:19,240 - root - INFO - | Epoch: 040/500 | Train Time: 0.774s | Train Loss: 0.236229 |
2020-08-17 02:50:20,014 - root - INFO - | Epoch: 041/500 | Train Time: 0.774s | Train Loss: 0.206150 |
2020-08-17 02:50:20,892 - root - INFO - | Epoch: 042/500 | Train Time: 0.877s | Train Loss: 0.188403 |
2020-08-17 02:50:22,111 - root - INFO - | Epoch: 043/500 | Train Time: 1.219s | Train Loss: 0.186703 |
2020-08-17 02:50:23,326 - root - INFO - | Epoch: 044/500 | Train Time: 1.215s | Train Loss: 0.183402 |
2020-08-17 02:50:24,547 - root - INFO - | Epoch: 045/500 | Train Time: 1.220s | Train Loss: 0.182691 |
2020-08-17 02:50:25,766 - root - INFO - | Epoch: 046/500 | Train Time: 1.219s | Train Loss: 0.181316 |
2020-08-17 02:50:26,988 - root - INFO - | Epoch: 047/500 | Train Time: 1.222s | Train Loss: 0.173478 |
2020-08-17 02:50:28,038 - root - INFO - | Epoch: 048/500 | Train Time: 1.050s | Train Loss: 0.174832 |
2020-08-17 02:50:28,892 - root - INFO - | Epoch: 049/500 | Train Time: 0.853s | Train Loss: 0.172770 |
2020-08-17 02:50:29,743 - root - INFO - | Epoch: 050/500 | Train Time: 0.852s | Train Loss: 0.153007 |
2020-08-17 02:50:29,744 - root - INFO -   LR scheduler: new learning rate is 1e-06
2020-08-17 02:50:30,596 - root - INFO - | Epoch: 051/500 | Train Time: 0.852s | Train Loss: 0.159542 |
2020-08-17 02:50:31,448 - root - INFO - | Epoch: 052/500 | Train Time: 0.852s | Train Loss: 0.159479 |
2020-08-17 02:50:32,515 - root - INFO - | Epoch: 053/500 | Train Time: 1.067s | Train Loss: 0.158508 |
2020-08-17 02:50:33,733 - root - INFO - | Epoch: 054/500 | Train Time: 1.217s | Train Loss: 0.149001 |
2020-08-17 02:50:34,952 - root - INFO - | Epoch: 055/500 | Train Time: 1.219s | Train Loss: 0.142872 |
2020-08-17 02:50:36,166 - root - INFO - | Epoch: 056/500 | Train Time: 1.214s | Train Loss: 0.151559 |
2020-08-17 02:50:37,368 - root - INFO - | Epoch: 057/500 | Train Time: 1.202s | Train Loss: 0.163263 |
2020-08-17 02:50:38,513 - root - INFO - | Epoch: 058/500 | Train Time: 1.145s | Train Loss: 0.146700 |
2020-08-17 02:50:39,626 - root - INFO - | Epoch: 059/500 | Train Time: 1.113s | Train Loss: 0.155857 |
2020-08-17 02:50:40,738 - root - INFO - | Epoch: 060/500 | Train Time: 1.112s | Train Loss: 0.148967 |
2020-08-17 02:50:41,862 - root - INFO - | Epoch: 061/500 | Train Time: 1.124s | Train Loss: 0.151223 |
2020-08-17 02:50:42,997 - root - INFO - | Epoch: 062/500 | Train Time: 1.134s | Train Loss: 0.152418 |
2020-08-17 02:50:44,109 - root - INFO - | Epoch: 063/500 | Train Time: 1.113s | Train Loss: 0.153687 |
2020-08-17 02:50:45,247 - root - INFO - | Epoch: 064/500 | Train Time: 1.137s | Train Loss: 0.161332 |
2020-08-17 02:50:46,379 - root - INFO - | Epoch: 065/500 | Train Time: 1.132s | Train Loss: 0.150307 |
2020-08-17 02:50:47,512 - root - INFO - | Epoch: 066/500 | Train Time: 1.133s | Train Loss: 0.166663 |
2020-08-17 02:50:48,635 - root - INFO - | Epoch: 067/500 | Train Time: 1.123s | Train Loss: 0.142808 |
2020-08-17 02:50:49,768 - root - INFO - | Epoch: 068/500 | Train Time: 1.133s | Train Loss: 0.158906 |
2020-08-17 02:50:51,011 - root - INFO - | Epoch: 069/500 | Train Time: 1.243s | Train Loss: 0.148466 |
2020-08-17 02:50:52,256 - root - INFO - | Epoch: 070/500 | Train Time: 1.245s | Train Loss: 0.146610 |
2020-08-17 02:50:53,502 - root - INFO - | Epoch: 071/500 | Train Time: 1.245s | Train Loss: 0.144163 |
2020-08-17 02:50:54,744 - root - INFO - | Epoch: 072/500 | Train Time: 1.242s | Train Loss: 0.148094 |
2020-08-17 02:50:55,975 - root - INFO - | Epoch: 073/500 | Train Time: 1.231s | Train Loss: 0.139828 |
2020-08-17 02:50:57,206 - root - INFO - | Epoch: 074/500 | Train Time: 1.231s | Train Loss: 0.152193 |
2020-08-17 02:50:58,412 - root - INFO - | Epoch: 075/500 | Train Time: 1.206s | Train Loss: 0.144739 |
2020-08-17 02:50:59,633 - root - INFO - | Epoch: 076/500 | Train Time: 1.220s | Train Loss: 0.151106 |
2020-08-17 02:51:00,848 - root - INFO - | Epoch: 077/500 | Train Time: 1.215s | Train Loss: 0.142281 |
2020-08-17 02:51:02,068 - root - INFO - | Epoch: 078/500 | Train Time: 1.220s | Train Loss: 0.153115 |
2020-08-17 02:51:03,287 - root - INFO - | Epoch: 079/500 | Train Time: 1.218s | Train Loss: 0.138433 |
2020-08-17 02:51:04,504 - root - INFO - | Epoch: 080/500 | Train Time: 1.217s | Train Loss: 0.149603 |
2020-08-17 02:51:05,726 - root - INFO - | Epoch: 081/500 | Train Time: 1.222s | Train Loss: 0.150241 |
2020-08-17 02:51:06,948 - root - INFO - | Epoch: 082/500 | Train Time: 1.222s | Train Loss: 0.143021 |
2020-08-17 02:51:08,082 - root - INFO - | Epoch: 083/500 | Train Time: 1.134s | Train Loss: 0.148189 |
2020-08-17 02:51:09,192 - root - INFO - | Epoch: 084/500 | Train Time: 1.110s | Train Loss: 0.159522 |
2020-08-17 02:51:10,290 - root - INFO - | Epoch: 085/500 | Train Time: 1.098s | Train Loss: 0.152941 |
2020-08-17 02:51:11,380 - root - INFO - | Epoch: 086/500 | Train Time: 1.090s | Train Loss: 0.148071 |
2020-08-17 02:51:12,483 - root - INFO - | Epoch: 087/500 | Train Time: 1.103s | Train Loss: 0.133404 |
2020-08-17 02:51:13,573 - root - INFO - | Epoch: 088/500 | Train Time: 1.090s | Train Loss: 0.144290 |
2020-08-17 02:51:14,508 - root - INFO - | Epoch: 089/500 | Train Time: 0.935s | Train Loss: 0.145620 |
2020-08-17 02:51:15,340 - root - INFO - | Epoch: 090/500 | Train Time: 0.832s | Train Loss: 0.150459 |
2020-08-17 02:51:16,116 - root - INFO - | Epoch: 091/500 | Train Time: 0.776s | Train Loss: 0.137504 |
2020-08-17 02:51:16,893 - root - INFO - | Epoch: 092/500 | Train Time: 0.776s | Train Loss: 0.138588 |
2020-08-17 02:51:17,670 - root - INFO - | Epoch: 093/500 | Train Time: 0.777s | Train Loss: 0.149422 |
2020-08-17 02:51:18,451 - root - INFO - | Epoch: 094/500 | Train Time: 0.781s | Train Loss: 0.143201 |
2020-08-17 02:51:19,230 - root - INFO - | Epoch: 095/500 | Train Time: 0.779s | Train Loss: 0.136125 |
2020-08-17 02:51:20,009 - root - INFO - | Epoch: 096/500 | Train Time: 0.778s | Train Loss: 0.144457 |
2020-08-17 02:51:20,784 - root - INFO - | Epoch: 097/500 | Train Time: 0.775s | Train Loss: 0.139906 |
2020-08-17 02:51:21,560 - root - INFO - | Epoch: 098/500 | Train Time: 0.776s | Train Loss: 0.143756 |
2020-08-17 02:51:22,635 - root - INFO - | Epoch: 099/500 | Train Time: 1.075s | Train Loss: 0.150176 |
2020-08-17 02:51:23,492 - root - INFO - | Epoch: 100/500 | Train Time: 0.857s | Train Loss: 0.139609 |
2020-08-17 02:51:24,303 - root - INFO - | Epoch: 101/500 | Train Time: 0.811s | Train Loss: 0.135075 |
2020-08-17 02:51:25,386 - root - INFO - | Epoch: 102/500 | Train Time: 1.083s | Train Loss: 0.141419 |
2020-08-17 02:51:26,563 - root - INFO - | Epoch: 103/500 | Train Time: 1.176s | Train Loss: 0.148826 |
2020-08-17 02:51:27,698 - root - INFO - | Epoch: 104/500 | Train Time: 1.134s | Train Loss: 0.140270 |
2020-08-17 02:51:28,840 - root - INFO - | Epoch: 105/500 | Train Time: 1.142s | Train Loss: 0.139556 |
2020-08-17 02:51:30,017 - root - INFO - | Epoch: 106/500 | Train Time: 1.177s | Train Loss: 0.154091 |
2020-08-17 02:51:31,168 - root - INFO - | Epoch: 107/500 | Train Time: 1.151s | Train Loss: 0.136469 |
2020-08-17 02:51:32,332 - root - INFO - | Epoch: 108/500 | Train Time: 1.163s | Train Loss: 0.132050 |
2020-08-17 02:51:33,490 - root - INFO - | Epoch: 109/500 | Train Time: 1.158s | Train Loss: 0.131111 |
2020-08-17 02:51:34,717 - root - INFO - | Epoch: 110/500 | Train Time: 1.226s | Train Loss: 0.139804 |
2020-08-17 02:51:35,939 - root - INFO - | Epoch: 111/500 | Train Time: 1.222s | Train Loss: 0.157497 |
2020-08-17 02:51:37,138 - root - INFO - | Epoch: 112/500 | Train Time: 1.199s | Train Loss: 0.139081 |
2020-08-17 02:51:38,228 - root - INFO - | Epoch: 113/500 | Train Time: 1.089s | Train Loss: 0.135376 |
2020-08-17 02:51:39,396 - root - INFO - | Epoch: 114/500 | Train Time: 1.168s | Train Loss: 0.133075 |
2020-08-17 02:51:40,511 - root - INFO - | Epoch: 115/500 | Train Time: 1.115s | Train Loss: 0.138076 |
2020-08-17 02:51:41,596 - root - INFO - | Epoch: 116/500 | Train Time: 1.085s | Train Loss: 0.139765 |
2020-08-17 02:51:42,689 - root - INFO - | Epoch: 117/500 | Train Time: 1.093s | Train Loss: 0.141134 |
2020-08-17 02:51:43,805 - root - INFO - | Epoch: 118/500 | Train Time: 1.115s | Train Loss: 0.145336 |
2020-08-17 02:51:44,929 - root - INFO - | Epoch: 119/500 | Train Time: 1.124s | Train Loss: 0.130957 |
2020-08-17 02:51:46,041 - root - INFO - | Epoch: 120/500 | Train Time: 1.111s | Train Loss: 0.138279 |
2020-08-17 02:51:47,165 - root - INFO - | Epoch: 121/500 | Train Time: 1.125s | Train Loss: 0.136574 |
2020-08-17 02:51:48,011 - root - INFO - | Epoch: 122/500 | Train Time: 0.845s | Train Loss: 0.139841 |
2020-08-17 02:51:48,813 - root - INFO - | Epoch: 123/500 | Train Time: 0.802s | Train Loss: 0.136582 |
2020-08-17 02:51:49,590 - root - INFO - | Epoch: 124/500 | Train Time: 0.777s | Train Loss: 0.135320 |
2020-08-17 02:51:50,372 - root - INFO - | Epoch: 125/500 | Train Time: 0.781s | Train Loss: 0.141969 |
2020-08-17 02:51:51,151 - root - INFO - | Epoch: 126/500 | Train Time: 0.780s | Train Loss: 0.132042 |
2020-08-17 02:51:52,017 - root - INFO - | Epoch: 127/500 | Train Time: 0.866s | Train Loss: 0.134075 |
2020-08-17 02:51:53,175 - root - INFO - | Epoch: 128/500 | Train Time: 1.157s | Train Loss: 0.136288 |
2020-08-17 02:51:54,359 - root - INFO - | Epoch: 129/500 | Train Time: 1.184s | Train Loss: 0.139615 |
2020-08-17 02:51:55,583 - root - INFO - | Epoch: 130/500 | Train Time: 1.224s | Train Loss: 0.127640 |
2020-08-17 02:51:56,707 - root - INFO - | Epoch: 131/500 | Train Time: 1.124s | Train Loss: 0.141475 |
2020-08-17 02:51:57,881 - root - INFO - | Epoch: 132/500 | Train Time: 1.174s | Train Loss: 0.141055 |
2020-08-17 02:51:59,110 - root - INFO - | Epoch: 133/500 | Train Time: 1.228s | Train Loss: 0.138956 |
2020-08-17 02:52:00,341 - root - INFO - | Epoch: 134/500 | Train Time: 1.231s | Train Loss: 0.124206 |
2020-08-17 02:52:01,586 - root - INFO - | Epoch: 135/500 | Train Time: 1.245s | Train Loss: 0.127929 |
2020-08-17 02:52:02,821 - root - INFO - | Epoch: 136/500 | Train Time: 1.236s | Train Loss: 0.131075 |
2020-08-17 02:52:04,048 - root - INFO - | Epoch: 137/500 | Train Time: 1.226s | Train Loss: 0.128900 |
2020-08-17 02:52:05,299 - root - INFO - | Epoch: 138/500 | Train Time: 1.251s | Train Loss: 0.134081 |
2020-08-17 02:52:06,538 - root - INFO - | Epoch: 139/500 | Train Time: 1.238s | Train Loss: 0.136639 |
2020-08-17 02:52:07,787 - root - INFO - | Epoch: 140/500 | Train Time: 1.249s | Train Loss: 0.134454 |
2020-08-17 02:52:09,049 - root - INFO - | Epoch: 141/500 | Train Time: 1.262s | Train Loss: 0.141139 |
2020-08-17 02:52:10,308 - root - INFO - | Epoch: 142/500 | Train Time: 1.259s | Train Loss: 0.131414 |
2020-08-17 02:52:11,553 - root - INFO - | Epoch: 143/500 | Train Time: 1.245s | Train Loss: 0.129929 |
2020-08-17 02:52:12,782 - root - INFO - | Epoch: 144/500 | Train Time: 1.229s | Train Loss: 0.123335 |
2020-08-17 02:52:14,044 - root - INFO - | Epoch: 145/500 | Train Time: 1.262s | Train Loss: 0.131783 |
2020-08-17 02:52:15,290 - root - INFO - | Epoch: 146/500 | Train Time: 1.246s | Train Loss: 0.139199 |
2020-08-17 02:52:16,532 - root - INFO - | Epoch: 147/500 | Train Time: 1.242s | Train Loss: 0.133133 |
2020-08-17 02:52:17,768 - root - INFO - | Epoch: 148/500 | Train Time: 1.236s | Train Loss: 0.134478 |
2020-08-17 02:52:19,008 - root - INFO - | Epoch: 149/500 | Train Time: 1.239s | Train Loss: 0.135609 |
2020-08-17 02:52:20,250 - root - INFO - | Epoch: 150/500 | Train Time: 1.242s | Train Loss: 0.130742 |
2020-08-17 02:52:21,508 - root - INFO - | Epoch: 151/500 | Train Time: 1.258s | Train Loss: 0.136028 |
2020-08-17 02:52:22,775 - root - INFO - | Epoch: 152/500 | Train Time: 1.267s | Train Loss: 0.132727 |
2020-08-17 02:52:24,013 - root - INFO - | Epoch: 153/500 | Train Time: 1.238s | Train Loss: 0.124094 |
2020-08-17 02:52:25,248 - root - INFO - | Epoch: 154/500 | Train Time: 1.235s | Train Loss: 0.121624 |
2020-08-17 02:52:26,476 - root - INFO - | Epoch: 155/500 | Train Time: 1.228s | Train Loss: 0.135091 |
2020-08-17 02:52:27,702 - root - INFO - | Epoch: 156/500 | Train Time: 1.225s | Train Loss: 0.125723 |
2020-08-17 02:52:28,928 - root - INFO - | Epoch: 157/500 | Train Time: 1.226s | Train Loss: 0.136321 |
2020-08-17 02:52:30,169 - root - INFO - | Epoch: 158/500 | Train Time: 1.242s | Train Loss: 0.123688 |
2020-08-17 02:52:31,429 - root - INFO - | Epoch: 159/500 | Train Time: 1.260s | Train Loss: 0.143807 |
2020-08-17 02:52:32,655 - root - INFO - | Epoch: 160/500 | Train Time: 1.226s | Train Loss: 0.132748 |
2020-08-17 02:52:33,865 - root - INFO - | Epoch: 161/500 | Train Time: 1.210s | Train Loss: 0.129056 |
2020-08-17 02:52:35,079 - root - INFO - | Epoch: 162/500 | Train Time: 1.213s | Train Loss: 0.129935 |
2020-08-17 02:52:36,289 - root - INFO - | Epoch: 163/500 | Train Time: 1.211s | Train Loss: 0.136392 |
2020-08-17 02:52:37,521 - root - INFO - | Epoch: 164/500 | Train Time: 1.231s | Train Loss: 0.148270 |
2020-08-17 02:52:38,744 - root - INFO - | Epoch: 165/500 | Train Time: 1.223s | Train Loss: 0.131435 |
2020-08-17 02:52:39,962 - root - INFO - | Epoch: 166/500 | Train Time: 1.218s | Train Loss: 0.139252 |
2020-08-17 02:52:41,183 - root - INFO - | Epoch: 167/500 | Train Time: 1.221s | Train Loss: 0.133246 |
2020-08-17 02:52:42,401 - root - INFO - | Epoch: 168/500 | Train Time: 1.218s | Train Loss: 0.129224 |
2020-08-17 02:52:43,617 - root - INFO - | Epoch: 169/500 | Train Time: 1.216s | Train Loss: 0.128633 |
2020-08-17 02:52:44,839 - root - INFO - | Epoch: 170/500 | Train Time: 1.222s | Train Loss: 0.123403 |
2020-08-17 02:52:46,059 - root - INFO - | Epoch: 171/500 | Train Time: 1.220s | Train Loss: 0.131758 |
2020-08-17 02:52:47,265 - root - INFO - | Epoch: 172/500 | Train Time: 1.206s | Train Loss: 0.118984 |
2020-08-17 02:52:48,471 - root - INFO - | Epoch: 173/500 | Train Time: 1.206s | Train Loss: 0.124231 |
2020-08-17 02:52:49,685 - root - INFO - | Epoch: 174/500 | Train Time: 1.214s | Train Loss: 0.117670 |
2020-08-17 02:52:50,897 - root - INFO - | Epoch: 175/500 | Train Time: 1.212s | Train Loss: 0.128168 |
2020-08-17 02:52:52,121 - root - INFO - | Epoch: 176/500 | Train Time: 1.224s | Train Loss: 0.133271 |
2020-08-17 02:52:53,377 - root - INFO - | Epoch: 177/500 | Train Time: 1.256s | Train Loss: 0.131270 |
2020-08-17 02:52:54,605 - root - INFO - | Epoch: 178/500 | Train Time: 1.228s | Train Loss: 0.132448 |
2020-08-17 02:52:55,856 - root - INFO - | Epoch: 179/500 | Train Time: 1.251s | Train Loss: 0.136052 |
2020-08-17 02:52:57,134 - root - INFO - | Epoch: 180/500 | Train Time: 1.278s | Train Loss: 0.131150 |
2020-08-17 02:52:58,418 - root - INFO - | Epoch: 181/500 | Train Time: 1.283s | Train Loss: 0.134244 |
2020-08-17 02:52:59,672 - root - INFO - | Epoch: 182/500 | Train Time: 1.255s | Train Loss: 0.127519 |
2020-08-17 02:53:00,897 - root - INFO - | Epoch: 183/500 | Train Time: 1.224s | Train Loss: 0.115991 |
2020-08-17 02:53:02,128 - root - INFO - | Epoch: 184/500 | Train Time: 1.231s | Train Loss: 0.136009 |
2020-08-17 02:53:03,182 - root - INFO - | Epoch: 185/500 | Train Time: 1.055s | Train Loss: 0.132823 |
2020-08-17 02:53:04,036 - root - INFO - | Epoch: 186/500 | Train Time: 0.854s | Train Loss: 0.134479 |
2020-08-17 02:53:04,890 - root - INFO - | Epoch: 187/500 | Train Time: 0.853s | Train Loss: 0.128737 |
2020-08-17 02:53:05,743 - root - INFO - | Epoch: 188/500 | Train Time: 0.853s | Train Loss: 0.126016 |
2020-08-17 02:53:06,529 - root - INFO - | Epoch: 189/500 | Train Time: 0.786s | Train Loss: 0.124743 |
2020-08-17 02:53:07,305 - root - INFO - | Epoch: 190/500 | Train Time: 0.776s | Train Loss: 0.132863 |
2020-08-17 02:53:08,081 - root - INFO - | Epoch: 191/500 | Train Time: 0.776s | Train Loss: 0.125432 |
2020-08-17 02:53:08,857 - root - INFO - | Epoch: 192/500 | Train Time: 0.776s | Train Loss: 0.121465 |
2020-08-17 02:53:09,632 - root - INFO - | Epoch: 193/500 | Train Time: 0.776s | Train Loss: 0.122770 |
2020-08-17 02:53:10,597 - root - INFO - | Epoch: 194/500 | Train Time: 0.964s | Train Loss: 0.124560 |
2020-08-17 02:53:11,821 - root - INFO - | Epoch: 195/500 | Train Time: 1.224s | Train Loss: 0.122474 |
2020-08-17 02:53:13,043 - root - INFO - | Epoch: 196/500 | Train Time: 1.222s | Train Loss: 0.114935 |
2020-08-17 02:53:14,264 - root - INFO - | Epoch: 197/500 | Train Time: 1.221s | Train Loss: 0.120265 |
2020-08-17 02:53:15,484 - root - INFO - | Epoch: 198/500 | Train Time: 1.220s | Train Loss: 0.120230 |
2020-08-17 02:53:16,703 - root - INFO - | Epoch: 199/500 | Train Time: 1.218s | Train Loss: 0.126294 |
2020-08-17 02:53:17,924 - root - INFO - | Epoch: 200/500 | Train Time: 1.221s | Train Loss: 0.136109 |
2020-08-17 02:53:19,143 - root - INFO - | Epoch: 201/500 | Train Time: 1.218s | Train Loss: 0.120827 |
2020-08-17 02:53:20,200 - root - INFO - | Epoch: 202/500 | Train Time: 1.057s | Train Loss: 0.126907 |
2020-08-17 02:53:21,053 - root - INFO - | Epoch: 203/500 | Train Time: 0.853s | Train Loss: 0.122622 |
2020-08-17 02:53:21,907 - root - INFO - | Epoch: 204/500 | Train Time: 0.853s | Train Loss: 0.117619 |
2020-08-17 02:53:22,760 - root - INFO - | Epoch: 205/500 | Train Time: 0.853s | Train Loss: 0.123601 |
2020-08-17 02:53:23,615 - root - INFO - | Epoch: 206/500 | Train Time: 0.854s | Train Loss: 0.121244 |
2020-08-17 02:53:24,468 - root - INFO - | Epoch: 207/500 | Train Time: 0.853s | Train Loss: 0.119218 |
2020-08-17 02:53:25,320 - root - INFO - | Epoch: 208/500 | Train Time: 0.853s | Train Loss: 0.124282 |
2020-08-17 02:53:26,173 - root - INFO - | Epoch: 209/500 | Train Time: 0.853s | Train Loss: 0.128405 |
2020-08-17 02:53:27,027 - root - INFO - | Epoch: 210/500 | Train Time: 0.853s | Train Loss: 0.122145 |
2020-08-17 02:53:27,884 - root - INFO - | Epoch: 211/500 | Train Time: 0.858s | Train Loss: 0.137960 |
2020-08-17 02:53:28,738 - root - INFO - | Epoch: 212/500 | Train Time: 0.854s | Train Loss: 0.123901 |
2020-08-17 02:53:29,592 - root - INFO - | Epoch: 213/500 | Train Time: 0.854s | Train Loss: 0.118038 |
2020-08-17 02:53:30,446 - root - INFO - | Epoch: 214/500 | Train Time: 0.853s | Train Loss: 0.123157 |
2020-08-17 02:53:31,300 - root - INFO - | Epoch: 215/500 | Train Time: 0.853s | Train Loss: 0.123753 |
2020-08-17 02:53:32,153 - root - INFO - | Epoch: 216/500 | Train Time: 0.853s | Train Loss: 0.120019 |
2020-08-17 02:53:33,007 - root - INFO - | Epoch: 217/500 | Train Time: 0.853s | Train Loss: 0.125199 |
2020-08-17 02:53:33,861 - root - INFO - | Epoch: 218/500 | Train Time: 0.854s | Train Loss: 0.116248 |
2020-08-17 02:53:34,659 - root - INFO - | Epoch: 219/500 | Train Time: 0.798s | Train Loss: 0.127160 |
2020-08-17 02:53:35,434 - root - INFO - | Epoch: 220/500 | Train Time: 0.775s | Train Loss: 0.124084 |
2020-08-17 02:53:36,209 - root - INFO - | Epoch: 221/500 | Train Time: 0.775s | Train Loss: 0.117992 |
2020-08-17 02:53:36,984 - root - INFO - | Epoch: 222/500 | Train Time: 0.775s | Train Loss: 0.121669 |
2020-08-17 02:53:37,759 - root - INFO - | Epoch: 223/500 | Train Time: 0.774s | Train Loss: 0.119894 |
2020-08-17 02:53:38,533 - root - INFO - | Epoch: 224/500 | Train Time: 0.774s | Train Loss: 0.120032 |
2020-08-17 02:53:39,307 - root - INFO - | Epoch: 225/500 | Train Time: 0.774s | Train Loss: 0.134854 |
2020-08-17 02:53:40,082 - root - INFO - | Epoch: 226/500 | Train Time: 0.774s | Train Loss: 0.118601 |
2020-08-17 02:53:40,857 - root - INFO - | Epoch: 227/500 | Train Time: 0.775s | Train Loss: 0.127407 |
2020-08-17 02:53:41,633 - root - INFO - | Epoch: 228/500 | Train Time: 0.776s | Train Loss: 0.121981 |
2020-08-17 02:53:42,407 - root - INFO - | Epoch: 229/500 | Train Time: 0.774s | Train Loss: 0.118588 |
2020-08-17 02:53:43,183 - root - INFO - | Epoch: 230/500 | Train Time: 0.775s | Train Loss: 0.126973 |
2020-08-17 02:53:43,958 - root - INFO - | Epoch: 231/500 | Train Time: 0.775s | Train Loss: 0.119625 |
2020-08-17 02:53:44,731 - root - INFO - | Epoch: 232/500 | Train Time: 0.773s | Train Loss: 0.124963 |
2020-08-17 02:53:45,505 - root - INFO - | Epoch: 233/500 | Train Time: 0.774s | Train Loss: 0.118142 |
2020-08-17 02:53:46,281 - root - INFO - | Epoch: 234/500 | Train Time: 0.775s | Train Loss: 0.111416 |
2020-08-17 02:53:47,055 - root - INFO - | Epoch: 235/500 | Train Time: 0.774s | Train Loss: 0.120569 |
2020-08-17 02:53:47,829 - root - INFO - | Epoch: 236/500 | Train Time: 0.774s | Train Loss: 0.121447 |
2020-08-17 02:53:48,604 - root - INFO - | Epoch: 237/500 | Train Time: 0.775s | Train Loss: 0.117881 |
2020-08-17 02:53:49,378 - root - INFO - | Epoch: 238/500 | Train Time: 0.774s | Train Loss: 0.125583 |
2020-08-17 02:53:50,152 - root - INFO - | Epoch: 239/500 | Train Time: 0.773s | Train Loss: 0.127501 |
2020-08-17 02:53:50,925 - root - INFO - | Epoch: 240/500 | Train Time: 0.773s | Train Loss: 0.120210 |
2020-08-17 02:53:51,699 - root - INFO - | Epoch: 241/500 | Train Time: 0.774s | Train Loss: 0.115030 |
2020-08-17 02:53:52,474 - root - INFO - | Epoch: 242/500 | Train Time: 0.775s | Train Loss: 0.122148 |
2020-08-17 02:53:53,249 - root - INFO - | Epoch: 243/500 | Train Time: 0.774s | Train Loss: 0.112950 |
2020-08-17 02:53:54,023 - root - INFO - | Epoch: 244/500 | Train Time: 0.774s | Train Loss: 0.127802 |
2020-08-17 02:53:54,797 - root - INFO - | Epoch: 245/500 | Train Time: 0.774s | Train Loss: 0.117689 |
2020-08-17 02:53:55,571 - root - INFO - | Epoch: 246/500 | Train Time: 0.774s | Train Loss: 0.112226 |
2020-08-17 02:53:56,346 - root - INFO - | Epoch: 247/500 | Train Time: 0.774s | Train Loss: 0.115009 |
2020-08-17 02:53:57,119 - root - INFO - | Epoch: 248/500 | Train Time: 0.774s | Train Loss: 0.121031 |
2020-08-17 02:53:57,893 - root - INFO - | Epoch: 249/500 | Train Time: 0.774s | Train Loss: 0.118960 |
2020-08-17 02:53:58,668 - root - INFO - | Epoch: 250/500 | Train Time: 0.775s | Train Loss: 0.122821 |
2020-08-17 02:53:59,442 - root - INFO - | Epoch: 251/500 | Train Time: 0.774s | Train Loss: 0.119259 |
2020-08-17 02:54:00,215 - root - INFO - | Epoch: 252/500 | Train Time: 0.773s | Train Loss: 0.122017 |
2020-08-17 02:54:00,988 - root - INFO - | Epoch: 253/500 | Train Time: 0.773s | Train Loss: 0.120177 |
2020-08-17 02:54:01,763 - root - INFO - | Epoch: 254/500 | Train Time: 0.774s | Train Loss: 0.125808 |
2020-08-17 02:54:02,537 - root - INFO - | Epoch: 255/500 | Train Time: 0.774s | Train Loss: 0.116114 |
2020-08-17 02:54:03,310 - root - INFO - | Epoch: 256/500 | Train Time: 0.773s | Train Loss: 0.118406 |
2020-08-17 02:54:04,085 - root - INFO - | Epoch: 257/500 | Train Time: 0.775s | Train Loss: 0.113838 |
2020-08-17 02:54:04,860 - root - INFO - | Epoch: 258/500 | Train Time: 0.775s | Train Loss: 0.114701 |
2020-08-17 02:54:05,635 - root - INFO - | Epoch: 259/500 | Train Time: 0.774s | Train Loss: 0.114109 |
2020-08-17 02:54:06,408 - root - INFO - | Epoch: 260/500 | Train Time: 0.773s | Train Loss: 0.111627 |
2020-08-17 02:54:07,181 - root - INFO - | Epoch: 261/500 | Train Time: 0.773s | Train Loss: 0.114833 |
2020-08-17 02:54:07,955 - root - INFO - | Epoch: 262/500 | Train Time: 0.774s | Train Loss: 0.120997 |
2020-08-17 02:54:08,730 - root - INFO - | Epoch: 263/500 | Train Time: 0.775s | Train Loss: 0.117073 |
2020-08-17 02:54:09,505 - root - INFO - | Epoch: 264/500 | Train Time: 0.776s | Train Loss: 0.123328 |
2020-08-17 02:54:10,281 - root - INFO - | Epoch: 265/500 | Train Time: 0.775s | Train Loss: 0.122735 |
2020-08-17 02:54:11,056 - root - INFO - | Epoch: 266/500 | Train Time: 0.775s | Train Loss: 0.116624 |
2020-08-17 02:54:11,832 - root - INFO - | Epoch: 267/500 | Train Time: 0.775s | Train Loss: 0.119683 |
2020-08-17 02:54:12,607 - root - INFO - | Epoch: 268/500 | Train Time: 0.775s | Train Loss: 0.113705 |
2020-08-17 02:54:13,382 - root - INFO - | Epoch: 269/500 | Train Time: 0.775s | Train Loss: 0.120835 |
2020-08-17 02:54:14,157 - root - INFO - | Epoch: 270/500 | Train Time: 0.775s | Train Loss: 0.118730 |
2020-08-17 02:54:14,932 - root - INFO - | Epoch: 271/500 | Train Time: 0.775s | Train Loss: 0.124396 |
2020-08-17 02:54:15,705 - root - INFO - | Epoch: 272/500 | Train Time: 0.773s | Train Loss: 0.118935 |
2020-08-17 02:54:16,480 - root - INFO - | Epoch: 273/500 | Train Time: 0.774s | Train Loss: 0.112674 |
2020-08-17 02:54:17,253 - root - INFO - | Epoch: 274/500 | Train Time: 0.774s | Train Loss: 0.114162 |
2020-08-17 02:54:18,028 - root - INFO - | Epoch: 275/500 | Train Time: 0.775s | Train Loss: 0.122136 |
2020-08-17 02:54:18,803 - root - INFO - | Epoch: 276/500 | Train Time: 0.775s | Train Loss: 0.118494 |
2020-08-17 02:54:19,579 - root - INFO - | Epoch: 277/500 | Train Time: 0.776s | Train Loss: 0.108867 |
2020-08-17 02:54:20,354 - root - INFO - | Epoch: 278/500 | Train Time: 0.775s | Train Loss: 0.112011 |
2020-08-17 02:54:21,128 - root - INFO - | Epoch: 279/500 | Train Time: 0.774s | Train Loss: 0.108846 |
2020-08-17 02:54:21,902 - root - INFO - | Epoch: 280/500 | Train Time: 0.774s | Train Loss: 0.115641 |
2020-08-17 02:54:22,677 - root - INFO - | Epoch: 281/500 | Train Time: 0.775s | Train Loss: 0.119724 |
2020-08-17 02:54:23,661 - root - INFO - | Epoch: 282/500 | Train Time: 0.984s | Train Loss: 0.115361 |
2020-08-17 02:54:24,883 - root - INFO - | Epoch: 283/500 | Train Time: 1.222s | Train Loss: 0.120860 |
2020-08-17 02:54:26,106 - root - INFO - | Epoch: 284/500 | Train Time: 1.223s | Train Loss: 0.118855 |
2020-08-17 02:54:27,330 - root - INFO - | Epoch: 285/500 | Train Time: 1.224s | Train Loss: 0.110582 |
2020-08-17 02:54:28,553 - root - INFO - | Epoch: 286/500 | Train Time: 1.223s | Train Loss: 0.111043 |
2020-08-17 02:54:29,776 - root - INFO - | Epoch: 287/500 | Train Time: 1.223s | Train Loss: 0.114435 |
2020-08-17 02:54:30,999 - root - INFO - | Epoch: 288/500 | Train Time: 1.223s | Train Loss: 0.107471 |
2020-08-17 02:54:32,223 - root - INFO - | Epoch: 289/500 | Train Time: 1.224s | Train Loss: 0.109110 |
2020-08-17 02:54:33,439 - root - INFO - | Epoch: 290/500 | Train Time: 1.215s | Train Loss: 0.114509 |
2020-08-17 02:54:34,659 - root - INFO - | Epoch: 291/500 | Train Time: 1.220s | Train Loss: 0.122364 |
2020-08-17 02:54:35,878 - root - INFO - | Epoch: 292/500 | Train Time: 1.219s | Train Loss: 0.131171 |
2020-08-17 02:54:37,095 - root - INFO - | Epoch: 293/500 | Train Time: 1.217s | Train Loss: 0.110771 |
2020-08-17 02:54:38,317 - root - INFO - | Epoch: 294/500 | Train Time: 1.222s | Train Loss: 0.109935 |
2020-08-17 02:54:39,545 - root - INFO - | Epoch: 295/500 | Train Time: 1.228s | Train Loss: 0.116772 |
2020-08-17 02:54:40,790 - root - INFO - | Epoch: 296/500 | Train Time: 1.244s | Train Loss: 0.111649 |
2020-08-17 02:54:42,060 - root - INFO - | Epoch: 297/500 | Train Time: 1.270s | Train Loss: 0.119108 |
2020-08-17 02:54:43,301 - root - INFO - | Epoch: 298/500 | Train Time: 1.241s | Train Loss: 0.114509 |
2020-08-17 02:54:44,538 - root - INFO - | Epoch: 299/500 | Train Time: 1.236s | Train Loss: 0.114303 |
2020-08-17 02:54:45,771 - root - INFO - | Epoch: 300/500 | Train Time: 1.234s | Train Loss: 0.111601 |
2020-08-17 02:54:47,002 - root - INFO - | Epoch: 301/500 | Train Time: 1.230s | Train Loss: 0.110549 |
2020-08-17 02:54:48,254 - root - INFO - | Epoch: 302/500 | Train Time: 1.252s | Train Loss: 0.111564 |
2020-08-17 02:54:49,509 - root - INFO - | Epoch: 303/500 | Train Time: 1.255s | Train Loss: 0.115951 |
2020-08-17 02:54:50,768 - root - INFO - | Epoch: 304/500 | Train Time: 1.258s | Train Loss: 0.109660 |
2020-08-17 02:54:52,024 - root - INFO - | Epoch: 305/500 | Train Time: 1.255s | Train Loss: 0.114979 |
2020-08-17 02:54:53,282 - root - INFO - | Epoch: 306/500 | Train Time: 1.258s | Train Loss: 0.102796 |
2020-08-17 02:54:54,180 - root - INFO - | Epoch: 307/500 | Train Time: 0.898s | Train Loss: 0.116104 |
2020-08-17 02:54:55,035 - root - INFO - | Epoch: 308/500 | Train Time: 0.855s | Train Loss: 0.110212 |
2020-08-17 02:54:55,889 - root - INFO - | Epoch: 309/500 | Train Time: 0.853s | Train Loss: 0.111770 |
2020-08-17 02:54:56,742 - root - INFO - | Epoch: 310/500 | Train Time: 0.853s | Train Loss: 0.121888 |
2020-08-17 02:54:57,596 - root - INFO - | Epoch: 311/500 | Train Time: 0.854s | Train Loss: 0.113625 |
2020-08-17 02:54:58,450 - root - INFO - | Epoch: 312/500 | Train Time: 0.854s | Train Loss: 0.119669 |
2020-08-17 02:54:59,235 - root - INFO - | Epoch: 313/500 | Train Time: 0.785s | Train Loss: 0.107268 |
2020-08-17 02:55:00,012 - root - INFO - | Epoch: 314/500 | Train Time: 0.776s | Train Loss: 0.116176 |
2020-08-17 02:55:00,787 - root - INFO - | Epoch: 315/500 | Train Time: 0.776s | Train Loss: 0.114612 |
2020-08-17 02:55:01,564 - root - INFO - | Epoch: 316/500 | Train Time: 0.777s | Train Loss: 0.112043 |
2020-08-17 02:55:02,557 - root - INFO - | Epoch: 317/500 | Train Time: 0.992s | Train Loss: 0.108561 |
2020-08-17 02:55:03,777 - root - INFO - | Epoch: 318/500 | Train Time: 1.220s | Train Loss: 0.119150 |
2020-08-17 02:55:04,998 - root - INFO - | Epoch: 319/500 | Train Time: 1.221s | Train Loss: 0.104656 |
2020-08-17 02:55:06,221 - root - INFO - | Epoch: 320/500 | Train Time: 1.222s | Train Loss: 0.115676 |
2020-08-17 02:55:07,447 - root - INFO - | Epoch: 321/500 | Train Time: 1.226s | Train Loss: 0.115104 |
2020-08-17 02:55:08,671 - root - INFO - | Epoch: 322/500 | Train Time: 1.224s | Train Loss: 0.117088 |
2020-08-17 02:55:09,880 - root - INFO - | Epoch: 323/500 | Train Time: 1.209s | Train Loss: 0.115799 |
2020-08-17 02:55:11,075 - root - INFO - | Epoch: 324/500 | Train Time: 1.194s | Train Loss: 0.122911 |
2020-08-17 02:55:12,312 - root - INFO - | Epoch: 325/500 | Train Time: 1.237s | Train Loss: 0.114284 |
2020-08-17 02:55:13,542 - root - INFO - | Epoch: 326/500 | Train Time: 1.229s | Train Loss: 0.107328 |
2020-08-17 02:55:14,784 - root - INFO - | Epoch: 327/500 | Train Time: 1.241s | Train Loss: 0.108436 |
2020-08-17 02:55:16,041 - root - INFO - | Epoch: 328/500 | Train Time: 1.257s | Train Loss: 0.110387 |
2020-08-17 02:55:17,303 - root - INFO - | Epoch: 329/500 | Train Time: 1.262s | Train Loss: 0.110969 |
2020-08-17 02:55:18,558 - root - INFO - | Epoch: 330/500 | Train Time: 1.254s | Train Loss: 0.112338 |
2020-08-17 02:55:19,796 - root - INFO - | Epoch: 331/500 | Train Time: 1.238s | Train Loss: 0.111229 |
2020-08-17 02:55:21,031 - root - INFO - | Epoch: 332/500 | Train Time: 1.235s | Train Loss: 0.103007 |
2020-08-17 02:55:22,263 - root - INFO - | Epoch: 333/500 | Train Time: 1.232s | Train Loss: 0.114300 |
2020-08-17 02:55:23,500 - root - INFO - | Epoch: 334/500 | Train Time: 1.237s | Train Loss: 0.116725 |
2020-08-17 02:55:24,730 - root - INFO - | Epoch: 335/500 | Train Time: 1.230s | Train Loss: 0.117776 |
2020-08-17 02:55:25,971 - root - INFO - | Epoch: 336/500 | Train Time: 1.241s | Train Loss: 0.104892 |
2020-08-17 02:55:27,233 - root - INFO - | Epoch: 337/500 | Train Time: 1.262s | Train Loss: 0.111966 |
2020-08-17 02:55:28,467 - root - INFO - | Epoch: 338/500 | Train Time: 1.234s | Train Loss: 0.109514 |
2020-08-17 02:55:29,697 - root - INFO - | Epoch: 339/500 | Train Time: 1.230s | Train Loss: 0.107855 |
2020-08-17 02:55:30,912 - root - INFO - | Epoch: 340/500 | Train Time: 1.215s | Train Loss: 0.113219 |
2020-08-17 02:55:32,125 - root - INFO - | Epoch: 341/500 | Train Time: 1.213s | Train Loss: 0.106286 |
2020-08-17 02:55:33,364 - root - INFO - | Epoch: 342/500 | Train Time: 1.238s | Train Loss: 0.112719 |
2020-08-17 02:55:34,605 - root - INFO - | Epoch: 343/500 | Train Time: 1.241s | Train Loss: 0.113086 |
2020-08-17 02:55:35,843 - root - INFO - | Epoch: 344/500 | Train Time: 1.238s | Train Loss: 0.112157 |
2020-08-17 02:55:37,077 - root - INFO - | Epoch: 345/500 | Train Time: 1.234s | Train Loss: 0.109235 |
2020-08-17 02:55:38,336 - root - INFO - | Epoch: 346/500 | Train Time: 1.259s | Train Loss: 0.107108 |
2020-08-17 02:55:39,590 - root - INFO - | Epoch: 347/500 | Train Time: 1.254s | Train Loss: 0.110298 |
2020-08-17 02:55:40,853 - root - INFO - | Epoch: 348/500 | Train Time: 1.263s | Train Loss: 0.106442 |
2020-08-17 02:55:42,121 - root - INFO - | Epoch: 349/500 | Train Time: 1.267s | Train Loss: 0.113874 |
2020-08-17 02:55:43,390 - root - INFO - | Epoch: 350/500 | Train Time: 1.269s | Train Loss: 0.103238 |
2020-08-17 02:55:44,614 - root - INFO - | Epoch: 351/500 | Train Time: 1.224s | Train Loss: 0.113607 |
2020-08-17 02:55:45,869 - root - INFO - | Epoch: 352/500 | Train Time: 1.254s | Train Loss: 0.111539 |
2020-08-17 02:55:47,102 - root - INFO - | Epoch: 353/500 | Train Time: 1.233s | Train Loss: 0.103027 |
2020-08-17 02:55:48,324 - root - INFO - | Epoch: 354/500 | Train Time: 1.222s | Train Loss: 0.109334 |
2020-08-17 02:55:49,543 - root - INFO - | Epoch: 355/500 | Train Time: 1.218s | Train Loss: 0.113136 |
2020-08-17 02:55:50,761 - root - INFO - | Epoch: 356/500 | Train Time: 1.218s | Train Loss: 0.104577 |
2020-08-17 02:55:51,975 - root - INFO - | Epoch: 357/500 | Train Time: 1.215s | Train Loss: 0.110756 |
2020-08-17 02:55:53,193 - root - INFO - | Epoch: 358/500 | Train Time: 1.218s | Train Loss: 0.112837 |
2020-08-17 02:55:54,403 - root - INFO - | Epoch: 359/500 | Train Time: 1.210s | Train Loss: 0.115918 |
2020-08-17 02:55:55,627 - root - INFO - | Epoch: 360/500 | Train Time: 1.224s | Train Loss: 0.102924 |
2020-08-17 02:55:56,849 - root - INFO - | Epoch: 361/500 | Train Time: 1.222s | Train Loss: 0.104020 |
2020-08-17 02:55:58,079 - root - INFO - | Epoch: 362/500 | Train Time: 1.230s | Train Loss: 0.101852 |
2020-08-17 02:55:59,305 - root - INFO - | Epoch: 363/500 | Train Time: 1.225s | Train Loss: 0.110870 |
2020-08-17 02:56:00,530 - root - INFO - | Epoch: 364/500 | Train Time: 1.225s | Train Loss: 0.107450 |
2020-08-17 02:56:01,757 - root - INFO - | Epoch: 365/500 | Train Time: 1.227s | Train Loss: 0.101256 |
2020-08-17 02:56:02,969 - root - INFO - | Epoch: 366/500 | Train Time: 1.212s | Train Loss: 0.107628 |
2020-08-17 02:56:04,177 - root - INFO - | Epoch: 367/500 | Train Time: 1.208s | Train Loss: 0.109468 |
2020-08-17 02:56:05,393 - root - INFO - | Epoch: 368/500 | Train Time: 1.216s | Train Loss: 0.104600 |
2020-08-17 02:56:06,635 - root - INFO - | Epoch: 369/500 | Train Time: 1.241s | Train Loss: 0.105625 |
2020-08-17 02:56:07,876 - root - INFO - | Epoch: 370/500 | Train Time: 1.241s | Train Loss: 0.102561 |
2020-08-17 02:56:09,109 - root - INFO - | Epoch: 371/500 | Train Time: 1.233s | Train Loss: 0.100672 |
2020-08-17 02:56:10,348 - root - INFO - | Epoch: 372/500 | Train Time: 1.238s | Train Loss: 0.114242 |
2020-08-17 02:56:11,594 - root - INFO - | Epoch: 373/500 | Train Time: 1.246s | Train Loss: 0.117408 |
2020-08-17 02:56:12,841 - root - INFO - | Epoch: 374/500 | Train Time: 1.247s | Train Loss: 0.108285 |
2020-08-17 02:56:14,065 - root - INFO - | Epoch: 375/500 | Train Time: 1.224s | Train Loss: 0.104852 |
2020-08-17 02:56:15,293 - root - INFO - | Epoch: 376/500 | Train Time: 1.228s | Train Loss: 0.105756 |
2020-08-17 02:56:16,522 - root - INFO - | Epoch: 377/500 | Train Time: 1.229s | Train Loss: 0.106330 |
2020-08-17 02:56:17,748 - root - INFO - | Epoch: 378/500 | Train Time: 1.226s | Train Loss: 0.108168 |
2020-08-17 02:56:18,971 - root - INFO - | Epoch: 379/500 | Train Time: 1.222s | Train Loss: 0.101672 |
2020-08-17 02:56:20,188 - root - INFO - | Epoch: 380/500 | Train Time: 1.218s | Train Loss: 0.106236 |
2020-08-17 02:56:21,390 - root - INFO - | Epoch: 381/500 | Train Time: 1.201s | Train Loss: 0.111879 |
2020-08-17 02:56:22,592 - root - INFO - | Epoch: 382/500 | Train Time: 1.202s | Train Loss: 0.107825 |
2020-08-17 02:56:23,796 - root - INFO - | Epoch: 383/500 | Train Time: 1.204s | Train Loss: 0.110660 |
2020-08-17 02:56:25,001 - root - INFO - | Epoch: 384/500 | Train Time: 1.205s | Train Loss: 0.104669 |
2020-08-17 02:56:26,232 - root - INFO - | Epoch: 385/500 | Train Time: 1.231s | Train Loss: 0.107856 |
2020-08-17 02:56:27,435 - root - INFO - | Epoch: 386/500 | Train Time: 1.203s | Train Loss: 0.103998 |
2020-08-17 02:56:28,678 - root - INFO - | Epoch: 387/500 | Train Time: 1.243s | Train Loss: 0.106481 |
2020-08-17 02:56:29,903 - root - INFO - | Epoch: 388/500 | Train Time: 1.225s | Train Loss: 0.115468 |
2020-08-17 02:56:31,142 - root - INFO - | Epoch: 389/500 | Train Time: 1.239s | Train Loss: 0.107030 |
2020-08-17 02:56:32,381 - root - INFO - | Epoch: 390/500 | Train Time: 1.239s | Train Loss: 0.100712 |
2020-08-17 02:56:33,623 - root - INFO - | Epoch: 391/500 | Train Time: 1.242s | Train Loss: 0.111709 |
2020-08-17 02:56:34,863 - root - INFO - | Epoch: 392/500 | Train Time: 1.240s | Train Loss: 0.113335 |
2020-08-17 02:56:36,081 - root - INFO - | Epoch: 393/500 | Train Time: 1.218s | Train Loss: 0.109813 |
2020-08-17 02:56:37,297 - root - INFO - | Epoch: 394/500 | Train Time: 1.216s | Train Loss: 0.112230 |
2020-08-17 02:56:38,521 - root - INFO - | Epoch: 395/500 | Train Time: 1.223s | Train Loss: 0.102302 |
2020-08-17 02:56:39,744 - root - INFO - | Epoch: 396/500 | Train Time: 1.223s | Train Loss: 0.103556 |
2020-08-17 02:56:40,998 - root - INFO - | Epoch: 397/500 | Train Time: 1.254s | Train Loss: 0.111924 |
2020-08-17 02:56:42,262 - root - INFO - | Epoch: 398/500 | Train Time: 1.264s | Train Loss: 0.103039 |
2020-08-17 02:56:43,541 - root - INFO - | Epoch: 399/500 | Train Time: 1.279s | Train Loss: 0.106767 |
2020-08-17 02:56:44,806 - root - INFO - | Epoch: 400/500 | Train Time: 1.265s | Train Loss: 0.105533 |
2020-08-17 02:56:46,047 - root - INFO - | Epoch: 401/500 | Train Time: 1.240s | Train Loss: 0.105320 |
2020-08-17 02:56:47,289 - root - INFO - | Epoch: 402/500 | Train Time: 1.242s | Train Loss: 0.108256 |
2020-08-17 02:56:48,523 - root - INFO - | Epoch: 403/500 | Train Time: 1.234s | Train Loss: 0.097346 |
2020-08-17 02:56:49,761 - root - INFO - | Epoch: 404/500 | Train Time: 1.238s | Train Loss: 0.102264 |
2020-08-17 02:56:50,998 - root - INFO - | Epoch: 405/500 | Train Time: 1.236s | Train Loss: 0.107936 |
2020-08-17 02:56:52,229 - root - INFO - | Epoch: 406/500 | Train Time: 1.231s | Train Loss: 0.113392 |
2020-08-17 02:56:53,461 - root - INFO - | Epoch: 407/500 | Train Time: 1.232s | Train Loss: 0.105131 |
2020-08-17 02:56:54,698 - root - INFO - | Epoch: 408/500 | Train Time: 1.236s | Train Loss: 0.100888 |
2020-08-17 02:56:55,929 - root - INFO - | Epoch: 409/500 | Train Time: 1.231s | Train Loss: 0.113816 |
2020-08-17 02:56:57,165 - root - INFO - | Epoch: 410/500 | Train Time: 1.236s | Train Loss: 0.099907 |
2020-08-17 02:56:58,399 - root - INFO - | Epoch: 411/500 | Train Time: 1.233s | Train Loss: 0.099892 |
2020-08-17 02:56:59,637 - root - INFO - | Epoch: 412/500 | Train Time: 1.237s | Train Loss: 0.104422 |
2020-08-17 02:57:00,872 - root - INFO - | Epoch: 413/500 | Train Time: 1.235s | Train Loss: 0.098924 |
2020-08-17 02:57:02,113 - root - INFO - | Epoch: 414/500 | Train Time: 1.241s | Train Loss: 0.100513 |
2020-08-17 02:57:03,367 - root - INFO - | Epoch: 415/500 | Train Time: 1.254s | Train Loss: 0.110120 |
2020-08-17 02:57:04,640 - root - INFO - | Epoch: 416/500 | Train Time: 1.273s | Train Loss: 0.103838 |
2020-08-17 02:57:05,899 - root - INFO - | Epoch: 417/500 | Train Time: 1.259s | Train Loss: 0.099086 |
2020-08-17 02:57:07,159 - root - INFO - | Epoch: 418/500 | Train Time: 1.259s | Train Loss: 0.099868 |
2020-08-17 02:57:08,414 - root - INFO - | Epoch: 419/500 | Train Time: 1.255s | Train Loss: 0.105665 |
2020-08-17 02:57:09,668 - root - INFO - | Epoch: 420/500 | Train Time: 1.255s | Train Loss: 0.097162 |
2020-08-17 02:57:10,926 - root - INFO - | Epoch: 421/500 | Train Time: 1.257s | Train Loss: 0.100541 |
2020-08-17 02:57:12,158 - root - INFO - | Epoch: 422/500 | Train Time: 1.232s | Train Loss: 0.102618 |
2020-08-17 02:57:13,393 - root - INFO - | Epoch: 423/500 | Train Time: 1.235s | Train Loss: 0.094252 |
2020-08-17 02:57:14,654 - root - INFO - | Epoch: 424/500 | Train Time: 1.261s | Train Loss: 0.109769 |
2020-08-17 02:57:15,893 - root - INFO - | Epoch: 425/500 | Train Time: 1.240s | Train Loss: 0.101651 |
2020-08-17 02:57:17,118 - root - INFO - | Epoch: 426/500 | Train Time: 1.224s | Train Loss: 0.101930 |
2020-08-17 02:57:18,333 - root - INFO - | Epoch: 427/500 | Train Time: 1.215s | Train Loss: 0.105730 |
2020-08-17 02:57:19,601 - root - INFO - | Epoch: 428/500 | Train Time: 1.267s | Train Loss: 0.108975 |
2020-08-17 02:57:20,859 - root - INFO - | Epoch: 429/500 | Train Time: 1.257s | Train Loss: 0.103169 |
2020-08-17 02:57:22,119 - root - INFO - | Epoch: 430/500 | Train Time: 1.261s | Train Loss: 0.103593 |
2020-08-17 02:57:23,375 - root - INFO - | Epoch: 431/500 | Train Time: 1.255s | Train Loss: 0.102951 |
2020-08-17 02:57:24,636 - root - INFO - | Epoch: 432/500 | Train Time: 1.261s | Train Loss: 0.103998 |
2020-08-17 02:57:25,896 - root - INFO - | Epoch: 433/500 | Train Time: 1.260s | Train Loss: 0.104001 |
2020-08-17 02:57:27,154 - root - INFO - | Epoch: 434/500 | Train Time: 1.258s | Train Loss: 0.103571 |
2020-08-17 02:57:28,414 - root - INFO - | Epoch: 435/500 | Train Time: 1.259s | Train Loss: 0.103314 |
2020-08-17 02:57:29,671 - root - INFO - | Epoch: 436/500 | Train Time: 1.257s | Train Loss: 0.098617 |
2020-08-17 02:57:30,932 - root - INFO - | Epoch: 437/500 | Train Time: 1.261s | Train Loss: 0.102576 |
2020-08-17 02:57:32,190 - root - INFO - | Epoch: 438/500 | Train Time: 1.258s | Train Loss: 0.113565 |
2020-08-17 02:57:33,432 - root - INFO - | Epoch: 439/500 | Train Time: 1.242s | Train Loss: 0.103746 |
2020-08-17 02:57:34,672 - root - INFO - | Epoch: 440/500 | Train Time: 1.240s | Train Loss: 0.102783 |
2020-08-17 02:57:35,748 - root - INFO - | Epoch: 441/500 | Train Time: 1.076s | Train Loss: 0.097463 |
2020-08-17 02:57:36,602 - root - INFO - | Epoch: 442/500 | Train Time: 0.854s | Train Loss: 0.112789 |
2020-08-17 02:57:37,455 - root - INFO - | Epoch: 443/500 | Train Time: 0.853s | Train Loss: 0.099507 |
2020-08-17 02:57:38,309 - root - INFO - | Epoch: 444/500 | Train Time: 0.854s | Train Loss: 0.109939 |
2020-08-17 02:57:39,163 - root - INFO - | Epoch: 445/500 | Train Time: 0.854s | Train Loss: 0.101709 |
2020-08-17 02:57:40,017 - root - INFO - | Epoch: 446/500 | Train Time: 0.854s | Train Loss: 0.100787 |
2020-08-17 02:57:40,871 - root - INFO - | Epoch: 447/500 | Train Time: 0.854s | Train Loss: 0.105164 |
2020-08-17 02:57:41,724 - root - INFO - | Epoch: 448/500 | Train Time: 0.853s | Train Loss: 0.102242 |
2020-08-17 02:57:42,514 - root - INFO - | Epoch: 449/500 | Train Time: 0.790s | Train Loss: 0.097642 |
2020-08-17 02:57:43,290 - root - INFO - | Epoch: 450/500 | Train Time: 0.776s | Train Loss: 0.096535 |
2020-08-17 02:57:44,065 - root - INFO - | Epoch: 451/500 | Train Time: 0.775s | Train Loss: 0.095849 |
2020-08-17 02:57:44,840 - root - INFO - | Epoch: 452/500 | Train Time: 0.774s | Train Loss: 0.101359 |
2020-08-17 02:57:45,614 - root - INFO - | Epoch: 453/500 | Train Time: 0.775s | Train Loss: 0.103920 |
2020-08-17 02:57:46,389 - root - INFO - | Epoch: 454/500 | Train Time: 0.774s | Train Loss: 0.098780 |
2020-08-17 02:57:47,225 - root - INFO - | Epoch: 455/500 | Train Time: 0.836s | Train Loss: 0.096197 |
2020-08-17 02:57:48,179 - root - INFO - | Epoch: 456/500 | Train Time: 0.954s | Train Loss: 0.105991 |
2020-08-17 02:57:49,033 - root - INFO - | Epoch: 457/500 | Train Time: 0.854s | Train Loss: 0.093785 |
2020-08-17 02:57:49,887 - root - INFO - | Epoch: 458/500 | Train Time: 0.854s | Train Loss: 0.100447 |
2020-08-17 02:57:50,741 - root - INFO - | Epoch: 459/500 | Train Time: 0.853s | Train Loss: 0.105138 |
2020-08-17 02:57:51,777 - root - INFO - | Epoch: 460/500 | Train Time: 1.036s | Train Loss: 0.105395 |
2020-08-17 02:57:52,988 - root - INFO - | Epoch: 461/500 | Train Time: 1.211s | Train Loss: 0.105959 |
2020-08-17 02:57:54,198 - root - INFO - | Epoch: 462/500 | Train Time: 1.209s | Train Loss: 0.107830 |
2020-08-17 02:57:55,441 - root - INFO - | Epoch: 463/500 | Train Time: 1.243s | Train Loss: 0.107106 |
2020-08-17 02:57:56,673 - root - INFO - | Epoch: 464/500 | Train Time: 1.232s | Train Loss: 0.106191 |
2020-08-17 02:57:57,899 - root - INFO - | Epoch: 465/500 | Train Time: 1.226s | Train Loss: 0.108869 |
2020-08-17 02:57:59,122 - root - INFO - | Epoch: 466/500 | Train Time: 1.223s | Train Loss: 0.097742 |
2020-08-17 02:58:00,363 - root - INFO - | Epoch: 467/500 | Train Time: 1.241s | Train Loss: 0.104879 |
2020-08-17 02:58:01,604 - root - INFO - | Epoch: 468/500 | Train Time: 1.240s | Train Loss: 0.103388 |
2020-08-17 02:58:02,841 - root - INFO - | Epoch: 469/500 | Train Time: 1.237s | Train Loss: 0.098124 |
2020-08-17 02:58:04,070 - root - INFO - | Epoch: 470/500 | Train Time: 1.229s | Train Loss: 0.098070 |
2020-08-17 02:58:05,297 - root - INFO - | Epoch: 471/500 | Train Time: 1.226s | Train Loss: 0.097862 |
2020-08-17 02:58:06,547 - root - INFO - | Epoch: 472/500 | Train Time: 1.249s | Train Loss: 0.102206 |
2020-08-17 02:58:07,796 - root - INFO - | Epoch: 473/500 | Train Time: 1.249s | Train Loss: 0.100333 |
2020-08-17 02:58:09,056 - root - INFO - | Epoch: 474/500 | Train Time: 1.260s | Train Loss: 0.109235 |
2020-08-17 02:58:10,285 - root - INFO - | Epoch: 475/500 | Train Time: 1.229s | Train Loss: 0.093863 |
2020-08-17 02:58:11,513 - root - INFO - | Epoch: 476/500 | Train Time: 1.228s | Train Loss: 0.104925 |
2020-08-17 02:58:12,739 - root - INFO - | Epoch: 477/500 | Train Time: 1.226s | Train Loss: 0.101249 |
2020-08-17 02:58:13,948 - root - INFO - | Epoch: 478/500 | Train Time: 1.209s | Train Loss: 0.105441 |
2020-08-17 02:58:15,158 - root - INFO - | Epoch: 479/500 | Train Time: 1.209s | Train Loss: 0.093857 |
2020-08-17 02:58:16,365 - root - INFO - | Epoch: 480/500 | Train Time: 1.207s | Train Loss: 0.108389 |
2020-08-17 02:58:17,575 - root - INFO - | Epoch: 481/500 | Train Time: 1.210s | Train Loss: 0.098808 |
2020-08-17 02:58:18,766 - root - INFO - | Epoch: 482/500 | Train Time: 1.191s | Train Loss: 0.100539 |
2020-08-17 02:58:19,959 - root - INFO - | Epoch: 483/500 | Train Time: 1.192s | Train Loss: 0.097299 |
2020-08-17 02:58:21,181 - root - INFO - | Epoch: 484/500 | Train Time: 1.222s | Train Loss: 0.098989 |
2020-08-17 02:58:22,392 - root - INFO - | Epoch: 485/500 | Train Time: 1.211s | Train Loss: 0.103796 |
2020-08-17 02:58:23,662 - root - INFO - | Epoch: 486/500 | Train Time: 1.270s | Train Loss: 0.103474 |
2020-08-17 02:58:24,920 - root - INFO - | Epoch: 487/500 | Train Time: 1.258s | Train Loss: 0.106373 |
2020-08-17 02:58:26,154 - root - INFO - | Epoch: 488/500 | Train Time: 1.233s | Train Loss: 0.102704 |
2020-08-17 02:58:27,390 - root - INFO - | Epoch: 489/500 | Train Time: 1.236s | Train Loss: 0.092480 |
2020-08-17 02:58:28,646 - root - INFO - | Epoch: 490/500 | Train Time: 1.256s | Train Loss: 0.104008 |
2020-08-17 02:58:29,899 - root - INFO - | Epoch: 491/500 | Train Time: 1.253s | Train Loss: 0.102759 |
2020-08-17 02:58:31,153 - root - INFO - | Epoch: 492/500 | Train Time: 1.254s | Train Loss: 0.101738 |
2020-08-17 02:58:32,379 - root - INFO - | Epoch: 493/500 | Train Time: 1.226s | Train Loss: 0.097968 |
2020-08-17 02:58:33,611 - root - INFO - | Epoch: 494/500 | Train Time: 1.231s | Train Loss: 0.095993 |
2020-08-17 02:58:34,830 - root - INFO - | Epoch: 495/500 | Train Time: 1.219s | Train Loss: 0.102843 |
2020-08-17 02:58:36,044 - root - INFO - | Epoch: 496/500 | Train Time: 1.213s | Train Loss: 0.101569 |
2020-08-17 02:58:37,115 - root - INFO - | Epoch: 497/500 | Train Time: 1.071s | Train Loss: 0.104442 |
2020-08-17 02:58:38,336 - root - INFO - | Epoch: 498/500 | Train Time: 1.221s | Train Loss: 0.098060 |
2020-08-17 02:58:39,555 - root - INFO - | Epoch: 499/500 | Train Time: 1.219s | Train Loss: 0.102542 |
2020-08-17 02:58:40,779 - root - INFO - | Epoch: 500/500 | Train Time: 1.223s | Train Loss: 0.101994 |
2020-08-17 02:58:40,779 - root - INFO - Training Time: 543.359s
2020-08-17 02:58:40,779 - root - INFO - Finished training.
2020-08-17 02:58:40,779 - root - INFO - Starting testing...
2020-08-17 02:58:40,907 - root - INFO - Test Loss: 0.850875
2020-08-17 02:58:40,907 - root - INFO - Test AUC: 99.24%
2020-08-17 02:58:40,907 - root - INFO - Test Time: 0.123s
2020-08-17 02:58:40,907 - root - INFO - Finished testing.
2020-08-17 02:58:41,051 - root - INFO - Starting testing...
2020-08-17 02:58:41,240 - root - INFO - Test Loss: 0.850875
2020-08-17 02:58:41,240 - root - INFO - Test AUC: 99.24%
2020-08-17 02:58:41,240 - root - INFO - Test Time: 0.185s
2020-08-17 02:58:41,240 - root - INFO - Finished testing.
