2020-08-10 07:53:09,880 - root - INFO - I am pre-training for you.
2020-08-10 07:53:11,860 - root - INFO - | Epoch: 001/100 | Train Time: 0.155s | Train Loss: 0.094259 |
2020-08-10 07:53:12,012 - root - INFO - | Epoch: 002/100 | Train Time: 0.152s | Train Loss: 0.037077 |
2020-08-10 07:53:12,143 - root - INFO - | Epoch: 003/100 | Train Time: 0.131s | Train Loss: 0.018837 |
2020-08-10 07:53:12,258 - root - INFO - | Epoch: 004/100 | Train Time: 0.115s | Train Loss: 0.017913 |
2020-08-10 07:53:12,397 - root - INFO - | Epoch: 005/100 | Train Time: 0.139s | Train Loss: 0.017646 |
2020-08-10 07:53:12,551 - root - INFO - | Epoch: 006/100 | Train Time: 0.154s | Train Loss: 0.017378 |
2020-08-10 07:53:12,705 - root - INFO - | Epoch: 007/100 | Train Time: 0.153s | Train Loss: 0.017133 |
2020-08-10 07:53:12,857 - root - INFO - | Epoch: 008/100 | Train Time: 0.152s | Train Loss: 0.016862 |
2020-08-10 07:53:13,006 - root - INFO - | Epoch: 009/100 | Train Time: 0.149s | Train Loss: 0.016665 |
2020-08-10 07:53:13,158 - root - INFO - | Epoch: 010/100 | Train Time: 0.152s | Train Loss: 0.016483 |
2020-08-10 07:53:13,312 - root - INFO - | Epoch: 011/100 | Train Time: 0.155s | Train Loss: 0.016227 |
2020-08-10 07:53:13,461 - root - INFO - | Epoch: 012/100 | Train Time: 0.149s | Train Loss: 0.016042 |
2020-08-10 07:53:13,611 - root - INFO - | Epoch: 013/100 | Train Time: 0.149s | Train Loss: 0.015824 |
2020-08-10 07:53:13,759 - root - INFO - | Epoch: 014/100 | Train Time: 0.148s | Train Loss: 0.015643 |
2020-08-10 07:53:13,908 - root - INFO - | Epoch: 015/100 | Train Time: 0.149s | Train Loss: 0.015400 |
2020-08-10 07:53:14,057 - root - INFO - | Epoch: 016/100 | Train Time: 0.149s | Train Loss: 0.015177 |
2020-08-10 07:53:14,211 - root - INFO - | Epoch: 017/100 | Train Time: 0.153s | Train Loss: 0.014938 |
2020-08-10 07:53:14,366 - root - INFO - | Epoch: 018/100 | Train Time: 0.155s | Train Loss: 0.014711 |
2020-08-10 07:53:14,511 - root - INFO - | Epoch: 019/100 | Train Time: 0.145s | Train Loss: 0.014438 |
2020-08-10 07:53:14,661 - root - INFO - | Epoch: 020/100 | Train Time: 0.150s | Train Loss: 0.014186 |
2020-08-10 07:53:14,813 - root - INFO - | Epoch: 021/100 | Train Time: 0.152s | Train Loss: 0.013893 |
2020-08-10 07:53:14,966 - root - INFO - | Epoch: 022/100 | Train Time: 0.153s | Train Loss: 0.013587 |
2020-08-10 07:53:15,120 - root - INFO - | Epoch: 023/100 | Train Time: 0.153s | Train Loss: 0.013301 |
2020-08-10 07:53:15,272 - root - INFO - | Epoch: 024/100 | Train Time: 0.152s | Train Loss: 0.013020 |
2020-08-10 07:53:15,423 - root - INFO - | Epoch: 025/100 | Train Time: 0.151s | Train Loss: 0.012738 |
2020-08-10 07:53:15,574 - root - INFO - | Epoch: 026/100 | Train Time: 0.151s | Train Loss: 0.012442 |
2020-08-10 07:53:15,726 - root - INFO - | Epoch: 027/100 | Train Time: 0.152s | Train Loss: 0.012133 |
2020-08-10 07:53:15,878 - root - INFO - | Epoch: 028/100 | Train Time: 0.152s | Train Loss: 0.011895 |
2020-08-10 07:53:16,029 - root - INFO - | Epoch: 029/100 | Train Time: 0.150s | Train Loss: 0.011662 |
2020-08-10 07:53:16,180 - root - INFO - | Epoch: 030/100 | Train Time: 0.151s | Train Loss: 0.011456 |
2020-08-10 07:53:16,331 - root - INFO - | Epoch: 031/100 | Train Time: 0.151s | Train Loss: 0.011299 |
2020-08-10 07:53:16,483 - root - INFO - | Epoch: 032/100 | Train Time: 0.152s | Train Loss: 0.011113 |
2020-08-10 07:53:16,613 - root - INFO - | Epoch: 033/100 | Train Time: 0.130s | Train Loss: 0.010997 |
2020-08-10 07:53:16,728 - root - INFO - | Epoch: 034/100 | Train Time: 0.115s | Train Loss: 0.010876 |
2020-08-10 07:53:16,843 - root - INFO - | Epoch: 035/100 | Train Time: 0.115s | Train Loss: 0.010826 |
2020-08-10 07:53:16,958 - root - INFO - | Epoch: 036/100 | Train Time: 0.115s | Train Loss: 0.010752 |
2020-08-10 07:53:17,073 - root - INFO - | Epoch: 037/100 | Train Time: 0.115s | Train Loss: 0.010700 |
2020-08-10 07:53:17,188 - root - INFO - | Epoch: 038/100 | Train Time: 0.115s | Train Loss: 0.010639 |
2020-08-10 07:53:17,303 - root - INFO - | Epoch: 039/100 | Train Time: 0.115s | Train Loss: 0.010624 |
2020-08-10 07:53:17,418 - root - INFO - | Epoch: 040/100 | Train Time: 0.115s | Train Loss: 0.010604 |
2020-08-10 07:53:17,533 - root - INFO - | Epoch: 041/100 | Train Time: 0.115s | Train Loss: 0.010581 |
2020-08-10 07:53:17,646 - root - INFO - | Epoch: 042/100 | Train Time: 0.113s | Train Loss: 0.010533 |
2020-08-10 07:53:17,759 - root - INFO - | Epoch: 043/100 | Train Time: 0.113s | Train Loss: 0.010521 |
2020-08-10 07:53:17,872 - root - INFO - | Epoch: 044/100 | Train Time: 0.113s | Train Loss: 0.010463 |
2020-08-10 07:53:17,985 - root - INFO - | Epoch: 045/100 | Train Time: 0.113s | Train Loss: 0.010406 |
2020-08-10 07:53:18,098 - root - INFO - | Epoch: 046/100 | Train Time: 0.113s | Train Loss: 0.010378 |
2020-08-10 07:53:18,211 - root - INFO - | Epoch: 047/100 | Train Time: 0.113s | Train Loss: 0.010319 |
2020-08-10 07:53:18,324 - root - INFO - | Epoch: 048/100 | Train Time: 0.113s | Train Loss: 0.010257 |
2020-08-10 07:53:18,436 - root - INFO - | Epoch: 049/100 | Train Time: 0.112s | Train Loss: 0.010173 |
2020-08-10 07:53:18,549 - root - INFO - | Epoch: 050/100 | Train Time: 0.113s | Train Loss: 0.010156 |
2020-08-10 07:53:18,550 - root - INFO -   LR scheduler: new learning rate is 0.0001
2020-08-10 07:53:18,662 - root - INFO - | Epoch: 051/100 | Train Time: 0.113s | Train Loss: 0.010144 |
2020-08-10 07:53:18,775 - root - INFO - | Epoch: 052/100 | Train Time: 0.113s | Train Loss: 0.010117 |
2020-08-10 07:53:18,888 - root - INFO - | Epoch: 053/100 | Train Time: 0.113s | Train Loss: 0.010104 |
2020-08-10 07:53:19,001 - root - INFO - | Epoch: 054/100 | Train Time: 0.113s | Train Loss: 0.010131 |
2020-08-10 07:53:19,114 - root - INFO - | Epoch: 055/100 | Train Time: 0.113s | Train Loss: 0.010078 |
2020-08-10 07:53:19,227 - root - INFO - | Epoch: 056/100 | Train Time: 0.113s | Train Loss: 0.010068 |
2020-08-10 07:53:19,340 - root - INFO - | Epoch: 057/100 | Train Time: 0.113s | Train Loss: 0.010067 |
2020-08-10 07:53:19,452 - root - INFO - | Epoch: 058/100 | Train Time: 0.112s | Train Loss: 0.010052 |
2020-08-10 07:53:19,566 - root - INFO - | Epoch: 059/100 | Train Time: 0.113s | Train Loss: 0.010045 |
2020-08-10 07:53:19,679 - root - INFO - | Epoch: 060/100 | Train Time: 0.113s | Train Loss: 0.010034 |
2020-08-10 07:53:19,792 - root - INFO - | Epoch: 061/100 | Train Time: 0.113s | Train Loss: 0.010011 |
2020-08-10 07:53:19,905 - root - INFO - | Epoch: 062/100 | Train Time: 0.113s | Train Loss: 0.009976 |
2020-08-10 07:53:20,018 - root - INFO - | Epoch: 063/100 | Train Time: 0.113s | Train Loss: 0.009977 |
2020-08-10 07:53:20,132 - root - INFO - | Epoch: 064/100 | Train Time: 0.113s | Train Loss: 0.009979 |
2020-08-10 07:53:20,245 - root - INFO - | Epoch: 065/100 | Train Time: 0.113s | Train Loss: 0.009969 |
2020-08-10 07:53:20,358 - root - INFO - | Epoch: 066/100 | Train Time: 0.113s | Train Loss: 0.009946 |
2020-08-10 07:53:20,471 - root - INFO - | Epoch: 067/100 | Train Time: 0.113s | Train Loss: 0.009941 |
2020-08-10 07:53:20,585 - root - INFO - | Epoch: 068/100 | Train Time: 0.113s | Train Loss: 0.009930 |
2020-08-10 07:53:20,697 - root - INFO - | Epoch: 069/100 | Train Time: 0.113s | Train Loss: 0.009870 |
2020-08-10 07:53:20,811 - root - INFO - | Epoch: 070/100 | Train Time: 0.113s | Train Loss: 0.009893 |
2020-08-10 07:53:20,924 - root - INFO - | Epoch: 071/100 | Train Time: 0.113s | Train Loss: 0.009871 |
2020-08-10 07:53:21,037 - root - INFO - | Epoch: 072/100 | Train Time: 0.113s | Train Loss: 0.009849 |
2020-08-10 07:53:21,150 - root - INFO - | Epoch: 073/100 | Train Time: 0.113s | Train Loss: 0.009831 |
2020-08-10 07:53:21,263 - root - INFO - | Epoch: 074/100 | Train Time: 0.113s | Train Loss: 0.009776 |
2020-08-10 07:53:21,376 - root - INFO - | Epoch: 075/100 | Train Time: 0.113s | Train Loss: 0.009789 |
2020-08-10 07:53:21,489 - root - INFO - | Epoch: 076/100 | Train Time: 0.113s | Train Loss: 0.009734 |
2020-08-10 07:53:21,602 - root - INFO - | Epoch: 077/100 | Train Time: 0.113s | Train Loss: 0.009746 |
2020-08-10 07:53:21,715 - root - INFO - | Epoch: 078/100 | Train Time: 0.113s | Train Loss: 0.009722 |
2020-08-10 07:53:21,828 - root - INFO - | Epoch: 079/100 | Train Time: 0.113s | Train Loss: 0.009708 |
2020-08-10 07:53:21,941 - root - INFO - | Epoch: 080/100 | Train Time: 0.113s | Train Loss: 0.009651 |
2020-08-10 07:53:22,054 - root - INFO - | Epoch: 081/100 | Train Time: 0.113s | Train Loss: 0.009644 |
2020-08-10 07:53:22,167 - root - INFO - | Epoch: 082/100 | Train Time: 0.113s | Train Loss: 0.009603 |
2020-08-10 07:53:22,280 - root - INFO - | Epoch: 083/100 | Train Time: 0.113s | Train Loss: 0.009567 |
2020-08-10 07:53:22,393 - root - INFO - | Epoch: 084/100 | Train Time: 0.113s | Train Loss: 0.009547 |
2020-08-10 07:53:22,506 - root - INFO - | Epoch: 085/100 | Train Time: 0.113s | Train Loss: 0.009516 |
2020-08-10 07:53:22,619 - root - INFO - | Epoch: 086/100 | Train Time: 0.113s | Train Loss: 0.009490 |
2020-08-10 07:53:22,732 - root - INFO - | Epoch: 087/100 | Train Time: 0.113s | Train Loss: 0.009448 |
2020-08-10 07:53:22,845 - root - INFO - | Epoch: 088/100 | Train Time: 0.113s | Train Loss: 0.009405 |
2020-08-10 07:53:22,958 - root - INFO - | Epoch: 089/100 | Train Time: 0.113s | Train Loss: 0.009392 |
2020-08-10 07:53:23,071 - root - INFO - | Epoch: 090/100 | Train Time: 0.112s | Train Loss: 0.009347 |
2020-08-10 07:53:23,184 - root - INFO - | Epoch: 091/100 | Train Time: 0.113s | Train Loss: 0.009306 |
2020-08-10 07:53:23,296 - root - INFO - | Epoch: 092/100 | Train Time: 0.113s | Train Loss: 0.009268 |
2020-08-10 07:53:23,409 - root - INFO - | Epoch: 093/100 | Train Time: 0.113s | Train Loss: 0.009227 |
2020-08-10 07:53:23,522 - root - INFO - | Epoch: 094/100 | Train Time: 0.113s | Train Loss: 0.009173 |
2020-08-10 07:53:23,635 - root - INFO - | Epoch: 095/100 | Train Time: 0.113s | Train Loss: 0.009118 |
2020-08-10 07:53:23,748 - root - INFO - | Epoch: 096/100 | Train Time: 0.113s | Train Loss: 0.009093 |
2020-08-10 07:53:23,861 - root - INFO - | Epoch: 097/100 | Train Time: 0.113s | Train Loss: 0.009043 |
2020-08-10 07:53:23,974 - root - INFO - | Epoch: 098/100 | Train Time: 0.112s | Train Loss: 0.009008 |
2020-08-10 07:53:24,087 - root - INFO - | Epoch: 099/100 | Train Time: 0.113s | Train Loss: 0.008946 |
2020-08-10 07:53:24,200 - root - INFO - | Epoch: 100/100 | Train Time: 0.113s | Train Loss: 0.008897 |
2020-08-10 07:53:24,200 - root - INFO - Pretraining Time: 12.496s
2020-08-10 07:53:24,200 - root - INFO - Finished pretraining.
2020-08-10 07:53:24,200 - root - INFO - Testing autoencoder...
2020-08-10 07:53:24,215 - root - INFO - Test Loss: 0.008267
2020-08-10 07:53:24,215 - root - INFO - Test Time: 0.014s
2020-08-10 07:53:24,215 - root - INFO - Finished testing autoencoder.
2020-08-10 07:53:24,217 - root - INFO - Hey I am loading net for you!
2020-08-10 07:53:24,217 - root - INFO - Setting hyper-parameters!
2020-08-10 07:53:24,218 - root - INFO - Initializing center c...
2020-08-10 07:53:24,258 - root - INFO - Center c initialized.
2020-08-10 07:53:24,258 - root - INFO - Starting training...
2020-08-10 07:53:24,371 - root - INFO - | Epoch: 001/100 | Train Time: 0.113s | Train Loss: 80.866682 |
2020-08-10 07:53:24,503 - root - INFO - | Epoch: 002/100 | Train Time: 0.131s | Train Loss: 65.972389 |
2020-08-10 07:53:24,640 - root - INFO - | Epoch: 003/100 | Train Time: 0.138s | Train Loss: 62.810376 |
2020-08-10 07:53:24,778 - root - INFO - | Epoch: 004/100 | Train Time: 0.138s | Train Loss: 63.008679 |
2020-08-10 07:53:24,916 - root - INFO - | Epoch: 005/100 | Train Time: 0.138s | Train Loss: 62.259567 |
2020-08-10 07:53:25,054 - root - INFO - | Epoch: 006/100 | Train Time: 0.138s | Train Loss: 61.649161 |
2020-08-10 07:53:25,191 - root - INFO - | Epoch: 007/100 | Train Time: 0.137s | Train Loss: 60.989855 |
2020-08-10 07:53:25,330 - root - INFO - | Epoch: 008/100 | Train Time: 0.139s | Train Loss: 64.163512 |
2020-08-10 07:53:25,471 - root - INFO - | Epoch: 009/100 | Train Time: 0.141s | Train Loss: 61.758742 |
2020-08-10 07:53:25,608 - root - INFO - | Epoch: 010/100 | Train Time: 0.137s | Train Loss: 60.342975 |
2020-08-10 07:53:25,745 - root - INFO - | Epoch: 011/100 | Train Time: 0.137s | Train Loss: 61.467944 |
2020-08-10 07:53:25,888 - root - INFO - | Epoch: 012/100 | Train Time: 0.143s | Train Loss: 60.420015 |
2020-08-10 07:53:26,028 - root - INFO - | Epoch: 013/100 | Train Time: 0.139s | Train Loss: 60.763651 |
2020-08-10 07:53:26,165 - root - INFO - | Epoch: 014/100 | Train Time: 0.137s | Train Loss: 61.486416 |
2020-08-10 07:53:26,302 - root - INFO - | Epoch: 015/100 | Train Time: 0.137s | Train Loss: 62.418187 |
2020-08-10 07:53:26,446 - root - INFO - | Epoch: 016/100 | Train Time: 0.144s | Train Loss: 62.759959 |
2020-08-10 07:53:26,557 - root - INFO - | Epoch: 017/100 | Train Time: 0.111s | Train Loss: 61.637153 |
2020-08-10 07:53:26,657 - root - INFO - | Epoch: 018/100 | Train Time: 0.101s | Train Loss: 60.975886 |
2020-08-10 07:53:26,758 - root - INFO - | Epoch: 019/100 | Train Time: 0.101s | Train Loss: 60.858157 |
2020-08-10 07:53:26,859 - root - INFO - | Epoch: 020/100 | Train Time: 0.101s | Train Loss: 61.962193 |
2020-08-10 07:53:26,998 - root - INFO - | Epoch: 021/100 | Train Time: 0.139s | Train Loss: 60.228309 |
2020-08-10 07:53:27,135 - root - INFO - | Epoch: 022/100 | Train Time: 0.136s | Train Loss: 59.672620 |
2020-08-10 07:53:27,269 - root - INFO - | Epoch: 023/100 | Train Time: 0.134s | Train Loss: 63.633704 |
2020-08-10 07:53:27,412 - root - INFO - | Epoch: 024/100 | Train Time: 0.143s | Train Loss: 60.983008 |
2020-08-10 07:53:27,546 - root - INFO - | Epoch: 025/100 | Train Time: 0.134s | Train Loss: 61.644263 |
2020-08-10 07:53:27,684 - root - INFO - | Epoch: 026/100 | Train Time: 0.137s | Train Loss: 60.127305 |
2020-08-10 07:53:27,819 - root - INFO - | Epoch: 027/100 | Train Time: 0.136s | Train Loss: 60.122317 |
2020-08-10 07:53:27,962 - root - INFO - | Epoch: 028/100 | Train Time: 0.142s | Train Loss: 63.429157 |
2020-08-10 07:53:28,097 - root - INFO - | Epoch: 029/100 | Train Time: 0.135s | Train Loss: 58.165091 |
2020-08-10 07:53:28,234 - root - INFO - | Epoch: 030/100 | Train Time: 0.136s | Train Loss: 60.028070 |
2020-08-10 07:53:28,370 - root - INFO - | Epoch: 031/100 | Train Time: 0.137s | Train Loss: 59.941766 |
2020-08-10 07:53:28,512 - root - INFO - | Epoch: 032/100 | Train Time: 0.141s | Train Loss: 59.266961 |
2020-08-10 07:53:28,649 - root - INFO - | Epoch: 033/100 | Train Time: 0.137s | Train Loss: 58.766959 |
2020-08-10 07:53:28,784 - root - INFO - | Epoch: 034/100 | Train Time: 0.135s | Train Loss: 58.799651 |
2020-08-10 07:53:28,927 - root - INFO - | Epoch: 035/100 | Train Time: 0.143s | Train Loss: 60.603942 |
2020-08-10 07:53:29,064 - root - INFO - | Epoch: 036/100 | Train Time: 0.137s | Train Loss: 60.511280 |
2020-08-10 07:53:29,231 - root - INFO - | Epoch: 037/100 | Train Time: 0.166s | Train Loss: 58.269449 |
2020-08-10 07:53:29,353 - root - INFO - | Epoch: 038/100 | Train Time: 0.122s | Train Loss: 67.082528 |
2020-08-10 07:53:29,450 - root - INFO - | Epoch: 039/100 | Train Time: 0.096s | Train Loss: 75.214556 |
2020-08-10 07:53:29,547 - root - INFO - | Epoch: 040/100 | Train Time: 0.096s | Train Loss: 51.090421 |
2020-08-10 07:53:29,644 - root - INFO - | Epoch: 041/100 | Train Time: 0.097s | Train Loss: 49.756578 |
2020-08-10 07:53:29,742 - root - INFO - | Epoch: 042/100 | Train Time: 0.098s | Train Loss: 49.085627 |
2020-08-10 07:53:29,839 - root - INFO - | Epoch: 043/100 | Train Time: 0.097s | Train Loss: 48.789290 |
2020-08-10 07:53:29,936 - root - INFO - | Epoch: 044/100 | Train Time: 0.097s | Train Loss: 48.575193 |
2020-08-10 07:53:30,034 - root - INFO - | Epoch: 045/100 | Train Time: 0.098s | Train Loss: 48.963717 |
2020-08-10 07:53:30,131 - root - INFO - | Epoch: 046/100 | Train Time: 0.097s | Train Loss: 47.395536 |
2020-08-10 07:53:30,228 - root - INFO - | Epoch: 047/100 | Train Time: 0.097s | Train Loss: 46.932773 |
2020-08-10 07:53:30,325 - root - INFO - | Epoch: 048/100 | Train Time: 0.097s | Train Loss: 46.260369 |
2020-08-10 07:53:30,458 - root - INFO - | Epoch: 049/100 | Train Time: 0.132s | Train Loss: 45.000208 |
2020-08-10 07:53:30,603 - root - INFO - | Epoch: 050/100 | Train Time: 0.144s | Train Loss: 43.955203 |
2020-08-10 07:53:30,603 - root - INFO -   LR scheduler: new learning rate is 1e-06
2020-08-10 07:53:30,749 - root - INFO - | Epoch: 051/100 | Train Time: 0.147s | Train Loss: 42.911895 |
2020-08-10 07:53:30,895 - root - INFO - | Epoch: 052/100 | Train Time: 0.145s | Train Loss: 42.059320 |
2020-08-10 07:53:31,072 - root - INFO - | Epoch: 053/100 | Train Time: 0.176s | Train Loss: 43.051473 |
2020-08-10 07:53:31,227 - root - INFO - | Epoch: 054/100 | Train Time: 0.155s | Train Loss: 42.630144 |
2020-08-10 07:53:31,363 - root - INFO - | Epoch: 055/100 | Train Time: 0.136s | Train Loss: 42.265224 |
2020-08-10 07:53:31,504 - root - INFO - | Epoch: 056/100 | Train Time: 0.141s | Train Loss: 42.188075 |
2020-08-10 07:53:31,645 - root - INFO - | Epoch: 057/100 | Train Time: 0.141s | Train Loss: 42.686784 |
2020-08-10 07:53:31,784 - root - INFO - | Epoch: 058/100 | Train Time: 0.139s | Train Loss: 42.564293 |
2020-08-10 07:53:31,933 - root - INFO - | Epoch: 059/100 | Train Time: 0.149s | Train Loss: 42.515238 |
2020-08-10 07:53:32,079 - root - INFO - | Epoch: 060/100 | Train Time: 0.146s | Train Loss: 42.287411 |
2020-08-10 07:53:32,221 - root - INFO - | Epoch: 061/100 | Train Time: 0.142s | Train Loss: 41.406298 |
2020-08-10 07:53:32,323 - root - INFO - | Epoch: 062/100 | Train Time: 0.101s | Train Loss: 42.203390 |
2020-08-10 07:53:32,424 - root - INFO - | Epoch: 063/100 | Train Time: 0.101s | Train Loss: 41.612355 |
2020-08-10 07:53:32,525 - root - INFO - | Epoch: 064/100 | Train Time: 0.101s | Train Loss: 42.036981 |
2020-08-10 07:53:32,627 - root - INFO - | Epoch: 065/100 | Train Time: 0.102s | Train Loss: 41.991629 |
2020-08-10 07:53:32,728 - root - INFO - | Epoch: 066/100 | Train Time: 0.101s | Train Loss: 41.657198 |
2020-08-10 07:53:32,854 - root - INFO - | Epoch: 067/100 | Train Time: 0.126s | Train Loss: 41.579808 |
2020-08-10 07:53:32,987 - root - INFO - | Epoch: 068/100 | Train Time: 0.132s | Train Loss: 39.996934 |
2020-08-10 07:53:33,121 - root - INFO - | Epoch: 069/100 | Train Time: 0.135s | Train Loss: 40.363709 |
2020-08-10 07:53:33,257 - root - INFO - | Epoch: 070/100 | Train Time: 0.135s | Train Loss: 41.636555 |
2020-08-10 07:53:33,404 - root - INFO - | Epoch: 071/100 | Train Time: 0.147s | Train Loss: 41.371898 |
2020-08-10 07:53:33,552 - root - INFO - | Epoch: 072/100 | Train Time: 0.148s | Train Loss: 41.161837 |
2020-08-10 07:53:33,702 - root - INFO - | Epoch: 073/100 | Train Time: 0.149s | Train Loss: 41.035958 |
2020-08-10 07:53:33,850 - root - INFO - | Epoch: 074/100 | Train Time: 0.148s | Train Loss: 41.242170 |
2020-08-10 07:53:33,999 - root - INFO - | Epoch: 075/100 | Train Time: 0.148s | Train Loss: 41.102444 |
2020-08-10 07:53:34,146 - root - INFO - | Epoch: 076/100 | Train Time: 0.148s | Train Loss: 40.919835 |
2020-08-10 07:53:34,294 - root - INFO - | Epoch: 077/100 | Train Time: 0.148s | Train Loss: 40.820411 |
2020-08-10 07:53:34,442 - root - INFO - | Epoch: 078/100 | Train Time: 0.148s | Train Loss: 40.855893 |
2020-08-10 07:53:34,590 - root - INFO - | Epoch: 079/100 | Train Time: 0.148s | Train Loss: 40.660449 |
2020-08-10 07:53:34,738 - root - INFO - | Epoch: 080/100 | Train Time: 0.148s | Train Loss: 40.598713 |
2020-08-10 07:53:34,885 - root - INFO - | Epoch: 081/100 | Train Time: 0.147s | Train Loss: 40.500233 |
2020-08-10 07:53:35,026 - root - INFO - | Epoch: 082/100 | Train Time: 0.140s | Train Loss: 40.553609 |
2020-08-10 07:53:35,175 - root - INFO - | Epoch: 083/100 | Train Time: 0.149s | Train Loss: 40.354602 |
2020-08-10 07:53:35,324 - root - INFO - | Epoch: 084/100 | Train Time: 0.149s | Train Loss: 40.125634 |
2020-08-10 07:53:35,466 - root - INFO - | Epoch: 085/100 | Train Time: 0.142s | Train Loss: 40.063004 |
2020-08-10 07:53:35,614 - root - INFO - | Epoch: 086/100 | Train Time: 0.148s | Train Loss: 40.116722 |
2020-08-10 07:53:35,763 - root - INFO - | Epoch: 087/100 | Train Time: 0.149s | Train Loss: 40.025736 |
2020-08-10 07:53:35,910 - root - INFO - | Epoch: 088/100 | Train Time: 0.147s | Train Loss: 38.981391 |
2020-08-10 07:53:36,055 - root - INFO - | Epoch: 089/100 | Train Time: 0.146s | Train Loss: 39.851199 |
2020-08-10 07:53:36,203 - root - INFO - | Epoch: 090/100 | Train Time: 0.148s | Train Loss: 39.644665 |
2020-08-10 07:53:36,350 - root - INFO - | Epoch: 091/100 | Train Time: 0.147s | Train Loss: 39.557166 |
2020-08-10 07:53:36,494 - root - INFO - | Epoch: 092/100 | Train Time: 0.144s | Train Loss: 39.657738 |
2020-08-10 07:53:36,643 - root - INFO - | Epoch: 093/100 | Train Time: 0.149s | Train Loss: 39.053105 |
2020-08-10 07:53:36,792 - root - INFO - | Epoch: 094/100 | Train Time: 0.148s | Train Loss: 39.486085 |
2020-08-10 07:53:36,937 - root - INFO - | Epoch: 095/100 | Train Time: 0.145s | Train Loss: 39.358819 |
2020-08-10 07:53:37,085 - root - INFO - | Epoch: 096/100 | Train Time: 0.147s | Train Loss: 39.055947 |
2020-08-10 07:53:37,233 - root - INFO - | Epoch: 097/100 | Train Time: 0.148s | Train Loss: 38.749139 |
2020-08-10 07:53:37,380 - root - INFO - | Epoch: 098/100 | Train Time: 0.147s | Train Loss: 39.109017 |
2020-08-10 07:53:37,520 - root - INFO - | Epoch: 099/100 | Train Time: 0.139s | Train Loss: 38.747946 |
2020-08-10 07:53:37,668 - root - INFO - | Epoch: 100/100 | Train Time: 0.148s | Train Loss: 38.821415 |
2020-08-10 07:53:37,668 - root - INFO - Training Time: 13.411s
2020-08-10 07:53:37,668 - root - INFO - Finished training.
2020-08-10 07:53:37,669 - root - INFO - Starting testing...
2020-08-10 07:53:37,688 - root - INFO - Test Loss: 42.893343
2020-08-10 07:53:37,688 - root - INFO - Test AUC: 57.88%
2020-08-10 07:53:37,688 - root - INFO - Test Time: 0.017s
2020-08-10 07:53:37,688 - root - INFO - Finished testing.
2020-08-10 07:53:37,740 - root - INFO - Starting testing...
2020-08-10 07:53:37,767 - root - INFO - Test Loss: 42.893343
2020-08-10 07:53:37,767 - root - INFO - Test AUC: 57.88%
2020-08-10 07:53:37,767 - root - INFO - Test Time: 0.025s
2020-08-10 07:53:37,767 - root - INFO - Finished testing.
